1194992
3324100
2043740
1795956
345688
1669174
2049716
3411929
2565850
3207374
17805
2191888
1503305
1544197
1486144
3179461
1505605
1366280
1138619
5370042
70770
1602855
1073101
2162709
2248508
2691209
747338
1594797
1912012
1594797
-202646
502060
2801851
263655
645506
1371180
2033032
1467196
3601021
1551063
1261217
2921596
2562607
2921099
1820899
1447731
3683797
1216735
452171
285919
1435537
1226468
5982305
3027147
1177815
796170
15323
-1214812
2938861
4943855
6042617
1451922
3662816
2862805
15323
1099962
30751
1605578
1859844
6732331
2333875
595599
1535656
2743929
1276027
2604907
612615
1359422
182393
6417626
976078
3065552
3799929
531545
1832507
1952924
2054860
2956620
1142835
2025974
2167178
2425298
5423844
4493707
2678191
1422641
4148561
1728543
2997921
5313799
1340841
4784531
2325030
4339860
3138207
2437772
5464955
1614428
6287399
2416775
1435708
1844755
5718698
7478366
7642470
4250875
9879322
9276290
9677180
11793532
4062466
11516846
7255792
8731265
7729180
14233181
13554917
6439194
10175632
11912647
13520230
7478366
11974402
10096169
15059877
5927376
13909076
10937525
6625779
7874271
7454137
11461761
8251144
9117429
15350808
10730556
11258254
9572173
11894722
6323950
5535288
11305386
4396298
10095212
10040770
5943714
7216547
3129717
9667473
9996250
9982721
6224240
7964973
7269597
4418455
3995913
7458329
2875471
2850614
3315107
5070988
2428709
1383194
3643248
3241705
2877383
4125201
3129019
1797186
2113039
5232480
2780262
1090828
4371541
7321162
2766368
1448899
2489081
2882678
3485778
479707
3019022
3833646
6108456
2075269
4230414
3328390
4067881
3008554
5176411
3366833
393694
3508517
2552170
3549113
3892459
2075269
2279687
1384577
2468960
3399615
3529552
7500939
5876945
1533622
4641652
6854519
1728021
5571542
1984042
1350098
1390931
4869164
3563225
1745890
1875652
5568167
9152062
4219570
945619
3019022
2457160
