-347590059
1072956395
1072913409
1071427276
1073290059
1072913409
1033236402
1072372409
1072956395
1073290059
1073290059
1073290059
1072956395
1073290059
1073290059
1058770846
1072956395
1028348222
1071427276
1069886603
1071427276
1073290059
1073290059
1073290059
1055341636
1071427276
1071835251
1073290059
1071427276
1073290059
1072956395
1069886603
1072956395
1072372409
1069823371
1072956395
1073290059
992435088
1072956395
1068712554
1073290059
1070752446
1072956395
1072956395
1071427276
1073290059
1073290059
1072956395
1072913409
1072956395
1069037725
1072956395
1072956395
1073290059
1073290059
1072372409
1069823371
1072913409
1072956395
1069886603
1072956395
1072956395
1069886603
1072956395
1072372409
1072956395
1073290059
1072956395
1072956395
1073290059
1073290059
1073290059
1073290059
1072956395
1072956395
1071427276
1072956395
1071427276
1069037725
1073290059
1072956395
1072956395
1073290059
1073290059
1072372409
1073290059
1073290059
1073290059
1072372409
1065657897
1073290059
1072372409
1073290059
1029921579
1073290059
1073290059
1073290059
1072372409
1072372409
1073290059
