1073046847
1072668741
1072989114
1073046847
1072989114
1073046847
1072938690
1072989114
1071908329
1072938690
1072989114
1072938690
1072938690
1072989114
1072989114
1066744534
1072938690
1073046847
1072989114
1065627090
1072668741
1072989114
1072989114
1072989114
1072668741
1072989114
1070646063
1073046847
1072989114
1070646063
1072528781
1072989114
1072989114
1072989114
1072989114
1066744534
1073046847
1073046847
1072989114
1072989114
1072668741
1072989114
1072668741
1072989114
1070646063
1072528781
1072989114
1072989114
1072989114
1072989114
1072326340
1072464443
1072989114
1072938690
1072668741
1073046847
1071597529
1072989114
1072989114
1070646063
1070646063
1072668741
1072989114
1072989114
1070646063
1072989114
1072989114
1060209407
1071908329
1070646063
1072989114
1072989114
1072668741
1072938690
1072989114
1072668741
1072989114
1072989114
1072989114
1072989114
1072668741
1070789028
1071597529
1072989114
1072989114
1072668741
1072989114
1072528781
1071908329
1073046847
1072989114
1072989114
1063043805
1072989114
1072989114
1072668741
1066429030
1072938690
1072989114
1072668741
