134288
69113
50382
105282
66834
94679
196969
154534
138145
97194
129278
20555
106218
10078
59266
112520
28791
47664
131743
135606
173907
3241
105042
178709
181668
88046
54279
61350
114115
2235
5643
82740
54724
83341
161217
161804
50390
107752
180103
49544
67961
12566
90423
342
90291
120777
134673
120932
120621
58185
32402
75820
16794
120594
91057
98316
49817
81508
182220
135404
162731
169395
105707
72981
94392
136539
195588
150139
5757
182177
118346
200802
37482
55499
22632
80281
194678
57574
170574
70732
164241
65387
58538
25347
4776
90532
102667
200113
148904
52316
185015
115858
192550
104342
42721
153664
155279
135567
11325
24587
