193783
648
957
65945
57929
155
2720
238
728
213
1116
3357
2090
3901
137
547
322
133
402
201
62
12
19
4
3828
57
60
15
29
36
11
20
57
3839
56
80
53
17
233
36
77
35
47
2
11
261
110
47
29
86
7
27
54
4469
72
35
5
16
5
25
33
30
2
5
44
3
80
76
15
33
46
61
40
96
62
25
27
25
56
251
204
13
25
21
103
68
48
34
43
29
68
69
8
66
92
51
7
11
132
44
96
11
5
31
3
26
3
40
39
25
36
40
72
34
1
31
96
26
39
6
4
64
61
25
70
63
15
17
15
