5416844
1140763
111058
54023
1715021
66300
11515
511670
1148931
483696
68731
29171
1010
3863312
73
3076760
1939
3531
44484
21579
4863
12512
7454
2309
561
3925
201
275
7205
55
1086096
7272
2813
6655
2156
1469
6387
15709
1686
1678
7106
317
7294
6501
13056
4637
3990
3210
944
2801
1079927
5596
2905
5486
2819
5474
2323
1029866
3278
1192
1104
1590
494521
7088
2070
2950
6509
1086414
4972
6394
84
2879
1454
3038
2770
1757
7422
11362
619593
211
1137
8439
7533
7608
11206
2771
293568
3066
1194
461034
155
434
3215
4555
4593
2236
3499
2729
7770
5701
2196
372
2100
2985
1230
2924
3450
1533
1303
370
2760
1918
1146
1332
488
7692
5704
518
8545
1928
2296
5605
2960
5247
2167
2075
567
1151
2769
1600
1838
4963
3021
2774
887
6251
976
6326
686
716
208
3356
4317
1905
5954
1203
7612
1862
49
2486
165
4550
3674
7933
158
2670
1936
2591
3077
1174
326
6105
271
969
5235
5369
3040
5235
2292
4365
1865
3011
6
6939
197416
182
246
4544
7629
8490
3142
6164
43
233
5709
1231
380265
2427
2517
606
2226
4872
1685
49
2619
2858
5387
6357
807
1025
214
4095
2656
2275
802
479
521
3887
3014
2633
6304
2884
8179
578
3418
2823
5394
1635
2767
4240
3590
759
172
125
2010
4344
772
2435
3795
603
2117
3386
122
580
592
8188
1707
1563
383
4149
389
81485
7136
1730
8140
816
591
1917
4706
4723
4582
3451
2990
5084
6069
2030
1412
6511
3286
3178
203301
5594
1185
848
3993
5318
5574
256
6188
6043
6435
826
4750
6190
1920
1546
5381
2104
275004
6795
1454
2722
3786
1039
1817
3680
6400
6415
1135
2292
2842
1354
555
3747
7283
6974
2218
6671
3235
34
2340
3010
5242
561
1874
5723
1459
553
1880
2896
5466
1029
1573
7687
614
3874
2132
3196
6401
3442
4154
3955
1817
344
5776
3194
3079
5046
2630
4260
2937
386
5788
1305
2889
433
4411
1744
3816
3012
5404
1333
899
1163
3836
1226
8294
3659
910
8
8163
5216
273
391
8694
1913
1711
1560
2339
2948
3852
1221
3495
2518
1965
2558
1616
6748
380
1753
1721
2931
3979
98
1674
781
4046
1484
5409
2972
5752
7160
4395
5229
2751
63
2702
856
3393
5256
3143
8524
1069
7577
2624
7879
2745
4416
8217
3929
447
241
1810
1914
5991
8561
1539
160
3064
8693
40
83
3526
263
8125
4984
2051
898
2962
1063
3506
1513
753
1905
4578
3526
2227
2271
2854
2879
3860
2210
3423
1647
658
5055
1580
2296
5946
1530
8010
2286
2447
273
691
6977
7978
2298
4465
4410
2698
325
1754
5712
1144
2810
706
5047
2323
7638
3934
9557
1198
1428
6925
2668
7707
1617
3023
3406
3813
410
6909
3423
4889
2681
347
3358
2368
6733
4625
2637
5659
1827
2992
4881
492
1504
2592
3333
8031
2391
1377
2610
2062
3857
965
8564
1274
5982
4621
1599
2039
1584
5403
5199
8101
398
6235
104
156
538
4341
5756
2740
2230
666
5527
308
3625
6881
5721
127
1434
978
6011
2149
3342
207
4905
476
873
1294
558
3350
6853
4692
34
3807
4483
1053
626
5656
8557
2160
4812
2660
1954
2060
2082
1233
4537
5173
4231
4947
7545
3049
3136
4969
3118
258
3789
1818
700
3863
3624
5467
1791
2352
195
1425
6412
352
4318
2996
4645
8473
4529
105056
5935
7219
6504
7181
1262
2788
1899
5671
3340
4561
5410
4346
5657
2
1963
397
3419
1016
4889
5164
174
7702
1790
7031
1117
17
92
3758
1051
390
378
3996
5326
3866
5356
3406
1801
7347
1950
3000
8765
5469
6741
1721
463
2557
1459
301
1241
242
491
1022
1996
2811
597
2828
1156
8806
1769
1808
4116
3090
388
465
1826
294
1714
5381
4078
3831
2063
1077
196
5387
6033
1335
6531
8576
353
7974
2341
4394
2348
2685
3544
2336
465
2297
3160
6867
607
1774
3413
2933
1125
5157
5101
2028
2457
1052
8135
1468
4487
4380
7335
5419
2492
6437
5597
4338
2342
1582
3066
4366
1275
8964
8762
246
2310
6577
2821
4268
6302
6631
3300
334
5467
3320
1396
1153
4551
864
8348
5370
1110
4052
4096
1879
8186
5015
6804
48
1907
4717
4481
2292
6094
1266
1755
488
1034
480
2033
2860
3762
5446
3764
4185
2913
7259
4986
1699
5148
5413
3625
60
4460
4856
626
1693
5200
5540
2704
3026
70423
1175
3975
3091
7475
4444
6272
380
8915
1287
148
2299
1657
1838
2425
5540
2571
3304
1610
1315
5054
3762
5518
3864
1132
5392
1859
1407
3468
6790
3765
3484
534
2953
4819
7639
6553
6149
1602
886
2018
2131
6716
4002
3817
7786
2367
1783
3872
2552
4760
731
2091
7924
4151
3180
4518
978
4439
1965
4263
2278
1087
2283
982
1872
5144
4484
222
2148
6947
455
4319
1293
8407
2774
4706
2269
1320
542
4295
1952
1536
9076
4908
540
1897
6731
1048
1697
2189
3689
4391
198
5356
2585
3856
3000
467
1166
5242
3685
8028
3051
934
736
644
5665
5918
175
1521
355
2111
1077
4382
1055
2940
7895
3607
639
64
2653
2172
981
911
49
4596
3272
7697
6560
6100
3084
2923
4623
157
2220
1238
2353
6506
1816
2957
1657
3880
4045
2984
8275
2834
3612
5156
3905
4429
6679
3973
2933
5404
2033
805
7494
2096
3458
3167
1893
4739
2307
301
5520
71
5365
2283
5509
4518
5187
4312
296
1044
3502
3503
66
134
2542
1650
2509
4466
5890
1607
7314
34
5282
211
3000
4567
3169
4918
3476
704
2095
788
1385
4200
2368
7962
5251
3776
6530
3625
4946
730
1310
841
7334
2180
412
1148
3523
4363
295
6015
2031
710
976
3365
1165
4100
3104
1478
277
1914
5146
5230
2769
5929
5157
387
5125
7606
7270
2117
2179
2037
1881
2121
6074
653
2905
6758
2220
3017
3375
1624
6385
174
6973
2882
2920
4969
1611
2648
1068
820
1942
3399
740
153
3236
3578
1454
387
4451
293
3591
1455
1886
4718
6738
939
2064
5526
4578
1843
3977
6019
247
1305
1224
4157
2321
2506
101
487
145
1826
6413
6325
7058
6118
2230
3099
2278
2412
148
7421
6067
2248
50
1473
1928
2446
4348
3087
5636
1327
2894
9253
1125
2151
5888
4181
1502
2004
2746
267
2729
74
5231
3878
4793
3399
6354
2965
1929
77
25
4016
8577
128
815
1523
647
3723
5099
5837
4670
7240
8695
914
547
1921
2131
1962
2278
4233
1129
2782
3674
2623
1230
856
7696
2100
1543
2113
6415
6119
3710
3731
2219
1321
4036
2946
6767
5487
1938
769
2267
917
2924
5705
3545
1854
5504
6281
1206
1849
350
8337
599
6333
7083
4883
3230
470
5734
1803
590
278
4905
6083
8008
6808
2626
5590
1538
3799
1450
3341
3011
1090
263
7460
455
993
7506
979
3104
1800
6843
6993
2435
180
994
1572
4418
1463
1991
6837
289
9299
5929
2818
1859
4292
1220
322
2231
5986
1806
3856
2587
1573
6866
535
4337
5318
5062
1671
3511
3275
2177
2108
7346
1822
727
5253
5095
633
3723
1644
860
5044
522
7155
6412
1493
2805
1212
3745
2098
21
4075
2694
4074
4639
2449
1581
7409
5544
62
1460
5972
779
1142
1290
776
3907
533
178
5220
5874
619
3972
797
5630
5239
3272
6601
4245
1800
3306
1471
3813
2051
3952
5694
6138
343
2499
1148
5700
227
1226
2647
969
536
4280
2335
7648
2016
2316
5083
1501
2598
6861
4310
3821
4977
287
7461
2349
985
1311
211
1610
6381
3483
2352
530
6098
1842
3470
7354
2661
2954
5139
1055
693
3142
990
2084
1288
618
6192
6127
313
5024
9072
4935
4063
1719
3755
6630
842
2131
8512
1903
2159
3621
3547
1176
2660
380
6224
5498
89
3025
707
3245
2312
482
3337
6203
1446
5834
382
2604
3468
1082
4637
689
1737
8918
1310
1960
1168
1534
7380
3159
1978
1494
1007
1867
5169
3682
4184
7274
2312
930
584
4481
2036
3776
8074
3661
2086
3039
6592
1954
2829
1682
4183
3145
3042
2150
5605
8038
7484
1651
5419
3349
1247
465
933
3120
4408
1867
1818
3963
4579
6189
7210
4949
5820
5034
5357
4972
1139
9751
435
55
213
2312
6767
4504
4309
4862
293
1017
2814
3468
3335
79
4960
32
1604
7501
5642
5567
958
3037
673
5737
1014
4946
2133
54
722
479
3653
4475
4688
6058
774
3439
2591
2570
3263
3355
4360
1269
164
5577
1296
353
2858
4370
1341
869
2359
474
46
7704
3239
665
65
167
1461
3999
1617
56592
2416
4503
4615
5361
8059
5153
7680
1317
2563
5003
4518
1841
2369
791
8326
1400
3380
6017
2603
1077
655
3703
6600
5034
675
1551
5058
2804
1906
4397
2760
4066
4427
7323
6921
6248
244
651
2091
5058
24
394
5277
170
1356
6901
2644
2910
618
2646
2220
3680
4044
4431
4554
4965
3069
4228
52
6771
2494
247
3177
906
1011
6387
2751
1595
1833
1934
2927
1320
2414
1932
8628
853
858
4361
1531
2926
3665
1451
4557
34773
1483
2683
4834
4345
6555
603
6228
1459
3162
1091
3261
4548
696
1388
5047
1784
986
1023
6249
1013
2155
3312
1101
1472
274
197
8623
443
3398
8778
2975
5345
1190
2757
1211
3054
2114
3526
5078
3548
5189
8038
4170
6758
1542
4632
3813
723
1037
303
1047
4970
7527
2085
7148
994
6054
6635
585
95
397
1272
6876
3976
2064
3817
3369
3762
6416
746
2249
2056
2139
9156
1833
1577
3412
3900
4387
6049
1407
2532
3327
4716
2763
384
2450
4177
1294
1884
8714
1015
6734
6962
7370
4029
2278
1216
3401
3500
5094
3483
3139
5236
2154
3649
3862
1702
3991
8876
8672
6573
296
1078
2795
1650
5933
6247
30148
1495
1059
6538
1934
285
1056
560
3397
4790
2621
4961
4799
1230
7381
1589
3791
1348
4051
2764
9178
247
1809
5141
530
2033
881
1386
1819
2671
7325
5461
2136
502
4287
2823
3239
7804
1353
266
1562
4962
3388
5417
3598
2019
2185
5948
834
5608
546
2767
836
5295
2831
483
4762
2921
5719
954
113
2389
526
2188
251
1173
1682
7606
2391
3586
2951
1418
5907
14912
6102
426
5196
1834
5147
5321
2672
611
2233
5182
5450
6602
366
8621
7241
807
2697
5117
2836
3334
9724
3042
5919
4105
334
5794
6917
788
6873
7573
6752
603
4234
547
5704
3803
429
254
5698
365
5699
5368
4962
2669
6333
1208
1946
6822
4152
1045
1526
5017
1411
1562
1889
1043
3611
98
855
1470
3209
4684
1734
4245
2505
3887
3566
6699
7102
4171
4913
4623
4975
1510
5110
3931
3723
4646
638
859
5179
3536
1645
2073
3040
737
7387
417
7712
3947
4334
4390
418
4176
7180
5337
4403
1717
7325
4626
776
5672
745
666
2718
5241
309
743
3806
3
5510
5082
7548
2526
4738
2869
1972
4511
5598
614
7305
7168
1151
3133
2759
1780
4190
8514
286
4323
7376
2791
3122
1252
6408
2191
2096
552
4644
466
6150
706
319
3649
2745
1691
3528
2186
4585
4660
1315
1850
565
1967
786
3898
8150
419
309
1362
1325
1303
323
1174
8692
4620
2023
450
4250
289
8652
809
6284
934
3414
807
7938
506
4240
665
3372
1552
3662
995
3534
76
2426
6533
785
4251
6305
440
7288
3504
604
5382
648
1475
1920
2775
1690
1850
7431
2803
2495
3129
6859
577
5462
3565
1746
1561
6231
2115
82
743
602
5745
458
819
406
4539
3556
426
6084
3461
5062
65
2577
9330
562
4101
1810
5446
2633
3152
4612
1390
2811
6012
3601
747
1986
1307
1607
286
2861
1258
1853
740
8549
2149
1341
2777
6229
8151
175
305
1771
7476
5694
1798
3336
551
8347
3556
848
1412
1687
7759
900
2826
2358
4326
3888
3915
5637
7243
4591
7592
5714
2270
662
5867
5858
4033
5840
663
2911
7569
4888
6068
264
573
3085
69585
2666
1846
5630
7892
2373
954
3209
5129
4631
532
5608
3589
2900
4285
4760
6955
3725
841
322
1723
2123
7364
6552
653
5418
5905
108
5814
1528
6831
5159
6655
3729
5542
394
978
6100
5534
5915
531
1067
3029
4598
3592
3709
7712
4153
3513
1869
2276
924
1860
5883
2598
6862
3811
8910
379
2037
4116
5654
1973
2855
131
2189
25
6800
294
3449
4267
914
4915
9126
3170
4480
887
1649
5200
2813
5150
478
4069
540
1590
850
4034
8257
8287
1688
2128
47
4816
7998
2117
4803
2343
6792
1624
4791
1194
6305
2057
3269
3308
7144
6501
2684
2115
443
2595
7292
6235
2009
8491
2352
3752
2696
2437
5954
3375
1143
6570
2180
5419
4406
261
2049
6212
2807
2927
1878
679
164
4732
7906
2428
857
214
1342
2092
2905
5237
3809
896
6677
1025
7063
4497
5541
3940
4335
799
480
7784
1808
3373
625
189
2289
485
115
961
1592
3908
3920
3421
665
3745
6541
6957
3460
2389
3011
4466
4317
5400
1257
3079
7731
1757
8558
2028
5056
1373
2443
137
1577
314
3823
1851
5312
1296
502
1753
4146
557
2014
2046
2357
3140
558
2629
3484
4167
3734
3996
2769
6497
1346
4192
3449
5863
4485
5457
336
49
6026
2293
131
5866
6821
3234
4878
9538
4840
563
5638
2854
744
928
3637
1385
3445
65
3065
209
3234
6526
3907
3423
8739
3455
3958
5070
1704
6227
4811
1477
4458
7155
4345
679
3329
5188
274
745
469
163
4214
1180
3456
1827
2161
740
418
557
7986
4232
4044
103
1001
358
3919
3730
3762
1593
97
3920
3250
4252
616
3015
52
899
4153
1231
3282
5120
419
4642
838
5161
6254
128
220
2577
4173
5673
5417
994
5862
1876
2846
4362
7757
2140
3144
606
2212
400
4825
1140
9292
7255
5997
951
4827
2806
5649
3410
4031
8216
2128
3262
1027
5648
1504
5041
3691
170
841
5524
943
1975
1675
4898
3356
7439
5659
111
645
3632
6250
3587
77
7273
4822
6976
7177
2989
527
55
873
2901
675
1682
5122
3387
1390
1077
1470
1880
134
42
2066
1127
908
6627
1225
3417
6995
1863
2815
5638
131
5169
6515
5118
1760
3741
6140
5263
3131
3203
1198
3230
2544
1106
69299
7914
2323
1663
3596
577
2381
1903
4615
1627
4891
3640
2665
4117
6019
657
1265
362
6147
3088
5120
4805
6538
2567
4786
1764
6403
6826
431
2625
5024
743
2276
4104
4471
2564
6384
2713
2807
2091
4126
6230
5544
1434
3780
2540
5459
146
4896
3648
2323
1211
5933
6103
3825
6025
1293
2766
3711
728
288
1612
2408
5753
1844
557
2089
6159
7587
2744
4227
835
2360
3151
544
4525
2030
7315
1931
4927
211
4853
2408
1544
421
3680
6229
122
3347
4422
2339
7140
2275
5513
7384
1490
291
1235
4318
7967
1313
5824
598
2448
261
1670
3989
4528
4735
5729
4934
2924
3218
246
1611
3286
2993
1102
6076
4065
6040
4592
3944
2354
8184
57
5893
4717
3282
6594
6848
7719
9247
718
3620
3903
4057
4762
332
2693
2254
6450
5339
1438
535
1446
3663
223
2952
1711
4013
14
3070
6014
492
3442
4609
554
2876
2847
103
1476
934
108
5419
591
1269
1912
5661
4825
1462
2487
2037
5004
5285
6617
6708
8714
2615
499
1531
8456
714
1063
2776
6002
4022
1566
7927
2976
2247
3587
8825
1980
5437
1475
7210
4736
1264
3122
249
1921
4606
5503
2252
4858
6940
141
1292
2318
635
1302
4830
710
2161
4028
133
1792
6772
1012
3290
1978
4688
179
2936
7083
6492
1262
464
3994
2336
5003
232
3209
275
168
775
1709
6749
2397
3736
7684
2724
1370
4806
2982
3857
461
3067
384
8338
1501
3470
4099
7275
4962
4584
476
2356
1372
3726
1087
716
3300
7679
1421
4989
3839
3325
5515
6191
4702
4116
289
3817
1867
1318
391
6533
3829
3284
4816
1336
5
5498
7235
176
6067
4939
3169
71
912
360
2605
3942
6133
4708
749
5087
847
403
7331
2481
1439
268
2937
4251
1204
2369
1393
6776
3717
4451
3471
3783
3228
6803
2460
345
537
1762
818
1578
741
267
710
5001
2485
7782
7057
456
3120
4493
865
490
4057
1994
216
2403
55
3069
5482
986
7773
820
1003
7906
1648
1632
3299
3357
42780
1963
524
545
4560
1885
6464
4001
3278
6362
4918
2747
2285
6187
4215
1466
921
840
3482
7549
984
2972
447
7728
2466
4565
5503
3846
3295
627
6666
2201
6327
2370
1725
106
6004
3706
5112
4555
9
6410
1558
915
4524
3893
1306
1387
1478
138
7185
4137
6121
624
6173
18
1760
758
440
2316
3110
809
5270
2626
2019
9099
758
414
345
2037
4755
5472
5513
6004
999
2555
7611
5537
7909
2713
6056
83
1253
1564
4354
3954
8324
4925
3005
4294
2667
1112
5402
8018
1890
4823
987
6675
6736
2237
7161
3300
4191
5713
5281
4397
7325
3235
1570
5196
2654
2762
5631
3254
4170
3159
170
2026
2040
2215
1850
4309
5286
448
2613
6907
1312
4350
6079
3743
2611
28
5972
1032
8008
5309
1948
3943
4806
45
663
788
3813
3869
1303
4255
3211
4798
1806
5538
6093
1614
3968
2905
4757
1512
3890
6490
521
1759
4453
1129
1062
5889
1553
2750
4801
5568
2517
1756
4900
7452
3019
5023
388
6727
764
2767
2396
173
6847
2546
2321
136
1824
39
2658
97
6039
4167
44
6699
4420
5759
108
2012
3098
1520
5774
2054
4871
711
1374
8297
4219
116
8191
3086
2756
2385
1773
5857
3652
1337
4415
731
3750
8975
3249
3667
1216
8500
7878
4050
3179
1870
1695
5273
5732
6475
293
4133
1123
191
4268
2281
1794
2848
4051
5282
2829
4890
1877
1164
2019
7920
7499
48
276
4963
7272
4233
2073
6020
4276
1954
4139
1507
1546
5278
927
3920
5023
3677
6122
6973
431
8343
313
4636
3274
366
3512
425
8107
1257
3234
486
13
4357
3539
5080
956
2935
2088
3697
2957
5568
7610
1644
1269
3398
607
919
6833
522
228
2411
730
7263
3560
1780
3069
3190
325
1804
5651
2438
2833
7239
608
2438
711
6696
6898
5095
2121
7880
5094
1330
5188
852
1599
4690
3186
6536
2185
1876
4057
3861
2734
1221
3465
3292
6753
3748
7755
4751
4341
3107
1252
484
1094
1965
5621
2996
1134
2642
1710
3516
3044
3860
2856
2066
1245
5660
1934
6040
1736
942
1804
5245
298
3437
1583
2145
2126
405
463
1401
2216
4183
3044
4107
1190
686
5863
2437
5216
2060
6639
4329
4329
8011
2514
3817
4216
3619
8081
4085
1408
5729
1492
620
8564
614
9587
3058
2767
181
5139
2358
4687
2157
639
2778
5631
2832
2167
5388
1022
3770
3856
6153
3108
1067
2907
6699
2136
4041
3374
1104
5632
3864
1459
5702
3276
219
3368
289
5190
314
1743
7857
475
915
4462
423
7852
4812
1949
4248
1385
4067
8798
404
3323
4913
739
5898
3012
5816
6040
4307
5571
6509
416
1626
4572
2229
6256
7920
1592
2674
5471
2123
7260
4363
1487
1479
2320
1807
5113
4461
999
4920
2530
9292
4842
2564
2810
6423
3285
6020
3175
7979
4555
1890
800
363
3368
5268
4304
1422
3787
3857
197
2108
2181
7542
440
214
1714
1946
1138
4189
2468
2720
9
7520
5156
1726
4600
3422
2034
2634
7875
908
1453
1056
2504
3337
4726
2431
3883
221
2202
2655
738
3679
3207
6723
7539
219
530
3236
8167
6479
5332
2299
1846
2961
7786
1663
7450
5153
907
1729
873
1682
4921
2147
1766
1611
2940
3398
3438
2052
5631
351
6009
662
3168
4253
1572
2404
6077
2896
9142
2390
606
8422
3444
404
2084
1403
3233
5900
1955
800
2976
763
2328
1607
3011
628
815
1550
1713
4754
317
3783
3992
3581
6683
2471
1239
564
2886
7490
663
5020
589
6782
1597
527
4690
6068
4533
3458
945
1777
1492
714
2105
2598
2807
2605
597
5995
3973
1349
5848
2932
3068
125
7417
1035
1605
3411
2816
3306
7
2318
8978
6551
3005
162
182
113
2452
9291
3263
5250
4627
6647
1025
793
6260
724
1670
5091
892
3757
1057
7284
5510
5099
4113
2874
2527
5179
198
6508
1678
4303
5262
1146
161
2769
3090
5707
5623
6014
6343
969
4018
6784
4628
3373
8088
4748
6473
813
3454
4265
7692
216
20
2393
954
770
7450
2889
7484
1673
2428
2322
1831
1192
187
3897
727
5826
3309
1794
122
7367
6266
597
1567
4594
3924
5173
1050
9267
7727
7164
4294
1995
4795
3609
21
389
6521
2480
1431
3963
754
7560
4341
7222
5485
8398
4362
2077
1921
1291
2182
6571
6231
3201
2816
939
3401
1946
2151
1518
5445
2282
267
992
6615
2858
83
1220
7171
7100
486
2736
2848
2784
3652
3998
1098
927
3486
5128
8294
1625
927
3351
1416
1872
5677
3560
4669
2399
6737
3680
6791
2948
2844
6560
229
5218
2618
4903
2620
1238
4998
5920
1739
2679
1510
5578
3959
1769
512
1757
6404
4820
1050
2439
1353
6430
192
6523
2632
1942
4760
2647
5915
2045
2801
3372
913
5088
609
2298
3667
154
384
8438
4476
447
2516
650
513
3091
379
324
4176
1176
3421
4787
1611
7724
1174
2887
2680
5587
4495
1612
622
751
1402
7522
6498
2947
6896
371
6368
1928
6233
3259
600
707
8494
6063
4668
3838
1271
7436
3076
4227
120
1028
3440
2336
4045
3014
209
1657
2138
1210
1687
4673
1354
6609
1662
5226
1465
4171
3411
5725
4909
5695
3805
1736
940
1333
8848
1618
873
5851
1154
1310
2631
69
4581
2867
2265
6439
569
972
6736
4589
1931
2525
559
1145
1031
692
4350
2557
2491
2254
5187
6810
4800
943
1474
2589
2415
322
1991
5622
6307
3225
6028
2062
3464
2110
661
4058
6241
3892
1687
6248
3732
3444
4265
4127
5480
2388
2126
533
2713
5536
1386
3130
4123
4563
1738
2044
1004
883
7604
5454
977
1945
723
980
252
2991
5589
4304
4063
6818
3944
1625
5808
5788
4335
3371
2855
8925
2313
2720
1482
521
6747
1620
5233
5104
2390
5924
2637
643
387
3392
2295
6087
1541
2473
1139
6259
8393
3278
1334
6783
4627
6751
2158
2112
3451
6302
3373
965
3581
3543
335
3967
3798
1566
921
2398
117
686
1219
2567
6122
5602
4340
930
638
5675
3780
1154
4104
3050
2049
7794
322
3568
2360
9343
7066
916
1966
2290
8696
438
5105
549
4564
375
6655
7331
2872
1831
5864
1328
825
785
3777
3077
744
1777
543
2147
3148
3833
4227
3064
7089
2592
1485
3814
5215
1844
341
9346
7930
6189
2323
5378
2282
8149
609
243
6040
1356
5157
4947
5627
6107
7608
5769
7232
425
2617
4326
3416
7305
1429
143
3439
284
1385
3072
2827
2833
7191
4607
937
530
2169
71
1930
4891
2910
5508
692
526
3901
2436
4634
5468
6232
3569
6940
143
7081
4798
4762
3587
4130
1558
2611
1645
1567
2506
5267
8312
7068
903
4471
1454
2654
5416
3759
7911
428
1330
1149
781
4442
3092
1705
3064
8856
198
8043
4516
1518
1361
3742
6467
726
1528
3114
1719
6756
6063
3689
6741
974
3539
1574
866
1598
7189
4015
40
2013
3669
1246
2524
6353
4554
7245
4462
2315
2380
881
2080
5462
3199
2342
863
514
503
6707
5187
5836
1038
3529
6695
5084
792
1468
1148
4382
3743
5226
6788
713
5368
1057
2566
2740
2227
1895
5653
4581
447
2614
3435
700
3274
2383
3984
5375
7493
4492
1231
1619
2339
3604
7013
1354
6434
635
6217
5576
1031
1790
2351
1256
1448
4262
1749
572
860
1294
4391
1976
5916
1428
2605
666
7519
3834
1168
83
6467
5474
792
2955
6446
3624
2276
7088
753
3658
974
3980
3453
1416
1554
244
4721
3425
1437
3651
2673
8050
5723
2006
5373
3421
7945
1108
3707
4711
516
2712
6218
1501
2744
571
1850
6059
69
313
1804
4434
1665
2304
6232
215
6520
2010
152
172
31
2517
2535
4350
8865
3325
3716
6231
3912
5734
3411
123
228
1231
126
1741
4192
2458
1798
1015
3910
2581
6301
1372
4435
712
4764
6097
1784
619
4974
3212
954
67
1955
315
6054
772
3789
3316
2367
1257
4179
4781
319
1589
2090
2721
6095
4480
3849
724
2152
3860
378
5763
2451
1898
673
492
135
828
6858
1076
3191
3097
4047
59
1923
36
1004
1019
8086
946
2801
1954
70
2684
1206
5189
2216
5464
7292
2405
4231
2332
34
5702
6133
6592
1098
694
1145
6698
3296
1640
1242
3930
832
1546
4917
1617
7834
2393
1201
8560
2357
4176
597
6958
582
924
2609
825
3266
4544
1072
5456
3544
2445
651
1612
3284
4367
4632
5893
7064
786
2395
5282
2233
606
1320
483
623
2020
3558
2652
2043
1521
2637
1843
1573
1475
759
5517
139
7619
4456
3174
7799
5674
614
2284
1406
794
494
3121
5611
7464
1794
4440
7506
2639
1698
4974
3502
5518
4496
2168
5721
1017
3709
1006
905
407
9482
3519
2119
9240
3034
5756
5015
4265
184
1558
246
2227
2700
1259
3850
2087
414
2719
976
2236
4252
1179
6718
434
1830
2617
3650
3219
2030
566
3591
2805
4435
3860
2385
4207
2071
3719
2484
800
2160
1360
2457
1779
3140
7948
1599
1914
326
1924
3512
3343
435
410
2031
4263
5827
1446
621
3554
911
8502
3930
3580
565
468
2128
2484
3089
134
703
8408
7283
1671
4385
4098
984
133
2163
3326
6301
8363
3955
963
8490
1409
881
7253
4145
5904
591
2334
4265
7898
1861
703
5769
5056
3789
1170
534
668
4535
3809
290
3082
3342
5858
3299
118
5651
286
5067
7139
5641
5660
6376
2951
461
4545
833
1123
9251
1512
5137
3101
5268
5430
5621
696
4652
4555
796
1336
3197
2837
2021
1820
3928
3954
4513
823
3316
3650
3183
1094
3252
167
250
1055
1911
484
1453
1282
5397
1041
611
1238
5639
860
1042
2748
1460
188
2542
1812
1517
5649
4086
2565
4275
2106
303
202
3403
3054
3276
4823
747
7242
4109
1184
2125
4232
340
2343
6932
4044
528
4347
1654
4115
6203
6459
6196
84
2740
1956
1146
4710
1811
821
2582
1103
4111
99
5725
5490
5177
3153
3764
5632
2898
3125
5045
836
21
2529
1280
7745
1759
5706
265
8037
3821
2295
3204
2460
6974
6155
5690
6292
3028
6810
1901
7683
3247
7112
146
4636
1155
1232
6342
1434
280
5525
1775
4072
3849
3523
1412
6386
4361
362
4890
7131
7827
6319
874
1948
1460
1543
4253
5139
2545
1701
206
1878
8349
4764
5407
4312
2144
4176
4161
2496
5715
239
108
3119
2403
5337
1819
5873
8389
7340
8844
333
43
1503
3511
1178
2717
8395
3390
2573
3468
3408
2614
1419
769
6818
6272
8673
1627
4424
6043
2957
5373
4697
9067
315
6345
1421
1853
663
1090
3123
1280
2485
5640
2543
1652
4732
5905
6960
2445
2685
2583
5051
325
1249
1602
976
955
1497
1922
5085
1260
2371
121
5560
2458
6246
473
832
4251
32
854
2060
3224
2626
249
5603
1386
6069
8325
1356
4401
2051
4580
7785
1982
3384
657
7818
528
2342
6951
5380
3655
611
1522
1386
3282
7654
1087
426
4839
4557
804
499
2143
390
14
2025
1878
3801
72
2658
1083
1789
2264
1612
4513
3252
1855
5326
7056
6279
5487
7798
873
2445
937
5960
4457
41
2341
2802
2946
4112
5898
1248
2786
203
3020
6643
290
1420
5664
3796
4694
3286
253
7345
1014
3227
6866
5722
3209
7401
1022
3035
6271
3222
2947
1555
2145
3268
1518
563
1291
946
4234
2864
2607
1338
8238
6287
1007
3553
8611
374
2268
4244
7196
7778
3616
6372
3734
1241
3132
6292
1439
5026
75
346
2992
1251
8305
1575
4658
939
1519
734
6745
4842
5919
2824
5380
209
2072
2851
1686
3029
3020
6248
2150
3928
5270
9
5393
462
2207
94
3574
756
2138
2687
6286
3248
4597
5233
5157
6573
1443
3268
6353
2874
2145
8453
2853
782
8219
5523
1882
4423
1260
2329
4766
1836
4624
3724
1343
2603
1310
2750
3953
125
3505
1899
3991
464
1513
3783
4876
6041
781
7021
5420
1845
1689
3850
1728
1613
501
4018
1180
5112
7829
2340
1994
5072
1167
3768
17
2668
2595
4239
579
3491
5357
4841
6379
9395
2399
508
1654
474
6528
264
3439
7259
3062
3365
6428
1957
5113
719
804
8783
4318
3228
4988
1936
1424
344
7441
1632
593
109
299
2454
3954
317
634
2382
1190
931
5930
71
2996
4488
7463
2580
3306
2584
6333
7221
1150
231
6092
1486
907
8450
497
3400
56
4495
713
5898
1261
3171
4891
503
3773
1131
4917
1262
1013
537
1698
4670
3376
374
871
4492
1578
3025
8166
1040
5655
188
1924
1031
4380
3579
1192
332
1263
3606
2213
95
73
4369
2116
6927
3273
243
8402
3681
1471
4132
271
3518
5746
5233
8872
2324
2670
8316
3034
3407
3867
1255
5179
4241
57
7925
5018
1341
936
5019
1414
3923
1091
6198
2343
689
3939
893
694
2273
2596
4925
5500
5347
3767
3388
4696
712
5396
100
3987
445
2975
5201
1763
3119
5168
502
141
42
614
4122
3838
5679
2985
6658
465
3146
1539
4799
5413
3744
1845
35
6072
3696
3119
3017
5807
1927
5509
1736
3837
2168
85
1064
1384
441
2887
4931
231
5185
4036
4085
629
2143
639
6243
625
4497
5516
3775
2962
5579
7663
664
6164
4627
340
2706
4657
3287
3347
227
927
6847
7719
7484
2687
3226
1030
7927
3340
736
2564
7802
3490
7235
2093
3661
928
3791
80
936
4382
713
970
888
1960
56
2946
1631
1618
1854
663
1812
6687
2970
1418
1187
6527
5311
3996
6450
2569
1822
2845
2317
8679
501
5739
2809
2949
4625
1077
3884
5554
3539
80
1811
8734
5227
3
2249
1049
3819
5640
943
918
1546
6374
297
1280
4016
3221
1188
2893
2746
2478
818
8031
4982
3
6670
6381
4840
2065
4065
5226
4771
7744
2710
4818
6000
1823
6756
821
2530
3127
298
2079
8674
980
1084
363
206
3285
241
1055
5319
6606
1943
3139
4358
2133
6854
4246
1950
6504
54
1323
3661
4608
3085
2936
1472
356
2453
4758
1909
3712
6148
1989
4107
645
1823
1398
4729
4112
1187
390
7426
2232
4491
3221
304
5970
530
1096
2444
247
2098
735
8920
522
659
649
6364
2522
713
780
529
8523
1563
3697
2535
4039
2105
1537
7778
1758
6143
3990
2690
4478
3632
3513
3194
2115
5714
312
336
1109
3280
5517
2723
5781
3237
5361
4632
4692
6516
2622
2383
2144
3799
3822
1188
1679
7758
4422
2941
5865
8621
1671
1197
2443
983
5125
243
560
6676
913
1870
3014
2411
6996
2604
7762
2550
936
2609
3047
875
2111
9229
6599
617
4786
4345
4161
7607
468
4087
1191
7243
3179
1617
1939
951
3075
1042
3980
8202
4897
2272
7190
3215
2102
939
7554
5749
1562
4715
3075
4194
7912
901
1876
5144
6172
6494
6258
7043
5526
3456
4988
6927
5101
2383
735
2833
111
663
5051
5323
8273
3469
8193
4051
3105
2596
5492
3587
2683
109
1128
7340
4427
677
4011
2660
2813
746
3218
2059
326
5770
3286
6855
1253
2063
7080
2631
4891
517
705
4148
3602
566
1795
5123
4464
3178
4110
3583
1427
3429
2629
274
1262
561
3375
6382
1457
2266
5016
804
7234
4743
6919
4917
2107
1826
3499
7661
571
373
354
3597
434
1153
4751
5460
8392
3142
652
937
1142
1673
3698
4901
3751
601
3164
698
2660
341
4081
3427
4652
388
247
963
11
6908
1588
1644
4711
4250
5769
405
950
3354
288
1280
1325
8041
4556
4529
4436
7339
3954
1578
7094
982
6796
2845
5426
2929
1723
643
839
4785
2110
3356
3928
2930
2538
5892
7683
2009
5505
4205
664
4195
3275
3143
2096
5698
1712
3084
1114
1555
1097
3804
2537
1106
1571
6716
3053
2579
1984
4605
545
1130
6535
3118
1234
2060
3896
1185
3964
2154
3221
4758
6323
2656
2269
5782
5239
2110
1347
6914
5037
5582
4888
2435
739
1321
431
8956
1645
5684
3153
7254
634
2773
1515
766
1536
292
2047
836
3491
329
5062
6774
1240
2986
4369
364
3607
6808
8305
5039
6688
4150
8896
5862
902
402
1922
6891
8505
5323
344
677
5939
6140
1234
6696
1805
700
2510
8930
262
5444
2611
1341
3087
1849
5296
200
4895
6912
7898
4054
2302
493
198
1487
2758
945
672
3863
2976
249
4101
5919
4646
5235
4096
2543
132
2458
9047
1431
310
4585
4731
62
4578
4010
6236
141
4325
2490
2282
3810
5172
202
1016
6032
5119
994
8422
7869
3326
2634
3569
2862
1141
1108
5167
2878
4598
5643
3928
5481
4129
159
2822
1763
8838
3363
3584
2142
6357
7214
347
1819
2997
22
345
27
2799
1002
6314
4046
3647
267
9319
6325
209
7301
8602
7097
5291
61
928
2239
3322
2821
6428
889
5281
3757
6487
2087
2851
790
1300
2737
847
3087
1462
8413
3156
3479
2709
2217
1883
609
8021
1525
4084
2323
510
1733
1219
2343
3257
5098
8585
1385
3256
7168
2618
5127
1459
517
3176
5193
8168
481
6107
2448
4248
311
7408
8043
367
5049
1540
7551
5032
706
5262
3844
8299
453
3565
7558
3025
1562
2048
4141
1566
3078
3730
3803
388
3284
3758
670
1202
5873
6075
1377
7764
1840
7760
1288
5611
2035
3223
1849
417
2817
6120
2735
4064
4608
2966
3171
3178
2909
6691
3282
2238
1725
2188
1
4120
8811
1190
623
3003
2383
3620
3940
4560
4560
1293
5177
509
2057
537
1442
808
3369
2120
1230
3474
2178
1962
5442
2311
421
3256
1699
1191
2113
3958
1673
2984
4342
4323
2476
1361
5606
3774
95
458
7001
3318
4847
7189
5989
3207
2700
6123
1275
5114
2579
1372
2350
3315
3275
2478
844
1600
5818
774
5033
2138
4389
83
2742
2182
4065
113
3335
595
6409
3849
276
1233
2128
2128
1374
2747
6179
31
299
1032
6814
4348
533
4633
6786
708
56
2363
3923
4700
490
288
2854
1268
2999
1164
724
2993
1029
8689
8695
3159
2472
3999
1115
2535
5998
1035
4453
5993
1166
8421
1133
4723
782
1639
1163
5522
2330
829
3927
1322
4511
5744
5153
227
68
908
5277
1409
8286
6735
3083
1917
288
8568
3689
2846
152
4621
5705
383
2150
6921
194
5121
1323
2553
7024
4784
336
5509
3274
45
521
1819
6748
1372
2661
1055
3631
3933
6518
2731
925
3620
1893
623
3560
5355
3786
5107
2366
693
2721
1465
252
3931
384
1482
377
3113
3403
4865
2622
208
5376
4424
3585
6389
3524
235
355
5324
6887
247
3037
7403
342
1576
1508
3385
1964
7691
4445
6767
4643
3637
5366
862
821
4644
2935
5216
147
393
3155
2377
8308
3132
4776
771
1429
3121
2113
5322
3904
2373
4149
4707
4974
5513
1393
3777
2253
748
2546
318
4632
3469
3083
1597
2365
8890
1979
3966
2234
1270
1182
3052
2172
604
1639
1459
4502
465
597
101
6183
6235
7287
5618
4630
5133
4335
1070
5023
2797
9359
4364
2492
4520
2656
879
598
2857
9198
767
1866
3846
2952
2069
2587
5964
5406
3857
3480
1363
4660
8066
1479
3996
1099
801
3836
469
6218
408
3942
4154
2975
129
5324
2113
3540
1421
6287
3417
4538
529
781
1964
1433
2877
1836
2483
50
1392
2086
5221
422
6014
3660
775
260
5473
1490
1499
2048
4609
4582
2813
3891
5494
2839
517
3953
6323
3897
1751
6277
6796
3857
2790
5220
632
1753
583
3422
4293
3322
4763
2008
7786
2632
4051
5516
459
4787
1674
3037
7136
725
2872
7047
2027
604
5582
928
1009
2893
6508
4362
742
3971
7256
1742
5978
3477
3886
6784
1469
2553
1444
7494
745
2335
6155
86
3788
3790
1510
3984
5296
1640
6284
1447
2221
4316
5711
2395
6229
3062
2490
219
662
8669
1726
567
800
1648
5079
1560
5477
3200
2544
3055
5842
4250
2660
1149
6410
1118
1388
6284
553
1691
3439
2612
2356
4293
6492
3911
4638
941
4333
4566
100
3033
311
4301
734
1209
2315
4863
3311
1849
3709
3935
4179
221
213
2523
2376
3928
7347
2547
3100
8273
1098
5243
2566
677
1171
1543
8502
213
443
3328
5593
272
3511
5675
989
2049
4363
3059
775
2167
2552
1556
352
6157
2478
920
6376
6286
439
4115
562
2544
908
5003
7257
5796
1954
498
1506
911
5823
5854
3790
4097
8161
816
603
2533
221
2386
3219
8066
3544
4540
4933
2813
1147
4776
5064
7277
7283
1609
9660
4467
1528
4688
287
4698
2914
5833
1199
2108
1187
3486
9128
5921
1345
5906
1907
3595
5602
4543
4933
3583
5718
416
623
3671
6608
755
4794
731
6338
1292
1657
1779
1074
491
3097
2615
1375
4951
3854
981
3436
1849
8083
3037
1456
6200
3353
1729
2942
3653
1715
2267
4326
4523
2683
8389
3437
670
3689
5945
5084
3220
319
7525
2383
2707
3672
1216
1694
3045
4349
1426
2010
882
4608
2664
305
3585
3944
951
1949
1219
3724
3146
4067
3980
365
5506
4857
5282
100
1981
6444
4911
4627
2174
452
1305
4269
8668
5934
553
3918
3848
5739
4320
2025
4475
3636
5100
2020
4744
2522
4962
731
3668
494
2777
494
3755
597
1492
1096
2405
8385
2906
2873
3479
7240
170
3364
5213
8824
2026
576
4266
3910
3458
1824
2947
5134
5672
630
8795
3273
2925
2403
3913
3736
2009
1916
6783
384
4295
3282
2730
2795
2330
4150
2853
3922
4146
711
94
2549
2732
6646
755
469
7587
5775
697
848
4343
859
8761
2246
1536
3546
1461
1198
2132
7898
1182
4869
1030
3948
4732
2786
7143
8293
8742
2448
261
3814
4244
1114
6734
3995
1983
764
2554
2897
4358
684
5314
1203
9244
4672
6222
927
6507
8008
3802
3561
4714
232
1187
1090
1436
2958
660
5192
5825
9632
6449
2504
3384
1485
1862
7133
3406
3522
3966
3911
3149
330
4362
7169
3478
156
563
519
4818
6965
1515
3379
4289
1204
2049
880
1573
5746
3666
1491
3700
2887
447
2467
5436
7626
400
8141
1852
2263
3804
2058
3944
3724
4066
2543
903
4575
3099
2536
3382
7044
2466
3099
5632
5752
709
6598
3311
7155
7748
5169
2088
6973
441
3599
2778
1475
2932
4111
1337
1628
1039
4980
922
6583
1834
7152
3883
2687
3796
3827
2358
7101
821
5221
114
4224
2838
2843
1439
2686
3582
2353
3212
6696
3777
4841
2940
1887
951
5822
2428
273
4130
4862
2490
4755
1038
2588
4808
57
1075
7726
4301
2680
2464
5203
3923
6005
5100
4211
5608
2201
448
339
2523
5452
1800
2638
1470
7044
1287
1900
1364
8375
8377
3631
2512
5753
950
8
5442
521
5444
4494
2690
5329
2802
6647
2362
4670
1419
1635
7242
3683
1095
5388
2673
1298
2489
5832
3163
3736
3131
3340
3490
6593
1319
5016
1906
3185
1687
1564
527
2053
4876
3950
3990
7228
5269
3120
219
276
2727
479
4148
7447
3128
3004
6882
3099
1695
2335
4810
4782
2118
6421
1019
341
1432
31
1308
4209
4
1703
2627
6869
1660
7297
3383
4007
1844
565
5457
2571
4688
578
7013
1219
5496
7269
6404
3072
3857
4329
3726
6906
3772
8650
3607
1312
6152
2399
1296
3952
2970
2104
1292
1123
3333
1731
273
4858
4511
8166
5325
4244
4084
3152
6740
2355
3029
4879
2531
5373
1102
251
7001
2564
6556
2043
6964
2771
7015
94
4909
943
1840
6045
4333
2059
2567
9441
200
2117
1552
7465
5664
668
4309
5889
1980
6848
1565
367
3670
2179
6256
1413
5244
571
6350
1661
6415
4489
4744
3204
4054
5955
5583
5365
847
5113
697
7176
770
1180
6571
994
8384
3159
2858
1812
5888
276
492
4912
6568
3714
1692
5413
9466
4770
2109
4547
4402
6704
5057
867
2933
6200
5319
2648
2878
7729
3351
1059
4221
27
1082
2615
2730
5653
1988
4483
1797
80
4688
6480
4097
9184
2191
2327
1953
7602
5755
1281
2429
1887
2475
934
3230
3931
5124
4577
7131
648
1570
5445
991
19
2807
3256
4670
1477
94
2308
2036
3247
6888
7067
1109
60
292
2841
5846
886
3390
3851
1657
2078
4796
603
4717
5902
3329
1196
1611
7719
5895
1337
5602
1340
2947
5462
1421
4798
2589
1128
1808
2066
2858
1115
374
3004
7787
3061
5279
1883
2185
2653
745
8178
2656
645
4922
2639
1074
1390
454
2271
1988
7532
5331
7128
2859
127
88
1960
5207
5877
641
1193
352
1552
8026
6072
5981
1496
1559
4283
2859
5598
1823
4138
1773
1445
7508
1353
8605
2161
8795
545
6980
2115
6246
1780
523
2232
2095
3684
3041
3194
6721
3976
1575
2331
9117
4130
1739
2235
4830
1185
6179
2082
1914
6480
938
6488
676
915
2152
5677
2107
8278
837
2374
3037
2329
1019
4059
8059
7754
919
60
1342
5024
304
4527
5171
541
177
2108
4
6148
588
7793
2453
3898
2888
809
3733
2486
5867
489
2276
4381
2863
2568
3791
7583
923
4474
766
937
297
1794
311
939
5076
4101
421
4339
5489
2522
5903
2298
6166
4440
5892
4220
2895
4804
2976
6252
6421
6162
645
1461
3894
4484
7837
4897
4454
1171
6473
3758
2006
1436
4597
5910
2979
6711
93
6622
2724
4793
4116
99
2410
3221
1241
136
2534
8328
5873
4917
1020
5505
8935
4179
5808
1706
785
37
4471
6096
2157
5435
1342
3315
8535
3031
4409
3426
1667
2850
5764
1270
4716
8175
7522
2426
451
1698
4121
3139
3894
2733
1796
1029
5021
1518
2347
4221
4121
1902
1267
1994
5344
2206
5513
1982
844
4356
1477
5272
428
1526
19
2366
853
5254
3677
1531
917
215
1927
5900
4337
3565
785
5040
1578
3786
5195
1256
6310
4923
3570
1588
8139
2211
4179
2970
3595
2060
8102
2736
2799
5333
3484
3424
4373
1917
827
3273
2777
5016
6164
3057
6092
5822
5170
1671
1598
4196
3231
3663
1325
458
1742
6808
3005
98
7823
690
3442
4867
3946
2040
3022
1617
2948
2986
7713
7145
4326
875
2511
438
2730
3286
3358
2207
4409
515
444
1623
297
4268
1522
3372
1690
846
7116
1961
216
5980
5402
1129
125
7520
8308
6820
4481
3800
7267
1415
2594
3873
511
995
4914
2853
1042
2161
560
8700
7723
1906
6806
6104
729
5760
738
2473
9087
1489
4025
942
7097
514
4520
7058
408
2753
616
5183
1
2692
5655
2100
116
1678
149
2298
3299
5146
1043
4647
7798
4492
995
727
1511
1611
9466
6967
3753
914
7758
2243
3500
3333
2442
2916
3660
3060
1020
1056
190
7763
1974
1631
3507
864
409
5767
5271
279
4546
1665
234
4021
7110
5034
786
3057
2137
1469
5956
4281
2371
294
5038
330
3580
1463
6335
4625
4199
2163
2029
7194
1125
2670
7034
713
4131
1013
6184
3365
520
1282
2092
6073
4622
8574
8640
5658
1808
231
3919
4272
2184
343
3774
857
2959
8121
1860
4012
827
4417
2774
6233
2442
5279
2204
6825
5733
4257
4955
2189
212
5418
4635
2035
5115
2440
3377
5906
2102
8126
3635
1881
1449
1346
964
2869
1766
2058
5390
3032
2236
1175
554
5960
3382
3640
5016
2225
1650
4474
4603
1766
5713
5805
920
4559
764
2547
6077
7723
1920
5139
1116
4343
6616
6618
6080
1909
1205
671
4647
45
4881
2839
1537
11
5467
2120
501
1507
3080
51
102
2894
58
3444
3243
1116
6798
478
1270
7578
8075
106
2173
1671
1097
2489
1586
6389
806
1278
1411
2186
9244
4878
4189
6130
272
1587
3621
1569
1558
3786
1751
762
1766
5330
3747
1303
776
6801
1839
2130
2258
926
2284
484
2211
3703
2040
213
3588
1808
3570
1813
8224
5975
7261
1360
1954
1260
613
718
3212
2374
3116
6499
996
1854
6631
7611
5244
2222
9042
2385
5138
346
3241
3168
687
3614
5608
909
1429
7866
2819
6257
3355
3085
8111
1717
3957
1664
6795
5138
2763
5408
876
7544
150
1349
2584
2762
7606
4194
543
2592
298
1589
15
2593
119
201
5824
5896
3036
7585
4847
980
701
2214
4256
3023
6192
3338
5822
409
5466
3317
2511
2733
6159
1187
2276
4951
6075
782
582
3541
2957
3239
3175
3509
7340
872
4621
926
31
4512
5538
3355
4548
5657
5209
6321
1195
3010
876
1123
2863
3359
2381
3142
4859
1652
5076
951
3913
5362
581
8305
133
5260
4115
2475
7858
3274
2033
6638
5102
2936
2040
381
4910
5116
5408
573
6865
5218
6166
5934
2237
4093
1478
3687
1535
475
8316
181
2369
1800
1858
2096
149
5103
6088
5645
2568
915
3864
4795
3903
2539
700
897
6612
4030
3509
2797
9520
1241
5731
2858
2728
4540
2084
4698
3347
6449
169
1497
4004
4251
2609
4783
2579
3545
2457
3559
2834
21
7176
4816
6217
3096
2116
3851
721
1071
4277
2426
755
423
3259
80
704
1732
7315
4518
5953
5350
2104
2631
4212
455
5813
3868
2207
1583
7056
4111
5357
3184
1189
2976
256
5025
5647
6
5904
4691
3700
2390
3760
1943
90
1308
2292
1733
670
970
4152
3008
296
480
1162
67
591
2264
1526
4339
992
5858
2269
3795
1158
2903
3610
2495
4048
2537
1098
3770
1622
5893
865
67
5617
2340
1610
917
1566
7330
6723
787
1851
5170
3486
5007
8491
5323
2597
4651
4698
4281
2334
1644
1032
1604
3211
6147
3175
2867
7535
3125
1344
1936
1797
1105
5534
2799
6848
3805
2360
332
5752
1488
2460
773
4617
1912
5186
1352
1365
2621
779
567
8397
1415
532
923
7465
2933
3669
59
6309
585
6081
3485
1466
2969
355
6826
2814
5066
5009
3294
4006
2736
3048
1735
1591
228
1634
3985
414
3594
5587
2988
5399
5858
5343
340
1287
4811
5142
1625
4292
5702
1816
3641
7866
479
204
2536
480
945
2470
4263
2959
842
2124
241
1511
246
257
3375
408
8456
1441
4622
4603
6016
247
482
2454
4059
3385
4073
2149
1675
3441
1562
2511
999
284
981
2004
9382
2644
1465
4853
2769
4707
5727
5336
511
3124
538
3336
3711
2195
3992
4013
6756
4970
439
2390
5198
1857
1374
1355
1045
3229
257
1518
4491
665
683
3956
1150
3107
891
3344
949
3875
5605
17
2145
5427
823
4840
7666
4391
2381
1050
7691
4264
5154
5688
2456
2576
3050
9072
7379
7304
1164
5882
3110
4428
4358
7969
2728
3853
5567
390
7206
2293
3585
631
1760
6353
7435
2327
826
224
2971
4469
2040
7711
17
3562
8246
2453
6158
5741
3325
2093
4116
5575
5085
3380
231
2591
2508
1226
4832
3790
8651
1921
5623
3397
1003
680
2930
5977
812
1593
2948
1883
5011
1051
2983
718
1123
1655
1283
2304
8400
4506
5882
842
5584
171
1204
2262
1684
2278
2627
4862
7003
7399
1883
549
1773
3577
1054
4278
3949
2005
4366
5152
464
3609
2793
2747
5041
1139
4347
3850
1891
5623
3114
2838
2135
6063
3554
5444
2341
3624
5203
8870
1027
2540
719
5457
5585
7823
561
2763
3729
608
3042
9051
2945
2468
2211
990
3902
52
1100
4965
1654
1454
2162
6410
1533
4645
2138
2602
1636
93
1920
7408
3515
4288
2333
3659
652
3552
5166
6053
448
118
117
3818
275
2946
3778
785
312
8
1809
4312
1275
7821
1142
4152
4658
1861
6743
2199
1110
6640
247
2606
3891
2204
6944
3735
7296
2099
1081
2945
4042
2141
1325
111
4634
3070
924
1737
3693
2593
2741
283
2732
1903
1755
2499
2411
600
6858
2374
3845
3634
10
244
1713
1665
190
489
4770
5744
2168
4466
649
2058
6789
1355
5285
6791
1123
2950
3835
1272
3144
1459
3913
7689
3573
8172
5061
2540
1095
306
4343
3389
77
4352
1493
2122
4778
4600
343
1655
1099
4391
4561
935
3190
3617
4070
3706
396
1168
1387
4294
4295
195
4971
5932
1458
6814
1519
5819
7085
4636
2655
1834
5749
2724
4720
587
1696
4897
4553
5194
927
2554
6013
3560
6062
3671
790
4566
1709
5150
4001
3722
6546
863
611
3456
261
5386
7086
5655
4700
39
3058
7996
1274
1579
9053
4274
2089
4722
5934
873
862
4731
7762
5373
689
4769
1546
919
5286
618
3910
1045
4134
1054
8852
123
5974
1155
132
2155
4576
2208
4670
5148
6281
1076
6197
991
2985
1233
5117
2122
3619
215
1489
1948
142
454
3065
1247
3575
436
199
1170
290
737
4667
1160
144
2459
2311
3673
627
2945
4049
4358
3518
2614
923
1088
3548
1558
6260
2517
7980
1051
4350
5564
2744
3710
7566
1430
968
4470
9531
5214
2336
2665
3455
1986
3073
325
1037
5621
1210
4798
2572
4260
2544
6051
188
6905
5696
3089
3513
2044
465
4957
792
8137
2652
1081
5369
2618
8699
6395
3128
2495
1550
4383
3808
3584
1906
2765
8248
2728
3487
3861
6469
4059
2837
6556
1680
9479
6313
7559
2494
50
1150
6112
2521
2738
1458
263
2676
1746
2865
1640
1588
2494
3027
4295
5052
1505
5582
341
8552
2483
5231
7915
3559
3003
4091
5298
7477
4804
8087
553
2667
1817
4212
3174
1606
660
2727
5636
1123
9357
2176
1442
1756
5600
37
2055
155
737
1063
401
2354
2495
5938
6872
951
2123
3591
4271
2534
2291
83
2688
593
3875
8321
400
9032
1096
5878
5400
5389
2858
1953
1817
6784
8882
3745
5173
5583
2888
785
833
2805
5561
2031
3282
81
2326
4043
3531
2658
437
6525
2611
6504
410
1289
217
12
3525
3023
1436
5214
4389
1123
2328
1896
1994
5708
6112
4027
1055
4319
6194
1316
5153
1196
2759
5417
3022
1389
6855
4714
4077
191
1492
1177
7240
6126
46
1345
1941
2416
2443
7656
3033
3041
458
4542
1414
6957
6389
4848
439
580
235
729
700
377
1054
6047
2931
8938
742
2800
1073
2470
4166
1668
1866
1057
1001
7939
288
2829
358
2611
3489
5230
4630
5289
2901
4583
3684
5915
3074
567
5080
7151
2821
6014
79
1989
1521
3054
4058
3933
3001
1847
5643
2816
4631
5149
638
8223
3209
4699
6026
5079
5531
4185
5750
506
4721
4959
1578
1422
5359
4751
81
3744
2910
39
2203
2697
2750
5603
2435
435
2351
79
6931
7323
1541
1667
640
5932
162
2211
4704
3252
3375
1266
2411
5827
641
6058
9260
7333
64
5760
1700
401
4963
3335
5038
1474
161
49
3597
4907
7063
5236
4646
6667
4484
3669
3455
2407
6611
467
3127
4703
776
7030
2769
3766
4020
2630
1514
1145
5034
1514
1147
1654
6885
6838
148
2433
11
3961
234
2880
257
1242
6352
5199
2924
2135
6323
1912
3746
2898
5306
5256
3645
7751
567
8299
2463
6278
4952
195
645
6079
1325
4659
3783
5410
4011
1315
7242
8621
7451
706
2444
7639
6198
2118
2803
1008
5113
4419
3665
6305
2364
4444
6810
6725
598
3156
1798
1771
1681
365
576
911
2958
284
114
4367
5020
1639
2637
5731
1007
1979
1141
4740
2660
291
976
3964
4356
3010
7356
155
597
2694
5607
1732
3396
2208
4115
3174
1326
2240
4357
5203
1415
3295
1174
1404
419
490
5496
2065
6452
197
1218
2704
2806
8345
9518
3458
811
683
2831
660
8029
5719
4147
2429
5016
3104
3349
5049
1078
8340
4756
1823
2525
5086
3398
8031
4462
172
2482
1422
5383
193
8173
5674
979
19
958
6306
7403
854
4630
3158
1101
4193
1744
774
1184
1752
3499
4902
137
4907
4497
1980
4364
310
7329
2509
1901
303
632
482
394
3217
8079
65
5470
4820
176
5854
2774
4846
4278
2942
470
6134
4971
51
2052
1739
939
4135
2419
242
1315
9707
2954
7164
1027
7139
1178
2701
4077
3745
1898
97
1646
6615
64
4819
2521
779
2409
4547
931
5697
100
510
4792
4984
195
2098
6591
9095
3610
4779
8566
1389
891
2712
5221
3197
555
5230
2943
7707
2484
4720
2277
2377
4495
2346
3793
320
2984
2049
3292
560
603
6827
3221
315
807
2448
2971
3337
7229
378
5685
2468
3702
5265
4131
1829
3026
4938
5919
1093
3957
900
793
1795
1401
8544
320
1640
4247
4184
333
905
2106
2884
6567
1710
2858
182
2899
483
6693
4825
1482
2612
1622
659
129
3875
1467
6588
3342
7136
9127
4029
6891
5061
3925
3912
8967
2508
213
5995
1143
3478
1472
887
7885
2632
3521
1132
814
4174
1632
7291
3999
1387
2495
3234
2960
1192
3722
2138
3534
94
1393
1360
2572
21
1175
4855
6891
1841
1904
1234
1620
5405
6188
1654
8430
188
4375
7107
5807
2883
729
2507
9089
8611
5769
1822
712
4196
1440
4818
157
6211
2597
1805
3341
2356
943
5853
2560
3344
4757
2282
3075
5692
8716
1908
1027
1793
1377
5535
2870
2103
3272
78
2089
2844
6544
3955
4262
376
4336
958
4433
3215
1161
2354
3892
2935
3443
561
6036
7769
4979
3699
1452
1657
2041
1520
6963
8504
5666
2451
3477
648
3783
403
7441
8743
1583
7879
6375
5961
678
7090
5274
5524
6924
2218
434
2787
3406
7312
8038
8265
3518
6670
3931
6513
5944
4337
7195
5392
2907
51
206
734
2791
808
4002
6621
171
3141
311
341
423
1010
4227
4781
6208
7034
2754
1186
5207
9059
2784
9029
1470
2256
6649
3025
3972
2288
5498
5698
274
1680
2091
2517
1847
2132
1857
3984
4922
3690
482
995
3918
1227
694
5719
2789
6122
1465
3443
2359
4110
2108
5867
5392
941
239
3282
3194
7032
8467
44
6315
1545
56
2279
3667
2203
417
2598
3452
607
2582
2527
4231
2788
3645
539
1823
5648
674
100
1256
1314
2656
4789
6755
7519
444
7135
726
3391
1596
55
1332
5353
2087
1917
830
771
6507
4254
990
1251
1595
1764
862
799
226
2495
261
2962
4275
3987
4576
2343
5019
295
3348
6517
1559
4978
5348
2135
3248
8276
1893
7528
438
1825
5470
3605
3171
5311
1972
6158
8779
2955
2148
3706
28
5954
2985
8004
7473
1256
1062
713
4109
1283
729
6953
997
4249
3549
5438
4992
316
914
5216
2082
286
609
1950
280
3682
1158
1749
705
1317
5465
1160
2060
3759
674
2113
1483
3652
1599
1510
3306
581
691
3247
361
1520
3571
6330
2053
4817
77
5744
7626
5627
3198
2362
1945
6692
258
8574
9316
62
3578
1358
4763
5535
15
2942
1144
6642
1159
6758
2330
1691
1227
5195
5744
759
380
4112
1255
1579
1554
7025
3025
3127
1385
2768
1732
1688
4329
5140
652
401
358
5043
3271
539
5656
7631
1573
5352
4665
884
1083
911
7169
30
5518
6684
1827
5424
6416
130
3539
3486
4757
4426
37
2791
971
3670
8140
590
4631
1349
1452
5704
1423
3126
6666
4653
6383
2609
681
1940
750
1207
2844
833
423
862
2962
1980
2813
2190
5605
5068
4084
5019
4734
3330
3244
426
2991
115
3239
6098
844
9167
2976
493
145
885
881
3492
5369
7743
1677
6037
4534
2283
3439
5543
1072
2415
5703
387
4842
3099
342
2642
1712
4946
6936
4633
378
380
4805
1469
7440
3308
3802
774
1307
4750
5283
3808
2774
2805
295
5673
164
91
4037
1768
6282
1659
3337
1950
7522
2488
5044
6023
1880
2740
3384
1904
188
5192
1262
2781
3498
4559
1145
4372
6385
2541
290
3802
7350
3350
2100
920
5637
3238
4757
949
4154
4939
8336
1808
5327
610
7694
2326
8336
3181
8699
2569
3123
2128
815
4694
76
1771
8107
841
6505
3708
2657
5013
2818
1457
5979
3848
7944
479
726
1775
1011
504
1205
2444
2197
1908
303
2904
3090
2036
7016
3385
990
6546
3319
149
3283
2418
2622
1617
776
6035
192
3606
1259
3918
1496
1488
6273
1734
1729
129
3586
1629
6254
4095
2468
7241
1735
2201
5995
3300
5878
3925
898
404
1635
4062
268
6588
1709
492
7576
6624
165
2372
316
631
3680
1653
5358
4770
1864
2136
3257
393
3882
4326
1179
1165
7709
2407
4699
4344
1037
4498
5753
2289
4530
1056
4568
523
1529
1740
2472
6127
318
320
4603
1395
2638
1882
3257
2781
836
1485
846
1031
5553
810
3678
581
299
2301
5673
1755
1553
5841
985
5095
3803
877
2822
7136
182
1738
2974
2909
811
916
1450
1929
4226
5379
5669
8438
4492
3793
956
5397
3254
2352
7405
5460
4510
1255
7770
2296
456
2367
6640
3282
1074
5008
1880
1994
222
1128
671
1800
161
9551
4545
1437
2230
6979
258
2379
5294
45
891
6781
852
7240
3980
3656
1286
5608
36
7159
465
1725
6688
2758
2735
1313
1168
845
2693
3279
3314
1055
4625
723
341
568
8483
1494
244
530
2070
6090
3266
1837
2272
4790
157
6145
469
775
3164
3080
5339
536
329
1367
4468
1684
2466
3863
3812
5056
247
2037
4389
1998
8085
1419
7528
1463
1601
2543
175
5622
5826
4301
3264
1441
2217
4956
3195
4704
6628
7622
1765
503
6483
2424
2183
5417
4121
3193
1672
3048
1649
6752
3814
1658
1254
1553
5288
879
1993
7640
784
2599
3025
2877
8879
3506
187
585
137
6576
379
5533
986
8270
370
3904
1952
74
3408
2494
2118
2631
4724
2657
781
5044
1931
1439
4236
2642
9370
2059
4735
4023
5112
5985
358
3332
720
2588
1287
2360
2501
593
1302
4485
1466
4623
9330
2902
5228
4517
3573
189
1237
895
795
407
47
1913
1967
1198
4052
6413
943
2618
7477
288
2832
176
2377
571
2928
2344
1699
2545
2773
1748
3422
1976
1749
1916
3360
2810
2682
2694
1672
2023
1570
4407
1082
9117
5038
3643
1347
2873
5132
4073
1162
4603
368
5798
4521
1791
1563
706
282
3666
3308
5193
4622
9
4634
2611
3867
6563
1076
5290
2285
4736
1964
4861
2505
7000
520
314
2770
7473
1123
2428
4860
1664
3466
4903
4189
137
1430
9273
1134
4325
5813
366
1788
2046
1650
4691
5656
8370
4572
4711
3172
1254
2035
2835
242
1963
2262
6485
3376
4765
1485
7538
1760
1993
7542
3337
3289
444
2397
4493
994
4974
3871
662
749
1880
1935
33
4989
881
1168
1659
4565
5222
2146
702
2179
3908
2415
4423
5473
8737
473
4185
6322
7277
6017
5171
7186
8972
3324
2101
574
8556
2630
4365
3861
5482
630
7947
2897
8962
5986
5552
734
6675
7228
4754
631
2869
2441
2219
4290
3110
5472
1111
7150
7096
920
4411
8009
1883
3928
3547
3348
576
3460
7893
6276
3575
1229
4070
4587
2955
171
3353
6144
6938
8548
5745
3273
4043
4092
6533
6283
4997
4453
3417
1682
380
4018
5986
4818
2643
456
3223
5073
1620
5031
5979
1010
1277
5913
5291
1172
3608
4225
6548
4725
2454
1248
4489
1374
2787
3303
1541
1164
2477
523
449
6092
2914
1651
7719
1168
7691
1644
1119
7744
513
5219
3240
1879
6066
869
711
3151
3155
741
755
3081
3105
2841
6572
821
1146
3848
1828
3193
1241
5136
6297
384
7240
7341
2372
2279
1606
3028
807
400
4816
2360
6241
5160
763
4991
2405
5802
1638
3698
586
6314
1934
1232
3483
3624
1439
1825
4313
1539
5015
2399
1052
6084
5121
1460
408
2106
1700
2696
3075
6073
4740
49
1792
2282
8045
1667
2656
731
5217
4591
199
682
3036
2516
7462
8503
6368
2597
3828
10
7386
229
2390
7725
6267
1336
4094
6070
3405
2645
1337
6332
2063
2261
4659
6167
4625
1859
1481
5826
135
5276
6337
486
350
1768
1177
4295
3980
1176
6174
156
1199
2177
2604
4194
7330
2549
1582
4445
6263
2831
2315
427
2424
206
1327
4200
7282
1402
2881
1031
6144
2778
326
4341
95
859
485
3012
3058
4317
332
2755
938
6102
3893
2546
3382
4889
6659
1615
2873
432
7021
753
2378
3781
5087
4596
3867
5261
5970
2269
4076
734
1800
4042
1982
5570
5048
8125
4479
5875
4604
3921
5049
153
4902
3993
3543
1490
2
2607
5714
4056
997
7079
914
4127
2210
6156
8638
5622
1883
1152
2642
8994
2795
7097
92
5690
7403
5416
1306
5201
8599
4836
3273
7352
1381
5422
7261
3022
7907
5851
3964
757
173
1960
505
1581
193
1813
1198
702
4599
683
1026
1071
6303
2892
161
1793
51
2931
5196
1392
224
1361
3023
2137
4503
2337
2295
2843
380
7337
5039
2077
3582
5269
5130
245
5715
2490
725
2432
2888
7565
7844
927
742
207
127
2247
6885
8656
7639
5081
837
4203
413
1824
5973
2403
2335
6783
2058
2411
3135
347
2134
665
8771
1963
1350
1430
1078
2881
7746
7200
633
348
8195
1359
3486
2962
1950
1970
5211
66
1051
865
403
3304
295
2999
2067
3103
963
6163
331
609
2760
1642
4477
1696
3151
2220
359
6026
2372
4921
4750
1979
329
474
5228
1922
3235
517
6595
2736
689
4626
5110
2129
7806
996
4986
4358
6579
7627
364
755
737
645
5896
915
5391
4942
2727
5653
5839
5458
4458
1613
5158
1713
960
3093
5163
849
365
5044
1128
594
283
3004
459
2464
2343
3623
641
5063
2877
8570
1422
6848
3824
5209
127
6092
7288
2006
18
7020
533
284
5583
3490
3613
3748
7453
2222
5248
2235
2913
4089
2531
1013
149
7156
547
2097
4
604
128
913
5186
8829
7907
8443
677
7790
4524
4560
299
8015
1729
207
1363
3731
1717
1444
7304
3040
8791
695
3966
5332
3916
2532
6773
2081
2870
7305
1600
5491
4386
4443
5428
6373
1684
7034
2397
6994
5172
1369
288
1402
3387
3295
5587
590
4298
7571
4762
4467
6350
857
3744
2833
6114
4856
5408
6882
4974
469
3684
1403
4634
145
1006
2745
1824
219
4204
1796
4001
6329
1497
4603
5498
2088
7133
3169
806
1281
6753
5549
7145
1417
4214
315
996
4812
835
543
959
26
2208
4945
3240
660
871
2304
5034
8387
934
2811
2905
769
4182
1069
4343
3382
1903
7071
5129
994
967
3535
80
1842
2104
5573
7127
1963
1415
6740
1524
441
3850
4341
54
8204
676
2696
625
3912
938
2542
387
1747
6760
2629
2377
509
896
2728
1493
1551
5146
3672
211
2520
747
2153
6193
4336
2782
5668
3127
2092
316
6921
2138
1902
4931
5136
2169
1773
654
929
5052
2437
670
506
1000
2743
4518
6147
7609
3207
3183
6340
20
2023
906
2899
2457
729
3309
885
6162
7177
3622
146
1959
4610
6031
1574
4383
129
6149
564
1237
3452
1133
3567
3268
1907
5096
448
4680
374
5957
2105
4382
5102
6609
950
9138
1627
5396
1647
626
3510
3801
1668
5156
4821
2970
3226
5617
1204
2308
2300
3029
1427
4778
6524
7933
2100
4556
828
5429
4888
1236
2512
1776
4789
4098
1886
504
737
4216
328
3899
4959
2868
5512
1169
2764
7719
4402
3234
6157
3070
1378
5477
3862
773
746
8625
115
3249
510
6405
979
2921
2043
76
1711
5010
871
4378
8621
3737
524
4500
7264
2419
1357
1203
2651
2303
369
2650
5212
7090
4526
2045
1675
2795
2322
2027
298
4537
1336
6715
5299
8271
872
2316
90
2643
445
942
578
6018
1551
2031
515
7070
5812
636
1843
7046
1729
2198
3316
1863
4704
6019
5333
8916
3358
7093
5248
3668
3176
788
7048
4275
2762
501
5659
7755
972
2921
1182
8279
5619
54
1688
3453
463
809
3521
6697
2177
5776
6134
5208
5184
2139
5759
4717
4780
4254
2031
2710
1655
5775
2452
3233
3341
6881
466
1266
3846
2050
1827
5725
3637
3436
2450
2375
2821
7156
230
1724
6988
7507
3977
5456
3057
3739
7604
8113
6385
2042
4953
314
1165
1192
6448
3701
23
555
2900
1785
2445
7706
3352
6764
493
3603
4253
7399
2461
79
6997
1154
4812
2834
2081
4952
3407
6160
180
6807
2080
7169
3203
4093
3309
4372
1700
8054
565
6146
3591
1604
491
358
2318
2217
2019
4719
4643
6436
3328
3585
3854
445
2822
7559
602
5291
4181
3751
7334
977
1161
1333
968
3035
76
926
1814
12
618
5447
211
2207
9118
1371
549
3985
7321
8035
5821
4756
6139
3078
1451
2182
1126
428
1876
603
449
5855
2661
2485
5504
2280
6040
3114
988
398
4411
3819
379
1964
2911
1602
4781
4240
6522
1137
8474
3704
592
4563
1462
3119
1499
3584
8335
2386
3061
289
496
2225
560
3139
2017
3177
5291
1566
3341
2574
485
1416
1484
6571
7120
3604
1538
2521
3992
6755
2481
2389
7284
8984
7387
2409
158
1020
4811
5551
1561
1813
4427
4007
5855
2468
3543
1028
2522
1859
3251
822
1557
8757
6146
607
1905
245
1603
2769
3555
510
3184
7061
2098
3405
825
3862
564
5393
8452
4240
4841
2157
1150
5165
599
2259
6617
855
5897
4319
2545
6167
2651
1004
1784
5060
598
6491
5506
1305
1136
6539
7179
2563
59
782
7114
1269
4111
2193
2079
3783
2413
3647
1976
2514
5005
528
3476
3494
395
6972
1005
1648
1334
315
1007
2412
3389
6244
1364
1288
3196
4017
3200
854
1029
649
3601
1334
91
1911
2873
778
515
5130
4335
778
134
1197
3389
139
824
4769
6476
5919
4278
2793
2145
1244
419
1860
717
4560
806
7124
9600
2587
2480
570
7042
2794
1645
1329
7185
919
368
56
1035
1720
2975
6491
4018
1837
5425
981
1365
2153
854
652
1946
511
3811
5303
2912
2585
2016
5646
7285
3873
739
5907
573
1219
5289
1661
460
6700
3572
400
2312
7384
2921
3541
3640
1082
4880
1842
5138
4406
83
2722
4047
1361
7505
4849
1720
3034
4222
4948
2925
7181
2115
2321
999
4449
4094
766
2858
1147
1417
104
2486
7439
5262
4926
1328
503
994
1943
543
1602
4172
5612
579
649
5274
3891
2514
6344
4545
8974
482
162
5165
2261
7089
7202
5276
4449
801
1402
853
3726
884
4146
4108
2887
2856
2313
2561
1666
5445
2375
193
747
720
2882
2187
7075
4619
1096
6450
5359
1736
3995
3545
772
2033
9171
6319
1580
7432
6689
3775
5938
1391
2293
1239
3299
6446
52
1635
4681
3779
88
1685
806
3565
942
2285
4624
321
3128
690
1367
344
1129
1550
923
852
2094
2906
7966
5012
2751
7883
647
2353
1146
228
125
762
4168
4708
337
803
1348
3584
1245
2694
7286
735
2189
3604
1209
3928
2236
4831
232
1068
6062
6438
3475
2875
447
4691
3016
6404
4027
1957
3315
2482
1503
7402
5576
1927
8601
22
1391
158
595
7852
1271
1207
6488
6210
8237
4900
2420
7414
3876
1467
9145
6539
4718
3
805
3982
4386
4718
1457
420
375
4024
5284
3791
839
4345
2867
393
1684
2948
2075
34
6156
2491
690
815
6785
7554
907
2730
5431
3632
6199
6358
5065
103
3311
2280
4124
5132
2120
2551
813
1154
5201
5955
1494
3928
5466
3604
3860
1394
834
6963
2693
562
4561
5107
3459
3090
3810
768
3630
4097
3322
2860
2237
1835
5382
2104
3148
1653
3648
5634
1048
4671
2574
2965
1347
5726
4296
8450
4614
5451
7746
2418
3238
2916
3566
8319
283
5761
4987
1331
5503
4456
733
227
3829
1561
1140
4249
5523
2657
6838
3605
2508
2853
903
3452
6451
1149
568
1462
3212
5618
6275
257
1861
809
2802
1000
980
6264
1335
682
3362
476
1733
330
4772
8176
2448
4763
6767
583
3486
1315
1806
3271
3755
6439
2535
799
1025
150
1011
1449
1519
4078
5591
2127
328
8670
2870
631
8119
861
175
628
3452
3184
3184
6103
4200
2834
2964
1406
5055
721
2725
3030
5762
1179
8187
4449
5620
450
7444
3137
1345
300
75
2924
6917
1
7801
1404
3521
1466
3117
566
2079
1215
2078
2698
167
1939
4684
3677
6358
6602
7285
2935
54
3612
4159
3080
4581
4230
3129
1263
3574
2040
7302
4221
729
3118
1417
278
5925
470
7644
4841
7477
8590
3417
5346
1764
2753
4175
4400
1759
839
1017
6663
1473
2092
106
1074
1752
1313
89
5175
4251
3540
1381
3412
178
2374
2475
3782
1677
9411
1163
604
692
3942
3356
729
159
1799
7931
8371
397
6717
177
1916
4441
7058
1417
1260
2721
2752
2112
1061
4507
2102
1594
2406
1181
2355
2589
2024
6827
2540
6943
1213
3034
8195
2053
7911
1520
1661
6006
4945
7441
734
3872
2901
278
9291
1084
881
8713
978
6506
9056
211
2158
1805
2751
2108
395
3605
5424
5168
2415
296
734
2704
5677
3545
984
989
3759
6113
9339
953
5879
3648
7925
1913
4856
1568
677
2183
2235
4049
431
5520
1987
4682
3548
7635
529
714
4481
3704
4829
3722
734
4096
6375
3655
6879
2900
6633
209
8166
5642
9304
695
2597
2878
6336
4238
1407
4013
3797
1281
7572
2877
784
863
3249
1532
6501
477
3701
822
8570
1089
1448
597
2460
1262
3917
2801
2871
4726
7984
825
175
3855
6350
7263
901
7031
2137
5999
2796
7180
7169
4989
840
7784
6165
1929
9004
241
2909
4363
5115
6049
833
4691
3044
3695
5946
2814
3848
6780
105
6332
4650
6280
676
3875
7665
1474
4656
1344
1658
3591
1777
1379
856
3585
1900
4761
1709
3619
2710
564
5461
6287
780
1956
3097
1464
690
159
4657
1563
1493
4867
1114
3135
1599
1685
766
2544
5891
2935
3821
7736
1002
2594
4165
388
287
883
7728
2034
2008
4465
2110
2006
860
440
5074
6217
2916
2217
2423
86
5161
443
2395
4241
3378
5100
2420
1599
2260
3996
1686
383
1611
324
2752
3808
2678
2804
2761
2601
159
1164
1860
4010
8521
6343
828
6979
7254
868
298
1617
570
1548
8647
3866
342
95
7415
4902
594
3747
2200
1124
1629
3847
828
3702
6395
944
6567
2914
4443
702
1518
1631
4475
100
6213
3281
1121
5435
1097
3180
8390
4916
1527
635
3294
1586
3362
7007
4977
637
91
1170
5460
3309
8675
5307
1855
2664
3029
1736
3578
162
5167
1894
1036
2481
2875
97
1139
867
835
8595
6566
377
3886
1010
3654
894
4164
991
7370
5330
7098
1924
6730
7787
6383
1077
3129
6988
7681
4758
4046
143
4881
6299
4222
2161
4443
8151
4181
3130
2895
3436
3120
2559
234
4403
1102
3381
1854
1233
415
1344
1475
3952
548
2661
7073
1532
6304
8444
7428
1778
949
3472
2990
4119
8469
838
385
251
2198
5899
1943
3879
4916
5731
3140
7167
2134
3498
5344
4983
2758
3222
1311
5402
2229
2115
5296
430
422
9383
4709
5548
1381
6017
13
767
443
1565
1406
870
2539
3501
7585
817
7177
1637
1463
209
4681
2396
8227
3986
1141
1383
8115
3307
5125
4179
2771
4188
163
641
3890
5827
2622
3758
1184
3669
5045
3503
1495
1645
1970
3200
5439
1190
4760
590
2729
3316
1280
5489
178
200
7881
5721
7509
244
8144
1251
3610
5852
3203
4013
877
26
3180
1884
7656
6832
293
1219
2444
7828
2571
1328
3544
652
1945
2944
5054
2379
5511
4393
4003
7169
7323
4079
1053
4413
1003
834
2705
3461
2509
2855
670
1099
2701
4871
294
2344
4608
3288
8325
1943
2469
8569
3177
6466
3198
2290
3338
988
927
2845
2272
3662
2800
1265
3820
2352
625
8945
192
1626
816
1410
3841
1722
136
1867
6436
235
120
43
2283
2488
3428
142
3760
4047
374
3824
7383
3480
3403
2433
2736
2082
5974
3860
7476
2379
3711
479
1245
609
2936
261
162
1398
2910
4367
1509
5320
6409
2565
5005
788
7992
5009
888
1538
360
1933
4168
4310
7198
3739
409
752
2303
837
2491
4462
8026
1356
2295
4138
3252
988
2169
2836
960
5822
4684
4168
6693
7653
3032
6735
531
224
2809
606
1235
7444
3642
6416
4099
6408
5597
3865
3578
2584
4809
4226
948
4732
8070
4602
3646
2409
7134
7020
3594
2353
4755
9086
581
5275
1067
3881
2740
7330
951
6106
1407
5324
272
3500
3506
426
6423
5909
3470
2416
1460
5312
803
1119
5527
871
6214
1664
1818
3807
4344
4315
6852
3250
433
4923
72
413
3702
6804
8970
2294
8222
5535
5071
5156
5485
1788
1069
2954
446
5039
5078
352
3414
1598
854
5046
495
5708
6138
1047
5164
301
3523
478
2453
2494
1370
3377
5630
1631
6186
1215
7936
2143
1018
4083
93
194
3308
1382
7191
3029
4101
3243
1683
281
551
4735
4281
1495
5648
1069
301
1127
4200
1363
4631
4112
1887
6999
2194
3913
1706
2241
2067
4184
7830
4321
5352
19
4072
512
1537
1029
2045
7298
1300
7311
807
527
682
855
1952
1102
459
1507
5494
4374
2510
6496
2676
2207
4402
5583
2286
645
1084
3040
1788
3797
5348
472
5322
607
6133
6108
1020
6579
6795
695
1669
3494
243
6132
3759
3481
4186
2245
4686
455
3555
4077
8704
357
5062
38
258
530
4509
4723
1744
2734
454
4438
5266
6793
4204
2162
1967
7788
2408
1902
1495
4443
2716
943
2547
1548
6091
3418
5484
2155
1345
4004
3384
6991
1615
5335
3879
3138
3548
406
1257
4268
169
2118
294
2928
6978
1890
1854
3324
397
843
378
2401
2553
640
2087
5883
977
4797
1233
1830
4132
9072
7493
4193
5154
4129
3095
683
4069
7981
243
3158
2798
7038
5075
455
7393
1857
2330
3132
857
2879
3698
271
888
1182
464
3774
762
6815
1475
154
1705
2974
8050
4869
775
547
2814
3080
7935
6569
3985
939
2832
3872
7250
231
3005
5309
3199
1061
6960
4497
5440
885
238
1498
573
1224
3053
6580
2543
8195
670
435
826
455
4991
1195
120
37
1767
2447
238
4744
6692
2133
157
3597
1065
6623
8530
4968
6016
1396
3245
2261
3406
3421
4977
8206
179
859
831
7967
8501
3957
8067
8325
2549
1191
505
1180
7086
4467
3498
115
5008
7019
988
4637
3343
3859
2384
2327
4237
3709
863
3162
1338
2876
303
3068
5943
1808
5565
305
8071
3651
2541
4087
1027
7516
3377
2992
3228
3517
2177
1512
2053
109
5629
1001
1747
333
1919
6252
2623
1342
3182
2191
553
2944
8307
1457
3079
4025
7217
6138
4424
3458
179
4490
5592
6766
821
3606
5319
1900
5078
8799
8119
996
3464
1612
4868
4310
7814
3183
7513
1851
447
2817
4324
4504
4565
700
344
5207
3439
2010
1153
2973
7197
6071
4852
4382
3082
5350
3360
5780
4301
163
1691
479
7566
4395
3510
1445
5132
59
4057
2682
5483
7105
2354
6394
2669
5612
7461
815
3067
232
8389
1301
2068
1693
2104
2532
2589
2203
1398
3139
291
2475
802
98
5807
672
6448
4264
1319
7307
3080
9444
3797
4508
3172
1325
335
7609
4206
6036
1043
1448
2941
3702
4590
6231
2001
1313
6339
3597
6354
2457
2135
8289
4986
5911
3200
2052
492
7619
3488
6203
1552
1956
936
1594
2508
3063
6411
8932
285
5571
1997
2517
6583
2046
1291
5197
3395
1259
2682
766
3557
2071
4161
3418
2031
2519
2428
3637
1811
1182
1815
7551
2837
1716
526
366
5187
46
4749
9292
2063
3404
6267
4856
4456
4479
3653
5553
3719
2609
7658
916
2846
4122
2859
5834
60
2666
1758
5886
1029
4698
4652
4689
7764
6163
1713
646
7272
4604
5128
4348
1895
4250
1838
1911
2261
4351
2565
5822
2749
948
3181
6239
774
5633
2404
3673
1776
4591
2524
5699
5942
3704
3551
4320
1199
4690
367
3197
3751
296
5900
2214
1667
3271
1380
8473
7694
1089
363
4939
4976
3978
2489
488
365
5626
1249
4929
3117
5529
3269
1424
2761
6479
2008
7184
609
1852
1871
3933
1241
3768
2342
406
7277
5652
6459
1002
1641
6642
3321
5110
8214
4161
8568
1093
3021
6318
3034
3236
2016
8663
337
2605
848
3917
3631
1409
4191
725
3409
5609
781
917
209
7330
101
1235
1829
3334
8242
6953
2733
3616
1936
6275
1163
3521
632
379
4484
882
4568
8449
1335
1173
3578
5062
2468
1953
862
2668
1809
2372
4913
1493
7981
2018
1797
1852
3203
503
321
2311
144
4143
7579
1641
3465
1561
427
1908
411
63
2595
3009
6743
197
4344
676
2772
2227
2207
6141
3089
1872
2652
27
5682
6157
292
4212
2904
1000
2026
4183
2257
4677
6915
3110
113
6549
818
3694
5545
466
1473
1629
6365
3007
4558
6686
2898
691
2244
1620
2524
2836
1201
7087
4335
8339
4059
4246
368
3820
1378
994
3990
640
5921
3451
3086
427
5035
4192
2713
564
5496
2736
3985
1093
361
3987
208
4926
487
4897
4833
2776
3163
8193
3672
3411
8199
2387
47
1450
2409
1213
265
2209
1149
3975
6015
169
5253
5100
3826
1669
6430
3422
215
2089
2628
1686
4012
9330
4908
863
4666
6400
1969
1199
950
3979
3613
1813
487
4032
6730
5887
3088
2397
4869
4298
1592
3838
4650
4803
1930
6428
3215
542
682
3396
7138
958
4679
5156
3887
43
5664
681
8028
3363
1583
952
4843
2419
1461
2390
1912
673
1964
377
907
6575
3225
117
5630
1655
4468
3296
5562
1162
1353
6408
769
4575
260
1942
7642
73
748
2621
5062
4968
2248
4220
3116
5043
2322
1455
1016
3101
6084
4255
7031
3288
3080
4686
1716
489
2535
4734
2644
3288
1088
5475
4939
3901
362
136
2267
5066
362
1477
6087
1417
7114
2624
1564
992
6285
4437
2972
1183
2536
7152
5630
3728
4653
6117
5943
570
6180
168
1105
2348
1151
2986
3975
1611
6952
1830
3419
1335
5574
4965
414
2582
1834
2588
971
160
8534
974
3868
1960
1014
893
1687
1498
1876
106
1512
1459
3101
3729
5451
4798
5001
797
1723
4160
471
3611
3725
564
4761
6228
3078
4646
485
901
2122
3466
1809
3552
4776
2733
9302
1871
3900
5126
1172
2213
776
631
8131
3354
1835
1451
133
7306
2782
1469
6648
3991
4452
7490
537
1296
3158
1830
6298
4369
262
554
2544
3709
3060
7378
229
3847
1587
809
6012
2534
4521
363
4342
902
8284
5854
1126
4060
349
7039
6932
2574
2897
9022
5814
3455
1760
1280
8309
2454
3857
4177
1226
7088
466
280
609
262
1735
1693
1461
8314
639
5571
2805
3073
4442
4782
243
7554
1096
108
7210
1944
4094
1732
1972
3182
155
2610
5484
2794
1138
4189
1548
1489
4583
2923
