8052
90902
94185
184
1025
795
548
61
9
151
423
5
3249
38
9947
127
33
52163
130
19
20
2
18205
35151
278
16
67
556
68
55
27
60
9147
434
187
16
9086
92
50
31
27
18
24
25
9119
47
33
24
34
31
35
20
53
20
229
9050
42
36
51
14
10098
19
8868
10136
25
46
6622
16783
20
14
21
4
43
6648
54
10
23
32
11
50
343
206
50
52
21
63
19
55
16
22
68
61
27
11
72
21
2
45
9
28
59
188
20
19
11
25
31
62
66
11
45
48
9
18
28
12
9
25
55
60
63
9800
11
27
45
10
13
50
23
75
9
9
70
23
61
43
61
