16
18
64
13
32
54
62
31
65
35
3
81
18
65
23
54
42
18
8
10
24
57
11
18
38
11
16
24
5
59
18
37
63
78
36
37
18
109
24
18
33
10
110
36
94
12
10
27
40
64
17
52
9
10
65
69
28
20
103
18
2
38
21
20
87
37
62
15
90
25
58
8
8
105
100
18
2
65
20
23
49
24
33
3
149
45
28
42
11
81
3
9
17
22
4
21
10
10
34
52
6
26
49
80
28
26
62
55
15
79
69
103
9
36
56
20
21
13
23
4
45
58
31
3
6
69
24
122
12
106
45
125
3
8
65
71
49
7
24
96
14
3
102
18
51
5
62
64
60
14
26
76
60
62
15
48
51
59
25
98
32
11
46
31
5
42
101
48
27
64
47
26
51
65
23
20
52
6
9
103
58
35
27
39
64
25
48
26
7
83
88
3
9
32
5
49
15
58
69
26
15
46
35
12
70
29
40
65
20
9
19
60
58
22
3
10
94
25
76
49
146
91
54
80
43
87
60
105
3
10
76
70
15
116
22
29
23
5
25
105
62
21
101
92
26
7
35
10
10
82
4
33
38
46
39
53
33
13
91
12
3
7
31
10
3
45
63
23
46
25
41
26
50
9
37
33
29
5
23
19
6
7
17
5
25
4
33
24
29
27
50
8
27
37
49
87
26
46
44
27
