55
8837100 8892900 9138420 9146700 9511632 9529650 9617616 9904050 9905328 9995472 10168272 10180404 10245168 10519650 10967724 11157876 11287476 11342988 11879946 12268100 12332240 12696426 13174506 13195242 14349824 14646224 14714576 14733776 14861925 15027525 15214004 15321650 15477075 15617925 15887925 16008075 16344884 16367924 16541865 18733761 18806666 18879561 18990369 19073961 19100426 19529577 19800657 19823337 19850283 22884725 22991525 23021525 28379969 28660169 28661921
68
112431900 133702608 134553936 136342128 139508796 147904464 149986900 152947900 156843444 159939804 165970900 168010192 172274032 176076700 178293232 179411056 181883728 182692432 185072356 189782236 191027152 205941556 208910325 209151676 210240525 212228596 213034575 213363604 214312276 224286447 231100725 232833783 246698823 249091563 257779353 262515925 264339543 269178175 270300873 274516653 278332833 278583175 280329775 281483463 283827603 284193325 285456925 297194989 298479925 299203597 325527517 331089517 332831737 333771697 334004167 334084807 343707013 352021267 354203317 364174453 367706593 369120547 370362637 371158507 373441573 375505813 378632953 380316457
0
0
0
0
1
27563589
12
427232030 484196278 512283878 576763251 639864905 639971305 726294451 754776551 766317049 768428431 768774451 768817771
6
513874102 550579395 588954046 772266887 844221739 880935151
0
0
0
0
0
0
0
0
0
1
536444845
0
1
535951357
0
0
0
0
0
0
0
0
0
