0
30
210958480 233713552 244446950 245802184 248003094 251261552 251854150 265179550 266373410 271113890 275253410 312300166 321711682 328833382 330077086 365177425 392596175 408745405 413176405 413338495 452834797 454672339 460893613 467930797 471205871 478597237 486182261 486820847 488006039 492699343
130
21896070 21940170 22924770 23909370 24585666 24834894 25251810 25684554 25740726 25960074 26301954 26443074 26906946 27300770 28537670 28911138 29166846 29355078 29395905 29403294 29462514 29593794 29693895 30220998 30260418 30268245 31759665 32263154 32322770 32387870 32650430 33016515 33573974 33602210 33641594 33669110 34567665 35074606 35151314 35165774 35310891 35972115 36044565 36223341 36457113 36661034 36743894 37223319 37298289 37579935 37677615 37947441 38102379 38322014 38332119 38528133 38719442 38826694 38972109 39035014 39474501 39660033 39730251 39771627 39829994 40087042 40142795 40223645 40645929 41334055 41866895 42138145 42196053 42648693 42928077 43210353 43442193 43833845 43901673 44032803 44336463 44623713 45073721 45368727 45410403 45530639 46294985 46411309 46883315 47088349 47593469 48220249 48478969 48514039 48738665 49232735 50291269 50625323 51159269 51590819 51820699 51923767 51925069 52032281 52613687 52888087 53003753 53472551 53817643 53906039 54014609 54255289 54948709 55059379 55405163 55477433 55505731 56585509 57123757 57237487 57622567 57772343 58545763 58710497 59762617 59951747 60058613 60130817 60446209 60529867
292
90098820 97170120 100931544 104222790 105331464 106887420 107208108 107260500 107618520 110033532 110371170 112763430 113714784 114009780 114109464 116344998 116438340 117128466 118173090 118229364 119696500 119738664 120316704 120989844 121811868 121959852 122742444 124074750 124888530 124946244 127630668 128824524 130181380 130750158 131963316 135365860 136194894 137274786 137978556 138381324 138953646 139726068 139956318 140044905 140896674 140935494 142254966 142313380 142460598 142950186 143990226 144900896 145099674 146225358 146890782 147304420 148212714 149176038 149279500 149296374 150369894 150474222 151369842 151641112 152428052 154438780 156046854 158217010 158689578 159132234 159473046 161819595 162874292 162928870 162942798 163013732 163013754 163548945 164303456 164580885 165015064 165448544 166720125 168447304 169235794 170395990 171223155 171436125 171963250 172208584 173326750 174046845 174445990 174657015 174814996 174984579 175276748 175975618 177178743 177539445 177819255 178538788 178687305 178826571 180035972 180673318 180785241 181198738 181324065 181777012 182213505 183389661 183713636 183810298 184702581 185007394 185504348 186135116 186219922 187630989 187679385 188060301 188092755 188352598 188545305 189266931 190038982 190442259 191138211 191495746 191697831 192642375 193012138 193379949 193578555 194141505 194701125 195929625 196077987 196926219 196939605 197760381 198344674 199024606 199107441 199521345 200433321 200770414 200894253 201729231 201806355 202347145 203257383 203613195 206016327 206960013 208047634 209995426 210298978 212310501 212462842 213101259 213955539 214425621 214803831 214962478 216057586 216203517 216650665 216784894 217217734 217265446 217300599 217309306 217720161 218657601 219119211 219622869 220068549 220940125 221008617 221948973 221985291 222804219 223023573 223946847 224143887 224534061 224701713 225120123 225607077 225791125 226860621 227054841 227470375 227822245 228962305 231007947 231536883 231771633 233704587 233720049 234042411 235438945 235585299 236307505 237449875 237728365 238698597 239451207 240757851 241130931 242169171 243892497 244182579 251650763 253072375 256926295 257248315 258381739 259927945 260121625 260800771 261177763 261211769 264562195 266871829 267389545 268293085 268454785 268968917 269076685 269821223 270195895 270273595 271586695 271723309 276979079 277500013 277511377 279676313 280519099 281707601 283705373 284357563 285160589 285180371 286085899 289102801 289673183 290930893 291742429 291931991 292367251 295569521 296558183 296820451 298728463 298858549 299827541 300046613 301974061 302435237 302602079 305932729 308020913 309286883 309436411 309525143 312206899 314578049 315839129 316160869 316599499 317327221 319235233 320168909 320571947 321227351 321958739 323774369 324086713 325347817 325380137 325727869 325743359 325816969 325826843 325829927 325879733 325919579 326027519
322
163187220 173177940 177816180 184274940 185417940 185876220 186274020 194685204 195562164 198610656 200260236 204790476 206219676 207335076 212143386 212397220 213485196 217130916 217202020 217514676 217583490 217906284 218025996 218471124 219137124 220556316 221134908 221154204 221277940 222511908 223152924 223312308 223350108 223603764 223656924 223660308 223681884 225645940 228974564 230151220 230286940 231161034 236893206 236924324 239557422 240895420 241043322 241627204 241639086 242018620 242156226 248198236 248440420 248518420 250220404 251250370 252436756 252537366 252802228 253491364 253655022 253994884 254642646 254882404 255164924 256849986 258435354 258438126 259121406 259594804 260057084 260522164 260585444 260755964 260773806 260910244 264053408 264658208 265453276 265539508 268951930 271898044 272631964 272651476 272732284 272923684 276022708 276116386 276464708 276844724 282362626 282554908 284307508 285010204 285219124 285620164 287392444 288132508 288687004 289853884 289912708 290720764 291119804 291671284 293885404 294058708 294803764 295206508 295258804 295592644 295838985 295888484 296050684 296221844 296222458 296258884 296623396 296845324 297752524 298273124 301507234 302531385 304090654 304349794 311868766 313164046 314624206 317381205 318711646 318941326 322972546 323043465 323073946 325811415 326089065 333628018 334533801 337393354 339732766 342387129 343430926 345425986 345971194 346204546 347992114 348050218 348076018 348078418 348521277 352117389 353077257 355014777 355408287 357782007 358543911 358762107 361578477 362222367 362870157 362958297 363195807 363410697 369891933 377763627 379465765 380106777 380273845 380505265 381046251 381409527 381861741 381891261 381948747 384679011 386309307 386381487 386759661 387885891 387922917 388929541 388937379 389151051 389199711 389398953 390317313 390804873 390982503 391325133 391439973 391528743 391574823 391579053 391580913 391650333 392146885 398903065 401667565 402751765 402899965 403182715 412768465 420916465 422882369 423037069 423327541 423691541 423795229 423980215 424116505 424208755 424287773 427125629 429320545 429573715 431975095 433223215 433517365 434627065 434970265 435053365 435073465 435167035 439188607 441912757 441954989 443004991 443953081 445264141 450727669 452452609 452757781 453619777 454204429 454616309 455369173 455439719 456356999 456541729 456728489 456797509 456805223 457218281 462574177 462985171 463881457 465034207 466844851 468192127 470891641 471059797 471810001 472088227 473798149 473803231 473879393 475055911 476187517 478085311 479126713 479253151 479695957 480033307 482011933 483502513 483849353 484614013 484641053 486651181 493835611 494921701 495333313 496138171 499577503 500003233 500741407 505428619 507391873 509212493 509302861 509439103 509462761 509568313 509860933 509998103 510332213 510653449 510964213 512898583 514283023 514472263 514833313 514888513 514947593 515713013 516079933 516421889 516842863 517355479 517460473 517499911 517647313 518352113 518462689 518597083 518636263 518902759 519170983 519199123 519284111 519610639 519614999 519777199 519850069 519917053 520135661 521074553 521869193 521976073 521993273 522088393 522137113 522153353
216
246038580 248034696 260615784 266538870 268816980 272301780 273007380 276410680 276654084 282105396 284831052 290686836 291601824 294331812 300714348 302093540 304355496 305658984 306181992 308304220 310383012 316657290 317416660 318391770 318939460 319850154 322583916 323187872 325715892 327136596 327721908 327782388 328052148 331696456 334886538 340349634 349462074 352955176 353992314 354909594 354929538 362918658 362978860 363084460 364061380 364128580 366146456 369969124 371180056 379992918 380596244 380904172 382211396 382266858 382506964 392721602 394765844 394877470 400795486 400952596 405668468 407933564 408123256 408394124 409756052 412186036 412641658 413902612 414008524 414621298 415051732 417529396 418611316 420311295 420773145 424540390 428290132 429423735 429772095 430179964 435579412 437093372 437280412 437299132 438489909 444237105 444781162 445446442 453116079 471872518 472009798 473279794 473367154 476551245 477264045 477826479 481896202 483960058 484788154 485541178 488200714 491919886 494356318 502992526 504228154 504379089 508561982 509708266 510051994 510144766 510231118 510239146 512082621 514625049 515314137 520941003 525356337 526250307 530116197 532365873 532777557 537294939 538317393 541266009 545386659 548341077 550170741 551074809 552513185 557196115 558144265 558218649 559665129 562699345 563478969 567256611 567674193 572723139 573531897 574000617 574091277 580538365 583176815 583718245 592316335 598763245 609751961 613958653 615013763 619291757 619498243 621332803 621932129 622691395 632023651 636284369 637255945 640680469 645185489 646249891 648985909 650667589 650704153 653825893 658449727 665350873 666990737 668902409 669232781 669609661 669611621 669773153 671291699 681163561 696653683 700822573 707194163 709783139 709851311 710408491 710470657 718523779 721718663 725729909 730711909 731804869 734450723 739939843 741946277 744106663 744323143 744671933 746325829 746463589 748207261 748234783 749422253 749508013 751411669 752697397 753527189 755886773 756342397 757006093 757906621 759107773 759870541 760855783 762417269 762487903 763070111 764564117 765155773 765265483 765305263 765369023
0
0
0
0
0
0
0
0
0
1
602095871
0
0
0
2
692305827 876920699
0
0
0
0
0
0
0
1
385912136
0
1
297849113
3
246691126 269117614 403676423
0
0
0
0
0
0
0
0
0
0
0
0
0
0
0
0
1
373260614
0
0
