13
109506160 130937008 131165488 155590094 166996894 169432598 169693894 204589075 204946075 211414565 249590101 254564143 254569963
224
54168240 56449008 58953720 59766960 62754384 63833520 64174950 65361450 66171504 67475376 68127312 68722896 69594168 70745304 70785264 71019450 72256240 72491790 72740208 72887920 73228944 73649800 75075280 77016648 77153712 77906352 78104550 78952350 79166424 79962640 80473350 81503850 82606566 83057968 85122640 85482894 86469520 86718128 87026920 87160150 87167286 88009482 88201575 88428368 89377456 90395704 90813258 91040656 91144614 91642672 92637424 93090550 93343390 94176712 94422064 95631184 96485950 96668530 97029808 97346118 97681744 97823565 97878064 98053725 98534608 100000816 100642422 100815376 100924662 100957134 102734248 103392975 104047312 104216144 104221755 104433544 105173272 105430275 106448925 107011690 107239624 107379525 107816650 108369850 108523150 108750495 110190766 110296515 110601975 111154078 112013398 113656575 114420225 114489802 117809062 117909106 118061535 119093655 120014355 120552675 121728675 121943026 121978054 122667645 123032547 123236043 123377518 125067591 125346838 126189034 126223995 126331185 128257563 129778075 129812026 130506999 131172027 131363073 131866018 132485619 132534003 132901615 134540811 134670526 134711386 134718154 135497075 135710787 136234251 136646301 138169325 138719757 138753021 139652275 140436183 141691227 142251025 143191675 143836023 144485637 144745975 144927895 146036379 146310249 146615709 146859927 147127015 147162295 147534475 148112463 148753929 149423725 151384731 151445371 151503069 151609075 152627725 152934475 153349855 153960325 156251275 156718639 157524025 158683763 158812585 159764065 160536445 162573925 162818665 162837725 163629145 164336501 165724495 166335685 166750759 167695843 168088285 168320965 169121323 171085663 171563903 173183941 173915539 176369879 176574083 176678453 176734411 176747641 176790103 176792819 178467883 181027687 181919873 184022011 184511107 185028547 185088079 188090389 189332593 191866123 192653189 193543459 193634897 193707817 194617459 195166549 195227971 195574009 195645433 196379069 197308343 197570563 197617939 197822329 198426229 199351681 200217151 200550653 200634613 201708337 202009183 202056857 202093369 202101037
0
0
1498
9720480 10123680 10258080 10288740 10528980 10641120 10670880 10877280 11096580 11146080 11298336 11302620 11466420 11684820 11701536 11705820 11819220 12009120 12010080 12055890 12132780 12164640 12184480 12205830 12231780 12324180 12353376 12369630 12407010 12454176 12548256 12560730 12602436 12608220 12741330 12777420 12835380 12879636 12913980 12923988 12924420 12925770 12951708 12970230 12974820 13053216 13097370 13221852 13256220 13281828 13305696 13375362 13380576 13381170 13397820 13399230 13403616 13413876 13484256 13491420 13552620 13573956 13586430 13591956 13594656 13603020 13604820 13618140 13627140 13629630 13644330 13687674 13692576 13701030 13704108 13769364 13775136 13785504 13816308 13837530 13844320 13846602 13862730 13968636 13995930 14018730 14099484 14138916 14138976 14191520 14199510 14228004 14258860 14280924 14289504 14293524 14323540 14324676 14349280 14350830 14388576 14396620 14412396 14424036 14425554 14439630 14454880 14471904 14472510 14474976 14493930 14497230 14506338 14534660 14598048 14635830 14653660 14674530 14693406 14706516 14768556 14815220 14835876 14853920 14859564 14866720 14898630 14904736 14906346 14922996 14924010 14944480 14950230 14950716 14962596 14995820 15039930 15047648 15062010 15079170 15095130 15121722 15132030 15142880 15170848 15176238 15177804 15188140 15190266 15191022 15199338 15204030 15206430 15217566 15218130 15246510 15295530 15298220 15299830 15330930 15363444 15364986 15392004 15397764 15443106 15448180 15464288 15466830 15470238 15510324 15532116 15542780 15563058 15583236 15585330 15585906 15597820 15620178 15632670 15662316 15663620 15691044 15708320 15717786 15729056 15735020 15772614 15776068 15790116 15795066 15804220 15825376 15827420 15838170 15845830 15856820 15866670 15869420 15871524 15874720 15880170 15895830 15901314 15909324 15912084 15913356 15916830 15918330 15943998 15984906 15985508 16016322 16021434 16025020 16034502 16039086 16065546 16113790 16116640 16118148 16144436 16189338 16239846 16269564 16293084 16316384 16335084 16337604 16362016 16368220 16368594 16379724 16383774 16389804 16390686 16393548 16394844 16505214 16508020 16525542 16561986 16568420 16582412 16586526 16599220 16610646 16632546 16654330 16660842 16665824 16678496 16683590 16684820 16685994 16687986 16690506 16709406 16724334 16726820 16728530 16783690 16788174 16801746 16808330 16827620 16830066 16845290 16846626 16865030 16867266 16869664 16901024 16926620 16983102 16992430 17006290 17030944 17058820 17070140 17079220 17090656 17109786 17161386 17170510 17183012 17233086 17249020 17273696 17273874 17280020 17308420 17330684 17348826 17360630 17376730 17379654 17389988 17417166 17421020 17421536 17447420 17447826 17457140 17470266 17486106 17505530 17515372 17527090 17538846 17552620 17563326 17575820 17591770 17618406 17635220 17660896 17663884 17670590 17676230 17682016 17683926 17686266 17703582 17715282 17737930 17783646 17796790 17822805 17850070 17871726 17910452 17916724 17918886 17931430 17938482 17948924 17992820 18009426 18018130 18076580 18096906 18102580 18106820 18119530 18122804 18131466 18131682 18148820 18150730 18167930 18170144 18176946 18196820 18201470 18207726 18248982 18255882 18259746 18259930 18296572 18302646 18315110 18322386 18324906 18343724 18382304 18384736 18398526 18400270 18406892 18409430 18413984 18415456 18419766 18430926 18446372 18451730 18480282 18485698 18505270 18523616 18526506 18529070 18536518 18542030 18545870 18560444 18560946 18570066 18581826 18603596 18615666 18617235 18617946 18620602 18627770 18646566 18650382 18652448 18653830 18659936 18667870 18698464 18703626 18710346 18714212 18714606 18715606 18715708 18723404 18738246 18754746 18755396 18793005 18799858 18803764 18808630 18885405 18893526 18895058 18897076 18926355 18956564 18982014 19012796 19024082 19026735 19049758 19057184 19058030 19059126 19062114 19078268 19080124 19082526 19092255 19103644 19111204 19115826 19119188 19133205 19136814 19137126 19138326 19146530 19152716 19160036 19191584 19208805 19234468 19247655 19259786 19265505 19273430 19276642 19308064 19332604 19350370 19356704 19401248 19408305 19421930 19484530 19494566 19505955 19517972 19536706 19597370 19601530 19606508 19641970 19681444 19698404 19720918 19744582 19768190 19790295 19801436 19806105 19807305 19817444 19845518 19860555 19861485 19887686 19894724 19906730 19950645 19966070 19988770 19996438 20003324 20018306 20052435 20064316 20082634 20102230 20119930 20141630 20142705 20195098 20205614 20207764 20225330 20233906 20244705 20251730 20277166 20284418 20292130 20326204 20362706 20364806 20372506 20376818 20382945 20410455 20426830 20440222 20453055 20455526 20464030 20514795 20543324 20545486 20560004 20570930 20575646 20584484 20595530 20599138 20613866 20614630 20630246 20635485 20642870 20647570 20653545 20660542 20664170 20680636 20686844 20741230 20751045 20765770 20767430 20780684 20783805 20801438 20804690 20813524 20814045 20832526 20844970 20849829 20856045 20857964 20860724 20862555 20881148 20887035 20894948 20898766 20921306 20932185 20945644 20956138 20956215 20992570 21003244 21008246 21028371 21034004 21034690 21081364 21091917 21099964 21121370 21121478 21126370 21129555 21129884 21160570 21176170 21183004 21201970 21210524 21216770 21217546 21247190 21253964 21255244 21256186 21258970 21263055 21278686 21293444 21300566 21308235 21310364 21353241 21354548 21361046 21388324 21402381 21407918 21414118 21424755 21428084 21448185 21459998 21460426 21474044 21499226 21499724 21535346 21536998 21538946 21578986 21584409 21592804 21597898 21614642 21635698 21637605 21638518 21647542 21676046 21679185 21690266 21698026 21725535 21725636 21733305 21744866 21745738 21785836 21817185 21819435 21827685 21832305 21844804 21860836 21873604 21875906 21878404 21896578 21897212 21916635 21930238 21934726 21938714 21973809 22004606 22045335 22049391 22070505 22086141 22086285 22103835 22136295 22144934 22176466 22176994 22191182 22202986 22224026 22229086 22250494 22265054 22265529 22287255 22289834 22302014 22307474 22315454 22322542 22364386 22377355 22391535 22403018 22415685 22423726 22424842 22437118 22441606 22453005 22464026 22486893 22500946 22508835 22518111 22538098 22567138 22568942 22571186 22572506 22612821 22620818 22630155 22647326 22677655 22681646 22694282 22733085 22747989 22758351 22774485 22796966 22818406 22822035 22837018 22844566 22848566 22859386 22876161 22886835 22890021 22904427 22925786 22937055 22957786 22974038 22992855 23007621 23007766 23028005 23034885 23058358 23073585 23075355 23091046 23096931 23121394 23137246 23138661 23140605 23147846 23158545 23170371 23177086 23179611 23181105 23191978 23193795 23195361 23202446 23224335 23247885 23291751 23299005 23305555 23308406 23312846 23316526 23334466 23359105 23360326 23371766 23377982 23390666 23453146 23499554 23505765 23506161 23507426 23523801 23533354 23536378 23538866 23566641 23577674 23593466 23596766 23614955 23623234 23643142 23655866 23676746 23715806 23726715 23733506 23761065 23772777 23778755 23819506 23824941 23831841 23837434 23839815 23849735 23855415 23881965 23882901 23895015 23897506 23900865 23909415 23933481 23953881 23970094 23996931 23998934 24012194 24027154 24051634 24073077 24115371 24126655 24139167 24221769 24229401 24251871 24260061 24285194 24295677 24328894 24349101 24349594 24368186 24373606 24379341 24396411 24405806 24408106 24431631 24441974 24448646 24496745 24552806 24565255 24603267 24634646 24638366 24639681 24645291 24666266 24708934 24725774 24760174 24792946 24796821 24819686 24822466 24842829 24845486 24849934 24864314 24872199 24880246 24880911 24881894 24904454 24912489 24922826 24932391 24938414 24946701 24955437 24956679 24970341 24987655 24994389 24994959 25000287 25014434 25014605 25016439 25024334 25029646 25042521 25071946 25075149 25083471 25095189 25101321 25118555 25153874 25162334 25169114 25171126 25181606 25186846 25200634 25216966 25236321 25242458 25242477 25264569 25276195 25287999 25356111 25360401 25368805 25370817 25383995 25394354 25415005 25415391 25449458 25475439 25484511 25486754 25490534 25495058 25502558 25515458 25522274 25526834 25529234 25530434 25531874 25550187 25567881 25605417 25638171 25659205 25661721 25689755 25693161 25724451 25744917 25794681 25846851 25850931 25852047 25855467 25870821 25919067 25976841 26002401 26032435 26062581 26079027 26132995 26138945 26141181 26182761 26190957 26193711 26201571 26232261 26236617 26249421 26260917 26269881 26276217 26283081 26293611 26309855 26312529 26348455 26349927 26379605 26388845 26443445 26469205 26472655 26473659 26483695 26495061 26509805 26532935 26575539 26575887 26594855 26598381 26608647 26619177 26671137 26679747 26687193 26765795 26795755 26820605 26892845 26897395 26903305 26924889 26937911 26973339 26996289 27019405 27022911 27058611 27061161 27175251 27205197 27208977 27305215 27314155 27324897 27328301 27357995 27360685 27408755 27415977 27420117 27422465 27448671 27451167 27465531 27482585 27551195 27573205 27613685 27618861 27645145 27645995 27648205 27657411 27674405 27683031 27687657 27706835 27708141 27723021 27725495 27738831 27739947 27741837 27742055 27769595 27782871 27789545 27822095 27826715 27840295 27848821 27858867 27861995 27865689 27868715 27874055 27875995 27878455 27886191 27889881 27898871 27899905 27909681 27916135 27917187 27932757 27935637 27938905 27943077 27950289 27951935 27966297 27985857 28004015 28006689 28015431 28041805 28055721 28073517 28086783 28087085 28106705 28141203 28150197 28166907 28169141 28177557 28183521 28183805 28202487 28208695 28224897 28244255 28264371 28286961 28293785 28312361 28333131 28355855 28362103 28413205 28414555 28438501 28439555 28515183 28532273 28573105 28574161 28594353 28611123 28622305 28636993 28650355 28659895 28670551 28688095 28689933 28693803 28704243 28717203 28721523 28794505 28815941 28887131 28900765 28957621 29030255 29036645 29088895 29099915 29113645 29140885 29142355 29174327 29180855 29183605 29214245 29230663 29239355 29274791 29305661 29319335 29337581 29363257 29404991 29415655 29437795 29453501 29454061 29513071 29540441 29550365 29695211 29727061 29759401 29773051 29796053 29902415 29919745 29965645 29986045 30005765 30035345 30040003 30049591 30154481 30159311 30192605 30229015 30283745 30345119 30363641 30371201 30401515 30440615 30452851 30454277 30468215 30482179 30493001 30514045 30547415 30590989 30594641 30599261 30602765 30618365 30632495 30633911 30680855 30696211 30725495 30725605 30741431 30778319 30787495 30797105 30803201 30817195 30837079 30876415 30885481 30887311 30903545 30910105 30923321 30935365 30942499 30953495 30986015 31020415 31041881 31076165 31087915 31094495 31135013 31135687 31158965 31172915 31254065 31258105 31280459 31296031 31312165 31322645 31361351 31367941 31370795 31377215 31398845 31401355 31418545 31456019 31458959 31499419 31521451 31527979 31552865 31593991 31667209 31668769 31690865 31711511 31805465 31818269 31848365 31857365 31862699 31867565 31868501 31907765 31914869 31931471 31933435 31975531 31979269 31989251 32026787 32071249 32110421 32132863 32154551 32206139 32256791 32291581 32298931 32300411 32398651 32413409 32420531 32424821 32425771 32446211 32456567 32478017 32506481 32522749 32532311 32549101 32562481 32581199 32600939 32603351 32666921 32748821 32764831 32767763 32803841 32808461 32851291 32887217 32895629 32896829 32904319 33017281 33123701 33177661 33218899 33241021 33241417 33312487 33315529 33322601 33324401 33378863 33380831 33401263 33419099 33440113 33449479 33453017 33456467 33469117 33476201 33492949 33497359 33497863 33499039 33499459 33554851 33591041 33595661 33605507 33605923 33730631 33769571 33790031 33802847 33811297 33841441 33865637 33880517 33892547 33942319 33963631 33965261 34028401 34045121 34066681 34100677 34128721 34132901 34157071 34173791 34185371 34192367 34203881 34217521 34240771 34251607 34289981 34302301 34310111 34353451 34383061 34383701 34427941 34496621 34497671 34569197 34610537 34638131 34699571 34725611 34729721 34773713 34788851 34800359 34801429 34804211 34941731 34947209 34970581 34984631 34993787 35012401 35044871 35045681 35084159 35084731 35086931 35092879 35093147 35100869 35129089 35170151 35252113 35255711 35260091 35301809 35303333 35304631 35320157 35360491 35367973 35379497 35382211 35424041 35436449 35482261 35485333 35509769 35530573 35536447 35544361 35563819 35598881 35610647 35646757 35687369 35713091 35725141 35758973 35767211 35787137 35800381 35812471 35865047 35906329 35914829 35943911 35972969 35982871 35988551 35999489 36016241 36030431 36042173 36043349 36065741 36068509 36083407 36113249 36120223 36128987 36140249 36152201 36283201 36380963 36433633 36554383 36578303 36604831 36619013 36639023 36647993 36661103 36667003 36753433 36775579 36824453 36885281 36896479 36929029 36967531 36997319 37027981 37045279 37054331 37056989 37110289 37118981 37151183 37158353 37205081 37231379 37290599 37303481 37317389 37335223 37361099 37367303 37385539 37410103 37414679 37423703 37430773 37433479 37449173 37454093 37483669 37492253 37551119 37583069 37620131 37663679 37669831 37673381 37716079 37721459 37733543 37747139 37771963 37803709 37806731 37809199 37837999 37846031 37858319 37861739 37866749 37879909 37881433 37903823 37912453 37928873 37938139 37945903 37949981 37951853 38120353 38167813 38243593 38274913 38293273 38299873 38302753 38304433 38305853 38320127
0
0
0
0
9
306669380 325324518 337020164 371164796 398670194 487986783 596428283 602115293 628672229
0
0
0
0
0
0
0
0
0
0
0
5
152514369 172939329 187351797 249348889 251616889
1
10592717
0
1
114969922
0
0
0
1
224479106
2
382379561 384265001
0
0
0
0
0
0
0
0
0
0
0
0
0
0
0
0
0
0
0
0
