16
75813306 79740186 89778915 105074582 106374902 107734833 117710133 119619033 119661621 135000887 138991061 146190341 154138973 158941931 159574031 159580571
70
155870760 186157704 209746854 217515256 226012602 227513704 231680154 232702194 239001832 246795370 247503016 248215336 249275032 257422030 259682470 285763258 294749698 298164502 304656634 305075194 307865458 310270858 310760806 311032378 311268106 311674654 314637399 315281943 321483657 337925487 340967515 342738681 346812441 350644101 350709477 368999095 374880535 379555195 383182285 389584135 389677195 407872171 414356437 419552129 424746949 426620689 437617451 441460199 441750997 442829029 443962949 444231989 447271087 449887237 454820417 456663569 457637689 457870663 461152949 461869951 462783557 464069989 464293099 465406709 466313357 467121527 467257069 467374493 467426287 467532757
55
2770092 2943756 3039828 3079284 3224060 3281316 3290964 3316308 3421340 3482082 3611048 3645260 3826844 3832088 3869012 3899636 4006028 4053236 4069364 4150436 4191278 4274252 4329452 4368788 4376252 4404956 4411892 4490655 4738838 5167287 5223177 5330247 5388981 5610021 5734221 5744049 5803557 5987735 6125885 6382115 6609323 6732479 6770813 6885671 7013747 7110779 7132229 7157111 7274321 7472783 7590929 7645877 7724333 7727039 7732187
0
0
0
0
0
0
0
0
0
0
0
0
0
0
1
574761333
0
0
10
417679580 500854412 542983454 563867343 585554427 607241871 730939295 856243139 872307599 875571407
0
0
1
78617738
0
2
125046076 217369879
0
1
150014979
0
0
