0
2
1280 2042
1
6362
3
530 901 971
0
0
1
7459
0
0
1
6219
0
0
0
0
1
9949
1
3943
0
1
4637
0
0
0
0
0
0
0
3
198 250 467
0
0
0
0
2
3908 4562
12
1640 1768 1780 1888 1972 2008 2314 2378 2518 3497 3649 3779
0
6
2920 3544 4234 5545 6497 6659
0
1
3754
4
3388 4252 4719 5583
6
2964 3892 4108 5421 5529 7663
0
0
0
2
985 1187
2
3711 4951
0
2
3474 5042
0
0
0
0
0
0
0
0
3
796 1047 1399
0
0
0
0
2
4105 4931
0
0
0
0
1
1021
1
3931
0
0
0
4
3130 4705 5321 5651
1
7297
0
0
0
0
0
0
0
0
0
0
0
0
0
0
0
0
0
0
1
1108
0
0
1
643
0
1
7295
0
0
0
0
0
0
