361
18462360 18779880 20002440 20111112 20776728 20844648 21811080 22180872 22357566 22750392 22773576 22813272 22901592 23412024 23771352 24311610 24469074 24648168 24792312 24947622 25014936 25082328 25212040 25218696 25566786 25877082 25900230 26018454 26591754 26770422 26990766 27204330 27230826 27297918 27315160 27373458 27561666 27722680 27767394 27950778 27990424 28035678 28308952 28475706 28514514 28795816 28985992 29003538 29208222 29232070 29734810 30091390 30290008 30670408 30683442 30823662 30956358 31283526 31490235 31517886 31530162 31626066 31852216 31875222 32059938 32131254 32532465 32638815 32683566 33152872 33200145 33310515 33443656 33488805 33583912 33618136 33807112 33856168 33902253 34117065 34161496 34346295 34534210 34713063 34772776 34843096 34860424 35119714 35328405 35659155 35675829 35896810 36020523 36021454 36058162 36221170 36260854 36293710 36335655 36501705 36557458 36658845 36710793 36730287 36855238 36976366 37056586 37080358 37433151 37532614 37628265 37637974 37832697 37991457 38121874 38199502 38408194 38457153 38563833 38594415 38633745 38850915 38852121 39084843 39143181 39158427 39168705 39212613 39254494 39422397 39487755 39606982 39617535 39703485 39713686 39925137 39929602 40193391 40197886 40199193 40213515 40219443 40252317 40260429 40486743 40537203 40735023 40844865 40985379 41078751 41151117 41190933 41287197 41329737 41381373 41618829 41713306 41785233 42002577 42035566 42092854 42133743 42323499 42399909 42408399 42512349 42710926 42720514 42721917 42744603 42793113 42841281 42856653 42858369 42865431 42904426 43040554 43057318 43136841 43138822 43485123 43529079 43530562 43603642 43686453 43889335 43979979 44030391 44042319 44062731 44098641 44505429 44731263 44736357 44817861 44978605 45031809 45088855 45335185 45386635 45751195 46034169 46120585 46167205 46247361 46249971 46367733 46413561 46441149 46478199 46515363 46621383 46781517 46845273 46939983 47057691 47210799 47321283 47408703 47441001 47483755 47534095 47640081 47857791 47885151 48024115 48063819 48224049 48353091 48412527 48449883 48529653 48751549 48819027 48850045 48937803 49003953 49032969 49050579 49079107 49172665 49694519 49874605 49923181 50184673 50549177 51076123 51155363 51301957 51384835 52151455 52205461 52276609 52483765 52639705 53173153 53490505 53545015 53618905 53782735 53846005 54082987 54101365 54162521 54170221 54299605 54391547 54447655 54491755 54527977 54527995 54638059 54677371 54887749 54924247 55124041 55144691 55233227 55334839 55627397 55749379 55771093 55928047 55985041 56096789 56183141 56252977 56299747 56377279 56510047 56753323 56935067 57168797 57200717 57213751 57353131 57696673 57782791 57805297 57981121 58194967 58437907 58708157 58776553 58907299 58937107 59178103 59238409 59420087 59571403 59722339 59840633 59919871 60058681 60399841 60547891 60593413 60746887 60776231 60805663 60878677 60947767 61024577 61297211 61437319 61495051 61575989 61660723 61682963 61699307 61933357 61937663 61995961 62161901 62628793 63065687 63241891 63264583 63277541 63831499 64100837 64264051 64327567 64365803 64383581 64417153 64468661 64470661 64615601 64621537 64740917 64790303 64820867 64865701 64899733 64925011 65251481 65296801 65381123 65386721 65413981
0
0
0
0
0
0
0
0
0
0
0
0
1
626994026
0
1
984862429
0
0
0
0
0
0
0
0
0
0
0
0
0
0
