52
83439780 93921036 99613220 99650436 102068196 102129396 108471714 113475020 113689220 118626788 119325332 127940996 129497186 133204196 133766324 134981876 136565204 136612604 138746985 139001618 139010186 147517526 147795986 148930305 148939485 158165786 159381374 165230169 166203141 171051549 175228827 177169227 177864441 179083977 179201481 198864809 199058855 204207101 208959401 212745377 221628251 221747591 228359801 228373877 232240721 232623791 233062901 237731951 237754001 238554131 239030549 239040749
88
170095380 201503148 216845916 217198716 228413796 243374676 247830036 251093180 251225844 260812916 268456916 279139820 286989332 291787026 292900506 297457028 297675105 305673236 306834476 309411596 311041484 316234905 317293305 320105876 320626676 328900916 332350364 334093964 334746044 334832444 334894244 334967804 348695529 352364649 357211491 362881766 379489551 380108211 383813871 384023031 385514606 390720926 399735141 424658301 425906241 426079581 433703877 437681877 439425155 439537677 439567341 439571427 451562735 456435161 466822955 468385355 473432141 476282261 484893521 486516401 488494715 500775401 512684921 512782571 512919449 514741019 520157339 527312201 534942881 536984261 541485191 544149281 560198861 561112121 566582381 566891141 572236631 572364311 575246351 575674277 576610877 577171631 577788941 580211999 581613899 585972899 586138199 586142831
104
89615904 100822596 110768124 112024780 112781920 113196640 116253948 117079548 119455820 119492576 121354870 121627744 124485042 126885580 133573326 133713356 135344224 138316310 138386464 138468448 139573324 142614604 145231702 145632214 146387884 146563324 148579190 149436044 149985548 151090684 151464748 151836470 154206604 154960834 155292566 155605395 155692036 156322204 156451414 156835966 163835763 164951254 165095062 166866326 171736414 176526566 176738126 177041374 177640774 181355654 181520134 181750358 182211734 182268358 182385934 182394274 191367295 195939535 199845843 202734895 204210003 204987603 205185363 206187865 206303279 210680665 213458063 225337115 226324115 227945215 227984215 229650799 234056291 234308249 234722299 235137727 238594939 244884431 246653297 247690267 247996639 248480639 251885023 252584623 252998083 253886243 254115563 258121999 260115439 260403743 263286043 267073903 267706763 269023003 270346963 271262263 271862363 273070123 273119443 273201623 273546223 273574003 273620023 273629843
76
394775130 434244162 449161386 460561990 466669338 468588486 468939162 474963666 484389730 518464090 527902930 528148630 528425270 546686098 552692378 554118866 579009178 580681882 585735105 592170405 593007158 593698785 605321866 618468958 622367446 624041618 625303106 627076882 627893366 629190998 631778506 633798986 633893786 653055909 671117721 692635055 700107321 700163337 701819841 705233409 713202681 713206587 723754405 756637555 779713505 782955383 789722455 791864705 792359705 820734383 823462541 824109601 831189121 832058101 855560453 859078891 859721797 870766721 881388953 897434981 897852671 898127161 898322959 907994621 910338137 924393511 930109931 934301141 936200581 936664891 941175671 943925791 946234711 946390421 950950459 950987309
2
6911530 11749601
0
0
0
0
0
2
228635959 231854251
2
424872206 579371215
0
0
0
0
0
0
0
3
155057262 206743022 284271647
0
0
0
0
0
0
1
279093286
0
0
1
180369911
