668851046
1073404836
1068934157
1073735144
1073735144
1070715625
1070715625
952676493
1073735144
1073735144
1073735144
1073735144
1073118231
1073404836
1073735144
1073735144
1072222973
1069277731
1073118231
1073437672
1073404836
1073735144
1073735144
1073735144
1073735144
1073437672
1073735144
1072291399
1073735144
1073735144
1071271543
1073059369
995057360
1073118231
1073059369
1073118231
1072814768
1073735144
1073735144
1073735144
1073437672
1073437672
1073437672
1073481380
1073735144
1073735144
1073735144
1073012386
1041920628
1073735144
1073735144
1073059369
1073735144
1073735144
1073059369
1073735144
1073404836
1073735144
1073735144
1070718735
1072222973
1073118231
1073735144
1073735144
1073404836
1046216368
1073437672
1073735144
1073404836
1073735144
1073404836
1073735144
1072291399
1073059369
1073735939
1073735144
1073735144
1073735144
1073735144
1062175605
1073735144
1073735939
1073437672
1073735144
1073481380
1073735144
1073735144
1067083943
1073735144
1073735144
1067913498
1073437672
1073735939
1073735144
1072222973
1073735144
1073437672
1073404836
1069277731
1073735144
1073481380
1071478113
1073735144
1073437672
1072222973
1073735144
1072222973
1073735144
1073735144
1073735144
1073404836
1073735144
1072222973
1072291399
1073437672
1073059369
1073735144
1073059369
1073735144
1073735144
1073437672
1073437672
1073735144
1073735939
1073735144
1073735144
1073118231
1073735144
1073735144
1073437672
1073735144
1073735144
1073735144
1033105248
1073437672
1073404836
1073735144
1073735144
1073437672
1073481380
1073437672
1073735144
1073735144
1073735144
1062920877
1073735144
1073404836
1073735144
1073735144
1073118231
1073735144
1073735144
1073735144
1073735144
1073735144
1073735144
1072291399
1073404836
1073735144
1073059369
1068538971
1073404836
1073437672
1073735144
1073735144
1073735144
1073735144
1073059369
1073735144
1073735144
1072222973
1062650673
1073735144
1068365609
1073118231
1072222973
1073735144
1073735144
1072291399
1073118231
1073735144
1072814768
1073735144
1073735144
1072814768
1071271543
1073404836
1073735144
1073059369
1068934157
1073735144
1073735144
1073404836
1073735144
1072222973
1073735939
1073118231
1073735144
1073735939
1073059369
1073437672
1073118231
1072222973
1072291399
1073735144
1073735144
1073735144
1072554393
1073735144
1073735144
1073735939
1073735144
1072814768
1073437672
1073735939
1073481380
1073735144
1073404836
1073735144
1072291399
1073735144
1073735144
1073059369
1073735144
1073735144
1073735144
1070689573
1073481380
1073437672
1073404836
1073735144
1073735144
1073735144
1073735144
1072222973
1072222973
1073735144
1073437672
1073735144
1073735144
1073735144
1072222973
1072222973
1073735144
1073012386
1073735144
1073437672
1072291399
1073735144
1073735144
1072291399
1073437672
1073735144
1073735144
938560562
1073735939
1073735144
1068934157
1072291399
1073481380
1073735144
1071220691
1073059369
1073437672
1072222973
1073118231
1073404836
1073735144
1072222973
1073404836
1073735939
1072291399
1072291399
1073118231
1073735144
1073481380
1073735939
1073735144
1073735144
1073735144
1068537583
1073735144
1073735939
1073735144
1073735144
1073404836
1073012386
1073735144
1073735144
1073735144
1058598964
1073118231
1070689573
1073735144
1073735144
1068934157
1073735144
1073059369
1073059369
1073059369
1073437672
1073735939
1073437672
1073735939
1073437672
1073404836
1073404836
1073735144
1073735144
1073735144
1073735144
1073735144
1073735144
1041920628
1049798543
1073437672
834842224
1073404836
1073404836
1073735144
1073735144
1073735144
1073059369
1073735144
1073735144
1073735144
1073735144
1050534571
1073735144
1073735144
1073404836
1073059369
1073735144
1073735144
1073735144
1072814768
1072291399
1073735939
1073735144
1073118231
1072222973
1073404836
1073735144
1073735144
1073735144
1073059369
1072222973
1073735144
1073735144
1073735144
1073735144
1073735144
1073735144
1073404836
1069277731
1073735144
1073735144
1070689573
1073735144
1073735144
1073735144
1073118231
1071271543
1073735144
1073735144
1073437672
1073059369
1073735144
1073735144
1073404836
1073735144
1073735144
1070689573
1073059369
1073735144
1073735144
1071160336
1073735144
1073735144
1072291399
1073735144
1072222973
1053641515
1073735144
1073735939
1073404836
1072431179
1073404836
1072222973
1073735144
1062697991
1072291399
1073735144
1073735144
1073481380
1073735939
1073404836
1073735144
1073735144
1073481380
1073735144
1073735144
1073404836
1073735144
1070689573
1073735144
1073735144
1071220691
1069208548
1063082638
1073735939
1073735144
1073735144
1073735144
1073481380
1073735144
1073012386
1073735144
1073735144
1073735144
1073735144
1072222973
1073735144
1073735144
1072431179
1073735144
1073735939
1073437672
1073735144
1073735144
1073735144
1073735144
1073404836
1072222973
1073735144
1072814768
1070689573
1073735144
1073404836
1072222973
1073735144
1072291399
1073437672
1073735144
1073735144
1073059369
1073059369
1073118231
1073735144
1073404836
1073735144
1073735144
1073735144
1073118231
1072222973
1073735144
1072291399
1073404836
1072814768
1073735144
1073118231
1073404836
1073481380
1073118231
1073735144
1073735144
1073404836
1073059369
1073735144
1073437672
1073735144
1073735144
1072431179
1072222973
1070610517
1066806869
1073735144
1073735144
1071478113
1073735144
1070626934
1072291399
1065868063
1073404836
1073735144
1073735144
1073059369
1073404836
1073437672
1072431179
1073735144
1072222973
1073735144
1073437672
1073059369
1073735144
1072291399
1062387395
1065041836
1073404836
1073118231
1073735144
1073735144
1073404836
1073481380
1073735144
1073735144
1071684370
1073735144
1073735144
1073437672
1073437672
1073735144
1059021352
1073437672
1073118231
1073481380
1073735144
1073735144
1073735144
1073481380
1073118231
1073735939
1073735144
1073404836
1073404836
1073735144
1069277731
1073735144
1063026195
1073735939
1073437672
1072222973
1073437672
1071684370
1073735939
1073735144
1073735144
1073735144
1073735144
1073735144
1073735939
1073118231
1073481380
1073735144
1072222973
1071684370
1073735144
1072222973
1073735144
1073735144
1073059369
1073437672
1073735144
1073735144
1073059369
1073735144
1070715625
1073735144
1041920628
1073735939
1073735144
1073404836
1072291399
1073735144
1073437672
1073735144
1073404836
1073735144
1073735144
1061761155
1073735144
1073735144
1073735144
1073735144
1072814768
1070689573
1072222973
1073735144
1073735144
1073059369
1073437672
1073437672
1073735144
1073735144
1073735144
1073735144
1073735144
1073735144
1073735144
1073735144
1064278663
1073735144
1073735144
1058146151
1073735144
1072222973
1073059369
1073735144
1073735144
1054387475
1073735144
1073735144
1073735144
1073735144
1073059369
1072431179
1073735144
1073735144
1073735144
1073735144
1073437672
1073735144
1073437672
1073735144
1073735144
1073059369
1073059369
1073481380
1073437672
1073735144
1073404836
1073735144
1073735144
1073735144
1073404836
1073404836
1071478113
1073735144
1072088137
1073735144
1073735939
1073059369
1049798543
1073735144
1072291399
1072222973
1072554393
1073735144
1073735144
1073735939
1073735144
1073404836
1071684370
1061365217
1073735144
1073437672
1073437672
1073437672
1072222973
1073481380
1073481380
1073735144
1073404836
1073059369
1073735144
1067964082
1071478113
1073437672
1073118231
1073118231
1073735144
1073735144
1073735144
1073735144
1073012386
1073404836
1073735144
1073735144
1073404836
1073059369
1072222973
1073118231
1073735144
1073735144
1073059369
1071271543
1073735144
1073735144
1073437672
1073735144
1073404836
1073735939
1073735144
1070715625
1073481380
1073735144
1073118231
1073437672
1073735144
1073735144
1073735144
1073437672
1073404836
1073481380
1073735144
1067183208
1068934157
1073735144
1073735144
1073735144
1069277731
1073735144
1073404836
1073735144
1073404836
1071271543
1073735144
1073059369
1073735144
1073735144
1073118231
1070689573
1073118231
1073735144
1073735144
1073735144
1073735144
1062387975
1073437672
1073404836
1073437672
1073118231
1073735144
1073481380
1073735144
1073735144
1072291399
1073735144
1073735144
1073437672
1073404836
1069277731
1073437672
1073735144
1073735144
1073735144
1073481380
1072088137
1073735144
1073735939
1042544424
535988261
1073735144
1073735144
1073404836
1072431179
1073735144
1072291399
1072222973
1073404836
1073481380
1073059369
1073735144
1072222973
1070689573
1073735939
1067183208
1071478113
1073118231
1073735939
1073059369
1073735144
1073735144
1073481380
1073735144
1073735144
1073059369
1073735144
1073735144
1072814768
1073735144
1073735144
1073735144
1073735144
1073735939
1073735144
1073735144
1073404836
1064278663
1073735144
1073735939
1059739762
1073735144
1073059369
1073404836
1072291399
1073437672
1073735144
1072222973
1073735144
1073118231
1073735939
1073118231
1073059369
1073404836
1073735144
1073735144
1073735144
1073735144
1045392417
1073735144
1073735144
1061284058
1073735144
1073404836
1072222973
1072088137
1073437672
1073735144
1071220691
1073735144
1073404836
1073118231
1073735144
1073437672
1073735144
1073735144
1071220691
1073735144
1073735144
1073059369
1061906292
1073735939
1073735144
1073404836
1072291399
1073735144
1073735144
1073735144
1073735144
1035093210
1073735144
1073118231
1073735144
1073437672
1073404836
1073735144
1073735939
1073735144
1073735144
1073735939
1073735144
1072088137
1073735144
1073735144
1073735144
1072222973
1073735939
1073735144
1073735144
1073735144
1073735144
1073735144
1073059369
1061906292
1073735144
1073735144
1073735144
1070689573
1073059369
1073735144
1061451412
1073404836
1067183208
1073481380
1073059369
1073735144
1073735144
1073735144
1073735144
1073735939
1072431179
1073735144
1073481380
1073735144
1073735144
1072291399
1073404836
1062387395
1073437672
1073735144
1073735144
1073735144
1073735144
1073437672
1073735144
1073735144
1068923199
1073735144
1073735144
1073735144
1073735144
1073059369
1073735144
1071271543
1073437672
1073735144
1073735144
1073404836
1073735144
1073735144
1070689573
1073735144
1073735144
1073735144
1073059369
1062920877
1073437672
1073735144
1072814768
1073735144
1051554045
1073118231
1073437672
1073735144
1072291399
1073118231
1073735144
1072291399
1065688611
1072814768
1073735144
1073735144
1073059369
1073735144
1073735144
1073059369
1073735144
1073735144
1071220691
1072431179
1073735144
1073735144
1072291399
1073735144
1073404836
1067913498
1052681415
1073735144
1073735144
1073735144
1073735144
1073735939
1073404836
1073437672
1073404836
1073735144
1073404836
1073735144
1073735939
1073735939
1073404836
1073437672
1073735144
1068934157
1073735144
1073735144
1073735939
1073437672
1071220691
1073735144
1073735144
1073735144
1073481380
1073404836
1073481380
1073735144
1073118231
1072291399
1073437672
1073735939
1073735144
1072814768
1073404836
1073012386
1073735144
1073735144
1073481380
1073735144
1073735939
1073735144
1072222973
1070689573
1072222973
1073735144
1072291399
1073735144
1073735144
1072814768
1073735144
1073735144
1073735144
1059021352
1073735144
1073735144
1073735144
1073437672
1045908602
1073437672
1073735144
1073735144
1073735144
1073735144
1073735144
1071234541
1073735144
1073437672
1073735144
1073118231
1073735144
1073735144
1072814768
1073437672
1073404836
1073735144
1073481380
1073437672
1073735144
1073735144
1073118231
1073437672
1073437672
1073735144
1073735144
1070715625
1073437672
1073059369
1073735144
1073735144
1072222973
1071271543
1073735939
1073118231
1073059369
1073481380
1073735144
1050688287
1073118231
1072291399
1073735144
1073735144
1072291399
1055400762
1073059369
1073735144
1073735144
1073735144
1073437672
1072222973
1073735144
1073735144
1073735939
1064464304
1068273209
1073735144
1073735144
1073735144
1073735144
1071220691
1071478113
1073118231
1073059369
1073735144
1070128632
1073735144
1073735144
1073735144
1073735939
1073735144
1073118231
1070715625
1070718735
1072088137
1073059369
1067121880
1073404836
1073437672
1073735939
1073735144
1072814768
1073735144
1073404836
1072291399
1073118231
1073735144
1073735144
1073012386
1073437672
1073735144
1073735939
1067964082
1073735144
1073481380
1073118231
1073404836
1073735144
1073735144
1073735144
1073481380
1073735144
1073735144
1073735144
1073735144
1073735144
1073735939
1073735144
1073735144
1073735939
1073735144
1069489454
1073735144
1073735939
1073735144
1073735144
1073437672
1073735144
1073735144
1073437672
1071220691
1073735144
1073059369
1073059369
1073404836
1073735144
1073735144
1069489454
1073404836
1073735144
1073437672
1073735144
1073735144
1073735144
1073437672
1072431179
1073059369
1073735144
1068329885
1069489454
1073735144
1073437672
1073735144
1073735939
1073404836
1073735939
1073735144
1073735144
1072222973
1073118231
1073059369
1073735144
1073735144
1073404836
1073059369
1073118231
1073735939
1073735144
1073059369
1073735144
1073012386
1073735144
1073735144
1073735144
1073735144
1073404836
1073118231
1070689573
1073735144
1073735939
1073059369
1072431179
1073735144
1073059369
1073404836
1073437672
1073735144
1061906292
1073437672
1073735144
1073735144
1073437672
1073735144
1073735144
1073437672
1073437672
1073735144
1073735144
1073735144
1073735144
1073437672
1073735144
1073735144
1073735144
1073735144
1073735144
1073735144
1073735144
1071478113
1073735144
1069277731
1073404836
1073735939
1073735144
1073735939
1073735144
1073735144
1073118231
1073481380
1073437672
1072222973
1073735144
1073735144
1073118231
1070626934
1073735144
1073059369
1073735144
1072814768
1073437672
1073437672
1071220691
1073735144
1073118231
1073437672
1073735144
1073735939
1073404836
1073437672
1073404836
1073735144
1070689573
1073481380
1073735144
1073735144
1073735144
1073059369
1070689573
1073735144
1073735144
1073437672
1073059369
1073735144
1073735144
1073059369
1073735144
1070128632
1073735144
1073735144
1073735144
1073735144
1073735144
1072291399
1072291399
1073735939
1067845800
1073735144
1073118231
1073735144
1073437672
1073735939
1073735144
1072814768
1073735144
1073437672
1071641978
1073735144
1072222973
1073437672
1073404836
1073735144
1073735144
1073437672
1073735144
1073735939
1073735144
1073118231
1073735144
1073404836
1073437672
1073735144
1073735939
1072222973
1073059369
1073735144
1073404836
1073404836
1073735144
1073481380
1073735144
1073118231
1073481380
1073735144
1073735144
1073437672
1073012386
1073735144
1073735144
1073735144
1073404836
1073404836
1073118231
1069277731
1073735144
1073404836
1073735144
1073735939
1073735144
1073735144
1070610517
1073735144
1072431179
1073735144
1072554393
1073735144
1073404836
1073735144
1073735144
1073735144
1016484958
1073735144
1073735144
1073012386
1073735144
1073437672
1073059369
1073735144
1073735144
1053028306
1073735144
1073735144
1073735144
1073404836
1073404836
1073735939
1072222973
1072814768
1073735144
1073404836
1073437672
1073735144
1073735144
1073735144
1072431179
1073735144
1071684370
1073735144
1073735939
1073735144
1073118231
1073437672
1073735144
1053390763
1073735144
1069277731
1072291399
1072814768
1073735144
1073118231
1073735144
1073404836
1072814768
1073735144
1073735939
1073735144
1070689573
1073012386
1073735144
1073735144
1073404836
1073118231
1073059369
1073059369
1073735144
1073735144
1073012386
1073735144
1073735939
1073735144
1073735144
1073735144
1073735144
1073735144
1069277731
1069277731
1073404836
1073735144
1071160336
1073481380
1073735144
1073735144
1068923199
1072291399
1073735144
1073735144
1073735144
1073735144
1073118231
1073735939
1073735144
1073735144
1073735144
1073404836
1073735144
1073735144
1073059369
1073735144
1073735144
1067861322
1073735144
1073735939
1073735144
1073735144
1073059369
1073735144
1073437672
1058598964
1073404836
1073735144
1073059369
1073735144
1073404836
1073735144
1070715625
1073404836
1073735144
1073437672
1073735144
1073735144
1073735144
1073735144
1073118231
1073735144
1072222973
1073404836
1067396575
1072814768
1073735144
1073404836
1073735144
1073735144
1073735144
1073735144
1073735144
1073059369
1073735144
1073404836
1061761155
1073735144
1070689573
1073735144
1072431179
1073735144
1073437672
1072431179
1073437672
1073437672
1073404836
1067183208
1073437672
1073118231
1072431179
1073735144
1073735144
1073404836
1073735144
1073735144
1073735144
1073437672
1073735144
1073735144
1073404836
1073735144
1073481380
1073012386
1073735144
1073735144
1073735144
1073735144
1073735939
1073735144
1073735144
1073735939
1073735939
1073481380
1073735144
1073735144
1073735144
1073735144
1073404836
1061422784
1073437672
1073437672
1073735144
1073735939
1073437672
1073118231
1073735144
1073735144
1073059369
1072222973
1073735144
1073735144
1073735144
1070715625
1073735144
1073735144
1073735144
1073735144
1073437672
1062920877
1073735144
1073735939
1073059369
1073735144
1073735144
1073437672
1073481380
1073735144
1072814768
1052700982
1073735939
1073437672
1073059369
1071271543
1073735939
1072291399
1073059369
1073404836
1073437672
1073735144
1073735144
1073404836
1073481380
1073118231
1073735144
1072431179
1073404836
1073735144
1073735144
1073735144
1073481380
1073735144
1073735144
1073404836
1073735144
1073735144
1073735144
1073437672
1073735144
1073735144
1073118231
1073059369
1073437672
1073437672
1070689573
1073735144
1073735144
1073735939
1073437672
1073012386
1073735144
1073735144
1073735939
1073735939
1073735144
1073735144
1072814768
1073404836
1072291399
1073481380
1073735144
1073735144
1073404836
1073481380
1073735144
1073735939
1073735144
1073437672
1073118231
1073735144
1072291399
1073735144
1073735144
1073404836
1073118231
1073735144
1073735144
1073481380
1073059369
1073404836
1072222973
1073735144
1073735144
1073735144
1073735144
1072431179
1073735144
1069387455
1073735144
1073012386
1073735144
1073059369
1073059369
1073735144
1073735939
1073404836
1073735939
1073735144
1073735144
1073404836
1073735144
1073481380
1067913498
1073735144
1073404836
1071271543
1073437672
1073118231
1073735144
1073735144
1073437672
1073735144
1073404836
1073735144
1073735144
1073404836
1073735144
1073404836
1073437672
1073735144
1073735939
1073437672
1073735144
1062175605
1073012386
1073735144
1073059369
1073437672
1073735939
1073735144
1069277731
1073059369
1073118231
1053641515
1073735144
1073118231
1073735144
1073404836
1073735144
1057537046
1071234541
1071220691
1073735144
1071478113
1073735144
1073735939
1073735939
1073735144
1073735144
1073735144
1073735144
1073735144
1073735144
1073735144
1030380393
1072222973
1073437672
1073735144
1073059369
1073735144
950856666
1072222973
1073735144
1073059369
1073735144
1073735144
1073735144
1073735144
1073735939
1073735939
1073735939
1073012386
1073059369
1073735144
1073735144
1072291399
1073735144
1073404836
1073735939
1073735144
1073437672
1067913498
1073437672
1072291399
1073404836
1073735144
1073735144
1073735144
1073735144
1073437672
1073735144
1071271543
1073735144
1021322801
1073735144
1073437672
1073404836
1073481380
1073735144
1073735144
1073735144
1073735144
1043022364
1073735939
1073735144
1073404836
1073735144
1073735144
1073404836
1073735144
1071271543
1073735144
1073735939
1073012386
1073735144
1073735144
1073735144
1073735144
1073735144
1073735144
1073735144
1073118231
1073404836
1073735144
1072088137
1073735144
1073404836
1071271543
1073404836
1073059369
1073735144
1073437672
1072222973
1073735144
1073735144
1073059369
1073735144
1068923199
1073735939
1073059369
1073059369
1073735144
1073481380
1073735144
1073012386
1072222973
1067964082
1073735939
1073118231
1072554393
1073735939
1073735144
1073481380
1073735144
1073735144
1073735144
1073404836
1073735939
1073735939
1073735144
1073404836
1073735144
1073404836
1073735144
1073437672
1073735144
1073059369
1073735144
1073059369
1073404836
1073735144
1073735144
1073735144
1073735144
1073735144
1073012386
1073735144
1072222973
1071271543
1073735144
1073404836
1073735144
1073735144
1073437672
1073735144
1073735144
1073735144
1072814768
1073059369
1073437672
1072222973
1072554393
1073735144
1073735144
1073735144
1073437672
1073735144
1073437672
1073735144
1073059369
1071271543
1073481380
1073735144
1073735144
1073437672
1073735144
1065868063
1073118231
1073735144
1073735144
1073735939
1057163248
1073735144
1073735144
1072222973
1073735144
1073735939
1073735144
1072291399
1073735144
1073735144
1073404836
1073735144
1073735144
1073735144
1073735144
1073404836
1073735144
1073437672
1073735144
1073404836
1072222973
1071220691
1073735144
1073735144
1068923199
1073059369
1073437672
1073735144
1073437672
1073735144
1073735144
1073404836
1073735144
1073735144
1073735144
1073012386
1072291399
1073481380
1073735144
1073735144
1073437672
1073012386
1073437672
1073404836
1073735144
1073735144
1071271543
1073735144
1073059369
1073735939
1070128632
1072088137
1073735144
1073735144
1072291399
1073735144
1073437672
1073735144
1072291399
1073481380
1073012386
1073735144
1073735144
1073735939
1073012386
1073735144
1068347400
1069277731
1073437672
1073735144
1073735144
1062175605
866873898
1072222973
1068923199
1073735144
1072291399
1072222973
1073059369
1061906292
1073118231
1073735144
1073735144
1073735144
1073059369
1073735939
1073735144
1073481380
1073735144
1073735144
1073481380
1073735144
1073735144
1073118231
1073735144
1073735144
1073735144
1068923199
1073735144
1069277731
1073735144
1073735144
1073735144
1073735144
1073735939
1073735144
1073404836
1073059369
1073735144
1073735144
1073735144
1067845800
1073059369
1073735144
1072222973
1073735144
1073735144
1073481380
1073735144
1073735144
1073735939
1073735144
1073735939
1073404836
1073735144
1073735144
1073735144
1073735144
1073735144
1073735144
1073735144
1073735144
1073735144
1073735144
1073735144
1073404836
1073735144
1073735144
1073735144
1073437672
1069208548
1073437672
1073735144
1073059369
1073437672
1073437672
1073735144
1073735144
1073735144
1073735144
1073735144
1073437672
1073735144
1073404836
1045392417
1073735939
1073404836
1073118231
1073118231
1073735144
1073404836
1073735144
914539998
1073404836
1073404836
1073118231
1073735144
1073735939
1073735144
1073404836
1073118231
1073735939
1073735144
1073735144
1073437672
1073735144
1073735144
1073437672
1073059369
1073437672
1073735144
1073437672
1073437672
1073735144
1073735144
1072554393
1073118231
1073735144
1073735144
1072222973
1073735144
1071684370
1073437672
1073437672
1073437672
1073735939
1073437672
1073735144
1073735144
1070715625
1073404836
1072291399
1072814768
1073735144
1073404836
1073735144
1073735144
1073735144
1073735144
1073735144
1071684370
1073735144
1073059369
1072291399
1073735144
1073059369
1073059369
1073735939
1073735144
1069277731
1072291399
1072222973
1073404836
1073404836
1073059369
1061299498
1073404836
1073735939
1073118231
1073735144
1069277731
1073735144
1073404836
1073437672
1070689573
1073059369
1073059369
1073735144
1073437672
1070718735
1073404836
1073012386
1073735144
1073404836
1073735939
1072222973
1072291399
1073735144
1073735144
1073735144
1073437672
1073059369
1073735144
1073735144
1051071073
1073735144
1073735144
1073059369
1073735144
1072431179
1073059369
1073735144
1073735144
1073735144
1073735144
1073735144
1073735144
1073404836
1073059369
1072291399
1073735144
1071271543
1073735144
1073735144
1072088137
1073735144
1073437672
1071478113
1073735144
1073481380
1070689573
1073437672
1073735144
1073118231
1073735144
1073059369
1073735144
1073735144
1073735144
1073735939
1073735144
1073735144
957518582
1072291399
1073059369
1073735144
1073735144
1073735144
1073118231
1073059369
1073437672
1073735144
1073735144
1072291399
1073735144
1072431179
1073437672
1073735144
1073735144
1073735144
1073735144
1073404836
1073437672
1073735144
1073118231
1073735144
1073735144
1073437672
1073437672
1066806869
1041920628
1073481380
1073735939
1073118231
1072222973
1073735144
1073735144
1073437672
1073437672
1073059369
1067904390
1070689573
1073735144
1073735144
1073735144
1073404836
1073404836
1073735144
1073059369
1073735144
1073735144
1073735939
1072291399
1073735144
1073735144
1073437672
1073735144
1072222973
1071271543
1073735939
1073118231
1073735144
1072431179
1073118231
1073735144
1073735144
1073118231
1073735939
1073735144
1073735144
1072431179
1073735144
1073735144
1073735939
1073735144
1073404836
1073735144
1072088137
1073404836
1073735144
1072431179
1073118231
1073481380
1073059369
1072291399
1061906292
1073118231
1073059369
1073118231
1073735144
1073404836
1073735144
1073735939
1073735144
1073735144
1073735144
1073735144
1073437672
1073059369
1073735939
1073118231
1068347400
1073735144
1073735144
1073735144
1072814768
1073735144
1073437672
1045094810
1073735144
1073735144
1055400762
1073437672
1073437672
1073735144
1073404836
1073118231
1073735939
1073735939
1073735939
1072814768
1073735144
1073735144
1073404836
1072431179
1073735144
1073735144
1072222973
1073404836
1073437672
1072291399
1073481380
1073735144
1072088137
1073735144
1072222973
1072554393
1070689573
1073735144
1073735144
1053641515
1073735144
1073735144
1073735144
1073735144
1073404836
1073735144
1073735144
1073735144
1073059369
1073735144
1073735144
1062175605
1073404836
1073735144
1073735144
1073735144
1072088137
1073437672
1073735144
1073735144
1073735144
1073735144
1073735144
1073735144
1073735144
1073404836
1073735144
1073735939
1073735144
1073118231
1073735144
1050688287
1073735144
1073437672
1073735144
1073481380
1073735144
1073059369
1073735144
1062387395
1073735144
1073735144
1073735144
1073059369
1072291399
1073735144
1073118231
1073437672
1072222973
1073059369
1073735144
1073059369
1073735144
1073404836
1073735144
1073735144
1072291399
1073735144
1073735144
1073735144
1073735144
1073437672
1073735144
1073735144
1073735144
1073735144
1073735144
1073735144
1073735144
1072291399
1073735144
1073012386
1073404836
1073735144
1073735939
1073437672
1073735144
1072291399
1073735144
1073118231
999467685
1073735144
1073481380
1072291399
1073735144
1073735144
1073404836
1073735144
1073481380
1073118231
1073735144
1073735144
1073735144
1073735144
1073404836
1073481380
1073735144
1073735144
1073059369
1073735144
1073735144
1073735144
1073735144
1073735144
1072554393
1073735144
1073404836
1073735939
1073735939
1073437672
1073735144
1073437672
1073437672
1073118231
1070689573
1073481380
1073735144
1073118231
1073735144
1073735144
1072814768
1073735144
1071234541
1073437672
1072291399
1073735144
1073404836
1073437672
1073735144
1073735144
1073481380
1073735144
1073735144
1072291399
944228337
1070774812
1073118231
1073735144
1073735144
1073437672
1073735144
1073735144
1072291399
1073735144
1073735144
1073735144
1073437672
1072291399
1070037001
1073437672
1073735144
1073735144
1072222973
1073735144
1073735144
1073735144
1072222973
1073735144
1073735144
1073404836
1073437672
1073735144
1064278663
1072814768
1073059369
1072291399
1073735144
1073735144
1073059369
1073437672
1072222973
1073735144
1073735144
1073735144
1073012386
1073735144
1073735144
1071234541
1073437672
1073735939
1073735144
1073437672
1073735144
1073735144
1073404836
1070715625
1073735144
1073404836
1073735144
1073735144
1073735144
1073735144
1073735144
1073735144
1073735144
1073481380
1061422784
1073735144
1073437672
1073735144
1073481380
1073437672
1073404836
1073735144
1073735144
1072554393
1073735939
1073735144
1073735144
1073735144
1073481380
1073404836
1073735144
1073735144
1072291399
1072088137
1072291399
1073437672
1073735144
1073059369
1073735144
1072222973
1072291399
1072222973
1073735144
1061422784
1073735144
1072291399
1072431179
1073118231
1073404836
1073735144
1073735144
1073059369
1073437672
1073735144
1073404836
1073404836
1073059369
1073118231
1073404836
1073735144
1073437672
1073404836
1073481380
1071271543
1073735144
1073735939
1073735144
1073735939
1073437672
1073735144
1073735144
1073059369
1073735144
1073437672
1070715625
989657427
1073481380
1073735144
1073404836
1073735144
1073735939
1072291399
1073735144
1073481380
1073735939
1073481380
1073735144
1073735144
1072814768
1073735144
1072554393
1073404836
1073735144
1073059369
1073404836
1072814768
1073735144
1073735144
1070626934
1073735144
1073118231
1072431179
1073437672
1073735939
1073437672
1073735144
1073735144
1073437672
1073735144
1073437672
1073735144
1073118231
1073735144
1073059369
1073735144
1073735144
1073404836
1072291399
1072222973
1073735144
1073735144
1073735144
1073059369
1073735144
1073437672
1073437672
1073059369
1073735939
1073735144
1073735144
1073735144
1073118231
1071478113
1073012386
991310475
1073735144
1073735939
1073404836
1073735939
1073735144
1073735144
1073735144
1073735939
1073059369
1073735144
1073735144
1069277731
1073735144
1073735144
1073735144
1073735144
1073735144
1073735144
1073735939
1068923199
1072291399
1073735144
1073735144
1069277731
1073735144
1073735939
1073437672
1066104885
1072291399
1068538971
1073437672
1073735144
1055626762
1073735144
1073735144
1073735144
1073118231
1072222973
1073118231
1073481380
1072291399
1073404836
1073735144
1073735144
1073118231
999735814
1073735144
1073404836
1073437672
1072291399
1073735144
945063916
1073118231
1073735144
1073404836
1072431179
1073735144
1073404836
1073735144
1073735144
1073437672
1073735144
1049815829
1073735144
1073481380
1073437672
1072431179
1067964082
1073735144
1073735144
1071234541
1073735144
1073735144
1073404836
1073735144
1061906292
1073735144
1073059369
1073437672
1073735144
1073735144
1073735144
1073404836
1073735144
1073735144
1073404836
1073118231
1069277731
1073437672
1073735144
1073059369
1073735939
1073059369
1073404836
1073735144
1073404836
1073735144
1073404836
1073404836
1073735144
1050534571
1073404836
1073735144
1073735144
1073735144
1072222973
1073735144
1050688287
1073118231
1072222973
1056506080
1073118231
1073437672
1073735144
1073059369
1073735144
1073735144
1073735144
1073735144
1073735144
1073059369
1073735144
1073735144
1073735939
1073437672
1073735144
1073735144
1073735144
1073735144
1073735939
1073735144
1071234541
1073735144
1073059369
1072291399
1073735144
1073735939
1073118231
1073735144
1064278663
1073735144
1073118231
1070715625
1073437672
1073481380
1073437672
1073059369
1073735144
1073059369
1073012386
1073059369
1073059369
1072291399
1071271543
1073437672
1073059369
1073735144
1073735144
1073735144
1068347400
1073059369
1072222973
1073735144
1073735144
1073735144
1073059369
1073404836
1073437672
1073735144
1073059369
1073735144
1073118231
1073059369
1073437672
1073735144
1073735144
1073404836
1073404836
1073735144
1061741270
1073437672
1073735939
1068934157
1073735144
1073735144
1071684370
1073735939
1070626934
1073404836
1072222973
1073437672
1073735144
1073735939
1073404836
1073735144
1073735144
1073735144
1073735939
1073735144
1073735144
1073012386
1073437672
1073735939
1073735144
1073059369
1073735144
1073735144
1070689573
1073437672
1073735144
1073059369
1073735939
1073437672
1073735144
1073735939
1073735144
1073118231
1073735144
1073735144
1072222973
1073437672
1073735144
1073735144
1073059369
1073059369
1070689573
1073118231
1073735939
1073481380
1073735144
1073735144
1071220691
1073735144
1073735144
1073735144
1073481380
1073735144
1073735939
1073735144
1073735144
1073059369
1073735144
1073735144
1072291399
1073735144
1073735144
1073735144
1073735144
1073735144
1073437672
1072431179
1073404836
1073735144
1073735144
1073735144
1073735144
1073735144
1073735144
1073735144
1073735144
1073481380
1061422784
1073118231
1073118231
1073118231
1072291399
1073012386
1073735939
1073735144
1073012386
1073735939
1073735939
1073437672
1073735144
1073735144
1073735144
1073735144
1073735144
1073735144
1072291399
1073735144
1073404836
1073437672
1062792107
1073404836
952614132
1073735144
1072814768
1073735144
1073735939
1073735144
1072222973
1073059369
1073735939
1073735144
1070689573
1073118231
1073735144
1073735144
1072814768
1073735144
1072554393
1073735144
1073437672
1073735144
1073735144
1073437672
1072088137
1073735939
1061906292
1072814768
1073735939
1073059369
1073404836
1073059369
1073437672
1073735144
1070689573
1073059369
1073735144
1073735144
1073735939
1073735144
1073735144
1073735144
1073735144
1072291399
1073481380
1073735144
1073404836
1073481380
1073437672
1072431179
1073735144
1073735144
1073735144
1073735144
1072814768
1073735144
1073735144
1073059369
1073735144
1073735144
1073118231
1068347400
1073735144
1073735144
1073735144
1073735144
1073735144
1073735939
1073735144
1073735144
1072554393
1073437672
1073735939
1073437672
1073735144
1073735144
1073735144
1073735144
1073735144
1073437672
1073735144
1052681900
1073735144
1073437672
1073735144
1073735144
1072222973
1073437672
1073404836
1073735144
1073735144
1072222973
1072222973
1073735144
1073735144
1073481380
1073437672
1073735939
1073735144
1073735144
1073735144
1073735144
1072431179
1072291399
1073118231
1073437672
1073735144
1073735144
1073735144
1073404836
1073735939
1071478113
1073735144
1073735939
1073735144
1073735144
1073735144
1073735144
1073404836
1073118231
1073735144
1073735144
1073735144
1073404836
1073735144
1073735939
1072291399
1026567124
1073404836
1073735144
1073059369
1073059369
1073437672
1073735144
1073735144
1073735144
1073735144
1073118231
1073404836
1073735144
1073404836
1073437672
1073735144
1073735144
1073481380
1073735144
1073735144
1073735144
1073735144
1072222973
1073735939
1073404836
1072088137
1073735939
1073481380
1072431179
1073437672
1073735144
1073437672
1063465156
1073118231
1073735144
1073437672
1073735144
1071478113
1073404836
1073735144
1073735144
1073735144
1073735939
1072431179
1073059369
1073735144
1073735144
1073735144
1073735144
1073735144
1073735144
1073437672
1073735144
1073735144
1073437672
1070715625
1073437672
1070715625
1073012386
1073735144
1073735144
1073735144
1073735144
1073437672
1073404836
1073059369
1073735144
1073735144
1073437672
1072222973
1073735144
1073735144
1073735144
1072222973
1072222973
1073735144
1030380393
1072291399
1073404836
1073735144
1073735144
1073735144
1073735939
1071220691
1072291399
1073437672
1073735144
1073059369
1073735144
1072222973
1073735144
1073735144
1073735144
1073735144
1072222973
1073404836
1073735144
1073735144
1073735144
1073735144
1073059369
1073735144
1073735144
1073735144
1073735144
1073735144
1073118231
1073735939
1073735144
1073735144
1073735144
1073735939
1070689573
1073437672
1073735144
1073735144
1073735144
1073404836
1073735144
1073118231
1073735144
1061741270
1073735939
1073735144
1073735144
1073437672
1072088137
1073735144
1073735144
1073481380
1073481380
1072222973
1073437672
1073735939
1073735144
1073735144
1073735144
1073735939
1073735939
1073437672
1073735144
1073059369
1073404836
1073735144
1073735144
1073404836
1073059369
1073735144
1073735144
1073404836
1073735144
1073118231
1073735144
1073735144
1071478113
1073437672
1073735144
1073735144
1073118231
1073735939
1073404836
1072088137
1073437672
1073735144
1073437672
1073437672
1073404836
1073735144
1073735144
1069993859
1068923199
1073735144
1072291399
1070128632
1073735144
1073059369
1073735144
1073735144
1073059369
1073735939
1072222973
1073735144
929705585
1073059369
1073735144
1073735144
1073735144
1053641515
1073059369
1072814768
1073059369
1073735144
1073059369
1073735144
1073735144
1073735144
1073735144
1073735144
1063026195
1073735144
1073735144
1073404836
1073404836
1073404836
1073059369
1073735144
1073735144
1073735144
1073735144
1073404836
1073735144
1066480146
1073735144
1073735144
1072291399
1073735144
1073735144
1073118231
1073735144
1073118231
1073735144
1073118231
1073404836
1073735144
1073437672
1073437672
1073735939
1072431179
1073735144
1073404836
1073735144
1073437672
1073437672
1061906292
1073437672
1073735144
1073735144
1073735144
1073735144
1073481380
1073735144
1073735144
1073118231
1073735144
1068273209
1073437672
1073735144
1041920628
1073735144
1073735144
1073735144
1073481380
1073735144
1057537046
1073481380
1073437672
1073735939
1073118231
1073735144
1073735144
1073735144
1073735144
1073735144
1073059369
1073735144
1073437672
1073735144
1072291399
1073735144
1073059369
1073437672
1072222973
1073059369
1070548611
1073437672
1073404836
1073735144
1072291399
1072431179
1070610517
1073735939
1073735939
1073059369
1073735144
1073735144
1073735144
1073437672
1073735144
1073735144
1072431179
1072222973
1073735144
1073437672
1073437672
1073735144
1073735144
1073404836
1073437672
1073437672
1073735144
1073404836
1073735144
1073735144
1073735144
1073735144
1071684370
1073437672
1073735144
1069277731
1072291399
1073437672
1073735144
1073735144
1073059369
1073735144
1073735144
1021322801
1073735144
1073012386
1073735144
1073735939
1073735144
1073404836
1073437672
1073404836
1073735144
1070715625
1073735144
1073735144
1072554393
1073735144
1073735144
1073735939
1073059369
1073735144
1073059369
1073735144
1068934157
1072291399
1073735144
1073481380
1073735144
1073735144
1073735144
1073059369
1072291399
1073735144
1072431179
1073735144
1073735144
1073735939
1073735144
1073735144
1073735144
1073059369
1073059369
1073735144
1073735144
1072554393
1073404836
1055400762
1072088137
1073735939
1073404836
1073735939
1073735144
1073735939
1073012386
1073735144
1073735144
1073735144
1073735144
1067913498
1070715625
1073735144
1073735144
1073404836
1073735144
1073735144
1073735144
1073735144
1073735144
1073118231
1073735144
1073404836
1073735144
1073735144
1073735144
1073735144
1073481380
1073735939
1072431179
1055400762
1073437672
1073735144
1073735144
1073735144
1073735144
1073404836
1073059369
1061906292
1073735144
1073735144
1073481380
1073735144
1073735144
1073118231
1072291399
1073437672
1073735939
1073735144
1073735144
1073735144
1073404836
1073059369
1073404836
1073437672
1073735144
1073735144
1073059369
1073735939
1072222973
1073735144
1073735144
1073437672
1073735939
1073735144
1073735144
1073118231
1072222973
1073735144
1073404836
1073735939
1073735144
1073735144
1073735144
1073437672
1073404836
1072291399
963616243
1073437672
1073735144
1073735144
1073735144
1073735144
1073059369
1073735144
1073437672
1073735144
1065519530
1073404836
1072814768
1073404836
1052700982
1073735144
1073735144
1073437672
1073735144
1073118231
1073735144
1073735144
1072814768
1073735144
1073437672
1073735144
1073735144
1073735939
1073404836
1073481380
1072222973
1071478113
1073735144
1073437672
1073735144
1072222973
1073735144
1071271543
1073012386
1073735144
1073735144
1073735144
1073118231
1073735144
1073404836
1073118231
1073735144
1073735144
1072291399
1071234541
1073735144
1073118231
1067861322
1073437672
1073735144
1016484958
1073059369
1073735144
1073735144
1073735144
1072291399
1073481380
1073735144
1073735144
1073735144
1061451412
1073437672
1059021352
1070626934
1073735144
1073735144
1072291399
1073735939
1073735144
1073404836
1073735144
1073735144
1073735144
1073437672
1071220691
1073735144
1073735144
1073437672
1073437672
1073735939
1073437672
1073735144
1073735144
1072814768
1073735144
1073012386
1062175605
1073437672
1073735144
1073735144
1073437672
1073735144
1073735144
1073437672
1070548611
1073735144
1073735144
1073404836
1073735144
1072222973
1073735144
1071271543
1073404836
1073735144
1073735939
1073059369
1073735144
1073735144
1073735144
1073735144
1073735144
1073735939
1073735144
1073437672
1073404836
1073735144
1073735144
1073735144
1070689573
1073735144
1072291399
1073735144
1073437672
1073735144
1072222973
1073735144
1073481380
1073735144
1073404836
1073059369
1073735144
1073735144
1073059369
1073437672
1073437672
1073735144
1073404836
1073059369
1073404836
1072222973
1073735144
1073735939
1072222973
1073735144
1073735144
1073059369
1073735144
1073437672
1073735144
1073437672
1073735144
1073735144
1073735144
1073735144
1073735144
1073735144
1072222973
1073735144
1073118231
1073735144
1073437672
1073735939
1052857573
1073735144
1073059369
1072222973
1073735144
1073481380
1073404836
1073735939
1073735144
1073735144
1072291399
1073735144
1073437672
1073735144
1073059369
1073735144
1073059369
1073735144
1073735144
1073735939
1072431179
1067913498
1071271543
1073735939
1073735144
1073735144
1073735144
1073735144
1073735939
1072291399
1073735144
1073735144
1073404836
1073735144
1073735144
1073437672
1073059369
1073059369
1073735144
1073437672
1073735144
1073735144
1072431179
1073735144
1073059369
1072222973
1073437672
1073481380
1073437672
1073735144
1073735939
1073404836
1073735144
1073404836
1073437672
1073735144
1073404836
1073735144
1073735144
1073735144
1073735144
1073437672
1072814768
1073735144
1073735144
1071478113
1073735144
1073059369
1069277731
1073735144
1073735144
1073735144
1072222973
1072291399
1073735144
1073735939
1073735144
1073735144
1073404836
1073735144
1073404836
1073735144
1073735939
1073735144
1073404836
1073404836
1068923199
1072291399
1073735144
1068006102
1073735144
1073481380
1070689573
1073735144
1068934157
1010435579
1073118231
1073059369
1073735144
1073735144
1073735144
1073735144
1073404836
1073735144
1068537583
1073735144
1073437672
1072431179
1073481380
1073735144
1073735144
1073735939
1073735144
1067913498
1073735144
1073735144
1073059369
1073137655
1073735144
1073437672
1073735144
1073735144
1073735939
1070610517
1073735144
1073735144
1073059369
1073437672
1072814768
1073735144
1073481380
1072814768
1072291399
1073404836
1073735144
1073118231
1068934157
1073437672
1061906292
1072814768
1073012386
1073735939
1073735144
1073735144
1073735144
1073735144
1073735144
1073481380
1073735144
1073735144
1072814768
1073735939
1073735144
1073735144
1073118231
1073404836
1073118231
1073059369
1073404836
1072291399
1073735144
1073735144
1073118231
1073437672
1073735144
1073404836
1073437672
1073735144
1068347400
1073735144
1073735144
1073735144
1073735144
1073735144
1073735144
1073735144
1072222973
1073735939
1073735144
1073735939
1073404836
1073404836
1073735144
1072431179
1073735939
1073404836
1073404836
1073059369
1073059369
1073059369
1073735144
1073437672
1073735144
1073118231
1073735144
1073735144
1073735144
1073735144
1073735144
1073059369
1073404836
1073735144
1073118231
1073735144
1073735144
1073735939
1073735144
1073735144
1073735144
1073437672
1073404836
1073059369
1073735144
1073735144
1073404836
1073735939
1073059369
1073481380
1073437672
1073735144
1073735144
1073437672
1067913498
1073481380
1073118231
1072291399
1073437672
1073481380
1073735144
1072554393
1073735144
1073118231
1073735144
1073404836
1073735144
1073735144
1072291399
1073059369
1070689573
1073735144
1073437672
1073735939
1073735144
1072291399
1073735144
1073735939
1073735144
1073735939
1073735144
1072222973
1073735144
1073735144
1073437672
1073735144
1073735939
1073735144
1073437672
1073735144
1073735144
1073404836
1073735144
1073735144
1073735144
1071271543
1073735144
1073437672
1073735144
1073481380
1073118231
1073735144
1073735144
1073735144
1073735144
1073735144
1073735144
1073735144
1073735144
1070364388
1067396575
1073735144
1073735144
1073118231
1072222973
1073481380
1073735144
1073735144
1073437672
1073059369
1073735144
1073735144
1073735144
1070715625
1073404836
1073735939
1073735144
1073735144
1073404836
1072554393
1073735144
1053641515
1072291399
1073735144
1073118231
1072222973
1073735144
1073735144
1072222973
1073735144
1073059369
1073735939
1073437672
1071271543
1073404836
1068923199
1073404836
1073735144
1073735144
1073735144
1073735939
1073437672
1073735144
1072291399
1073735144
1073735144
1073735144
1073404836
1073735144
1073735144
1073735144
1073735144
1073735144
1073735144
1073735144
1073059369
1073735939
1073735144
1073437672
1073404836
1073437672
1073735144
1072291399
1073735939
1072222973
1073735144
1073437672
1073059369
1073118231
1073481380
1072291399
1073437672
1073735144
1073437672
1073437672
1073404836
1073481380
1061422784
1073404836
1073735144
1073735144
1073735144
1073735144
1073118231
1072291399
1069277731
1073735144
1073735144
1073437672
1073735144
1070610517
1073735939
1073437672
1071641978
1073735939
1072222973
1073735144
1073735144
1073481380
1072291399
1073735144
1073735144
1073735144
1073735144
1073735144
1071234541
1073735939
1073735144
1073404836
1073735144
1073735144
1073437672
1072222973
1073404836
1073481380
1073735144
1073012386
1073437672
1073735144
1071478113
1073735144
1073735144
1072431179
1072291399
1073735144
1073735144
1073404836
1073481380
1050688287
1073059369
1073735144
1073735144
1073735144
1073437672
1073735144
1070689573
1073059369
1073735144
1073059369
1073735939
1070715625
1073735144
1073404836
1073437672
1073735144
1073437672
1073735144
1073735144
1072222973
1073437672
1073118231
1073735144
1073735144
1073735144
1073735144
1073735144
1072431179
1071160336
1073735144
1073735144
1073735144
1073735144
1073118231
1073481380
1073735144
1073735144
1073735144
1060389813
1073735144
1058598964
1073735144
1070689573
1073735144
1073059369
1073735144
1073437672
1073735144
1073481380
1073735144
1073735144
1073735144
1073735939
1073735144
1073118231
1073735144
1073735144
1073735144
1073735144
1072222973
1073735939
1073735144
1073735144
1073118231
1073735144
1073735939
1073437672
1073735144
1073735144
1073059369
1073404836
1072291399
1073404836
1073118231
1072431179
1073735144
1073735144
1073735144
1073735144
1073437672
1073735939
1064278663
1026784557
1073735144
1073735144
1073735144
1073735144
1073437672
1073735144
1073735144
1073735144
1073404836
1073735939
1073735939
1073735144
1073735144
1073735144
1073437672
1073735144
1068767183
1073481380
1073735144
1073437672
1073735939
1073437672
1073735144
1073735144
1073437672
1073735144
1073735144
1073735939
1073735939
1073735144
1071684370
1071478113
1073437672
1073735939
1073735144
1073735144
1073735144
1072291399
1073437672
1073404836
1073118231
1073735144
1073735144
1073735144
1073735144
1073735144
1072291399
1073735144
1073735144
1071478113
1073735144
1073481380
1073118231
1072222973
1073735144
1073735144
1072088137
1073735144
1073118231
1073735144
1073437672
1073735144
1071684370
1073059369
1073735144
1073735144
1073735144
1073735144
1073735939
1073481380
1073735144
1073735144
1073059369
1073735144
1073735144
1073735144
1073735144
1073437672
1072291399
1073735144
1073735144
1073404836
1073059369
1073735144
1073735939
1073735939
1073735144
1065868063
1073735144
1072222973
1073735144
1073735144
1073437672
1073059369
1073735144
1073735144
1073735144
1065688611
1073735144
1073735144
1073437672
1071684370
1073735144
1073735144
1073059369
1073735144
1073735144
1069208548
1072431179
1073735144
1073735144
1072814768
1073437672
1073735144
1073404836
1073735144
1073481380
1073735144
1073481380
1072291399
1073735144
1073735144
1073735144
1073735144
1072431179
1073735144
1073735144
1073735144
1073735144
1073735144
1073735144
1073437672
1073735939
1072088137
1073735144
1073735144
1073437672
1052857573
1073437672
1073735144
1073735144
1072291399
1073437672
1073735144
1073735144
1073735144
1073118231
1047258568
1073735144
1073735144
1073059369
1073735144
1073735144
1073735144
1073735144
1073404836
1073118231
1073437672
1073735144
1073437672
1073735144
1073118231
1073735144
1073437672
1073735144
1073735144
1073118231
1073735144
1069208548
1072814768
1073735144
1073735144
1073118231
1072291399
1073437672
1073735144
1073735144
1073735144
1073735144
1073735144
1070689573
1073735144
1073735144
1073735144
1073735144
1073735144
1073735144
1073735144
1073735939
1072814768
1073735144
1073059369
1073735144
1073059369
1072222973
1073118231
1073735144
1073735144
1073059369
1073404836
1073735144
1073735144
1073735144
1073735144
1073735144
1073735144
1073735144
1073735144
1073481380
1073735144
1073735144
1073735144
1073735144
1072222973
1073735144
1073404836
1073735144
1073481380
1073437672
1073735144
1073735144
1016829290
1073735144
1073118231
1073735939
1073735939
1073735144
1056091931
1073735144
1070715625
1073735144
1073735144
1073404836
1073404836
1073735144
1073735144
1073735144
1073735144
1069277731
1073735144
1072222973
1073059369
1073012386
1073118231
1073735144
1073059369
1073404836
1072291399
1073735144
1073735939
1073735144
1073437672
1073059369
1073735144
1073735144
1073437672
1073735144
1073735144
1071478113
1073735144
1073735144
1073735144
1073735144
1073735144
1073735144
1073735144
1070715625
1073481380
1073404836
1072431179
1073735144
1073735144
1073437672
1073059369
1073735144
1073735144
1073735144
1073735144
1073735144
1073735144
1073437672
1073735144
1073059369
1073735144
1073735144
1073735144
1073735144
1073735144
1073735144
1073735144
1073735144
1073437672
1073735144
1072291399
1073735144
1073735144
1073437672
1073059369
1073437672
1073404836
1073404836
1073437672
1073735144
1073735144
1073735144
1073735144
1073735144
1072431179
1073735144
1069277731
1073735939
1069489454
1073437672
1073735144
1071478113
1073735144
1073735144
1073404836
1073735144
1073735144
1073404836
1073404836
1073404836
1073735939
1073118231
1070548611
1073437672
1073404836
1071160336
1072222973
1073735144
1072431179
1073735939
1073735939
1073437672
1073735144
1073735144
1073404836
1073735144
1073735144
1073118231
1073735144
1073404836
1073735144
1073059369
1073404836
1073735144
1073735144
1073437672
1073735144
1073735144
1072291399
1073735144
1068934157
1073735144
1073012386
1073059369
1073481380
1073735144
1073735144
1073059369
1072431179
1073735144
1073735144
1070715625
1073735144
1073735144
1073735144
1073735144
1073735144
1073481380
1073735144
1073059369
1073735144
1073118231
1073404836
1073118231
1073735144
1072291399
1072291399
1072291399
1073118231
1073735144
1073735144
1073437672
1073059369
1064278663
1073735939
1073735144
1073437672
1072814768
1073437672
1073437672
1073735144
1073735144
1072291399
1073735939
1061906292
1073735144
1073735144
1073735144
1073735144
1072431179
1073059369
1072222973
1071684370
1073735144
1072291399
1073735144
1073404836
1073735144
1073735144
1073735144
1073437672
1073735144
1073404836
1073735144
1073735144
1073735939
1073437672
1073735144
1073404836
1073735939
1070689573
1073735144
1071234541
1061906292
1073735144
1073735144
1073735144
1073404836
1073735144
1073059369
1073735144
1073437672
1073735144
1073735144
1065868063
670309189
1065868063
1057537046
1073059369
1073118231
1073735144
1073735144
1073118231
1073437672
1073735144
1073059369
1073735144
1073735144
1072088137
1073735144
1073437672
1073735144
1039289817
1073735144
1072222973
1073735144
1072291399
1073735939
1073735144
1073735144
1073118231
1073735144
1073735144
1072222973
1073404836
1073404836
1073735144
1068934157
1073481380
1073735144
1073735144
1073437672
1073735144
1073118231
1073735144
1073735144
1073059369
1073437672
1073735144
1073735144
1058420482
1073404836
1071234541
1073404836
1073735144
1073481380
1073059369
1073059369
1071271543
1072814768
1073735144
1073735939
1073012386
1073404836
1073735144
1073735144
1073735144
1073735144
1073437672
1073735144
1073735144
1073735144
1073735144
1073735144
1073735144
1073404836
1073059369
1073735939
1073059369
1073059369
1073118231
1073735144
1073735144
1073735144
1073735144
1073735939
1073118231
1073735144
1073735144
1073059369
1073437672
1073735144
1073735144
1072222973
1073735939
1073404836
1073735144
1073012386
1073735144
1072291399
1073735144
1073735144
1073437672
1073735144
1071271543
1073118231
1072291399
1073735144
1073059369
1073735939
1073404836
1073059369
1073481380
1073735144
1073437672
1073735144
1073735144
1073735144
1073735144
1073735144
1073481380
1073404836
1073735144
1067396575
1073735144
1073735144
1073437672
1073404836
1073735144
1073735144
1073059369
1073735144
1073735144
1073437672
1072222973
1073059369
1073437672
1071220691
1073735144
1073735144
1073404836
1073735144
1073735144
1073437672
1073735144
1073735144
1073735144
1073735144
1073735144
1073735144
1073404836
1073735144
1073735144
1073735939
1073437672
1073735144
1073437672
1071271543
1073404836
1071220691
1073735144
1073735144
1073735144
1073481380
1073735144
1073735144
1073735144
1073735144
1073404836
1073404836
1073404836
1073437672
1073735144
1073735144
1073404836
1073735144
1073404836
1073735144
1073404836
1073404836
1071271543
1073404836
1073735144
1073735144
1073437672
1072291399
1073735144
1073735144
1072222973
1073735144
1073404836
1067183208
1073481380
1073404836
1073735144
1073735144
1073437672
1073404836
1073735144
1073735144
1073735144
1068329885
1073735144
1073735144
1073404836
1073735144
1073404836
1073735939
1073735144
1073404836
1073735144
1073404836
1073735144
1073059369
1072222973
1071271543
1073735144
1072222973
1073735939
1073735144
1073735939
1073735939
1073437672
1073735144
1073437672
1073059369
1073437672
1073404836
1064278663
1073735144
1073481380
1073735144
1073735144
1073735144
1073735144
1072222973
1073735144
1073735144
1073437672
1073059369
1072222973
1073735144
1073404836
1073059369
1073735144
1073735144
1073404836
1073735144
1073735144
1073735144
1073059369
1073735144
1073735144
1073735144
1073404836
1073735144
1050534571
1073059369
1073059369
1073735144
1073735144
1073735144
1073735144
1073735144
1064464304
1073118231
1073437672
1073735144
1073735144
1073735144
1073059369
1073481380
1073735144
1073735144
1072291399
1073437672
1073735144
1073735144
1073735144
1073404836
1073437672
1068923199
1073735144
1073735144
1073735144
1073735144
1073735144
1073735144
1073437672
1073735144
1073735144
1073481380
1073437672
1073735939
1073735144
1070689573
1073735144
1073735144
1073735144
1073437672
1065868063
1073437672
1073735939
1073735144
1071220691
1073735144
1072222973
1073735144
1073735144
1073437672
1073735144
1073118231
1073118231
1073118231
1073404836
1073735144
1073735939
1073735144
1067964082
1073735144
1072291399
1073118231
1073437672
1071220691
1069089591
1073735144
1073437672
1073059369
1073059369
1073735144
1073735144
1073404836
1073735144
1073735144
1073735144
1073735144
1073735144
1073735144
1073735144
1073118231
1062650673
1073735144
1073118231
1073735144
1071821240
1073059369
1073735144
1073735144
1073481380
1073059369
1073735939
1073735144
1073059369
1073404836
1073118231
1073735144
1073735144
1073735144
1073735939
1073735144
1073059369
1073735144
1070626934
1073735939
1073735144
1073404836
1073404836
1073735144
1073735939
1072222973
1073735144
1072222973
1073735144
1073735144
1073735144
1072554393
1073735144
1073404836
1073437672
1072291399
1064278663
1072814768
1073735144
1072222973
1073437672
1073735144
1073437672
1073481380
1073735144
1073735144
1073735144
1073735939
1073404836
1073735144
1073735144
1073735144
1073735144
1073059369
1072088137
1073735144
1073735939
1073735144
1073118231
1073404836
1073404836
1073481380
1073735144
1073059369
1073735144
1073735144
1073404836
1073735144
1073735144
1073735144
1072222973
1073437672
1073735144
1073735144
1072088137
1073404836
1073735144
1073735144
1073735144
1073735144
1073735144
1073735144
1073404836
1072814768
1073735939
1073735144
1073059369
1073735144
1073735144
1073437672
1073059369
1073735144
1073437672
1073735144
1073735144
1073481380
1073059369
1073118231
1073059369
1073735144
1072222973
1072554393
1072814768
1072222973
1073404836
1073735144
1067964082
1073735144
1073735144
1073437672
1073735144
1073735144
1073437672
1073735144
1073404836
1073735144
1073059369
1073735144
1073404836
1073735144
1073404836
1071684370
1073735144
1073735144
1071684370
1073059369
1068948884
1073437672
1073735144
1073059369
1073437672
1073059369
1073735939
1068934157
1073735144
1072554393
1073735144
1069277731
1073735144
1073735144
1072291399
1073735939
1073735144
1072291399
1073735144
1073437672
1073059369
1071160336
