8167 11549
866 968
2179 1723
11707 8278
1815 3142
2416 2260
1571 1814
2152 1522
783 1108
637 562
5023 7104
3430 4537
535 655
4102 5426
532 921
1339 820
4359 6164
4327 3533
1569 1479
1033 1193
580 1004
11303 14952
3396 5881
1910 1021
1314 2077
659 780
2439 6452
8575 12127
1882 2134
3840 2903
1696 800
6627 3826
7955 5208
1421 2658
1159 710
1214 1437
10525 7442
1879 2971
1585 1002
1467 1383
1909 1021
7818 5528
623 719
1359 1271
642 760
4424 4779
605 663
1530 2418
2309 1633
1204 852
5412 3827
2321 2149
3430 4538
5661 8950
2658 1421
939 767
2077 2355
1338 846
504 1068
10343 7314
1717 3642
5879 8314
2200 2058
1040 849
5023 3552
4687 3827
10127 7656
1023 1105
4287 3500
1834 1450
10427 8514
4986 6307
803 910
1228 1418
831 509
1547 1364
630 995
1298 1499
1573 1483
5637 9763
616 973
1329 1253
4213 3440
1605 4243
2504 2656
673 737
866 1936
1194 1308
3599 3887
1237 2313
14764 11672
4291 7432
7898 9990
1640 2841
1285 1363
1932 2951
1324 708
577 645
1694 2933
1321 1401
