614 532
611 997
7431 4701
6867 5607
584 1542
1296 1979
762 603
555 702
3758 2658
2254 1594
683 623
6434 7880
8242 11656
764 904
955 1021
632 836
3110 4916
1770 3065
6532 3771
10320 6756
615 503
1615 1713
2996 4737
863 1021
3755 2969
1942 2569
920 602
1907 1741
892 1545
2606 2764
2056 2298
636 1188
1978 1399
900 1469
1663 2629
3075 2325
1253 2657
997 923
1268 830
1442 1665
1899 1699
745 1138
577 1289
3720 4991
3831 8125
7767 4152
1099 929
2614 5543
916 648
953 1167
11481 9374
1571 1814
5087 3792
820 1253
5976 3451
1807 2857
585 516
2933 1694
792 560
11303 14952
1165 1378
612 774
5881 3396
2224 1573
2501 1891
6627 11479
4787 1810
8662 12250
6272 3621
2439 6451
1619 1368
1100 899
1493 3165
2325 3075
4922 4493
5324 3368
4800 7332
1348 1906
1195 690
7387 9047
9194 7507
9403 6649
1816 1373
908 741
851 983
2347 1660
2328 1524
1179 1103
502 870
774 632
7087 5787
14893 11774
5316 3480
1007 900
1033 1222
8307 10174
599 547
5470 2447
10343 7314
1390 1605
