1172 718
521 822
3963 2802
1053 985
10524 7442
4548 6947
11014 14570
840 1127
1085 580
649 749
560 528
10213 5897
1709 1528
5284 7473
740 906
12250 8662
11554 9434
727 840
1392 881
1221 1410
3996 2616
1594 2254
6307 4986
4629 7318
907 786
4339 6136
926 1134
1346 1593
7970 6301
665 543
5664 3708
2266 1792
740 662
1206 762
875 772
7726 4887
604 510
509 623
1452 918
1982 1854
1157 1237
1346 1593
1006 1190
2164 1711
2622 2345
7416 11328
1763 1019
939 1150
5076 2931
603 852
562 754
7826 6187
1653 1169
8474 6406
2062 1537
6756 3901
620 547
1215 1052
2957 3306
1875 1624
543 768
4897 4581
1417 1503
2532 1602
1079 912
3081 5336
796 942
3792 5087
2820 4308
4917 3110
11875 7511
2957 4182
2422 1915
12602 9526
1652 1478
4308 2820
758 619
986 1207
4941 6250
686 613
5208 7955
1043 1115
1598 2768
1218 1926
1836 1619
1456 1348
1397 1317
1059 1223
2737 4327
1576 1410
1726 997
2254 1594
1187 1099
1447 2505
7298 9231
1539 1357
3099 2899
1209 740
3588 5074
2014 1801
