1594 2254
2798 3022
4157 1572
1879 2971
1200 1039
653 800
2035 3217
1447 1772
1963 3103
12127 8575
6106 4827
12463 7883
3110 4916
2035 1609
911 1488
858 700
2052 1835
900 1006
8493 14709
2390 2182
7454 7028
1401 1981
543 607
699 1141
2295 1325
4327 3533
1136 1524
538 722
1020 883
521 822
800 1385
880 718
620 547
1540 1948
2300 939
588 1099
1241 1161
10174 8307
2613 3200
1045 1810
1329 1189
8288 14355
1860 1611
1469 2077
534 675
2737 2164
1424 1538
1698 1572
1606 1967
950 1645
1699 1387
3826 2706
1159 1239
3831 8125
1146 702
1109 702
10603 6122
6528 9972
611 684
7354 9007
1457 551
621 548
1283 741
2872 1658
2899 2367
8574 10501
700 857
1813 1146
2318 4335
2375 2124
579 647
2346 2069
2269 858
2798 3022
3904 7302
955 1021
11554 9434
719 1761
5232 7992
2474 2624
765 1324
3904 7303
1805 1978
727 1259
4701 7431
1357 831
2356 891
7726 4887
2200 2058
3991 2822
2969 3755
2616 3996
3798 5371
1674 2215
2083 1837
1823 3158
4521 2022
547 835
750 919
2474 2624
