4704 6311
6355 11889
1564 1379
1446 2286
1006 616
620 734
9526 12602
607 743
7654 9374
1202 1388
1120 1940
1764 668
1581 1677
933 738
3768 2014
784 876
3449 3148
2058 1302
2234 2997
1083 1013
602 920
907 786
818 501
737 1125
2131 954
9882 6250
3217 2035
4391 5808
810 1402
3002 1605
1011 619
1403 810
1812 1146
3246 5622
10824 7654
2005 1585
2215 1674
7808 9876
1981 2802
1383 1467
1543 584
845 534
795 688
503 649
1267 1185
2092 1654
1329 1189
7684 8215
1793 2070
1146 702
511 605
1047 641
3235 2047
7674 10852
5422 5796
5284 4982
4104 3799
2008 1420
828 1548
517 633
941 871
8363 14484
626 741
1144 3023
1504 569
4776 7295
1436 3798
588 831
1177 1101
1313 1736
7660 4845
1414 1999
858 701
641 1047
6757 3901
726 918
751 811
1302 2059
2729 2990
569 509
1283 741
1145 1071
840 1127
2658 3758
1021 863
1605 1513
763 882
1663 2629
5003 3276
2102 3931
2352 1488
4206 1590
3671 4644
1939 734
6626 3826
2717 1921
7025 4968
1092 1668
1159 2589
1677 635
