1
3
5
7
9
11
14
16
17
19
22
24
26
27
30
31
33
36
38
39
41
44
46
48
50
52
54
56
57
60
62
63
65
67
70
71
73
75
78
79
81
84
86
87
90
92
93
96
97
100
101
103
106
107
110
112
113
115
117
120
122
123
125
127
129
132
134
136
137
139
142
143
145
148
150
152
153
155
158
159
162
163
166
168
170
171
174
175
177
179
182
183
186
188
189
191
193
196
197
199
202
204
206
208
210
211
214
215
217
220
221
224
225
227
229
231
233
235
237
239
242
244
245
247
249
251
253
256
258
259
262
263
266
268
269
271
273
276
278
279
281
283
286
288
290
291
293
295
297
300
301
303
305
308
309
311
314
316
318
319
321
323
326
327
329
331
333
335
338
339
341
344
345
347
350
352
354
355
358
359
362
363
365
367
369
371
374
375
377
380
381
383
385
388
389
391
394
396
398
399
402
403
405
408
410
412
413
415
418
419
421
423
425
427
429
431
433
435
438
439
441
444
446
447
449
451
454
456
457
460
461
463
465
467
469
472
474
476
478
479
481
484
485
488
490
491
493
496
498
499
501
504
505
507
510
511
513
515
518
519
522
523
525
528
529
531
533
535
537
539
541
543
545
547
549
552
554
556
557
559
561
563
565
567
570
572
574
575
577
579
582
583
585
588
589
591
594
595
597
600
602
603
605
608
609
612
613
615
618
619
622
624
626
627
630
632
634
635
637
639
641
643
645
647
649
651
653
656
657
659
662
663
665
668
669
671
673
675
677
680
682
683
685
687
690
691
693
695
697
699
701
703
705
708
710
711
714
715
717
719
721
723
725
728
729
731
733
735
738
739
742
743
746
748
750
752
754
756
757
759
762
763
765
767
770
771
774
775
778
779
782
783
786
788
790
792
793
795
797
799
801
803
805
808
810
811
814
815
817
819
821
824
825
828
830
831
834
836
837
839
841
843
846
847
850
851
853
855
858
860
861
864
865
868
869
871
873
875
878
880
881
883
885
887
890
892
894
896
897
900
902
903
906
908
909
912
914
915
917
919
922
924
925
928
930
932
933
936
938
939
941
943
946
947
949
952
953
955
957
960
961
963
966
967
970
971
973
976
978
980
982
983
985
987
989
992
993
995
998
999
1002
1004
1005
1007
1009
1011
1014
1015
1018
1020
1022
1023
1026
1028
1029
1031
1034
1035
1037
1040
1042
1043
1045
1048
1050
1051
1053
1056
1057
1060
1061
1064
1065
1067
1069
1071
1073
1075
1078
1079
1081
1084
1085
1087
1090
1091
1093
1096
1098
1100
1102
1104
1106
1107
1109
1112
1113
1115
1118
1119
1122
1123
1125
1127
1130
1131
1134
1136
1138
1139
1141
1143
1145
1148
1149
1152
1153
1155
1158
1159
1161
1163
1165
1168
1169
1171
1174
1175
1177
1179
1182
1183
1185
1188
1189
1191
1193
1195
1198
1199
1202
1203
1205
1207
1209
1212
1214
1216
1217
1220
1222
1224
1225
1227
1230
1231
1234
1235
1238
1240
1241
1244
1245
1248
1249
1251
1253
1256
1257
1259
1262
1264
1265
1267
1270
1271
1274
1275
1278
1279
1281
1283
1285
1287
1289
1291
1294
1295
1297
1299
1302
1303
1306
1308
1309
1312
1314
1315
1317
1319
1322
1324
1326
1327
1330
1331
1334
1335
1337
1339
1341
1343
1345
1347
1349
1351
1354
1355
1357
1359
1362
1363
1366
1368
1369
1372
1373
1375
1378
1380
1381
1383
1386
1388
1390
1391
1393
1395
1397
1399
1402
1404
1406
1407
1409
1411
1413
1416
1417
1420
1421
1423
1426
1428
1430
1432
1433
1435
1437
1439
1441
1443
1445
1447
1449
1451
1453
1455
1457
1459
1461
1464
1466
1467
1469
1471
1474
1476
1478
1479
1482
1483
1486
1488
1489
1492
1494
1496
1497
1499
1501
1503
1505
1507
1510
1511
1513
1516
1517
1520
1522
1523
1525
1527
1530
1531
1533
1536
1537
1539
1541
1543
1546
1547
1549
1552
1554
1555
1557
1560
1562
1564
1565
1567
1570
1571
1573
1576
1578
1580
1581
1583
1585
1587
1590
1591
1593
1595
1597
1599
1601
1604
1606
1608
1609
1611
1614
1615
1617
1619
1621
1623
1625
1627
1629
1631
1634
1635
1637
1639
1641
1643
1646
1647
1649
1651
1653
1655
1657
1659
1662
1663
1665
1668
1669
1671
1673
1676
1677
1679
1681
1684
1686
1687
1689
1691
1693
1695
1698
1700
1701
1703
1706
1707
1710
1712
1714
1716
1717
1720
1721
1724
1725
1728
1729
1732
1733
1735
1737
1739
1742
1743
1745
1747
1750
1751
1753
1755
1757
1759
1761
1763
1765
1768
1770
1771
1773
1775
1777
1779
1781
1784
1786
1787
1790
1791
1793
1796
1797
1800
1801
1804
1805
1808
1809
1811
1813
1815
1817
1820
1821
1823
1826
1828
1829
1831
1834
1836
1838
1840
1841
1843
1846
1848
1849
1851
1853
1856
1857
1860
1861
1863
1866
1867
1869
1871
1873
1876
1877
1879
1882
1883
1886
1888
1890
1891
1893
1895
1898
1899
1901
1904
1906
1907
1910
1911
1914
1915
1917
1920
1921
1923
1926
1928
1930
1931
1933
1936
1937
1939
1942
1943
1945
1947
1950
1952
1954
1956
1957
1959
1961
1964
1966
1967
1970
1971
1973
1976
1978
1979
1981
1983
1985
1987
1990
1991
1994
1996
1998
2000
