1
4
5
7
9
11
14
16
18
19
21
23
25
27
29
32
34
35
38
39
42
44
45
48
50
52
54
56
58
60
61
63
66
68
70
71
73
75
78
79
82
83
86
88
89
91
94
95
97
99
102
104
105
107
109
111
114
116
118
119
121
124
125
128
130
132
134
136
138
139
142
144
146
147
150
151
153
156
157
159
161
163
165
168
169
172
173
175
177
180
181
183
185
187
189
192
194
195
197
199
202
204
205
207
210
212
213
215
217
220
222
223
225
228
229
231
233
235
237
239
241
243
245
247
249
251
253
255
257
259
261
263
266
268
270
271
273
276
278
279
282
284
286
287
290
292
294
295
298
300
301
303
306
307
310
311
313
316
317
319
321
324
326
327
329
331
334
335
337
339
342
344
346
347
349
351
353
356
358
359
361
363
366
368
369
371
374
375
377
379
381
383
386
387
389
391
394
396
398
399
402
403
406
408
410
412
413
416
417
419
421
423
426
427
430
432
434
436
438
440
441
444
445
448
449
452
454
456
458
460
462
464
465
467
469
471
474
475
478
480
481
483
485
487
489
492
493
495
498
499
501
503
505
508
509
511
513
515
518
519
522
524
525
528
530
531
533
535
538
539
541
543
546
547
550
552
553
555
558
559
562
564
565
567
570
571
573
575
577
580
582
583
586
588
589
591
594
596
598
600
602
603
606
607
609
612
613
616
618
619
621
623
626
628
630
632
633
635
638
639
641
644
646
648
649
651
653
656
657
660
662
664
666
668
669
671
673
675
677
679
681
684
686
688
690
692
693
695
697
699
702
704
705
707
710
711
714
716
718
719
722
723
726
728
730
732
734
735
738
739
741
744
746
748
749
751
753
755
757
760
762
763
765
768
770
771
773
775
778
780
782
783
786
788
790
791
793
795
798
800
802
804
806
808
810
812
813
816
818
819
822
824
826
827
830
832
833
836
837
840
842
844
845
847
850
852
853
855
858
859
862
863
866
867
870
872
873
875
878
879
882
883
885
888
890
892
893
895
897
900
901
903
905
908
909
912
914
916
918
919
921
923
925
927
930
932
934
935
938
940
941
944
945
947
949
952
954
956
958
959
962
963
966
967
970
971
974
975
978
980
981
983
985
987
989
991
994
995
997
999
1002
1004
1005
1007
1010
1012
1013
1015
1018
1020
1022
1023
1025
1027
1030
1031
1034
1036
1037
1039
1042
1043
1046
1047
1049
1051
1053
1055
1058
1060
1061
1063
1066
1068
1069
1071
1074
1076
1078
1079
1081
1083
1085
1088
1090
1092
1093
1095
1098
1100
1101
1104
1106
1107
1109
1111
1114
1116
1117
1119
1122
1123
1125
1128
1130
1132
1133
1135
1138
1140
1142
1143
1145
1147
1150
1151
1153
1156
1158
1159
1162
1163
1165
1167
1170
1172
1173
1176
1177
1179
1182
1183
1185
1188
1189
1192
1194
1195
1197
1200
1201
1203
1206
1207
1210
1212
1214
1216
1218
1219
1221
1224
1225
1227
1229
1231
1233
1236
1237
1240
1241
1244
1245
1247
1250
1251
1254
1255
1258
1259
1262
1264
1265
1267
1269
1271
1273
1275
1277
1280
1281
1283
1285
1287
1290
1292
1294
1296
1298
1300
1301
1303
1306
1307
1309
1312
1314
1315
1317
1320
1322
1323
1325
1327
1330
1331
1334
1336
1337
1340
1342
1344
1346
1348
1350
1352
1353
1355
1358
1360
1362
1363
1366
1367
1370
1372
1374
1376
1378
1379
1381
1383
1386
1387
1389
1392
1394
1396
1398
1399
1402
1403
1406
1408
1410
1412
1413
1416
1418
1419
1421
1424
1425
1427
1429
1431
1434
1435
1438
1440
1442
1443
1445
1447
1450
1451
1454
1455
1458
1459
1462
1464
1466
1468
1469
1472
1474
1476
1477
1480
1482
1484
1486
1488
1490
1492
1493
1495
1497
1500
1502
1504
1506
1508
1510
1511
1514
1516
1518
1519
1522
1523
1525
1528
1530
1531
1534
1535
1538
1539
1541
1544
1545
1547
1549
1552
1553
1556
1557
1560
1562
1564
1565
1567
1569
1572
1574
1576
1578
1579
1581
1584
1586
1587
1590
1592
1593
1595
1598
1600
1601
1603
1605
1608
1609
1612
1613
1616
1618
1620
1621
1623
1625
1627
1629
1631
1634
1635
1638
1639
1642
1643
1645
1648
1649
1652
1653
1656
1657
1659
1662
1663
1666
1667
1670
1671
1674
1675
1677
1680
1681
1683
1686
1687
1689
1691
1694
1695
1698
1700
1702
1704
1706
1708
1709
1712
1713
1715
1718
1719
1722
1723
1725
1728
1730
1732
1733
1736
1738
1740
1742
1743
1746
1748
1749
1751
1753
1755
1757
1759
1761
1763
1766
1768
1769
1771
1773
1775
1777
1780
1782
1784
1785
1788
1790
1791
1793
1795
1798
1799
1802
1803
1805
1808
1810
1811
1813
1815
1818
1819
1822
1823
1826
1827
1830
1832
1833
1835
1837
1839
1841
1844
1846
1848
1850
1851
1853
1856
1858
1859
1861
1864
1865
1868
1869
1871
1873
1876
1878
1880
1882
1883
1886
1887
1890
1891
1894
1895
1898
1899
1902
1903
1906
1908
1909
1911
1913
1916
1918
1920
1922
1924
1926
1928
1930
1931
1933
1936
1937
1940
1941
1944
1945
1948
1950
1952
1953
1956
1957
1960
1962
1964
1965
1967
1970
1972
1974
1976
1978
1979
1981
1984
1986
1987
1990
1992
1993
1995
1997
1999
2001
2003
2006
2008
2009
2011
2014
2016
2018
2019
2022
2023
2026
2028
2030
2031
2033
2036
2038
2040
2041
2044
2046
2047
2050
2052
2054
2056
2058
2060
2061
2063
2065
2067
2070
2071
2074
2076
2078
2080
2082
2084
2085
2087
2089
2091
2094
2095
2098
2100
2102
2103
2106
2107
2110
2111
2113
2116
2117
2120
2122
2123
2125
2127
2130
2132
2133
2136
2137
2140
2142
2143
2145
2148
2149
2152
2154
2155
2158
2159
2161
2163
2166
2167
2169
2171
2174
2175
2177
2179
2182
2184
2185
2188
2189
2191
2194
2196
2197
2199
2202
2204
2205
2207
2210
2211
2213
2216
2218
2220
2221
2223
2226
2227
2230
2231
2234
2235
2238
2240
2241
2244
2245
2247
2249
2251
2253
2256
2258
2259
2262
2263
2266
2268
2269
2272
2274
2276
2278
2280
2281
2284
2286
2287
2289
2292
2294
2296
2297
2299
2301
2304
2306
2308
2310
2312
2313
2315
2317
2319
2322
2324
2326
2328
2329
2331
2334
2335
2338
2340
2342
2344
2346
2347
2349
2351
2353
2355
2357
2360
2362
2364
2366
2367
2370
2372
2374
2375
2378
2380
2382
2383
2385
2388
2390
2392
2394
2396
2397
2400
2401
2403
2405
2407
2410
2412
2413
2416
2417
2419
2422
2423
2425
2428
2429
2431
2434
2435
2437
2439
2441
2444
2446
2447
2449
2452
2453
2455
2458
2459
2462
2463
2465
2467
2469
2471
2473
2475
2478
2479
2482
2484
2485
2488
2489
2492
2494
2496
2498
2499
2502
2504
2505
2508
2509
2511
2513
2516
2518
2520
2522
2524
2525
2528
2529
2532
2533
2536
2538
2540
2541
2543
2545
2548
2550
2552
2553
2555
2557
2559
2562
2564
2565
2567
2570
2572
2574
2575
2578
2580
2582
2583
2585
2588
2589
2591
2593
2595
2597
2599
2601
2603
2606
2608
2610
2611
2613
2615
2618
2619
2621
2624
2625
2628
2630
2632
2633
2635
2638
2640
2641
2643
2645
2648
2649
2652
2654
2656
2658
2659
2661
2663
2666
2668
2670
2672
2673
2675
2678
2679
2682
2683
2686
2687
2690
2692
2694
2696
2698
2699
2701
2703
2705
2707
2710
2711
2714
2716
2717
2720
2722
2724
2725
2727
2729
2732
2733
2736
2737
2740
2742
2743
2746
2747
2749
2752
2753
2756
2758
2760
2762
2763
2766
2768
2770
2771
2773
2776
2777
2780
2781
2783
2785
2788
2789
2792
2793
2796
2797
2800
2801
2804
2805
2807
2810
2811
2813
2815
2818
2820
2821
2823
2826
2828
2830
2831
2834
2835
2837
2840
2841
2843
2845
2848
2849
2852
2853
2856
2858
2860
2861
2863
2866
2867
2869
2871
2874
2875
2878
2879
2882
2884
2886
2888
2889
2892
2894
2895
2898
2899
2902
2904
2906
2907
2909
2911
2914
2915
2918
2919
2922
2923
2925
2927
2929
2931
2934
2936
2937
2940
2941
2944
2945
2948
2949
2952
2953
2956
2958
2960
2961
2964
2965
2968
2970
2971
2974
2976
2978
2979
2982
2983
2986
2987
2990
2991
2993
2996
2998
3000
3002
3003
3006
3007
3010
3011
3013
3016
3018
3020
3021
3024
3026
3027
3030
3032
3034
3036
3037
3039
3041
3043
3045
3047
3050
3051
3053
3056
3057
3059
3061
3064
3065
3068
3070
3071
3074
3076
3077
3080
3082
3083
3086
3088
3090
3091
3093
3096
3097
3100
3102
3104
3106
3107
3110
3112
3113
3116
3118
3120
3121
3124
3126
3127
3130
3131
3134
3136
3138
3140
3141
3144
3145
3148
3150
3151
3153
3156
3157
3159
3162
3163
3165
3168
3170
3171
3174
3176
3178
3179
3181
3184
3185
3188
3190
3192
3194
3196
3197
3200
3201
3203
3206
3207
3210
3212
3213
3215
3217
3219
3222
3223
3226
3228
3229
3232
3234
3235
3237
3240
3242
3243
3246
3248
3250
3251
3254
3256
3257
3260
3261
3263
3265
3267
3270
3272
3274
3276
3278
3279
3281
3283
3286
3287
3289
3291
3293
3295
3297
3299
3301
3304
3306
3307
3310
3312
3314
3315
3317
3319
3322
3323
3325
3327
3329
3331
3334
3335
3337
3339
3341
3344
3345
3348
3350
3352
3354
3355
3357
3360
3362
3364
3365
3367
3370
3371
3373
3375
3378
3380
3382
3384
3385
3387
3390
3391
3394
3395
3397
3399
3402
3403
3406
3407
3410
3412
3413
3415
3417
3420
3421
3423
3425
3427
3429
3431
3433
3435
3438
3440
3441
3444
3445
3448
3450
3452
3453
3456
3458
3460
3461
3463
3466
3468
3470
3471
3474
3476
3478
3480
3482
3484
3486
3488
3490
3492
3493
3496
3498
3500
3502
3504
3505
3507
3510
3511
3513
3516
3517
3519
3521
3523
3526
3528
3529
3532
3534
3535
3537
3540
3542
3544
3545
3548
3549
3552
3554
3556
3558
3560
3562
3563
3565
3567
3569
3572
3574
3576
3577
3579
3582
3584
3585
3588
3589
3592
3594
3596
3598
3599
3601
3603
3606
3607
3610
3612
3614
3615
3618
3620
3622
3624
3626
3628
3630
3632
3634
3635
3637
3639
3641
3644
3645
3648
3650
3652
3654
3655
3658
3660
3662
3664
3666
3668
3669
3671
3674
3676
3677
3679
3682
3683
3686
3688
3690
3691
3693
3695
3698
3700
3701
3703
3706
3707
3709
3711
3713
3715
3718
3719
3721
3723
3725
3727
3729
3732
3734
3736
3738
3740
3742
3743
3745
3747
3749
3752
3753
3756
3757
3759
3761
3763
3765
3768
3769
3772
3773
3776
3778
3780
3781
3784
3786
3788
3789
3791
3794
3796
3797
3799
3801
3803
3806
3808
3809
3812
3813
3816
3817
3820
3822
3823
3826
3828
3830
3831
3834
3836
3837
3839
3842
3843
3845
3848
3850
3851
3854
3856
3857
3860
3861
3864
3865
3867
3870
3871
3874
3875
3877
3880
3881
3883
3886
3887
3890
3891
3893
3895
3897
3899
3901
3903
3906
3908
3910
3911
3913
3915
3917
3919
3922
3923
3926
3927
3929
3932
3933
3935
3937
3939
3942
3944
3946
3948
3950
3952
3953
3956
3958
3959
3962
3963
3966
3967
3970
3971
3973
3976
3978
3980
3982
3983
3985
3987
3989
3992
3993
3996
3997
3999
4002
4003
4006
4007
4009
4011
4014
4015
4018
4020
4022
4023
4026
4028
4030
4032
4034
4035
4038
4040
4042
4043
4046
4047
4050
4052
4054
4056
4057
4059
4062
4063
4065
4068
4070
4071
4073
4075
4078
4080
4082
4083
4086
4087
4090
4091
4093
4095
4098
4100
4102
4103
4105
4108
4109
4111
4114
4115
4117
4120
4121
4123
4125
4128
4129
4132
4134
4136
4138
4139
4142
4144
4146
4147
4150
4151
4154
4156
4158
4159
4162
4163
4165
4168
4169
4171
4174
4176
4178
4179
4181
4184
4186
4188
4189
4191
4193
4195
4197
4200
4201
4203
4206
4208
4210
4211
4213
4215
4218
4220
4221
4224
4226
4227
4230
4232
4234
4235
4237
4240
4241
4244
4246
4247
4250
4251
4254
4255
4257
4259
4261
4263
4265
4267
4269
4271
4274
4276
4277
4280
4281
4284
4285
4287
4289
4291
4293
4295
4297
4299
4301
4303
4306
4308
4309
4311
4314
4315
4317
4319
4321
4324
4326
4327
4330
4331
4333
4335
4337
4340
4341
4343
4345
4348
4349
4352
4354
4355
4357
4360
4361
4364
4366
4368
4370
4372
4374
4376
4377
4379
4382
4383
4385
4387
4389
4392
4394
4395
4397
4399
4401
4404
4405
4407
4410
4412
4413
4415
4418
4420
4421
4423
4425
4427
4429
4432
4434
4436
4438
4440
4442
4444
4445
4447
4450
4452
4454
4456
4457
4460
4462
4463
4466
4468
4470
4472
4474
4476
4477
4480
4481
4484
4486
4488
4490
4492
4493
4496
4498
4499
4502
4503
4506
4507
4509
4511
4514
4515
4518
4519
4522
4523
4525
4528
4529
4532
4534
4536
4538
4540
4541
4544
4545
4548
4550
4551
4554
4556
4558
4559
4561
4564
4565
4568
4569
4572
4574
4575
4577
4579
4581
4583
4586
4588
4590
4591
4594
4596
4597
4600
4601
4603
4605
4608
4610
4611
4614
4615
4618
4620
4621
4623
4626
4628
4629
4631
4634
4635
4638
4640
4641
4644
4645
4647
4649
4651
4653
4655
4657
4660
4661
4663
4665
4667
4670
4671
4673
4676
4677
4680
4681
4684
4685
4687
4689
4691
4693
4696
4697
4699
4701
4703
4705
4708
4709
4711
4713
4716
4718
4719
4721
4724
4725
4727
4729
4731
4734
4736
4737
4740
4741
4743
4746
4748
4749
4752
4754
4755
4757
4760
4762
4763
4766
4767
4769
4771
4774
4775
4777
4780
4782
4783
4785
4788
4790
4791
4794
4795
4797
4800
4801
4803
4806
4807
4809
4811
4813
4816
4817
4819
4822
4823
4826
4827
4829
4832
4833
4835
4838
4840
4841
4843
4845
4847
4849
4852
4854
4855
4857
4860
4861
4864
4865
4868
4869
4872
4874
4876
4877
4880
4882
4884
4885
4887
4890
4891
4893
4895
4897
4899
4901
4903
4905
4907
4909
4912
4913
4916
4918
4919
4921
4923
4925
4928
4929
4932
4933
4936
4937
4939
4941
4943
4945
4947
4950
4951
4954
4956
4958
4959
4962
4964
4966
4967
4970
4971
4973
4975
4977
4980
4981
4983
4985
4987
4990
4991
4994
4995
4998
5000
5002
5004
5006
5008
5009
5011
5013
5015
5018
5019
5021
5023
5026
5027
5029
5032
5034
5035
5037
5039
5042
5044
5045
5047
5050
5052
5053
5055
5058
5060
5061
5064
5066
5068
5069
5071
5073
5076
5078
5080
5081
5084
5086
5087
5089
5092
5094
5096
5098
5099
5102
5103
5106
5108
5109
5112
5113
5116
5117
5120
5121
5124
5126
5128
5129
5131
5133
5135
5137
5139
5141
5143
5145
5148
5150
5151
5154
5156
5158
5160
5161
5163
5166
5167
5169
5171
5174
5176
5177
5179
5182
5184
5185
5187
5190
5191
5193
5195
5197
5200
5202
5203
5206
5208
5210
5211
5213
5216
5218
5220
5221
5223
5225
5228
5229
5231
5234
5235
5237
5239
5241
5244
5246
5248
5250
5251
5254
5256
5258
5260
5261
5263
5266
5268
5270
5271
5274
5276
5278
5280
5282
5284
5286
5287
5289
5291
5294
5296
5297
5299
5302
5303
5305
5308
5310
5311
5313
5315
5318
5320
5321
5323
5326
5327
5329
5332
5334
5335
5337
5339
5341
5343
5346
5348
5350
5351
5354
5356
5357
5360
5362
5363
5365
5368
5370
5372
5374
5375
5377
5379
5381
5383
5385
5388
5390
5391
5393
5395
5397
5399
5402
5403
5406
5408
5409
5411
5413
5416
5418
5419
5421
5424
5425
5428
5430
5431
5433
5436
5438
5439
5441
5443
5445
5447
5450
5452
5454
5455
5457
5460
5461
5463
5466
5467
5469
5471
5474
5475
5478
5480
5481
5484
5485
5488
5489
5492
5493
5495
5498
5499
5501
5504
5505
5507
5510
5512
5514
5515
5517
5519
5522
5523
5526
5528
5529
5531
5533
5535
5537
5539
5541
5544
5545
5547
5550
5552
5553
5556
5558
5559
5561
5564
5565
5568
5569
5572
5573
5575
5577
5580
5582
5584
5585
5588
5589
5591
5594
5595
5598
5600
5602
5603
5606
5608
5610
5612
5614
5615
5618
5619
5621
5624
5625
5628
5630
5631
5634
5636
5638
5639
5642
5644
5645
5647
5650
5651
5653
5656
5657
5660
5662
5663
5666
5668
5670
5671
5674
5675
5677
5680
5681
5684
5685
5687
5689
5692
5694
5696
5697
5699
5701
5704
5705
5707
5709
5711
5714
5716
5717
5720
5722
5724
5725
5728
5730
5732
5734
5736
5737
5739
5741
5744
5745
5748
5750
5752
5754
5755
5758
5760
5762
5763
5766
5768
5770
5771
5774
5775
5777
5779
5781
5783
5785
5787
5789
5791
5793
5795
5798
5800
5801
5804
5805
5807
5809
5811
5813
5816
5817
5820
5822
5823
5825
5828
5830
5832
5833
5835
5838
5840
5842
5844
5845
5847
5849
5852
5854
5855
5857
5860
5862
5864
5865
5868
5869
5871
5874
5875
5878
5879
5882
5884
5886
5888
5890
5891
5894
5895
5898
5899
5902
5904
5905
5908
5910
5912
5913
5915
5918
5919
5921
5924
5925
5927
5930
5932
5933
5935
5937
5939
5941
5944
5945
5947
5950
5951
5954
5955
5957
5960
5962
5964
5966
5968
5969
5972
5974
5976
5977
5979
5981
5983
5986
5988
5989
5992
5994
5995
5997
6000
6001
6003
6005
6008
6010
6011
6014
6016
6017
6020
6022
6023
6025
6027
6029
6032
6033
6036
6037
6040
6041
6043
6045
6047
6049
6051
6054
6056
6057
6059
6062
6063
6066
6068
6069
6071
6073
6076
6078
6079
6081
6084
6086
6088
6089
6092
6093
6095
6098
6099
6102
6103
6105
6107
6110
6111
6113
6116
6117
6120
6121
6124
6125
6128
6129
6131
6133
6135
6137
6139
6141
6144
6146
6148
6150
6152
6154
6155
6158
6160
6162
6163
6165
6168
6169
6171
6173
6175
6177
6180
6182
6184
6185
6187
6190
6191
6193
6195
6198
6199
6202
6203
6206
6207
6210
6211
6214
6215
6217
6220
6222
6223
6226
6227
6229
6231
6234
6235
6237
6239
6242
6244
6245
6248
6250
6251
6254
6256
6258
6260
6261
6263
6266
6267
6270
6272
6274
6275
6278
6279
6281
6284
6286
6288
6290
6291
6293
6295
6298
6300
6302
6303
6305
6307
6309
6312
6314
6316
6318
6319
6322
6324
6325
6327
6330
6332
6334
6336
6337
6340
6341
6344
6346
6348
6350
6352
6353
6356
6357
6360
6361
6364
6365
6368
6370
6371
6373
6375
6377
6379
6382
6384
6385
6387
6389
6391
6394
6395
6397
6399
6401
6404
6406
6407
6409
6412
6414
6416
6418
6420
6421
6423
6426
6427
6429
6431
6433
6435
6438
6439
6442
6443
6445
6447
6449
6452
6454
6456
6458
6459
6462
6464
6465
6468
6470
6471
6473
6476
6478
6480
6482
6483
6486
6488
6490
6491
6494
6495
6497
6499
6501
6504
6506
6507
6509
6512
6513
6515
6518
6520
6522
6523
6526
6528
6530
6531
6533
6535
6538
6540
6542
6544
6546
6548
6549
6552
6553
6555
6558
6560
6562
6563
6565
6568
6570
6572
6573
6575
6578
6579
6581
6584
6585
6587
6590
6591
6593
6595
6597
6600
6602
6604
6605
6608
6609
6612
6614
6615
6618
6620
6621
6624
6625
6627
6629
6632
6633
6635
6637
6640
6642
6644
6646
6647
6649
6652
6654
6655
6658
6660
6662
6664
6665
6667
6670
6671
6674
6676
6678
6680
6682
6683
6686
6688
6690
6692
6694
6695
6697
6700
6702
6703
6705
6707
6710
6711
6713
6715
6718
6719
6722
6723
6725
6727
6730
6732
6734
6736
6738
6739
6742
6744
6746
6748
6749
6752
6754
6756
6758
6760
6761
6763
6766
6767
6769
6772
6773
6775
6778
6779
6781
6784
6786
6788
6789
6791
6794
6796
6798
6799
6801
6803
6806
6807
6810
6811
6814
6816
6818
6820
6821
6824
6825
6828
6829
6832
6833
6836
6837
6840
6841
6843
6846
6847
6849
6851
6853
6856
6858
6859
6862
6864
6865
6868
6869
6872
6873
6875
6877
6880
6882
6884
6885
6887
6890
6891
6894
6896
6897
6899
6901
6903
6905
6907
6910
6912
6914
6915
6917
6920
6922
6924
6925
6928
6930
6932
6934
6935
6937
6940
6942
6944
6945
6947
6950
6952
6953
6956
6958
6959
6961
6963
6966
6968
6969
6971
6973
6976
6977
6980
6982
6983
6986
6987
6989
6992
6994
6995
6998
7000
7001
7004
7005
7008
7010
7011
7013
7015
7017
7020
7021
7024
7025
7028
7029
7032
7033
7035
7037
7039
7042
7043
7045
7048
7049
7051
7054
7056
7057
7060
7061
7063
7065
7068
7070
7071
7073
7075
7078
7079
7081
7083
7085
7088
7089
7092
7093
7096
7097
7100
7101
7104
7105
7108
7110
7111
7114
7115
7117
7120
7121
7124
7126
7128
7129
7132
7134
7136
7138
7139
7141
7144
7146
7147
7150
7152
7153
7156
7157
7159
7161
7163
7165
7168
7169
7172
7174
7175
7178
7180
7181
7183
7185
7187
7190
7192
7193
7195
7197
7200
7201
7204
7205
7208
7209
7211
7213
7215
7217
7219
7222
7224
7226
7228
7230
7232
7234
7235
7237
7239
7241
7244
7246
7248
7249
7252
7253
7256
7258
7259
7262
7263
7265
7267
7270
7271
7274
7275
7277
7279
7282
7283
7285
7287
7290
7292
7294
7296
7298
7299
7302
7303
7306
7307
7310
7312
7314
7316
7318
7320
7322
7324
7325
7328
7329
7332
7334
7336
7338
7339
7341
7344
7345
7347
7350
7351
7353
7356
7358
7360
7362
7363
7366
7368
7370
7371
7373
7376
7378
7380
7382
7384
7386
7388
7389
7391
7394
7396
7397
7400
7401
7403
7405
7407
7410
7411
7414
7415
7417
7420
7421
7423
7426
7427
7429
7431
7434
7435
7438
7439
7442
7443
7446
7447
7449
7452
7454
7456
7458
7459
7462
7463
7465
7468
7469
7471
7473
7476
7477
7479
7481
7483
7485
7487
7489
7491
7494
7496
7497
7499
7502
7503
7506
7507
7509
7512
7514
7516
7518
7519
7521
7523
7526
7528
7530
7532
7533
7536
7538
7540
7542
7543
7545
7547
7550
7552
7553
7556
7558
7559
7561
7564
7565
7568
7570
7572
7573
7576
7578
7580
7581
7583
7585
7587
7589
7592
7594
7596
7598
7600
7602
7603
7606
7607
7610
7612
7613
7616
7617
7620
7622
7624
7625
7627
7630
7632
7634
7635
7637
7639
7642
7643
7646
7647
7649
7651
7654
7655
7657
7660
7661
7664
7666
7668
7669
7671
7673
7675
7677
7680
7682
7684
7686
7688
7690
7691
7693
7696
7697
7700
7702
7704
7706
7708
7709
7712
7714
7716
7718
7720
7722
7723
7725
7728
7730
7731
7733
7736
7738
7740
7741
7743
7745
7748
7749
7752
7753
7755
7757
7759
7761
7764
7765
7767
7769
7772
7774
7775
7778
7779
7781
7783
7785
7788
7790
7792
7794
7795
7797
7800
7802
7804
7806
7807
7809
7812
7813
7815
7818
7820
7821
7824
7825
7827
7830
7832
7834
7836
7837
7839
7841
7844
7845
7847
7849
7851
7853
7855
7858
7859
7862
7863
7865
7867
7870
7872
7873
7875
7877
7880
7882
7883
7886
7888
7890
7891
7894
7895
7898
7900
7902
7903
7906
7908
7910
7912
7913
7915
7918
7920
7922
7924
7925
7928
7929
7932
7934
7935
7938
7940
7941
7944
7945
7947
7950
7951
7953
7956
7957
7959
7962
7964
7965
7968
7970
7971
7974
7975
7978
7979
7981
7983
7986
7988
7989
7991
7993
7996
7997
7999
8001
8004
8005
8007
8009
8011
8013
8015
8018
8020
8022
8023
8026
8028
8029
8031
8033
8035
8037
8039
8041
8044
8046
8048
8049
8051
8054
8056
8057
8060
8061
8064
8066
8067
8069
8072
8074
8075
8077
8079
8082
8084
8085
8087
8090
8092
8093
8096
8098
8099
8101
8104
8106
8107
8110
8111
8114
8116
8118
8120
8122
8124
8125
8128
8129
8131
8134
8136
8137
8140
8141
8143
8145
8147
8149
8152
8153
8156
8158
8160
8162
8163
8166
8168
8170
8172
8174
8176
8178
8179
8181
8184
8186
8187
8189
8191
8194
8196
8198
8199
8201
8204
8206
8208
8210
8211
8214
8215
8218
8220
8221
8224
8225
8228
8229
8232
8234
8235
8238
8239
8242
8244
8245
8247
8250
8251
8254
8255
8258
8259
8262
8263
8266
8268
8269
8271
8273
8275
8277
8280
8282
8284
8286
8288
8289
8291
8294
8296
8297
8300
8302
8303
8305
8307
8309
8312
8314
8316
8318
8320
8321
8323
8325
8327
8330
8331
8333
8336
8337
8340
8341
8344
8346
8348
8349
8351
8353
8356
8357
8360
8361
8364
8365
8368
8369
8372
8374
8375
8378
8379
8381
8383
8386
8388
8390
8392
8394
8395
8397
8399
8401
8403
8406
8407
8410
8411
8414
8415
8417
8420
8421
8423
8425
8427
8430
8432
8433
8435
8437
8440
8442
8444
8446
8448
8449
8452
8453
8455
8458
8460
8462
8463
8466
8468
8470
8471
8473
8475
8478
8480
8481
8483
8486
8488
8489
8491
8494
8496
8497
8500
8502
8504
8506
8508
8509
8511
8514
8515
8518
8520
8522
8524
8525
8528
8529
8531
8533
8535
8538
8540
8542
8544
8545
8547
8549
8551
8554
8556
8557
8560
8561
8564
8566
8567
8569
8572
8573
8575
8577
8580
8582
8584
8585
8587
8589
8592
8594
8596
8598
8600
8601
8603
8605
8607
8610
8612
8613
8615
8618
8619
8622
8623
8626
8627
8629
8632
8634
8636
8637
8640
8641
8643
8646
8648
8650
8652
8654
8656
8657
8660
8661
8663
8665
8667
8670
8672
8674
8675
8678
8679
8681
8684
8686
8687
8689
8691
8694
8696
8698
8700
8702
8704
8706
8707
8709
8711
8714
8716
8717
8719
8722
8724
8725
8728
8729
8732
8733
8736
8738
8739
8742
8744
8745
8747
8749
8752
8753
8755
8758
8759
8761
8764
8765
8768
8770
8771
8774
8776
8778
8779
8782
8783
8785
8788
8790
8791
8793
8796
8798
8799
8801
8804
8806
8808
8810
8811
8814
8816
8818
8819
8822
8824
8825
8828
8829
8832
8834
8836
8838
8839
8842
8843
8845
8847
8850
8851
8853
8855
8858
8859
8861
8863
8866
8868
8869
8872
8874
8875
8877
8879
8882
8884
8885
8887
8889
8891
8893
8896
8897
8900
8902
8903
8906
8908
8909
8911
8913
8916
8918
8920
8921
8923
8925
8927
8929
8932
8934
8936
8937
8939
8942
8943
8945
8948
8950
8952
8953
8955
8958
8960
8962
8964
8965
8968
8969
8971
8974
8976
8977
8979
8981
8983
8985
8988
8989
8991
8994
8995
8998
8999
9001
9003
9005
9008
9010
9011
9013
9015
9017
9020
9022
9024
9025
9028
9029
9032
9034
9036
9037
9039
9042
9043
9045
9048
9049
9051
9054
9056
9057
9060
9061
9063
9065
9068
9070
9072
9073
9076
9078
9079
9081
9083
9085
9087
9089
9092
9093
9095
9097
9099
9102
9103
9105
9108
9109
9111
9113
9116
9118
9120
9121
9123
9125
9127
9129
9131
9133
9135
9137
9140
9142
9144
9145
9148
9150
9151
9153
9155
9157
9159
9162
9163
9165
9167
9170
9171
9173
9175
9177
9179
9182
9184
9185
9188
9190
9191
9193
9196
9197
9200
9202
9203
9206
9207
9209
9211
9213
9216
9217
9220
9221
9224
9225
9227
9229
9231
9233
9235
9237
9239
9242
9243
9245
9248
9250
9252
9253
9256
9258
9259
9261
9263
9265
9267
9270
9271
9274
9275
9277
9280
9281
9284
9285
9288
9289
9291
9294
9296
9297
9299
9302
9304
9306
9307
9309
9312
9314
9315
9318
9320
9321
9324
9325
9327
9329
9332
9334
9335
9338
9339
9341
9344
9346
9348
9349
9351
9354
9356
9358
9359
9362
9363
9365
9367
9369
9372
9373
9375
9378
9380
9382
9383
9386
9388
9389
9392
9394
9396
9397
9399
9401
9403
9406
9407
9409
9412
9414
9415
9417
9420
9422
9424
9425
9427
9429
9431
9434
9435
9438
9440
9441
9443
9445
9448
9450
9452
9453
9456
9458
9459
9461
9464
9465
9468
9470
9472
9473
9475
9477
9480
9482
9484
9485
9488
9489
9491
9494
9496
9497
9499
9502
9504
9505
9507
9510
9511
9514
9515
9518
9519
9522
9523
9526
9528
9529
9531
9534
9536
9538
9539
9541
9543
9545
9547
9549
9552
9554
9555
9557
9560
9562
9564
9565
9567
9569
9572
9573
9575
9578
9580
9581
9583
9586
9588
9590
9591
9594
9596
9598
9599
9602
9603
9606
9607
9610
9612
9613
9615
9617
9620
9621
9623
9625
9627
9629
9631
9633
9636
9638
9639
9641
9643
9645
9647
9649
9652
9654
9655
9658
9659
9662
9663
9665
9667
9669
9671
9673
9675
9678
9680
9682
9683
9685
9688
9689
9692
9693
9695
9698
9699
9701
9704
9706
9708
9710
9711
9713
9715
9717
9720
9721
9724
9726
9727
9730
9731
9734
9736
9737
9739
9741
9744
9746
9747
9750
9751
9754
9756
9757
9759
9762
9764
9766
9768
9770
9771
9774
9775
9777
9780
9781
9783
9786
9788
9789
9792
9794
9796
9798
9799
9802
9803
9806
9808
9810
9811
9813
9815
9818
9819
9822
9823
9825
9828
9829
9831
9834
9836
9838
9839
9841
9843
9846
9847
9850
9851
9854
9856
9858
9860
9861
9864
9866
9867
9869
9872
9873
9875
9878
9879
9882
9884
9885
9888
9890
9892
9893
9895
9897
9900
9901
9904
9906
9908
9910
9911
9914
9916
9918
9919
9922
9923
9926
9928
9929
9931
9933
9935
9938
9940
9941
9943
9945
9948
9950
9952
9953
9955
9958
9959
9962
9963
9965
9968
9970
9971
9973
9976
9978
9979
9981
9983
9986
9988
9989
9991
9994
9996
9998
10000
10001
10004
10005
10008
10010
10011
10013
10015
10018
10020
10021
10023
10025
10028
10030
10032
10033
10035
10038
10039
10042
10043
10045
10048
10050
10051
10054
10055
10057
10059
10062
10064
10066
10067
10070
10071
10073
10075
10077
10079
10082
10084
10086
10088
10089
10091
10093
10095
10098
10099
10102
10104
10106
10107
10109
10112
10114
10115
10118
10120
10122
10124
10125
10128
10129
10131
10134
10135
10138
10139
10141
10143
10145
10147
10150
10152
10154
10156
10157
10160
10161
10164
10165
10167
10169
10171
10173
10175
10177
10179
10181
10183
10185
10187
10189
10192
10194
10196
10198
10200
10202
10204
10206
10207
10210
10211
10214
10216
10218
10220
10221
10224
10225
10228
10229
10231
10234
10235
10238
10240
10241
10243
10245
10248
10249
10252
10253
10255
10257
10259
10262
10263
10266
10267
10269
10272
10274
10276
10277
10280
10282
10284
10286
10288
10290
10292
10294
10296
10298
10300
10301
10304
10305
10308
10309
10312
10313
10316
10317
10319
10322
10324
10325
10328
10330
10331
10333
10335
10337
10340
10342
10343
10346
10347
10350
10352
10354
10356
10358
10359
10361
10363
10365
10367
10369
10371
10373
10376
10378
10380
10382
10383
10386
10388
10389
10392
10394
10396
10397
10399
10402
10404
10406
10408
10409
10411
10414
10416
10417
10420
10421
10423
10426
10428
10429
10432
10433
10435
10438
10439
10442
10443
10445
10447
10450
10451
10454
10456
10458
10459
10461
10464
10465
10468
10470
10472
10473
10476
10477
10480
10481
10483
10486
10487
10490
10492
10494
10496
10497
10500
10502
10504
10505
10507
10510
10511
10514
10515
10517
10519
10522
10523
10526
10528
10529
10532
10533
10536
10537
10539
10541
10544
10546
10547
10549
10551
10554
10555
10557
10559
10561
10564
10565
10567
10569
10571
10574
10576
10578
10580
10581
10583
10586
10588
10590
10592
10593
10596
10598
10599
10602
10604
10605
10607
10609
10611
10614
10616
10618
10619
10621
10623
10625
10628
10629
10631
10633
10635
10638
10639
10642
10643
10645
10648
10650
10652
10653
10656
10658
10660
10661
10664
10666
10668
10669
10672
10674
10676
10677
10680
10682
10683
10686
10688
10689
10692
10694
10696
10698
10699
10701
10703
10705
10708
10709
10711
10714
10716
10718
10719
10722
10724
10725
10728
10730
10731
10733
10736
10738
10740
10741
10744
10746
10748
10749
10752
10753
10755
10758
10760
10762
10763
10765
10768
10769
10772
10774
10775
10778
10779
10782
10783
10785
10787
10790
10792
10793
10795
10798
10800
10802
10803
10806
10807
10810
10811
10814
10816
10817
10820
10822
10824
10825
10827
10830
10832
10833
10835
10837
10840
10842
10844
10845
10847
10849
10852
10854
10856
10858
10859
10861
10863
10866
10868
10870
10871
10874
10876
10877
10880
10882
10883
10885
10887
10889
10891
10893
10896
10897
10899
10901
10903
10906
10908
10909
10911
10913
10915
10918
10920
10922
10924
10925
10927
10929
10931
10933
10935
10937
10939
10941
10943
10945
10947
10950
10952
10953
10956
10957
10960
10961
10964
10966
10967
10970
10971
10973
10975
10978
10980
10981
10984
10985
10988
10990
10992
10993
10995
10998
11000
11001
11004
11005
11007
11010
11012
11013
11015
11018
11020
11021
11023
11025
11027
11030
11032
11033
11036
11037
11040
11041
11044
11045
11048
11049
11052
11054
11055
11057
11059
11062
11064
11065
11068
11069
11071
11073
11076
11077
11079
11082
11083
11086
11088
11089
11092
11094
11096
11098
11100
11102
11103
11106
11108
11110
11111
11114
11116
11118
11120
11122
11124
11125
11127
11130
11132
11133
11136
11138
11140
11142
11144
11146
11148
11149
11152
11153
11156
11158
11159
11162
11163
11165
11168
11170
11171
11173
11176
11178
11179
11182
11184
11186
11187
11189
11191
11193
11195
11197
11199
11202
11203
11206
11207
11210
11211
11213
11216
11218
11220
11222
11223
11225
11228
11229
11231
11234
11236
11237
11239
11241
11243
11245
11247
11249
11251
11254
11256
11258
11260
11262
11263
11265
11267
11269
11271
11274
11275
11278
11280
11282
11284
11286
11287
11290
11292
11293
11295
11297
11300
11302
11303
11306
11308
11309
11312
11314
11316
11318
11320
11321
11323
11326
11327
11329
11332
11334
11336
11337
11340
11341
11344
11346
11348
11350
11352
11353
11356
11357
11359
11362
11363
11365
11368
11370
11371
11373
11375
11377
11379
11382
11384
11385
11387
11390
11392
11393
11396
11397
11399
11401
11403
11406
11408
11409
11412
11414
11415
11418
11420
11421
11423
11425
11428
11430
11431
11434
11436
11437
11440
11442
11443
11446
11448
11449
11451
11453
11456
11458
11459
11462
11463
11466
11467
11470
11471
11474
11475
11477
11480
11482
11483
11485
11488
11490
11491
11493
11495
11497
11499
11502
11504
11506
11507
11509
11511
11514
11516
11518
11519
11521
11524
11525
11527
11530
11531
11534
11535
11538
11539
11541
11544
11546
11548
11550
11552
11553
11556
11557
11560
11562
11563
11566
11567
11570
11572
11574
11576
11577
11579
11582
11583
11585
11587
11589
11592
11593
11596
11598
11599
11601
11603
11606
11607
11610
11611
11613
11615
11617
11619
11622
11623
11625
11627
11629
11631
11633
11635
11637
11640
11642
11643
11645
11648
11650
11651
11654
11655
11658
11659
11662
11663
11665
11668
11670
11671
11674
11676
11677
11680
11681
11684
11685
11688
11690
11692
11693
11696
11698
11700
11701
11703
11706
11708
11709
11711
11714
11715
11718
11719
11721
11724
11726
11727
11729
11732
11734
11736
11737
11740
11742
11743
11746
11748
11749
11751
11753
11755
11757
11760
11762
11764
11765
11768
11770
11772
11774
11775
11778
11779
11781
11784
11785
11788
11790
11791
11793
11795
11797
11800
11802
11804
11806
11808
11809
11811
11814
11816
11818
11820
11821
11824
11825
11827
11829
11831
11834
11835
11837
11839
11842
11844
11846
11847
11850
11851
11854
11856
11857
11860
11862
11864
11865
11868
11869
11871
11874
11875
11877
11879
11882
11883
11886
11887
11890
11892
11894
11895
11897
11900
11901
11904
11905
11907
11910
11911
11914
11916
11918
11920
11922
11923
11925
11928
11930
11932
11934
11935
11938
11940
11941
11944
11946
11948
11950
11951
11954
11955
11957
11960
11961
11964
11965
11968
11970
11971
11974
11976
11978
11979
11981
11983
11986
11987
11989
11992
11993
11995
11997
11999
12001
12003
12005
12007
12009
12011
12013
12015
12017
12019
12021
12024
12026
12027
12029
12032
12033
12035
12037
12040
12042
12043
12046
12048
12049
12051
12054
12055
12058
12060
12062
12064
12066
12068
12069
12072
12074
12076
12078
12079
12081
12084
12086
12088
12090
12092
12093
12095
12097
12099
12102
12103
12105
12107
12110
12112
12114
12116
12117
12119
12122
12124
12126
12128
12129
12131
12133
12136
12138
12139
12141
12143
12146
12147
12150
12151
12153
12156
12157
12160
12162
12164
12166
12168
12169
12171
12174
12176
12178
12179
12182
12184
12185
12187
12189
12191
12193
12196
12198
12200
12201
12203
12205
12207
12210
12211
12213
12216
12217
12219
12221
12223
12226
12228
12230
12231
12234
12236
12237
12239
12241
12244
12246
12248
12249
12252
12254
12255
12257
12260
12262
12263
12266
12267
12269
12272
12274
12275
12278
12280
12282
12284
12285
12288
12290
12292
12294
12296
12298
12300
12301
12303
12305
12307
12310
12311
12313
12316
12318
12319
12321
12324
12325
12328
12330
12331
12333
12335
12338
12340
12341
12343
12346
12348
12350
12352
12353
12356
12358
12360
12361
12363
12365
12368
12369
12372
12373
12375
12378
12379
12381
12383
12386
12388
12389
12392
12394
12396
12397
12400
12401
12404
12405
12407
12409
12412
12413
12415
12418
12419
12422
12423
12425
12427
12429
12431
12434
12435
12438
12440
12441
12443
12446
12447
12450
12451
12453
12456
12458
12459
12462
12463
12466
12467
12469
12472
12473
12475
12478
12479
12482
12484
12485
12488
12489
12491
12493
12495
12498
12500
12501
12503
12506
12507
12509
12512
12514
12515
12517
12520
12521
12524
12526
12528
12530
12532
12533
12535
12537
12539
12542
12543
12545
12547
12550
12552
12553
12555
12557
12560
12561
12563
12566
12567
12569
12572
12573
12575
12578
12579
12581
12583
12586
12587
12590
12592
12593
12595
12597
12600
12601
12604
12605
12608
12609
12612
12613
12615
12618
12619
12621
12624
12625
12627
12629
12631
12634
12636
12638
12639
12642
12643
12645
12648
12650
12651
12654
12656
12657
12660
12662
12663
12665
12668
12670
12672
12673
12676
12678
12679
12682
12683
12686
12687
12689
12692
12694
12696
12697
12700
12701
12703
12705
12707
12709
12711
12713
12716
12717
12720
12721
12724
12726
12727
12729
12731
12733
12736
12738
12740
12741
12744
12745
12747
12749
12752
12753
12755
12757
12759
12762
12764
12766
12767
12770
12772
12774
12776
12777
12780
12782
12783
12785
12788
12790
12791
12793
12796
12797
12800
12802
12804
12806
12807
12810
12811
12814
12816
12817
12819
12822
12824
12826
12828
12830
12832
12834
12835
12837
12840
12841
12843
12846
12848
12849
12851
12854
12856
12857
12859
12861
12863
12866
12868
12870
12871
12873
12875
12878
12880
12882
12883
12885
12887
12889
12891
12894
12895
12897
12899
12901
12903
12906
12907
12909
12912
12914
12915
12918
12920
12921
12924
12925
12927
12929
12932
12933
12935
12937
12940
12941
12944
12946
12948
12950
12951
12954
12956
12958
12959
12961
12963
12965
12968
12970
12971
12973
12975
12978
12979
12982
12983
12986
12987
12989
12992
12994
12995
12997
12999
13002
13003
13006
13008
13009
13012
13013
13016
13017
13019
13022
13023
13026
13027
13029
13032
13033
13036
13037
13039
13042
13043
13046
13047
13049
13052
13054
13055
13057
13060
13061
13063
13065
13068
13070
13071
13074
13075
13077
13079
13082
13084
13086
13088
13089
13091
13094
13095
13097
13099
13101
13103
13106
13107
13109
13112
13113
13116
13118
13119
13121
13124
13126
13127
13129
13131
13134
13135
13137
13140
13142
13144
13145
13148
13150
13152
13153
13156
13158
13159
13161
13163
13165
13168
13169
13171
13173
13175
13177
13179
13182
13184
13186
13187
13190
13191
13193
13195
13197
13199
13201
13203
13206
13208
13210
13212
13214
13216
13218
13219
13221
13223
13226
13227
13229
13231
13234
13236
13238
13239
13241
13243
13246
13248
13249
13251
13253
13256
13257
13259
13261
13264
13265
13268
13269
13272
13274
13276
13278
13280
13282
13283
13286
13288
13290
13291
13293
13295
13298
13299
13302
13304
13305
13307
13310
13312
13313
13316
13318
13320
13322
13323
13325
13327
13329
13331
13334
13335
13337
13340
13341
13344
13346
13347
13350
13351
13354
13356
13357
13359
13362
13364
13365
13367
13369
13372
13374
13376
13377
13380
13381
13383
13386
13388
13390
13391
13393
13395
13398
13400
13402
13404
13405
13407
13410
13411
13413
13415
13418
13420
13422
13423
13426
13427
13429
13432
13433
13436
13438
13440
13442
13443
13445
13447
13449
13452
13453
13455
13457
13459
13461
13463
13465
13467
13469
13471
13473
13476
13477
13480
13481
13483
13485
13487
13489
13492
13494
13496
13497
13500
13501
13504
13505
13508
13510
13512
13513
13515
13517
13520
13522
13524
13525
13528
13530
13532
13534
13535
13537
13539
13542
13543
13546
13548
13549
13552
13553
13555
13557
13560
13561
13563
13566
13568
13570
13571
13573
13575
13578
13580
13582
13584
13585
13588
13589
13591
13593
13596
13597
13600
13601
13604
13605
13607
13609
13611
13613
13615
13617
13620
13621
13623
13626
13627
13630
13632
13634
13636
13638
13640
13641
13643
13645
13647
13649
13651
13653
13656
13657
13660
13661
13663
13666
13667
13670
13671
13673
13675
13677
13679
13681
13684
13686
13687
13689
13691
13693
13696
13698
13699
13702
13704
13706
13708
13710
13712
13713
13715
13718
13720
13721
13724
13726
13727
13729
13731
13733
13736
13737
13739
13741
13743
13745
13747
13749
13752
13754
13755
13757
13760
13762
13763
13766
13768
13770
13772
13773
13776
13778
13779
13781
13783
13785
13788
13790
13792
13793
13795
13797
13800
13802
13804
13805
13808
13810
13811
13813
13815
13818
13819
13821
13823
13826
13827
13829
13831
13833
13835
13837
13839
13841
13844
13846
13847
13849
13852
13854
13855
13858
13860
13861
13863
13866
13868
13869
13871
13873
13875
13878
13880
13881
13884
13886
13887
13889
13892
13893
13895
13897
13900
13902
13904
13905
13907
13909
13911
13914
13916
13917
13920
13921
13924
13925
13927
13930
13931
13934
13936
13937
13940
13942
13944
13946
13947
13949
13952
13954
13956
13958
13959
13961
13963
13965
13967
13970
13972
13973
13975
13978
13980
13981
13983
13986
13988
13989
13991
13994
13995
13997
13999
14001
14004
14005
14007
14009
14012
14014
14016
14017
14019
14021
14023
14025
14027
14029
14032
14034
14035
14037
14039
14041
14044
14045
14048
14049
14052
14054
14056
14057
14060
14061
14064
14065
14068
14069
14072
14073
14076
14077
14079
14081
14084
14086
14088
14090
14092
14093
14096
14097
14099
14101
14104
14105
14108
14110
14111
14113
14115
14117
14119
14121
14123
14126
14128
14130
14131
14133
14136
14138
14140
14142
14143
14146
14148
14150
14152
14154
14155
14157
14160
14161
14163
14166
14168
14170
14172
14173
14176
14178
14180
14182
14184
14186
14187
14189
14192
14193
14195
14197
14200
14201
14204
14206
14208
14210
14211
14213
14215
14217
14219
14221
14223
14226
14227
14229
14232
14234
14235
14237
14240
14242
14243
14245
14247
14249
14251
14254
14256
14257
14260
14262
14263
14265
14268
14269
14271
14273
14276
14278
14279
14281
14284
14285
14287
14289
14291
14294
14295
14297
14299
14301
14304
14305
14308
14309
14311
14313
14315
14318
14319
14321
14324
14325
14327
14330
14332
14333
14336
14338
14340
14342
14343
14346
14348
14349
14351
14354
14355
14357
14360
14362
14363
14366
14367
14369
14372
14374
14375
14377
14379
14381
14383
14385
14387
14390
14391
14393
14396
14397
14400
14402
14404
14406
14408
14409
14412
14414
14416
14418
14420
14422
14423
14425
14428
14429
14431
14434
14436
14438
14440
14441
14444
14445
14448
14450
14452
14454
14456
14457
14459
14461
14463
14466
14467
14470
14471
14473
14476
14478
14480
14482
14483
14485
14487
14489
14491
14493
14495
14497
14499
14501
14504
14506
14507
14510
14511
14513
14515
14518
14520
14522
14524
14526
14527
14529
14532
14534
14535
14538
14540
14542
14544
14545
14547
14549
14551
14554
14556
14557
14559
14561
14563
14565
14567
14569
14571
14574
14575
14578
14580
14581
14584
14585
14588
14589
14592
14593
14595
14598
14599
14602
14603
14605
14608
14609
14612
14614
14616
14617
14619
14621
14623
14626
14628
14629
14631
14633
14635
14638
14639
14642
14643
14645
14647
14650
14652
14654
14655
14657
14660
14662
14664
14666
14667
14669
14671
14674
14675
14678
14679
14681
14684
14685
14687
14690
14691
14693
14695
14698
14700
14701
14703
14706
14707
14709
14711
14713
14715
14718
14720
14721
14723
14726
14727
14729
14732
14734
14736
14737
14739
14741
14743
14746
14747
14749
14751
14753
14756
14758
14760
14762
14764
14766
14768
14770
14771
14773
14775
14778
14779
14781
14784
14785
14787
14789
14792
14794
14795
14797
14799
14801
14804
14805
14808
14809
14812
14813
14815
14817
14820
14822
14824
14825
14827
14829
14832
14834
14836
14838
14839
14841
14843
14845
14848
14849
14852
14854
14855
14857
14859
14861
14863
14866
14867
14870
14871
14874
14875
14878
14880
14882
14883
14886
14888
14889
14892
14894
14895
14897
14899
14901
14903
14905
14908
14910
14911
14913
14915
14917
14919
14922
14924
14926
14928
14929
14932
14933
14935
14938
14939
14941
14944
14945
14947
14949
14952
14954
14956
14958
14960
14962
14964
14966
14968
14969
14971
14974
14976
14978
14979
14981
14983
14985
14987
14989
14991
14994
14995
14998
15000
15002
15003
15006
15007
15010
15012
15013
15016
15018
15020
15022
15023
15025
15028
15029
15031
15034
15035
15037
15040
15041
15044
15045
15047
15050
15051
15054
15055
15058
15060
15061
15064
15065
15068
15069
15072
15073
15075
15077
15080
15082
15083
15086
15087
15089
15092
15093
15096
15098
15099
15101
15104
15106
15108
15110
15111
15113
15116
15117
15119
15121
15124
15125
15127
15129
15132
15133
15136
15137
15140
15142
15144
15145
15148
15149
15151
15153
15156
15157
15159
15161
15164
15166
15167
15170
15171
15173
15175
15177
15180
15182
15183
15185
15188
15190
15192
15193
15196
15197
15199
15202
15204
15205
15207
15210
15211
15214
15216
15218
15219
15222
15224
15226
15228
15230
15231
15233
15236
15238
15240
15241
15244
15245
15248
15250
15251
15253
15256
15258
15260
15261
15264
15265
15267
15270
15271
15274
15275
15278
15279
15282
15283
15285
15288
15289
15292
15293
15296
15298
15300
15302
15303
15306
15308
15309
15312
15313
15315
15317
15320
15321
15324
15325
15327
15330
15331
15333
15336
15338
15340
15341
15343
15346
15347
15350
15352
15353
15356
15357
15359
15361
15363
15365
15367
15370
15372
15373
15375
15377
15379
15381
15383
15386
15387
15390
15391
15393
15396
15397
15399
15401
15404
15406
15408
15410
15412
15414
15416
15417
15420
15422
15424
15426
15428
15429
15432
15433
15436
15437
15439
15441
15443
15446
15447
15450
15451
15453
15456
15458
15460
15462
15464
15465
15468
15469
15471
15474
15476
15478
15480
15482
15484
15486
15488
15489
15491
15494
15495
15498
15500
15502
15504
15505
15508
15509
15512
15514
15516
15517
15520
15522
15523
15526
15527
15530
15531
15533
15535
15538
15540
15542
15543
15545
15547
15550
15552
15554
15556
15558
15560
15562
15563
15565
15567
15569
15572
15573
15575
15578
15579
15582
15584
15585
15588
15589
15591
15594
15595
15598
15600
15602
15603
15605
15608
15609
15611
15613
15615
15617
15620
15622
15623
15625
15628
15630
15632
15633
15636
15638
15639
15641
15644
15646
15647
15650
15651
15654
15656
15657
15660
15661
15663
15666
15667
15669
15671
15674
15676
15677
15680
15682
15683
15685
15687
15689
15691
15693
15695
15698
15699
15702
15704
15705
15708
15710
15712
15714
15715
15717
15720
15721
15723
15726
15728
15729
15732
15734
15735
15737
15740
15741
15744
15746
15747
15750
15751
15753
15756
15758
15760
15762
15764
15766
15767
15770
15772
15773
15776
15778
15780
15782
15784
15785
15788
15789
15791
15793
15795
15797
15800
15801
15803
15806
15808
15810
15811
15814
15816
15818
15820
15821
15823
15826
15828
15830
15831
15833
15835
15838
15839
15842
15843
15846
15848
15850
15852
15854
15856
15857
15859
15861
15864
15866
15868
15870
15872
15873
15876
15878
15879
15882
15884
15885
15888
15890
15892
15893
15895
15898
15900
15902
15904
15906
15907
15909
15912
15914
15916
15918
15920
15922
15923
15925
15927
15930
15932
15934
15936
15938
15939
15941
15943
15945
15948
15949
15951
15953
15956
15957
15960
15961
15964
15966
15967
15970
15972
15974
15976
15977
15980
15982
15984
15986
15987
15990
15991
15993
15996
15998
15999
