3161208 2318 488062478
79430 310 422551245
56716 290 82249411
1036037 1345 648312459
769391 1163 488083284
2704302 2212 176339232
1191036 1394 748899563
290694 716 606144482
1370878 1466 668379038
4836285 2943 388908544
17974 144 38040815
6091 99 165264749
2100176 2002 653248039
3418391 2353 837964170
7036408 3378 185209522
516939 979 644406632
2935398 2362 162142074
735660 1186 160150031
3834512 2644 318205825
1397497 1455 106053815
33806 268 100837272
4591673 2919 961341137
512209 1013 627188002
126178 446 646052962
1348295 1565 536985786
1302788 1404 129588957
332988 730 925364088
7690983 3671 380012158
3985964 2534 24915697
4689361 2753 353721057
751927 1169 488083284
65 13 132
4267513 2615 977886040
564800 1008 99304988
8311 105 881931175
370492 798 788858421
131532 398 313078086
636532 896 347285280
1232269 1507 466646187
4507196 2936 590999672
3435146 2552 707178880
214359 523 233666672
5856968 3134 755658983
1090024 1232 542099927
1606 54 925890214
219012 666 647547462
2137325 1885 300896273
29166 210 49035108
7088059 3519 630755604
4154678 2704 130886035
2964756 2186 513102862
12225 167 747939002
87574 360 422551245
2938107 2371 162142074
3486275 2337 311895347
71765 285 437377397
8236697 3625 659531155
227726 544 310066214
2041112 1804 256518771
10605156 4158 74353916
3200933 2463 202144853
519877 833 723838146
5494252 2960 459386586
1084192 1414 231885506
2143347 1953 542081142
3635008 2372 607255756
5822954 3276 241143053
6071806 3094 878069226
1081473 1345 390088986
1938715 1885 230080506
4665756 2896 389880564
402647 855 651145998
19349 183 577894130
215924 640 647547462
1424406 1600 510739299
9745639 4037 478130615
574865 1051 92542487
2641257 2065 839258835
12318127 4493 881128473
14775 143 592126629
3019719 2187 116497945
889951 1131 230271825
7 5 2
33 5 42
989716 1264 347151930
7038417 3519 63196293
2966342 2192 221029205
299353 715 205073606
8643579 3741 592726836
159994 452 405621331
76 18 42
498091 927 688653668
47041 269 52491136
2524035 1999 912451868
66805 309 19870649
114398 464 157819642
1691794 1742 188066423
4090849 2535 267584981
12738687 4549 487701304
2826406 2250 826252199
2064551 1913 32421244
957122 1172 961785170
531913 983 455480555
8235 111 171644840
23068 184 901403157
14464005 4843 626837360
472302 928 518969626
8603612 3798 729094508
21591 171 554042849
614524 926 377531791
4928003 2943 402179291
11838647 4395 983860200
555662 1056 719099792
48721 299 254498198
7381947 3431 454645197
1268721 1399 467616523
804723 1137 155449250
2534476 2036 964733077
6006673 3217 876330778
6331749 3155 912874090
4056781 2519 435221245
3641370 2418 48689773
2378387 2091 861982195
2236568 1940 514551662
7632764 3482 386283473
3412822 2464 707178880
748785 1181 272156541
97203 373 406955973
201402 520 54809069
539164 1030 273380691
704340 1128 742986947
1255928 1416 942426044
199 13 58786
199451 609 869526846
1509102 1658 130364303
5281502 2912 561006939
400006 874 962239296
66 10 429
1684404 1756 227376481
897614 1276 97802033
23643 165 300609911
515885 989 627188002
11164473 4293 196242091
8376265 3721 160674806
53 9 42
68988 308 430906843
2202876 1916 964507980
128272 500 868034650
77 5 42
163345 461 964503178
3989700 2640 992420028
1670 42 93302951
1683646 1566 113261661
2039190 1962 534035487
1403430 1574 817643431
12928 136 853131050
3399937 2445 398748124
321409 629 320402868
405453 709 575330457
2781454 2126 960001868
2374461 1921 129901669
39471 241 516887147
1774 54 937414464
8040087 3617 922768393
68722 316 528095125
1272986 1462 993598202
483026 976 82965981
85575 363 31578719
4020010 2756 825925418
2461104 2134 578906686
75688 318 416582650
554119 867 697520484
1741546 1820 952817456
10687058 4170 511173314
5348749 3143 975261480
10798354 4252 334690249
1061013 1331 170005746
721671 1135 782658607
2814133 2247 127406684
2405870 1938 229145318
6243667 3331 39424791
1474688 1506 905139489
711292 1128 160150031
10412390 4122 415353427
6453905 3251 671371127
13072949 4605 558987673
921494 1208 547514384
6061698 3128 803758542
16529 147 7221034
1593527 1569 387544493
58102 320 619905290
4399340 2896 450833507
9590046 3982 664544522
337853 815 441989114
2237937 1929 150821020
94500 414 275452695
501863 957 954760926
3296699 2345 561380858
10400055 4149 761932995
1323015 1575 831729779
81859 365 420532467
535422 998 442524594
145591 547 288692791
1820392 1856 841970695
357292 792 964540829
2954160 2278 668307662
3662246 2574 576045671
2347260 1914 989783438
4500688 2890 114507906
43950 260 102954255
3365428 2532 111357408
370283 723 928980044
2682941 2079 580414729
2474059 1971 928309215
11349850 4342 533832878
2222732 2032 113261661
10010972 4070 4250478
956614 1122 536985786
1522244 1614 438867276
8165980 3746 918834241
4308403 2777 642895858
597077 1055 689477883
12069001 4425 272204662
463181 923 37769293
674385 963 628036611
114 18 429
197054 556 845419172
421585 907 469122262
5589709 2957 102980690
1011979 1177 650437050
3437 67 961237645
1016430 1376 162163798
287594 702 454958338
214672 608 922606368
1653298 1580 303106547
278208 682 696991831
519095 961 960453632
7515067 3581 995483163
87233 383 416582650
1189919 1321 635676541
161435 529 947787397
76586 398 686870898
206382 610 903526043
8660212 3832 333520247
8725322 3850 825771650
736056 1090 636312280
2279105 2031 257416103
103 15 429
167513 533 368284659
1429490 1600 806122662
9094882 3916 882510658
5520235 3125 914547192
5841278 3108 581623740
2971 75 602941373
1067 47 564120378
1177003 1451 620395107
2139164 1852 280349987
268612 604 431621273
6851138 3470 789796864
161758 516 869526846
6715354 3336 699526443
13267214 4634 652071903
1931291 1767 892912186
401611 885 328547989
387135 831 772572773
5392116 3020 867190104
2148656 1984 332985029
459009 919 86320042
613 33 35357670
2324249 2025 684323467
9665920 3998 282476965
333279 739 441989114
318692 782 606144482
1686527 1771 661168497
2859 59 93302951
7685194 3622 362658924
4877434 2904 450016400
6450566 3246 498593896
588584 1022 513390770
3285619 2463 84960377
4340403 2753 339704467
857463 1091 225614964
660173 1109 286177126
1528024 1704 811565975
2459671 2127 414788633
736470 1042 641045545
3858616 2562 211073278
23433 201 832173531
382309 843 509263162
147557 565 925866024
323746 756 783965293
5350482 2998 176349646
10988046 4242 815534737
70108 302 808093885
342785 785 522244250
8867017 3795 458331307
6240444 3186 613797968
5442333 2921 766340658
717385 1139 702973257
5372420 3102 353721057
297890 722 205073606
997859 1345 580027590
3904259 2691 931557166
237725 681 130671380
10461159 4179 241351536
13043 149 492329396
409271 753 832429548
2455496 1986 357863538
778329 1167 680705022
186638 500 430962701
1847380 1816 292598936
313675 731 589831484
2408513 2087 62488793
11937630 4430 838183084
8487614 3782 561479359
517091 839 201078159
651577 937 907061639
1041657 1395 74461628
578153 939 680705022
211693 605 861115469
4140206 2582 65449653
2813794 2146 6435531
4110257 2775 737918360
287766 678 632853148
8242359 3633 126147372
2187204 1982 184596661
225489 615 269871420
393842 764 627188002
840963 1161 213338195
63173 301 82249411
2095926 1918 415394925
874992 1234 306894636
182869 613 646052962
908862 1218 433691083
3173464 2400 489961570
2920106 2290 964356857
362406 738 170942102
371493 841 509263162
1008414 1280 746298287
254543 663 985742508
4688532 2978 295672801
1822022 1820 820746830
3033847 2311 559465459
520266 992 574595925
2741181 2191 176339232
98262 402 121039181
6264874 3148 259201946
133578 530 668663257
6613228 3400 652298234
211266 602 922606368
310497 675 562351124
2320793 2049 506679110
557176 942 92542487
2769905 2225 168743068
99090 366 403134459
1171627 1373 510739299
8275743 3751 89227497
522881 959 761305762
1811164 1814 231435210
3826574 2572 625226497
4672467 2903 183766605
2524345 2009 690737354
1693 37 141865378
50842 324 49829519
2323483 1921 577409423
1822758 1788 403113756
3321537 2285 846748444
8241260 3668 589329821
10979967 4239 917302368
1803928 1706 745159323
368537 791 197605340
5076327 2991 468517530
2829222 2162 725054760
1884652 1926 617310581
6318894 3202 539919518
411645 869 174735891
2847445 2145 668307662
152931 455 647547462
81672 386 125611464
108908 386 288692791
1828200 1702 218051373
3295569 2269 57507924
4139 93 837590216
931683 1273 383001452
1341376 1398 198932123
1283381 1535 838528648
140317 457 529121445
41500 280 354441979
970365 1311 677947305
2790549 2145 113096280
727793 1143 822214286
3149342 2392 116497945
1591 65 949904131
7656070 3654 276603286
3530374 2498 261498821
1052575 1303 165366544
115297 377 27627392
5603405 3193 319803270
1630547 1593 858198673
15285 175 577894130
2870248 2184 143311417
4868179 2947 485736909
406554 850 455845943
253999 579 571416943
11465136 4330 639886789
2426600 2116 129786889
118135 367 154498555
5825435 3053 839883635
155536 506 154498555
24083 225 832173531
499728 874 771848832
28 4 14
4549729 2897 336710496
968847 1237 638110473
505 25 35357670
6782506 3504 449632454
5498 82 337289196
3610004 2404 42514985
2695479 2073 142063360
1397363 1509 371365690
8654698 3734 94279457
771476 1156 314355573
7318488 3510 244599321
3300593 2483 449976722
1781383 1643 740855250
4166083 2681 678032205
103945 399 703283912
813278 1106 547514384
425215 767 689477883
8725478 3766 243029685
227534 698 130671380
4141490 2540 138160071
288823 727 804939519
6321 79 889345934
75358 364 175035255
12648448 4546 734392652
1188854 1298 817658951
24708 166 703883321
634399 1061 5593986
328466 766 964540829
465108 930 37769293
177714 580 833942127
16810 148 592126629
996365 1301 668571303
3075120 2428 394846588
546831 935 723838146
299389 675 962239296
2048346 1902 733974750
588043 1019 136265801
2606738 2182 34720479
2441103 2001 129786889
482147 935 82965981
2875407 2261 753102934
2516380 2014 970691201
2780337 2121 962026084
5703977 3037 895359981
315903 785 606144482
6516231 3245 954287430
2380985 1939 544974176
31198 240 493602230
2558119 2039 23417766
1527080 1614 199108230
1335069 1399 15519343
315412 734 783965293
9197735 3851 211521816
4691143 2731 364046095
3972491 2683 992420028
951638 1314 162147453
129801 479 403134459
1414933 1585 333913966
10795767 4187 265619378
4090783 2543 106114994
1087864 1404 848196689
948419 1345 529118821
7154465 3361 211252419
1451521 1607 233177802
924402 1278 16673949
4358355 2677 935689088
1649418 1612 202048537
254184 646 446830624
158077 463 927843991
4052928 2568 682112370
1144094 1374 109108976
5075567 2835 491115868
29483 241 673668198
562100 1052 260867421
2798319 2113 162142074
12428296 4488 171549750
4757 85 63389378
1123516 1410 347151930
2561501 1985 2047872
589745 1051 136265801
933438 1332 425867144
12791181 4587 872581549
3194365 2277 133272676
2472500 1986 771923958
1509 47 550429273
1457226 1538 299715936
1299088 1454 619260848
2421976 1966 370847177
3771 67 205311759
1223680 1478 420345967
729348 1140 409181594
876481 1223 166762595
2296893 2001 420255651
37835 279 527018462
8592943 3785 328463584
14331458 4812 346425698
10881889 4219 84750520
415458 894 853121483
2496429 2201 18795642
3382984 2426 111357408
63077 303 374477444
2009462 1838 878841276
8029924 3594 677121734
4617469 2883 96881919
947787 1253 275741480
595545 899 244424391
1769244 1656 733974750
8599641 3729 673673843
992413 1291 127829812
30051 205 294171032
9585564 3944 519017053
3656321 2411 146215286
377199 797 562351124
2190117 2043 184596661
405113 769 830950470
133585 395 224162688
2167030 1852 577409423
4064633 2711 130886035
120598 494 962620544
4168731 2769 678032205
105853 373 668663257
188805 577 918311629
756626 1206 488083284
6044 102 961237645
531552 944 273380691
3011099 2295 574780252
11421 125 391271379
7330928 3442 496642315
291862 622 647252950
2515521 2189 129901669
386351 823 788858421
323 19 477638700
336656 706 506312642
4635 107 765348450
1265230 1516 62955473
5755305 3093 464949966
840940 1230 907061639
507668 926 97908846
1776264 1636 257416103
3338389 2335 804973310
5661189 2981 374860705
555084 906 782658607
38 8 14
6641705 3255 377927702
142630 528 643660388
1116595 1423 115752044
436267 865 663610744
270953 727 696991831
612033 1065 323972631
5416140 3090 855795800
54680 320 840421439
10333493 4071 860395585
5236 98 323205961
2551938 2186 96341884
1645568 1682 49809407
7467506 3552 995483163
92406 390 778573206
4235878 2620 488441245
298566 728 632853148
5844197 3137 531432868
1618096 1662 654107798
3432719 2497 79807463
145813 503 375655274
10207705 4085 871341864
1775020 1790 110899186
194351 607 360711926
472100 904 86320042
344653 839 100138764
452093 865 142344759
1932798 1762 54759384
688045 1119 906055393
833967 1165 433691083
7935167 3625 279044777
1238058 1368 654107798
6064208 3280 207640620
3583919 2439 402056534
9999 123 251538890
326449 729 925364088
796234 1208 968118662
3163437 2419 507059116
6720504 3394 542607513
7428706 3582 49959470
3009169 2285 928309215
164626 446 67212282
3078531 2239 139381333
5066594 3004 550633833
857918 1062 378558209
451221 767 323972631
1560154 1574 202048537
966923 1299 571400935
198873 637 329862901
3832172 2476 450833507
536920 818 723838146
185005 611 538122675
4195911 2783 642660857
104476 422 704296250
18042 172 687851011
1530211 1707 997008105
2188774 1968 12503788
13080944 4592 29576423
3207728 2262 802539760
1208237 1491 299977995
4517093 2863 435221245
632499 979 163506932
2319259 1941 656719329
904568 1288 295827827
713137 979 275741480
7616887 3511 501669291
980641 1345 169806392
3876878 2460 338329798
86318 416 19870649
984929 1205 82943246
3476142 2546 672740923
423119 775 588546485
10557459 4163 768060202
261182 726 380258152
6231071 3149 314347519
2780294 2116 806425881
1865 55 475387402
3562824 2402 495378083
123711 453 677550409
399084 868 562351124
180840 608 61316464
3735158 2470 983364306
10918901 4257 298454526
2852430 2346 690737354
1112408 1418 746419833
692854 1122 766737662
3912572 2684 448602211
4431296 2850 590999672
1096663 1313 374400242
10077205 4061 416293477
1424435 1591 648087915
4134940 2762 610073952
251124 602 589831484
7012 102 364899808
515427 935 273380691
2597760 2214 268846953
937521 1325 425867144
5372221 2937 462919555
718293 1065 41493194
8026656 3682 779126431
1452787 1503 16346297
8295334 3798 897875430
5702 100 812467623
1052305 1389 55862014
2391660 2070 4164634
3300 80 4616923
117909 483 962620544
161250 476 98606746
2025 73 925890214
1166410 1300 438867276
1641461 1725 119829030
4995539 2987 930503618
7109064 3424 39927316
1135322 1424 347151930
7314745 3477 580401562
577 23 466266852
65842 300 612754728
2251398 1906 906580096
31509 223 951972448
7467837 3477 98569211
4602535 2883 96881919
528954 952 84007319
505051 939 341584130
2294427 1925 279439010
158833 513 721497296
9944715 4053 860543005
3958406 2690 31975688
156677 465 244138849
1914484 1882 230080506
58864 318 485764535
167033 533 18714029
5999542 3110 375203325
8353273 3717 824275769
341618 676 948528453
9467191 3905 4250478
4726455 2741 691886514
1497332 1638 773500128
8981161 3819 17908168
7771 119 628322100
1292040 1506 573716015
3385483 2511 337642616
5113283 3029 856418659
3025941 2199 503707752
1879027 1769 797467322
563733 1003 588546485
682666 1122 967477928
186602 538 880780939
2441679 2103 229944204
9752692 4026 519017053
6978923 3353 524158424
612449 1061 916880087
21461 209 676476905
400562 760 655713050
43196 262 516266904
7011982 3428 59514470
4707003 2887 586013662
646351 1097 716529331
1844046 1790 463037193
8381257 3745 684831211
1079935 1297 961785170
1929249 1749 414788633
495447 873 832429548
263175 659 985742508
4697809 2817 382446529
1859400 1736 184596661
1922104 1818 617310581
608075 1003 862075335
11678178 4374 47641987
124799 505 631255369
6449505 3373 776530029
68426 358 460439521
941390 1298 275741480
10072810 4042 28247431
159826 546 750484565
729 35 466266852
4267135 2761 233783991
5630673 3191 74992108
2859111 2151 584353729
627825 1093 5593986
460639 923 90381156
91315 383 553215156
675118 1136 211315871
8421422 3722 9606166
2937377 2295 702811420
9842419 4013 374573054
2625999 2219 286610572
1227667 1433 43269415
1277428 1540 62955473
2179906 1982 388579247
1035678 1168 674349861
6086473 3177 32508018
83499 419 420532467
6663627 3409 269364547
703594 1150 376002816
1305103 1539 40633692
166696 512 927843991
1057912 1268 788123559
2753323 2099 540341585
2874344 2284 668307662
1507378 1566 264994763
5052439 2865 476056987
2003649 1895 833013706
1802067 1795 292598936
8310054 3674 145914998
5184666 2874 705771731
1387928 1574 844008056
155725 559 701645160
10013467 4029 321977887
3187563 2257 121259401
4998406 3006 714661918
298391 721 89847079
1604841 1691 591932587
2262459 2011 189022967
107839 375 925866024
412287 785 574595925
283257 719 813076538
4165566 2786 2472963
10843591 4203 68821811
4305440 2596 562762690
136503 507 403134459
1543966 1716 817658951
3071144 2208 334934397
4841696 2846 677061135
709071 1153 9021224
163795 497 368284659
11952892 4424 113669246
1044872 1390 231885506
45778 250 503364559
4412495 2839 514900301
742566 1066 169806392
875827 1309 881639757
6333 97 364899808
1256680 1402 438867276
51476 308 320740801
6075588 3122 12760467
381257 839 394415946
41741 263 516266904
1338204 1428 72040277
78205 385 491116151
790237 1183 244424391
9003815 3855 279846410
1098751 1329 961785170
795410 1192 55897032
3460502 2374 907198876
11206477 4277 413074805
4123543 2645 541707493
4751636 2728 402182984
9301580 3954 933915138
13106693 4599 524726718
213903 571 889694830
862316 1108 378558209
284454 760 417793307
428065 885 14959230
288529 685 876537848
625107 1055 862075335
1858641 1857 652550980
116 12 1430
412559 821 883289677
1672412 1620 300896273
9307500 3884 804364034
3035807 2223 453259317
156360 530 99715332
28989 207 605222819
2710182 2084 488062478
2262067 1993 957236707
2083467 1937 892912186
28374 230 601129776
588179 967 471858089
9067341 3863 475815881
296447 671 89262822
934 36 946367425
7626 80 458247558
4230197 2619 622051309
5153061 3075 493968894
1683265 1715 668379038
785417 1161 917726059
414294 850 418460065
2354521 2075 124852912
2445019 1979 727773562
2609345 2081 38181643
685732 1090 723838146
4308 80 185096680
4040484 2514 338329798
872132 1180 274447782
1265751 1369 106053815
1072872 1378 278830534
154336 544 252607483
1681102 1738 959115412
3019980 2192 802539760
263147 695 39718154
3111487 2393 131559606
3887886 2548 666691478
1203250 1376 438867276
303022 724 310066214
1726570 1658 412409253
173990 572 64584551
46 12 132
3049925 2233 398040249
7042415 3343 830778103
3624939 2603 562250279
9962537 4043 162522474
5192462 2930 957954188
148744 532 288692791
22204 194 7221034
8538171 3745 824144504
3146120 2388 507059116
64861 325 19870649
118575 405 610255492
511669 791 609749537
8651332 3818 681535612
2234212 1990 280349987
191536 586 869526846
6778786 3310 664457902
221093 599 417793307
9921256 4032 420054998
3987103 2503 992762240
54923 305 899740102
6097388 3270 581623740
201611 635 861115469
322513 743 310079801
240887 629 982216819
7856871 3595 405548387
3094814 2384 852648709
7410144 3478 272255742
750079 1109 639590953
3694720 2592 799951509
87426 384 612754728
4138405 2645 646773678
350769 777 509263162
874655 1255 274447782
2391652 2122 459486613
7303 129 467182928
623618 1056 210717592
3043449 2345 692539223
976834 1328 503230473
1149411 1353 515080207
1038713 1391 523662736
9333 121 458247558
10069052 4054 566122176
735963 965 641045545
698983 1139 68772681
3754000 2538 357558317
1443 47 352943583
3964726 2520 241878850
2642331 2043 806425881
1827880 1788 233600780
469052 834 330449784
11592302 4366 468177768
16169 157 48028493
170246 566 64584551
275253 701 417793307
716833 1173 409181594
1891669 1807 309898246
218 26 208012
5603403 3091 74992108
10362349 4175 179674446
541139 913 372199464
5540512 3060 564863027
28962 244 673668198
1295943 1467 744774415
4575077 2869 22214272
2976023 2331 928309215
4834749 2933 625316882
2080276 1950 306290078
285011 735 842257115
2094952 1976 136483354
317951 653 964380814
506295 915 513390770
2607377 2151 459381666
7262283 3621 670642190
1600208 1620 231453571
354066 724 86320042
78188 386 700950866
6052605 3293 207640620
8611367 3821 126147372
2282157 2029 420255651
1830195 1801 544121715
1707589 1753 188066423
297532 748 205073606
11577747 4351 420300197
714202 1160 440416538
343078 784 950188076
116685 433 99715332
7959827 3713 573815960
6166483 3145 904223092
1145932 1324 179998929
18995 165 687851011
4740492 2892 299734818
4209300 2784 241878850
999756 1378 231885506
17441 145 577894130
2949287 2311 443916400
11310501 4281 156104318
989363 1343 131527721
1699103 1677 970992370
154099 553 419012846
443271 827 139927108
3702251 2403 31975688
1416678 1614 234320375
6096367 3259 102980690
524262 918 601401672
8326483 3775 677121734
760227 1115 759996724
337536 688 37769293
2772107 2141 474715420
7578373 3479 573815960
626249 1083 111681591
8423 135 467932736
22747 201 7221034
12740078 4572 872581549
422369 785 486809845
1449832 1516 674985531
223124 628 834169133
1019163 1265 720720066
654935 1015 383285861
2963570 2240 559465459
113355 465 704119401
162185 549 701645160
275410 720 444288209
849333 1233 336801778
1277873 1417 28573597
4657411 2941 13161030
4754753 2757 550633833
4229574 2560 586013662
1600149 1665 15519343
2692673 2149 324359559
6036226 3160 12030825
31691 223 711713562
12834097 4571 645949933
5990433 3249 153756211
3772030 2554 641093140
6840692 3346 268309439
273970 684 697493702
2841921 2123 84960377
1433291 1619 510739299
1446066 1504 233600780
163258 518 360711926
1334153 1581 12565619
2995559 2235 843027301
740589 1173 680705022
9152743 3843 572235419
915010 1156 468083283
732808 1166 639590953
3024610 2360 462731133
2070058 1888 306290078
191331 627 918311629
513656 958 442524594
2633681 2155 459331917
126032 448 574533989
138357 463 61316464
10620619 4237 452529592
4559307 2781 20171830
161970 474 930698133
17935 191 853131050
1603789 1535 20851741
10089611 4061 282260479
25553 217 974960987
3961546 2712 307530342
181697 545 390907662
57460 348 485764535
4045884 2590 74992530
3365122 2442 857396835
583640 1020 323972631
3859977 2475 74992530
23178 168 947322438
95194 412 437377397
281694 646 421597298
7369878 3436 456014883
2763972 2108 281971843
4204249 2733 22364660
9752893 4011 812082332
626844 1068 330449784
6096360 3110 695499999
183765 585 869526846
6834770 3444 670799093
367 23 9694845
21 5 14
191136 596 616178813
894670 1094 620395107
6209322 3342 113744522
3463 77 245662066
1705297 1627 877735571
198826 624 751435126
1715267 1737 622619772
88367 413 612754728
10314369 4079 278111851
3845749 2631 690283712
2 2 1
7216042 3396 212041664
62596 314 707460297
7135916 3386 244599321
323403 669 289799204
234480 602 310066214
983 37 59611249
948990 1208 746298287
2960341 2197 951244698
5537150 3152 236754159
2071992 1810 980946565
3124385 2261 489961570
11397738 4292 734721540
627224 1058 668777808
31763 257 951972448
60550 308 528095125
203113 637 25219831
876541 1253 97802033
309568 752 810834988
2412937 1923 462731133
765315 1003 74461628
1433824 1600 648087915
482993 963 170942102
1768897 1653 230080506
116616 478 102342558
601069 1081 404881574
230407 589 36049131
727876 1102 425352502
1370010 1516 834019692
4226889 2595 433993468
9210 114 784403821
4508906 2878 336710496
5312000 3120 829799947
1595538 1688 252554549
2136747 1915 469501628
1959944 1774 514898421
2342975 2101 861982195
5592123 3233 476056987
10462597 4151 313216362
8332885 3709 118569449
48366 302 386445436
24847 187 767415875
2659806 2164 38181643
3950363 2667 307530342
4225273 2581 108470658
173534 552 68051937
5596610 3230 724705933
1022924 1294 430814127
96207 425 338103882
431961 905 174735891
1137688 1402 745446258
1880849 1829 132911154
8508963 3795 468555699
3023374 2220 503707752
2714562 2140 630194490
71023 277 430906843
1387046 1618 73438287
1935920 1850 183735226
299277 657 631876461
2502002 2102 451238941
7603904 3682 276603286
164460 474 38567321
5874527 3059 93631369
2400 56 4616923
13172 144 155536848
2036385 1805 15175614
471 23 564120378
1160508 1464 926566466
469657 817 292333522
2290254 2086 902648922
7224342 3570 476353467
18916 170 492329396
1646899 1561 218051373
1893447 1729 49308198
3149206 2346 107234508
2066742 1820 165638800
2329751 1981 911882069
4459657 2647 138160071
102574 374 786926634
1913 65 937414464
1667488 1658 712856433
8785477 3901 647141106
2043907 1939 415394925
3933514 2662 618271387
1171441 1461 745446258
3507597 2395 277501457
43938 286 320740801
18570 166 492329396
1997612 1796 54759384
30403 243 707292517
3362980 2356 877983413
1258 42 209635674
8500630 3710 399881967
2576775 2061 939471214
6698638 3242 933752103
2868520 2188 970691201
2273390 1904 601702223
2384373 1917 843027301
1028425 1373 724674713
3407624 2322 543097597
3915098 2684 823803807
1134383 1411 278831851
94964 416 760986727
1221644 1354 49809407
854287 1213 97802033
2945176 2192 951244698
313 19 129644790
3652842 2438 478542148
491656 870 323972631
935504 1180 471562041
1836602 1702 189022967
1207863 1465 987072406
144150 508 855208122
1936832 1764 257416103
728448 1124 440416538
6427952 3438 52945673
249730 666 84926816
850971 1069 794279542
1522840 1560 16346297
902571 1303 622973195
1405058 1590 844008056
8689281 3775 705194734
493836 934 741860141
10801468 4232 815534737
1905695 1731 861982195
14128 144 960317800
74857 317 437377397
195 17 742900
1540212 1574 16510493
526512 1000 84007319
10703 155 458247558
3173248 2380 334934397
853232 1258 626313737
7166615 3525 911618435
10032354 4100 793654571
8794158 3766 122389925
7883 119 887145589
5308109 2913 914547192
858277 1255 336801778
3299381 2467 553449266
1366528 1570 761674156
3670783 2399 523163753
3631938 2456 387320770
441016 830 486026476
113558 390 419012846
357126 662 170942102
361517 781 406020337
2433917 1959 398040249
6424452 3436 258077479
3218582 2422 84960377
5958006 3098 408329989
7164000 3406 729477362
289693 711 417793307
3413138 2486 877983413
6793449 3315 764561350
4544427 2873 262647199
170067 569 721497296
4965221 2919 550633833
486 18 466266852
227853 631 797874213
761672 1156 191856500
591981 925 106056163
412733 821 962239296
1416557 1509 374400242
439161 859 934840175
3497477 2411 825514704
602953 1023 556932863
3817197 2443 146215286
1776519 1741 820746830
4313893 2783 273683065
957506 1330 812189589
7015189 3515 849746535
26422 212 700794981
1902734 1896 426333917
536090 868 43363509
81028 322 704296250
13514216 4682 295345417
439501 825 832429548
365206 802 79649107
1329501 1495 774064
2193049 1893 773575883
1846152 1712 212064859
1539036 1588 15519343
26387 223 493602230
678237 1009 264345985
32130 214 631844581
6587990 3384 666535006
1560671 1631 139864198
7681307 3721 436892082
24405 199 711713562
1212742 1482 620395107
3819787 2623 310008615
231 19 58786
229853 583 655864300
1733824 1662 544121715
3673882 2444 302777908
942691 1191 341535709
822623 1247 133823834
14742 180 826309900
7994358 3638 358403396
19 5 14
1492316 1538 186626584
288193 739 856740391
1670962 1634 417544211
4217047 2783 877772666
7294 122 628322100
5039145 3021 988988900
10212535 4141 302406507
6053391 3093 807143469
489887 955 84627590
4308312 2796 450833507
3200808 2360 961610132
1098844 1410 599716797
686 46 35357670
272970 690 417793307
323931 757 776604732
346828 672 90381156
491754 974 902686987
2889617 2279 267885677
6896606 3388 849746535
564773 1009 486026476
7915988 3568 246014728
3576678 2492 824449189
2745695 2171 826252199
4661245 2769 25568837
771607 1017 74461628
3685166 2476 825193626
277329 599 79649107
6126841 3335 374860705
14278060 4820 200021251
7931728 3586 967921997
1457268 1622 7864798
1298132 1434 253525299
6625694 3308 874742759
4503193 2845 276032437
5642409 2965 189234227
8323351 3723 955062802
570617 975 882605696
1517282 1548 426333917
1925975 1767 437421388
2524499 1993 703638490
1485414 1550 834019692
989562 1244 430814127
5066710 2834 914547192
727046 1116 578127344
11575088 4350 433345086
2227011 2003 174781230
5785643 3139 477644896
12048896 4426 199114475
9144658 3928 974605078
6200107 3331 910643844
1302584 1538 42568186
4377478 2832 267584981
2121936 1894 637538737
5971440 3108 179774862
1905731 1785 836372603
2228682 1870 155620256
259429 651 84926816
260169 693 696991831
923192 1312 881639757
2822465 2209 208860495
1011163 1223 720720066
4249533 2597 260584278
2781852 2174 58538005
1229353 1477 28573597
101785 413 280916397
1766417 1699 72040277
2784037 2063 940854979
923939 1303 295827827
6458503 3385 59155451
10628519 4177 935650164
1028640 1374 395417325
6470818 3254 269364547
16548 206 853131050
235532 618 464107227
296888 624 589803397
5804064 3048 258077479
941564 1308 16673949
2758753 2263 839258835
2613870 2130 445113141
445994 890 90381156
5670351 2959 102980690
235925 589 504706850
1674257 1645 878841276
2571976 2006 964356857
1058444 1338 848196689
4538145 2849 138160071
7812657 3557 758076278
449526 826 92542487
89677 407 808093885
5826659 3073 485277047
33163 219 49035108
1234170 1494 615022929
4162131 2757 241878850
9468 142 458247558
682533 1167 609749537
4826810 2818 361136811
943116 1306 131527721
327447 733 571416943
31798 198 572778435
1364260 1468 557410645
6789305 3455 655385757
6661013 3265 993879143
203243 611 760049026
918735 1311 275741480
10186135 4123 924928763
348370 748 328547989
2777807 2123 496966248
44940 284 728686673
5584717 3151 27806022
256420 644 184621699
5753087 3165 636871222
279774 702 497153305
419253 727 719099792
2229225 2021 420255651
1505835 1529 160191857
842188 1234 963855425
5047346 2994 464912809
3371283 2335 877983413
2369568 1906 26701232
2340132 1922 336482718
1273227 1495 667113268
74260 378 816609506
84337 351 431284213
42471 299 112571416
264611 593 75457593
2295285 1905 471702799
8847375 3865 352974348
868052 1246 93072712
430406 868 960630947
269 17 742900
5905553 3081 131356454
277442 688 109110435
8541341 3723 281560702
1857931 1827 132911154
1636434 1758 119829030
104360 446 904963875
1130949 1451 745446258
895333 1245 264345985
1183650 1494 645435085
2738611 2141 827278276
4430817 2745 114507906
6145448 3316 670929289
3019464 2236 301181151
920411 1221 231885506
98886 380 574533989
280109 681 813076538
10872 138 319295576
3610119 2415 805602879
494232 860 678517865
2234820 1918 952011770
192941 575 880780939
153029 477 972969760
8859690 3798 91478304
324482 744 776604732
12784766 4558 588520553
5401404 3112 627630485
86469 347 677550409
1106985 1395 441829100
1391135 1607 451429429
41321 241 485764535
4095274 2534 523387070
1900720 1848 403180522
6593367 3461 9371355
219954 576 444288209
10416801 4103 847765448
1118616 1396 547514384
9246140 3874 575536406
4055 87 436489089
1374878 1628 557410645
84847 413 175035255
9816502 4060 71645031
3087635 2371 630270805
3181471 2425 97868404
6007855 3119 617283407
3398988 2512 329855441
129089 487 467176030
7395572 3432 175530798
1364840 1460 892182955
430072 796 934840175
3864263 2501 409598424
2823 59 998231628
5538751 3179 348485787
316304 642 883289677
11285 139 251538890
2238430 1916 150821020
115410 444 83909579
182122 496 834169133
3009 75 459122512
218180 574 982216819
1030834 1224 761674156
616653 1063 862075335
15120 144 507047749
562593 981 565062585
92339 433 808093885
2587499 2149 159323356
4110175 2559 450833507
4787624 2742 169348150
3646933 2583 799951509
3405636 2436 370124775
3279038 2352 931557166
728258 1074 133823834
207372 644 988719209
505153 919 859980861
895518 1140 515080207
1736493 1803 483983070
1102823 1343 43269415
3762143 2485 983364306
158844 478 927843991
6125043 3229 877320644
6912773 3389 849746535
1645499 1599 227376481
1439906 1454 544121715
143190 532 199761629
8222 102 685542858
6914323 3475 639001295
2464032 2036 357863538
74747 347 73744548
776811 1129 430170925
5068125 2853 319803270
2019903 1883 534035487
2190263 1843 911882069
1948967 1761 615566587
225216 586 835003284
552848 956 821683680
2045495 1961 515365103
109521 459 135594475
4780418 2834 583076228
8886 104 747939002
