12432176 4488 298709693
4468 104 217873312
1720130 1648 833013706
4223604 2712 390814762
309547 753 655864300
5995172 3122 152687189
1147924 1344 748899563
967678 1272 922897767
800598 1086 231885506
57302 324 899740102
1627703 1635 129588957
1095211 1323 840245164
6101968 3242 519758299
65460 302 612754728
25864 212 405142173
4480953 2853 143293426
1622119 1621 132911154
2377149 1919 58538005
4993982 2762 491115868
1514358 1674 817658951
7723095 3591 414552458
2659500 2042 143311417
3583084 2540 923029325
1409359 1517 419479617
3315470 2286 138864495
540880 1012 486026476
2188795 1835 269432785
14413 179 826309900
6914124 3298 44761949
783673 1091 571400935
151319 543 419012846
1730592 1776 948786277
338082 750 948018681
1609103 1643 920572245
11727005 4399 389446675
3218124 2244 528106138
1620778 1560 306290078
2315836 2026 464553515
786 28 482563003
7075208 3318 644477331
355987 801 418091967
3182008 2232 42514985
8966621 3883 241936598
172143 549 293463991
790 50 482563003
11943267 4455 708931062
5369569 3111 228825170
4329690 2800 267584981
1138025 1303 419479617
5045004 2838 465866946
3099454 2340 97868404
4244 62 931095477
9871776 4026 566122176
1413417 1575 374400242
3147115 2223 877983413
10212437 4063 641619368
1047726 1322 411101910
269531 603 79649107
513018 920 486026476
9635028 4018 747737609
74924 384 267048862
552373 893 594359147
1774407 1707 743778153
41578 282 668856696
3162 94 602941373
440097 901 960630947
3210049 2231 837964170
6818263 3401 791325689
252507 691 39718154
12215002 4448 412672775
152737 539 925866024
64760 326 73744548
2854081 2245 182352954
10883498 4184 791403935
7079629 3399 362658924
6699738 3366 639001295
7501806 3504 470815117
4001714 2502 961341137
1148115 1501 4028078
622714 972 968118662
3768808 2418 112304135
392042 814 603120023
232239 591 595124466
7100739 3411 580401562
1025045 1299 90240624
6834645 3303 976307274
58153 289 590667447
871 39 482563003
2067017 1927 415394925
2917313 2297 574780252
23536 196 673668198
2252715 1877 14184617
259304 600 571416943
1280219 1455 997745350
589275 1071 919096472
297234 768 811343037
354522 756 394415946
753545 1097 639590953
1822980 1662 684323467
2332100 2016 464553515
4586669 2651 110308824
175549 577 646052962
1576020 1680 870912692
574897 953 715013798
3290283 2311 298700816
5684 90 202180493
2058 54 468488140
666230 1036 742890808
2177127 1871 846064223
2016510 1858 32421244
773248 1168 628955391
662441 1119 409181594
226760 644 930698133
722282 1044 264345985
2376504 2034 222316337
28774 228 700794981
3406717 2399 321623672
739906 1178 314355573
1399516 1464 985167044
1429108 1464 149027660
825931 1153 310955658
3094934 2220 84960377
8559926 3698 196502244
660338 1064 372199464
3881833 2461 678032205
1653944 1750 885872509
661821 1037 697520484
4443003 2775 38616710
2961324 2146 385668630
129295 439 947787397
248015 661 84926816
1018180 1272 523662736
6563696 3250 491609110
87168 362 612754728
4248276 2720 514900301
271800 696 444288209
2939550 2256 574780252
7015569 3395 832153065
1210 50 550429273
7716616 3546 897875430
566258 952 444198575
427189 885 10887542
9735755 4031 71645031
1462448 1602 940237309
369321 775 576929129
1786586 1714 674985531
1947232 1822 346818869
58857 299 590667447
73111 349 868596491
2531556 2030 286610572
3122014 2378 133272676
5225330 2832 531432868
2682679 2047 429538201
952810 1276 677947305
2790851 2171 584353729
395028 890 899965082
3901944 2446 85511526
12341415 4511 128883976
2943204 2146 877983413
12496122 4538 926051092
31555 247 767415875
1561281 1673 654107798
569783 993 882605696
902825 1205 611611296
1746604 1778 149027660
1492273 1565 834019692
453105 865 82965981
2312180 1928 451238941
9365732 3848 155047520
1125565 1413 7691222
4706 90 202180493
115658 510 696935951
10700242 4130 346875540
1639632 1650 305467152
707 45 564120378
97209 401 767056978
576131 1021 565062585
2177801 1925 836372603
2278040 2042 936809170
12815159 4583 65838554
92 8 4862
112924 442 355223744
685331 1029 163506932
3396844 2312 696338188
978210 1232 617555926
35029 219 102954255
763 43 564120378
1163766 1366 838528648
7468490 3470 480613450
16385 145 853131050
4567579 2813 962587422
717505 1167 822214286
602721 1025 292333522
6942621 3379 59032386
671187 1091 471858089
3324660 2412 329855441
1736414 1704 463037193
5598512 2934 37126278
7470230 3678 957776748
8652909 3857 104887005
1800498 1824 76856686
5770 86 467182928
7796359 3603 729400650
481196 960 741860141
431543 779 832429548
18470 170 832173531
580697 995 916880087
3680274 2464 310008615
1372445 1469 959115412
2575921 2155 744264235
4368674 2672 388908544
38050 222 549910994
7513102 3494 428049186
3333869 2455 337642616
1819871 1763 403180522
11978469 4447 149265565
179803 573 833942127
3818090 2606 931557166
762879 1095 488083284
1545269 1569 231453571
15660 160 501677748
3324030 2300 155142198
3529094 2334 642660857
23957 179 631844581
3725238 2392 406127639
782560 1212 346855251
4652620 2898 691031455
5834832 2996 616753886
519669 1021 960453632
3408510 2294 241833564
10678400 4152 47536909
2871855 2151 198514177
5365 105 709042248
9945296 3988 768060202
4436413 2777 851322596
85255 377 334297155
3254461 2315 962026084
2606578 2148 324359559
10179564 4108 28247431
647735 989 377531791
4482550 2742 435458143
22745 199 700794981
340202 706 441095159
7757585 3653 611008745
849335 1215 877272624
99704 390 403134459
1592865 1553 498121153
217159 553 982216819
2580143 2147 516414291
257631 639 804939519
13545 147 773088937
12494 112 48028493
5753959 2995 955405965
9029135 3801 519017053
10892106 4200 839467058
1358107 1543 276035482
8756 150 316330417
7906723 3533 824144504
5704784 2964 616753886
1941 61 459122512
593830 1050 859980861
6066028 3304 342274002
1012134 1302 74107536
2066723 1787 600763063
1243157 1435 43269415
1132840 1286 541938622
3456572 2378 799951509
290051 765 89847079
7013673 3535 427959136
892 34 59611249
35922 236 301562560
5563486 3164 820976822
783004 1166 106056163
439967 817 486026476
3184309 2417 398748124
385802 796 76469416
6016759 3135 269364547
59983 281 709796584
761227 1061 529118821
3884655 2619 825925418
85483 417 808093885
813241 1143 166762595
793859 1113 166762595
11417057 4425 866343948
4097276 2666 402056534
3033299 2185 954385513
3287353 2463 458111531
5617492 3174 513457881
82489 313 704296250
244701 667 604955393
32776 256 493602230
2830310 2170 928309215
4830652 2900 731625513
162614 504 262103974
4987024 2890 651417464
2881633 2151 553449266
879369 1215 213338195
827368 1112 808634944
783687 1173 395931998
957879 1201 466646187
962688 1318 503230473
233090 592 102933616
3424 84 884518775
28876 222 493602230
15860 164 608234667
381901 845 638571138
3742439 2451 48689773
22124 210 7221034
19362 178 507047749
1885868 1902 617310581
41397 283 516266904
8400474 3684 306484830
1985334 1796 363088613
1802476 1848 444817860
4803544 2770 228825170
1307954 1560 892182955
313387 769 310079801
1787450 1726 41968121
3960387 2499 450833507
3891555 2491 877772666
1049934 1220 761674156
109267 401 703283912
1736708 1654 652550980
515663 949 960453632
11655714 4382 697785745
247747 591 522244250
44059 281 728686673
1190078 1416 814568027
249836 610 446830624
377852 808 6297754
2475219 1965 826252199
2582497 2207 211667546
6724474 3270 571187201
1848724 1772 514898421
1005544 1300 724674713
199535 607 538122675
637022 1102 771848832
82170 406 612754728
551418 952 468717130
10688 126 619955577
929435 1225 162147453
240526 620 696991831
1047021 1245 761674156
2169904 1944 487832375
6412634 3292 686343740
957698 1168 814568027
721445 1049 347285280
34472 204 869022067
70811 345 82249411
2120398 1978 280349987
2820248 2172 559465459
70948 320 374477444
757076 1124 430170925
8676 108 319295576
1000573 1207 28573597
131077 483 868034650
2733238 2126 960001868
1368283 1553 942426044
2015 67 925890214
3303161 2303 358415329
280965 645 184621699
1183379 1479 362549498
242729 711 39718154
3490607 2369 769380634
287168 674 182088485
8068705 3651 267614503
216556 620 54083453
1088006 1356 848196689
658843 1113 751967353
3188267 2233 215600655
908228 1198 611611296
1929403 1891 973537161
253 25 16796
597133 929 314355573
9539720 3928 373000852
1711286 1612 606408241
1245699 1513 921820498
1111726 1362 278831851
166354 488 405621331
247255 729 430962701
365935 787 772572773
12161302 4458 557331652
189283 623 530342463
86233 423 612754728
2058002 1838 637538737
2151238 1892 514551662
4376581 2751 137633183
1377623 1609 333913966
4980059 2917 431106498
7759 137 337289196
2952662 2312 928309215
257095 677 580242047
797035 1119 622973195
6554 96 467932736
1667073 1687 72040277
331242 660 441095159
2130338 1844 619843258
308575 659 962239296
9806 100 881931175
1498707 1539 857406034
287536 682 842257115
10403542 4086 226543095
5852577 3173 102980690
1408418 1584 462991577
7675699 3627 611008745
3883096 2646 992420028
3355146 2334 914241477
15614 144 611132778
1481467 1563 836687134
770555 1101 166762595
119044 440 631255369
4638785 2811 813679981
13277421 4655 684721358
28 4 132
2046101 1925 608979721
4083314 2706 393335822
9766231 4017 373000852
3648 80 837590216
346564 772 638571138
73 9 429
570030 906 68772681
10867212 4240 629913284
2036350 1816 469501628
3924829 2489 96881919
1204064 1410 109108976
231230 596 205547383
9032355 3817 429194870
963742 1244 66999501
27610 172 779370051
290281 711 804939519
7100319 3409 112008141
657217 1027 716529331
35481 247 301562560
396 22 129644790
271449 647 153033527
134617 423 8094881
2723933 2067 334934397
9471962 3910 400123487
1563096 1584 188066423
728856 1068 628955391
444307 847 542652561
1334920 1482 333913966
905647 1219 890366910
3907081 2579 345855986
8941689 3909 411127720
11840061 4401 741914441
5472606 3116 265854463
309254 676 73498437
6964433 3489 102036128
19119 153 832173531
91992 362 962620544
6095936 3274 910643844
359594 730 90381156
88003 335 217193473
2949546 2248 488062478
117371 441 352580526
1518735 1553 317759959
244912 582 606144482
1058324 1330 278830534
1952480 1868 202048537
10994981 4251 83173585
2069001 1799 506679110
8221972 3670 11702153
8271650 3646 647141106
97327 381 113566864
161006 520 937994287
64047 319 528095125
7898018 3602 897875430
1648420 1812 885872509
3867416 2626 645983858
70400 396 52491136
8462100 3654 477767293
10928293 4249 533832878
8810 138 316330417
1576023 1591 622619772
5645176 3046 48214284
45836 270 361798437
5096909 2929 577500164
2941523 2237 488062478
5287253 3043 370388562
41603 205 526458368
12 6 2
2211954 1884 600763063
2123854 1836 269432785
71432 334 868596491
870007 1221 347285280
179711 603 953790398
2993330 2160 283321286
730314 1116 639789807
10871625 4223 837551016
401991 769 442524594
280615 593 421597298
2494221 1969 168743068
2988768 2152 802539760
166143 509 8094881
11723545 4389 1051064
7677722 3514 655750514
24967 197 405142173
883445 1277 780643499
1358755 1479 377728470
5744385 3097 984511982
967241 1291 571400935
670602 1066 757939065
752858 1090 925880010
2329582 1914 859761477
2457086 1986 143311417
9220946 3912 575536406
1779 57 937414464
851460 1152 406138931
10387339 4121 298454526
340794 762 773401300
6624661 3369 225660636
330586 744 964540829
4086834 2556 299734818
2389546 2060 222316337
11791993 4367 333885520
4622500 2668 204820879
85281 351 420532467
3921772 2470 339704467
5104647 2839 807532287
5178999 2891 176349646
8027372 3700 713313641
1074375 1343 599716797
272850 656 205073606
103570 456 135594475
4920987 2757 952406802
5446411 2945 877320644
1685944 1602 617310581
3256830 2286 145310094
6219652 3174 630755604
220319 591 237733031
502494 958 273380691
1344755 1489 817643431
2461385 1973 507302598
5687 107 887145589
95400 416 275452695
581436 968 853819921
766205 1105 334161668
651470 970 455192877
6518756 3298 695499999
6732371 3421 513821285
6366008 3338 830938469
725 33 352943583
572807 941 565062585
1515091 1727 832207670
1600428 1696 106053815
1638921 1599 802693549
80131 407 86700926
9761679 4029 179295651
116464 412 786926634
1606648 1580 986749225
22144 240 7221034
784042 1116 106056163
4629852 2802 808858825
1766150 1678 647343070
2800159 2173 507302598
353008 734 320402868
150593 475 451575881
2704931 2085 243822242
1293321 1435 469313761
423 35 2674440
9772 128 319295576
158640 530 392547720
5600718 3078 975812890
1911710 1728 506679110
935949 1209 441829100
45751 303 572778435
2982193 2207 107234508
3148007 2293 595526748
351677 769 418091967
1461105 1501 759650200
2395570 2018 544974176
378614 780 631876461
853460 1244 97802033
6049614 3318 39424791
166125 581 18714029
179482 518 964503178
887458 1210 327279270
421353 807 719099792
5136777 2949 637999293
203261 547 405621331
2192399 1929 684323467
6163778 3240 694104055
496275 937 455480555
952413 1301 220639770
442032 810 486026476
597878 1024 919096472
208217 603 98606746
1686593 1671 857406034
2976644 2284 503707752
1731032 1716 444817860
564734 994 691928628
3120 82 4616923
444548 848 584886776
1902564 1724 647525149
101619 415 422551245
1924831 1733 62488793
165414 484 25219831
909977 1271 334161668
7470322 3440 655750514
111 9 4862
352218 742 948528453
1603251 1715 129588957
142551 491 375655274
4986281 2901 713561637
7443613 3565 729477362
261512 638 54809069
5411158 2962 14753878
986462 1290 64258113
1398368 1502 438867276
4946651 2765 945667420
1082419 1297 789239726
3013682 2270 202144853
4777769 2767 829799947
1840036 1764 199327870
511717 913 575330457
155132 544 252607483
2009251 1773 740855250
6656841 3313 732463271
397672 804 883289677
2557224 2018 10730248
739268 1106 244424391
1969528 1802 608979721
160217 559 18714029
670889 1119 440416538
3749322 2610 241833564
5578101 2997 670929289
1109669 1457 515080207
155656 564 252607483
707097 1047 968118662
5225252 3024 173036265
2402918 1956 773575883
779193 1091 503230473
2600981 2093 764482054
640116 1044 742986947
305530 704 925364088
2907 53 436489089
3573402 2362 914241477
241106 576 184621699
181574 508 964503178
2672869 2129 753102934
2747031 2209 839258835
1946 50 93302951
4903545 2767 711967401
16717 147 611132778
3544981 2357 22364660
49 7 42
429518 814 680621970
3566347 2501 875835475
796165 1139 70326993
1057546 1384 835694318
247666 618 811343037
160393 517 418630243
408049 815 418460065
425314 820 291225693
38077 241 572778435
4092689 2741 642660857
5450644 2990 153756211
837679 1241 907061639
1581500 1624 317759959
2460824 2052 155620256
860332 1140 231885506
3991660 2508 325252045
571632 960 444198575
4380031 2767 327167450
789653 1137 759996724
160533 475 880780939
2379169 2053 317793591
1160332 1414 341535709
901381 1351 383001452
33408 222 767415875
7094507 3423 700626339
1265883 1493 667113268
689445 1061 376002816
8641552 3736 933915138
876601 1181 638110473
357079 759 772572773
4089518 2544 65449653
4362413 2701 108470658
11304193 4307 212228427
5489641 3117 961349305
4726916 2808 433993468
1830081 1763 426333917
256850 684 169546326
1106308 1324 804843314
3423 89 602941373
1872008 1742 836372603
5752120 3106 751305768
117087 415 685792880
358132 744 73498437
12366607 4487 219979494
17314 172 795547531
1286841 1523 774064
1012934 1296 910582706
3439035 2505 299782787
10544 140 251538890
745173 1121 55897032
512517 901 486026476
10416421 4101 986308637
214675 631 930698133
6575807 3289 474374280
2931 69 4616923
90420 348 113566864
2946540 2286 281971843
11413245 4325 143449775
2222593 1893 615566587
1126464 1414 344145688
2097478 1810 957236707
5364311 2927 904630442
1192054 1410 814568027
7067564 3392 700626339
900713 1263 310955658
2202175 1927 120614653
66580 326 700883974
7176905 3367 98569211
1237739 1433 62955473
1510708 1630 264994763
4366657 2659 861008452
8031796 3582 126147372
6855026 3350 693088138
7797815 3629 567303686
5269496 3008 738509917
409134 822 960630947
781232 1138 163506932
8066851 3665 4947978
6108489 3155 671371127
322992 750 446830624
4463092 2662 171126909
1980261 1851 608979721
387877 811 964380814
2479747 2047 677537384
113811 445 704350838
10856893 4181 332673577
54108 264 861399108
1880323 1833 327683872
374178 782 263841367
1395535 1539 598811752
51482 286 320740801
5585806 2980 607418616
17312 158 501677748
11659 157 251538890
769072 1116 50561331
12646 172 619955577
656493 1013 455192877
90441 445 808093885
1558084 1570 233600780
95467 395 704296250
1473854 1526 495345338
14224198 4820 495057800
222433 579 697493702
7146199 3465 704669128
20367 189 676476905
7571178 3648 852663620
121400 454 31578719
6379382 3352 666535006
113092 414 988080768
107461 411 431284213
2 2 1
489176 920 97908846
63660 322 899740102
11661 131 724443566
7759 107 185042843
567264 914 853819921
802145 1145 660761581
2703443 2073 504596305
2517752 1986 443916400
111800 376 786926634
456381 919 452918504
15704 152 988619170
2678299 2061 843027301
10186360 4070 511173314
457331 899 518969626
7855849 3647 358403396
7608788 3504 497873292
186545 575 293463991
262451 569 75457593
10473620 4164 935650164
2248177 1883 241074790
102624 368 574533989
5789492 3116 459386586
10658338 4142 776542195
2757037 2175 783208997
199733 573 130671380
580266 888 822214286
4659384 2744 563830852
217750 688 244138849
6505862 3282 912874090
1557586 1632 16510493
285123 677 182088485
2911927 2133 542126276
733789 1193 244424391
3138283 2377 797314255
1440962 1638 63832581
11911995 4431 770223300
5620840 3170 636871222
553270 910 627873102
34353 241 834162335
180825 553 845419172
10224 124 747939002
6883082 3394 185209522
211745 573 851890178
189882 528 957096711
2738151 2129 918067467
7036593 3351 39927316
1679751 1725 868534268
4647630 2684 691886514
3295623 2399 8484679
6526120 3314 31361738
968838 1234 390088986
4021732 2574 273683065
4552568 2868 388908544
422895 829 441095159
6263591 3227 86666773
205 25 4862
6478496 3248 977443864
615240 1030 644994120
52681 311 264105011
1406406 1594 811202382
79808 404 334297155
36766 254 49035108
6506 118 364899808
2888815 2267 26701232
4224999 2613 953216197
1259950 1390 24605944
846735 1183 628036611
3562654 2374 211073278
3578674 2468 641093140
996588 1308 580027590
2355300 1930 783208997
2467608 1990 26701232
893786 1186 433691083
7900171 3593 246014728
10787215 4293 68821811
80695 333 767056978
2010034 1778 466377692
134668 440 8094881
7331 135 337289196
3426271 2437 267490589
430543 923 853121483
1444903 1495 411118288
11508943 4447 465440286
1347860 1434 959115412
58121 291 475874715
171325 537 833942127
1911077 1881 498121153
118921 449 795884035
10852112 4198 336484411
2485921 1979 795960586
14185522 4804 331238657
1667836 1616 498121153
2039471 1815 459486613
5672407 3001 751305768
71272 334 700950866
2529646 1988 361850661
6710477 3311 942562490
63190 320 816609506
3097248 2318 630194490
3312821 2295 563186376
8955 123 88317157
32588 238 767415875
5110460 2946 36119568
804636 1122 677947305
305340 716 310079801
1433660 1636 83945201
153435 533 68051937
138470 480 419012846
128525 395 64584551
1795627 1721 606408241
178704 548 18714029
60960 348 749743559
1900 66 475387402
4876351 2931 701938948
7556893 3489 89227497
67286 310 19870649
591271 1007 668777808
621473 1077 644994120
729005 1067 310955658
691656 998 263872131
641568 1050 160895709
3662656 2520 692514430
2367278 2108 4164634
7053157 3407 464264962
1499 37 209635674
103783 441 696935951
524991 1007 731858778
2342746 2070 516422006
15861 181 577894130
2644695 2115 902437275
5699112 2982 668388244
769808 1140 36030945
9346412 3878 369343030
131659 503 771591590
77857 385 700950866
1953261 1779 740855250
3639693 2447 57584392
4326 104 837590216
715710 1030 881639757
12681172 4648 682914009
284407 673 776604732
721498 1016 97802033
4274508 2630 816786396
3725287 2519 463565601
887734 1264 881639757
4704890 2814 731625513
401229 767 518969626
439099 829 187250850
1409393 1521 199108230
590395 989 882605696
5865 83 143994823
1019058 1334 162163798
1635533 1593 209433051
1504540 1606 997008105
754650 1052 275741480
9744338 3988 19855592
1280638 1556 908125055
3058702 2240 34439474
7749 101 887145589
2532867 2001 229145318
1357669 1443 188066423
169280 496 98606746
490961 851 916880087
7271852 3530 832153065
104481 401 585764471
1223114 1304 196867196
1898107 1711 911882069
3719650 2528 672196890
1308622 1412 870912692
133245 423 262103974
11033129 4249 420300197
2783619 2197 725054760
2974415 2207 907198876
2153448 1866 596055466
1508 56 475387402
3976611 2553 65449653
128482 490 778573206
7535192 3562 97232224
144593 491 154498555
2612966 2072 127406684
2753874 2216 989783438
278446 652 571416943
208139 579 834169133
191559 555 64100167
7208742 3402 501669291
596019 1035 668777808
1791672 1656 303106547
161059 537 721497296
2380701 1983 839258835
2425937 1985 34720479
382776 848 394415946
117999 421 868034650
112003 463 83909579
148430 488 947787397
826 50 564120378
836795 1191 264345985
2618624 2144 956277604
104922 372 586652469
3624122 2464 121259401
2811851 2173 919514473
11539 153 171644840
7494761 3479 386283473
4530083 2681 856418659
3410489 2401 183717709
3614848 2464 983364306
318977 721 187152334
2104423 1847 74747751
3069122 2260 221029205
2796070 2190 540341585
803022 1202 5420593
251114 616 36049131
1648357 1755 668379038
1497785 1595 601495986
576668 992 883502575
9427546 3876 181952655
11633180 4364 424751486
2741044 2136 918067467
157842 492 368284659
2335136 2016 129786889
2402471 2071 378786457
419281 871 418460065
318609 751 776604732
554879 941 43363509
3398693 2419 804973310
102329 407 586652469
7351026 3498 436892082
3227120 2226 318205825
223790 578 464107227
11229303 4297 866343948
352496 722 934840175
593846 960 742986947
2336390 2000 229944204
1372713 1475 129588957
862191 1203 131965854
1442831 1551 744774415
12753 117 577894130
7024109 3391 789189090
1587083 1647 188066423
2333779 2045 4164634
4168328 2588 435458143
89729 357 157819642
4182198 2674 851322596
831414 1144 668571303
995160 1266 341535709
131922 464 643660388
306033 701 197605340
12395099 4537 401163605
15905 191 740877392
512758 910 486809845
3527098 2406 136689158
230479 597 595124466
5241578 3040 383259684
7835904 3546 589329821
7346021 3491 645847622
1482715 1525 546573452
433158 880 142344759
17170 192 554042849
747976 1196 628955391
798875 1159 539899316
3213323 2335 398748124
2553456 2134 38181643
2840838 2246 918067467
16388 170 676902861
616168 1022 5593986
1793521 1651 195448959
590475 895 636312280
2006577 1745 619843258
154098 488 723024629
6521057 3397 874742759
4539598 2724 940350209
4500095 2675 398369093
1008157 1293 278830534
158935 497 224162688
789052 1170 586715527
3090 80 4616923
767728 1090 622973195
1195646 1488 510114269
37132 236 572778435
130837 505 668663257
1585202 1588 617310581
498704 828 862075335
8063731 3697 710476420
13005874 4696 150927601
1386728 1510 940237309
7595965 3503 358403396
6373641 3211 983909433
2446616 2054 676571583
4035419 2531 114507906
12984 156 881931175
1056947 1389 115752044
88998 388 193012168
659003 1029 144394907
1682098 1638 209433051
3746462 2470 622051309
1106435 1335 774064
1777553 1855 90048635
171375 521 838873133
4236423 2679 971371741
8326 100 889345934
6552233 3285 646967079
624210 1064 111681591
10298188 4044 218837132
929313 1283 641045545
4847511 2835 390963136
6164273 3131 163109464
7262242 3448 480613450
3684 80 205311759
30791 197 294171032
527429 925 253894278
763946 1164 133823834
828768 1166 50561331
12288727 4475 521185913
1387135 1495 375086072
950333 1301 169806392
9085 123 185042843
923499 1303 220639770
47320 304 262215304
49105 265 707460297
365262 856 406020337
903444 1250 821892394
2271861 2013 120614653
64057 313 568102496
545888 916 757939065
5034671 2885 430854557
5615294 3006 393309204
5046020 2824 392397760
1608557 1619 495345338
155024 490 8094881
1540598 1532 312524239
113048 408 795884035
526298 888 28429000
44092 232 254498198
2159978 1994 846064223
2177821 1835 286610572
85256 386 528095125
1483895 1655 811565975
1218693 1369 773500128
62104 282 816609506
359960 798 73498437
3570222 2350 610073952
139684 432 8094881
428356 804 170942102
1198530 1414 28573597
7448760 3468 54336096
72384 314 808093885
12172220 4556 770223300
136242 510 685792880
73260 394 700883974
510569 875 100765493
6025351 3081 293536637
335786 710 154369635
1834485 1737 973537161
1318136 1494 510739299
818219 1159 50561331
22708 174 676476905
2714562 2052 747973508
2056829 1839 184596661
9137689 3853 396389736
275 25 2674440
5678206 3070 788168033
772464 1162 211888521
50764 280 579499426
140750 454 8094881
4 2 2
1346588 1478 234320375
3263879 2451 79807463
1176914 1414 840245164
298484 714 842257115
1331897 1541 933637461
1064894 1340 441829100
6170 96 202180493
6713 105 165264749
2245488 1880 629432868
250379 651 430962701
907552 1192 771286236
1354529 1597 510739299
1368805 1565 817643431
993857 1317 877790221
614222 1002 272156541
47562 248 475874715
153114 494 18714029
3495749 2473 283321286
480159 969 291225693
161100 464 864805305
2417274 2020 704537197
176 24 4862
849655 1155 404355238
11190009 4311 339069039
777615 1119 968118662
1500030 1560 139239810
6127715 3163 668388244
8128691 3619 570936866
9507385 3925 406330352
964792 1254 904070906
9689570 3936 908889532
2103304 1860 493555022
13571 145 558488487
8435262 3656 330927683
791072 1126 95807245
153998 480 937994287
1220320 1474 804843314
780308 1158 50561331
2277582 1952 685794781
307969 679 910810606
450774 860 84627590
10885240 4292 906744588
1188702 1418 84317820
4716354 2832 71295439
3028 62 468488140
8688772 3766 279846410
1083158 1340 515080207
1685047 1715 139239810
352156 696 934840175
1959919 1793 60413545
4339991 2633 388908544
9155668 3866 484480922
1429428 1602 83945201
1286 32 937414464
2719 65 4616923
21931 171 343891011
266137 661 820653725
7459760 3588 316119096
24024 194 68253121
552 32 129644790
62066 346 208324196
1802755 1763 160191857
8488843 3711 912125291
8322537 3689 689287597
10155769 4139 452529592
30655 205 703883321
278357 707 233666672
4703295 2797 714661918
1647902 1620 149027660
518975 961 486809845
3441889 2401 804973310
4629491 2687 282997013
4962437 2831 383259684
3025 79 436489089
1159 43 946367425
3382738 2412 962026084
799656 1270 854153030
6676 76 895598835
9449 109 619955577
2494085 2063 859761477
1460842 1492 820746830
960309 1217 987072406
1074154 1434 794279542
30586 220 707292517
6635865 3377 417729527
281202 680 655864300
391644 838 174735891
244809 617 985742508
151350 486 880780939
14866 140 558488487
2383658 2002 544974176
5837429 3181 207640620
5654028 3164 877015843
6257388 3208 417729527
34631 239 869022067
6025135 3193 13698720
9715941 4005 668109060
4205540 2714 414630791
602166 1074 279462393
277785 659 36049131
385605 801 910810606
318699 749 952367767
382989 809 883289677
1941257 1825 733974750
139062 470 199761629
63090 310 568102496
8418211 3859 126147372
1799127 1721 230080506
761113 983 427800022
96024 382 237618823
2727 79 869670557
69792 330 868596491
2895334 2170 455199358
56168 324 49829519
2073668 1914 367245166
600070 1020 286177126
8834579 3777 511772990
1331603 1469 374400242
139295 469 529121445
250002 612 380258152
386621 725 84627590
3877199 2495 590999672
6010435 3173 258077479
1513669 1659 24605944
1469181 1613 139864198
2876444 2276 182352954
2389537 1963 744264235
268707 689 440815720
820951 1159 5420593
369279 753 130305338
1639 51 93302951
5553 85 63389378
1635975 1661 188066423
65839 311 175035255
711892 1062 877272624
2979968 2292 361850661
13877 163 697101768
1243679 1513 573716015
140438 448 262103974
2436901 1967 507302598
51781 263 579499426
124287 445 947787397
1171741 1429 62955473
5950344 3254 257530672
1898375 1751 902648922
229 29 16796
29919 235 516266904
3223378 2292 837964170
3825963 2411 992762240
1474504 1652 500668215
436649 869 288178966
34 2 132
5446619 2935 788168033
2026881 1907 540531677
3137175 2371 681532233
205614 614 54083453
424596 904 584886776
4148356 2658 583309690
5755346 3104 12422982
2986390 2382 202144853
7667209 3573 731672006
907284 1224 794279542
252566 640 391989756
1828171 1771 312524239
189489 519 907841626
2549226 1994 814654554
276651 737 89847079
676472 1090 376002816
2745838 2116 84960377
200795 603 130671380
1539703 1543 985167044
423798 918 964380814
7075995 3411 957776748
2405591 1935 324359559
87071 389 135594475
9312950 3892 995272825
3810113 2557 692514430
10639 125 171644840
1816447 1773 647343070
13137180 4710 104320206
6214877 3173 744332076
4066020 2612 627650788
1766 58 475387402
4317093 2739 267584981
2983117 2201 334934397
12696613 4621 161112418
13450091 4771 510519737
34912 258 572778435
1126319 1399 335284174
2111936 1880 303106547
9371657 3919 804364034
202773 557 838873133
21395 191 38040815
42823 253 254498198
530947 967 291225693
532595 981 513390770
756312 1190 582208204
382226 830 899965082
2334444 1990 229944204
3254156 2348 837964170
1562561 1539 812530233
1413903 1509 457665157
117495 439 352580526
6259306 3204 652298234
54082 316 749743559
507216 882 458194730
20746 190 38040815
5352357 2995 248339249
202650 550 309104184
709626 1072 963855425
159556 554 275600975
517455 901 99304988
5169227 2949 278675730
11475945 4343 440291448
260316 702 233666672
11912 128 773088937
116507 479 406955973
319109 681 962239296
1678395 1619 90048635
11114407 4251 250540141
306099 721 589831484
85094 356 248408142
252269 579 606144482
6958013 3453 59032386
94668 380 704296250
2086805 1993 136483354
4772462 2880 450016400
1321408 1446 826514398
1416237 1475 826514398
71543 279 430906843
2457497 1991 265083682
7740398 3538 424262765
3665313 2415 790836258
319761 779 571416943
1584937 1693 119829030
4179917 2697 85511526
2011134 1826 408078976
3715582 2408 387143746
6578239 3301 646967079
447196 852 761305762
788 38 59611249
6902946 3342 199945821
4814239 2861 640488816
88791 403 334297155
102497 431 704119401
8908212 3858 141897100
729915 1145 9021224
142011 489 154498555
110850 420 855208122
857 49 466266852
1664157 1719 786015503
5164993 2903 807532287
123236 418 451575881
4299194 2712 262647199
1008515 1387 648898248
4354029 2807 143293426
1489551 1575 196867196
4920686 2886 825187735
1721049 1805 149027660
6024730 3184 459386586
5322126 2922 818691905
4427257 2651 326090248
2616447 2119 166667333
909250 1298 16673949
26703 199 869022067
535732 998 434225691
52219 285 709796584
1638002 1674 668379038
198089 557 857946379
110678 438 157819642
28124 216 673668198
54130 296 320740801
4181656 2598 562762690
68049 323 981939723
4578930 2838 108470658
21654 194 405142173
8016747 3613 248872894
13470242 4772 307070159
8237620 3688 209709672
2059450 1814 996746774
5679547 3089 839829150
5795773 3025 459749526
920438 1124 225614964
3178834 2326 729655460
9573878 3950 793654571
1645542 1702 15519343
3771614 2494 551382490
4104662 2556 389880564
752071 995 427800022
1067713 1367 143051558
14013716 4870 894230229
299568 732 446830624
3667708 2428 645983858
1933446 1728 437421388
4003056 2508 325252045
527751 911 771848832
1009830 1426 648898248
8431481 3697 116333112
456367 801 156296503
4030657 2673 393335822
3638163 2401 2163365
1660780 1700 495345338
1053643 1349 441829100
654322 1010 917726059
862236 1208 295827827
7053446 3386 436892082
319608 746 187152334
19493 175 592126629
40780 242 217503157
2043038 1810 459486613
3423969 2371 618271387
391211 801 89262822
8520447 3709 493349896
3013 91 998231628
2474891 2025 459381666
12090842 4438 459056279
306152 768 925364088
77914 324 280916397
50524 250 579499426
268299 645 284108464
362087 733 788858421
100031 439 553215156
1655786 1632 149027660
1240840 1456 430814127
2440544 2000 725054760
485463 893 455480555
1933134 1924 351702354
4340947 2619 296904978
52314 314 320740801
2293614 1866 357863538
5677671 3177 531432868
795232 1162 759996724
802298 1124 220639770
322553 719 455845943
8363728 3702 140731462
9756820 3992 454235379
8984518 3906 241936598
5970331 3117 35481308
3408817 2357 130859951
3925 69 265470434
204392 574 851890178
18941 205 507047749
4869597 2817 402182984
1863384 1690 136483354
792041 1219 133823834
494791 915 341584130
500082 888 574595925
2743132 2262 848911702
5831784 3124 310358306
7557627 3519 725205524
262616 704 697493702
1076062 1422 526652186
3616563 2525 799951509
622905 1065 850288090
786740 1216 95807245
788704 1108 166762595
126784 414 64584551
5688222 3058 12422982
4409652 2598 586577439
1653194 1614 515365103
1011713 1297 770480410
4728956 2776 96320020
7499576 3496 575732184
1663577 1603 230080506
3948350 2622 338329798
2000234 1752 466377692
218392 638 949882401
1587306 1578 197900905
173 15 16796
6850744 3346 976307274
286415 681 406020337
27459 255 700794981
84242 378 416582650
35740 272 779370051
6965077 3471 319838403
