584706
507488
124349
156708
170419
939096
1793309
282686
1703843
197873
315875
19610
88361
16811
1151146
3034553
499331
2029738
2897230
280237
3913767
930930
1477589
1067545
2102277
385333
2337722
1681683
2147696
462902
2678272
3662801
744502
1632125
1220044
2149524
4063608
1655547
7496219
12895847
121400
537688
376086
7457063
2270547
3843815
3893645
11894033
1108716
5844826
74312
230555
346398
8553393
145824
521084
12367390
2136584
4732692
12035300
5203102
776688
1901203
8905871
11648332
8208997
1409326
5623757
1174875
145511
2506113
1600036
6295157
306115
8778976
1784590
