609776
222645
280421
3236246
230619
2402977
912887
619640
4448210
2909624
829998
2016173
4190971
2651170
3552588
127076
4347366
1141758
489837
2743983
3101553
1472142
543726
434975
3940589
7434545
104395
583293
4594833
4663904
12516758
519684
21537310
7333636
6510796
20221612
13452357
2066960
157462
13911372
12553304
21670950
11282167
10753809
5197460
15220402
26031671
33928451
13629133
5891806
7646501
8122618
7707699
2211598
4866446
4908888
20048094
2342640
2717728
23729758
341260
5361388
5793922
17978207
10182590
14159835
5729695
2511646
4557249
871042
11172179
11564409
35482081
6832396
46539416
3646945
7851305
13259237
5090439
18442112
32915615
7808264
1021852
42503258
16669703
59588405
4634575
121165
71408049
2365649
19820694
2445183
32751733
72476871
47800859
446650
27554909
28078324
20691553
34991848
37034963
12426147
17582446
35553262
47976558
67745918
54780657
59557421
55331621
15223402
46265003
