455875
288121
752801
619755
583584
132469
726089
1033301
538990
1648941
616292
3125202
2053000
1816314
1446145
54407
1526160
2223895
1977637
334506
2569262
11657
2154422
274188
51809
4752752
4661724
457981
1112445
6238103
87798
191503
2478294
8255575
12791697
511364
3753763
3877265
5057482
3358825
3727731
8341957
4818841
4677781
4518875
7276803
6497080
116241
6428115
15278861
3766292
1719394
8629
13047153
3576806
5854496
16713297
10470811
219371
1889859
131844
14913081
22306326
1882497
4236530
7966676
9257841
3901780
6927813
1116948
8257482
11999075
884089
24646356
14375794
289069
2174055
29945271
3585596
1424389
13570756
2516234
6851586
3556112
4988355
16361763
1860066
27490674
6767820
21104562
4124122
2480104
1582258
6643610
3684289
13816214
3249868
13694999
14528924
12142502
