360183
432709
208199
4467
204620
136162
163616
683519
3327289
1775780
6749
5626357
1686672
362983
1204514
2350074
203321
2355128
82412
6333102
42220
8416241
1520340
4530263
3090452
252019
7051205
9564864
64262
4502283
5588638
1743815
1123533
448303
490170
183899
259333
1273030
9214647
5950308
14149952
10470934
4726784
4272524
2757051
5863842
5734661
5515242
148483
16921537
843026
4404069
188537
1112876
14211646
12314810
8480389
779186
1429249
11471783
3987609
2084774
10035109
8948815
76895
5730421
4292400
27363365
15636016
23265750
25131130
30633155
1490332
1129399
1830852
7550658
25003667
9626189
852246
6503054
16975884
4524072
11751
34822765
29277823
16609785
20282933
2754046
125857
725468
18275473
1446622
2233474
8730038
13562830
1250607
2452640
2050728
5778023
3209677
2190889
21217872
145927
22528217
73286
333496
203186
