1
2174
2258
2174
2114
2174
1260
1980
1650
2014
2336
2372
2336
2014
2385
2014
1650
1980
1441
1980
1260
1520
2064
2354
2497
2354
2064
2393
2339
2538
2448
2538
2399
2538
2339
2393
2338
2393
2163
2519
2165
2519
2163
2393
2138
2393
2064
1812
2251
2468
2251
2036
2251
1812
2064
1544
2064
1520
1260
2023
1597
2025
2084
2025
2149
2146
2149
2025
2044
2078
2461
2116
2282
2516
2527
2526
2527
2516
2302
2459
2302
2516
2282
2116
2461
2100
2461
2078
2044
2234
2369
2438
2498
2438
2369
2423
2441
2423
2369
2234
2170
2196
2301
2455
2301
2277
2301
2232
2301
2196
2170
2234
2150
2234
2139
2234
2044
2289
2556
2325
2556
2289
2044
2025
1597
2019
2132
2125
2525
2125
2132
2019
1979
2246
2201
2255
2365
2316
2365
2255
2201
2390
2409
2502
2409
2528
2409
2390
2201
2246
2197
2319
2197
2246
2024
2176
2356
2176
2168
2176
2145
2176
2047
2176
2035
2371
2035
2176
2024
2498
2243
2498
2236
2498
2232
2521
2232
2498
2090
2498
2024
2453
2217
2559
2217
2453
2024
2246
1979
2019
1889
2019
1728
1802
2431
2204
2431
1802
2026
2515
2026
2465
2195
2504
2195
2465
2026
2050
2026
1802
1728
2527
2448
2527
2330
2527
2245
2542
2245
2382
2245
2527
2223
2527
1751
2279
2158
2508
2373
2508
2296
2434
2296
2508
2280
2508
2178
2508
2158
2279
1934
2279
1751
2214
2552
2509
2552
2432
2552
2320
2552
2214
1921
2214
1751
2527
1728
2019
1679
2468
2070
2468
2066
2172
2066
2468
1679
2019
1597
2542
2103
2178
2103
2542
1952
2006
2418
2006
1952
2196
2092
2196
1952
2275
1952
2542
1790
2062
1790
1870
2278
2352
2513
2548
2513
2352
2334
2352
2278
1870
1882
2354
1882
2514
2437
2514
1882
1870
1790
2542
1758
1956
2092
2491
2092
2031
2365
2031
2092
1956
2462
2407
2462
2133
2462
1956
1869
2222
2263
2327
2263
2222
2457
2222
1869
1995
2481
2343
2481
2239
2429
2533
2429
2239
2481
1995
2148
2367
2526
2439
2526
2367
2148
1995
2558
2119
2553
2555
2553
2119
2558
1995
1958
1995
1869
1956
1758
2542
1744
2542
1597
2023
1260
2174
1108
1304
2217
2156
2217
1873
1939
2187
1939
2286
2320
2286
1939
1873
1883
2113
2008
2113
1906
2113
1893
2040
1914
1987
1957
2028
2390
2112
2233
2548
2265
2524
2305
2524
2265
2548
2233
2450
2295
2420
2495
2523
2536
2523
2495
2420
2295
2343
2295
2450
2233
2112
2390
2047
2422
2047
2390
2028
1957
2071
2326
2325
2326
2071
1957
2532
2360
2532
2323
2532
2120
2532
1957
1987
1914
2040
1893
2097
2488
2446
2488
2097
1893
1954
2312
2257
2466
2554
2520
2554
2466
2257
2312
2045
2312
1954
1893
2113
1883
2095
2372
2095
2237
2095
2452
2288
2452
2095
1883
2061
2405
2061
1883
2015
1883
2382
1975
2505
2232
2505
1994
2505
1975
2382
1945
2382
1883
2068
1883
1873
2217
1623
2217
1304
2403
2441
2403
2555
2403
2317
2403
2161
2536
2161
2403
2033
2403
1335
2403
1304
1108
1434
1599
2253
2539
2473
2539
2292
2539
2273
2526
2273
2539
2253
2055
2409
2335
2409
2055
2501
2099
2501
2055
2253
2013
2237
2076
2262
2300
2317
2471
2317
2307
2317
2300
2537
2540
2537
2300
2262
2076
2237
2013
2342
2013
2253
1640
2253
1599
1661
2047
1914
2047
1863
2047
1688
2047
1661
1848
1888
2423
1888
2134
1888
2144
2350
2144
2094
2144
1888
1848
2218
2328
2218
1849
1872
2355
2506
2442
2506
2391
2554
2391
2415
2391
2506
2355
2045
2165
2045
2355
1872
2234
1872
2265
2254
2265
1989
2265
1872
2496
2213
2496
1872
2058
2534
2447
2534
2364
2534
2058
2243
2192
2243
2058
2427
2509
2427
2058
1872
1849
2218
1848
1705
1848
1661
2551
2318
2551
1745
1748
2066
1748
1745
2139
1745
1882
1745
2448
2226
2448
1745
2551
1661
2382
1861
2382
1817
2382
1661
1785
2480
2192
2480
2184
2549
2184
2480
1785
2493
1991
2538
2086
2538
1991
2493
1892
2493
1785
1893
2158
1893
1843
1893
1785
1847
2031
2271
2377
2419
2377
2271
2031
1847
2506
2284
2506
1936
2363
2414
2490
2414
2363
2260
2363
2227
2363
1936
2489
2101
2489
1936
2506
1847
1785
2454
1785
1770
1964
1996
2508
1996
2063
2141
2379
2141
2424
2141
2063
2232
2306
2232
2129
2219
2212
2533
2212
2219
2129
2232
2063
2052
2408
2052
2063
1996
2441
2127
2441
1996
1964
1770
2129
1828
2129
1770
2154
2533
2154
1933
2085
2545
2085
2419
2085
1933
2458
1933
2154
1770
1838
2355
1838
2470
1838
2111
2093
2447
2096
2283
2472
2283
2281
2283
2162
2283
2096
2256
2096
2447
2093
2111
1959
2038
2376
2181
2376
2038
2512
2038
2011
2038
1959
2111
1838
1770
2374
2370
2529
2370
2374
1910
1945
2559
1945
1910
2374
1777
1864
1938
2021
2074
2502
2074
2399
2074
2048
2074
2021
2203
2449
2203
2430
2203
2507
2203
2167
2203
2094
2203
2021
2486
2021
1950
2365
1950
2021
1938
2220
2346
2362
2346
2436
2346
2220
1969
2220
1938
2038
1938
2373
2034
2255
2034
2373
1938
1864
1855
2363
1855
2437
1927
2490
1989
2466
2241
2466
1989
2490
1927
2396
1927
2082
2516
2082
2211
2245
2211
2387
2310
2387
2211
2164
2211
2082
2103
2082
1927
2437
1855
2056
2549
2056
2254
2177
2254
2056
2173
2477
2540
2477
2339
2394
2339
2477
2173
2314
2339
2314
2173
2298
2406
2347
2406
2344
2406
2298
2522
2298
2173
2056
1855
2394
1855
1864
1826
1864
1825
1864
1797
1942
1984
2501
2000
2501
1984
1942
1797
1864
1777
2371
1777
2374
1770
1785
1661
2513
1825
2418
1908
2418
1825
2034
1825
2513
1786
2513
1661
1599
2266
2269
2266
1599
1531
1961
2013
2434
2013
1961
1947
2555
2136
2395
2344
2518
2344
2395
2136
2555
2099
2195
2205
2195
2099
2555
1947
1961
1729
1961
1695
2560
2478
2560
2445
2560
2425
2560
2380
2560
1695
1798
2452
2069
2452
1798
2486
1798
1695
1961
1531
1599
1472
2439
2456
2439
1472
1632
1958
1743
1954
1837
1954
1743
1958
1742
1958
1632
1615
1920
1923
1920
2538
1920
1615
1632
1570
2231
1895
1990
2268
2455
2268
1990
1983
2145
2138
2145
1983
2153
2183
2305
2183
2153
1983
1990
1897
2294
2420
2294
1897
1990
1895
2231
1710
2556
2005
2282
2005
2173
2005
2142
2005
2556
1800
2100
2250
2100
1800
2343
1844
2211
1844
2343
1800
2556
1710
2231
1570
1632
1472
1599
1434
2297
2497
2297
1902
2103
1902
2474
1902
2297
1701
2053
2430
2053
2519
2157
2519
2053
1701
2533
1701
1760
2502
1760
2514
1760
2234
1760
2459
1993
2379
1993
2459
1760
1701
1900
2131
2507
2131
2192
2131
1900
1835
1900
1701
2297
1434
1642
1891
1757
1891
1642
2030
2164
2030
2270
2030
1642
2209
2432
2209
1711
2197
2067
2197
1934
2197
1711
2209
1642
1631
1642
1434
1580
2277
2077
2277
1962
2277
1677
2277
1580
1802
1580
1513
1580
1434
2142
1999
2142
1678
2310
1678
2142
1554
2142
1434
2094
1806
1914
2133
2384
2133
2109
2133
1972
2501
1972
2133
1914
1806
2094
1442
2346
1778
2098
2212
2098
1778
2346
1696
2076
1696
2346
1442
2094
1434
1549
2048
1549
2182
2335
2182
2221
2182
2378
2361
2378
2182
2552
2182
2096
2182
1918
2410
1918
2182
1549
2167
2069
2335
2069
2167
2046
2167
1970
2167
1881
2464
2130
2464
1881
2167
1849
2167
1752
2145
1808
2145
1752
2457
2052
2457
1960
2337
2036
2376
2036
2446
2036
2337
1960
2457
1854
2457
1752
2167
1743
2167
1549
1462
1527
2087
2491
2087
2299
2288
2299
2087
1823
2320
1849
1983
1849
2320
1823
2087
1771
1859
2157
1859
2390
1878
2390
1859
1771
2087
1527
2036
2444
2213
2444
2036
2029
2194
2029
2328
2029
2036
1800
2036
1759
1876
2389
2484
2389
2416
2389
2333
2389
1966
2081
1966
2389
1876
2137
2269
2137
1904
2370
1904
2317
1932
2519
1960
2460
2193
2511
2193
2460
1968
2243
1968
2460
1960
2339
1960
2519
1932
2317
1904
2137
1876
2505
1876
1759
2036
1527
2101
1951
2101
1527
2208
2242
2208
1635
1713
2055
2210
2404
2351
2404
2210
2168
2210
2055
2300
2106
2473
2106
2300
2055
1713
2503
2304
2503
1723
2503
1713
1694
2229
1710
2229
1694
1713
1635
2208
1527
2074
1727
1776
2009
2507
2009
2178
2009
1949
2009
1776
2366
2381
2366
2259
2366
1776
2162
2160
2249
2160
2162
2147
2162
1776
1727
1788
2248
1877
2248
1788
1852
2456
2324
2456
1852
1796
2331
2200
2215
2200
2331
1796
1852
1788
2462
1788
1928
2491
1928
1788
1817
2510
2188
2510
2130
2510
1817
2522
1817
1788
1727
1767
1790
1767
1727
2074
1527
2176
1660
2260
1860
2135
1860
2099
1860
2260
1706
2293
2494
2293
2475
2293
1706
2260
1660
2176
1637
2176
1609
1791
1922
1791
2363
1791
1801
1988
1804
2138
1804
1988
1801
2453
1937
2345
1937
2453
1931
2453
1801
1791
1741
2534
2057
2534
1741
1791
1609
1936
1609
2244
2523
2244
1824
2334
1887
2504
1887
2334
1824
2004
1981
2407
2127
2407
1981
2004
1824
2170
1843
2170
1824
2244
1750
2244
1609
2176
1527
1462
1549
1434
1108
2174
551
2174
465
1640
2302
1640
1984
1827
2451
2442
2451
1827
1984
1697
1984
1682
2326
1682
1984
1640
1427
1428
1959
2375
1959
2124
1959
1895
1959
1782
2462
1782
2017
1807
1875
2259
1875
2207
2471
2207
2285
2420
2285
2207
1875
2287
2332
2287
1875
2405
2060
2189
2228
2189
2060
2405
1875
1807
2067
1971
2067
1807
2017
1782
1959
1644
1959
1428
1427
1640
975
1091
1910
2521
1917
2008
2498
2008
1917
2521
1910
2397
1910
1607
1910
1160
1910
1091
2544
1099
1772
2387
1772
1167
1237
2065
1598
2364
2226
2364
1965
1985
1965
2024
1965
2198
1965
2364
1739
2364
1730
2364
1598
2065
1489
2067
1571
1927
1842
2096
2249
2096
1944
2308
2550
2308
1944
2096
1842
1927
1571
1876
1571
2067
1489
2476
2440
2476
1660
2468
1660
2476
1489
1586
1595
2498
1957
2498
1719
1723
2001
1723
2168
2245
2168
2160
2168
1886
2306
2091
2306
1886
2168
1764
2168
1726
1888
1726
1992
2332
1992
1726
2168
1723
1719
2006
1719
2498
1643
2355
1643
2310
1643
2498
1627
2178
1689
2032
2424
2032
1689
2178
1627
2498
1595
1969
1741
1969
1595
1586
2062
1586
1503
2300
1503
1544
1963
1890
2525
1890
1963
1639
1963
1544
2315
1544
2331
1544
1503
1944
2149
1944
1979
1944
1503
1586
1489
2331
1489
2065
1382
2065
1237
2422
1437
2002
2223
2426
2223
2002
2292
2230
2292
2002
1524
1806
2190
2241
2190
1806
1582
1996
1797
1996
1694
1996
1582
1762
1903
1985
1903
2377
1903
1762
1582
1806
1524
2132
1743
2285
1743
2132
1524
1538
1870
1740
1870
1538
1837
1538
1689
1653
1937
2151
1937
1862
2545
1862
2072
2121
2072
2169
2509
2169
2307
2169
2072
1862
2247
2213
2247
1904
2247
1862
1937
1653
1689
1610
2233
1610
1689
1538
1706
1538
1524
2458
1907
2050
1907
2458
1524
2002
1502
2002
1437
1909
2027
2296
2027
1909
1757
1909
1665
1738
2157
1831
2157
1738
2524
1738
2541
1966
2541
1738
1714
1738
1665
1909
1437
2422
1383
2422
1237
1710
2179
1710
1237
1167
1645
1949
1840
1921
2413
1968
2413
1921
1840
1907
2256
2073
2433
2351
2442
2351
2433
2073
2256
1907
2349
2392
2349
1907
1840
1949
1645
2155
1677
2525
1690
2525
1677
2196
1677
1879
2397
1879
2000
2080
2000
2012
2288
2412
2288
2012
2000
1879
2460
1879
2335
1924
2335
1879
1677
2155
1645
2488
2010
2488
1749
2488
1645
2339
1645
2157
1654
2028
1747
2028
1668
2028
1654
2157
1645
1179
1472
2289
1809
2290
2107
2290
1809
2289
1472
2497
1636
2509
1636
1855
1636
2343
1636
1768
1636
2497
1472
1179
1843
2093
1843
2049
1843
1703
1794
2287
1794
1703
1843
1659
1843
1333
1950
1438
1950
1429
1950
1333
1995
1550
1958
1550
2464
1550
1662
2433
1797
2489
1797
2328
1797
2123
1797
2433
1782
2433
1662
1697
1755
1697
1662
1550
1995
1333
1380
2493
1541
2077
1601
1846
1601
2077
1554
2352
2267
2425
2267
2338
2401
2338
2267
2352
1554
2077
1541
2100
1652
2100
1652
1922
1725
1933
1725
1922
1652
2100
1541
1546
2028
1546
1865
1946
2516
1946
2013
1946
2200
2110
2200
1946
1865
1744
1865
1581
1865
1546
1612
2477
1769
2477
1612
1630
1686
2113
1686
1630
2409
1630
2152
2455
2152
2039
2273
2362
2273
2039
2152
1630
1612
1546
1751
1546
1541
2493
1380
2331
1380
1836
2530
1836
2508
1836
1803
1836
1666
1836
1547
2416
2347
2500
2347
2416
1664
2416
1585
2416
1584
1647
1975
1647
1903
1647
1584
1686
1584
2416
1565
2431
1565
2075
2318
2484
2318
2075
1565
2216
1866
1948
1866
2216
1565
2416
1547
1836
1380
2033
2552
2033
2523
2140
2523
2033
1856
2033
1453
2033
1380
1770
2369
1868
2369
1770
1718
1770
1569
1614
1982
2528
1982
1724
2321
2333
2321
1724
1982
1614
1898
2128
2344
2128
1898
2378
1898
1614
1569
1770
1380
2143
2186
2327
2186
2143
1856
2136
2499
2543
2499
2136
1856
2143
1685
2143
1380
1333
1843
1274
2550
2159
2550
2010
2550
1357
2298
1357
1584
1973
1584
1357
2550
1274
1843
1179
1645
1167
1772
1099
2544
1091
1028
1396
2268
1646
1853
2295
1853
2446
1853
2158
1853
1646
2268
1396
2003
1396
2306
1521
2374
1521
2306
1396
1137
1990
1487
2185
2235
2185
2483
2185
1487
2526
2105
2526
1854
1905
2254
1905
2073
1905
1854
2278
1854
2526
1487
1990
1317
1990
1137
1170
1786
2061
1786
1203
2380
1340
2072
1340
1424
2078
1424
1761
2438
1761
2166
1761
1835
2281
2388
2281
1835
2445
1835
1761
1424
1340
1982
1390
2387
1390
1982
1340
2019
1340
2380
1283
2380
1210
2380
1203
2416
1203
1786
1170
2345
1420
1977
2441
1977
2479
1977
1857
1977
1420
1442
1420
2287
1633
1794
1633
2296
1633
1953
2357
1953
2156
1953
1704
1953
1633
2287
1601
2287
1447
2333
1720
2356
1720
2333
1447
2481
1569
2248
1569
2093
1681
1819
2507
1819
2367
1819
2073
1819
2086
1999
2086
1819
1681
1859
1681
2013
1681
2093
1569
1931
2261
2109
2261
1931
2463
2291
2463
1931
1804
1931
1569
2481
1447
2287
1420
1427
1420
1686
1420
2345
1170
1137
1802
1529
1915
2008
1915
1809
1915
1529
1802
1264
1712
1727
2418
1727
1712
1877
2391
1877
1712
1999
1737
1897
1737
1824
1737
1999
1712
2419
1850
2419
1712
1478
2047
1622
2047
1591
2047
1478
1712
1446
2266
1446
1712
1289
1722
1400
1722
1308
1408
1714
1852
1714
1649
1656
1854
1908
1935
2483
1935
1926
2215
1926
1935
1908
1854
1656
1810
1733
2097
1733
2502
1733
1810
1656
2069
2325
2181
2325
2069
1656
1649
1912
2329
2482
2329
1912
1649
1747
1649
1714
1408
1591
2479
1967
2479
1591
2339
1591
2296
1591
1408
1386
1408
1308
2196
1512
2196
1493
2196
1448
1609
1448
2405
1781
2405
1448
2196
1443
2192
1443
2196
1308
1860
2134
1860
1479
1860
1433
1860
1358
1860
1308
1722
1289
2068
1289
1476
2337
1530
2401
1758
2401
1530
1745
1784
1808
1784
2194
1784
1981
2020
1981
2323
1981
1784
1745
1736
1948
1736
2035
1754
2124
1754
2035
1736
1745
1530
2337
1476
1939
1744
1939
1476
1366
1669
2252
1669
2366
1669
2467
1669
1366
2539
1766
2508
1766
1913
2240
2060
2240
1913
1766
2539
1366
1998
2045
1998
1366
1476
1366
2056
1821
2056
1366
1476
1289
1712
1264
1600
1922
1600
2514
1659
2512
1820
2303
2484
2303
1820
2512
1659
2514
1600
2228
1600
1264
1802
1137
1646
2039
1892
2020
1892
2115
1892
2039
1646
2046
1646
1137
2081
1498
1605
1711
1605
1498
1879
1498
2004
1771
2004
1498
2081
1217
1557
2463
1557
2360
1557
1830
1955
1830
1796
1830
1557
2144
1812
2144
1557
1493
1830
1493
1557
1217
2081
1137
1396
1028
1399
2451
1403
2285
1403
2393
1403
2451
1399
2417
1671
2417
1399
1693
1703
1693
1399
2017
1399
1262
2269
1262
1868
2104
1868
2071
1868
1615
2061
1615
1868
1397
1868
1262
1399
1216
1958
1216
1399
1139
1237
1139
1399
1028
2406
1263
2438
1357
2438
1263
2319
1753
2319
1263
2406
1108
2406
1028
1854
1506
1854
1087
1977
1135
1677
1654
1677
1496
1677
1315
1677
1163
2377
1163
1558
2107
2180
2322
2180
2107
1558
2533
1558
2250
1562
1735
2414
2199
2472
2199
2414
1735
1873
1735
1621
1682
1621
1735
1562
2250
1558
1947
1563
2089
2090
2089
1563
1947
1558
1163
2534
1528
2534
1163
1677
1135
2339
1135
1977
1087
1854
1028
1293
1537
2098
1537
1947
1537
2557
1540
2557
1537
2028
1537
1356
2172
1867
2172
1356
2515
2007
2515
1450
2258
1906
2219
1906
2442
1906
2258
1579
2258
1551
1768
1551
2258
1467
2312
1525
1873
1525
2312
1467
2258
1450
2463
1450
1512
1873
1512
1583
1719
2447
1719
1583
1512
1450
2515
1356
2486
1759
2221
1986
2284
1986
2520
1986
2221
1759
2486
1438
2486
1356
1490
1716
1783
1716
2105
1716
1490
1455
1524
1696
1524
2364
1524
2206
1524
1455
2118
2330
2118
1518
1665
1670
1665
2086
1665
1518
1592
2018
1685
2018
1592
1913
1611
1913
1592
2147
1592
1518
2118
1455
1480
2153
1480
1823
2008
1823
2494
1823
1480
2070
2125
2070
1850
2070
1596
2070
1554
2301
1554
2466
1554
2070
1480
2278
1480
2107
1480
1664
2517
2043
2517
1664
2421
1997
2421
1943
2421
1664
2264
1664
2344
2102
2473
2102
2344
1664
1835
1664
2503
1664
1480
1455
1490
1356
1537
1293
1836
1293
1588
2367
1698
2425
1911
2487
1911
2425
1698
2367
1588
2437
1834
2188
1834
2543
1925
2485
1925
2543
1834
2437
1588
1851
1951
2059
2338
2059
1951
1851
2099
1851
1588
2039
1588
2203
1588
1293
2071
1867
2071
1858
2504
1858
2204
1858
2071
1293
1102
1906
1887
1906
1559
2163
1559
1691
1725
1691
2288
1691
1817
1691
2555
1691
1559
1906
1283
1349
2199
1566
2145
1566
1678
2395
1756
2395
1678
1566
1898
1594
1898
1566
2199
1349
2389
1826
2384
1826
2389
1657
2354
1840
1907
1840
2354
1657
2083
1775
2083
1657
2389
1349
2055
1616
2055
1431
2420
1634
2273
1634
2420
1495
2396
1500
2057
1500
1614
1500
2396
1495
2420
1467
2420
1431
2055
1398
2055
1349
1456
2337
1456
1456
1456
2531
2127
2531
1717
2531
1658
2138
1658
2555
1658
2240
1658
1752
1894
2475
1894
1987
1911
1987
1894
1752
1658
2531
1456
2133
1890
2133
1753
2271
1753
2133
1456
1349
1587
2157
1587
1913
1587
2173
1587
1349
1283
1906
1208
1701
1466
2491
1676
2491
1672
1739
1672
1847
1672
2226
1672
2491
1548
2491
1466
1701
1208
2287
1208
1940
2005
2210
2005
1940
1593
2490
1593
2361
1617
2361
1593
1940
1530
2204
1534
2251
1562
2251
1534
1541
1534
1698
2495
1818
2495
1698
1534
2204
1530
1884
2408
1884
1957
1884
2501
1884
1965
1884
1530
1667
2502
1680
1849
1680
1753
1680
1760
1680
1727
1680
2502
1667
1774
2430
1774
1667
1807
1667
1530
1713
1530
1940
1208
2182
1208
1906
1135
1906
1102
2129
1483
2129
1102
1493
1102
1293
1028
1286
1146
2134
1651
1675
2232
1675
2465
1943
2465
1675
2474
1675
1651
1671
1999
1671
1651
2134
1375
1599
1375
2134
1146
2155
1146
1972
2177
1972
1146
1286
1028
2536
1779
2528
1779
2536
1731
2313
1731
2536
1507
1513
2358
1513
1507
2218
1573
2470
1573
1753
1573
1957
1832
2353
2415
2353
1832
1957
1573
2218
1507
2267
2388
2267
1663
2119
1663
2545
1663
2267
1508
2362
1508
2267
1507
2536
1028
1091
975
2110
975
1640
969
1640
743
2035
1674
2505
1674
2035
894
965
1136
1587
1136
1581
2532
1581
2128
1581
1934
2336
1934
1765
2330
1815
2330
1765
1934
1581
2012
1581
2418
1581
1817
1581
1800
1581
1271
1581
1136
1766
1987
1766
1921
1766
1470
1506
1678
1506
2424
1773
2424
1657
2424
1506
2257
1506
1470
2304
1470
1766
1403
1766
1136
2036
1440
2036
1136
1609
1327
1409
1718
1679
1718
1409
2078
1409
1327
2423
1327
1545
1964
1545
1727
1545
1327
2333
1422
2333
1327
1609
1271
2425
1271
1417
1504
1577
2168
1577
1796
2079
2146
2079
2238
2079
1796
2547
1796
1577
1661
1577
1607
1577
2332
1577
1504
2116
1504
1767
1700
1767
1504
1917
1504
1460
1504
1417
2338
1750
2137
1750
2338
1523
1798
1631
2030
1631
1757
1631
1798
1589
1877
1589
1798
1523
2338
1417
1937
1449
1912
1449
1503
1997
2109
1997
1603
2465
1603
1997
1503
1449
1808
1449
2413
1815
2280
1815
2413
1720
2413
1539
2034
1539
2413
1449
2075
1449
1937
1417
1723
1639
1723
1417
1325
2115
1765
2351
1765
2115
1491
2115
1392
2115
1385
2282
1497
2282
1385
2115
1325
2383
2016
2500
2016
2383
1570
1932
2407
1932
1570
2303
1570
2383
1423
2413
1423
2523
1720
2523
1423
2211
1742
2211
1423
1437
1423
1993
1423
2383
1325
1965
1325
1417
1271
1641
2194
1641
1271
1398
2095
1398
2279
1444
2277
1460
1578
2062
1578
1460
1525
2553
1730
2553
1602
2553
1525
2470
1525
1460
2435
2348
2435
2022
2435
1460
1777
2368
1777
1460
2277
1444
2279
1398
2457
1521
2457
1419
2457
1398
1271
1609
1178
2250
1256
1846
1458
1846
1351
1589
1616
2264
1616
2046
1616
2275
1616
1589
2432
1589
1481
1589
1351
2234
1720
2234
1351
1935
1351
1509
2391
1509
1908
1509
1351
1846
1256
2284
1295
1792
1715
2475
1715
1801
1715
1867
1740
1867
1715
2373
1715
1792
1397
1652
1397
1927
1397
1792
1321
1792
1295
1582
2103
1582
1295
1661
1295
2284
1256
2419
1256
1391
1459
1684
2349
1684
2043
1684
1553
2487
1871
2084
1994
2084
1871
2291
1871
2487
1553
1684
1459
1391
1657
1795
2000
1795
2224
1795
1657
1391
1526
2281
1535
2281
1526
2010
1526
2489
1526
2288
1526
1738
1526
1391
1256
2250
1178
1275
2333
1275
2091
1960
2091
1533
1885
2236
1885
2007
1885
1780
1971
1780
2444
1780
2501
1780
1885
1533
1566
1949
1585
1949
1566
1533
2221
1533
2091
1275
1881
1275
2066
1313
2355
1505
1809
2415
1809
1505
1683
1989
1683
1505
2525
1655
2024
1655
2525
1505
2355
1313
2066
1275
1964
1275
1366
2005
1366
2391
1366
1275
2163
1329
1962
1329
1989
1329
1559
1532
1559
1392
2047
1392
1827
2261
1827
1392
1788
1626
2552
1626
1919
1828
1919
1626
1788
1465
1788
1392
1559
1329
2104
1392
1915
1392
2104
1329
2163
1275
2043
1418
2043
1275
1178
2214
1319
1703
1319
1457
1534
2145
1534
1457
2343
1457
1381
2453
1709
1874
1709
2453
1474
1925
1742
2365
1742
1894
1742
1925
1474
1760
1603
2187
1816
2187
1625
1688
1945
1688
1866
1986
1866
1688
1625
2187
1603
1760
1474
1883
1764
2388
1764
1883
1474
2334
1564
2334
1517
2467
1517
2334
1474
2453
1381
1457
1372
1778
1372
1760
1372
1388
2120
1388
2537
1731
2537
1388
2261
1568
1921
1568
1941
2511
1941
1568
2261
1388
2044
1388
1372
1457
1319
1401
1970
1638
1970
1515
1970
1401
2431
1401
1386
1401
1319
2214
1228
2427
1228
1921
1453
2198
1687
2198
1453
1565
2371
1565
1895
1565
1453
2188
1453
2028
1494
2183
1769
2183
1494
2026
1494
2028
1453
1921
1228
2214
1178
1258
2044
1258
1178
1820
2164
1967
2164
1880
2164
1820
2342
1820
1178
1491
1266
2549
1266
2396
1471
2022
1471
1926
2348
1926
1841
1926
1471
2396
1266
1491
1178
1193
1390
1952
1390
1193
2387
1193
1308
1615
1354
1615
1308
1193
2470
1193
1239
2265
1239
1555
2093
1555
2018
1555
1384
1664
1384
1592
1384
2321
1384
1763
1384
1555
1297
1300
2446
1300
1732
1699
1732
1300
1297
1555
1239
1374
1943
1374
1481
2221
1481
1698
1481
2330
1481
2388
1481
1374
1951
1833
2099
1833
2082
1833
1951
1374
2559
1562
2559
1432
2430
1432
2559
1374
1685
1374
1239
1801
1278
2015
1619
1971
1708
2242
1811
2242
1708
2049
1726
2049
1708
1971
1619
2015
1393
2015
1278
2030
1278
1801
1239
2067
1411
2290
1411
2189
2029
2189
1826
1967
1826
2189
1411
2008
1461
2008
1411
1721
1840
1816
1840
1721
1878
1721
2400
2311
2400
1721
1411
2067
1239
1566
1454
1741
1674
1741
1574
2175
2482
2175
1574
2237
1574
1741
1454
2435
1454
1953
1485
1953
1454
1625
2240
1625
2063
1625
1803
2318
1803
1968
1803
1625
1454
1566
1239
2292
1239
1193
1563
1699
2006
1699
1563
1413
1563
1193
2517
1193
1178
2449
1337
1809
1502
2532
1502
1809
1464
1809
1432
1586
1432
1809
1337
2449
1248
2449
1208
2449
1178
2181
1178
1609
1136
1237
1136
1321
2021
1321
1227
2120
1259
2120
1227
1321
1209
1321
1202
1461
2341
1929
2341
1515
1662
1515
1782
1515
2341
1461
2455
1833
2504
1833
2455
1461
1914
1539
1914
1461
2062
1519
1832
1519
2062
1461
1594
1971
1594
1461
1405
1461
1217
1288
1988
1288
1736
2009
1736
1288
1223
2030
1223
1361
2124
1361
2022
1361
2519
1361
1252
1361
1223
1466
1223
1879
1411
1879
1345
1879
1223
1833
1223
1794
1223
1288
1217
1461
1202
1614
1274
1614
1202
2450
1202
1321
1136
965
1195
1487
1934
1487
1195
2246
1899
2246
1195
2164
1195
2430
1195
1794
1195
1071
2002
1071
2114
1071
1413
1071
1195
965
1948
1734
2309
1734
1948
1438
1948
1128
2140
2276
2140
1618
2249
1618
2340
1618
2140
1128
2263
1203
2263
1128
1297
2432
1297
1654
1297
2323
1319
1813
2236
1813
1319
2323
1297
1128
2028
1128
1948
965
1767
1386
2126
1556
2126
1521
1765
2402
1765
1521
2126
1386
1767
1162
1315
1385
1696
1385
1315
2478
1857
2478
1315
2093
1315
2275
1446
2275
1315
2079
1373
2079
1315
1226
1315
1162
1681
1320
1681
1238
1681
1162
1444
1467
1444
1162
1589
1162
2343
1162
2052
1162
1767
973
1769
1804
1769
1367
1769
1343
1769
1298
1578
1314
1727
1314
2528
1314
1578
1298
2475
1547
1744
1547
2475
1298
2468
1298
1769
1030
2549
1048
1098
1371
2335
1371
2248
1435
1631
2209
1631
1435
1900
1435
2248
1404
2248
1371
1999
1371
1328
1371
1098
1709
1179
1244
2436
1637
2436
1294
2386
1486
2386
1412
2386
1294
1795
1508
1795
1294
2436
1244
1514
2510
1514
1483
1983
1822
1983
1483
1488
1483
1514
1244
1680
1244
1179
2516
1468
2516
1179
1709
1098
1048
1305
1891
1326
1891
1305
1048
1555
1129
2395
1129
1903
1452
1930
2225
1930
1452
1903
1129
1555
1048
2320
1048
2549
1034
1898
1402
1898
1034
2261
1100
1867
1483
1867
1100
1147
2470
1147
1192
1721
1192
2071
1219
1573
2378
1787
2378
1575
2378
1573
1219
1905
1532
1905
1219
2248
1219
2509
1536
2440
1734
2440
1536
2509
1219
2034
1292
2285
1292
2034
1219
2071
1192
2024
1192
1147
1672
1376
1672
1176
1907
1733
1907
1492
1907
1176
1672
1147
1100
1417
1100
2539
1241
2539
1100
2261
1034
2549
1030
2159
1030
1769
973
997
1417
997
1068
1479
1967
1479
1068
2081
1068
2210
1668
2210
1068
2230
1575
1805
1575
2230
1432
2230
1365
2230
1068
997
1121
1200
2080
1200
2381
1257
2381
1200
1429
1553
2361
1553
1429
1200
1823
1200
2039
1394
1448
1394
2069
1435
2069
1394
2039
1200
1373
1448
1373
1951
1373
1201
1878
1201
1373
1200
2224
1552
2224
1327
2202
1327
2224
1200
1729
1281
2098
1281
1812
1663
1812
1281
1729
1270
1729
1200
1158
1451
1168
1316
2408
1316
1768
1316
2051
1659
2051
1369
1533
2130
1533
1369
2495
1369
1675
1369
2051
1316
1168
1451
1158
2160
2191
2160
1158
2071
1158
2486
1259
2031
1259
2179
1259
2486
1158
1200
1121
2413
1121
1886
1619
1886
1121
2508
1303
1428
1346
1508
1869
1508
2240
1508
1346
1428
1341
1459
1341
1428
1303
2508
1121
1244
1121
997
1913
997
973
1361
973
1921
973
1566
973
2501
1236
2358
1425
2358
1236
2501
1133
1524
1133
2501
973
1604
1938
1604
1897
1604
1416
1849
1416
1604
973
1555
1022
1639
1414
2490
1414
2372
1414
1511
1414
2228
1414
1639
1317
1639
1312
2183
1312
2199
1312
1805
1312
1798
1312
1639
1171
1639
1022
1555
973
1561
2156
1561
1831
2546
1831
2151
1831
1561
2471
1561
2477
1561
973
1767
965
2441
1181
2441
1061
2441
970
1272
1312
1357
1312
2242
1312
1272
1936
1272
985
1621
1955
1621
1348
2493
1348
1621
985
2166
1606
2359
1606
1748
1606
2166
1571
2166
1282
2011
1779
2011
1422
2177
1705
2177
1422
2011
1282
1957
1282
1692
2504
1692
2394
1692
1282
1325
2168
1325
1282
2166
985
1358
1492
1904
1492
2158
1492
1358
2376
1976
2376
1358
2198
1358
1173
2201
1862
2201
1250
1674
1379
2490
1379
1674
1364
1674
1250
2201
1185
2332
1185
2369
1185
2201
1173
1358
1168
1600
1168
1358
1106
1556
2096
1746
2096
1733
2096
1556
1106
1358
985
1272
972
1977
972
1272
970
1866
1510
1866
1323
1780
1323
2514
1560
2233
1560
2514
1323
1866
970
2293
1097
1353
1974
1353
1633
1353
1567
1822
2314
1822
1567
1353
2324
2122
2324
1523
2324
1353
1240
1468
1678
1468
1717
2148
1717
1468
1240
1353
1097
2351
1499
1737
1499
2351
1370
1536
2308
1543
1941
1543
2308
1536
1617
2184
1617
2125
1617
1536
1370
1469
1662
1469
2156
1469
1370
2351
1338
2351
1097
1172
1983
1172
1143
1351
1420
1351
1247
2272
1247
2186
1978
2186
1247
1351
1143
1172
1097
1558
1097
2293
970
1057
2505
1057
1565
1274
1665
1274
1565
1057
1318
1735
1318
1638
1724
1638
2461
1638
2007
1638
1318
1484
1485
2102
1485
2506
1485
2117
1485
1484
1560
1569
1560
1702
2399
1702
1560
2511
1560
1484
2399
1690
2050
1690
2399
1484
1318
2175
1318
1057
970
2103
1299
1780
1299
2119
1406
1966
1406
1969
1475
1969
1406
2270
1406
2119
1299
2208
1299
2103
970
1550
1326
1540
1326
1829
1326
1540
1326
2276
2108
2276
1326
1550
1140
1550
970
2441
965
2309
1440
2309
1204
2309
965
1415
2348
1576
2348
1415
2200
1465
2311
1465
2456
1465
2356
1465
2200
1435
2200
1415
1828
1415
2063
1415
2300
1415
2360
1539
2360
1415
965
944
2132
1190
2132
944
965
894
2551
1210
2436
1210
2354
1210
2551
894
2035
743
1053
1902
1053
2096
1053
1363
1130
2050
1515
2050
1130
1363
1053
2461
1226
2461
1053
2254
1053
966
1426
2058
1426
1553
1426
2433
1426
966
1053
910
1228
1760
1228
1964
1259
1964
1228
1707
1602
2530
1602
1707
1228
2401
1228
910
953
2550
953
1705
975
1089
1877
1112
2530
1265
1892
1265
2554
1265
2264
1265
2530
1144
2400
1496
2176
1496
2400
1144
2530
1112
2286
1635
1720
1635
2286
1112
1184
2310
1184
1299
1184
2302
1184
1141
2506
1141
2470
1141
1184
1112
1355
2390
1742
2390
1355
1685
1355
1448
1355
2059
1355
1122
1589
1122
1553
1257
2438
1257
1553
1122
1983
1122
1372
2228
1372
1534
1372
2084
1372
1449
1372
1122
1355
1112
1877
1089
2215
1382
1458
1382
1953
1382
1395
2283
1482
2176
1482
2283
1395
2393
1395
1382
2215
1089
1200
1089
1658
1454
2001
1454
2171
1858
2171
1454
1658
1089
2169
1089
1329
1089
975
1705
953
1816
1708
2460
1708
1816
1284
2412
1789
2412
1284
1295
1284
1816
953
910
2350
910
1057
912
1755
912
1630
1528
1630
1144
1324
2046
1433
2046
1359
1951
1359
1419
1941
1419
1359
1462
2013
1462
1359
2046
1324
2325
1327
2325
1324
1781
1402
1781
1324
1144
2264
1144
1630
912
1807
1365
1952
1365
1807
1117
1676
1117
1807
912
1286
988
1286
912
2377
912
1894
1163
2366
1163
1894
938
1894
912
1057
910
1334
1035
1334
910
1127
2403
1207
2150
1407
2150
1207
2403
1191
2274
1227
2274
1191
1402
1850
1402
1191
2289
1191
2403
1163
1473
1752
1648
1752
1473
1528
1893
1528
1473
2267
1473
1871
1473
1163
2403
1148
2380
1148
2303
1148
1738
1322
2268
1322
1738
1148
2487
1148
1218
1792
1264
1792
1218
2537
1218
1544
1218
2075
1218
2527
1218
1148
2367
1148
1884
1148
2403
1127
1857
1127
1916
1899
1916
1127
1282
1127
910
1436
2363
1436
2556
1436
1777
1436
2472
1436
1123
1436
1033
1646
1096
1646
1044
1575
1166
2444
1227
1248
1227
1828
1227
1810
1227
2444
1166
1887
1818
1887
1636
1887
1287
1887
1166
1575
1044
1629
1815
1629
1232
1785
1232
1629
1044
1748
1332
1541
1332
1530
1332
1748
1044
1940
1044
1613
1044
1619
1730
1619
1044
1476
1142
2089
1142
1357
1142
1476
1044
2474
1060
1870
1405
1870
1277
1605
1277
1870
1111
1878
1111
2157
1111
1870
1084
2399
1084
1870
1083
2263
1083
2155
1083
1505
1477
1505
1141
1173
1687
1173
2410
1901
2410
1173
1141
2148
1141
1690
1141
1504
1141
1505
1083
1356
1242
1356
1083
1406
1663
1406
1296
1745
1296
1540
1296
1406
1083
1870
1060
1573
1060
2474
1044
2324
1044
1646
1033
1507
1280
1507
1077
1388
1077
1237
1077
1972
1077
2365
1495
1852
1495
2365
1077
1433
1383
1527
1383
1839
1383
2454
1383
1528
1394
1528
1383
1433
1077
2239
1077
1507
1033
1436
910
1501
1700
2137
1700
1501
1043
2017
1043
1576
1215
1908
1215
1576
1043
1678
1069
1867
1069
1678
1043
1445
2471
1445
2382
1445
1150
1445
1043
1501
910
1053
743
1640
631
1640
606
996
2315
1344
2315
996
1744
996
606
1887
606
1372
890
1372
731
1372
606
1640
543
1640
465
1984
1186
2387
1186
2319
1186
1425
2297
1425
1992
1425
1919
1425
1296
1568
1296
1425
1186
2156
1233
1273
1290
1973
1290
2349
1342
1814
2294
1814
1344
1814
1342
2349
1290
2467
1407
2078
1407
2467
1290
1273
2376
1273
1233
2154
1240
2445
1564
2445
1240
2154
1233
2106
1673
1979
1673
2328
1673
2106
1548
2106
1333
1998
1333
2076
1333
2106
1233
2156
1186
2030
1186
1984
1102
1253
2266
1253
2277
1253
1364
1849
1364
1253
2232
1596
2232
1253
1102
1984
556
1302
1454
1302
2291
1302
2074
1302
1478
1637
1478
1302
558
2219
998
1617
1430
2137
1430
1617
1015
1199
2375
1199
1564
1199
2267
1199
2523
1199
1765
1246
1712
1246
1682
1246
1765
1199
1015
1904
1338
1904
1222
2480
1320
2480
1222
2273
1410
1818
1653
1818
1410
2273
1222
2372
1222
1904
1015
1602
1216
2491
1216
1602
1015
2248
1015
1350
1554
1350
2479
1350
1610
2178
1610
1350
1840
1666
2113
1666
1840
1350
1051
1370
2473
1370
1664
1370
2402
1370
1051
1929
1051
2111
1347
2559
1347
2391
1347
2111
1051
1911
1051
1275
1051
2401
1051
2285
1051
1582
1140
2154
1140
2004
1140
1582
1051
1350
1015
1617
998
2463
998
1203
1377
1439
2394
1439
1377
1203
1090
2276
1090
1222
2055
1222
2311
1222
1090
2119
1090
2436
1090
1203
998
1926
1189
2195
1189
2190
1330
2236
1414
1956
1475
1821
1475
1956
1414
2236
1330
2190
1265
2190
1189
1383
1189
1295
1189
1926
1075
2514
1075
2259
1075
1094
1671
1094
2256
1094
2018
1094
1899
1252
1577
1252
1499
1649
1499
1252
1541
1252
1494
1252
1925
1252
1899
1209
1899
1094
1075
1183
1707
1183
1125
1996
1125
1154
1808
1154
2437
1517
2437
1154
2031
1243
2031
1154
1892
1154
2212
1154
1636
1154
1427
1154
1125
2055
1125
1452
1895
1452
2364
1452
1186
1452
1125
1251
1821
1251
1560
1251
2191
1251
1320
1586
1320
1251
1300
1251
1125
1183
1075
1900
1075
1200
1075
1926
998
2219
735
1896
1976
1896
1142
1896
735
2004
849
2487
1124
1160
2421
1160
1294
1160
1124
1681
1124
2487
1016
2539
1016
2290
1016
1204
2522
1387
2317
1387
2522
1204
1768
1204
2019
1204
1762
1204
2098
1204
1016
2075
1016
1490
1303
2420
1303
1798
1303
2407
1759
2238
1759
2407
1303
1522
1784
1522
1779
1522
1303
2161
1344
1757
1344
1486
1394
1486
1344
2161
1303
1490
1016
1699
1235
1698
1235
1699
1016
2359
1502
2359
1016
2487
849
1574
849
1375
980
2358
1037
2358
1004
2358
980
1423
1020
1495
2123
1552
2123
1535
2123
1495
1694
1861
1694
1495
1213
1495
1161
2151
1161
1263
1665
1263
2459
1263
2087
1482
2116
1482
2087
1263
2202
1263
1655
1263
2127
1263
1161
2381
1161
1495
1020
1468
1020
1423
980
1375
925
1375
849
2387
935
2490
1219
2490
935
1903
935
1945
935
2005
935
2173
1335
1924
1335
1931
1335
2173
935
1438
2346
1438
1097
1438
1036
2135
1140
1291
1938
1291
1584
1291
1454
1292
1474
1292
1454
1291
1338
1919
1338
1291
1140
2135
1036
1653
1036
1683
1214
1828
1214
1742
1214
1256
2368
1256
1999
1256
1214
1883
1379
1659
1379
1883
1332
1883
1214
1683
1036
1565
1036
1438
935
2387
849
2004
735
1223
1917
1223
735
1770
918
1742
918
1770
735
2526
1013
1846
1119
1319
1648
2097
1648
1319
1684
1319
1420
1319
1119
1797
1157
1263
1157
1797
1119
1846
1013
2544
1013
2526
735
2219
638
1963
658
2259
1024
1898
1024
2259
736
2296
736
1019
1475
1612
1475
1019
1842
2500
1842
1019
1529
1065
2000
1249
2485
1249
2321
1249
2000
1065
2525
1307
1931
1307
1543
1733
1543
1336
1817
1539
1817
1336
2280
1336
2370
1336
1543
1307
1586
1307
2525
1076
1452
1076
2525
1065
2353
1065
1594
1065
1529
1019
2497
1019
2216
1019
1356
1019
2147
1019
764
1612
1074
1612
764
1073
1090
1789
1090
1796
1090
1878
1090
1073
2234
1220
2010
1220
1798
1220
2234
1073
1284
1506
1284
1073
2220
1073
1907
1073
1460
2082
1460
1212
2557
1212
1460
1073
1110
1839
1187
2260
1187
1839
1110
1513
1110
1166
1596
2197
1596
1234
1431
1341
1775
1341
2538
1341
1486
1341
1431
1234
2495
1234
1596
1166
1118
1166
1110
1321
1110
1073
764
1019
747
1925
885
1850
1310
2042
1310
2415
1310
1850
1238
1474
1238
1448
1238
1845
1238
1850
885
1361
885
2212
1010
2212
885
1998
1268
1998
885
1611
1960
1611
1181
1611
885
1108
1467
1108
974
2360
1058
1593
1750
1593
1058
1151
2424
1151
1724
1151
2014
1151
2113
1151
2267
1151
1058
1978
1624
1626
1670
1626
1624
1978
1229
1568
1229
2266
1229
1978
1058
2360
1003
2360
974
2514
974
2382
974
1712
1124
1365
1131
1365
1124
1202
1124
2208
1124
1712
1012
1646
1012
1712
974
1108
885
1925
747
1282
747
1019
736
2259
658
1963
638
2500
760
1293
760
2500
638
858
2287
858
999
2150
1023
1654
1096
1316
1096
1654
1023
1817
1023
2150
999
1471
1007
1471
999
1499
1116
2201
1116
1499
999
1198
1999
1198
1342
2198
1342
1874
1342
1198
2084
1198
999
1988
999
858
1001
1065
2546
1065
1001
2533
1001
2288
1328
2288
1001
2079
1001
858
2109
858
2128
1081
1268
2095
1268
1470
1268
1965
1268
1229
1268
1081
2384
1627
2384
1145
2384
1081
2456
1464
2456
1271
2456
1092
2175
1118
2311
1118
2152
1118
1412
1174
1412
1118
1956
1118
1806
1118
2314
1205
2314
1118
2175
1092
2456
1081
2485
1081
2128
858
1298
1234
1298
1140
2027
1627
2027
1140
1298
858
1496
1847
1496
858
638
2219
558
630
1176
663
1176
630
1197
1320
1217
2165
1217
1320
1197
790
1885
790
840
2258
1331
2258
840
1797
1045
1797
840
1060
2507
1060
954
1002
2015
1002
1434
1002
1510
2241
1510
1002
2275
1002
2423
1002
2504
1002
954
1060
840
919
2448
919
1780
919
1587
1022
1587
919
2002
978
1288
978
1355
1023
1139
2471
1155
2471
1139
2528
1139
2197
1463
2197
1139
2392
1139
1023
1355
978
2002
919
1262
2060
1262
2127
1262
1695
1262
1942
1262
1449
1262
1021
1424
1313
1424
1021
1666
1021
1262
947
1582
947
1262
919
2113
919
870
2277
1083
1715
1579
1715
1352
1715
1083
2277
1017
2277
957
2043
1190
2402
1190
2043
957
2504
957
2101
1042
1660
1042
1872
1042
1825
1450
1825
1042
1990
1064
1990
1042
2271
1042
2439
1042
1205
2180
1205
1980
1205
1540
1205
1042
1783
1042
2201
1042
2101
957
1793
2404
1793
957
2553
1368
2532
1368
2553
1004
2553
957
1458
957
2277
928
2265
1196
2322
1400
2322
1196
2265
928
2373
1055
1662
1208
1662
1055
2373
928
1668
928
2277
870
1276
1437
1276
2283
1276
1830
1276
870
1695
1245
2452
1245
1695
870
919
840
1310
2278
1310
843
1237
948
1237
843
1310
840
1830
840
790
1928
1405
1756
1405
1928
790
1910
790
830
2367
1032
2367
830
790
1197
630
1014
1312
1014
630
861
1726
2193
1726
1269
1726
861
1471
862
1663
862
1471
861
2283
1067
2283
861
2027
861
2117
861
1274
937
1956
937
1805
937
2423
937
1274
861
630
1966
1031
1966
866
1634
989
1592
1039
1592
989
2473
989
2171
989
2347
989
1634
866
2085
866
1966
727
1966
726
1060
740
1060
726
857
1658
863
2432
888
1289
909
1564
909
1970
932
1970
909
1757
1331
2124
1331
1757
909
1289
888
2123
888
1602
888
1825
888
1162
924
1065
924
1162
888
2193
1152
2141
1188
1935
1188
2141
1152
2087
1261
2087
1152
2297
1152
2193
986
2226
1070
1491
1070
1937
1070
1082
1557
1082
1505
1082
1311
1367
2548
1367
1311
2086
1311
1082
2330
1082
1070
2226
986
2193
888
2432
863
1836
863
1886
863
2371
1523
2371
863
1907
863
2395
911
1358
911
1762
911
2395
863
1903
863
1429
1022
1862
1072
1862
1022
1429
863
1211
982
2146
982
1211
863
1658
857
1872
889
2151
966
2151
889
1012
1132
1809
1132
1012
1924
1012
889
1872
857
2465
857
726
2388
1085
2388
995
1351
995
2388
726
857
726
2155
820
2155
747
1567
747
2254
823
2254
747
2155
726
1966
630
983
2122
1027
1613
1027
2394
1027
1648
1027
1234
1027
1883
1027
1114
2158
1322
2158
1114
2558
1572
1859
1572
2558
1114
2442
1114
1448
1114
1027
2122
983
2304
1219
2304
983
1311
983
2249
1301
2249
1034
2224
1034
2249
983
742
2106
908
1428
908
2286
908
2106
814
2106
775
1360
971
1654
971
1360
801
1360
775
1365
775
958
1577
1149
2372
1149
2555
1149
2246
1149
1577
958
2439
958
2289
958
775
2106
742
1591
1307
1959
1307
2099
1307
1591
868
2313
1397
2313
868
1396
971
1396
868
1591
742
1445
742
1865
1072
1865
742
1292
742
2089
742
1883
742
983
630
1893
913
1893
630
601
647
1098
647
776
1687
813
881
2493
994
2493
881
2070
881
813
1687
776
1274
776
815
1977
815
1289
815
2480
1076
1184
1076
1908
1076
2480
815
969
2262
1063
1111
2179
1111
1193
1111
1093
1123
1487
1123
1315
1123
1958
1123
1934
1123
1179
1123
1093
2003
1182
1265
1856
1265
1212
2245
1346
2245
1213
2245
1212
1265
1182
1446
1182
2511
1182
2003
1093
2228
1093
1111
1063
2262
976
1556
976
1717
1134
1246
2229
1246
2411
1246
1134
2517
1134
1717
1007
1659
1052
1379
1052
1659
1007
1717
976
2262
969
1694
969
2466
1231
2466
969
882
2278
1028
2278
882
1084
1448
1084
882
969
815
1153
1383
1153
1628
1979
1628
1344
1628
1153
1080
2225
1450
2225
1080
1848
1080
2527
1080
1153
1005
1153
815
776
1499
776
682
2206
1055
2206
682
1604
750
1924
827
1055
827
1772
827
1924
750
1502
2105
1502
1074
1502
915
2559
1086
1209
1086
2559
915
948
2279
948
1475
948
915
1502
798
973
882
2016
1169
2016
882
973
798
1502
750
1190
941
2211
941
1456
941
1829
941
1967
941
1944
1095
1944
941
1190
750
1604
682
1266
2364
1266
682
776
647
2019
1137
1959
1137
2019
905
1847
905
2019
647
1344
1080
2338
1080
1344
722
1825
722
1677
722
1990
908
1063
2056
1063
1718
1063
908
1568
908
1878
908
1990
722
1699
854
1505
926
1882
1280
1882
926
2426
926
1420
1269
1779
1269
1464
1875
1464
1287
1991
1287
2477
1287
1485
1287
1464
1269
1420
961
1150
2502
1150
961
1870
981
1748
981
1870
961
2088
1352
1952
1352
2088
1337
2088
961
1420
926
1505
854
1686
1105
1686
854
1937
1041
1540
1041
1937
901
2392
1040
2054
1040
1638
1040
1704
1040
2392
901
1866
901
1749
1030
1749
901
1021
2416
1021
1783
1021
1353
1021
920
1594
920
2132
920
1407
920
1021
901
1937
854
1707
854
2438
854
2028
990
1812
990
1539
2488
1539
2252
1539
990
2028
854
1522
854
1080
854
1704
854
1270
1008
1270
854
1699
722
1344
676
1506
914
2533
914
2133
914
1480
914
2445
914
1506
676
1077
2470
1077
1808
1077
1058
1118
1058
1192
1058
1077
676
2410
880
2036
880
2410
676
1344
647
1336
900
1974
1339
1974
900
1759
900
1516
2342
1516
1054
1516
900
1644
900
1336
647
617
625
2144
1362
2144
1301
2144
803
2144
625
2135
964
1313
1670
1622
1670
1313
1006
1313
964
1451
964
2135
867
2394
867
2135
703
2135
675
1159
1620
2041
1620
1279
2090
1279
1620
1159
675
2135
675
2135
625
1718
962
1718
625
2397
726
1455
2428
1618
2326
1618
2428
1455
945
2178
945
2187
1099
2187
945
1654
945
1446
945
1455
726
2397
625
1838
1267
1756
1267
2453
1267
1838
639
1314
2092
1314
1249
1851
1249
1314
639
2173
639
1817
644
777
2355
777
1263
777
1652
886
1532
886
1144
886
1652
777
1151
777
897
981
897
1632
1010
1632
897
1702
897
777
1535
1213
1535
961
2239
961
1535
777
1879
777
1570
777
2143
1064
1733
1064
1972
1064
1802
1064
2143
934
952
1942
1056
1942
952
1848
994
1542
994
2094
1339
2294
1339
2094
1309
1811
1309
2100
1309
2094
1235
1845
1235
2094
994
1111
994
1851
994
1848
952
2120
952
1251
960
1251
952
1250
1006
1250
952
934
957
1152
957
934
2436
934
1492
934
1664
1164
2164
1164
1664
934
2256
934
2143
777
1318
777
773
777
644
1817
639
2202
1225
2202
690
881
690
2267
943
1537
954
1706
1187
1373
1187
1224
2008
1224
2090
1224
2176
1224
2252
1224
2391
1224
1187
1706
954
1537
943
2267
690
2202
639
1657
813
1657
639
1838
625
2328
1054
2172
1095
1462
1095
2172
1054
2328
731
1591
731
768
1608
1103
1608
821
1608
788
2214
788
1608
768
1773
1281
1773
768
2240
1221
1776
1221
2240
833
2453
833
1389
1730
1389
1888
1389
1519
1389
1750
1389
1047
2231
1062
1861
1279
2407
1279
1861
1062
1804
1062
1140
2245
1171
2245
1140
1062
2051
1062
2270
1062
1110
1062
2231
1047
1256
1047
1389
833
977
1559
1085
1559
977
1799
977
1955
1129
1955
977
1301
977
883
1194
2374
1194
2025
1194
2161
1194
1101
1995
1101
1684
1101
1194
963
1238
1212
2455
1378
2520
1378
2073
1378
2455
1212
1238
963
1004
963
2299
1215
2299
963
1519
963
2309
963
2345
963
2008
963
1194
883
977
833
2479
1033
2228
1033
2479
833
2240
768
1679
1201
1679
843
2107
1465
2107
1215
2107
1018
1297
1018
1491
1018
2302
1018
2107
960
2107
853
2077
1109
1765
1109
2077
853
2107
843
2209
1579
1954
1579
2209
1083
1156
1280
1156
1954
1339
1954
1156
1515
1206
1515
1156
1463
1624
1463
1156
1731
1156
1083
2188
1083
2209
843
1127
843
1679
768
731
1796
731
2276
731
1438
903
1978
903
1242
1287
1254
2280
1254
2414
1254
1953
1254
1287
1242
930
2090
930
1242
906
1242
903
1018
903
1706
949
2228
949
1706
903
1438
760
1422
838
2195
1085
2195
838
913
1623
950
2189
1245
2189
950
1623
913
838
2271
838
2142
893
1452
893
2418
893
2470
893
1827
893
2142
838
932
838
1422
809
1412
899
1412
809
2252
809
1358
809
1958
809
1180
2032
1180
1832
1277
2183
1277
1832
1180
1088
2191
1088
1180
933
1180
809
2249
809
1422
791
2036
791
1422
760
1438
731
804
2297
804
982
1992
982
2404
982
2044
982
804
731
2288
942
2288
731
1430
1737
1430
1369
1430
805
860
1709
860
1287
860
805
1430
731
2328
625
1903
793
1749
793
1830
793
1903
625
1790
1754
1790
1047
1790
625
2343
625
2260
906
1102
906
2139
906
952
906
1251
906
2260
852
1291
852
2260
625
1614
1158
1614
625
617
647
601
1562
601
2129
752
2129
601
630
558
2155
675
2155
558
1302
556
1984
465
2474
465
2171
705
907
2197
907
1777
929
1542
929
2499
929
1777
907
705
2488
705
2171
498
1306
2184
1332
2184
1306
966
1306
884
1086
1952
1157
1952
1086
1105
1129
1105
1086
1054
1086
884
925
2230
951
2230
925
1212
1641
1212
1117
1212
925
2420
925
884
1392
1056
1934
1056
1392
894
1392
884
1524
1025
1408
1025
1524
971
1092
2204
1092
971
1130
2354
1130
971
1183
971
1498
971
1524
884
1545
1030
1545
884
1536
1260
1536
884
980
1285
1864
1285
980
940
980
884
1021
884
1992
884
1306
835
853
1992
853
1313
853
835
1663
835
1034
2381
1034
875
1034
835
1254
835
1306
498
858
621
1355
621
858
498
1656
500
1985
836
1138
2145
1138
2162
1138
2072
1142
2072
1138
1627
1138
836
1290
1181
1997
1181
1290
1011
2540
1011
1300
1011
1290
836
855
1419
1225
1419
1037
1676
1037
1525
1037
1419
855
2034
987
2447
987
1620
987
1952
992
1681
992
1952
987
2517
1067
2517
1031
1189
1031
1441
1031
2517
987
2034
951
1124
1965
1124
951
2034
855
2359
855
836
1985
724
859
1281
2327
1281
1439
1281
960
1281
859
1363
859
1244
859
2396
896
1480
896
2396
859
1661
1117
1661
859
1186
923
1219
923
1186
859
1818
859
724
2108
724
1941
724
968
2538
968
1324
968
724
982
724
2332
724
1985
719
1985
500
648
753
873
1349
873
1041
1685
1261
1685
1041
873
1961
988
1649
988
1961
902
1870
902
1267
2298
1267
902
1808
902
1161
991
1803
991
1161
902
1961
873
2060
873
1951
873
753
1181
794
1650
794
1388
794
1181
753
648
984
1834
1235
2468
1235
1834
984
648
1346
648
1831
648
500
1992
669
2291
669
1992
500
1137
2429
1137
1096
1137
878
2015
878
2162
878
2151
878
1137
862
971
862
1590
862
1852
862
1074
1448
1074
1017
1610
1017
1074
862
1806
862
1137
810
894
2009
1113
1465
1113
2009
894
810
2101
956
1297
956
2047
956
2348
992
1341
992
1758
1142
1758
992
1189
992
2519
992
2348
956
1391
956
2101
810
2495
1104
1949
1104
2495
810
1137
781
2281
781
2473
781
1137
709
1137
500
1480
500
1656
498
1851
810
1851
652
972
2048
972
652
1851
498
2171
465
2174
334
1646
636
1871
943
1381
943
1871
700
1871
636
680
1054
2527
1054
680
1859
910
1859
680
1947
1050
2179
1050
1947
976
1947
680
2526
680
1015
680
2348
680
959
1326
959
779
959
771
959
680
1948
680
890
939
1692
939
2167
939
2416
939
2486
939
1789
939
890
680
636
1826
787
1337
1752
1337
787
879
1952
927
1952
879
879
879
2558
879
1940
879
787
2037
1210
2037
1052
2494
1052
1248
1052
1774
1052
2037
829
1797
829
1819
829
2037
787
1690
787
2502
787
1826
636
1539
800
1539
761
2534
761
795
1265
795
1008
1877
1008
2231
1008
1366
1008
795
1626
795
795
795
1483
1271
1483
795
1166
961
1166
918
979
1803
979
1327
979
2468
979
1552
2541
1552
979
1024
979
988
2338
988
979
1120
1665
1120
2412
1120
1667
1134
1667
1120
979
1703
1050
1731
1050
1703
1049
1786
1049
1118
1049
1703
1040
1703
979
1401
1271
1401
994
1325
994
1020
994
1401
979
1418
979
1347
979
918
1166
795
761
1539
671
1539
636
2478
1122
2478
778
1994
1030
2401
1030
1994
930
1435
930
1994
778
2478
636
2532
684
2532
636
1815
844
2257
1035
2515
1035
2257
926
2257
844
1701
844
1408
844
2448
844
1403
844
1475
844
1815
784
1501
784
1033
993
1033
784
1815
780
1467
780
1968
899
1855
899
2245
899
1968
780
2052
780
1258
806
1472
833
2352
1477
2352
833
2402
833
1203
864
1595
864
1858
864
1628
864
2490
864
1725
864
1107
1486
1107
864
1203
833
1472
806
1795
806
1017
1259
1489
1259
1017
806
1325
904
2520
904
1347
904
1752
1134
1752
904
1325
806
1976
1005
1252
1165
1252
1005
2419
1005
1196
1939
1196
1005
1959
1005
1319
1005
1764
1005
1976
986
1976
900
1976
806
2406
946
1592
946
2406
806
1561
806
1813
806
1780
806
1827
806
1258
780
1815
636
2112
846
1782
1322
1782
846
2205
931
1741
1178
1741
931
2205
846
2112
636
1149
636
982
636
1646
334
2332
485
1237
828
1237
563
1237
485
2285
895
963
1071
1217
1071
963
1154
987
1156
1046
1333
1046
1156
987
2269
987
2051
987
1135
987
2450
987
1154
963
895
2105
895
1038
2268
1038
895
2285
485
2332
474
1772
474
2093
729
2017
729
2130
1148
2130
729
1580
880
2477
880
2064
880
1516
880
1580
827
1580
729
2359
729
2093
548
682
855
682
962
712
1076
712
1577
743
1337
743
2125
743
1577
712
2043
712
2499
756
1093
2535
1093
2552
1221
2552
1093
756
2499
712
1575
769
1736
825
1550
825
2432
825
1736
769
2475
769
1996
769
2301
769
1575
712
2290
714
769
1649
769
1846
769
714
1679
714
2451
1013
2451
714
2290
712
1095
1788
1330
1788
1095
2194
1095
712
962
682
548
589
2399
589
1135
589
2088
589
2225
589
2235
1421
2435
1421
2235
589
1409
659
798
826
1969
826
1601
826
1129
826
2425
826
1839
1066
1384
1421
1548
1421
1384
1066
1185
1066
1839
826
2261
826
933
1783
933
1427
933
2496
933
826
1503
826
1218
826
2013
826
799
1560
817
1564
817
2049
817
1560
799
2101
799
2133
799
826
798
894
798
2057
798
659
1409
610
2487
610
1784
1229
1784
847
1784
831
1784
707
2151
707
1673
1115
1673
707
1315
970
2302
970
2146
970
1315
851
2168
851
2528
851
915
851
2182
851
1315
707
2309
707
1784
610
634
1096
634
1997
634
1473
634
610
1410
2512
1410
871
2001
871
1469
871
1410
610
1409
589
548
2438
734
1643
824
2517
824
1884
824
1693
824
1787
1112
1787
824
1643
764
2020
818
1645
818
1303
2542
1303
818
1582
818
2020
764
1643
734
739
2255
739
1724
807
1524
807
1208
1059
2415
1059
1170
1059
1860
1059
1348
1714
1348
1059
1208
807
1632
888
1844
1497
1844
1269
1844
888
2312
888
2497
888
1662
888
1632
807
1525
807
2131
807
1724
739
2372
892
1437
1216
1437
892
2372
739
1334
739
848
1261
2253
1261
848
2394
848
1809
848
2314
848
1108
848
781
822
1103
842
1960
1009
2369
1087
2069
1087
2522
1087
2369
1009
1146
1933
1146
1009
1960
842
1727
1177
1554
1177
1727
842
1103
822
2416
822
2028
822
2162
822
781
2209
781
2369
781
1404
781
2453
785
2453
781
848
739
2076
739
784
1191
985
2224
985
1191
916
1191
784
739
944
1509
1128
1509
944
2311
944
1691
1188
1691
944
2170
944
739
1133
739
1738
936
986
1259
986
1231
986
936
1738
884
1738
839
1148
950
1148
839
924
1714
924
1118
924
839
1829
910
1829
839
1738
820
986
820
1300
820
999
820
1738
739
734
1059
736
1719
1085
1719
736
1606
819
951
819
1606
736
2378
927
2239
927
2378
736
1059
734
1203
803
2424
803
1907
803
1768
803
2001
803
1203
734
2345
734
2438
548
1778
715
1455
715
786
2312
786
964
786
872
1454
872
2548
872
2374
872
2273
872
786
1049
786
1525
786
1113
786
1148
786
1003
1087
1863
1087
1003
1050
2210
1050
2207
1050
2247
1050
1003
1479
1003
1791
1003
2295
1043
1939
1043
2295
1003
2251
1003
1700
1003
956
1003
786
1854
786
715
1778
548
2297
574
2521
576
2500
619
2064
619
2500
576
1192
576
786
576
1871
576
1309
576
1033
576
1560
627
1307
1255
2362
1255
2253
1255
1307
646
1977
646
2364
1240
2364
646
1194
646
1685
646
2145
922
1892
922
2145
819
1477
2409
1477
819
1114
819
1818
819
2145
646
1307
627
1560
576
1489
929
1489
576
2521
574
1268
945
1248
945
1268
574
2147
772
1289
772
1232
772
809
1661
809
789
1063
789
809
772
2294
772
2147
713
840
713
797
2224
797
1286
797
1127
797
2119
942
2411
942
2119
797
2537
928
2537
797
1400
797
713
1167
713
2147
574
1543
577
2167
577
2236
577
2019
577
1543
574
2404
574
1358
659
1358
574
2239
605
1121
942
2082
942
1322
942
1490
942
1121
605
2132
869
2132
605
1877
818
2269
824
2269
818
1877
665
1146
665
944
665
885
704
2172
704
2376
1175
2370
1175
1511
1175
2376
1070
2376
704
1430
704
1388
704
885
665
2293
665
1877
605
2296
709
1145
1981
1145
709
894
709
2355
709
2434
709
2296
605
642
1206
1478
1206
1332
1206
642
605
2239
574
2297
548
1091
650
1046
650
1680
650
1798
650
1702
650
2419
650
748
1769
748
2170
748
2284
748
2306
748
1034
748
674
831
1406
841
1508
841
1406
831
1912
831
1568
831
1420
831
1486
831
2303
831
674
2370
674
2350
674
884
1058
884
674
1878
674
748
650
773
988
773
2068
911
1379
911
2068
773
1873
773
2053
773
1848
774
1848
773
1202
773
650
1091
622
1296
1088
1296
622
2105
622
1091
548
2172
548
1893
548
2093
474
819
699
1095
699
819
474
1253
820
1283
820
2337
820
1369
820
2540
871
2123
871
2540
820
1253
609
1253
474
2324
1025
2324
639
1113
765
2281
765
1113
639
1960
639
2382
754
2382
639
1488
639
2324
474
2332
352
1711
352
444
1665
444
2343
483
797
691
897
691
1183
765
2401
1005
2401
765
1910
765
1890
765
1183
691
797
503
797
483
1247
1822
1247
744
1247
483
2290
623
2290
483
1180
493
1412
610
1412
493
1826
493
1180
483
2343
444
2245
542
2245
444
2053
444
741
2338
839
1906
839
2338
741
1052
741
1693
823
1418
823
1693
823
1693
741
1875
741
2476
1328
2476
741
1058
741
2341
741
1596
741
600
1630
600
2092
1115
2092
929
2092
600
972
600
741
567
1323
567
1053
632
1053
567
2047
684
1930
684
1342
684
848
684
1155
2455
1155
684
2047
567
1915
567
692
2359
692
2130
692
854
692
567
1325
567
2030
567
1718
567
741
490
1873
490
1389
727
1389
559
1065
788
2196
788
2081
813
1986
813
2081
788
1739
1079
2124
1079
1487
1079
1739
788
1065
559
710
1362
2307
1362
1005
1362
710
1534
710
970
1927
970
710
1917
710
1440
1032
2292
1032
1440
710
669
2081
758
1441
799
2056
817
2184
817
2056
799
2415
799
1441
783
1079
2198
1079
869
1435
869
1079
783
1055
801
1055
783
1902
783
1352
783
1441
772
2460
1131
2460
772
1441
758
2081
694
2003
950
1230
2153
1230
2058
1230
1374
1230
950
2003
694
2081
669
710
602
1903
602
710
559
1389
490
741
444
580
990
2459
990
580
1669
580
1225
580
758
1081
849
2079
849
1081
758
1806
758
1454
758
1348
1000
1983
1000
1558
1000
1348
758
1317
764
1317
758
580
1827
580
2142
580
914
927
914
580
833
744
833
632
833
580
473
740
1072
1066
1157
1066
1493
1066
1072
740
1767
740
473
2141
473
2519
499
1567
499
2120
567
2383
567
2120
499
809
499
849
1262
849
2115
849
652
1242
865
1242
652
1946
652
1463
652
1500
652
849
565
2213
584
2476
688
870
688
1001
688
875
1124
875
1490
875
755
1045
755
875
688
2480
688
2476
584
810
1967
810
1973
810
1220
1603
2543
1603
1220
810
737
1340
737
810
702
1912
755
2248
755
939
755
2028
755
827
1080
827
1284
827
1143
827
755
1912
702
2015
702
1398
738
2453
738
934
738
795
738
1245
751
1245
738
1398
702
735
702
793
2337
793
702
1341
702
1026
1682
1030
1682
1026
2398
1026
1383
1026
728
1187
728
1026
702
1201
702
2018
702
1408
702
2549
702
1163
702
810
584
2213
565
849
499
845
995
846
995
845
1692
845
1628
845
1304
845
1937
845
499
2526
499
2519
473
1700
515
1845
515
591
1160
591
2011
591
608
1337
608
2360
608
2108
608
1315
608
1461
608
2109
608
2429
608
1647
987
1647
686
1635
1278
2446
1278
1635
686
1647
608
1735
689
2183
916
2183
891
2183
689
1615
689
2427
689
1566
689
1697
689
1735
608
2345
608
1874
993
1810
993
1007
1676
1007
993
1874
608
885
608
591
784
591
515
2559
515
1700
473
889
1416
889
623
889
513
1327
513
2415
513
1364
730
1202
730
1744
730
2479
767
2479
730
1364
513
889
473
1311
673
2082
800
1406
800
2082
673
2159
673
2271
673
2326
727
1652
727
2326
673
1844
673
1277
954
1277
673
1771
673
2020
673
1311
473
1357
555
1275
555
2083
555
599
1063
599
2043
599
1018
732
921
2308
921
2241
921
1999
921
1921
921
732
1056
732
1129
732
1018
599
621
1820
901
1820
621
1204
624
643
1022
643
1400
728
1400
643
1235
643
1421
943
2458
943
2362
943
1421
643
1324
662
2158
662
1373
1104
2335
1104
1373
667
2008
667
2545
920
2539
920
2545
667
2026
867
1387
1922
1387
867
1779
867
1602
867
2026
719
981
719
2026
667
1373
662
2073
662
1324
643
1444
955
1425
955
1444
643
624
1743
824
1743
800
1743
657
891
2546
891
1547
891
1031
891
657
1532
657
1743
633
1743
624
1204
621
1988
621
599
555
1160
555
2168
722
2168
555
1357
545
1357
473
883
1682
883
2188
883
2379
883
876
883
557
2524
655
1437
655
2524
569
665
612
1472
612
2469
612
1732
612
665
569
2524
568
1769
568
2524
557
2190
802
1889
802
1217
802
2110
802
1381
802
2190
557
656
1122
656
2228
656
808
1276
808
792
808
656
1353
656
557
1990
557
1059
717
1288
828
1288
717
1295
717
2516
717
1847
717
2148
717
2303
717
2430
1112
2430
717
1603
717
1059
557
883
473
580
444
352
601
1872
601
370
2438
520
904
2457
904
2097
904
527
1305
687
1145
687
910
816
1721
816
1139
816
910
687
1319
687
1305
527
2374
527
2039
527
2249
528
2432
657
1380
708
896
708
1380
657
2432
528
1810
620
2363
1009
2363
701
907
701
1580
701
2363
620
1046
620
1810
528
1732
528
1560
528
2249
527
904
520
2438
370
1735
370
601
352
595
1652
595
2192
595
1173
595
1637
903
2510
903
1637
595
1384
595
1534
595
1019
595
411
1588
411
2243
532
1388
532
2243
411
2072
411
1617
411
973
411
643
411
1517
1226
1517
411
1609
411
595
352
1094
936
1619
936
2449
936
1094
423
2488
423
2476
423
1094
352
2332
334
1894
645
1894
582
1415
582
2475
711
2270
711
2420
711
2475
619
1740
619
2294
619
2475
609
2475
582
1485
668
1557
668
1802
677
967
1142
1811
1142
967
677
1593
677
1847
677
1456
677
1802
668
1485
661
1775
829
2533
829
2215
829
1775
700
1119
2074
1119
700
1776
700
2050
700
705
2516
705
830
754
1782
754
1885
754
1044
1484
1109
1513
1109
1484
1044
2031
1044
754
2077
754
772
754
830
733
788
733
830
705
700
1525
700
1775
661
1485
649
1335
653
2169
828
2205
838
2205
828
998
828
2121
828
2169
653
1939
653
1989
720
744
1078
1975
1078
1607
1078
2384
1078
744
1426
744
720
1179
720
989
720
1989
653
1804
653
1335
649
1485
590
966
1746
2385
1746
966
1840
966
2122
966
1343
966
590
1653
652
1653
590
1133
590
1485
582
989
696
1226
696
1716
866
1716
696
989
582
1894
334
442
866
442
1926
716
1928
716
1926
442
1330
442
2198
527
2198
452
822
452
2132
544
2044
544
981
584
2489
584
1731
584
666
830
666
2401
666
2194
716
1953
716
2194
666
1458
666
584
981
544
1695
544
2132
452
1306
452
2198
442
361
1067
1376
1067
1069
1067
539
2009
759
1814
759
1032
759
1986
759
1612
759
2009
539
1867
539
1921
767
1707
767
1921
568
2395
568
1921
539
817
539
1067
361
600
1691
600
361
2414
767
2414
361
558
2394
558
491
1763
922
1763
491
1857
491
1177
727
955
2100
955
727
1177
491
981
491
877
1112
877
491
558
424
558
361
1766
361
2333
561
1235
561
2333
551
2333
418
1422
481
2015
481
927
481
518
804
549
1322
549
804
518
911
518
1081
518
1791
518
1183
565
1183
518
481
1671
931
2530
931
1269
931
1671
851
1559
851
1671
616
1610
841
1551
841
1610
574
1610
616
1671
481
2021
481
1422
418
847
1443
2218
1443
847
2054
847
573
1848
604
1429
794
1429
762
1730
762
1568
762
916
2217
916
762
1429
604
1418
604
1848
573
2522
832
2522
573
596
2351
596
2080
596
1770
596
998
596
1264
1013
1576
1013
1264
596
1880
662
1643
662
1744
662
1880
605
1007
605
2273
605
1880
596
1574
596
573
1511
573
944
573
2031
573
2419
593
1535
593
2545
607
2424
607
2545
593
2419
573
2144
583
2480
583
2144
573
847
419
1279
658
1279
419
775
2406
775
2496
775
564
2032
564
1718
564
775
419
1051
419
2452
655
2548
691
2548
655
1161
655
1143
655
1105
811
1698
834
1934
834
1496
834
1729
937
1729
834
1698
811
2349
811
994
811
932
811
2258
811
1229
811
1105
655
1229
655
1265
655
1349
655
1715
655
907
655
2452
457
2452
419
1367
419
847
418
2333
400
1044
400
2333
361
2266
486
821
1797
821
697
1494
697
821
505
2195
652
2195
556
1727
556
1063
556
2195
505
597
1343
597
1234
1023
1234
850
1234
597
1654
816
2124
816
926
816
1931
816
1654
597
1734
603
1440
603
1913
812
1858
812
1913
703
1913
678
2405
678
2465
678
1913
603
1734
597
505
559
1754
559
1544
559
1444
559
867
2459
867
559
505
821
486
755
486
551
764
551
1930
551
486
2311
563
2311
486
2415
486
2266
361
880
2038
880
2407
880
640
880
361
2349
516
2349
361
2484
475
1232
475
1948
475
1086
475
565
2467
565
475
1689
475
2484
361
1292
361
1851
361
1311
421
1310
562
2286
562
992
564
1571
564
992
562
1158
1320
1158
562
778
2418
778
852
1868
852
818
852
778
1698
778
1435
778
1978
778
562
1538
562
1310
452
1080
452
1310
421
613
1360
613
1048
613
1940
728
1956
728
1940
613
983
613
1020
912
954
912
2126
912
1020
613
791
1182
791
1084
791
613
598
613
517
1779
517
1787
517
613
421
970
421
1311
397
2083
397
1577
397
1311
361
661
1154
675
1424
675
1257
675
893
675
1154
661
1592
661
1904
661
830
661
2411
677
2411
661
1929
661
361
442
334
1926
334
2296
334
1963
461
1976
461
1963
334
1571
334
2174
98
125
929
618
1683
832
2156
832
2230
832
1683
618
1403
618
1841
618
929
373
974
373
1134
895
1134
672
2331
672
1134
373
1905
373
579
669
579
1955
579
2207
579
1409
579
2150
886
2150
579
1269
579
1527
579
1756
633
1756
579
1874
579
1738
579
1258
579
440
975
440
579
373
803
1281
803
1737
803
1140
803
1789
805
1789
803
373
2158
373
2145
373
1127
373
929
125
1720
1169
1720
153
153
153
547
2054
626
828
626
1964
782
841
782
851
782
1849
782
2385
782
1964
626
1917
670
878
2503
878
670
807
2085
807
1584
807
1442
807
2012
807
670
832
746
2520
746
832
670
1917
626
2054
547
1027
547
1114
547
2468
706
756
706
1068
706
964
706
2468
547
316
2090
526
2090
316
547
186
744
249
744
186
1140
749
2002
749
1934
749
2113
749
2418
749
1140
472
683
1262
683
1807
711
2358
942
2358
711
1807
683
472
1783
546
892
1465
892
1255
1066
1255
892
546
721
1249
1106
1249
721
1490
721
1529
721
1055
721
546
1307
546
1837
686
1837
664
1616
664
1837
546
1204
546
1783
472
2535
472
2202
563
1794
697
1476
1039
1476
697
871
697
1320
697
1794
563
1317
563
1376
563
2222
563
1300
568
1300
563
2558
563
2449
706
2449
563
1736
563
2202
472
1140
291
1951
489
1124
489
2061
752
1285
752
2342
752
1594
752
2061
528
1400
528
2061
489
1951
291
1675
291
2369
291
1140
186
1393
186
1762
288
2222
288
1762
186
525
1858
525
2216
525
2473
525
1115
1214
1115
525
1388
525
2187
834
1157
834
2046
834
2187
525
1202
525
912
1479
912
525
1498
525
343
525
298
1531
414
789
2269
789
1526
789
414
1614
414
1531
298
525
186
1847
225
900
1256
900
405
2185
405
2256
514
2256
405
2096
405
900
362
1132
362
526
1528
526
940
670
940
526
865
526
362
900
256
1588
396
1588
256
900
225
2063
611
1209
905
1629
905
1209
611
967
611
1670
842
2368
842
1345
813
1345
842
1670
611
1406
611
1566
611
1685
611
1281
664
1931
664
2183
664
1674
664
1281
611
2063
590
2063
225
1847
186
1503
186
1616
604
2105
604
1782
604
1616
451
1616
346
794
346
1732
346
1923
346
2119
346
823
511
1787
511
1920
529
1017
529
1642
679
1266
679
1037
679
2450
679
1642
529
1263
529
780
1644
780
946
780
529
1920
511
1371
511
1065
511
2411
511
823
462
823
401
888
401
1171
2098
1171
401
1931
431
2237
431
831
468
2511
552
778
552
2511
468
2500
468
1347
763
1961
763
1347
468
1063
468
831
431
827
431
1931
401
438
1219
635
2079
635
1219
619
1219
438
1998
628
1892
685
1686
737
1526
737
1686
685
1892
628
1932
628
1908
628
1998
438
785
1813
785
1972
785
887
961
887
785
438
2061
438
1066
2138
1066
506
1891
615
1891
506
1066
438
584
1131
1548
1131
607
1131
584
2255
584
438
401
780
401
1716
611
1716
401
2481
585
2076
585
2481
401
823
346
1616
186
484
1781
931
1781
484
2140
770
2140
633
2422
731
1092
731
2422
633
1089
856
1549
856
1326
856
1214
856
1089
633
2140
484
2026
484
2518
530
2067
530
2518
484
1149
484
317
1835
317
1036
317
1295
317
1534
488
1896
488
1910
714
1910
488
1864
1168
1864
488
1300
488
1666
488
692
488
1728
488
1534
429
620
429
2064
556
1941
556
1557
556
2064
429
1343
429
1534
317
1698
317
1054
317
484
186
1177
340
1350
340
1714
345
1714
340
1144
864
1144
645
768
645
1352
645
958
645
1545
729
1545
645
1188
1599
1188
645
1144
340
748
340
2264
802
2379
802
2264
659
1925
659
2320
667
1034
667
2320
659
913
659
2264
340
738
357
2459
497
2459
357
1285
357
738
340
1177
186
1484
886
1484
191
872
718
872
660
1999
660
872
191
1818
191
2209
541
2347
541
2373
541
2192
541
2209
364
1022
364
2209
191
2482
1039
2175
1039
2181
1039
2482
191
1484
186
2471
186
547
153
1252
299
1629
299
1605
299
1575
299
1322
299
1131
299
1252
153
1468
153
1720
125
1700
325
2052
325
1300
330
913
330
819
452
1439
482
1439
452
773
452
2235
452
819
330
1634
757
1634
330
2112
330
1039
694
1824
694
1885
694
1039
330
2250
330
1300
325
619
2501
619
531
694
1178
694
1464
694
615
717
615
737
2520
737
615
1545
615
2499
615
2303
615
955
615
694
531
1514
531
2364
531
1657
531
1006
531
619
377
734
2550
734
377
2468
440
2468
377
619
344
1834
523
1321
523
1445
523
938
2386
938
523
1834
344
619
325
795
532
795
325
1700
125
2310
376
2086
391
1645
391
1027
391
1418
509
1418
454
1165
454
1418
391
2086
376
1494
376
2310
197
2307
322
990
322
415
1689
415
1578
829
2188
829
1578
805
1271
805
2164
805
2540
805
2287
805
1578
540
1578
415
2125
535
2560
941
2560
535
1173
535
1630
535
1233
2357
1233
2238
1233
535
1552
918
1552
535
864
535
2147
535
1289
535
2125
415
2070
506
2070
449
2070
415
322
2326
609
954
609
2326
576
2326
322
2307
197
2310
125
2413
173
2162
173
1331
2316
1331
2040
1331
2431
1331
226
696
293
650
293
696
226
1141
226
1078
458
659
458
2446
458
890
458
1078
241
1307
241
2527
443
2366
443
2527
366
726
1515
726
2091
824
2091
726
372
726
366
2527
241
2148
241
1227
520
898
2241
898
2137
898
1251
898
1898
898
520
2532
520
1705
520
1227
241
2157
646
2157
241
2390
241
718
1649
718
2029
718
1223
718
489
2127
936
2127
489
1933
655
1933
489
524
1598
1453
1598
524
2499
524
1451
524
1016
533
1226
533
1129
578
1775
578
1129
533
2323
533
1016
524
1508
524
1348
524
1452
524
1363
524
1434
524
489
2528
651
2528
489
718
369
1370
369
718
295
2250
295
301
2009
301
1518
301
523
1176
523
301
1433
874
1433
392
1433
301
1561
570
1561
301
351
1991
1243
2221
1243
1991
351
768
641
739
641
1304
641
1608
641
1573
641
768
459
2150
459
1052
459
768
351
2344
477
1591
477
2344
428
1427
690
1427
640
1411
640
1283
640
1427
616
1242
616
1166
616
1427
428
2344
351
1347
351
471
1914
495
609
495
1191
495
733
902
733
1707
733
2334
733
495
1070
703
1256
703
1259
703
1070
495
698
2051
698
1417
698
2006
698
623
698
495
1570
495
1914
471
1444
471
351
1466
351
2506
622
2506
520
2506
351
1752
633
2033
633
1752
351
1360
351
919
624
919
434
1618
434
1493
434
1676
434
1441
453
1704
668
1658
668
1704
453
1038
453
1738
494
1773
494
1060
494
1829
494
1738
453
555
453
522
727
522
1761
936
1761
522
630
522
1394
522
554
1813
554
522
453
2365
633
2365
453
1441
434
919
351
301
2154
301
886
301
295
899
2315
899
295
718
241
265
1836
723
1836
612
2543
612
1411
612
1836
265
1059
265
1424
431
1424
265
2372
483
2516
483
2372
265
1750
265
1910
408
1910
265
847
265
2202
433
2202
265
241
1078
226
1331
173
2139
568
2139
303
2120
476
1551
770
1970
770
1551
590
2217
590
945
590
1551
476
1846
476
1029
1097
1029
476
1167
476
2120
303
1968
303
2201
303
1724
321
1724
303
359
1458
359
1741
359
543
1130
543
1511
549
1919
549
2448
575
805
575
1273
575
660
2242
660
575
2448
549
908
549
1611
549
2456
658
1454
658
2456
549
1317
549
1511
543
1576
976
1576
543
359
335
2183
335
1562
335
2353
336
1930
336
2295
336
889
336
2103
876
2103
336
1816
402
1355
437
2505
762
2330
762
2556
762
2505
445
478
2221
478
2393
540
716
1205
716
1446
716
540
697
790
697
818
697
540
2393
478
1457
478
1440
478
2105
478
626
1882
626
1674
626
478
1844
478
445
2467
515
2330
515
1222
515
642
515
2467
445
2546
534
2081
577
2079
577
2081
534
1019
534
1866
534
1090
587
2180
587
2000
587
2358
679
2358
587
1090
534
2546
445
1757
445
2396
445
2505
437
977
437
1900
437
1355
409
2466
409
1069
410
2526
410
1167
410
1260
410
1114
461
662
461
987
461
1114
410
1069
409
1789
714
1789
687
1789
44
1789
409
2541
1174
2541
409
2444
426
2444
409
2133
409
892
449
539
1978
539
2033
539
839
1142
839
1280
839
539
487
617
1944
715
1944
617
102
2206
102
2434
102
617
487
2330
487
2552
487
2355
594
2355
487
539
449
817
449
2102
663
2138
663
668
1383
668
788
668
663
2102
449
1461
496
1461
449
892
432
493
432
1710
432
2095
432
902
432
1737
432
892
409
1355
402
1128
402
676
1596
676
724
676
461
1249
461
676
402
1519
402
1241
2199
1241
402
2543
402
536
1430
536
2480
536
402
1816
336
1627
917
1329
917
2322
917
1627
336
2353
335
783
335
359
303
2072
303
2139
173
596
173
2038
347
1947
347
863
347
586
928
1863
928
1981
928
586
1236
586
2085
586
347
446
663
895
663
446
1211
446
1525
651
1537
651
745
2445
745
651
1359
651
1526
651
952
651
2407
651
1525
446
1338
695
1922
695
1855
695
1338
446
1413
446
2415
480
1691
564
1691
480
812
480
2415
446
457
1731
457
758
457
923
508
2399
585
1220
585
2399
508
2321
508
1994
508
2101
508
923
457
1873
457
2088
457
605
751
670
751
605
720
2317
720
1512
720
1800
720
979
720
605
457
830
457
1549
457
1942
498
2432
498
1942
457
565
457
446
2021
446
347
1102
412
2260
530
2077
530
2373
530
679
530
2260
412
1102
347
1668
594
1668
347
426
1238
572
1238
426
1551
426
1201
426
347
2038
173
2413
125
914
499
914
125
483
1526
483
640
1684
640
483
275
1360
275
1934
416
1103
416
2389
429
550
693
1965
874
1965
693
1061
2040
1061
693
2200
693
550
1473
550
907
550
1030
2087
1030
550
429
2389
424
1579
435
1574
435
1579
424
1662
424
2389
416
1934
354
360
1784
360
1950
476
1149
476
2161
476
560
577
2029
577
1569
577
560
1488
560
2116
825
2116
560
770
635
770
632
770
560
1334
560
511
1509
528
988
530
1262
530
988
528
2257
528
1509
511
1893
511
560
476
1950
379
1990
379
2388
379
1304
379
1950
360
1156
360
354
2084
354
2424
354
1934
275
852
283
724
519
2025
519
724
283
1072
414
1872
414
1072
283
852
275
296
2551
316
1514
316
781
425
2417
425
858
490
858
425
781
316
1145
316
2551
296
825
296
994
296
1129
296
960
365
978
456
1344
456
1118
456
593
836
593
1722
593
707
593
1702
593
479
854
479
583
2248
583
723
1447
723
771
2287
771
723
1351
723
2302
723
583
739
583
479
593
456
1373
456
978
365
1948
399
1948
365
960
296
2054
309
2445
427
2445
322
2497
322
2292
322
1511
322
2445
309
1406
309
1334
349
2503
646
2503
349
1334
309
1966
433
1263
433
1154
433
1296
433
1966
375
875
375
1397
375
1895
375
1966
309
1570
413
1377
846
1377
413
2375
413
1265
413
759
653
759
413
2389
413
2060
623
2152
623
2272
623
2060
413
1570
309
2054
296
275
2077
329
2077
275
1415
275
2170
314
2170
275
483
125
2274
356
1838
392
1473
392
1838
372
1710
372
770
372
908
498
908
372
1838
356
665
356
1086
363
1601
363
1086
356
2329
356
1728
356
1119
356
1349
356
2274
217
1389
217
2274
125
1256
125
98
2489
98
1923
273
1570
273
2172
407
1159
466
1159
407
2359
407
2172
273
461
1965
519
1003
519
1455
570
932
719
811
1803
811
719
932
570
941
570
2279
570
2179
570
1455
519
1965
461
2425
461
273
292
1510
339
939
339
1510
292
875
292
1980
603
1706
603
1764
603
846
980
846
603
1980
292
1399
901
1399
292
1645
292
1685
323
1813
323
1685
292
273
1864
273
1055
566
1425
566
793
644
793
566
1564
566
1055
273
2231
279
2231
273
1066
273
1638
423
1982
423
737
534
1105
534
2100
534
737
517
1126
1213
1126
517
737
423
1664
494
1664
423
1611
423
1638
337
2235
417
1118
417
1142
835
1142
512
1142
417
2235
337
1351
406
1351
337
664
1481
664
540
2533
681
2533
540
664
460
1682
460
1599
460
664
337
2055
462
2143
462
2055
337
2147
337
2230
488
983
488
2230
350
2402
350
553
1989
644
2078
644
1989
553
1157
553
350
1076
394
868
394
1076
350
2230
346
723
346
2230
337
434
1960
441
1635
571
1438
571
1635
451
1635
441
957
566
1776
566
896
566
957
441
678
2306
691
2496
691
1151
691
695
1708
695
1298
695
691
2306
678
704
678
441
2499
441
1960
434
337
1243
337
1315
368
1462
430
1462
368
1407
403
1079
422
1417
422
1520
422
1354
422
439
1755
439
1032
637
1032
439
1293
439
1388
439
1158
439
422
479
2251
479
1235
479
779
479
2423
479
1840
482
1840
479
2193
479
422
1337
477
591
477
2398
477
1678
477
911
477
1337
422
1015
447
802
447
1630
447
1071
447
2450
447
1015
422
1079
403
463
1414
1339
1414
463
787
463
722
463
985
463
519
1692
519
1469
519
1104
1641
1104
519
463
403
1083
403
1488
403
2519
403
1386
403
1407
368
1315
337
1638
273
2009
294
670
294
1722
504
2284
504
2431
504
1722
294
1119
294
770
334
607
334
770
294
2014
294
2009
273
1923
143
2061
253
2433
253
953
253
1357
435
910
435
587
1471
587
435
1357
253
1050
318
1751
541
1751
318
1228
371
497
1636
684
1636
641
2293
641
2181
641
1962
641
1636
497
1940
497
371
1495
538
742
538
1853
538
1495
371
2164
632
2164
371
1228
318
1793
318
1830
318
1837
318
466
2291
466
1476
466
1674
466
1150
466
318
1291
386
2290
386
703
1730
703
578
703
386
1738
386
1386
386
1291
318
2387
614
2300
614
1712
614
1194
614
2234
614
1450
614
2422
614
2538
451
2029
451
2538
614
995
614
2387
338
1249
338
1187
338
391
2060
391
338
2419
338
2387
318
1050
263
1090
304
1198
304
2068
400
1490
507
2074
569
573
569
1408
569
2074
507
1490
400
835
400
2068
304
1515
304
376
774
2346
774
1326
774
376
1856
515
1856
376
545
811
545
481
1903
481
545
376
621
376
2262
376
304
1090
263
2402
263
465
2463
465
1794
465
263
1488
263
881
436
881
263
1361
263
1050
253
1740
413
2398
413
1740
253
2061
143
1923
98
1866
345
1832
345
2501
345
1162
345
2345
345
785
363
996
363
1775
418
1791
418
2028
552
2122
552
1209
552
2028
418
2111
418
1920
418
424
648
447
648
424
1239
424
418
1775
363
780
363
785
345
1866
98
728
1278
728
1622
728
2470
728
173
1998
173
442
173
1150
285
1150
173
728
98
1026
98
1344
270
1338
270
1263
281
1057
561
1057
401
1024
401
1057
281
755
281
1483
389
1290
389
1013
414
1558
514
930
708
930
514
1558
509
1558
414
1988
414
666
414
2261
476
1919
476
1275
476
2261
414
1013
389
1500
389
791
389
2081
389
1418
389
2123
792
2123
389
1483
281
1076
342
2272
342
1136
761
1136
342
386
1179
386
2343
436
2343
386
342
1851
342
1076
281
2435
529
1391
529
2435
281
1263
270
2302
394
1983
394
2302
270
1816
270
1344
104
1458
314
335
841
335
314
2421
314
1851
314
1458
104
1344
98
611
652
611
246
1049
532
1216
532
2258
532
1049
293
957
295
671
1299
671
2218
671
1953
671
295
957
293
926
293
567
2548
567
293
707
293
2361
307
2361
293
1369
293
1222
293
1049
246
352
772
352
680
352
1707
455
1341
455
476
455
1707
352
246
633
1502
633
246
1505
246
2304
246
1490
246
2509
246
611
98
2064
194
876
194
2064
98
584
117
584
98
2174
1
2290
187
2290
169
506
169
2049
290
2057
654
763
654
1215
654
1456
654
2057
395
479
395
1854
395
777
395
682
395
1412
395
1811
395
1064
395
1191
395
1971
395
2057
290
1767
290
716
290
1939
498
566
1146
566
538
2010
538
566
498
1939
290
2151
417
656
492
806
492
2339
492
1679
492
1989
492
656
470
1718
470
1336
470
2348
470
2318
470
2331
470
656
417
1979
417
2051
417
2151
374
688
602
688
374
2151
290
1208
510
1465
572
1958
572
639
1684
639
572
2211
572
1465
510
1935
510
1208
290
2049
169
447
1449
447
1754
447
1696
447
625
447
2155
447
1796
447
169
1568
169
522
240
522
169
918
247
302
1137
302
2039
302
1883
302
2340
302
863
302
2277
302
1555
308
1077
403
1247
403
2540
403
2429
403
1077
395
1077
308
563
2397
563
308
1928
369
2536
369
815
713
951
713
1280
765
1280
713
1956
713
815
369
888
369
1928
308
967
308
954
308
1555
302
1646
302
1896
388
1060
388
1663
388
943
388
917
388
1687
388
1839
507
2392
537
1502
537
2392
507
1839
388
1896
302
247
1090
247
836
401
1491
401
836
276
1406
276
1406
276
1897
276
836
270
836
247
1363
247
918
235
2461
235
288
474
288
726
341
726
288
655
288
2333
288
235
1627
235
365
519
365
2197
708
2197
374
1121
374
667
2512
667
374
2197
365
235
918
172
918
169
2290
1
1189
1
1774
428
1194
428
2301
428
1759
428
1903
428
1853
428
1918
428
576
428
16
46
783
135
2484
167
2484
135
2363
135
2340
135
787
385
751
385
787
135
783
46
1087
412
1985
412
1803
541
1803
412
1626
618
2097
746
2097
618
1626
412
576
412
2439
627
1547
627
2439
412
1087
46
560
46
1468
46
411
258
2460
749
2460
258
2294
258
1229
258
346
2457
346
258
934
581
2024
581
934
372
403
372
1352
372
934
258
1325
258
331
1533
331
332
2173
332
423
332
1814
513
1215
637
2118
947
1760
947
2118
637
1215
513
1814
332
1899
332
331
609
331
794
331
1397
331
1926
331
407
1678
407
407
407
469
833
469
407
1517
407
331
1952
331
2098
882
2098
412
2487
412
2098
331
328
2308
328
1535
455
1535
328
1749
404
582
404
1109
1765
1109
404
1749
328
2490
328
1757
328
1366
328
331
258
411
182
1270
190
1270
182
411
46
1566
592
1566
46
1441
430
2330
430
1365
569
1365
430
684
516
1174
1876
1174
516
1116
516
2322
516
1231
516
1321
516
684
430
2341
430
1281
538
1281
430
1441
144
2100
144
1358
144
1127
144
1828
144
1441
46
217
509
2470
509
856
509
1096
631
1096
509
2391
725
2391
509
1470
509
217
1867
350
2523
350
626
350
1516
350
1867
217
1137
217
189
2055
189
1869
796
1217
796
1869
189
1859
189
317
189
217
46
1396
649
2045
649
2016
649
976
649
1207
649
1742
649
1396
64
648
64
302
64
1396
46
313
1405
313
869
313
731
313
2537
313
1524
313
46
241
46
107
1515
137
2075
137
420
2479
420
2320
420
137
1124
353
1742
353
2207
353
1920
353
1124
137
1663
137
1372
520
1372
146
1942
333
2036
333
1942
146
156
1788
277
2096
277
647
339
2116
339
2219
339
364
2347
399
1096
399
1247
399
1319
399
2347
364
1825
364
2262
364
2342
364
339
647
277
1771
329
820
1301
820
329
1771
277
2329
277
434
277
401
2034
401
363
401
277
1850
277
2086
277
1788
156
1410
310
1410
238
426
238
1936
238
533
238
1410
189
2073
189
2557
189
1410
156
438
156
146
1494
146
1372
137
2197
137
336
137
596
137
1515
107
299
107
831
107
732
1639
732
320
1047
393
589
393
1973
592
743
1152
743
592
1048
592
1973
393
2224
393
1047
320
702
320
732
107
46
1072
174
1366
174
281
1077
281
266
1739
635
2352
635
1938
635
1739
274
2026
274
2348
416
575
615
1294
615
575
416
2348
274
1641
287
759
287
2396
287
1906
287
1681
502
1395
502
1681
287
1636
287
1641
274
1739
266
1615
503
2152
503
1456
503
940
503
2178
503
1615
266
298
1880
496
2367
496
1912
500
1690
500
1912
496
1880
298
1350
298
2468
298
822
298
266
788
266
2027
266
1905
343
1935
343
1346
343
1841
343
1905
266
1335
266
1157
290
1157
266
281
174
1547
455
2313
512
2313
455
1770
455
1547
174
779
174
538
174
1072
96
1863
252
1558
339
1416
339
2082
339
1214
542
959
542
834
542
2022
542
1214
339
1379
339
2257
339
1558
252
1863
96
1076
96
492
597
492
96
652
96
1885
96
1437
537
976
537
1437
117
1282
117
327
1662
327
2194
327
1244
327
1582
327
2257
327
2469
327
425
327
117
1437
96
1460
96
1564
96
2146
96
2331
377
432
377
2331
185
1880
185
643
185
2517
185
2331
96
1072
46
1706
205
220
251
949
1478
949
251
1209
251
1960
251
651
603
840
603
651
251
220
1636
220
1083
220
441
2458
441
220
510
1376
510
440
510
220
638
220
1397
220
589
220
2402
220
1660
380
2065
380
2019
380
1660
220
1794
220
205
1360
205
314
1496
314
2546
314
205
702
205
2259
205
615
226
1162
226
1559
226
1656
226
615
205
718
205
1584
205
1706
46
16
72
1698
270
1698
72
818
72
1570
72
1681
72
1976
72
1784
155
720
521
720
396
2114
673
2114
396
789
396
720
155
2448
240
537
240
2448
155
2152
155
1784
141
1784
72
2452
385
917
385
1871
385
2452
72
68
987
188
449
224
893
224
1034
269
894
269
1351
269
1262
269
1643
269
2265
269
1881
275
460
275
973
275
1881
269
675
269
1034
224
2173
224
2150
224
449
188
987
90
553
90
2318
388
2318
230
2268
230
1062
353
1062
230
2318
100
659
100
1556
100
835
100
2318
90
318
226
7
2410
7
1485
7
226
318
90
2038
90
193
1031
193
1492
193
930
193
2256
193
122
1972
527
1972
122
1591
138
1429
138
974
267
2270
267
1260
267
1758
378
1758
358
1886
358
1482
480
2560
480
1482
358
2249
358
1758
267
2418
267
1151
267
1673
267
503
2069
503
333
503
267
1549
297
1549
267
974
196
1148
222
1148
196
2253
196
1502
196
1759
196
1740
196
2239
196
399
1927
544
2498
544
1927
399
196
1919
406
1919
196
974
138
382
1787
382
976
382
138
2186
138
1821
138
326
2234
326
1855
326
488
326
820
326
272
1446
272
326
138
984
405
984
138
1696
164
1899
164
2107
164
1761
164
1696
138
1456
138
1591
122
921
644
921
122
571
122
193
90
987
68
1514
68
2407
199
1984
245
1984
199
1115
232
903
289
903
232
1115
199
1579
199
734
199
1714
199
1543
199
1038
199
955
199
2531
264
2236
264
2057
264
635
1876
635
264
685
264
2044
285
2192
285
1879
285
1495
285
2044
264
2336
264
2137
264
827
264
2531
207
1778
207
2531
199
2407
68
1052
68
2182
286
2182
68
72
16
281
16
327
16
1090
112
2399
112
1090
53
152
1205
598
1010
598
1205
152
2406
329
2357
329
2406
152
1085
329
1085
152
1462
152
82
2100
82
152
53
839
480
763
480
839
53
1090
16
983
297
1580
297
1160
297
985
297
2419
297
111
1063
227
808
227
780
227
1879
227
273
2375
273
227
2222
227
2158
227
1063
111
404
722
404
1916
404
2092
404
1065
404
1614
404
369
1665
369
404
111
336
111
1808
158
908
158
1673
158
1808
111
1582
111
218
1938
218
886
218
1827
397
1827
218
1864
218
1791
218
1844
218
1705
218
120
218
111
693
111
416
1219
416
111
1535
111
697
99
2135
99
2501
99
997
249
1432
249
1303
249
1004
249
997
99
2260
99
1078
132
1078
99
2306
99
438
6
776
69
776
6
2467
6
2301
6
520
278
620
278
520
165
1031
165
1241
309
1039
309
1241
165
882
1329
882
211
2031
211
882
165
603
252
603
179
1817
179
603
165
1073
165
520
6
138
1268
138
6
1727
67
792
119
2222
119
2300
119
211
246
875
246
211
119
792
67
1727
6
935
2544
935
367
1220
367
2417
367
935
121
941
348
1572
348
1375
548
2428
548
1375
348
941
121
386
121
748
238
519
238
748
121
627
121
935
76
1691
76
2223
76
530
271
2230
271
773
312
1650
312
1033
348
1020
348
1033
312
773
271
2393
271
564
2252
564
271
530
76
476
216
263
2326
263
775
381
2526
381
1079
381
2002
381
582
381
775
263
216
1391
259
2003
588
1193
588
2003
259
962
259
639
259
1391
216
961
216
1414
307
709
307
349
645
349
457
349
534
349
307
369
1190
369
2386
369
307
1294
307
660
307
1800
307
1414
216
475
216
1216
216
476
76
1161
76
1594
467
1729
467
1594
261
863
261
1592
261
1594
76
629
1606
629
909
629
76
1993
837
1993
210
2098
210
1199
210
1527
210
2164
282
2164
210
577
366
577
210
1917
418
1917
210
2273
210
1032
210
1650
210
1091
210
1993
76
446
76
570
2056
570
1326
570
1792
570
24
74
2057
74
2028
188
2117
205
1898
205
2337
205
1781
205
2117
188
361
283
1481
283
2128
283
361
260
2351
260
1688
260
924
260
361
188
1760
188
1061
222
2460
222
2092
222
1061
188
1758
188
1611
188
2028
74
851
74
1905
91
663
91
1905
74
24
1336
24
2523
323
979
706
979
323
804
323
1213
323
2008
323
2523
108
374
108
656
108
2418
108
280
951
280
324
1048
324
1249
324
1220
324
1865
324
1876
581
1111
581
672
969
672
2504
672
581
1876
324
1479
324
280
417
280
108
1285
108
321
1006
321
1873
321
1386
321
108
1929
159
582
159
867
159
1891
159
1347
329
2207
329
1601
329
1347
159
259
809
259
595
259
2113
259
2332
259
159
1140
159
1929
108
1178
108
843
214
2386
214
2078
214
352
188
352
214
541
214
1215
311
1168
311
708
328
1144
328
708
311
1215
214
2199
214
2439
214
843
108
1192
108
874
103
1466
103
416
103
556
130
206
2034
206
2451
206
1171
206
1316
206
864
206
620
206
1343
206
1111
206
130
964
130
1604
384
2196
725
2220
725
1969
725
2196
384
1604
161
1604
130
1459
204
2358
204
1459
130
845
209
496
229
1202
229
305
1009
305
2252
305
2291
305
879
305
456
855
456
305
1752
305
229
337
229
496
209
1895
209
1109
209
546
1887
546
209
462
854
462
482
462
363
1509
363
746
363
437
363
462
209
959
380
529
1423
529
1193
529
2282
529
380
959
209
196
209
845
130
2185
175
1975
175
2185
130
612
130
1286
130
283
130
556
103
2117
103
874
51
1357
51
1968
51
238
1665
238
1600
238
51
643
51
2171
51
1253
115
1734
115
1253
51
1737
51
2545
51
874
47
937
47
1713
47
755
105
442
105
802
105
1501
387
1501
168
2366
168
1702
168
2180
233
293
340
969
340
293
1642
293
233
919
233
1168
233
2022
233
2314
233
2180
168
1501
105
517
105
292
105
2428
105
805
467
1940
467
898
467
805
105
291
1999
291
2295
291
1081
291
1498
291
105
755
47
1850
47
1440
195
1378
250
524
250
1378
195
1025
195
1382
406
1382
195
1440
58
1469
58
1535
58
2069
58
1299
155
2141
155
1299
58
2412
284
508
2544
508
284
676
137
1046
137
676
284
2412
58
915
145
915
58
1355
58
2445
58
109
1858
109
2095
109
222
1999
222
878
222
856
222
1364
306
2149
306
1587
306
1364
222
1489
222
109
2175
109
2282
393
2282
177
2559
179
2559
177
230
407
230
1131
230
1028
436
2226
436
1028
230
272
2321
272
1659
272
1314
272
230
1436
850
1436
230
1134
230
177
2282
109
95
752
448
752
390
450
2016
450
912
450
1669
450
513
450
1870
450
2288
450
390
413
390
1875
390
1667
390
1165
390
463
390
1701
390
445
2455
445
390
752
95
116
1779
116
1509
116
1134
116
1008
116
602
1768
602
116
2050
176
488
219
1625
219
1051
219
2342
219
952
514
952
487
952
219
511
219
488
176
2136
176
2050
116
635
116
95
786
198
786
95
2298
104
1733
347
1733
104
2298
95
1644
278
2188
278
1634
278
1931
278
2191
501
2376
501
2191
278
1644
95
1614
260
1045
260
1614
95
2068
126
2068
95
1394
95
109
58
2398
370
2398
248
455
1786
455
248
2398
133
2098
133
2430
133
1899
133
2354
190
2506
190
2250
190
225
1838
225
190
2008
190
2354
133
1427
286
2328
286
1427
221
2026
234
2275
234
1169
2454
1169
687
2385
687
1861
687
1169
623
771
623
1169
234
1587
234
278
234
2026
221
376
221
454
2124
454
2067
454
2244
454
968
454
221
1427
187
2422
187
224
394
2456
394
729
394
224
1854
224
187
200
2105
200
1870
200
555
200
543
200
496
200
1217
200
1200
362
1200
200
1612
200
187
1545
187
1427
133
1778
150
1092
557
1092
150
1450
150
1322
150
1778
133
326
133
2454
147
430
1251
430
853
430
1890
430
147
1684
147
457
147
1717
147
1642
244
1642
147
2454
133
2398
58
2469
58
964
58
1025
58
1006
262
2277
262
413
262
1238
262
306
2549
306
1245
306
1296
306
804
306
289
306
262
1694
262
2265
262
463
262
590
262
854
262
1006
58
1440
47
874
5
1858
5
2067
92
1133
92
945
92
2385
92
496
110
2278
110
959
110
869
110
2045
110
496
92
2067
5
2560
5
2449
527
1023
527
2449
5
1821
5
177
361
177
628
177
1240
2203
1240
177
564
177
2106
177
1484
177
67
1291
178
472
448
2033
448
1000
1901
1000
448
472
178
1291
67
1429
67
1200
67
177
5
1340
588
1340
2
756
333
969
333
1769
333
1652
333
1324
333
756
126
1954
126
1602
126
889
126
756
43
1888
248
2210
248
1888
43
1058
43
1474
43
1190
300
992
378
1573
378
1843
568
1843
378
1096
378
1922
378
992
300
1380
300
1190
43
344
43
2223
43
412
43
756
2
1296
262
1296
2
2344
22
468
122
282
548
282
597
282
548
282
257
2379
319
1323
319
2379
257
2096
257
1195
257
2116
257
282
170
282
122
2323
122
2082
122
2482
122
468
30
71
1438
192
1438
71
1414
71
2448
151
1782
151
333
2499
333
2299
333
978
333
310
1708
310
1538
310
1862
310
1214
310
2521
310
333
151
2518
151
250
2010
250
231
1290
231
965
231
2556
231
1416
231
1894
231
566
110
680
110
1148
110
538
110
1567
110
566
231
1263
231
2376
231
250
151
1038
151
778
151
2448
71
1564
71
1574
128
2176
128
1060
128
1314
128
1959
128
2390
154
1575
154
913
319
2266
319
1154
319
913
154
540
516
540
154
2447
422
2447
154
498
920
502
920
498
154
2390
128
1574
71
30
468
22
2239
22
285
1259
285
2382
285
672
285
2493
285
1274
285
1868
285
573
315
812
315
470
315
2108
408
1155
408
2108
315
2138
315
1554
372
489
464
489
372
1105
372
1676
372
1554
315
1152
315
1540
315
573
285
22
232
1646
232
1875
232
1810
232
1790
499
1790
232
22
1626
22
1449
22
68
1017
366
419
1805
295
535
295
1487
295
1805
419
1718
419
366
1308
622
1100
622
1719
622
1308
366
1017
68
1908
68
22
2381
256
1304
143
577
143
2432
143
977
143
1304
256
2421
256
1121
256
2381
22
923
22
2344
2
1414
31
1347
31
480
31
772
236
772
145
772
31
2259
31
757
31
439
131
204
1750
204
1105
204
979
204
632
204
2127
487
2127
204
131
271
1523
271
131
1800
304
1101
304
568
1172
800
1172
568
304
1533
304
1800
131
439
31
373
31
454
31
1425
242
1422
358
1422
242
626
242
2288
242
1425
31
1414
2
829
2
93
1445
486
1445
93
2245
174
1754
311
850
311
1754
174
1746
174
2245
93
2128
93
1174
88
186
88
2204
290
2204
284
1522
284
1353
284
2014
284
838
284
1595
284
2204
88
2353
88
867
88
1868
228
1159
228
695
228
1520
228
2338
228
2072
228
532
717
118
303
118
2250
118
393
118
2195
118
1880
118
1541
118
1279
118
1258
118
717
532
228
1390
228
1868
89
819
244
819
89
245
1144
194
1013
167
1054
167
1802
167
542
167
2424
52
898
52
2008
52
1466
52
2056
52
1469
52
1838
52
2424
167
568
167
1010
167
1013
194
619
194
1144
245
1151
245
89
180
811
216
811
180
1630
433
2155
433
1170
433
1630
180
2351
103
794
103
2199
103
2351
180
2322
180
1136
180
1277
180
810
180
699
180
859
180
89
1163
89
140
2196
140
2474
145
1948
145
1237
145
683
145
2352
145
2408
145
2474
140
1290
161
436
161
1380
161
575
379
575
161
1290
140
1029
140
1156
140
675
140
1787
140
89
1772
89
1868
86
2388
86
1524
266
2217
276
1100
276
704
276
2217
266
2053
409
2053
266
1524
86
475
81
1149
89
1565
405
1565
212
906
654
1147
654
2184
654
906
227
1563
473
1563
227
1994
227
906
212
1565
89
1149
81
1051
81
1121
195
59
1300
59
2338
59
427
1607
427
59
1434
59
2153
135
2513
658
1404
658
2513
135
1940
135
830
135
1014
135
623
429
623
96
2236
30
335
30
825
30
277
1040
277
1986
277
749
32
1476
149
2521
149
613
149
1476
32
1119
192
2224
192
1471
192
1129
192
712
192
1022
192
1325
192
1119
32
2459
39
1026
39
530
39
2459
32
1224
32
1990
32
2217
67
1561
67
2217
19
638
19
301
19
1885
19
1760
187
396
1924
396
187
345
187
1760
19
1813
19
98
1259
98
19
1863
35
237
322
237
260
237
507
1745
268
1874
268
1067
268
534
268
1745
507
1123
767
2483
767
1123
507
237
994
237
35
1325
35
960
79
1295
80
1295
79
929
79
2034
79
390
79
2281
312
834
312
740
63
959
63
922
63
1394
63
901
63
416
63
1553
300
1855
300
860
311
658
1261
658
2130
658
311
860
300
1553
63
1430
203
729
203
1480
203
1202
203
1795
203
2456
203
1309
203
1430
63
2135
63
1332
37
1899
37
116
41
683
41
1149
41
275
41
2395
41
147
590
147
41
146
1451
146
41
887
215
887
41
501
1312
501
1725
501
41
116
37
910
37
1474
37
2365
37
2406
148
1488
40
887
40
2542
40
1704
40
2227
40
1344
40
1488
148
543
148
1638
148
1510
148
2406
37
240
2234
240
2244
240
215
1914
34
2032
34
1087
34
2477
34
1889
34
995
34
1914
215
269
215
2036
236
1608
239
274
239
1945
239
1608
236
588
1088
2246
1088
588
2104
588
236
2417
132
406
132
2415
132
2417
236
2262
236
1796
253
1893
253
1472
485
690
485
1472
253
1981
253
1037
253
481
253
1843
253
2269
253
1796
236
2036
215
2015
215
673
215
640
215
240
37
1933
85
198
1882
198
1181
354
2320
354
1230
505
1230
354
1125
354
668
354
2101
354
1181
198
1209
198
85
2551
85
734
85
2063
85
1776
85
309
1992
309
85
1177
85
1933
37
1206
37
2026
37
26
2167
161
2167
26
649
1596
649
166
419
166
1225
166
669
166
790
397
469
397
2237
397
764
397
790
166
920
166
1512
606
1512
166
106
384
421
384
2500
384
287
666
287
384
106
2296
124
2411
124
866
124
154
359
154
2161
243
1793
243
1930
243
2536
243
316
243
837
243
2161
154
2315
154
124
2330
124
1569
128
1569
124
2296
106
2252
106
2294
106
1839
106
1840
106
1623
106
397
106
1861
106
65
741
65
1389
65
390
65
715
65
1691
65
2237
325
1196
164
128
1184
128
2000
128
164
1196
325
516
266
2349
266
516
325
1955
325
2479
408
2479
350
2479
325
490
1958
490
325
816
325
1135
325
69
1678
69
653
139
653
69
2065
87
1923
87
2220
87
713
87
2556
223
2295
254
1995
254
2357
254
2295
223
1837
223
2556
87
316
87
2141
87
2212
87
1154
315
1154
139
467
1603
467
139
2312
366
2312
139
1495
139
1948
139
1154
87
2065
69
853
69
614
2492
614
113
719
113
473
330
473
113
614
69
383
2487
383
1339
624
355
1079
123
1254
123
1585
123
331
123
441
100
1663
100
1310
357
1682
357
1122
357
1310
100
1768
100
1928
100
441
123
366
1677
366
123
1947
123
1079
355
1619
355
1155
355
1913
355
1819
355
624
70
1042
70
2441
70
624
45
1893
45
1074
310
1003
310
1511
310
1074
48
53
711
1620
711
53
323
53
2178
53
48
601
48
641
294
2280
294
641
48
1300
55
707
55
190
55
370
1979
119
949
119
1616
119
1801
236
1801
80
1609
64
884
64
2539
64
398
1128
398
64
913
64
1609
80
1801
119
1205
119
1979
370
55
154
55
314
83
358
83
314
55
1814
55
1867
55
2184
55
2231
55
1924
55
381
552
521
552
381
478
381
2208
725
2208
381
55
1300
48
1754
48
1291
48
647
48
1743
48
1074
45
879
45
2129
223
443
223
2129
45
1997
212
1957
212
1130
212
1221
212
1997
83
2487
83
1120
83
905
330
768
330
1305
330
2145
73
1050
73
816
73
121
1851
121
73
1632
334
341
526
341
1179
341
2110
341
334
1632
73
360
73
2145
330
905
83
2336
114
298
114
1674
114
1859
114
2266
114
1818
114
168
682
168
1906
254
2094
254
2379
254
986
254
1906
67
1906
168
401
168
2502
57
1194
57
1376
57
2270
57
1431
377
1683
377
646
2005
646
377
1431
57
2164
57
2502
168
78
1944
78
1597
78
1252
78
1497
78
2328
78
2362
78
4
2386
4
1685
165
1685
4
1234
129
1498
129
2429
129
1831
129
1673
129
1234
4
588
4
2015
4
8
920
8
2473
8
2186
22
1793
22
424
22
2186
8
1365
8
4
78
168
114
2472
157
2472
114
124
1061
124
729
124
1181
124
114
2025
114
573
114
2336
94
2336
83
456
83
1481
83
1997
45
1256
45
1551
45
200
45
624
15
271
41
2161
41
271
15
569
15
1869
94
1147
94
2327
184
1825
184
1965
362
544
362
1044
362
202
1764
363
2319
363
1764
202
362
1965
184
1415
184
2327
77
2264
77
2108
77
2018
77
636
598
636
10
1631
10
1718
392
1649
392
1718
10
2053
10
2540
10
578
10
1810
10
1513
10
636
77
1235
77
1264
77
47
1530
47
909
172
443
172
909
47
1940
47
1875
47
1671
47
1073
104
1243
267
1243
104
1180
127
916
158
2548
158
2468
36
1008
36
1806
136
1865
136
1815
136
115
1156
115
2039
115
688
115
939
115
136
1806
36
1343
36
2520
17
1404
17
225
17
114
17
2244
17
2412
17
2520
36
275
36
1547
36
936
36
131
2317
12
250
12
2558
12
1798
12
1267
12
2335
256
2335
12
1672
12
2450
29
2495
29
1535
29
2441
29
658
29
180
29
1250
29
953
29
1397
29
2450
12
2448
12
2317
131
1040
131
1240
131
1297
131
36
673
36
2468
158
916
127
708
127
703
127
1180
104
575
49
1560
49
1647
49
33
1593
33
1936
92
1049
92
276
2462
1521
2462
276
92
184
437
184
1799
184
1036
184
223
184
92
1936
33
1852
592
219
1266
228
1266
113
1912
113
1977
178
1612
178
494
801
494
178
2527
178
2533
178
747
294
631
294
747
178
163
431
2492
171
450
171
2498
171
2256
171
1003
171
27
1501
27
1577
27
713
27
630
27
505
27
640
27
171
2492
431
1302
431
848
431
183
1251
183
1047
183
1669
183
1639
183
431
163
2401
163
2134
163
933
163
956
97
1417
201
421
201
840
201
1417
97
2233
97
1703
97
162
931
162
774
244
410
244
774
162
1586
162
97
875
176
2043
176
859
176
927
458
927
176
875
97
793
97
1477
701
2464
701
1477
197
1480
197
1477
157
2096
157
1338
157
1477
97
270
252
989
252
1283
252
2016
252
1107
252
1500
252
270
97
771
13
2249
13
547
66
422
66
696
66
191
762
279
1442
279
762
191
66
604
66
509
66
798
66
1975
66
2500
66
2369
66
851
66
547
13
318
13
1620
13
2446
255
1664
255
1657
134
894
134
408
134
2179
367
760
367
2179
261
1504
261
2179
134
1208
134
349
134
169
1191
169
134
9
743
150
877
150
1729
150
1309
150
1367
150
1375
150
743
9
1388
9
1548
9
2040
9
134
1657
255
2131
89
944
89
1731
89
2131
255
2554
255
1353
255
444
255
329
255
2543
320
536
197
764
197
536
320
2087
11
1710
11
932
375
1362
375
932
11
1708
11
1698
11
1960
11
1827
11
1958
11
1872
11
722
11
2087
320
2360
320
343
1352
54
2260
54
2481
54
2436
54
1903
54
1765
54
1939
213
1216
213
1992
213
1812
213
1557
213
950
213
1088
213
2453
213
1939
54
1458
54
1036
54
639
54
172
723
172
681
179
1722
243
738
243
508
243
2394
243
1978
243
1246
23
387
23
840
23
1271
23
2169
23
2090
23
185
452
515
452
185
368
1982
82
1407
82
583
389
148
791
148
389
583
82
1263
82
1697
229
142
828
234
828
142
1452
142
982
192
2440
192
982
142
1188
142
1162
181
928
181
199
1600
14
1644
14
339
14
720
14
1137
14
881
14
517
14
1600
199
181
1622
203
2215
203
189
201
1077
201
1166
201
38
1341
62
2460
62
1723
62
1521
62
1790
105
1790
62
775
62
1341
38
1360
38
56
2331
56
1840
56
831
56
183
56
2058
56
2182
56
38
1000
38
456
38
1803
42
245
42
611
42
1531
42
541
84
2143
84
856
84
739
84
1028
84
1260
84
2534
84
541
42
2057
42
2555
42
854
42
1803
38
201
189
1473
189
203
1622
181
1162
142
229
1697
82
1982
50
803
50
1604
50
2218
239
2218
25
1850
25
1359
25
837
25
727
380
727
25
2274
25
1581
25
959
25
2218
50
227
448
227
50
787
117
1303
117
1884
117
787
50
1444
50
1982
368
185
1941
185
1374
185
23
1669
23
862
18
2419
18
996
18
548
18
233
18
1930
18
28
1734
28
170
2339
170
999
814
999
170
28
1355
28
1993
28
1796
28
651
28
2503
28
1674
28
21
2297
21
1109
20
2221
20
2488
20
1129
20
1109
21
665
21
384
21
758
21
28
18
484
18
862
23
591
3
208
2200
208
1242
208
947
208
812
208
151
2303
151
1579
151
946
151
978
175
1873
175
2383
120
379
120
689
120
926
120
1791
120
736
120
2383
175
2002
175
402
175
2271
175
1412
175
1019
175
978
151
208
3
2499
157
2287
244
2265
160
876
160
750
160
2265
244
1289
244
2287
157
221
1173
221
157
2356
157
754
157
2013
157
2499
3
221
3
2493
215
2214
215
2493
127
2157
127
471
127
2549
127
2493
3
347
1599
347
3
2475
3
591
23
289
1400
289
182
1323
182
1112
182
289
23
1246
243
1722
61
1534
61
1961
61
358
61
2421
61
531
61
1722
179
1522
179
490
179
1516
179
681
172
1934
172
2483
172
54
512
2007
512
2380
512
54
1352
343
320
2528
320
846
400
846
320
2543
255
2446
153
409
153
2118
153
1249
153
2446
13
2151
247
2156
247
687
247
495
247
141
691
70
1996
70
1783
70
605
70
691
141
130
75
2163
75
1999
75
2240
75
780
75
130
60
286
60
2310
60
1514
60
2046
60
222
60
2322
60
1281
60
130
141
247
2151
139
2151
13
1700
13
771
97
956
163
1636
163
777
163
178
1977
113
1092
113
1266
219
91
2027
91
1465
91
219
592
1852
33
2216
33
49
575
104
625
104
1073
47
77
2327
94
1869
15
1416
15
624
1339
383
1348
383
1015
383
69
2062
101
1462
101
1228
101
742
101
1587
205
1843
205
1587
101
1895
101
1879
101
2062
69
325
2237
65
106
166
649
26
1635
26
1808
26
2443
26
1921
26
1224
26
37
1332
63
1637
63
2470
63
1853
63
740
312
2281
79
187
79
2210
79
2553
79
405
79
960
35
1863
19
2217
32
645
32
844
32
2490
32
1097
32
749
277
2248
277
30
2236
96
623
135
2153
59
700
59
1041
59
195
1121
81
1076
81
475
86
1223
86
1182
86
1868
88
2154
88
1174
93
1284
93
895
93
356
93
2384
93
2522
93
1143
93
2
1702
2
1340
5
874
108
2523
24
951
24
570
76
935
6
438
99
697
111
1886
111
1900
111
2048
111
297
983
16
428
1774
1
2049
1
