9588 950 16351 11832 12585 -24694 5879 25752 -26806 29563 6860 -12570 -15932 -48127 23080 -10418 20756 6320 23463 2465 -8960 -4432 1747 -46098 -15135 14503 -20729 -28157 9935 15306 -10050 -22476 -14512 -11038 -45317 32961 -12104 -26984 33790 -6548
-19329 9971 -2076 -17646 20092 -422 -9251 24449 7138 -4948 -15308 18368 -37522 -26658 22599 -9783 -9694 -961 -38896 3530 1607 -9330 15591 -3913 -10968 21119 -4895 -6810 -5644 23595 -49802 11393 5524 8421 -9535 8637 -792 17682 26215 -12660
-25381 -26555 -28879 -2264 -23980 41298 10671 -19036 11254 -7118 -6052 8880 7047 1380 -25928 -2958 4723 -7286 -15139 -470 16006 -32942 -11183 -1476 -6434 1255 8264 -5224 9700 -20799 -6099 -1960 21678 20998 -2738 -6715 26695 31332 -21605 -32644
11072 9938 -37685 12979 -7508 -25105 -26909 22015 -1778 10331 49232 2313 -5771 -13529 13102 -4028 -11572 -17784 5478 -20736 1541 7382 20845 -4815 3809 -18355 -20146 17441 -19680 37764 -1221 10454 22091 9667 -27519 27795 -21440 5398 -581 -9592
-22616 -17608 19105 18410 -3858 -39397 -10813 -7030 -23388 15290 5905 -8465 -11362 -19828 2988 -3180 14655 6874 -12076 -10188 -6032 -6313 -5853 501 13806 -24802 1563 -1330 2831 12720 19513 -35443 26907 20677 -15211 -14306 -26746 -20788 1362 -7609
40084 34005 -21772 8734 -26602 -30196 20320 16338 -17216 30376 -14206 11419 22644 -12821 31247 -19454 24061 -29146 11837 -2727 21494 1977 -52201 5248 14658 8680 -13399 -9770 -16756 -2794 10930 10893 -27605 1584 -5076 -3388 -36656 12722 1570 4947
5624 5820 -7141 34130 -14843 -2511 3992 14921 -12172 5794 6753 24732 22541 15733 5491 12683 -38366 -4993 -6618 -1892 3867 -28920 -35041 19314 16242 -12824 20626 -4644 -30092 34684 -862 -9037 842 9599 -11211 14884 -39616 -7733 10097 37357
12991 -5316 17674 -15962 8519 20820 1515 26356 10377 9468 -4573 -35617 -11353 2828 -9977 -94 6638 -16040 28516 -14580 5870 -473 966 -10109 18540 -6662 9918 -8940 12960 -221 -19321 -20185 -11641 19071 -13413 29422 31018 -13960 -22753 -13006
9328 -10831 8946 4766 -3523 -26178 2394 -5626 4944 -25467 5401 3579 14278 2683 -30317 -16683 36742 -7667 4251 -12716 -19711 -26489 -19432 1975 -20620 -174 -588 -2677 -6789 -3264 36701 47043 -391 -4253 6505 15419 8343 19039 -7907 10060
15982 12632 -45376 -9768 8265 20568 -6427 -1172 -1827 -15474 8122 20057 -37117 13895 -4289 -11679 3352 -25694 -2528 -15836 27107 3322 -25523 3270 23348 -31585 -6991 16489 3020 25712 -9943 3157 -36 24993 -771 20919 -1629 16106 20369 -8588
41440 7490 2756 -20161 6709 -896 1756 37813 -11419 45386 15173 -42605 2132 -163 14605 -2691 5963 -33426 29124 16982 7432 12408 -10482 8373 13082 1720 -16085 12812 -5488 8652 -15517 -2899 -14648 14091 -10816 21299 -19111 -4474 -8845 5850
-6189 72567 20160 2399 1950 -22742 13676 19106 -1735 33797 1232 9640 19565 -15904 28022 -19985 15272 -24912 -21587 -2313 21135 18259 10015 -43667 40124 942 -3826 -25548 -7973 -14919 -11008 -10291 -25793 -17369 -1856 8005 -12549 3579 16436 8184
15802 -20000 43102 7870 -14785 -33658 -4573 6105 -25654 16516 20391 -30196 17294 -261 11885 5964 -12909 18452 27671 18435 -4564 -20883 8835 -29163 8592 24322 17522 -4909 9695 15277 10522 13610 1062 17795 -40175 21507 -12067 -22952 18685 15932
1821 -13801 31553 -19948 -3316 -12345 -12607 5584 -4328 -12108 8193 -20375 3554 15754 -27826 11324 28603 14406 -11509 -8660 -30239 -17995 -15511 18033 -9132 2993 4554 7157 -17 -16399 11222 29067 3815 12575 8756 386 23308 2312 -24746 -10300
16231 -11932 6365 -24047 1393 -28872 -26077 18339 12774 -17457 21398 -8780 -13652 -1911 6475 -11736 -1185 30644 24357 -14947 -11384 3524 -20299 -5173 10353 -2968 -526 3650 6910 38579 26764 17952 -301 22051 -21747 -5183 -8238 -37254 -4541 -30975
9034 -24412 20553 16807 -12778 2410 11095 -6647 14320 -24512 25614 -11861 20793 22704 -11471 6010 -11747 -3744 13357 -22317 -5231 -9553 -1744 -24234 23504 12422 41531 11953 -16095 -18760 31885 22722 25897 -16188 -22432 -11427 -7486 6135 -10466 17754
24811 22333 11446 -2446 22081 16955 -36890 270 -22925 7335 17322 -17623 9224 47693 -12262 26413 -10633 -2041 6968 -10136 -1050 34529 12663 11239 13478 2455 -5034 34306 -491 3445 -1646 18509 -28747 4634 9285 -4451 27812 -4467 24953 7416
14769 -1353 38433 17078 4204 -38735 -5133 860 -15643 20020 -36216 -5304 22107 3167 25110 -2071 288 4075 19783 25029 19941 4130 -8312 1358 -9081 32043 25223 -11641 7120 7923 -1664 -10341 -20048 -5700 6045 -26258 -24762 -12776 42868 14804
-2601 -19260 11111 -9811 -3491 8397 -27126 -48430 6984 -25957 11018 -2727 -4753 22547 -27985 -1118 13215 35487 13068 -24451 13456 25002 -52 -10699 5902 5103 14122 22795 18070 -11501 39374 7273 -23009 14438 -10214 -13696 17671 -12200 13436 -5028
10071 -493 -18187 3590 3540 4638 -1694 -13546 34477 -15154 -18927 9740 -28909 20433 23651 -10494 -15763 15891 -17385 13922 46127 27747 782 -300 7190 -6856 115 2538 -10247 491 2319 -5356 14278 33378 -19415 -44783 703 395 10819 -15989
