7132660 3422 977443864
308773 723 36049131
907 35 352943583
2873826 2332 964356857
1059984 1472 648312459
401235 901 929399265
4852692 2954 13161030
54963 289 374477444
628220 932 166762595
3295509 2495 729655460
4462599 2765 414630791
131893 465 288692791
3527543 2563 976682528
330629 683 142344759
61368 336 475874715
866755 1177 74107536
2297392 2034 243610290
518784 1006 46811234
2437509 1931 489961570
106465 391 529121445
58682 288 86700926
221630 636 752102767
448307 977 10887542
2222574 1964 445113141
276546 718 417793307
2976465 2175 198514177
1463628 1678 233177802
9341160 3888 572235419
774138 1170 155449250
5167 93 323205961
1375688 1444 841970695
26034 218 410983438
81126 366 696732868
5292766 2976 920590637
8253000 3692 89227497
991721 1219 840245164
854969 1347 759996724
4291202 2792 604836224
4512562 2876 387143746
5376237 3181 742242834
539795 979 84007319
1561883 1639 718485281
2925472 2258 218312912
15300 144 687851011
184666 634 751435126
3439922 2468 516271344
840967 1273 133823834
20580 222 795547531
1769747 1771 495345338
887694 1358 303213759
21121 187 601129776
1623423 1701 16510493
1517374 1706 195564788
3476954 2432 261498821
435505 915 713305423
51687 325 264105011
13027841 4595 98511224
825858 1256 425352502
453 25 35357670
49249 255 73744548
3885501 2663 318205825
5111922 2820 820976822
8214850 3640 655750514
129069 427 68051937
367748 694 627188002
9025105 3813 17908168
76298 356 767056978
37055 259 436370714
1740429 1747 608979721
6236866 3114 789796864
16040 164 773088937
5216703 3057 902557066
940650 1198 162147453
13315 121 554042849
105553 359 529121445
126131 513 403134459
1586991 1741 326487736
1629070 1522 986749225
406681 817 37769293
61241 307 579499426
2227609 1811 26701232
1333990 1386 894965608
2114144 2022 892912186
28725 239 631844581
622462 1068 821683680
1152852 1324 299715936
59987 351 207316098
7538570 3470 491079968
392489 867 6297754
215954 684 647547462
5020909 3019 313453863
2641148 2146 459381666
7960 100 319295576
358333 693 84627590
437401 847 289799204
462581 987 584886776
3535821 2339 267490589
4617341 2749 753526472
888353 1291 310955658
6613644 3284 524158424
1642186 1762 24605944
7044038 3374 201990507
1088079 1421 794279542
2539684 1932 559465459
17395 159 676476905
2353064 2126 212064859
6599238 3308 258077479
4094663 2711 551382490
232271 561 36049131
10626557 4107 397932607
36627 251 112571416
1992589 1771 14184617
1314000 1462 677645346
3906897 2463 114507906
470081 839 92542487
831619 1057 746419833
1050473 1229 459015661
42176 248 503364559
2299353 1847 451954112
5943082 3142 425303308
8808 140 467932736
1420617 1623 233177802
2193365 1983 184596661
7133299 3479 630755604
80916 384 861399108
193475 507 84926816
568112 876 968118662
492457 801 771848832
52517 353 572778435
398915 823 76469416
3034883 2295 194244305
3148917 2377 258070863
25270 182 779370051
4118111 2633 642660857
13105819 4625 898690981
2221496 2070 300896273
53 13 132
3220941 2329 757044195
424594 742 181379391
497222 1022 106390433
690079 1037 907061639
7993748 3600 852663620
4575640 2820 114507906
2509849 2201 378786457
3690301 2615 825514704
30681 217 605222819
1434647 1511 132911154
8093381 3691 852663620
406466 824 495860574
436714 890 713305423
1314444 1516 12565619
2037352 1892 600763063
650670 1116 458194730
1001992 1358 334161668
560423 981 181379391
732560 1052 314355573
8921063 3813 411127720
666423 1109 372199464
148929 531 199761629
5803793 3153 724705933
48992 316 264105011
1755428 1644 902648922
8332128 3780 728606009
8795121 3813 766148368
3435677 2501 797314255
851876 1148 539899316
118353 425 677550409
48260 262 619905290
743748 1042 890366910
5698925 3201 707548386
5374063 2899 66723768
11936537 4365 272204662
54287 329 549910994
592572 932 697520484
9210 124 889345934
1432487 1677 357248644
964540 1332 922897767
257277 655 738825732
853958 1268 911408551
569614 938 629805349
2552432 2194 676571583
723566 1088 502346287
14280688 4762 956234431
6890709 3447 293536637
181456 550 646052962
1731407 1597 417544211
252662 562 773401300
7061790 3572 670799093
1195930 1266 16510493
663090 940 666795455
2119933 1775 268846953
3019771 2383 429538201
5392935 2893 14753878
177735 549 27627392
1345161 1389 444817860
836282 1132 213338195
552013 1005 832429548
1430429 1443 49809407
7804 122 364899808
114140 380 721497296
5111424 3102 110308824
1716966 1736 375086072
3382731 2253 645983858
721745 993 571400935
6810 96 467182928
2103931 1781 58538005
131264 418 562195931
766073 1103 909397690
2080495 1915 763674423
8105089 3639 824275769
3557822 2446 661608480
3727396 2580 804973310
6152651 3137 566899515
29497 237 733300263
3313818 2348 527923768
9873882 4076 35956863
2890233 2287 902437275
5113593 3097 731625513
85955 345 83909579
215833 587 38567321
103760 412 90077624
1846928 1646 408078976
9932788 3976 709937137
1236 52 946367425
1223900 1360 546573452
6006430 3262 895359981
12122672 4402 1051064
7547538 3480 573815960
10954 146 747939002
6295421 3341 189234227
1461453 1487 836687134
4218087 2731 74992530
2515418 2106 222316337
1711072 1632 198932123
1864948 1672 629432868
997677 1361 74461628
278618 646 310066214
2500686 1938 853901651
255829 699 580242047
9573834 3938 956935693
42934 232 49829519
14443 143 611132778
6709733 3359 619068766
1013837 1361 64258113
2674466 2190 459381666
1058123 1389 278830534
20506 184 673668198
1727707 1741 792306296
14741379 4811 614018431
7504690 3580 732463271
248380 662 309104184
9700055 3951 566122176
5208280 3116 701938948
77993 363 491116151
237345 553 952667707
3781424 2420 273683065
456372 966 934840175
6716576 3410 955405965
111801 487 631255369
1140165 1281 526090641
2468 48 869670557
666327 939 310955658
126896 512 596410797
4579802 2900 106114994
108612 444 922629815
208136 526 233666672
763690 1048 231885506
1089721 1259 598811752
1171811 1517 477127843
2012563 1919 417544211
50985 261 861399108
1443627 1639 874650569
496010 856 461918345
1645811 1549 292598936
63234 304 485764535
17891 175 849403087
1943424 1692 93529720
39748 310 711713562
95049 383 704296250
26932 208 765756553
55333 323 320740801
1398651 1401 654795136
3969801 2665 241833564
1632022 1652 654107798
5473974 2932 257770863
29343 221 673668198
85439 387 175035255
216873 651 98606746
8233258 3680 828334632
55255 311 749743559
1474670 1528 403180522
23263 207 592126629
388012 906 73498437
4913732 2912 313453863
6538533 3341 951254076
328550 646 90381156
1709806 1570 846064223
11697052 4318 793722563
558445 1075 896828328
5404303 3035 534747720
281503 625 394415946
1159390 1296 377728470
111358 434 431284213
2935987 2341 594227371
1006340 1330 406138931
625859 1099 279462393
3401636 2494 84960377
10198113 4105 668109060
199591 625 864805305
10707107 4175 74353916
7514480 3480 704669128
54586 292 207316098
691102 1214 766737662
5815753 3227 933255702
1700743 1731 375086072
1627630 1594 300896273
2659854 2166 125530865
1773577 1767 384217315
1725401 1765 129588957
460180 976 82965981
4550196 2652 697615381
429514 876 289799204
11084746 4198 232095843
407685 873 663610744
70045 353 707460297
561060 1010 731858778
1443558 1534 459015661
4409668 2754 513965052
4397662 2610 586013662
328405 685 853121483
376349 763 197605340
403725 827 197605340
2996936 2364 540341585
150975 531 947787397
6261781 3411 189234227
4021045 2683 931557166
157502 442 834169133
103458 372 668663257
5442591 3025 236754159
5493224 3012 171781290
2525982 2114 265083682
5556389 2945 121914882
2023022 1954 904186223
6396264 3290 877320644
297977 751 655864300
57959 307 899740102
887642 1214 724674713
994779 1419 433691083
8864 124 458247558
1925046 1912 197900905
2296 56 488309750
168010 622 750484565
71692 328 808093885
2406861 2023 574780252
1172637 1521 66999501
600629 907 917726059
3263640 2272 449976722
689939 1197 967477928
221640 642 838873133
2012104 1722 600763063
1461148 1598 305467152
4072766 2720 914241477
3473796 2522 976682528
98097 407 275452695
476863 801 678517865
2982313 2373 26701232
2057015 1937 986749225
7072002 3404 872637620
5547065 3055 27806022
422510 786 404881574
173767 481 949882401
154358 532 495623450
239964 554 952367767
75675 353 592422379
1442769 1453 384217315
6459828 3324 747058671
880776 1234 854153030
3052271 2319 940854979
168676 490 530342463
711558 1024 346855251
3858117 2665 703450522
702240 1118 742986947
86884 374 491116151
792790 1114 771286236
318044 734 811343037
954675 1173 731657340
2536851 1937 853901651
12640548 4500 627698238
9871052 4002 493359844
1391865 1531 557410645
6879591 3425 561208487
4911831 2967 689526077
16820 164 608234667
3783193 2389 879096054
1855564 1670 617310581
1159641 1425 225614964
126356 484 704350838
783317 1205 314355573
102294 398 962620544
3198910 2210 645983858
8408437 3723 160674806
102428 382 107590741
369063 829 394415946
260107 593 948018681
4039198 2700 463184154
1307435 1457 546573452
1138221 1453 794279542
11976593 4365 170344104
13089048 4574 29340016
4750415 2913 861008452
7131379 3383 524158424
4904251 2965 296904978
11862190 4358 483657650
7471170 3524 260006214
3488899 2527 951321235
2516730 2146 656719329
3723220 2600 155142198
6886703 3329 863312387
34909 209 516887147
736443 1139 702973257
1531535 1481 534035487
2861273 2279 496966248
82061 385 267048862
1919230 1712 516422006
315231 633 964380814
1334249 1361 989698722
4288452 2574 355562738
192964 496 257708607
35946 274 301562560
45228 244 81012050
4065486 2686 2163365
438479 917 584886776
83626 416 606708415
262620 632 430962701
6008012 3048 403273739
14287273 4843 586060537
3340329 2377 241878850
3449973 2371 951321235
276655 651 606144482
10613327 4159 344224814
533029 877 853819921
1749401 1717 812530233
164974 446 38567321
385504 778 469122262
9823082 3976 293791473
8689893 3775 475815881
776873 1257 144394907
5728850 3090 609159731
6731929 3281 268309439
46776 270 217503157
2803177 2179 489961570
9229186 3868 174971079
1816484 1858 292598936
4712898 2796 253845943
755287 1065 377531791
31229 215 951972448
1414657 1445 652550980
9215410 3946 784788458
1894956 1900 403113756
420457 731 468717130
2351964 2014 846064223
3091689 2279 145310094
35987 219 840421439
3097096 2348 394846588
1286385 1397 761674156
904493 1259 263872131
99929 405 422551245
92306 416 808093885
11149868 4326 880500941
113682 434 868034650
997939 1237 43269415
518 20 466266852
23475 195 405142173
7123338 3482 977443864
19867 197 611132778
324637 787 75457593
207984 544 697493702
33325 205 986437771
4545483 2871 106114994
842452 1082 794279542
2731636 2234 516414291
2326642 1882 398040249
2499 73 488309750
2067539 1953 202048537
2902522 2074 976682528
22747 185 38040815
372156 804 153033527
4512141 2839 935689088
2551809 1953 912451868
3634203 2563 321623672
7624268 3528 347417806
1558571 1633 834019692
20903 185 68253121
700959 1159 201078159
266418 626 808505912
4426837 2869 339704467
27897 233 493602230
11684 122 724443566
5333953 3161 948986292
694914 1026 578127344
782726 1170 680705022
2150322 1800 257416103
8619173 3741 933915138
9515071 3903 501946797
375039 697 442524594
61075 293 267048862
7271554 3466 480591286
298932 780 497153305
11281221 4239 714400437
1015838 1420 571400935
4241987 2671 273683065
9596680 3920 271678152
4406289 2659 720650816
286040 740 497153305
5082 90 217873312
3847061 2453 523163753
7160452 3446 70235737
8705887 3825 659531155
33000 188 402982067
1607891 1755 252554549
4833878 2782 110308824
195909 639 864805305
2125068 1778 827278276
10193106 4142 420054998
1411932 1570 276035482
1128997 1455 746419833
2019 53 869670557
120009 417 750484565
794522 1204 5420593
167428 554 224162688
1826793 1773 332985029
231659 655 464107227
1568480 1746 832207670
291631 749 982216819
20312 172 960317800
2666980 1998 559465459
368077 781 686854527
13645 163 740877392
629350 1108 458194730
3037530 2278 285541122
1209986 1292 49809407
713350 1092 692957055
1865347 1827 312524239
630914 1018 160150031
332051 659 90381156
6794674 3548 954287430
1124520 1400 968605358
12637297 4493 859707387
11414 144 251538890
38636 274 834162335
4663427 2853 327167450
4624837 2785 792292081
128122 428 718512182
1550976 1664 515146582
2729 77 141865378
2545680 1964 357863538
210554 600 530342463
19729 191 38040815
2722271 2249 286610572
195268 592 616178813
2807885 2105 162142074
1595447 1655 403113756
741475 1207 191856500
9700863 3935 811276437
306335 739 952667707
26653 217 974960987
4894258 3002 523387070
2713 59 884518775
201914 614 244138849
942034 1136 731657340
1892622 1832 652550980
9165543 3981 956858
5951092 3088 607418616
3383392 2408 737918360
16469 127 507047749
152115 545 419012846
4502 98 217873312
6190801 3263 609159731
6592298 3320 695499999
10637405 4111 786610363
361479 729 14959230
510 36 35357670
1281363 1535 82943246
7846613 3545 54336096
6113669 3261 239753009
7283350 3616 427959136
1703884 1740 624535407
6921871 3385 501507614
5989 91 364899808
526380 960 655713050
5464338 3026 820976822
579105 1073 513390770
145188 466 880780939
50008 252 73744548
389866 902 394415946
1175185 1435 4028078
3842831 2535 562762690
4503711 2673 493968894
1470852 1606 103179335
11306477 4239 895861283
10347743 4099 178955971
25849 191 493602230
105107 425 437377397
59396 316 320740801
6309 109 337289196
1589912 1528 312524239
2298 54 869670557
53462 316 899740102
1843404 1668 459486613
6457872 3452 951254076
14970 160 773088937
277596 768 804939519
1073993 1375 278830534
1023502 1294 303403297
10755670 4168 226543095
196189 653 880780939
1534 42 949904131
1689512 1562 952011770
3727047 2625 155142198
107154 376 786926634
1980228 1894 904186223
9625029 3965 928075620
679053 1093 766737662
201760 532 112999905
2062071 1913 637538737
5183751 3023 390963136
1259211 1547 615022929
868638 1318 539899316
3283589 2475 97868404
2052318 1906 306290078
19760 148 110458199
680371 1045 847947637
1528006 1624 920572245
340693 695 37769293
496327 917 688653668
3767505 2645 139381333
7997468 3580 259014917
20184 178 901403157
1944596 1930 20515941
15153885 4911 244670079
115 17 429
203657 543 257708607
2419672 2066 466377692
2361080 2078 619843258
1551382 1508 245016870
4066139 2721 31975688
2958421 2351 26701232
986248 1336 707003450
2067711 1753 324359559
6090896 3096 511114360
13662899 4665 776464093
51371 255 264105011
125593 419 529121445
5882077 3309 528813142
7858076 3588 550817919
2582172 2168 15175614
35950 218 386445436
1699237 1783 95114534
5808461 3183 567497465
158065 539 718512182
544170 992 761305762
125955 431 947787397
657149 1103 771848832
6199118 3116 744332076
125102 470 574533989
9817362 3980 66540119
4413611 2653 562762690
3230937 2209 672196890
2068939 1969 534035487
473444 836 796344249
8103104 3642 559903613
8166337 3695 757597284
8678800 3770 475815881
94899 349 631255369
271532 612 808505912
10735845 4145 712299179
581749 935 191856500
5568799 3153 945667420
14639 139 492329396
329738 668 37769293
21544 218 795547531
1110196 1302 874650569
1183793 1477 645435085
2886404 2278 960001868
4188 80 245662066
3294825 2339 300545129
4561794 2830 96462084
704073 1061 854153030
68949 359 86700926
420298 898 929399265
279326 708 225524551
844135 1269 163506932
152823 467 25219831
139649 515 771591590
206563 645 880780939
424 22 767263183
13548 144 590866122
5488805 3027 867190104
3706556 2626 387320770
5329093 3161 73343479
21673 203 592126629
124717 445 685792880
7904326 3668 840307215
627076 1046 444198575
1390254 1598 648087915
1001044 1176 64233948
1007467 1403 571400935
1830721 1649 464553515
842871 1311 917726059
4530293 2859 812981470
2203450 1918 216530617
1711011 1621 195448959
1188262 1470 915837870
2633711 2105 182352954
8323368 3708 71743567
1404335 1413 745159323
3338747 2399 553449266
24597 173 711713562
2267241 1879 960001868
599026 1106 715013798
5286877 3149 978424769
12240601 4483 863333030
2523264 1992 630194490
345303 815 950188076
13115222 4568 164021554
1067145 1399 599716797
9397 151 458247558
1568100 1704 139864198
789868 1080 812189589
78169 365 686870898
2671313 2129 848911702
341679 693 948528453
2929 63 4616923
5515448 3052 236754159
121692 498 677550409
1190795 1335 836687134
4945530 2850 169348150
173849 551 918311629
5387537 3063 957326693
20336 172 901403157
49881 267 700883974
1077418 1404 835694318
12307 149 784403821
371 21 35357670
1712472 1792 567237011
3259 77 245662066
2796268 2248 499060908
2784191 2067 325746399
15293 155 773088937
14551213 4801 495057800
13971070 4786 338021332
48119 267 503364559
359297 809 406020337
2087348 1758 600763063
4897838 2862 883235701
7435119 3623 474374280
179677 591 880780939
964837 1159 736418571
1583502 1656 997008105
2790781 2257 989783438
2710454 2224 277613628
2150949 2019 653248039
2118126 2020 306290078
1800662 1844 15519343
838857 1085 794279542
4134915 2607 273683065
2251177 1933 274681845
2992416 2372 702811420
137886 518 467176030
1255289 1575 510114269
0 0 1
394351 813 197605340
6357714 3286 310358306
37972 220 262215304
439072 928 960630947
6367265 3141 358947540
100540 426 437377397
3531653 2545 963775813
103989 449 102342558
6958942 3378 454107423
2631 63 205311759
4264595 2661 46492033
1721459 1619 560790441
1231063 1469 615022929
2634071 2103 540341585
881150 1232 677947305
2366543 1925 361850661
1720294 1654 952817456
25429 213 405142173
250080 602 632853148
182366 610 918311629
4729459 2795 701938948
3458997 2501 857396835
671689 983 306894636
8450918 3716 294392023
511826 976 627188002
349575 685 692436570
5618197 3139 558561083
127098 462 947787397
3454255 2447 802539760
2444186 2126 49308198
2623357 2207 269432785
145691 559 988080768
2757909 2173 707178880
1374011 1575 557410645
2974437 2257 928309215
10533933 4119 344224814
529720 870 853819921
3987454 2716 31975688
13999 143 577894130
5723530 3080 101094683
40909 241 254498198
8042 118 185042843
4512699 2881 96462084
20457 195 795547531
1953660 1836 957236707
269030 696 444288209
3081775 2345 229145318
818558 1252 692957055
32364 248 947322438
1113942 1318 774064
6367195 3327 310358306
6489280 3322 459749526
1211765 1519 420345967
141428 442 723024629
1720608 1610 333235643
8389 147 185042843
3142342 2334 202144853
5131834 2830 914547192
4577901 2859 113622693
3157988 2216 453259317
226771 563 102933616
989116 1396 611611296
94642 384 338103882
6197571 3165 172770663
37795 217 728686673
2845571 2157 725741519
314653 679 184621699
2614011 2013 989783438
6555802 3294 744332076
7427208 3624 366311106
6558850 3232 872637620
3998595 2505 146215286
1345701 1507 674349861
1718730 1636 76856686
3071257 2365 229145318
493731 1007 655713050
807458 1170 628955391
5648894 2996 388679559
17402 186 155536848
12032712 4370 149265565
1524853 1567 832207670
4700717 2843 382446529
6185552 3362 421408214
1239692 1398 238178952
8272492 3716 497551019
1187016 1336 834019692
1081052 1398 771186145
250213 705 835003284
8665050 3782 328463584
105338 394 585764471
819695 1163 395931998
16140 164 558488487
980886 1294 169806392
10430326 4134 397932607
4495330 2702 22214272
188871 517 949882401
7471500 3472 39927316
8057860 3670 118554371
6545410 3206 942562490
121211 407 18714029
157497 513 610255492
619198 1060 444198575
348610 826 808505912
11192639 4219 866343948
309427 705 36049131
392817 839 89262822
3610278 2378 130886035
2301051 1947 766791424
28294 224 700794981
10016 108 697101768
3143301 2337 107234508
8118197 3701 454645197
24555 197 631844581
1565476 1678 870912692
2700698 2066 337642616
7749829 3595 613589478
76417 371 175035255
2402962 1988 970691201
714856 1166 440416538
569 25 564120378
239496 628 580242047
138184 436 953790398
210874 556 141225121
5524494 2926 581623740
11940065 4359 433751761
322904 734 819421970
2623 65 966114350
20261 189 492329396
92288 356 962620544
947512 1216 427800022
2523603 2103 962424299
1188635 1455 483616518
677133 969 425867144
13646 144 155536848
436759 893 934840175
2817420 2234 127406684
3358739 2445 171495898
9125037 3831 91478304
1385817 1609 874650569
1255281 1503 179998929
5768503 3005 59155451
11639670 4306 628842392
3315712 2476 516271344
807302 1234 586715527
105176 478 437377397
8523747 3769 589329821
4485943 2889 583309690
9564892 3976 338013116
531234 862 440416538
332203 787 522244250
1968811 1745 699875498
109484 390 643660388
5588160 3042 465866946
1288 42 949904131
61311 289 491116151
1372837 1613 557410645
731899 1069 854153030
452437 791 260867421
753580 1202 191856500
4948221 2919 402179291
83985 385 553215156
114543 393 225893220
2451864 2060 676571583
4784935 2845 523387070
2621040 2194 93529720
614233 1091 687141241
4270529 2577 96462084
5234186 3026 800722651
1452068 1478 985167044
116723 441 157819642
6460411 3263 193534372
2545361 2191 727773562
3223444 2270 84960377
1730439 1617 189022967
70811 325 267048862
91103 419 612754728
21480 208 507047749
3844503 2671 358415329
319848 746 100138764
6505098 3268 358947540
8313445 3773 694335402
1106288 1456 758360162
3120627 2389 394846588
4631747 2949 38616710
215894 554 454958338
728369 1169 68772681
2385921 2087 4164634
2647 57 217873312
1369374 1508 357248644
2284655 2031 659229972
1848218 1866 132911154
1351979 1589 179998929
154383 445 530342463
261 27 208012
5327310 3000 353721057
982664 1226 150660212
5491062 3084 524295025
8402522 3748 391079261
1265748 1500 28573597
143497 431 751435126
3886430 2562 823803807
797271 1043 74107536
4614645 2767 518860131
2192313 1845 15175614
21583 211 687851011
126576 474 406955973
539312 974 846841022
3940666 2674 292922994
640154 1034 862075335
5868949 3183 464949966
7403932 3430 642407672
1345989 1497 238178952
1827507 1817 197900905
5729711 2991 566899515
58143 315 899740102
573674 938 486809845
42576 272 217503157
1643595 1581 261094646
6552 102 938406495
1114379 1281 541938622
1965250 1826 646137453
1863811 1753 841970695
12483 169 171644840
5788719 3169 722297671
709194 1120 702973257
4154767 2661 678032205
5308 108 217873312
83460 338 248408142
177226 496 834169133
712889 1159 697520484
41647 265 251121713
11594241 4275 836764763
397990 864 455845943
1236430 1440 109108976
4846186 2892 691031455
9283 117 44509913
515670 926 455480555
4972070 2890 398369093
736361 1209 376002816
4514372 2700 96881919
9118 106 784403821
1047021 1233 874650569
957284 1320 571400935
4968 100 265470434
11135554 4228 521517495
286730 728 417793307
3907 79 931095477
638 30 904138301
657632 1074 28429000
686843 1091 627873102
208439 555 391989756
7802077 3523 729400650
3971724 2692 938737951
936637 1341 427800022
5236092 3004 402182984
3488776 2462 962026084
4797659 2809 808858825
1171788 1438 645435085
6409048 3176 36202452
990350 1184 804843314
2407462 1920 504596305
6808878 3276 789189090
8051124 3574 426967166
212537 565 225524551
52215 323 264105011
809 33 946367425
123282 490 312949408
2486204 2018 580495656
5633 85 709042248
280151 659 446830624
2713523 2213 324359559
394511 837 418460065
6959257 3421 977443864
85874 400 19870649
559706 1062 575330457
1745998 1752 786015503
1046153 1359 752976226
1468767 1461 426333917
358375 697 187250850
1933883 1859 606408241
799921 1145 904579141
350 32 58786
6543980 3406 779344978
1122192 1370 835694318
1094734 1258 234320375
1137184 1410 746419833
941591 1313 617555926
7451419 3643 535591740
103900 420 280916397
596682 952 636312280
10181 133 889345934
64931 353 619905290
20686 182 110458199
1307520 1538 933637461
32473 209 572778435
19886 160 507047749
3664980 2372 682112370
1674672 1708 820746830
824599 1081 771186145
178024 536 880780939
3261143 2359 553449266
2480985 2033 766791424
416156 848 663610744
1317 37 488309750
6767358 3284 722021162
1292801 1571 961785170
1496668 1598 811202382
1896982 1764 674985531
104307 457 722295098
768932 1098 274447782
96162 368 767056978
951346 1238 162147453
443232 898 557505004
66609 355 568102496
313465 737 811343037
1880967 1783 170627208
399606 890 197605340
9352045 3903 939601602
1722966 1774 985167044
28902 220 678423530
1002714 1308 74461628
1945136 1754 32421244
926413 1305 162147453
41445 239 840421439
588503 909 244424391
2894921 2265 960001868
2246845 2015 659229972
533 27 35357670
31680 218 49035108
12283008 4468 746066584
563688 886 191856500
3404724 2278 31975688
319704 762 310066214
282787 631 910810606
6276543 3383 844450921
2185575 1969 150821020
2914746 2328 970691201
3657064 2476 488441245
2447352 2028 516436468
82286 346 19870649
435454 870 960630947
29072 214 601129776
195539 521 985742508
650885 1071 771848832
268602 652 184621699
4453504 2876 583309690
69463 307 175035255
340 24 35357670
5377011 3149 342276271
4565933 2777 345020278
239079 647 202591168
401938 746 461918345
14066632 4804 558259698
2062011 1757 15175614
1178525 1499 335284174
7797802 3572 464264962
2071075 1815 656719329
2326768 1964 124852912
473626 958 452918504
261877 657 109110435
11468770 4332 336484411
4484809 2761 583309690
7239047 3407 561438660
1289588 1572 840245164
124361 417 855208122
28791 191 251121713
799726 1194 133823834
384650 896 788858421
2208433 1927 560790441
3089856 2370 107234508
2309853 2047 108314590
49871 265 52491136
4975462 2906 66967596
4431020 2682 96462084
180175 515 19598613
38263 279 605222819
136011 463 855208122
348203 819 439196294
6825496 3482 695499999
1494614 1560 419479617
175945 489 19598613
335377 831 952667707
874007 1223 166762595
2927167 2137 178520874
522782 1012 960453632
9513 133 889345934
8825264 3788 209709672
4344378 2850 414630791
10055239 4027 155047520
171504 486 927843991
3166097 2215 261498821
26594 166 436370714
233601 611 237733031
65229 309 460439521
93841 357 704119401
3733295 2429 527923768
425138 774 92542487
629970 1106 771848832
506718 850 471858089
8862635 3797 196502244
105945 381 703283912
719505 1067 377531791
7601894 3508 684759557
2763969 2133 221029205
984483 1381 220639770
326 24 58786
1238301 1407 761674156
8443543 3713 488935030
174894 460 237733031
2016577 1911 833013706
10824059 4207 529794930
2595869 2189 23417766
602688 914 133823834
3601861 2459 641093140
2718710 2270 265083682
4535242 2780 844933629
608637 933 272156541
4410482 2874 514900301
32313 223 516266904
4144387 2591 642660857
3337792 2304 576045671
9400624 3864 585823915
87909 381 696732868
4697107 2819 74920925
656775 1127 471858089
42483 237 339212030
7441 115 887145589
2 0 2
177569 575 275600975
6706642 3438 916980580
1632095 1731 375086072
5923280 3186 631070178
167210 480 834169133
6200623 3193 542607513
6576124 3300 993879949
293343 711 205073606
553550 1038 859980861
2070347 1955 332985029
7156550 3404 911618435
1542663 1545 805605607
1116530 1452 758360162
832224 1078 547514384
1880124 1666 459486613
434870 888 591137401
3388969 2407 553449266
543312 878 9021224
2800070 2246 989783438
1246281 1357 199312335
5440522 3044 711967401
485198 838 187250850
1852861 1659 62488793
93333 407 275452695
830397 1313 660761581
192284 600 61316464
428248 888 130305338
3822333 2625 625226497
399161 945 651145998
385206 822 651145998
146482 444 418630243
16457 161 7221034
6542155 3255 686343740
3051341 2317 198514177
945240 1276 275741480
31443 219 493602230
768921 1179 276436837
433 21 129644790
737861 1171 822214286
8340547 3699 791310440
2099714 1884 437421388
62014 324 861399108
130768 548 352580526
3048866 2166 145310094
1394176 1418 149027660
1093932 1446 441744837
82810 368 515577941
2590195 2005 97868404
9169998 3828 511772990
7508417 3481 409678354
3901 75 765348450
1197566 1494 150660212
5163159 2863 171781290
2620044 2228 211667546
11663648 4342 433345086
46539 261 475874715
291674 652 89262822
1834299 1801 745159323
1405292 1418 387544493
947589 1213 746298287
10583703 4127 929702304
3901117 2469 598427051
1863864 1676 321873015
2113512 1932 300896273
9052361 3951 439980968
324607 673 289799204
185034 518 922606368
862774 1286 93072712
4025233 2617 914241477
4487127 2633 272651863
2296292 2054 74747751
6458 94 887145589
2679 83 602941373
6156129 3301 408329989
3254438 2276 59790864
6701744 3322 539919518
421947 839 929399265
4234763 2681 112304135
126573 485 352580526
4529929 2921 487854429
555737 925 160150031
7348049 3507 244599321
1705823 1773 317759959
1804480 1692 199327870
295 25 208012
62594 286 515577941
150845 531 668663257
6695006 3314 693088138
3688983 2573 748833697
1818635 1809 233600780
587561 969 757939065
2964470 2368 504596305
619169 1075 716529331
9842287 3951 406330352
1963705 1937 183735226
5033063 2911 74992108
1272115 1487 510114269
844915 1239 854153030
4032733 2483 962587422
2197301 1987 388579247
232096 572 655864300
875 39 564120378
81507 409 86700926
2951497 2135 962026084
472548 790 556932863
3556333 2515 261498821
10721352 4148 265619378
2129572 1948 261094646
63929 283 606708415
3270089 2371 334934397
766 34 904138301
2731858 2050 951321235
502182 914 518969626
8565927 3759 116333112
3831766 2480 463565601
6468833 3431 842020784
461830 906 452918504
1055 49 904138301
4291256 2694 661608480
893681 1125 645435085
10457869 4071 614532436
271261 735 84926816
1963434 1950 606408241
3385792 2400 423471405
529999 949 273380691
3296136 2442 992897618
79911 439 700950866
1717432 1756 112796378
1328160 1560 788123559
183813 569 200472632
1028872 1420 812189589
11819 147 740877392
998697 1373 812189589
14264 140 492329396
5118711 2833 319803270
1399370 1536 591932587
603386 1006 389400127
1096534 1302 720720066
142415 565 562195931
8976475 3783 735681179
13007412 4552 499383000
441642 788 883502575
1650700 1724 589355414
430214 832 741860141
4079885 2533 96881919
2103245 1803 495605374
6585502 3344 152687189
2607163 2191 23417766
2611704 2052 826252199
4538194 2766 292828086
1736220 1756 231435210
324411 749 36049131
1389170 1422 387544493
5345909 2893 27806022
50460 322 349920924
274065 619 576929129
29887 225 951972448
49237 279 339212030
1523506 1572 63832581
406056 800 6297754
3196567 2359 337642616
3251497 2325 983364306
766038 1248 697520484
3112699 2329 488062478
1217341 1485 165366544
5209702 3110 713561637
6792061 3381 529473565
1486016 1608 589355414
6018032 3084 388679559
6672407 3363 9371355
7098591 3385 982383201
193779 555 833942127
422858 886 195021619
49637 297 322682687
913048 1170 758360162
5988819 3077 789796864
1749606 1634 952011770
10649 159 881931175
653034 960 759996724
762565 1227 742890808
59238 322 700883974
10848790 4258 290497983
6514148 3324 779344978
3339416 2304 962026084
802181 1237 628955391
771997 1025 74461628
2625355 2241 269432785
1183594 1466 495543035
409954 868 651145998
2847820 2084 37079325
3928436 2664 341222943
220620 560 109110435
919824 1314 780643499
35610 214 572778435
1484522 1588 542099927
2531493 2125 656719329
8766741 3785 346614711
1595473 1757 817658951
125901 481 83909579
253343 685 595124466
169191 505 750484565
742996 1118 9021224
3804 62 765348450
331231 771 323451970
2686010 2188 277613628
3775909 2431 177095090
1435709 1601 942426044
477440 832 130305338
1080625 1413 968605358
1255104 1466 150660212
48488 284 475874715
9537744 3896 4250478
4422 78 709042248
10733950 4152 815534737
2901665 2265 507302598
3446455 2435 143677130
4594597 2807 74920925
274585 613 808505912
88243 339 677550409
1197406 1398 745446258
149094 520 771591590
1150 50 352943583
3028385 2341 919514473
71671 363 707460297
292014 660 603120023
1464317 1569 885872509
6675455 3363 542607513
4765050 2876 792292081
168786 556 718512182
512527 983 486026476
599296 934 276436837
2950635 2099 561380858
579986 914 680705022
398801 791 263841367
1566656 1694 515146582
419745 837 418460065
1218955 1551 420345967
32343 203 605222819
2242264 1862 744264235
313799 711 79649107
32259 209 986437771
8826636 3742 705194734
18213 155 832173531
3335242 2358 790836258
3826492 2590 358415329
767392 1102 877272624
517709 869 211315871
3087430 2310 243822242
731466 1134 376002816
5600886 2954 485277047
104029 481 121039181
2045991 1849 346818869
2421948 2096 129786889
627270 1060 609749537
1703513 1685 970992370
150703 455 329862901
431876 904 506312642
99237 397 90077624
422239 891 320402868
807508 1100 641045545
1088171 1429 441829100
126119 499 868034650
11140060 4236 999392430
1678371 1695 712856433
10450 120 697101768
34409 253 251121713
5298148 2972 957326693
1124493 1433 165366544
605994 962 272156541
8337140 3698 118569449
303906 794 655864300
396 26 129644790
169337 527 27627392
1088358 1356 904070906
2510457 2139 268846953
31296 236 733300263
2216 52 468488140
1878888 1816 973537161
1257968 1330 635676541
467234 924 902686987
41178 244 339212030
6212033 3159 567795611
843710 1176 306894636
540721 985 260867421
7223767 3529 201990507
927570 1388 274447782
4202437 2685 380305264
5233996 2998 239753009
602756 1028 796344249
68869 339 86700926
4919636 2912 191105907
794173 1133 692957055
600876 910 564501713
2611274 2058 93529720
4951424 2890 304408811
919632 1230 898280681
11013056 4240 695487551
901415 1117 987072406
7662787 3557 347417806
2994 66 245662066
6554 110 709042248
5787084 3142 167374444
287350 720 225524551
5090617 2951 464912809
237052 648 237733031
90235 357 677550409
4207780 2556 720650816
151189 467 275600975
1750191 1819 567237011
919321 1269 354728037
2400962 2072 762232062
382443 895 576929129
619025 949 5420593
7422 118 364899808
2034703 1783 14184617
878509 1171 336801778
288814 648 73498437
