756
17
0
278
1107
10
8
373
23
1
987
1
12
11
10
11
987
5
1218
831
987
20
1144
728
735
1083
7
784
14
158
18
1007
956
550
912
987
301
719
16
550
726
16
1040
18
12
9
14
682
3
0
1023
3
279
4
14
723
940
467
778
793
456
74
13
728
0
1238
1107
23
1083
773
93
7
5
25
3
8
14
0
8
346
9
71
5
728
25
730
1062
883
102
16
16
0
15
394
825
86
5
1129
109
1218
742
99
191
513
789
10
723
10
11
0
0
1144
831
18
178
723
483
298
17
16
400
2
19
74
17
789
255
789
1144
327
255
912
1
726
41
767
940
18
226
10
756
23
849
723
863
0
330
367
1083
198
18
24
11
778
25
27
1107
849
15
21
14
8
120
722
1168
27
987
0
722
1040
720
810
0
5
15
16
1083
778
863
537
723
555
0
10
956
21
297
146
550
255
849
23
36
4
1195
550
4
893
3
839
102
330
561
767
1238
19
22
40
1062
21
802
12
26
0
572
3
1129
1218
1218
0
15
744
93
2
19
393
381
210
1083
16
300
0
10
0
9
5
16
728
16
203
912
175
773
7
269
415
277
744
6
921
13
793
723
102
1238
511
7
18
288
6
784
19
1238
271
13
1107
4
742
778
831
15
1195
2
19
738
311
893
1129
12
902
90
0
15
394
3
0
773
767
38
940
127
0
25
12
789
10
20
883
0
23
956
167
1218
17
7
16
251
21
1195
16
810
81
961
793
0
1
176
789
1040
1083
102
1007
17
169
839
744
728
1
0
0
364
446
1083
0
118
29
730
216
1218
0
0
726
4
17
61
18
146
1107
0
22
1
756
1218
158
395
744
0
0
393
298
465
9
16
921
1129
7
10
23
0
419
228
1083
17
784
3
18
921
19
1144
21
1
722
1144
956
1238
14
311
763
987
940
972
0
810
728
71
25
13
18
0
406
15
9
381
921
206
940
1218
17
2
744
234
802
1
1007
0
381
14
525
16
956
12
27
0
470
453
14
280
789
16
4
0
39
102
572
0
1023
9
15
10
20
1107
5
1129
1218
143
12
488
0
1062
744
778
419
912
20
767
193
11
912
22
24
234
793
729
345
23
108
831
642
1007
99
987
13
65
956
756
1195
292
956
720
11
87
721
720
608
912
419
30
591
11
18
1238
863
831
868
12
18
921
92
381
810
1107
744
184
17
14
767
12
0
1062
470
728
14
524
1168
168
470
11
0
29
15
1129
333
0
720
1238
767
1238
35
1168
0
773
234
17
0
14
720
229
55
107
76
723
21
723
961
723
12
726
0
961
987
902
1195
773
50
277
393
0
393
1040
0
15
178
225
514
10
810
883
868
682
56
1107
406
1168
25
15
902
0
738
439
45
1083
810
4
902
728
311
778
742
1083
11
0
17
723
1
197
0
1238
1007
0
17
1040
312
723
0
742
36
825
0
197
1
1040
723
0
1129
7
8
225
0
778
1195
14
456
839
18
404
0
3
234
467
184
1083
7
868
789
810
19
366
370
849
204
118
839
6
143
1238
7
1
849
4
6
24
172
487
55
763
721
270
1144
10
0
0
228
784
7
433
723
13
11
24
0
299
784
0
0
723
184
445
37
16
1007
89
0
1144
1062
1
6
5
2
21
20
1040
1238
23
16
11
331
23
893
912
1144
5
6
921
723
108
3
810
1040
14
1218
1007
4
14
720
26
603
506
225
1129
0
1
9
1
921
831
172
1
102
23
196
1129
1040
723
723
2
738
723
8
224
10
119
0
16
61
524
143
0
15
4
825
11
789
20
10
940
893
940
11
0
0
11
1023
839
1
1040
120
197
802
14
21
11
18
921
1144
883
1007
27
723
1107
902
1218
10
778
521
20
756
789
0
728
729
1238
1007
1023
10
9
656
561
470
863
354
17
0
355
470
6
883
21
8
825
883
107
729
1238
11
921
36
16
1144
12
1195
13
825
222
831
330
1238
16
1
154
107
20
1040
912
367
2
0
7
5
2
470
789
63
1
14
1040
174
839
773
19
802
1
784
460
778
16
9
3
255
153
225
961
0
2
0
723
2
19
182
310
160
839
0
4
366
0
972
1129
130
961
11
868
940
466
0
7
1040
0
22
16
9
12
789
19
254
8
1
784
1107
4
972
940
13
20
10
1238
1144
5
419
19
2
656
1218
26
184
15
789
40
12
1062
506
2
14
297
1195
0
0
8
162
20
902
1023
9
207
972
0
20
831
130
728
21
961
723
789
16
763
234
11
723
608
14
1
773
2
12
327
956
54
793
868
20
893
185
726
5
728
17
18
5
12
21
465
773
22
445
4
849
831
16
750
831
793
79
16
956
11
1129
912
0
22
18
13
143
0
10
13
1195
0
738
279
912
738
0
11
868
1168
314
729
738
0
810
1238
849
902
162
393
0
27
56
778
5
18
863
784
0
0
1040
210
368
721
1023
956
513
912
464
0
723
13
15
912
14
7
742
0
893
25
750
76
13
0
628
849
16
735
742
7
839
2
14
729
115
961
2
656
839
2
1129
1129
883
1238
1062
10
789
1107
11
572
723
1144
10
0
1218
723
300
723
298
127
1040
750
722
24
831
6
10
723
0
386
1083
22
1
5
0
14
11
883
1218
810
6
1218
12
102
572
0
15
868
223
793
1040
1062
16
0
23
3
21
784
756
0
773
742
1023
0
723
393
940
940
0
419
21
3
0
1
7
314
11
744
1
763
987
723
664
550
9
972
19
720
40
14
723
0
13
726
902
364
224
1129
789
767
23
143
1083
793
224
136
1083
1
8
25
1129
15
0
723
196
0
1129
893
368
3
0
9
255
0
11
0
21
6
921
36
868
1129
154
18
109
15
738
19
1083
14
756
128
3
572
365
750
201
767
902
20
29
136
1144
21
912
750
1168
445
234
511
278
14
277
224
15
1168
756
22
1023
159
403
19
202
14
784
863
849
1107
0
7
902
69
93
157
292
940
722
20
30
1
750
292
12
722
18
12
0
367
961
20
10
863
21
536
224
255
234
1129
1007
11
169
1023
17
14
1218
839
36
1040
157
6
0
1
101
1144
2
1083
744
1238
720
18
0
23
1007
0
1144
1238
1023
448
730
12
138
279
0
11
21
8
0
36
839
825
3
1129
72
789
12
720
720
366
863
825
470
11
723
738
940
14
728
0
20
849
17
157
778
93
0
513
11
742
0
13
14
196
19
1083
20
956
255
0
1238
23
5
15
21
1129
21
1062
784
197
642
17
1195
330
3
912
1195
8
742
43
723
744
20
535
912
825
11
0
0
1168
5
8
10
1218
41
1007
4
756
419
83
30
756
3
0
56
778
956
921
12
15
921
15
19
987
176
277
365
4
2
1218
723
14
224
234
720
266
784
1195
1062
460
25
17
20
9
0
793
18
12
756
1218
10
2
863
453
1168
18
921
15
76
1238
419
22
738
21
24
784
784
18
17
722
1168
1062
6
0
1129
17
8
368
784
13
940
726
1129
728
972
0
403
333
1129
863
7
940
0
21
723
730
763
234
773
1195
1
230
1
15
14
21
7
19
14
406
721
1168
8
16
1007
1238
355
210
39
296
1195
763
1007
30
419
7
972
367
146
1
1195
15
158
987
831
1129
2
972
723
987
17
9
728
690
251
831
1218
374
3
1023
162
1168
0
1238
664
0
386
3
11
89
1
419
2
14
723
1023
26
223
25
313
825
0
16
921
0
524
21
16
1195
1083
723
839
228
756
313
101
234
728
10
142
773
7
13
93
0
1195
756
13
720
11
1040
1218
145
9
1195
5
921
10
11
19
349
12
1168
220
12
14
123
56
1
789
1083
4
2
784
723
16
235
3
793
1083
327
1
763
987
6
1
10
234
15
196
1062
26
13
0
5
0
723
14
0
723
784
921
8
13
0
55
124
0
24
18
19
1040
167
750
26
234
14
272
0
4
313
21
11
720
738
466
208
831
0
24
902
55
312
169
1107
723
0
1107
1
6
802
6
987
419
738
203
17
912
1
58
767
415
20
0
18
742
160
14
723
756
1007
789
0
2
466
56
723
223
1062
1
1168
419
118
4
1218
5
0
21
735
37
394
902
723
295
21
145
39
802
742
366
6
1062
14
27
721
11
142
720
18
628
23
300
8
13
726
802
0
1238
893
868
185
16
515
1238
536
14
863
184
802
756
19
0
19
49
8
956
443
778
267
11
0
4
38
188
1040
7
33
22
5
2
0
15
0
7
21
839
720
26
26
1083
4
1
5
24
405
296
5
233
987
41
20
4
730
723
1107
21
7
23
720
0
912
902
0
825
987
331
8
333
1195
14
36
1083
1144
6
2
793
312
0
961
720
802
1195
4
912
883
22
4
18
1195
299
230
454
15
1
0
395
1
15
7
849
17
1238
1083
802
312
763
1040
7
912
16
19
618
778
0
1
1040
292
178
406
720
720
11
1238
78
22
24
756
0
831
868
9
863
1238
0
0
365
187
4
11
1168
1007
723
0
863
0
365
1023
15
230
15
921
18
789
720
9
13
0
341
1107
1062
4
868
56
13
230
2
301
921
537
0
1129
18
0
883
1062
1144
13
19
12
18
1144
11
13
1
298
10
550
1
868
0
1040
18
22
37
940
0
9
738
225
1
120
12
664
893
22
720
839
537
1007
1218
41
756
8
15
13
506
11
24
292
293
7
26
1
1040
784
8
5
572
1107
1144
23
5
6
868
12
414
793
5
0
14
1083
0
561
987
4
15
1083
2
16
21
22
21
102
1083
6
730
893
