2237
2101
2134
43
401
158
227
672
126
571
508
2617
31
2519
2023
404
257
2134
2101
1537
757
1865
1904
2347
2519
2006
293
2392
23
456
2277
50
2237
2058
2034
1962
9
1851
1465
1886
396
2212
35
2157
15
727
2034
924
1858
1904
1879
2347
2392
4
35
2058
205
50
2313
1879
1856
2477
922
2347
2058
922
2058
1854
1854
293
671
200
8
1891
1856
1853
2134
4
1868
2023
1886
2392
49
1861
1904
1861
1977
904
456
2134
223
37
2477
1904
2392
1865
957
1865
1904
38
2313
2617
2617
42
571
2182
46
2006
2006
2392
219
1898
575
0
2101
2277
1977
1854
2565
925
338
2080
42
1891
2058
2617
46
2157
458
2565
2080
2058
2101
2006
1886
30
1853
1977
1977
1891
35
2101
26
1943
1891
2519
1868
2080
2157
2431
574
656
50
2023
1886
2519
2058
2182
1006
860
1861
2519
3
2617
1891
1
2080
763
2617
671
1865
2237
1962
1861
1962
572
2565
34
1290
294
1868
726
135
289
1861
767
2477
1853
2134
2477
1891
2157
2134
1854
1856
1992
2080
1858
2006
1854
2058
15
2565
1943
1914
582
2080
1854
2212
2058
2519
1854
1861
817
2565
1879
1914
575
218
30
344
2617
1962
297
1879
344
257
2313
1933
400
726
1579
2157
1865
2237
1861
2431
2182
2006
9
2080
2277
2134
49
1854
34
1992
104
2023
1383
32
1898
2212
1962
14
2212
1854
192
1499
382
1154
2277
2034
2347
2023
1962
595
407
2212
582
14
2101
1898
2519
1116
2519
1904
1943
22
2182
2565
2617
6
2237
2006
50
1854
37
402
352
1977
2157
1962
2617
109
571
1943
297
1943
36
1
33
1943
2519
1943
1904
508
2237
2134
1854
2101
1151
725
2565
1861
458
2237
2477
1933
1992
2212
32
2519
2617
1856
675
35
2617
1861
41
2134
113
1977
835
1904
293
1865
21
458
458
2565
1290
1659
2519
295
0
135
33
1853
1933
164
2058
2212
456
2023
2058
2134
1891
807
2182
2617
1879
2006
32
2182
2212
2006
1853
510
1856
42
0
14
2023
1
1992
154
1992
31
1066
2058
2477
48
1011
47
2617
113
2431
671
2006
875
32
1152
2277
43
2101
1962
1853
354
1943
2134
2347
975
2157
2134
1856
2034
509
2347
1977
2277
2519
2182
2313
126
344
924
2182
2134
2006
1933
2058
1992
2157
865
2034
1384
2006
1886
619
2565
2080
1724
763
1898
1858
2617
1858
2392
2565
2157
2034
2431
2519
2023
2034
2392
2277
2101
18
51
1411
1854
1117
1992
1854
1795
2006
2313
2023
2617
1861
56
2477
2565
41
1886
859
111
2182
2157
2347
1200
596
1856
52
110
1962
64
458
1933
46
2157
43
2313
43
154
331
401
2431
2617
1537
2477
2347
2034
1853
1858
2313
1914
2101
1614
1962
1861
400
1977
1411
1891
517
1865
2034
231
280
455
2617
2134
764
38
2519
1856
614
401
72
1384
2431
286
12
1199
2565
2617
2431
1962
2565
2182
2182
2058
2347
2313
44
922
160
1962
44
877
1933
2058
1861
2006
2058
1411
34
1290
29
2347
425
2519
2565
1659
2565
46
113
1290
2347
0
571
924
2617
1854
164
31
104
1858
38
1289
1933
1868
1992
398
2134
1879
1861
836
2519
1537
724
2565
1977
2212
223
31
1977
1992
2313
2157
1854
36
2157
2277
1537
345
1868
2134
1977
2237
2023
2519
2034
2313
298
1962
1858
1853
763
1943
2617
834
2237
1914
1992
2477
596
2182
1853
1063
1858
1868
38
2212
2101
2034
972
975
203
2101
2477
10
51
1898
432
2
2080
1891
671
1151
712
2347
2023
36
1861
2157
2023
396
1865
1992
2023
2519
1879
1116
272
1904
2157
1904
37
154
2101
53
456
2277
2431
925
2101
1898
1854
2477
1962
2617
724
35
1465
2313
2392
671
2392
32
752
1943
218
614
41
2134
1891
37
1943
1879
2431
2080
2212
2392
2157
1933
2182
877
2182
4
2080
353
42
707
2157
2006
571
1886
1914
1962
671
763
2477
514
1153
38
2431
1914
769
596
1858
437
1891
2617
1933
1879
922
1012
2237
1411
1865
1879
1854
1858
2477
2157
2565
14
2237
154
616
2519
2212
1854
1962
925
1933
2157
2277
45
39
1898
2477
1854
1962
2477
456
2431
560
1858
2034
1992
1891
1868
1977
612
2134
1891
51
1861
1977
2023
154
273
975
1879
55
2565
33
1962
2212
13
42
2277
2101
293
724
2101
877
2313
2157
1962
2023
1854
2080
52
671
1854
2134
1898
2392
10
37
2157
2347
2237
2182
1069
712
1943
2519
613
2134
1868
1856
1914
2101
1891
2277
2157
2080
1891
1861
1868
31
1977
2157
2212
610
512
2080
1858
123
44
724
2023
113
289
1499
2347
32
2034
1879
32
1943
192
2565
2034
31
19
1992
1854
1854
610
297
2134
923
2565
1886
1858
352
1199
2134
231
2034
104
2237
2080
455
1854
154
2
509
2006
859
1351
2392
396
293
548
1914
2392
1868
1060
2617
1256
41
39
2157
1962
2182
294
653
41
2134
2617
1383
2431
2565
2617
2157
573
1962
2313
219
875
1868
2034
2101
2157
1868
2313
1853
193
1914
2080
1904
2182
2313
2080
2313
33
256
2565
3
45
50
1962
2023
2277
2277
1977
2277
1853
1977
1898
2080
54
2080
2617
1861
1914
517
25
32
0
1879
2392
2080
2134
673
834
1
38
615
223
1943
2431
924
1886
2157
38
956
2212
2212
109
53
1904
39
2134
875
2023
2617
1854
2347
2
2519
16
35
2237
673
725
1853
43
877
1962
2519
16
2080
2212
1914
1943
2431
956
1904
673
2347
2431
2212
1465
1992
1868
1854
1856
1411
2277
74
876
1914
1868
15
2519
724
1853
2237
877
39
2431
2058
1977
1891
154
2182
1289
2237
1069
2006
458
4
1865
1856
835
1853
1865
2182
2313
2157
18
856
1411
39
1992
2431
1853
580
0
653
877
1854
378
2431
2617
2277
671
726
39
1898
295
2023
575
1879
396
1962
1012
2431
2212
345
2101
2313
2347
1992
1865
922
2237
2237
165
2080
2182
344
2277
1861
2212
2565
373
1853
457
2101
514
764
2212
15
2080
28
2182
0
39
1465
2431
1891
2617
1898
292
2617
264
20
1933
2313
1537
1141
1858
2023
9
2519
29
4
2519
31
126
2034
2134
2182
763
428
2565
1904
1891
1992
1067
104
1914
1904
2617
1879
1886
2519
37
40
2006
350
1758
38
458
23
1384
2313
2023
2237
1977
2058
2277
1868
1992
2
2157
1898
1914
2034
2157
1891
2157
1861
866
1914
1886
1195
1858
2431
1992
35
2134
1865
1858
1152
724
2034
597
44
43
748
36
104
2006
2313
2023
2212
2101
1865
2034
1904
2347
2006
2277
1898
164
724
113
1886
2347
13
1854
35
1465
2212
2565
2313
1153
2134
1854
1853
1977
547
1977
88
2519
2212
1858
47
1537
770
1891
49
456
2617
2519
1943
2477
2101
2392
2134
2431
1861
2101
2477
2237
1992
2477
46
2237
2212
27
2006
1011
1856
2080
2006
1977
38
1943
2006
2431
875
194
1861
1904
2182
2034
2101
46
2477
456
2313
24
2347
1865
2182
704
1290
2058
1153
2617
39
2023
27
1943
2477
1977
2212
2277
219
1854
1933
2058
2392
1962
835
2617
1868
2212
1898
1861
2617
2134
1904
31
1868
1943
2347
38
2058
1977
2565
1992
223
32
2182
2134
2101
1943
1879
1854
54
1856
25
294
1886
354
2565
2237
2034
1465
52
2182
140
227
114
2431
2058
2023
2212
2157
753
1854
2431
162
1066
1856
713
38
1853
1858
1891
2080
1865
1898
126
1886
921
2034
2157
1962
2034
2313
2392
1865
614
455
385
2006
39
257
2617
290
1861
521
1856
610
408
1858
491
14
2
41
2519
2080
2313
2080
1861
2519
1992
219
2023
2617
2157
1861
2237
1886
2565
1861
2034
39
2182
612
1659
1914
407
1879
2023
1499
1914
707
113
2519
1758
1879
2277
1858
2477
2565
2477
1858
976
2392
2034
2565
1856
158
1891
571
1858
36
110
2080
2392
2519
571
1853
297
1868
1992
2519
2313
2565
2519
2034
1861
923
1977
1977
1886
297
1891
1943
2212
2157
1977
2277
1054
41
2157
44
24
2006
46
1891
2212
35
1465
2617
1992
2023
2006
2080
2519
1659
27
51
1853
2431
1012
44
1886
764
835
1054
267
725
675
2477
382
512
1933
1007
1011
41
1199
2617
726
2157
2392
2237
2058
2212
1914
37
2392
2237
2080
1904
2313
2134
2347
2392
1933
6
1943
30
1854
1933
2477
1886
2347
1879
353
1
2023
1914
2212
2006
2617
2212
2617
2477
1854
34
2080
2080
1868
726
2477
33
2157
2477
2157
4
1851
1898
1992
229
195
29
1933
611
2565
11
2034
1962
326
5
1858
1904
2477
1891
2519
2212
2023
2519
2212
1537
35
1943
1898
2182
2034
1933
1904
2006
2277
32
818
223
95
835
2080
66
1914
1933
31
455
1854
1933
2565
401
1858
1962
2157
104
2313
510
1933
763
28
2392
2477
1933
1962
1116
1724
1879
1854
2237
113
42
2477
675
2347
2565
1914
38
4
1868
4
5
763
1904
2101
1879
113
1904
2313
35
1856
11
2477
2101
1411
455
38
53
1151
1854
271
2277
2477
2519
1879
1861
2431
407
1411
2277
673
2006
1853
1337
1854
104
43
575
160
2237
160
129
8
2347
2565
978
1879
37
46
10
1886
10
2392
2212
31
294
957
763
38
1977
1992
138
1054
2313
2237
2058
1
509
875
1152
1943
456
2477
1943
521
2565
47
1868
2157
2157
408
39
1067
2023
2101
2182
2006
45
2134
2617
1943
2058
1858
2565
1865
2477
38
2565
2347
1891
13
1854
1992
611
1858
922
918
2277
2157
43
2392
2347
1854
2058
2
343
2034
1977
2101
2617
1962
1914
1854
2477
43
2006
512
2519
19
2431
1891
835
1962
769
1854
133
769
610
1256
1865
54
2313
571
162
835
2313
35
2617
1853
2212
1856
1854
575
1904
2134
2023
2157
50
2237
223
292
2392
2565
1199
292
2477
1865
2313
428
60
1116
1858
223
2519
2237
37
2101
1853
2565
43
21
1854
1411
38
162
1886
1858
29
2277
38
2277
87
1465
2182
203
1914
113
2347
2134
50
16
1904
2519
2134
2431
1933
456
2080
1992
38
156
725
2034
104
2212
1854
354
2313
1110
53
1003
2617
18
2006
200
1962
2565
1898
2617
1
289
456
19
1858
1977
37
1962
2617
2519
402
2006
1854
1914
2565
2237
154
2080
2392
137
297
2477
1853
2134
1151
2519
220
2477
1579
456
2431
958
2212
10
39
2347
2565
2182
110
455
2006
2477
2347
1069
671
1537
2006
1933
1865
1854
2617
1914
2392
610
1904
2058
2519
1861
1383
1891
42
1861
1891
377
1886
1116
1854
1962
2617
1992
1118
2431
2477
2313
350
2080
616
352
615
2157
1898
39
1943
545
2392
456
4
219
2617
1886
2134
671
2617
2023
2347
1861
223
1992
1914
220
2058
48
877
2237
924
1904
3
2392
1904
53
1258
1868
2392
2023
1943
2034
1933
763
39
2134
1069
2617
2313
45
2157
2617
770
1411
1977
12
2477
1977
1854
256
2237
1289
2101
1854
2080
1013
1856
2313
219
2431
14
1992
32
972
2347
2058
1858
763
219
613
1853
2212
1012
49
1861
2237
2347
2182
1898
64
769
52
611
2617
1496
2431
22
2034
1854
2006
2212
52
1865
972
1992
2431
1977
198
32
2006
52
1977
2565
2519
38
763
1856
2565
347
1879
724
10
1865
1886
29
153
1858
211
44
517
2519
2519
1898
42
615
2212
864
2034
35
1886
2477
204
1879
1854
2157
2006
651
1856
315
875
2431
2134
2
1891
1886
1291
2237
34
2431
110
2519
724
11
39
5
37
2237
51
160
2212
0
167
1865
2101
220
2101
2058
1992
46
2392
39
2237
2477
1199
456
574
2431
1251
550
1352
2313
218
2157
2080
404
611
1904
108
2519
838
512
662
1256
322
2477
651
2392
2237
1116
47
2212
38
2157
374
2617
2617
1962
1290
33
2347
106
53
37
2313
2134
1904
1904
1904
770
455
2617
2157
1914
1142
925
1943
1891
70
18
2101
1865
1962
1865
1891
2277
2347
41
206
2134
1352
2519
2101
294
2565
1914
1886
2347
19
33
50
2058
64
47
673
2617
53
1992
2080
2080
2277
2157
2617
582
2565
16
1891
2519
2
2477
1465
45
2313
2277
2477
2034
2023
922
22
2431
822
2212
2134
1943
2212
2034
2237
1865
2023
2392
2134
1856
2313
2134
1891
2565
2392
1992
2392
2392
2477
2431
344
1116
13
2431
2313
1992
2477
2182
1992
2101
404
2157
456
2277
4
1290
1898
565
1865
764
22
2277
2058
2565
2519
1689
2212
2565
724
1992
2392
2477
2347
154
110
1865
612
2006
44
279
1856
2565
1904
2006
455
2212
38
229
1116
1977
2080
0
18
2313
2617
1962
1933
2392
1879
4
29
294
1977
3
2431
1067
2182
2134
20
154
227
2212
1933
2565
2134
1977
383
495
2519
512
2134
2237
508
2347
85
2182
1868
1069
2565
1962
571
34
1977
2277
2392
2392
1861
671
835
2431
33
2392
2006
2080
2237
1992
0
2392
2392
723
2237
612
1891
52
1853
2519
2347
2519
43
295
875
1854
1861
2617
2182
1898
2347
2277
2392
1943
1152
1977
53
348
2237
1962
2006
2182
455
2134
2313
1886
1904
922
31
2237
1933
104
2080
344
36
1879
457
2134
398
2565
164
354
2034
2134
400
2277
154
834
2477
2034
724
2519
1977
167
1856
33
1891
2058
2277
2006
1854
2080
35
1856
2237
1992
1854
1291
611
2080
1898
2058
1861
505
925
727
349
167
972
36
1992
2058
1865
408
1856
2080
2157
344
1886
1853
1854
1962
1854
32
347
456
1854
2134
46
875
43
921
52
2023
42
198
13
1411
2157
2237
2431
349
2565
231
2477
2134
52
256
2237
1898
1858
0
1886
2212
2058
2006
1258
35
2392
2034
1886
1383
1012
1886
922
2519
1962
26
297
1943
114
2313
3
2565
2277
1499
0
2182
2347
2519
2392
1858
2157
2565
1865
611
521
1258
1200
2277
562
2023
2277
2277
1992
2006
1858
2617
1933
10
2101
1861
1069
3
41
1977
1854
2617
2392
1853
1854
1865
2477
456
34
1904
1258
2006
2101
32
1904
1933
48
38
1854
1879
155
1853
2080
2182
294
2617
2
2431
1256
1886
1933
2392
1898
2101
1865
2157
39
1865
2565
1933
294
60
2565
1904
456
2565
2313
863
1854
2565
2212
2565
2347
2034
1977
37
2277
1579
265
1977
2237
1853
70
1992
14
1962
1853
164
15
1411
1854
1865
748
1943
2617
1943
752
1853
2080
2134
201
2157
28
1933
1854
4
290
225
2058
2212
1118
344
2058
66
1904
1858
972
2101
2277
2617
39
36
8
1914
37
2157
671
568
53
456
2313
2134
2101
763
571
2431
2431
24
2392
323
456
1904
1199
2431
2617
835
2182
2237
1854
924
1891
1856
769
2277
616
1992
646
0
2431
9
1898
509
31
2182
1066
1962
1904
1858
2277
2347
38
1962
33
223
1861
2277
157
1858
2617
2392
2565
2277
2034
35
2347
490
1879
2134
2477
2431
2006
1879
1977
1914
1013
38
2101
337
2034
1258
42
345
104
349
194
2519
2617
2277
455
42
2347
673
2519
2080
1992
1151
2392
1962
2277
1861
2157
54
2431
398
2477
1616
710
2182
45
1853
2212
14
1891
572
390
2347
1992
972
1904
1898
336
2431
104
154
27
2617
2023
2080
2617
2565
0
1865
1465
29
2237
41
1151
2237
2313
922
2347
1886
2101
2313
347
724
2212
268
1854
2565
605
30
142
42
834
78
1933
113
1858
1383
1854
289
1256
1904
836
2212
1854
2212
1943
1886
769
50
1977
1531
81
2313
3
1977
2157
19
54
1861
1933
455
2565
109
1933
135
2006
1336
2058
1933
2477
1007
2080
403
52
1865
617
1856
131
1914
1856
9
710
977
571
618
612
2006
53
1992
663
1898
2237
1962
1689
675
1858
31
2006
41
154
16
2313
714
33
26
2058
1856
140
44
1
1854
1891
2392
51
605
1886
1879
1943
2617
2157
2313
365
2182
1069
1904
2006
1291
2006
1962
2212
2431
105
2617
2237
2392
1579
2565
1962
978
2277
1977
2182
2101
2519
2565
2006
34
2058
2237
2023
2212
32
2277
219
2034
456
33
2277
1992
1
2212
656
2157
31
2006
2134
834
1886
2431
14
1868
516
2617
664
1933
1853
1861
23
1977
2157
1977
452
5
1858
1868
2565
2080
1865
2023
403
2519
2617
43
34
1384
2006
347
1898
1898
2212
44
35
2237
73
1383
1854
724
1853
2212
1977
921
1465
2080
2034
2277
265
1886
2157
2313
1943
2392
401
2237
1992
46
2477
2617
39
2431
35
1879
4
1616
1891
2347
2392
1284
1992
2080
2080
2313
33
2431
42
2
2277
1977
2617
1011
834
2058
1879
2392
11
2565
154
2519
2477
