215
198
73
425
183
33
1509
418
337
114
377
114
3258
205
170
1014
219
456
20
2666
208
136
187
506
268
2666
211
112
119
16
317
27
373
401
941
209
108
43
143
253
135
26
275
401
321
1262
133
3258
16
276
374
212
336
101
439
442
422
125
92
457
338
345
238
533
394
209
423
403
288
252
58
199
1509
3612
133
108
37
637
273
322
189
111
245
12
210
44
194
193
324
175
137
167
41
173
232
856
282
263
422
77
140
1995
126
137
134
277
2912
135
307
198
440
98
136
39
411
128
3258
38
174
195
197
1374
350
28
99
405
201
65
128
95
89
202
383
244
690
434
418
2403
291
44
365
1640
350
176
281
200
382
903
312
327
761
856
302
280
214
195
2912
239
37
333
126
2200
442
410
281
218
225
362
148
1163
417
70
376
174
856
248
272
288
278
903
139
2666
139
105
127
395
182
89
281
1374
60
1640
195
298
83
91
183
391
327
396
274
136
250
246
203
1374
372
63
356
583
331
347
176
145
99
212
422
337
128
84
454
76
368
292
198
2200
280
129
412
12
140
302
84
244
393
107
220
261
412
41
262
2912
134
440
172
454
364
210
321
903
299
75
230
30
186
91
291
175
273
368
280
271
186
434
321
346
36
186
315
7
282
35
450
371
136
100
3612
187
273
73
377
270
199
1811
37
292
115
230
1163
95
77
369
375
432
637
856
132
209
99
3612
99
1262
260
143
108
132
88
324
135
84
24
314
439
17
362
298
288
291
146
185
179
348
20
135
801
100
246
371
97
255
40
136
245
41
129
69
99
38
341
243
140
2200
96
267
376
111
1374
36
341
903
204
419
3612
446
138
214
71
243
75
73
270
20
2403
37
41
45
176
114
3612
315
302
107
315
25
458
43
236
298
498
86
370
238
128
3258
363
136
406
187
401
435
412
415
398
366
169
58
109
12
65
376
1374
197
183
393
1509
412
173
436
128
208
856
270
180
461
135
212
309
114
37
43
2403
102
222
12
447
89
100
375
1014
122
12
231
183
309
13
143
11
378
1374
130
212
377
449
424
37
250
3612
108
252
141
2403
2912
302
2403
65
135
176
229
515
44
214
102
39
187
412
3612
360
214
138
341
1640
382
60
288
3258
112
450
30
273
137
501
212
8
243
418
403
195
204
369
294
175
209
284
376
28
239
212
198
88
444
343
282
249
218
388
344
135
129
430
1374
36
418
23
100
73
99
380
3612
41
11
431
7
392
338
210
279
258
168
136
401
559
140
856
282
281
727
301
209
184
251
110
270
214
450
305
941
447
448
1089
244
388
314
233
157
232
202
138
3258
393
281
9
41
350
220
213
105
363
366
114
359
358
271
309
3258
107
310
1995
89
99
440
176
324
114
139
29
32
450
344
132
345
299
415
1995
370
490
293
279
195
307
183
16
270
161
57
377
1995
177
246
270
272
200
232
84
338
369
690
143
113
2912
1262
388
116
314
137
415
221
56
333
403
360
1995
3612
322
481
395
1509
178
180
70
3612
325
434
856
137
456
941
231
295
331
253
317
451
360
326
235
2666
273
87
133
133
225
401
272
324
139
172
433
345
314
29
77
210
65
263
394
436
106
238
273
2403
401
212
60
346
289
179
125
136
436
2912
332
377
32
226
227
294
443
139
308
2912
111
280
20
367
212
128
208
33
299
121
116
175
60
273
204
32
175
405
102
129
186
3258
313
41
207
89
263
42
82
199
362
222
1509
349
173
129
243
84
130
292
108
135
263
136
222
2666
372
317
305
342
368
302
394
330
338
70
3258
248
273
209
195
232
243
363
267
137
382
255
70
127
298
358
69
240
174
222
263
28
394
356
2200
136
39
1089
230
140
383
175
376
290
18
2200
230
238
1995
333
200
292
191
77
338
2403
188
590
99
380
443
116
135
668
346
258
40
189
135
456
137
401
385
22
134
26
457
422
325
330
254
446
115
334
196
106
376
137
387
110
455
232
440
103
254
194
2666
129
420
392
304
376
308
74
1509
209
138
324
174
172
271
368
136
396
2403
334
137
16
443
1262
99
108
202
232
332
212
418
234
385
412
3258
77
1995
433
190
434
196
1811
20
11
396
197
132
291
1262
89
126
122
116
453
17
323
17
330
33
102
1089
2403
99
253
134
453
57
43
136
2666
28
294
60
26
856
404
175
455
270
143
395
446
146
174
17
1995
114
235
212
206
232
100
463
269
93
388
284
322
484
136
350
130
252
338
323
263
105
128
134
386
134
172
200
385
443
388
40
2200
437
590
347
127
175
235
3258
132
28
377
309
322
114
106
243
65
394
281
381
184
343
136
247
99
2403
383
298
212
443
128
128
321
295
308
88
172
941
136
3612
17
123
251
224
397
207
141
40
418
111
457
395
136
273
127
1262
345
407
358
2666
430
305
102
275
214
229
253
232
318
243
352
270
308
239
394
173
32
421
172
3258
130
376
133
206
298
195
2912
347
187
263
291
14
2200
360
117
135
65
137
75
362
134
33
93
446
583
90
362
404
227
3612
34
206
213
363
264
251
246
246
273
176
298
40
280
232
209
40
98
272
102
192
21
99
141
168
176
89
345
359
282
246
1640
173
15
258
141
37
263
277
39
90
144
237
449
3258
191
11
279
288
183
314
415
173
1509
32
200
384
214
212
281
382
106
200
403
243
239
120
281
135
134
132
345
366
257
73
25
32
325
141
108
395
446
345
7
28
440
224
26
243
252
382
498
220
302
83
270
189
376
251
18
382
359
191
138
350
146
281
12
637
1374
234
295
295
1163
3258
320
138
186
120
259
2403
3258
210
334
136
26
408
45
135
239
143
358
33
690
133
288
1640
98
382
135
316
3612
405
349
188
313
338
1089
40
2403
668
199
273
236
2403
310
2403
314
801
318
295
146
351
303
397
87
11
2666
207
342
234
376
176
452
116
114
172
232
195
2912
280
65
69
375
16
347
3258
189
137
214
296
2200
214
206
8
903
77
59
65
109
116
2666
86
690
368
413
336
187
169
273
376
133
440
114
176
225
83
244
1374
498
41
329
171
126
2912
273
1014
295
1811
1995
399
288
269
451
124
127
347
521
280
338
168
271
62
282
135
19
280
457
375
28
114
283
214
129
213
172
2666
107
243
18
436
125
197
132
222
42
299
181
186
371
130
302
1995
903
141
276
3258
397
385
231
245
362
1811
298
443
360
174
434
295
330
313
182
74
384
1811
17
111
21
141
1089
393
332
115
583
457
393
235
233
231
440
243
272
166
422
341
373
225
1811
410
29
281
637
241
296
1995
332
727
129
225
2912
302
20
132
416
225
86
86
234
637
34
88
109
115
214
202
197
175
115
110
108
1640
668
25
7
132
225
129
222
132
16
270
448
903
263
248
205
222
236
349
304
279
174
294
220
2912
459
268
339
271
376
48
324
168
174
100
20
125
1509
856
305
226
348
371
108
210
365
368
350
213
134
267
207
106
75
2403
214
418
77
108
390
229
941
178
213
34
360
378
258
81
209
442
86
238
69
397
282
42
107
376
78
12
183
106
382
1262
38
348
270
414
318
96
172
221
432
382
1163
1811
77
463
248
3612
97
463
225
1811
177
1995
1374
211
432
139
272
364
330
341
132
372
3258
411
225
95
342
202
220
184
234
178
186
173
903
70
337
300
478
270
296
190
203
98
16
2912
332
315
2666
129
442
3258
86
210
338
394
212
60
443
1089
136
136
215
347
296
215
404
399
3258
281
348
102
260
133
21
42
108
363
282
220
304
108
411
20
271
136
422
325
447
244
212
197
87
418
21
64
402
324
314
204
125
134
1640
263
248
238
136
1014
87
111
243
1163
179
323
210
115
1089
202
20
457
78
42
38
270
11
39
128
267
209
382
437
41
26
98
37
2200
385
111
222
347
141
440
1014
440
211
2200
1811
77
345
317
193
210
172
197
198
422
2912
396
246
126
1811
65
185
32
212
95
377
274
209
277
190
404
382
311
122
77
198
239
456
206
308
338
801
58
447
113
7
415
225
212
590
370
111
383
236
324
305
134
102
141
135
423
200
110
281
108
175
408
321
210
142
2666
209
385
91
214
273
458
106
350
2912
342
190
98
136
283
20
117
3258
267
192
243
583
410
97
316
399
272
136
325
375
2912
246
175
136
213
179
115
380
2403
118
141
38
17
209
368
236
255
368
207
2666
182
321
302
481
108
268
182
292
122
40
108
212
85
32
344
332
132
258
100
280
198
166
290
370
251
78
34
380
275
383
447
298
132
1089
52
333
321
38
451
178
370
368
203
86
28
136
1089
131
153
464
108
1640
273
459
313
1374
40
2200
174
106
139
333
344
2200
39
1262
225
404
466
39
282
117
761
255
346
366
144
136
302
1509
405
2666
3612
102
137
199
437
8
169
11
477
1374
304
366
268
410
302
83
186
65
215
1995
300
65
456
361
416
405
69
112
98
380
175
247
234
16
140
271
444
446
2403
333
133
172
332
358
292
16
1262
70
263
363
102
89
329
105
132
134
115
440
398
270
136
27
296
138
179
195
99
243
856
6
345
125
192
295
455
168
449
273
196
455
16
101
39
253
70
60
276
328
198
314
93
21
213
376
73
362
154
177
189
133
170
433
315
493
1374
401
37
337
129
332
1640
34
95
346
146
136
139
108
253
136
463
302
181
220
21
393
86
132
224
330
231
11
186
138
102
29
337
17
270
448
267
382
240
90
1509
129
2666
801
186
1509
395
195
70
309
141
65
37
521
239
1811
378
233
105
349
1163
336
284
99
303
232
194
32
3612
368
231
498
272
281
252
282
272
637
459
337
86
60
270
133
5
1811
323
100
21
311
166
403
193
727
1509
1509
183
429
106
259
254
135
176
42
69
2666
253
210
6
2912
447
35
278
288
369
323
263
455
172
361
121
382
112
352
2403
298
272
39
108
401
380
251
98
203
87
139
34
401
88
298
208
377
106
408
296
356
443
198
110
1640
2666
344
321
382
321
335
281
256
20
109
22
182
448
203
252
33
270
133
136
367
218
175
214
7
70
19
206
317
249
41
130
425
394
198
173
401
409
115
407
1163
362
243
1163
205
379
411
218
99
244
215
138
440
358
130
214
183
19
317
375
590
192
3612
412
77
145
1640
308
20
209
99
245
137
125
371
128
183
378
263
206
126
121
136
77
212
111
41
209
346
455
37
321
210
137
186
139
172
243
269
415
2403
95
389
761
109
273
268
224
269
41
267
59
148
366
19
690
2403
421
369
117
903
362
91
1089
210
275
288
439
114
451
8
269
134
82
292
245
192
395
3612
137
73
437
393
175
444
422
1014
195
32
111
418
315
380
305
1509
459
3612
252
263
139
89
64
33
292
199
90
428
141
12
451
239
40
410
456
21
407
136
372
297
391
387
271
1509
2912
64
69
118
138
434
183
173
3258
259
288
271
281
267
668
243
130
307
126
270
451
3612
202
446
135
236
101
370
2912
210
137
176
2912
452
195
341
3612
96
208
133
315
323
324
326
102
226
232
184
362
179
360
265
308
3612
225
42
110
358
201
271
330
801
211
243
450
215
234
194
225
408
383
223
206
99
327
30
65
408
40
239
174
1509
257
150
2666
115
268
317
1163
272
213
458
139
192
98
137
521
253
801
458
188
278
82
213
1640
24
302
8
227
136
288
166
3612
344
145
318
281
273
268
98
208
431
3612
458
27
180
112
1374
139
90
257
192
458
107
368
305
174
240
246
408
411
93
380
186
173
136
941
271
371
28
84
253
183
224
332
110
212
411
411
135
236
135
423
325
39
371
3258
463
443
194
2912
59
215
39
175
241
3612
93
370
85
243
134
304
19
168
132
425
226
280
210
263
115
129
292
116
273
65
238
37
130
559
263
204
129
412
59
128
2403
300
369
273
903
141
293
264
141
65
300
304
246
36
288
280
251
273
136
177
331
214
247
59
397
235
108
174
87
107
309
195
291
2666
279
395
177
452
320
83
377
412
197
3258
2912
223
25
40
410
235
346
243
1014
11
249
221
296
39
122
294
443
62
40
6
64
403
117
173
312
282
130
1640
263
170
130
27
322
368
183
233
20
403
245
382
1262
104
148
226
171
801
251
244
213
58
322
206
391
416
92
28
441
99
302
65
99
7
95
583
2666
189
402
153
177
2200
73
214
440
268
232
397
233
387
1640
360
41
284
166
12
22
173
378
246
97
324
202
383
209
396
254
83
379
325
296
212
263
337
2403
2200
1640
291
19
214
288
2403
86
2403
209
303
136
33
345
129
118
3612
135
455
314
173
253
258
209
231
41
369
105
138
409
332
394
334
137
2666
36
1163
175
20
40
132
93
437
34
136
84
274
297
295
98
127
184
338
142
369
125
94
385
156
413
207
295
232
257
125
359
3612
493
317
1262
1262
203
272
187
369
299
172
64
214
329
43
214
2912
173
295
233
200
455
136
446
222
385
59
140
144
69
408
91
75
41
168
941
102
1163
359
140
1163
293
1262
130
226
65
93
2666
176
343
225
206
90
338
340
206
761
203
197
182
690
202
260
327
339
2403
15
318
314
356
228
42
20
225
16
360
218
1014
397
56
108
345
60
98
325
133
443
252
99
339
478
130
138
366
97
32
185
132
391
271
272
1995
856
243
365
402
456
75
317
314
173
371
2403
1014
134
440
116
273
39
188
2200
415
139
70
456
193
242
70
360
70
77
70
11
139
302
276
99
456
941
401
338
332
20
443
229
2912
37
175
34
332
25
306
138
20
7
97
186
130
2403
141
100
56
271
1509
186
244
99
243
342
139
457
20
74
173
34
1995
41
292
388
99
69
308
377
12
399
221
330
186
346
312
34
128
411
515
3612
2403
459
1374
233
2403
58
382
145
243
11
1811
328
212
203
272
2403
188
444
375
227
2666
240
137
466
44
113
176
244
3258
512
294
117
291
239
856
82
1374
38
134
22
376
123
235
412
87
227
308
359
3612
191
179
73
324
288
297
1995
453
32
302
95
101
143
220
136
394
225
690
138
243
410
368
401
173
270
315
1262
364
232
174
458
383
107
186
172
307
110
392
337
405
11
132
31
77
169
212
25
177
168
253
6
380
359
246
412
1509
32
43
26
127
99
312
29
209
280
311
455
107
20
1163
457
308
448
1089
337
101
283
317
89
371
457
138
339
179
332
456
134
26
134
351
219
273
177
288
274
1014
258
425
204
410
129
217
34
235
175
40
422
366
325
100
99
299
2666
2666
393
801
115
379
302
239
190
60
367
363
84
292
273
360
382
434
112
314
415
41
377
2912
123
88
40
141
187
282
175
352
2403
325
349
340
324
274
321
129
311
377
360
403
312
346
13
1163
42
301
232
32
410
98
214
380
75
2912
136
231
292
19
35
126
413
328
401
175
377
187
76
1509
138
106
15
273
270
443
37
134
211
272
376
282
365
370
20
451
33
91
162
367
200
415
1995
2403
233
7
1995
333
137
89
337
136
2403
393
444
344
437
281
231
396
344
297
136
324
274
33
34
177
186
291
362
233
99
443
243
418
166
57
60
209
59
41
19
372
273
296
2912
298
458
59
225
415
3258
198
143
136
1995
127
40
232
98
29
393
66
351
92
182
86
213
3612
212
59
176
184
90
486
206
801
209
21
270
137
133
21
111
276
402
38
366
314
244
385
224
366
11
34
179
1509
25
263
1509
304
88
856
175
183
135
133
2912
310
856
99
112
146
443
12
247
371
34
271
396
58
75
1163
423
173
143
1014
761
105
408
175
36
295
376
204
89
218
45
175
422
108
2666
138
214
250
32
310
3612
326
270
423
401
77
368
123
380
197
346
415
37
5
801
322
458
384
93
38
2912
244
37
12
434
369
294
455
87
3612
453
271
459
132
134
394
3258
141
412
420
362
455
181
941
167
135
174
116
2912
408
307
250
127
175
332
139
198
382
347
90
2912
1509
3258
173
299
306
93
130
219
347
37
103
101
90
8
239
379
377
258
338
143
84
248
238
40
463
288
136
350
189
141
276
271
392
90
1995
429
2200
363
321
447
272
339
412
136
36
195
99
11
29
7
364
98
422
87
96
415
193
375
401
82
214
268
138
191
87
77
2912
85
1163
274
312
108
2403
230
199
253
365
33
309
131
403
360
100
363
209
417
3258
127
457
280
3612
128
309
225
136
185
168
380
89
126
43
138
115
2912
412
394
282
21
377
347
218
137
214
239
2912
359
42
17
172
264
366
403
299
379
12
383
314
458
84
271
292
204
2403
209
44
299
433
239
40
459
433
134
135
92
178
173
298
37
365
3258
2403
3612
291
135
410
308
225
364
3612
110
280
175
54
202
195
106
401
1163
154
299
313
220
394
1509
385
35
21
213
424
244
123
295
437
32
134
272
302
83
320
311
359
2200
396
383
134
363
138
12
454
317
11
130
134
92
314
382
60
424
141
1262
97
272
37
346
302
69
111
856
214
345
457
223
134
199
210
81
52
87
94
213
856
116
39
481
2666
139
135
198
291
138
202
259
346
298
327
317
409
3612
212
137
177
40
136
225
20
192
279
204
130
204
367
28
116
1811
2403
243
210
346
1995
358
19
280
410
114
196
209
83
102
22
214
321
418
451
136
298
130
98
21
225
32
210
277
170
135
264
324
252
234
903
175
113
181
21
192
379
414
103
451
440
198
197
132
334
2200
101
198
83
107
129
116
66
371
41
139
325
102
59
455
281
114
233
230
459
3258
385
323
401
1640
177
102
136
306
139
199
131
291
128
349
93
181
3612
281
342
435
332
268
1995
271
220
856
215
75
338
42
312
390
314
109
141
206
250
138
418
727
239
175
288
115
203
77
370
17
97
460
310
347
288
252
254
136
132
97
6
59
3612
369
138
48
637
446
1640
305
457
377
77
2403
230
46
298
345
379
86
279
458
3612
48
174
456
3258
223
12
3612
20
73
16
395
1811
240
1374
347
239
221
384
302
264
365
218
2666
316
136
346
202
281
199
65
140
321
637
272
3612
442
295
273
418
138
3258
338
364
7
202
269
117
107
297
1089
2666
346
371
192
136
299
3612
37
204
99
445
21
230
690
37
212
136
60
134
375
71
401
302
116
219
37
132
220
26
183
16
341
136
3612
172
450
32
70
213
2200
326
412
168
309
21
263
451
175
70
212
244
69
411
2666
207
342
197
136
376
91
190
337
93
455
40
108
19
225
405
453
2403
185
189
240
304
143
416
271
252
317
2912
134
437
156
20
25
42
225
128
426
132
382
351
43
134
134
12
373
371
302
223
133
105
382
333
41
292
268
441
268
332
73
367
92
206
312
19
189
941
444
198
20
37
141
279
324
440
138
234
1811
139
130
338
19
259
377
398
106
178
2912
26
1640
272
251
107
65
3612
110
377
101
291
176
222
40
363
28
115
455
412
108
173
75
169
15
138
82
