2517
14408
10863
8646
13006
285
2751
520
659
2003
5939
11853
3282
13006
9257
3064
3344
2003
4354
6189
4571
3044
14408
204
3426
10003
1433
8162
3442
10863
4349
10863
2331
4036
14408
8646
4157
2674
6038
3964
10863
5311
1278
8646
1126
1397
5028
6189
4554
1252
3038
287
2075
11853
1592
13006
1943
2341
14408
7041
3800
1918
1033
14408
1130
4279
14408
1862
5142
7041
2432
6099
2071
3714
9257
1498
4083
10863
8162
6099
2432
5951
950
9257
3680
11853
322
2989
4469
7711
1309
2751
2455
6609
2048
876
1111
784
7343
7711
3040
4349
14408
2443
1437
9257
3894
8646
4230
1443
3446
3155
4748
14408
3060
7041
2760
13006
2117
2469
5651
7711
10003
4866
4279
1620
11853
1913
3894
3894
14408
2428
349
2717
1064
190
7343
6793
467
6793
4381
2383
2048
2684
5939
941
7343
4299
4748
3209
3086
10863
1004
3850
1980
5576
13006
14408
5821
5939
3341
1400
5966
3670
687
1433
6441
6099
10863
744
2794
4011
2570
9257
731
14408
1788
950
1471
2728
2200
338
10003
2097
3307
10003
6441
4163
13006
1705
288
972
14408
2046
2736
4371
13006
7041
6038
3899
1974
6293
13006
5951
2369
2538
6441
2844
903
1079
10863
1794
8646
8162
766
475
13006
4279
478
4866
5330
14408
3483
7711
2469
5998
11853
165
792
14408
7711
14408
1558
3661
10863
1244
1549
5311
1031
6189
1435
6441
848
1517
2847
2136
1495
2157
11853
1397
6189
1354
1788
7343
830
10863
6038
10003
2130
1018
4121
3894
7343
3618
1612
2777
6189
6609
945
3143
3271
2989
9257
99
10003
11853
13006
14408
3859
10863
1567
13006
622
1439
1437
7343
1994
3282
2038
876
3680
10003
4668
6609
669
2097
7041
1567
3751
11853
10863
841
4959
13006
6793
2549
9257
2896
8646
2021
5483
3502
14408
3426
4142
2937
4299
4074
211
3223
1330
2751
2563
1948
7041
3453
2250
2896
2301
13006
3574
1019
988
1010
9257
6793
4166
823
4349
7343
3278
6441
9257
14408
876
2729
1392
2063
1918
6189
2319
4666
3894
8646
4258
2044
2341
3968
10863
1397
13006
804
1729
10863
1862
11853
6609
10863
177
1834
1495
5311
5019
10863
1309
8646
238
1176
6099
10003
6038
3344
2748
2063
1592
2063
325
4874
3965
4234
4382
1384
904
13006
14408
13006
1592
7041
1192
7711
3894
5318
7343
4422
8162
8646
7711
4874
4060
7041
4508
10863
3069
1252
8646
9257
10863
6441
1433
14408
5223
10863
14408
6793
826
7041
1621
14408
1968
6038
14408
1420
103
1809
10003
3743
2129
996
3551
3435
9257
1884
3395
14408
9257
4121
14408
3574
1487
6099
3162
3850
6441
4269
14408
5966
4408
2392
9257
2751
4828
4910
244
2072
13006
14408
190
1252
5106
8646
2563
3618
14408
1465
3344
158
4571
10003
3397
13006
1920
1488
3782
1951
9257
198
5998
1309
6099
2448
876
2440
14408
3547
1448
6099
2777
2129
1592
10863
14408
10003
2097
111
11853
14408
2943
2485
3502
13006
14408
7343
2521
1349
11853
5655
1439
815
6609
8162
6293
4163
2751
816
1843
14408
2807
1433
3435
244
3037
4299
1809
7711
1433
815
577
4060
328
4910
4910
243
1665
14408
5077
2697
6099
1705
4651
3550
5966
4229
150
2505
9257
14408
2540
3651
3661
7711
3809
6441
8646
1023
2875
3159
7711
391
6441
311
2563
14408
2803
6038
1340
6038
4748
10863
7343
1243
3064
10003
8646
6099
1515
6793
2903
3680
5491
322
10863
3442
3670
248
6609
8162
2032
7041
1956
5966
3184
4559
1809
13006
6189
2121
3714
3850
1309
876
950
9257
2495
6293
9257
7343
3618
14408
2563
6293
2989
102
1448
853
4113
6793
3109
2702
276
206
3991
1408
6189
9257
3418
3493
1139
2569
111
10863
829
11853
14408
5998
1364
3472
2767
3695
1592
9257
4228
3233
3139
4163
3650
10863
5939
2591
2734
2996
6441
312
5951
11853
3535
1018
2769
2403
2048
2206
11853
344
9257
2777
3850
6609
10863
5455
5939
5951
14408
1918
1483
3241
1465
3850
4768
882
659
855
5491
6293
2514
2057
3064
451
2063
6441
10003
14408
14408
2833
1590
1429
2484
107
841
14408
7343
5951
14408
6441
4587
6609
1400
10003
2967
3809
6441
4163
14408
4170
3957
10863
9257
2349
4945
4362
14408
10863
7343
3109
166
265
2157
2734
240
3894
13006
2438
6293
6793
3379
644
10863
6099
4881
8646
308
1754
2085
11853
8162
2862
1354
2367
1948
6038
14408
1462
955
7343
3195
14408
7711
1309
7041
8646
5261
3006
4641
2955
13006
1460
6099
3186
14408
1192
1705
7041
11853
8646
1420
6609
9257
5951
669
6189
2807
4118
3064
8646
14408
8162
4101
231
2356
8646
14408
2403
2591
2737
4748
4121
11853
2157
14408
6609
10003
160
5966
6099
3132
11853
13006
1330
11853
10863
2845
3581
10863
7711
3242
6189
2702
3572
11853
10863
890
10863
4319
4319
2865
302
371
4768
3850
9257
4096
9257
2007
6099
7041
5998
6099
2610
1013
1031
8646
10003
4269
4279
6793
1343
348
4076
1594
10863
8162
1977
1256
644
10003
8646
4668
2083
5311
6793
10003
5651
1742
3204
2074
2250
10863
2502
8646
950
2370
5122
2640
2874
1144
3653
6609
744
2943
14408
3574
101
2933
1809
10003
13006
9257
5894
3743
3535
2765
277
13006
1474
7343
6099
6189
5045
4748
222
11853
1996
3143
2195
3086
8162
2640
6189
5750
11853
13006
950
1392
615
3446
890
3487
4571
6793
6038
5045
5951
1493
2063
2341
2563
5966
5474
3132
4504
4748
10003
7343
2606
4768
3312
2806
1493
10863
829
3850
3823
4594
896
3240
5311
3810
615
2428
541
4083
2563
2448
13006
8646
14408
2615
4382
1917
10003
13006
1567
2403
9257
5311
13006
1309
2347
1106
5311
4667
209
490
1192
10003
780
7041
3426
883
3809
8162
7711
5966
3964
3109
10863
10003
1241
3143
227
5998
2432
2526
5192
2844
5653
823
2717
3434
11853
4362
10003
7041
3193
3216
1443
10003
3397
3189
8646
13006
2032
5894
10003
1154
8646
1174
14408
1495
14408
2331
3312
1192
4011
6441
2560
5998
13006
6793
1433
9257
856
14408
2896
10003
3535
3426
644
14408
1705
3850
14408
3535
13006
1809
4095
2538
2734
10863
6793
4763
4234
6793
3341
1278
4701
868
8162
487
2922
1600
4613
5339
2432
1291
5311
4768
2959
14408
5966
2943
2063
10863
7711
2070
8646
3535
1433
1451
6189
8162
7343
13006
6293
3471
13006
13006
13006
3282
11853
3383
2403
305
1256
2136
1949
5966
14408
2717
3504
14408
3109
10863
13006
227
3771
5118
6793
577
2130
6038
4748
6189
7041
1523
9257
6038
382
4613
11853
3897
2063
1252
13006
4690
2074
6189
11853
2432
4828
5315
9257
3426
3508
2048
491
8162
14408
6609
1587
2854
7041
301
1415
2833
7711
2588
2250
8162
1809
13006
7343
2776
2432
4269
14408
2117
13006
4059
3178
3803
6441
3040
8646
3476
10003
7711
3451
10863
6793
1364
5653
1884
10003
1575
3248
1263
11853
984
2391
4476
1192
10863
945
3809
1994
3086
2403
2705
1350
950
475
331
4279
4910
6293
880
2396
835
3312
9257
1884
2734
1984
3529
473
1648
266
3484
6038
899
577
1956
4844
2266
1033
2129
10863
1018
450
9257
2250
5998
3060
2428
14408
404
5966
4752
9257
2171
619
2989
3788
2943
2428
5998
2063
13006
6038
2808
6793
2833
1667
2735
1514
6293
11853
5752
7041
1862
1940
1913
3653
1367
5483
1592
4571
2896
2064
8646
10863
2692
11853
8162
1341
8162
7711
5223
431
5019
3453
2514
8646
6441
6609
5966
5474
4554
3894
1433
1659
890
9257
1646
3187
4104
9257
13006
4677
282
6189
8646
1913
1550
8162
5315
268
1705
10863
3435
2885
14408
8162
4534
11853
1809
4587
464
1337
1592
5480
2767
1005
7711
4949
2375
548
3535
10003
2032
2560
1192
501
2341
4382
2469
1705
3484
1414
1201
4768
2294
825
2162
2563
7711
3894
265
1350
943
5057
315
757
1918
10863
4090
1364
4910
10863
7343
2128
5750
7343
3182
11853
5474
1918
10863
2692
8646
2370
2729
5655
8162
1943
2808
11853
1364
3272
4881
3618
11853
4504
552
3618
8162
2085
2026
5951
13006
6189
7711
14408
2799
5303
8646
3224
3809
3894
11853
8646
6441
2855
808
1809
14408
4567
14408
1809
3426
467
3175
7711
2751
8646
13006
5894
744
2370
4269
2896
1788
5210
5951
9257
2294
9257
13006
4083
7343
1925
1991
4552
2849
11853
7041
13006
9257
3216
6189
10863
6038
659
3064
13006
2943
3159
11853
3714
4036
10003
13006
1356
2155
2319
1100
3661
3981
4503
4891
6038
3649
5057
10863
10863
2943
3448
611
3197
2068
1433
1632
3086
13006
1666
970
2432
3475
3223
2536
780
14408
9257
2918
7041
1393
4234
295
4299
2807
5559
13006
1809
6189
2199
13006
2898
10003
1206
7343
8646
14408
4833
8646
14408
9257
14408
9257
3044
1723
2185
4503
2432
10003
4672
3069
5491
2087
3223
3451
14408
2794
2735
14408
7711
454
11853
1018
2943
2416
2717
4515
2546
5291
3172
829
1291
1498
11853
4086
8646
2422
4508
4168
2048
3159
8646
14408
3850
4690
1495
3191
6038
207
382
3680
7041
13006
2961
2674
3405
4279
13006
553
13006
9257
10003
14408
3863
3344
4152
10863
6099
11853
3510
659
8162
277
2116
1388
541
1144
13006
751
2833
2432
1352
7343
4891
6189
2063
866
248
4571
1493
1733
262
5939
8646
2695
2544
9257
158
1364
5951
8646
2989
829
2833
2943
4103
797
8162
13006
5454
11853
5077
14408
1031
10003
3476
2033
5015
7711
10863
2301
2095
14408
3064
10003
14408
2157
3743
2751
3784
7343
2063
13006
82
1632
6189
2734
2734
10003
4423
14408
14408
193
1421
14408
8646
116
5998
9257
5998
1592
2858
2013
11853
3894
5559
435
1627
8646
5024
4011
8162
1400
3319
6441
3480
5180
11853
145
3894
11853
1360
2341
2277
10003
4050
6609
1439
4078
2898
2015
6793
739
4526
11853
1309
4666
8646
7041
2833
3453
4828
3178
7343
7343
6189
2428
1439
14408
3649
3159
256
2403
1704
197
2157
6099
5939
7343
13006
4094
1433
2118
4613
325
6793
6793
1794
10863
3169
13006
1192
478
4504
3426
4163
10863
4319
1364
13006
8646
6441
2394
10003
5330
294
2717
3069
7041
11853
826
345
3240
2844
10003
13006
9257
87
10863
5998
4677
10003
5315
4956
1789
261
3109
4380
2875
4418
2729
2278
14408
644
3132
7041
1433
3194
1252
3038
6793
2833
152
14408
14408
1592
13006
13006
1834
13006
775
2157
5939
256
11853
8162
13006
14408
1051
5998
7343
155
5210
3418
13006
4587
4299
1241
368
8162
949
8646
1918
13006
3109
13006
5564
8646
10863
9257
2347
3213
13006
453
326
5019
7343
2083
11853
13006
2443
293
1480
8646
4087
177
8162
3680
10003
3743
4163
8162
1252
2702
14408
1592
3588
14408
5564
14408
11853
1309
577
6189
3809
7343
1018
6189
7711
3775
1994
1897
13006
6293
2097
14408
13006
2046
729
1941
8162
4230
1667
7711
13006
8162
2388
2183
2734
3040
2989
1809
2858
10863
10863
10003
1592
2675
1644
2569
3229
13006
2428
4382
825
325
5037
5311
3246
2854
13006
8162
1128
4970
1420
1632
731
2657
6609
3143
5635
1918
11853
2457
9257
3760
6441
7041
156
1913
1263
1413
2734
3714
420
6293
3223
4422
1632
8162
217
161
155
3459
4095
4608
6189
3894
1994
227
2989
3790
10863
3306
2369
5998
10863
2563
3850
636
7041
8646
8162
3612
13006
8646
3143
11853
150
5470
3650
2514
4547
1659
1594
10003
872
10863
14408
6189
4526
1615
1809
3453
14408
1495
8646
10003
1951
4414
1310
13006
3273
5653
13006
3714
2097
5628
3132
3981
8162
3770
14408
3850
2516
7041
5586
2740
8162
3038
2222
5135
14408
3223
13006
6441
842
6038
2862
1025
4677
2950
2070
7041
1243
1632
1142
4734
744
1309
9257
2428
1094
4269
3291
1918
4100
2437
14408
2432
4845
3243
1433
6793
2097
4866
4515
1469
820
10003
2972
2294
6293
10863
4060
4554
8646
1241
9257
2432
2906
4060
829
1684
8162
6038
2301
3064
3680
2881
7343
2432
1484
6189
950
1918
2331
944
9257
1025
4801
11853
9257
10003
1206
4060
6793
2044
4319
2432
1031
2370
4564
13006
8162
5750
5939
11853
14408
10003
2369
14408
10863
5951
11853
14408
2802
4748
1106
819
6793
11853
13006
6038
6441
744
1433
5483
541
3275
4503
2739
3149
4768
2048
14408
1309
1252
2253
827
3159
4168
6189
5966
10003
84
10863
669
5311
3128
6609
1884
3418
8646
8162
14408
3484
10003
6189
11853
4419
1742
6189
13006
8162
3898
6293
13006
13006
744
829
10003
4074
7041
1788
4771
6293
3695
7711
135
9257
10863
1439
2526
8162
2816
2301
1703
10003
2943
4547
5966
10003
11853
1961
2801
187
2428
5015
744
10863
5123
88
3519
1256
4762
13006
6793
1380
1921
2341
894
7041
993
14408
1823
10003
83
4372
10003
9257
2797
1913
14408
4594
946
4534
1330
13006
3418
829
5750
244
2030
13006
2514
10003
2469
8646
8162
2414
14408
2594
11853
2961
10863
2370
5951
5749
1567
5311
4121
10863
744
3791
13006
3792
3489
1433
9257
3344
2358
3458
1823
150
11853
286
7041
890
2406
1532
2063
1309
4454
3894
8646
9257
1106
14408
3894
11853
8646
6609
4011
3548
10003
2118
3650
11853
3241
2250
2472
5330
1241
2734
1309
11853
2370
3344
8646
1787
944
1400
1500
1429
14408
13006
13006
2807
2640
1106
14408
1894
629
2729
9257
2793
3661
10003
2764
3904
3774
223
2982
3129
3169
11853
145
577
8646
6099
11853
6609
209
5966
1459
687
10863
1066
4672
5037
1592
1106
8646
1388
5894
8646
4613
4163
876
11853
6609
1377
6609
2173
3557
5311
2859
5016
935
146
1244
3143
9257
2417
8646
4036
14408
3064
2443
4019
851
4353
14408
2040
2331
805
2833
6609
2514
5491
7041
1935
1567
2044
8162
5939
8162
10863
6293
2896
6293
8646
3182
1433
3437
2412
6038
3651
2885
3680
3535
1433
10863
4036
8162
4714
7711
762
290
3132
3264
11853
4515
619
2440
6793
3591
11853
1495
8162
8646
2538
8162
6293
1954
4258
4457
11853
4049
4959
494
7041
780
14408
5939
10003
4469
1144
2697
14408
4844
6293
4970
3739
3760
10863
5223
3976
5939
1091
9257
261
950
6441
4362
5939
5447
5939
3808
6293
1918
13006
6609
3155
3191
3475
14408
1994
8162
8162
1809
116
1920
4400
7343
6793
6609
5210
10863
13006
8162
5951
1493
777
165
2432
926
14408
4982
8646
2498
636
4677
8646
4958
2649
1968
1397
3086
1578
7343
1705
1018
3850
3444
669
4383
2432
1221
7711
5580
376
14408
1384
8646
1495
7343
3788
3038
3657
6099
4845
2469
3426
892
1913
4672
1621
2833
14408
3064
1433
6441
2751
3342
3475
870
1517
7041
2048
1632
7343
2250
2729
7711
5820
2970
912
14408
336
2229
1192
14408
1809
1018
3653
1578
14408
5752
3505
1515
3143
14408
14408
5651
1030
6609
5998
4714
2551
9257
2910
6609
10003
2175
996
4279
3159
3224
10863
10863
852
10003
1438
1430
2432
4844
3502
4065
3254
3311
8162
8646
1433
14408
1309
2170
3378
4787
10863
3231
10003
9257
2430
5586
4734
3850
902
11853
5998
744
4121
4668
4582
14408
11853
11853
2294
2064
6189
3405
4971
167
2808
981
3086
11853
2063
4554
1354
2389
4383
4279
2469
2794
10863
3551
1433
6793
7041
8162
1495
4559
1632
2886
904
14408
4748
4818
7711
5966
8646
6099
6609
11853
950
1809
6793
1567
13006
2418
768
11853
6038
2469
7711
4150
5966
2840
5749
1985
10863
2729
5057
11853
8162
1439
9257
4564
1018
6038
1241
10003
9257
7343
2833
2374
11853
10003
3743
8646
14408
14408
13006
1409
5057
14408
2474
5966
7041
6189
3231
758
11853
619
1310
2844
1278
1567
6441
1994
5330
1563
5939
11853
1834
6793
2637
1862
4389
2691
1913
829
3553
6038
3574
2734
1608
3680
829
4613
2469
5951
8646
4848
644
5180
6441
453
13006
4138
346
3502
9257
11853
1059
6793
8646
2684
11853
8646
1126
10863
2751
2403
154
3572
10863
2070
3051
3680
7711
5951
2294
1689
2943
1592
2097
3775
3488
2692
3435
6441
1918
4587
3981
4784
2250
5951
4019
7711
10863
1433
6609
13006
2049
3345
5998
1862
4299
871
1843
4763
1059
2157
3894
2412
368
6189
4672
9257
222
11853
1809
13006
10863
13006
1192
7041
1413
1433
1959
3191
4852
8646
1951
13006
1978
13006
14408
4372
2734
6441
11853
2505
3453
5045
1595
1006
9257
13006
947
2386
4382
10863
1506
11853
4613
3397
4845
6793
2098
2086
2469
3282
3086
731
4554
13006
3383
2349
6293
4672
5339
2347
669
780
1018
4508
5491
10863
1338
4163
2822
2807
4768
2341
4787
14408
13006
501
1221
2734
2918
5966
7343
1443
1241
457
2980
950
13006
1922
9257
2535
842
299
14408
1592
1592
2063
2740
9257
3395
4624
3379
1397
4279
3767
14408
2403
307
2403
2943
13006
2286
1182
9257
7041
277
4954
1433
784
6441
7711
4845
1592
2432
452
8162
5966
9257
13006
2695
4077
7343
10003
1978
13006
4571
2274
3743
2169
4587
8646
1400
11853
5951
3143
5330
4118
1393
1330
8646
3930
13006
5752
13006
537
1463
6441
1429
14408
9257
3781
8162
3064
10863
780
1397
616
8646
4083
9257
10003
9257
1454
1806
5024
2896
3680
1360
7343
9257
10863
2485
11853
3965
4143
8646
13006
2002
8162
912
2341
5966
1977
842
13006
1918
935
3860
2751
3149
3064
3463
2615
2833
1499
14408
14408
4088
326
2063
5966
5262
100
4967
14408
10863
1594
13006
4803
3714
7343
9257
4060
13006
896
3600
2751
3282
659
11853
1481
11853
1309
1337
669
10863
7343
14408
10863
14408
5057
14408
7343
1048
2450
4881
2048
3109
1263
1616
1843
7041
6793
5951
177
7041
2989
898
3344
2054
1918
2896
808
1106
975
13006
8162
8646
6793
10863
4060
8646
2403
1587
687
7041
5951
2692
3191
3223
6099
421
1616
2833
10863
9257
6609
14408
2877
1705
5455
4269
6189
2989
82
6038
7041
2609
3991
10863
14408
10863
4121
2432
1495
10003
7711
5564
10863
2046
888
4083
3491
2216
4065
9257
333
5480
3738
11853
1487
1310
11853
2781
10863
6293
659
3254
5644
231
3383
14408
1460
382
10003
3297
957
2366
332
13006
1396
6793
3223
1954
7711
14408
3064
11853
5210
3182
3159
13006
2989
5655
5998
2319
5749
14408
11853
1916
11853
6793
295
14408
2485
254
14408
498
2167
1521
6038
4087
2970
6793
501
6441
1495
7343
14408
1309
1100
11853
3038
2048
1506
458
3770
6793
13006
744
3270
10003
2854
1705
5735
3040
6189
2896
14408
3586
1592
838
5998
950
3767
2118
7343
7041
5318
3482
7343
13006
7343
109
10003
2797
1809
156
7343
2127
5894
2591
3809
3344
2875
2024
386
6609
3470
7711
2294
13006
2470
2514
4982
2538
4672
2734
202
744
111
9257
6099
4106
548
3157
1517
14408
8646
10863
10863
793
2128
193
5894
3827
5311
9257
3583
2936
290
8646
14408
4349
4142
13006
6189
2358
494
4362
13006
3581
216
4766
2640
481
10003
5951
13006
2163
2570
3750
6099
7711
2427
5966
4121
2063
6609
2117
2059
4852
2541
239
1767
7041
1097
4053
6099
8646
11853
2046
3968
6099
4567
325
2432
14408
444
13006
10863
6441
2428
2897
13006
2319
731
4910
3535
2807
7343
953
14408
5939
6441
14408
2432
14408
14408
9257
7041
4787
109
3657
1364
10003
5458
14408
8646
5951
3744
10863
14408
2563
1809
260
5293
2277
1705
9257
4624
6793
4382
10863
4613
3770
5998
2068
6793
2907
13006
2548
4349
937
11853
5966
7711
3157
7711
4571
5057
1912
2098
303
4506
1741
581
328
1884
1550
13006
2891
1632
6189
2900
1495
3197
5966
3440
8162
10003
10003
4760
5966
9257
2608
7711
7343
6293
10003
2443
1145
5966
14408
1433
2794
14408
10003
14408
4554
884
10863
6189
4998
6038
2514
1106
7343
780
10863
1023
543
11853
2159
2807
10003
1397
5939
2128
9257
5951
5998
1515
2729
8646
1192
14408
6038
2738
4063
9257
177
780
145
7041
5653
4258
11853
11853
325
4874
2485
1809
2989
2098
1037
2734
6793
10863
1834
3714
2469
5821
2110
4083
2810
1943
9257
1823
3670
1439
5998
2157
759
1106
3426
5045
10003
7041
1310
839
2833
428
2294
10003
11853
7711
10863
4279
1231
2048
11853
4714
894
2833
1495
1862
2190
3143
6189
1106
1368
4563
819
1417
1823
3435
3200
2650
2468
11853
4639
8646
6793
3051
13006
7711
1190
13006
11853
3260
1054
2274
2294
10863
7041
5966
4597
6441
4734
8646
784
2432
208
7343
1330
5192
10863
2319
428
13006
4503
4113
2048
269
11853
14408
13006
1106
98
2989
2501
6609
2514
10003
8162
2157
11853
2844
3040
5180
4086
5192
2695
282
3344
5057
1632
13006
9257
6793
11853
7343
2740
967
6189
1106
13006
6038
14408
3182
731
1357
10003
284
400
9257
3535
1309
10863
942
3086
3060
2637
14408
13006
2989
2250
145
2063
2048
4060
6038
9257
3861
1144
13006
6793
6441
2331
3109
5339
6441
2277
4881
2083
2563
2398
8646
10003
13006
8162
7343
13006
2432
13006
5574
247
2922
1018
2808
13006
5580
3040
739
1615
1788
8646
5177
2277
3435
4771
2370
11853
1433
4563
2021
1342
7711
2294
6793
888
3200
295
4845
6441
3600
9257
14408
4998
2341
475
4613
1338
687
4714
996
14408
4090
2469
687
8646
731
246
3223
2717
904
1834
3178
1592
1057
2477
1834
2881
2989
10003
4504
4768
230
13006
4138
1632
6038
2818
3453
1567
1393
10863
2844
1244
1079
5966
2536
1567
7711
1843
3426
282
11853
4060
1392
1809
3574
13006
6293
7343
2970
3143
944
829
10003
1884
7711
3132
1263
6099
8162
2418
1310
9257
2430
3494
10003
3498
4506
6293
3471
953
7041
1048
6099
7343
256
4845
3802
14408
1862
2833
14408
10863
4365
10863
2971
9257
10003
4060
2568
6189
6793
6441
6038
10003
9257
2469
3426
1974
2347
4748
6441
10003
13006
10003
3039
5951
1592
10003
1035
8162
501
6793
6441
8646
1397
3282
1408
2507
501
1767
14408
2002
1433
13006
2063
14408
1913
2563
1942
177
8162
8162
3060
4060
299
247
3657
3519
269
2921
6609
3459
1221
1632
2440
11853
2062
9257
6793
5024
7041
7041
2765
1106
6441
1512
10003
10863
544
3618
3976
3223
3930
3005
2857
2888
1951
10003
7711
9257
1809
5966
4547
10863
8162
4299
6793
1174
1059
297
7041
3064
1310
3743
1632
9257
7041
6441
3159
3618
1948
10863
1918
7711
872
1843
3344
1843
13006
14408
1627
2517
6293
13006
3965
7343
6099
1406
3670
13006
3148
346
1336
2868
4515
2734
6609
1350
3228
13006
1705
8162
87
11853
3475
1951
7711
286
6038
10003
3820
13006
1594
10863
10863
687
6441
7711
1018
6609
6793
13006
2563
2250
3228
13006
1884
2176
13006
99
6793
3894
6038
997
3344
622
1940
1615
7343
426
2430
2833
10003
5483
8162
6293
2176
2341
1985
6441
188
1309
5749
10863
13006
7343
7041
9257
2416
3129
906
13006
5016
333
3395
2729
4049
400
2341
3790
1823
4844
8646
6099
3790
5998
2551
1961
5187
3819
8162
11853
4534
1994
284
1951
3159
103
6038
11853
5339
3141
3311
14408
2097
13006
4690
10003
9257
11853
2206
4387
13006
2523
1352
3475
9257
5966
945
3618
1809
10863
1244
11853
644
10003
10863
4349
4981
13006
262
5458
1592
6099
2062
1309
3809
1918
8162
3181
5311
8646
5474
4349
10003
4559
3894
1106
3744
5939
1433
6099
6793
4852
5480
7041
554
8646
2341
11853
1913
7041
8162
6038
14408
2046
876
8646
220
729
3418
1048
11853
616
5045
4279
14408
14408
5037
1918
3426
7711
2607
2428
1364
3239
5576
837
5315
1100
1667
8162
1008
1018
780
7041
151
2432
3174
11853
4581
2751
177
3442
9257
4690
6099
815
10863
11853
295
4985
10003
1361
11853
1190
2301
3550
2755
2097
10863
2896
2734
14408
10863
2230
835
4554
4866
14408
1310
6293
644
14408
3743
14408
4866
10003
1918
1675
2277
1309
2669
10003
3143
3480
1106
5177
1241
10003
2347
7041
1884
10863
2118
2948
3680
7343
6038
2203
1035
7041
1439
3426
4163
14408
2341
2428
6293
6609
3234
1549
2751
8162
6609
1149
2057
3507
4370
8162
4143
2097
11853
3273
206
14408
1439
5966
6293
8162
2019
3344
4083
2048
3379
2517
1106
552
3161
950
2277
2907
3044
1106
2157
5951
10003
10003
5028
1884
1913
5951
5939
1434
4874
8162
6099
687
5939
13006
9257
2341
1140
2097
3491
3273
1809
4121
111
8646
6189
2764
1058
1397
14408
4881
4400
14408
3397
876
14408
5951
1364
245
2059
1918
974
3649
6189
2250
14408
4866
6793
7343
3168
8646
5966
3894
7711
795
2691
11853
7711
1632
867
138
1951
3260
11853
1631
3051
619
3278
1523
888
9257
10003
10863
896
6293
3395
6038
7711
2684
9257
4734
10863
8646
10003
498
2250
6609
3132
11853
3426
7041
9257
14408
1433
230
9257
136
3223
2063
11853
5939
11853
4534
10863
2048
4168
10003
3086
4142
6793
2048
2157
1463
7711
6293
11853
2159
8162
4571
14408
3247
6441
10863
6189
8646
8162
3618
3803
6609
10003
3433
2341
2858
11853
10003
2488
2854
2563
4399
2563
4515
7041
14408
13006
7041
4866
5202
5894
4714
1433
5951
231
4402
148
11853
4567
3426
744
3581
731
3470
8162
1439
3149
3965
10863
2097
2691
948
4279
10863
2989
3550
3344
14408
10003
1106
3051
950
4399
11853
10003
14408
2403
1918
8646
8162
3802
5998
669
1994
982
2592
4421
5477
1192
2155
546
3894
4104
6609
10003
4910
1662
9257
9257
4881
14408
2341
804
14408
6293
282
884
10863
1834
3504
2948
5966
13006
146
2896
4279
7343
7343
2855
8162
302
6609
14408
1330
3475
996
11853
3395
8646
636
7711
7343
4121
2640
3550
2777
3968
3132
2015
10863
6793
2854
3051
11853
8162
14408
8646
3808
10863
3132
3809
10003
427
1013
7041
7711
890
2038
346
1985
4065
10863
349
1364
1592
3132
6189
426
2398
2059
5651
7041
1364
3185
3312
10003
2015
4701
1567
10863
11853
3064
3132
9257
6293
489
2401
13006
13006
1495
2428
4354
3618
1994
5311
10003
4504
1667
10003
10003
10003
10863
138
1397
8162
2463
6793
5580
10003
10863
2675
10863
8646
4144
1705
11853
5474
1309
944
4787
2398
2301
1592
3379
14408
13006
13006
1433
843
2926
8162
6293
3850
10863
2438
4269
6793
6189
3714
13006
1388
3535
5939
2428
828
13006
2903
5077
13006
3491
7343
9257
4748
1338
3470
3426
134
200
4942
4242
1309
5966
10863
8646
2553
1476
2432
11853
1982
9257
1595
6609
10863
1884
3426
148
10863
6293
780
4648
14408
4372
829
8162
3743
13006
5998
1834
13006
1705
3204
2341
7343
14408
6189
1347
2637
13006
7343
1018
14408
2989
2062
1472
10863
1809
1794
8162
10863
2821
2047
2469
3109
3965
8162
2015
916
3039
5655
5580
11853
85
5939
6441
8162
6441
544
7041
14408
4349
5202
2833
265
3064
520
1487
1632
10003
5998
1330
2808
93
14408
1972
13006
3976
14408
3064
6609
13006
1417
873
2779
3344
178
4059
2403
10863
4508
10003
14408
288
11853
7041
3695
3535
3051
3341
13006
1493
1309
11853
2477
6441
4228
2563
3174
6038
1256
203
3379
1843
5202
4845
7343
6293
5966
6793
1987
7711
954
14408
2870
2806
5951
862
1338
6293
1432
967
14408
3902
1681
3745
1823
2995
13006
8162
2401
1435
849
8162
10003
731
8162
11853
2541
5651
6099
7041
866
316
4554
2319
3418
3143
6793
7041
194
5045
615
11853
2518
3468
2278
2609
3426
2812
13006
10863
2940
8162
4866
2301
8646
5057
6441
1918
983
2097
6609
14408
2779
2545
3502
8646
2717
3426
11853
2854
13006
3850
1364
7343
8646
744
1399
5315
3191
2812
1330
4772
6038
815
8162
4036
4666
2518
3981
13006
636
14408
2432
784
6293
7041
1263
8646
7343
11853
14408
1031
11853
1429
3488
1349
2082
1330
4677
5016
5028
14408
367
10863
3191
8162
3680
1592
5339
1788
4571
10863
14408
10003
1004
5651
926
487
8646
13006
7041
1994
3802
4768
2563
10003
1592
3241
5951
1994
3680
1278
6609
5966
5180
1705
5423
8646
1717
4944
295
5951
5311
5951
7343
333
5480
10863
4121
4360
14408
876
3535
3060
5187
2331
337
2274
13006
10863
1684
241
577
9257
5998
11853
6793
9257
8646
7343
177
1352
2048
2640
10003
1438
2384
98
10863
6038
2881
7711
1787
2859
14408
4067
950
3129
2570
10003
837
13006
284
9257
1360
957
4763
10863
932
1721
8646
3439
4103
14408
260
7343
14408
3618
2063
829
475
7711
13006
3282
10003
8646
5015
1065
1439
2021
1539
10863
4352
7041
10003
5315
2563
2432
2063
1408
3038
2443
14408
2231
2833
14408
1192
11853
5187
2471
6189
367
13006
10863
2955
3799
11853
2833
1741
2097
13006
5655
1918
2063
496
8646
7041
7343
2526
862
850
3981
2331
6099
950
2450
6793
5653
470
2797
2799
2143
3143
177
3836
7711
6099
4668
8162
14408
8162
7711
3143
5019
5966
3282
1567
14408
8162
13006
6189
2157
6038
4469
6099
4163
888
6189
6189
4970
8162
7343
10863
4587
7343
5339
2692
11853
1675
111
1918
669
6038
3209
6099
2729
2729
3742
3434
14408
7343
1070
14408
876
1309
3842
1956
1994
5939
3670
6189
4095
3651
2803
10863
7711
1799
2802
2943
7711
13006
687
1129
222
10863
8646
2611
9257
1241
5821
598
988
10863
659
4630
10003
312
791
282
4383
1106
5134
3618
629
3653
2910
2157
5192
659
13006
5998
3344
4600
3282
1263
4121
4319
3109
1705
2157
2514
1472
299
246
8646
1244
1291
10003
4319
10863
950
1416
13006
1192
3231
990
644
7041
3809
13006
3480
2341
2063
11853
1968
1009
1549
3850
4554
3770
10003
1007
226
7711
2949
5180
8162
3546
14408
11853
7711
5028
3109
13006
2919
3383
5998
13006
1567
3991
4613
1309
5951
9257
4049
160
2432
10003
3060
10003
2833
9257
4382
2341
644
14408
3038
5491
1648
3651
2046
227
13006
3680
3899
1705
8162
9257
183
7343
2729
498
974
2807
6099
11853
4163
310
3254
288
10863
2431
426
269
5951
1102
5752
8162
6441
4768
611
6189
13006
1592
5210
5951
1994
3649
3968
11853
8646
13006
1018
4234
1940
2379
5574
7041
5192
4571
2063
2822
3535
5157
4229
2403
255
3809
5966
5077
13006
487
3282
159
2902
4100
152
2032
1951
7343
1035
3397
2896
967
4571
6189
5966
2435
6793
1106
6793
3512
2717
1599
146
2386
1669
5951
7711
7343
1823
286
2127
13006
10003
3223
4036
2675
3850
6609
11853
10003
10003
6038
501
5580
11853
1589
1954
4672
13006
1064
2450
3194
2751
1493
371
8646
2692
5939
8646
3044
1447
3581
4349
13006
5483
5256
1918
2515
10863
10003
5998
3850
1632
11853
11853
3618
444
2019
1309
5580
11853
5998
294
2640
5998
3966
7041
6038
1048
4910
8162
13006
13006
545
6189
7711
2740
2563
5028
3044
4083
11853
10863
14408
2395
1884
6099
2859
14408
629
7711
14408
5966
8646
8646
6038
2347
10003
3452
3459
1632
403
1517
1918
3260
1018
6609
3132
731
13006
13006
789
11853
3307
4077
4095
4891
1400
13006
5998
2640
14408
10003
11853
1177
6038
1754
8646
859
4036
7343
784
14408
4817
862
3850
3451
7343
11853
14408
2391
1632
3060
2048
7041
2844
2063
11853
1111
3802
7041
4269
10863
4668
3282
8162
8646
10863
7041
7041
7711
13006
8162
6038
1069
370
8646
2692
8646
7041
6793
3229
8162
2048
4534
2702
2844
244
3849
1615
3817
2816
13006
1278
2783
1994
2751
3964
2450
1409
4624
8162
1030
1916
1243
14408
3159
4143
5180
1567
2031
3182
6609
13006
1621
827
5939
14408
8646
337
276
5998
1968
3695
267
4382
1754
474
2844
2717
1142
4848
146
1495
14408
13006
5028
1896
10003
3742
6609
7041
1107
13006
937
1578
2422
2422
14408
2734
7041
9257
3574
1705
246
1984
9257
11853
7041
7343
13006
11853
11853
4228
1862
11853
1951
295
853
14408
6038
6609
2729
8162
4874
1129
99
1913
7041
1669
1100
10003
3435
10863
1741
143
2375
2416
2175
8646
2734
14408
3306
867
1433
7041
4768
5951
4874
7711
4097
731
6793
6293
2734
2347
1567
867
6189
890
1913
2877
6189
7711
2432
261
10863
13006
3172
9257
4299
14408
217
4762
3535
10863
6793
1951
13006
454
2764
1507
288
10863
2807
1984
7041
3142
2514
13006
8162
2807
4319
2404
9257
1404
2347
829
3850
6293
2448
6293
2989
13006
11853
1986
87
13006
179
1048
4982
491
452
3670
1913
14408
13006
5998
541
2063
3040
1943
3426
9257
2469
14408
10003
8162
8646
14408
981
14408
299
780
14408
10003
5998
14408
687
1117
4423
2459
9257
1309
2465
5280
14408
4874
7711
9257
4783
5135
3199
5939
4077
5951
489
4453
2341
1705
5318
1033
10863
10003
1918
3649
3754
3109
3561
10003
6441
3981
3475
3064
7041
1584
6609
14408
4242
905
3861
4766
3270
2370
812
3143
2833
1391
3223
3246
2048
859
2717
3143
1567
2592
6293
3808
2432
3272
1578
898
2943
853
14408
1913
2802
1918
11853
6441
7343
8162
6038
3735
2448
4910
2873
1278
2412
501
491
2331
4638
6293
4060
9257
6793
2702
5966
7711
8162
9257
896
1948
5424
744
9257
2430
6099
14408
11853
8162
2097
7041
988
8162
10003
241
10003
2185
6293
13006
5474
2615
7041
7711
3618
13006
3502
3618
7343
243
2403
2319
1057
804
8646
2036
6441
2250
2514
4163
10863
5998
4381
1495
4504
3282
382
576
3894
5077
2702
2416
14408
4503
1154
1705
3344
950
13006
5045
1406
4506
4910
3680
11853
108
10863
4594
3159
3809
13006
6609
453
1397
1338
2157
856
10863
8162
14408
619
1951
950
7343
2692
2162
2516
1567
5951
1059
7711
2669
10863
6293
6038
13006
261
11853
498
1495
1788
1433
1439
14408
10003
151
3228
244
8162
14408
13006
2098
2833
6099
4564
2764
3435
3155
3670
11853
6609
1616
3894
3299
4597
277
4122
294
6293
4672
14408
7711
3163
2921
6293
2535
5951
1309
6441
9257
13006
5223
7041
2250
2833
7041
8162
3037
4504
4440
2428
5966
10003
2514
3282
3426
10863
10003
5998
2131
10863
10003
10003
3680
3282
2695
9257
8646
908
4506
4762
2505
7041
10003
4319
8162
10003
3185
3535
1705
1116
11853
13006
1787
9257
3858
1539
545
14408
2516
2403
4571
173
5951
4910
10863
11853
2989
2250
8646
227
1433
3809
2807
7041
6609
4571
13006
2190
6609
2034
3140
4083
6441
13006
800
2514
3850
789
1544
11853
3086
687
177
7711
10003
5939
2485
4672
4011
500
982
3965
3176
14408
3248
447
7711
453
5580
8646
4608
2485
851
5651
13006
326
3060
808
14408
197
10863
181
8646
5998
3040
4554
14408
1433
1767
5966
2819
950
3426
3743
1309
6793
2286
2128
2488
2341
6609
3823
7041
305
4891
2822
10003
2474
3756
1075
1392
3143
7711
2002
7711
1388
14408
13006
5580
4234
10003
337
2702
2003
1499
216
1435
1951
1913
287
4299
1102
2740
7711
326
4946
270
5939
3736
13006
1337
4019
282
5480
758
6099
4701
2695
1551
4279
301
7711
13006
1521
368
732
6293
1439
2024
1106
10003
328
6189
1986
11853
346
2959
10003
6441
216
8646
13006
2319
9257
5966
576
14408
950
3792
2397
5293
3795
2989
1340
1592
6099
382
1913
1397
1644
1991
2097
6609
1433
1018
229
7343
1588
8646
2157
8162
3458
3649
4083
1475
173
1433
4087
302
9257
3991
5653
2640
248
1665
6099
4019
1823
4414
5280
14408
2989
616
4168
2936
6189
3292
9257
3226
6189
8162
1606
209
13006
7711
4051
6293
6441
4269
7711
1911
2549
3535
7343
1970
11853
4624
4762
6293
11853
7041
7711
8646
1445
3809
11853
2432
3894
485
14408
2416
14408
5177
3714
13006
5077
7041
1960
494
1495
10003
8162
3405
8646
14408
13006
98
14408
4950
11853
5122
2776
13006
322
5576
9257
6099
6441
10863
5966
7343
5005
13006
447
1291
5651
7343
1788
3964
4608
14408
6441
4772
2989
7343
2250
14408
14408
1862
6441
3191
14408
2956
3453
10863
4714
4672
1809
827
1532
777
1940
258
2174
11853
4866
6609
2943
5966
2937
14408
4440
3044
7041
4503
11853
14408
10863
1433
1918
4690
10863
4852
2007
3965
1497
4768
731
1100
13006
6038
5280
2407
341
3502
1309
14408
328
659
1994
791
313
10003
2448
14408
3128
6038
3488
3489
4982
1592
2610
2373
5339
2380
4571
1019
7343
6293
808
804
619
3670
3551
2844
5477
13006
6793
569
11853
2277
485
13006
6189
3051
3535
3475
5653
1495
4845
5966
3282
554
7711
6441
944
5939
13006
11853
2885
13006
6099
10003
13006
1994
5752
3282
13006
10863
1532
5635
3426
1806
946
6793
2389
2734
815
3379
13006
1278
8646
3175
13006
13006
10003
4734
950
1632
13006
1918
4065
1957
9257
1665
2989
3535
1106
2789
3223
1495
3946
1592
3344
4845
5966
7041
9257
3039
1106
5491
1952
2821
3488
3844
10003
6099
5966
575
6293
10863
3174
3582
8646
5998
4163
1727
10863
2403
2535
3574
10863
1512
3182
1862
102
7711
3191
2331
11853
10863
756
3808
1980
6793
794
7041
876
7343
569
3182
291
2729
4299
6099
1612
3215
6293
888
2117
1638
3435
6793
14408
6099
4351
14408
10003
3143
7041
2967
2849
2609
4083
2443
3191
2582
10003
4910
4848
2509
3069
3770
14408
7343
2157
7041
6793
11853
11853
2802
7711
7041
4554
9257
1789
256
329
4910
2347
6441
2003
6793
5019
14408
1823
7041
3435
3850
9257
2896
8646
6189
6189
1241
6609
5998
8162
110
3649
14408
5057
11853
3345
1137
2802
11853
891
2775
3174
1809
5223
10003
8646
1443
232
2277
4121
5998
3680
2347
3657
11853
2734
4229
1632
4279
2048
11853
3051
14408
13006
1456
922
2897
5998
1252
2386
4319
10003
299
2173
9257
1291
731
2366
14408
1433
6609
1309
2989
8162
3426
4469
3129
3223
8162
10003
6793
811
1378
307
669
4138
14408
1051
829
6293
11853
6609
1366
7343
946
1799
4844
2422
950
6099
5998
1631
5966
7711
3191
1666
13006
10863
153
4379
9257
4748
2048
4060
3680
10863
1486
11853
14408
1182
3159
14408
3263
3591
811
3793
2833
5455
2471
13006
1919
193
3670
10863
8646
1994
3809
2443
8646
14408
14408
13006
3435
3965
2979
2206
10863
14408
7041
6099
3904
5210
3051
14408
4672
3650
423
4534
10863
3502
6293
9257
8162
3163
145
5474
5280
10863
1439
2692
3202
10863
9257
5951
6293
8162
1674
4458
2190
10863
11853
2063
9257
1917
2063
5820
4566
3159
9257
6441
1703
9257
3849
490
3898
4011
3450
10003
4121
2900
3618
6441
9257
10863
2157
220
491
3312
14408
238
2432
2157
13006
9257
2086
468
6189
2505
1434
7711
1392
3650
763
222
1476
2024
629
1190
5028
13006
3218
9257
1809
7711
14408
5016
1050
491
2767
7711
1940
3178
4881
450
4121
13006
10003
14408
4690
6793
3159
8162
1278
6793
10863
3229
1884
10863
5223
1913
2883
2071
6293
10003
13006
6793
8646
1787
2858
9257
13006
204
6293
14408
10863
7041
14408
11853
2063
3132
9257
1415
2097
2119
222
3044
1665
14408
3743
4768
9257
1338
6038
7711
4096
1621
792
1351
6099
5024
7711
3897
229
3213
5749
2469
6441
7711
10003
6609
4564
4866
9257
7041
6293
5966
487
4607
10863
6441
4597
5210
1592
4748
7343
14408
8162
10003
11853
6189
2989
2403
3312
6038
11853
1704
2943
2428
9257
3743
8646
4866
2590
4064
1616
11853
1550
3418
1278
3618
3109
4787
1106
14408
6099
7041
2416
3344
5210
1117
10003
14408
5939
5315
4121
4137
2936
977
3159
2799
14408
786
2563
4121
1588
1106
5223
3493
3661
2160
2563
8646
2062
7711
3548
8646
6441
13006
2807
1918
3618
876
11853
2097
7041
10003
659
2157
148
1515
4299
13006
5998
1392
6189
13006
5998
1590
8646
872
368
3930
950
1340
7711
4506
2432
6038
1439
7343
6038
1309
13006
155
1544
11853
9257
3680
14408
4701
4142
3287
4734
3051
2563
3418
10863
10863
10003
357
687
3661
4074
1794
14408
4382
13006
4515
2436
9257
8162
10863
2063
1884
2989
6793
4910
2286
4423
7711
8646
6793
13006
271
10003
744
4158
1705
1495
2097
1592
2403
13006
5966
11853
7041
2943
1994
5998
2652
6038
2640
1918
148
2092
10863
8646
4651
11853
3143
2563
1443
2157
13006
1632
3894
1291
434
11853
445
1106
6793
2767
5951
467
3651
3743
14408
5998
1065
10003
500
1018
2896
2183
1809
8162
2650
3475
4299
2417
3344
5998
2347
6793
13006
1433
1349
4060
3270
188
4011
3966
3426
3588
2891
6189
5998
3037
13006
2157
4279
4382
14408
2244
7041
581
2433
13006
1433
1310
11853
8646
1954
802
14408
3453
1653
2515
5045
10863
4734
10003
2989
2278
2786
14408
6189
2640
1106
10863
906
10003
1632
1252
6293
2734
4677
4891
11853
14408
3795
2514
2357
14408
1106
10863
7041
1523
1433
5339
6441
1429
3899
1834
13006
10863
3540
6189
3109
5192
9257
6793
13006
14408
5210
2331
876
10003
1940
6441
829
2640
10863
7711
2424
451
3282
3109
3159
1018
3618
4985
10863
491
2514
3680
876
1725
6293
6189
2827
491
5966
307
11853
5951
5951
9257
4701
218
389
843
3159
912
2740
1126
1513
14408
7711
13006
13006
1941
8162
2370
14408
10003
1330
5019
420
2840
8162
9257
2445
501
10863
2049
7711
1252
6099
14408
2463
7711
2748
3695
3142
7041
4230
2705
2060
11853
3882
1106
2347
8162
4269
2280
6793
950
13006
3426
909
6099
5559
91
4104
2613
248
11853
3894
9257
474
7041
10003
8646
1028
1278
7711
8162
5939
6293
13006
1309
883
2331
1004
11853
8646
1310
687
1809
7343
1476
10863
5077
2833
1415
13006
2751
8162
916
2432
835
391
5998
6099
3850
1551
4128
14408
1350
11853
3064
8162
7041
426
865
3405
1080
1006
3650
804
486
350
2437
2178
1065
6793
3714
1153
14408
946
7343
2070
4506
10003
3191
6099
4768
636
14408
3157
1689
2048
89
884
6189
3292
3143
839
4866
4121
2640
3143
11853
1048
1884
7711
5966
1065
4083
6609
3744
7041
8162
194
1433
876
13006
14408
2514
7041
3395
7343
3566
2021
13006
10003
9257
3991
5016
1330
2427
3501
2075
1309
9257
8162
347
6441
8162
2189
8646
2089
839
1509
248
4734
3246
7711
6609
4561
2436
9257
3405
1986
6038
7343
13006
13006
9257
1018
5024
1592
3185
1439
5966
13006
10863
5134
2048
8646
11853
13006
10863
2469
4571
1018
1567
2331
3894
1513
1638
6609
4137
10863
1438
7343
2547
3770
6793
4571
2432
2403
10003
14408
2370
6793
7711
14408
1809
8162
10863
4246
5576
14408
6441
1065
3141
1834
8646
6293
1041
3132
1050
244
2432
13006
6793
2514
876
6793
1637
4833
1430
1823
14408
4773
6099
6099
11853
3535
10863
8646
1984
4365
8646
4401
5474
8162
2563
3651
7711
9257
1575
2591
2278
6293
3168
5192
6189
275
4358
7343
2652
8162
8646
810
1567
10863
2514
636
1809
5966
230
1335
8646
1724
2465
2767
5966
3435
10003
4667
1495
4349
6293
8646
341
11853
3850
1309
3762
2793
473
14408
13006
11853
8162
4440
4762
2822
2989
84
14408
1471
1018
6189
2777
4374
950
2833
7343
1515
4083
10863
4748
3743
10003
13006
152
14408
587
13006
14408
2117
1918
644
4382
2057
249
942
1705
7041
10003
1902
4554
13006
2530
14408
9257
5966
7711
6293
1935
3849
7343
1433
5177
7343
9257
14408
14408
6038
11853
1396
2959
4910
1004
10863
3839
10863
3894
1495
4381
13006
4279
2063
4299
2971
9257
345
10863
8646
1659
7711
1013
867
1361
11853
4881
9257
4163
899
950
3060
7711
916
3378
1106
4624
2301
9257
3657
13006
3770
3405
4019
3743
950
10863
11853
184
1632
1278
3770
3159
993
1103
1632
1592
2117
10863
6038
4121
890
6609
1252
14408
5750
11853
2173
10863
2392
5586
7711
6609
3209
14408
1479
13006
475
13006
10863
5057
5177
2793
6099
2176
11853
14408
2280
4845
2740
4398
6099
1809
1309
11853
3175
5966
7711
14408
7041
2370
2804
4768
3282
2697
4561
6793
11853
5939
7041
4101
1106
1018
8646
6099
2082
1018
916
2802
1515
7041
3809
3898
4416
4845
1309
1742
3282
13006
1206
6793
3535
303
2048
4504
11853
3618
2432
1702
13006
11853
6441
7041
1433
10003
13006
4534
7041
6793
1669
1356
1192
3493
11853
11853
784
2286
8646
1430
1554
8646
1985
3850
4375
7711
2821
4319
6609
13006
6293
1439
2286
4714
4952
2807
11853
10003
756
4891
6189
1377
4019
3574
780
6609
299
13006
4349
2046
2563
3051
8162
2048
659
6441
14408
6099
7041
10003
1662
5998
4506
13006
2097
85
8646
8646
2229
14408
874
8162
7343
859
2469
4230
922
2484
3771
2063
11853
3502
335
5821
204
8646
11853
211
7343
14408
9257
2063
1983
11853
3426
1806
1515
2896
14408
2558
10003
117
4353
9257
10003
108
3020
8162
13006
2127
4852
124
13006
3395
4060
5966
6038
2062
120
485
5202
10863
1632
7711
467
14408
10003
1456
1637
2032
10863
2063
6793
14408
8646
4946
13006
4299
6099
2898
2948
14408
1018
1439
6609
208
10863
14408
5180
4158
5477
3178
880
2432
1310
8646
7041
13006
7711
7711
2032
5939
2844
2358
2250
8646
2493
13006
3894
10863
776
7711
13006
1364
2803
4258
2438
2734
588
5750
3454
9257
4613
1449
13006
791
7041
5998
1106
2717
10863
1592
4714
2418
7041
10863
2514
4748
442
4138
4121
13006
2319
5057
208
2961
541
3535
5998
13006
4571
10003
7041
4845
5966
4845
421
7041
3976
1192
3178
2691
8646
2717
5939
6441
6293
7041
2097
14408
3086
3680
5939
10003
1495
14408
4866
8162
6609
14408
155
13006
13006
1567
10863
8162
6609
14408
7711
622
2973
2466
2157
1433
13006
7343
4607
891
7041
452
9257
5311
5122
3143
3809
1519
13006
2070
1438
13006
3618
11853
368
2751
9257
5057
7711
1291
629
6038
6609
4554
3964
4299
13006
6293
10863
557
3480
10003
2943
5939
3771
6293
2840
5966
3981
3535
4121
1430
542
11853
3458
2896
1060
3143
4269
8646
10863
4515
7711
2048
2687
6293
164
14408
7041
14408
4077
13006
1439
629
10863
1780
2930
3657
636
6441
5998
5483
3894
8162
3282
4910
11853
2734
2488
13006
2250
7041
4246
13006
2640
4121
3968
1009
3044
2669
5951
1521
2734
5447
1433
366
3887
6099
5339
2505
10863
5202
8646
95
3143
2523
2019
3593
2734
1474
2277
1334
2469
928
9257
7343
1921
244
3069
829
1938
8646
3680
1367
13006
10863
3200
11853
3064
2824
5122
2351
11853
6609
6609
5330
4401
13006
1659
2591
5155
1486
2063
165
6609
14408
8646
14408
4382
6793
4559
7041
10863
2437
615
255
5123
5057
5998
10003
3894
4563
10003
3143
5998
4246
6441
2432
9257
6441
1809
622
10003
3426
328
1592
1094
569
1252
1495
6441
14408
3535
1939
500
4504
1106
804
3200
6793
1364
4891
3618
3150
3064
14408
2862
7041
1433
5651
4349
7041
944
9257
9257
2505
3586
3574
1913
7343
11853
4393
4360
8162
8646
10003
2807
2280
10863
3282
2808
8646
6609
8162
10863
6189
588
434
8162
2467
11853
1397
4874
3574
1632
217
3037
6609
4828
3574
947
4668
3966
265
876
13006
5951
6099
8646
13006
13006
10863
1330
11853
11853
13006
6609
2418
8162
8162
1567
616
4515
5028
4874
13006
4019
4383
3484
5894
7711
4229
2086
622
829
5318
2086
4677
5752
4910
6609
3155
2157
9257
10003
2089
5939
5202
7711
3172
3487
14408
5951
4189
14408
4638
2062
3426
10003
6293
3418
5998
13006
943
10003
804
1788
4753
4163
10863
10003
1192
1192
3254
5282
13006
7041
3770
1106
872
256
2791
11853
1415
3215
4229
6189
14408
13006
2807
1521
6038
3695
8646
6293
9257
6189
8646
4036
7711
1484
7343
1392
6793
3850
14408
2294
3064
2803
1550
304
5223
3591
1310
424
5559
2590
8646
3426
1100
3064
6038
3159
8646
10003
4848
2516
1443
3143
3319
4279
13006
2740
14408
166
1244
5735
4891
4382
542
3822
2331
8646
7343
4811
1632
7711
6099
10863
3535
4587
14408
5024
3229
6099
6293
1980
294
3618
3044
11853
7041
11853
14408
475
8162
11853
4515
5998
4690
3344
4852
744
862
3379
2740
4881
4874
3476
452
7343
11853
946
3475
14408
10003
744
6609
2095
905
10003
2535
1603
2427
8646
8646
1843
5262
1436
2432
2403
2294
2432
4891
1495
2162
1632
3182
2691
3991
2558
211
1025
1966
7343
10003
14408
7711
10863
10863
2244
2657
2189
3628
13006
3849
1035
6189
3661
3894
2403
3086
167
6609
7041
10863
11853
2844
1310
3744
7041
13006
7041
3426
1035
7711
2790
2485
13006
10003
2432
3453
1809
4571
837
1550
1045
8646
10863
8646
4559
7041
5077
2422
2048
6793
1309
5998
731
8646
7041
6293
837
6609
1192
6189
3164
2640
2989
2717
269
190
8646
2650
4587
11853
2341
3680
4453
3426
6293
13006
10863
669
204
480
2779
4143
5939
6293
5966
6099
4228
11853
7343
14408
1567
11853
2807
6441
1439
3039
9257
3574
8646
10003
935
8162
2802
3743
7041
3680
10003
5574
6441
4349
2740
6609
3378
13006
4080
4638
3809
4163
943
1014
2528
3680
2369
6609
7041
8646
4229
10863
1939
13006
14408
282
636
1429
4587
2396
1278
2833
2277
9257
3151
9257
2370
206
10003
2388
2057
2394
3968
100
312
4515
150
927
4562
4229
7711
1106
7711
7041
2517
1010
2129
11853
4845
13006
1050
1439
629
1918
7041
8162
3435
10863
2063
474
318
5998
8162
1843
1192
10003
9257
14408
4376
2563
11853
1951
14408
14408
8646
2331
10003
1309
7711
669
3823
942
14408
10863
204
11853
10863
13006
1018
1789
2821
3171
481
3040
11853
6189
1862
1015
6441
3502
4874
2493
744
3850
2611
3044
8646
3064
3850
5939
349
10863
1737
1393
10863
2830
6293
250
2063
2640
2286
3189
3964
2157
2833
5998
6189
13006
1741
7711
4587
4763
5037
9257
3064
10863
552
729
14408
2858
2844
4011
2896
6609
6441
5966
4563
3695
2734
3426
14408
4588
7041
10003
10003
577
2859
2640
6189
1495
2805
8162
4065
4515
2945
9257
6189
1947
7711
14408
2933
4121
2717
5474
4945
2989
1079
14408
1241
2063
10003
890
1309
1243
8646
14408
10863
3069
6609
14408
193
577
13006
388
4910
1252
10003
5966
3795
3064
2063
13006
872
13006
2450
10863
10863
11853
3051
9257
8646
90
4398
5951
13006
6441
10863
3223
3051
14408
11853
1291
1632
6793
4891
2731
4258
871
850
1575
177
5192
3894
208
5752
1884
2777
1037
5576
10003
10863
532
229
744
11853
2833
13006
14408
3426
1137
1498
8646
326
3038
2129
4844
636
3574
4766
3139
2063
950
784
1592
10003
2523
7041
5311
6293
3039
470
616
2798
1473
6609
9257
8646
4526
2751
10003
10863
5628
6038
4624
1938
4787
179
3246
2370
13006
2319
3155
3548
288
11853
1429
3064
3555
3550
4382
10863
2392
6793
10863
6793
5998
1918
10003
3894
6441
2250
1504
1111
11853
3574
11853
4534
888
7711
8162
687
9257
3405
8646
4828
659
2439
10863
5028
2432
11853
902
889
14408
1524
3714
6293
286
799
3155
1587
11853
2505
5192
6793
1705
192
232
3551
898
10863
900
4667
2398
348
157
10863
2347
2563
1291
5634
1364
1018
2199
8162
11853
5966
10863
10863
4910
6189
5752
2358
9257
5998
5210
3426
4279
759
7343
13006
3143
4230
10003
4458
376
8646
2546
3182
3006
2657
2961
13006
2943
1514
3020
3695
2266
2640
10863
4230
2751
3502
3086
198
7041
8162
6293
2563
5966
4768
2063
1919
10003
4379
3044
950
229
5966
3069
14408
11853
950
5261
2833
7041
107
6189
14408
2063
2844
3244
6441
804
1566
9257
3435
2412
2943
8162
4946
3791
5750
5586
575
8162
2989
4881
6099
5077
13006
1913
5998
659
8162
11853
7041
4650
13006
7711
13006
159
1684
2403
3858
6609
1433
9257
11853
14408
6441
1765
14408
2097
5105
2485
7343
9257
5821
732
323
287
4036
2048
10863
988
210
6038
8646
4910
2844
6099
2157
13006
194
1106
8646
4362
13006
6609
2038
10003
10003
1433
2432
2048
4881
13006
1068
2427
4103
10003
10003
10863
3312
4036
14408
1674
7343
1018
3508
3774
1016
10863
236
8162
11853
2563
1114
10863
106
3064
1341
3191
14408
5998
906
14408
780
3155
950
2833
6189
2384
14408
14408
4828
575
1436
815
11853
13006
3809
6609
254
10003
2432
9257
2734
4690
588
2061
864
2063
110
1152
3475
3143
7711
8162
659
5282
1994
4036
4776
4768
11853
2266
6293
1336
11853
10863
1913
6293
5037
8162
4371
4319
1436
7041
10863
6609
3395
14408
2751
3800
6793
8162
3515
2428
14408
5998
10863
1106
3670
4019
4534
3799
3383
244
2563
4503
896
2162
1806
10863
6189
6293
11853
2777
2989
2729
11853
11853
1435
1192
2230
11853
5749
5019
2943
5749
1952
3881
9257
2640
2794
2764
2753
14408
1348
10863
10003
2522
7343
2807
14408
3494
4234
6189
10863
2432
3223
636
156
3307
1106
2844
8162
2054
7041
11853
732
10863
5966
10863
11853
1291
3182
2450
14408
3260
14408
7343
11853
7711
7041
8162
207
669
2793
4097
6099
944
8162
4526
13006
1244
3542
6441
4108
3793
10863
14408
4588
4891
382
5651
5142
4049
13006
10863
11853
3862
10003
9257
5015
744
946
4242
888
3836
4127
4060
2418
7343
14408
313
9257
3476
10003
1919
3748
2278
2515
100
11853
2729
3181
546
13006
2357
1055
8162
823
8162
1918
13006
10003
9257
5998
1843
297
10863
5998
669
8162
2740
552
6609
10003
3344
4817
616
1142
8162
368
9257
4690
7041
5998
11853
1033
4866
2048
3680
3770
3132
9257
210
1392
5951
14408
13006
3680
8646
7041
2844
5966
10003
2294
2563
7711
221
13006
4587
3800
1659
780
4144
338
444
4701
2070
4613
2896
10863
6609
3802
5108
3454
7711
11853
4382
3904
6099
935
6293
3453
2148
9257
4258
1567
8646
1626
11853
10863
13006
6189
14408
6441
575
10003
1018
5951
1129
2463
1592
1192
2063
261
311
14408
11853
2386
4246
4246
14408
14408
2097
8646
2356
1433
7711
6793
876
10863
6793
238
294
1378
14408
10863
6609
2403
10863
399
5315
10003
4559
10003
2319
8162
2982
7041
6293
13006
1252
1517
13006
7711
2341
2200
943
2933
6038
7711
1501
11853
4526
10003
14408
10863
5749
4372
4594
3136
5573
2506
11853
14408
2702
250
5291
6099
9257
8162
6793
5210
4534
3223
789
5077
3991
5339
898
3981
1473
5474
7041
4508
2549
159
6609
14408
1447
8646
2957
4065
4760
6441
6099
13006
3143
2117
907
3064
2568
1823
2083
4011
13006
313
10003
10003
996
553
725
4667
888
1970
1787
2896
780
4734
6441
1435
357
14408
1018
1433
2048
809
2947
297
6189
1192
4660
940
7711
2054
11853
1515
8646
846
10003
2034
2063
3486
847
2186
3038
9257
1884
6441
4144
2098
792
5187
6793
4128
5966
1291
687
2907
5559
1434
7343
1592
3383
1940
3863
13006
385
10863
3228
854
4607
3231
11853
1512
3086
14408
2389
3397
3044
1705
9257
3064
3743
3484
629
2717
669
13006
6793
9257
950
7711
338
444
3657
1495
5192
7041
1442
6189
2277
13006
1648
10863
3223
10863
1555
1823
13006
3060
4554
14408
3172
13006
14408
7711
3743
8162
7711
13006
5998
10863
2349
4423
544
3504
9257
1968
6441
2245
9257
2822
5998
14408
5223
3282
2469
784
6609
1378
8646
2640
8162
14408
4113
13006
5187
2418
13006
1433
7711
491
3680
6189
10003
3207
1192
2474
8162
1469
744
6441
3297
10003
11853
3282
6609
9257
2675
6793
5315
5966
3395
4503
3574
2432
780
3899
2428
619
5820
2948
3574
8162
14408
14408
2432
14408
1432
4019
1156
1794
5057
829
2416
11853
1512
2807
928
3157
136
4668
1433
14408
9257
258
3342
485
3254
636
3227
191
9257
2833
3148
4939
2517
2019
3282
3282
780
3069
4113
7711
3229
1500
3109
2341
14408
6099
2589
4019
1949
6793
2812
1587
4555
8162
2896
7711
1578
2085
14408
780
898
1009
4910
1918
6038
3051
1592
14408
13006
2369
2816
4613
959
2432
4168
6609
1495
1705
6793
7041
3069
545
1550
912
1033
11853
7711
2391
2440
1917
1309
799
4515
2428
2807
5998
14408
2943
6038
9257
4508
1256
9257
8646
3591
1794
5293
13006
4561
7343
3743
8162
13006
2428
8646
542
6189
5330
3395
1433
1072
14408
10863
8646
2777
799
11853
11853
11853
6099
10003
9257
10003
6793
3064
14408
14408
3378
1557
851
5077
6441
5998
3502
6793
932
2386
1310
10003
348
4242
2139
13006
8162
2675
4845
8162
13006
2157
1994
2398
1475
13006
740
11853
301
1789
10863
1632
5077
2563
5559
8646
13006
4387
187
2128
8162
10003
2570
14408
10863
3064
1495
1243
2920
13006
10003
1498
1567
2943
1705
3966
6793
2717
3513
2432
1511
8646
8646
11853
3191
1476
1567
2848
6099
2097
4441
5045
4613
520
2657
2760
2495
4560
11853
1612
227
7711
1592
8162
2921
5311
2388
5280
10003
211
855
6609
11853
2359
2734
3426
1474
5576
10003
13006
4554
2277
3714
2097
2469
1646
10863
2582
10003
2366
5315
1662
1951
905
2157
4229
2274
817
8646
13006
14408
1974
2943
3528
895
3714
4382
11853
895
1108
14408
2902
4299
10863
154
4508
8162
13006
4534
2989
6793
1705
758
5998
9257
4319
4571
1106
4107
2553
2469
3435
1413
11853
4667
4073
206
2432
10003
1592
3044
7343
3311
13006
11853
6441
4364
4279
7711
4701
13006
13006
5820
9257
1918
4382
4456
866
10003
1465
3670
2159
5951
13006
1126
14408
2143
5951
6793
6099
2777
1862
7711
14408
8646
8646
2019
1182
176
1567
1701
2764
9257
13006
4422
359
734
5280
9257
3600
2097
6189
4230
2803
152
3512
3618
10003
1463
4957
8162
2436
408
10863
827
8162
13006
6441
1126
13006
4803
8646
499
155
1913
6609
8162
4118
2989
2546
1330
5998
3897
6293
862
1789
3161
92
9257
8162
2341
9257
4036
1057
1921
6441
1913
6189
1603
3178
1918
8646
10003
6793
3161
2751
2853
1957
1592
2199
3064
3714
3172
1038
2567
7711
2697
3242
1106
2063
6038
8162
876
10863
10003
3129
544
6609
3894
2403
1951
829
2229
6793
6189
13006
10863
3966
6793
10863
1433
13006
7711
226
2779
5318
9257
2003
14408
5580
9257
1509
10003
3850
14408
3473
2169
254
2695
10863
6793
2432
3480
2202
4803
10863
8162
7343
3186
1913
489
6441
5574
6189
13006
742
1415
1918
3426
1587
1106
7711
3223
1907
3178
185
2294
3484
8646
5491
4382
3173
2380
11853
3512
11853
3143
3213
14408
2563
4258
950
7711
8646
3243
3175
9257
7041
5951
6293
10003
1310
7711
13006
4372
6293
2068
2870
4608
3143
2514
804
4587
8162
9257
248
3434
981
3770
2734
14408
9257
3200
6441
14408
800
3248
326
2570
14408
4055
11853
14408
256
3849
5107
1439
14408
1439
2650
13006
7711
4666
2777
1567
1106
4845
14408
10863
2924
14408
10003
10863
6609
2222
7041
944
9257
1102
5580
13006
382
8646
1632
10003
912
1994
6609
1310
3744
13006
13006
7041
5016
2691
13006
1862
14408
4668
10863
14408
10863
277
10863
3223
13006
8646
1563
2048
5939
2844
4121
3830
10003
899
367
3109
10003
8646
10863
7343
2896
4734
6609
7343
4852
5998
10003
2063
2818
1972
860
7343
4083
2535
3742
14408
7343
4848
4944
14408
7041
3680
1900
7343
2640
2406
10003
14408
1448
1583
10863
3379
2844
3930
8646
3803
14408
3143
1278
475
6038
853
10863
9257
5192
1894
3574
8646
7041
14408
4400
5223
2640
2702
4666
6099
11853
2797
801
3132
8646
2230
14408
3155
5966
2563
864
10003
10863
5028
1435
2897
2428
10003
3803
1309
828
2063
14408
1991
4641
9257
6793
11853
4820
3292
6609
6293
13006
1397
4121
1192
2364
2794
2855
3991
3762
3680
10003
14408
1550
982
772
11853
1149
7343
7343
10863
265
3695
2544
6038
4121
9257
14408
4587
945
758
2341
7041
3344
10003
4881
3991
13006
10863
829
7041
2074
6099
4852
2404
842
1433
3437
10003
1278
4508
9257
2186
3481
1430
10003
1684
4382
4848
1550
3475
256
3473
2777
2199
3379
97
6441
2280
6099
2398
7343
11853
14408
8646
829
742
2286
6189
2896
9257
1794
2063
2062
4422
7041
200
8162
3502
10003
5037
8162
1231
3793
1486
1069
11853
2517
1949
10863
14408
4382
2428
2294
8162
1913
584
3241
4117
6793
1911
294
14408
11853
11853
84
5576
2063
829
14408
629
644
7041
3535
1918
6609
5024
2190
5576
1982
2461
9257
2172
4571
1834
8162
659
9257
6609
2777
1705
3519
1884
14408
6189
1592
2563
1192
1192
3272
1079
8162
4972
4787
13006
4787
3138
2807
2075
4036
3435
4633
11853
3899
2844
3670
10003
1252
10003
6441
238
2778
4508
2873
248
6099
3132
7041
4608
14408
3504
13006
10863
11853
6793
2734
1256
3574
874
3395
1439
11853
13006
2244
3770
10863
2485
1600
912
1649
452
1476
3680
3020
3263
11853
8162
669
6441
14408
1632
11853
14408
3547
2989
3142
8646
11853
3184
3282
4773
3228
10003
13006
13006
3618
8646
6441
2127
1241
2059
4748
3241
10863
8646
10003
4476
11853
7711
2858
6609
3426
6441
4381
950
2358
10863
2432
6793
6038
2872
744
943
4845
1309
7343
784
744
2398
8646
1310
5998
3453
1330
4083
6609
2319
382
8646
7041
3714
452
3069
3244
6099
9257
1106
7343
2229
2563
744
9257
4768
1567
10003
520
5311
1522
11853
5653
3827
7343
533
417
157
1951
89
1252
1110
8162
5651
14408
5951
3109
10003
7711
2741
733
6293
2844
1042
1592
2766
13006
6099
4608
3171
1940
2062
1913
10863
799
11853
1978
3498
4163
10863
4588
3223
3205
6038
8646
5187
2822
577
111
7711
11853
4060
1456
3039
2514
1049
2428
14408
1397
4701
13006
6099
14408
4534
1483
304
4866
3480
4362
3148
11853
1918
376
7343
4910
3164
10003
4515
3178
971
217
6293
9257
3453
7343
2514
8646
3661
2522
4566
2830
3191
5105
2231
4910
2433
5580
3759
14408
10863
4089
8162
1982
10863
11853
2448
4734
1764
2428
4258
13006
3574
13006
2319
2629
3680
2799
6793
3344
4279
896
6793
1334
3069
7343
14408
14408
9257
5564
3383
9257
5998
4714
2117
11853
8646
2369
810
1905
10863
611
1809
5894
4503
6441
14408
2989
13006
3618
2063
8162
14408
1486
2123
5318
1406
1309
3628
2034
3109
2063
3744
1809
6038
2063
3157
10003
11853
2782
874
4319
1340
5939
7711
4454
3282
10863
731
3512
8646
1336
10863
3894
1939
267
1192
4019
1310
14408
5749
3795
3143
2403
1913
10863
3149
14408
1592
2059
382
4382
231
1413
3795
11853
5491
3453
11853
2277
282
2961
14408
6293
1809
8646
277
2044
1034
4319
134
9257
4714
2219
3809
4508
6793
14408
10003
13006
3809
2089
2331
3981
4382
14408
10003
2777
4258
6609
2347
7711
1106
4772
6609
5474
3246
8162
2063
14408
14408
1619
659
2404
1501
10863
14408
8162
5939
5262
13006
11853
10003
5750
1951
5735
14408
5939
6038
4152
2896
313
1918
780
1263
950
3850
208
14408
1347
1182
8646
3850
4799
3981
4506
1309
3252
8162
13006
1716
5998
10003
14408
1834
8646
1075
7041
8646
1011
4677
4881
10003
5998
829
2253
1241
3150
5424
4230
13006
2820
4085
3142
880
1035
802
622
6441
13006
2787
2461
319
6609
1843
11853
423
14408
5998
3159
11853
2294
1129
950
6793
3991
804
3649
442
7343
8162
2253
421
10003
2359
1126
4258
2777
455
11853
4820
10003
1567
1806
6293
13006
2319
1692
10003
11853
1638
6441
13006
1408
10863
11853
5939
5966
4701
4677
941
9257
288
1729
2729
6189
6441
1042
5939
4067
10003
3976
7041
2367
7711
300
11853
2896
3446
344
11853
3473
1309
4097
10863
3044
8646
1069
11853
11853
4601
1153
13006
1595
9257
1309
160
4319
10003
492
4362
14408
1117
13006
1592
14408
5966
2277
7041
9257
2729
892
1823
5966
876
10003
6609
6099
6293
3651
1148
1809
5966
3159
2808
7711
5998
2278
5998
2063
9257
14408
3680
2740
330
5028
14408
2807
5951
5939
3344
1567
2785
7711
3426
6793
2274
5177
14408
4076
1343
4874
1823
115
14408
2574
6099
3344
950
8646
3904
876
1433
731
1688
6441
5939
9257
3651
1364
3038
9257
1241
2286
3837
3426
204
11853
6038
5998
11853
629
3128
2751
4554
3991
2341
2020
251
1154
9257
874
8646
6793
10003
9257
14408
1010
6189
3453
5998
2366
3695
731
14408
4242
4534
3548
225
2951
2833
622
3499
3862
5564
1121
11853
1309
13006
829
1192
13006
1192
1278
3344
829
8646
3459
6099
14408
1164
2989
14408
2274
3191
3680
159
8162
1515
2563
6793
1523
4641
3535
6293
10003
588
5655
10003
7343
1050
4072
5210
4118
8162
7041
14408
1439
9257
4269
2063
5951
10863
2319
3470
4667
10863
14408
1578
14408
13006
1156
238
14408
3714
10003
3344
2440
87
1918
3894
1438
3300
2822
7041
2507
6293
8646
2349
2301
6793
1263
1806
8646
249
5951
2802
1567
3240
11853
9257
14408
7343
3418
478
14408
4946
11853
13006
577
3437
2063
2051
13006
9257
4773
10003
112
4554
8162
731
282
10003
1916
2250
669
1310
10003
322
3182
1922
9257
9257
4319
2535
9257
1667
5576
14408
8162
7711
13006
1544
3653
3762
780
2857
10003
2280
2854
3044
2943
2175
8162
3591
4229
1592
3178
3405
2605
2418
2833
5951
2099
3166
2341
11853
4787
1278
4105
2818
7711
6038
5951
8646
2157
2514
2200
474
236
542
2408
6609
8646
975
4372
3770
10863
6189
11853
1504
1632
6293
8162
4299
3186
552
835
1018
5037
935
950
1046
2881
3282
553
1154
2278
1241
1436
6793
10863
4571
1400
7343
5187
2170
14408
4228
223
5586
5998
2691
3680
8646
7041
7343
1192
6609
6609
14408
2277
3661
2348
3809
4845
3199
222
10003
1913
5177
1068
799
3800
14408
9257
10863
301
6189
1037
6609
2854
7041
4552
13006
5951
6609
950
243
1834
2174
13006
10003
10003
7711
110
10863
2033
2995
2759
1377
4083
14408
10863
2989
9257
11853
1918
10863
2432
13006
2844
1364
1592
3143
10863
2563
14408
2428
2806
3360
14408
731
13006
10863
14408
7343
3164
3044
1799
2844
6441
8646
7041
7041
3395
1106
3086
10863
7343
11853
13006
1823
1439
2157
7343
5951
3248
457
6609
8162
6441
4768
1490
8162
3850
622
5998
3435
1064
5998
2740
1523
3582
1495
3618
2989
14408
144
3965
7711
10863
3397
554
4554
2172
937
2171
3191
2767
6038
2063
815
949
14408
731
1552
948
5318
6609
501
7711
786
10003
13006
3051
865
7041
3132
6609
13006
8646
11853
2341
917
228
2347
7343
1615
11853
2469
428
2432
3282
8162
1705
11853
1591
5574
7711
6189
2989
13006
5210
307
2117
10863
1704
4748
6793
6038
13006
14408
2883
800
3038
6189
1977
6793
7711
2844
515
3457
2729
14408
1984
10003
4638
4734
6099
905
2867
5480
2097
2833
8162
6293
1106
554
14408
874
9257
2432
2370
9257
10863
2403
6189
6038
10863
13006
1514
8646
382
4852
6293
9257
8162
7041
4881
1330
7711
10863
9257
226
7343
2582
8646
10003
3143
1843
3743
8162
9257
14408
3185
6793
4096
819
2231
7343
2702
829
1646
416
204
3451
2858
284
1106
11853
4458
2136
4441
3650
2097
2432
898
4299
11853
5318
4503
3405
7343
10003
2003
1206
1470
14408
3542
5057
3770
1951
8162
4011
10863
2428
10863
3550
3743
784
2406
1918
3714
7343
2734
336
10003
4387
286
2059
1031
2548
194
121
950
5966
1433
10863
11853
6099
2717
3946
11853
4258
5644
4163
14408
3282
1980
4564
1055
14408
3488
6441
2086
11853
1456
5951
3191
3157
6293
1918
4299
13006
7343
13006
6609
343
2937
829
2063
3383
3060
9257
2048
14408
4690
11853
6441
530
10003
9257
11853
4421
1004
2488
2948
1384
4083
2844
1951
4087
156
229
14408
5998
8646
14408
2403
2104
3502
3550
10863
7041
11853
5015
2833
7711
1594
14408
533
3475
2640
14408
2705
7711
577
10003
4800
11853
10863
3475
9257
808
7041
687
2266
1862
4667
1616
4420
13006
7041
2766
725
14408
4246
8162
1499
3040
13006
6441
2015
2062
398
6793
14408
13006
3242
1523
744
10003
11853
2743
1681
3223
2401
1913
1994
2505
912
2545
8646
8646
7041
2764
7711
1823
1432
3899
2740
6441
1192
2833
3743
4183
14408
7343
14408
6441
325
937
6441
9257
10003
4353
470
2032
200
4768
780
6793
6441
3535
9257
4503
3234
2428
10863
2203
5966
8162
11853
14408
10863
1449
1349
2432
7041
6189
7041
8162
2245
2048
5651
1415
13006
10003
4848
10003
1918
14408
3459
3233
11853
3132
1632
177
950
226
3064
9257
11853
3548
3155
2443
2524
444
3476
11853
11853
2849
3344
2274
10003
1667
4554
3475
7041
1587
3292
944
4613
935
9257
3559
3051
1309
4414
1018
1705
10863
8162
3680
3574
10863
6099
1192
7343
10003
1935
9257
350
7711
6189
5339
189
10003
3069
7711
2394
13006
1364
2422
780
6293
8646
1065
2403
10863
2416
4107
282
6441
2514
5998
11853
2432
5998
3223
3535
3475
3426
367
210
3223
1018
4421
3383
6293
4319
11853
4258
4508
11853
9257
4421
4161
4668
2717
10863
8646
2059
1335
3488
6293
13006
2032
14408
11853
1349
1567
2357
1106
13006
2370
552
1567
6189
9257
8646
2637
10003
2319
2230
4053
5477
3502
6609
9257
11853
14408
4060
6293
9257
622
3086
548
6293
13006
3344
13006
11853
183
2989
491
1443
10863
11853
3839
1862
9257
6099
301
4748
7711
1018
2400
9257
1309
5019
11853
5280
7343
11853
2104
7041
1350
3454
8162
860
14408
6793
2183
7343
7711
11853
5202
10003
4866
5820
2740
2341
1068
2363
5155
2777
1486
3397
2640
2097
3739
10863
2428
11853
5311
2734
4414
3205
3344
950
14408
14408
10863
1994
2097
3159
4559
3680
325
3966
14408
2294
4748
8646
3086
10863
4088
6793
3680
13006
1523
14408
2063
6038
9257
919
3060
2063
9257
423
870
3680
13006
7343
5749
307
2280
5749
1495
450
2799
14408
5653
8646
6099
11853
6793
4258
14408
476
9257
4168
10863
2403
6038
4083
1042
14408
3448
98
6609
4595
2278
5998
615
1951
5253
7041
3223
1403
6293
150
13006
6293
3379
10003
1704
3223
3086
1055
4562
2514
10863
622
2734
1438
876
13006
3248
2469
9257
369
1443
4970
3060
6189
1397
1330
2705
859
2896
9257
731
486
4269
8646
2591
2943
9257
3475
7041
2097
1137
5019
295
6441
1330
14408
2250
3743
2064
2824
315
478
3806
3233
1590
1486
10003
3180
14408
5966
8646
659
1935
622
7711
84
10863
10863
950
6441
792
10003
3142
7041
3426
3282
10003
4666
1400
1918
4672
2171
1705
14408
5651
4752
6609
5939
6189
2989
10863
4848
1415
5939
177
6293
10003
3155
3966
2637
8646
669
11853
3039
8162
6441
1206
10863
5966
2844
6189
10003
1809
1009
10863
6099
10863
11853
1918
10003
14408
2563
4566
3574
10863
14408
1705
2943
3482
1427
2428
8646
2097
13006
457
1433
2040
1469
5192
10003
2896
155
1918
11853
7041
4608
870
902
14408
2294
4526
2802
3405
1523
7041
2591
810
5998
1330
8162
5653
849
784
2097
2777
3472
11853
7041
7343
287
4269
1632
13006
3476
14408
1951
1532
791
2424
829
1009
1241
1631
1742
3670
4185
10003
1620
2250
10863
7041
896
3318
4060
8162
4127
8646
14408
14408
1980
3132
636
1493
2392
1051
8646
3150
3680
3160
7711
7711
2432
11853
13006
622
849
8162
14408
96
10003
13006
11853
3143
5749
2369
7041
7041
1984
3628
9257
4852
3209
2200
4571
3502
2063
2031
1809
2097
4820
3618
7041
13006
8646
13006
2398
14408
13006
3149
1433
10863
5105
13006
5966
2989
687
3650
1592
2695
10863
3360
6038
10863
5966
2637
791
1330
3307
3383
13006
1809
475
9257
1918
7343
5421
3680
823
2157
6038
1789
13006
4587
3453
9257
950
6441
8162
3714
13006
3444
3345
3894
11853
2385
3006
10003
2301
1974
3581
5966
6099
731
4891
6099
2200
776
5651
1350
6793
8646
1126
1364
2563
1951
4613
1592
14408
2392
1291
6099
3223
3227
5028
5998
843
6793
1309
13006
9257
11853
2842
2394
13006
11853
2250
14408
8646
14408
2764
763
4910
10863
6293
7041
388
3306
950
6441
2461
3405
2514
5016
8646
14408
5951
3397
1142
3965
1592
2833
4763
10863
7343
6441
1392
3850
1244
14408
5202
784
950
8646
5262
8162
7711
8162
1310
2161
6189
1375
10863
2734
762
5951
6038
3178
3968
3282
6609
10863
1100
10863
1884
2777
6441
1987
10863
5586
178
9257
2063
3894
5483
917
4845
7711
13006
5280
10863
13006
2501
10863
2751
14408
2250
945
6793
3714
14408
876
13006
4852
4668
6099
350
2844
4019
3155
4526
11853
5108
2833
1045
1010
14408
123
10863
1632
5015
8646
10863
8646
11853
758
3442
8646
1632
1340
2031
2049
2250
13006
6293
1806
3452
3577
3557
2807
7711
1951
2341
11853
1456
14408
11853
727
1918
4768
2250
5998
3809
13006
1364
2432
3502
3670
13006
4121
4370
13006
7041
13006
2097
6609
2054
2740
5820
9257
11853
629
2183
2157
2514
2854
13006
1397
1956
1291
7343
1476
2015
2129
5015
1632
4229
2784
3051
11853
7343
13006
876
1341
1495
1353
1192
3484
10003
3281
2403
7711
2563
11853
1952
14408
5192
3849
2657
2076
1974
2127
3779
2579
1612
13006
3189
287
1567
4113
8646
3172
4163
3267
6038
2062
6441
204
4230
1567
11853
3506
1004
1662
6441
1439
7711
5045
10003
6609
4845
2551
8646
6441
6189
7711
2347
3164
1567
1809
396
4561
211
14408
4319
13006
6441
3591
3143
7041
1705
2691
6099
3040
6099
884
491
3064
6099
282
3143
2948
5311
890
1951
10863
1348
6793
3809
9257
2443
2830
9257
3894
5653
5966
2729
10003
3809
8646
5024
9257
1367
3535
7343
1951
8646
3850
4752
8646
2919
2854
1474
1291
14408
2702
3850
7711
1439
4381
1106
7343
3514
10863
2795
6293
14408
7041
2563
1309
13006
729
6099
1578
8162
7041
2783
251
6793
14408
2514
8162
7343
2406
1031
2392
8162
11853
6793
2742
11853
3157
6793
4881
7711
6189
5187
1626
2428
299
3618
514
9257
10863
4891
5966
14408
275
1192
1469
8162
6189
2443
3159
9257
10003
2591
6293
5939
1706
2479
2403
5951
1787
10863
6793
178
6793
134
629
1994
1913
1994
277
2675
6038
629
2534
5951
3069
2064
5951
6189
6293
14408
6293
8646
3714
739
2780
1799
1493
1033
1338
1994
8646
2245
3064
6609
13006
3182
5998
8646
14408
6099
5045
3426
3680
4073
1904
10863
302
9257
349
975
11853
932
11853
2190
1665
10863
836
3680
6609
8162
3383
102
7041
2777
10003
3574
7711
5820
487
5998
899
2896
9257
2637
3006
3618
6189
14408
2751
4036
4944
10003
10003
2319
14408
1043
8162
1113
3306
3143
10003
3426
1371
1435
744
14408
8162
14408
1397
4690
5998
14408
424
6609
7041
7711
2341
11853
872
7711
10863
6293
2514
144
13006
5037
1351
4078
1310
3086
3574
4299
748
10003
4121
11853
6099
1118
5966
2367
13006
2286
744
2428
2359
11853
5966
1134
1364
3426
14408
9257
1612
6189
552
849
5210
2347
3965
5202
10003
6038
14408
5998
1174
851
9257
1454
4453
2717
6609
2740
10003
3803
669
10003
3850
14408
1521
3453
3505
8162
249
6793
10003
10003
13006
1473
7711
5057
4382
2202
7711
888
9257
2855
8646
1809
1256
7041
819
11853
6293
7711
312
3064
4393
4074
4113
11853
5491
14408
1309
3051
3237
3770
1721
3159
3574
4677
14408
7343
7041
5311
13006
2159
3252
3743
795
14408
7711
1705
2432
1139
3213
4752
1994
9257
1742
9257
2428
7711
6441
3186
1497
3653
5135
4319
9257
13006
235
1106
8646
1018
629
7343
14408
6609
4848
744
1834
89
10003
7041
1010
4349
1439
4949
2691
5998
5580
5951
7343
2370
2856
10003
3182
13006
1018
13006
3849
3487
3132
2063
6793
10863
2448
3894
5028
5939
3051
3191
14408
1388
11853
13006
1310
876
3379
5480
145
7041
288
4874
3064
926
3591
4415
2370
11853
2130
1943
10003
6609
13006
3446
3242
8162
3273
6099
3618
2422
5939
9257
11853
7711
1106
14408
11853
1499
5966
8646
6189
5135
3344
10003
1498
4152
6099
1406
1823
3535
6293
3164
8646
2347
5315
3510
11853
2857
3223
14408
4197
5057
3200
3897
837
950
1192
876
2063
8646
669
1572
14408
6189
5311
11853
14408
6793
1043
780
5998
13006
3550
5330
10863
4587
905
1701
2514
3476
1954
2341
1702
11853
3271
1703
4186
843
1788
1619
884
1495
4401
3473
6189
3378
1079
2403
3657
14408
4813
893
2365
8646
8162
177
2157
7343
3471
1064
14408
1787
1433
4229
13006
1433
13006
14408
2432
1004
4734
173
2020
7711
1950
321
7041
2943
4748
1806
2844
14408
13006
5315
8162
7711
6189
2859
1809
11853
2301
7343
3670
5339
1116
1018
5951
1949
4762
3306
7343
11853
2751
3661
6293
9257
11853
1733
8162
1106
11853
5655
7711
3164
10003
7041
1809
1646
1437
6441
5424
1433
10003
11853
5939
489
3306
10003
2833
4494
489
3770
1033
11853
622
5330
5966
5005
1765
3850
2370
1434
1787
6793
4515
6609
4163
14408
1511
7343
3628
5330
3223
4604
7343
13006
2244
8162
3904
8162
10863
1592
6609
3223
5311
1921
313
1139
3680
636
1632
10003
2157
7711
1309
9257
6793
4409
3829
2136
11853
11853
1912
10863
5634
14408
217
13006
148
6189
6609
3550
11853
3426
2870
6189
862
4667
4587
2833
5576
2280
1010
452
4120
9257
4534
3306
8646
14408
1544
3849
13006
10863
238
3248
3248
2250
6609
9257
4763
6293
11853
10863
14408
11853
8162
10003
1431
10003
5966
10863
760
160
9257
13006
350
1915
2740
3670
1495
6441
3383
4972
1704
2936
1809
1799
3444
10003
14408
7343
14408
4299
2563
1059
1592
3064
1517
1612
5744
2040
4381
8646
14408
84
1922
3899
5750
4624
14408
615
926
1587
6793
2563
14408
3453
3754
1033
2063
9257
864
898
3051
265
5483
9257
10863
7041
815
3219
6441
104
5998
1632
6038
1512
2943
4163
1439
14408
2814
4242
2729
1483
4559
11853
1884
6609
2466
293
2428
9257
1061
7041
3661
13006
428
659
4852
3612
7711
5966
5024
2640
4418
6293
3069
10003
4060
11853
6609
10863
6293
190
3581
784
5966
3981
2319
7711
5998
871
8162
5045
1396
1433
6293
6293
4117
3475
2294
800
3044
14408
4641
8646
2034
3981
14408
10003
10003
13006
2455
6793
6793
1948
3246
8646
3744
3801
467
3312
939
2127
10863
11853
13006
1501
5966
8646
2085
1069
8646
659
10003
2844
14408
7711
2280
3064
2697
4677
2514
794
8646
11853
1987
3502
2788
3991
5280
10863
4690
872
1480
9257
11853
1578
4866
5750
2319
3127
5045
10863
3132
2514
4763
1206
1555
1799
307
1337
2063
2472
4476
6189
3282
3618
210
5951
6793
1072
13006
7711
3132
1004
10003
222
10863
2640
194
957
9257
3981
3862
950
1741
3844
6793
3548
2244
3528
3529
2536
1984
1049
2807
867
3512
2833
14408
2250
8162
5057
6441
1554
1354
3397
4768
2764
3344
2250
2001
2408
2286
194
8162
2063
2341
1291
14408
9257
2807
2854
2048
808
5223
4269
6609
2443
2432
2611
1192
6099
4402
4090
4011
2394
6099
10003
382
1192
4242
7711
339
9257
917
1433
1994
2406
3397
348
4587
8162
744
2301
13006
4083
5223
10003
7711
10003
3152
3136
4881
11853
1592
2479
4083
8646
245
8646
14408
7343
758
10003
4195
2989
870
2341
1527
1918
5015
876
14408
4144
10003
1809
3770
2844
5024
14408
347
10863
2734
4379
5477
3897
3930
7711
6038
11853
4801
2062
489
4776
6441
5951
1309
5282
3842
2157
1809
3223
5339
4036
3234
2048
2563
9257
3491
14408
1799
2541
4349
1632
3548
1278
2070
4820
2128
13006
8646
3223
1481
136
756
3456
295
5311
2034
3109
3849
5966
8646
744
1397
14408
7711
1397
3453
3502
2395
6441
3434
14408
2805
14408
8646
829
1483
1106
4234
4382
13006
3903
2074
489
3418
5077
11853
2797
13006
4121
926
1190
10863
9257
3344
10863
478
1862
5998
6793
5311
1884
1942
5477
2370
3548
6038
1632
7711
2498
13006
4121
4242
8646
485
10003
7711
14408
3149
10003
1615
5939
2048
2989
1396
6793
829
5019
6609
343
6293
734
1400
4667
2157
1336
473
7343
6793
464
8162
5477
2493
1913
2176
13006
14408
7343
5966
2846
1809
1968
4910
5028
7041
1862
6609
829
2347
7343
235
1951
10863
1918
11853
3223
9257
3680
5028
338
1603
1705
291
687
10863
1906
669
5820
6609
2009
99
3006
6441
387
1397
14408
1340
8646
1309
13006
6189
1412
14408
4158
1378
10003
2347
183
2432
2063
997
6038
1578
13006
3223
2127
7041
3228
3069
853
8162
9257
7343
3991
9257
1256
6609
8162
7041
6099
2475
5966
4372
5966
3653
975
14408
13006
3574
13006
3475
5277
4677
11853
2079
13006
1436
474
10863
2833
7041
1447
6038
912
6189
1309
13006
13006
937
1192
10003
244
7711
6793
5966
876
7343
98
7343
1075
1278
8162
2278
13006
2734
2717
2830
3159
1388
3680
181
1918
13006
14408
1433
3976
6793
386
7343
10863
6609
9257
6099
1659
4910
9257
4083
4833
1192
349
6793
3680
2010
3132
13006
1823
10863
2502
3714
4701
2143
2469
14408
10863
6099
1106
813
4095
6609
792
340
1100
1192
793
1154
935
182
3039
3037
6038
1681
6099
7711
4121
2995
2734
13006
5028
7343
3809
1567
1655
874
957
8646
5966
2804
4787
616
1515
14408
3502
4771
14408
2063
4242
1432
2640
7041
6793
6189
13006
4230
6609
1058
2896
3540
2833
3064
179
5057
7711
1433
2178
14408
2824
5057
10863
3850
4534
4714
2075
2695
10863
2697
6609
4163
2254
1495
6189
6793
2751
3894
5894
3060
4299
11853
3319
4910
1592
11853
10863
7343
2370
212
6099
1632
4440
13006
6441
1701
1471
3223
2833
6609
295
249
478
3132
1013
2629
3740
6293
13006
1705
739
4060
1809
2955
2736
5576
8646
3453
4456
4571
1065
3680
1411
1309
4163
6189
13006
4095
553
3894
11853
13006
780
1330
10863
1048
2924
13006
2563
2652
8162
744
227
1310
2063
1578
2524
8646
2943
11853
10003
1433
1050
1951
420
13006
4163
10863
3964
8162
6293
194
1388
4781
7041
6099
1917
9257
10003
10863
793
6293
13006
3653
109
9257
7711
13006
6793
1106
1523
880
5077
6793
5477
2347
11853
2443
10003
2592
1408
9257
8162
6793
14408
13006
14408
2563
1463
9257
11853
7041
1958
7041
4242
7041
1438
3618
6099
321
3966
2428
7041
2514
1490
1884
14408
636
7343
1408
10003
193
10863
124
8162
10003
3680
3173
1948
11853
3186
4566
1705
2048
10863
13006
1051
4128
10863
2469
2640
10003
5028
3475
2794
100
6441
2145
5311
8162
2563
5261
3161
5491
1082
4414
3513
431
1667
1834
194
7711
1592
442
8162
2705
9257
13006
731
1780
13006
9257
11853
1065
7711
2240
983
6793
1809
780
4087
1665
2740
1351
2273
5951
1435
2740
4763
7711
5311
6609
1918
8646
10863
8646
10003
14408
9257
1439
5015
5939
4152
2089
2432
2195
1994
3204
4097
9257
6099
444
10863
8646
13006
1439
10003
1632
3176
1048
2734
2118
537
368
8646
1667
8162
14408
313
5586
2928
13006
4773
1433
1631
907
851
659
1090
2956
3743
3172
6609
1192
2157
453
1705
7343
208
11853
8162
10863
4168
1439
2842
1342
236
3513
4613
4613
1806
9257
1348
8162
8646
11853
90
1241
6793
5586
687
307
4246
3680
3571
3039
3574
8162
14408
9257
1342
341
4756
1948
5939
4666
7343
4690
11853
2157
156
744
429
3038
2652
14408
10863
2418
6293
5057
14408
1705
2697
2702
14408
2457
6293
9257
5966
5939
4654
3086
10863
3159
10863
2161
2021
9257
13006
2432
5998
7343
9257
1592
10863
2702
374
8646
13006
7343
1915
6793
5939
8646
5655
6793
1435
14408
3172
5015
8162
5951
341
3263
5966
3446
5135
1632
1018
6189
226
4677
4258
3618
3149
14408
3299
1070
10863
2044
11853
4504
10863
10003
4019
2046
3743
1512
1429
5315
3143
2675
10863
6038
10003
6793
6189
7343
2844
8646
731
3150
193
10003
999
3069
4128
7041
13006
3968
4279
308
4319
3132
1412
3344
8162
1330
842
6609
6609
9257
3157
14408
10863
2058
3191
138
5180
3473
5951
3714
3670
5330
1106
3680
4910
7343
1551
2385
1640
5057
14408
14408
2591
7041
1400
874
3542
10863
4734
1048
2896
1567
5749
3600
7041
9257
744
1632
3770
2495
8162
1439
10863
14408
7711
4246
1192
5015
1433
2437
1433
6609
615
4787
1192
6038
3273
5939
3585
3770
4672
5311
8646
2048
7711
876
4349
328
10003
13006
6609
3189
4115
2319
10003
950
7343
1702
4910
1767
10863
5951
9257
4074
2046
7711
2463
10863
6293
2888
6793
1433
8646
8646
731
2157
2130
6293
3809
1192
3809
11853
10003
3551
3344
5998
6609
3426
2422
2769
10003
1938
4494
5103
8646
1445
217
6038
8646
4506
280
4440
2165
6609
1182
1632
1442
104
7343
10863
13006
10863
3680
500
2657
1918
2518
359
1862
10863
233
6793
4504
10863
1592
791
11853
6038
1396
6293
9257
2278
669
8162
1397
2833
3282
1447
8162
4246
3800
876
4163
829
6189
3714
7041
8162
1439
2048
8162
1522
4279
3426
1594
7343
833
11853
14408
6038
669
14408
1055
7343
442
4381
3743
11853
1584
1106
11853
7711
1669
2319
940
3680
6099
1632
3582
338
2702
2118
1433
5318
8646
2807
328
9257
4246
466
3863
4354
3191
6441
8162
11853
1439
13006
7343
2844
2563
10003
10003
5180
4118
6609
13006
8646
1512
6189
13006
14408
5937
6099
6099
10003
2551
14408
6293
8646
2943
1705
9257
8646
1554
3894
6609
10863
2403
13006
10003
4667
10863
1466
1397
1918
3508
7343
10003
1958
10003
14408
1004
1433
3493
4613
1192
1697
1192
3600
1430
6038
14408
13006
2063
3223
3044
9257
103
10863
2432
5966
5820
14408
876
2684
2024
11853
10003
2717
1392
4349
14408
2821
2157
8646
1512
2777
1621
2897
5318
3064
7343
2833
3736
11853
11853
872
1684
6099
5177
2891
2063
3480
8646
2250
1433
2097
7041
829
1996
14408
10863
6441
10003
3778
1862
8162
5749
6293
5564
2176
2734
13006
2403
3150
5480
4874
1862
7041
2416
14408
4985
8646
2844
3172
7343
7343
2844
13006
1592
14408
2046
8162
14408
435
1116
4547
10863
10863
14408
1951
3229
3172
4440
950
8646
9257
844
10003
2844
3341
1918
11853
629
346
1905
3863
1701
9257
8646
13006
7041
4453
3894
3460
8162
1515
3445
6793
7711
11853
6609
10003
6038
192
14408
14408
10863
7711
6293
687
3282
11853
6293
1592
2163
325
13006
5483
6293
4063
2422
3628
6793
1013
2630
4417
2070
5315
5894
829
1900
1646
5653
10003
10863
6441
10003
7343
10003
3475
2250
1970
8162
2961
7041
4011
1437
4845
1632
5318
421
10003
14408
6441
14408
3618
11853
955
6441
322
939
1799
1702
4279
1942
3426
1913
13006
2301
1789
3743
14408
434
11853
179
10003
4768
2048
5202
13006
4874
418
4242
2428
2145
13006
2695
246
1592
10003
13006
5057
9257
3086
4881
5157
1106
14408
3695
2948
6441
10003
10863
7343
2094
978
2048
1244
4594
3661
2443
13006
10003
6441
10863
1806
6189
5077
4097
6441
2380
1182
5580
967
2896
3460
13006
6793
876
3209
7343
3811
644
10863
2989
2319
1029
7343
1495
1632
14408
14408
1681
3813
8162
1417
13006
6609
4382
13006
1018
14408
3178
11853
4234
1918
14408
1823
3379
5752
2147
3182
3452
4660
11853
4127
5752
6293
8162
14408
8646
8646
2033
398
3774
1705
10003
6441
5210
1263
322
5210
2395
7343
3109
442
1241
9257
13006
859
3894
7343
7711
2428
1192
2048
8646
10003
546
3459
4874
1106
1918
2877
11853
1106
853
4036
8646
4508
6099
4063
2803
13006
1951
2896
4060
2190
2397
13006
4504
811
13006
2584
4852
5538
267
4440
1137
2989
1862
950
1397
1182
473
4077
1243
4421
4414
4891
819
1512
7711
1809
3311
10003
8646
4011
2341
6609
5573
14408
13006
5939
10003
13006
6038
950
4787
2400
7041
2751
3894
1309
10003
4714
6293
5628
9257
2775
1497
605
1524
3481
3044
8162
13006
2476
2097
8646
1913
607
14408
5223
8162
2640
2319
1480
3191
3223
3661
2319
2175
6293
8646
7711
1806
659
9257
2460
7343
1050
6793
1499
3535
5966
2448
2844
1106
13006
6293
5315
2347
10003
6441
11853
5480
7711
282
13006
1943
6293
6441
937
2097
5939
1741
1523
10003
1646
5210
823
3312
3522
13006
5966
7041
5939
3191
2540
6099
3453
6441
4668
3383
10003
999
2498
10003
1523
13006
10003
13006
1397
1354
1018
13006
10003
3038
2469
9257
2702
2822
3770
916
5057
3379
1513
4866
2858
3991
917
1106
148
2548
7343
2765
13006
348
1573
2163
13006
10863
2563
10863
10863
11853
2294
10003
2341
3863
5077
7343
2200
322
2779
2063
2739
6099
5315
1179
7711
13006
1592
6441
5223
1417
3670
1918
5491
1495
2734
14408
1018
5180
2181
13006
3535
489
8162
1884
2470
379
2385
5998
8162
4382
1353
4142
9257
221
2979
13006
248
969
3307
1019
1659
1192
1291
5998
287
3426
6441
6793
10863
3344
2896
2178
6793
2374
2552
3767
7343
2517
1495
3086
9257
3566
8646
844
8646
10003
10003
10003
6793
1309
3027
3849
3743
3273
1106
5339
11853
7041
11853
6793
1396
4319
338
4891
5998
575
11853
2664
780
5998
1913
2767
2341
1192
1688
1433
13006
1671
14408
619
3132
2640
6793
3445
1884
3850
13006
10863
5951
3344
13006
2026
6793
3344
10863
485
1396
2007
927
10003
1010
10003
11853
1515
6293
6038
11853
14408
2748
2064
13006
7041
5016
8646
1263
744
2341
1659
11853
1309
14408
9257
3557
2989
9257
11853
11853
4063
2640
14408
2430
1918
2403
6099
10003
6189
944
4771
2424
4494
14408
13006
6609
10003
10863
13006
3808
9257
2890
4566
3435
916
3475
4074
5261
3680
8646
1310
2920
3513
5318
4970
2833
3426
10863
8162
4163
636
1578
10863
1411
2145
4561
13006
6293
3449
10003
2063
1641
1433
1460
7343
2650
6793
6609
453
8646
3178
1592
2502
1688
1406
14408
4560
3185
3499
13006
4163
13006
8162
2274
2470
1187
10863
876
500
326
14408
1620
3822
13006
11853
14408
2507
14408
7041
13006
3680
7343
5425
2347
876
3282
5939
9257
1799
10003
5998
2775
418
10863
669
2791
14408
2844
3680
8162
7343
2775
8162
1918
2883
11853
11853
2971
6793
2553
1986
9257
1018
10863
891
1594
10003
5951
3638
2048
5559
5024
2428
14408
6038
14408
5077
7041
5028
2097
13006
865
4163
13006
10863
4666
1106
8646
5653
472
2705
2463
1397
4163
2301
3964
5483
11853
2885
6609
154
4952
11853
1330
4667
6099
2870
849
5037
3680
8162
1330
216
14408
8162
11853
744
2200
6793
8162
1330
2428
3670
255
4073
2943
1705
9257
6609
1705
7041
5951
1263
3809
1369
166
2907
3193
3899
2384
256
6609
6441
7711
2158
1018
1787
1241
2989
10003
3426
5653
1038
3405
4701
2159
144
1834
2943
13006
7711
1567
217
7711
6793
177
14408
2989
3064
5966
1106
3195
8646
6293
453
4668
4624
1588
9257
7343
6189
10003
2514
8162
10003
8162
10863
1794
2455
13006
984
1410
10863
14408
1375
2063
7343
3881
6189
10863
14408
5998
14408
2896
3806
1256
8162
1433
3574
5157
14408
6038
1544
3670
2056
10003
13006
83
4083
1926
2865
5998
2178
14408
10863
2495
5028
2034
823
9257
2403
829
8646
873
6609
322
11853
10863
10863
2943
3661
2341
267
14408
3976
3500
2717
11853
1675
8162
1309
4350
9257
1310
1583
174
4982
14408
328
636
1309
14408
11853
11853
9257
972
14408
6293
13006
10003
10003
6441
9257
10863
3127
5998
422
4060
1433
2736
751
11853
14408
2760
3695
14408
2234
4757
8162
1010
307
3239
829
9257
849
3383
6038
3649
10863
2403
7041
5966
3981
10863
3512
7343
13006
4098
5315
731
3379
7711
1241
988
1006
1523
246
14408
6793
7711
473
222
10003
4587
3426
3379
13006
7343
1049
1794
6609
5016
2428
4768
3311
10003
11853
10003
10003
7041
4234
10863
7041
13006
4820
7711
3966
1102
3809
2550
6609
14408
1192
557
1918
4398
636
1053
1823
5480
876
1567
6609
10863
7711
6293
13006
10863
6793
3344
823
3191
4382
2000
4852
2231
14408
5951
8646
8646
2729
1433
14408
829
10003
1474
7343
1192
222
4910
2943
7041
8646
6189
2428
1443
5339
2063
10003
833
5966
7041
6793
2139
1592
9257
4845
1192
2048
1592
3790
4608
3714
13006
6293
9257
5210
659
13006
9257
3680
6609
294
1476
829
390
5998
6293
7711
239
4874
2833
1192
1433
4881
3680
2702
1081
1474
10003
896
14408
749
5951
3440
11853
10863
3746
1397
3153
9257
248
3246
4060
3291
14408
6441
14408
5210
13006
4121
7343
6038
1397
8162
5586
3405
4891
4833
13006
14408
2553
3143
2155
4060
204
4103
421
11853
14408
2422
10003
2079
5574
4019
3159
2250
2833
3086
3344
544
7711
10863
1033
322
1592
9257
1809
13006
8162
13006
13006
3184
14408
11853
5998
6793
3191
3649
3395
2469
2034
11853
4065
6293
2422
950
2203
13006
2048
14408
7343
6189
10003
1069
11853
3218
2428
4554
3132
1956
2640
2516
1567
288
2989
14408
659
11853
5894
14408
2063
1555
14408
13006
14408
368
8646
7041
2007
6609
13006
8162
5998
3173
7041
1862
8646
3128
4763
485
2870
4881
6793
453
6609
14408
7711
1014
1049
2437
6609
13006
14408
14408
6099
7711
13006
450
294
4845
2751
322
13006
10863
14408
8646
1342
3991
4554
1799
6441
2057
3037
1592
5939
2427
6609
13006
3508
13006
2563
14408
5311
7343
5106
6609
8646
2640
2341
1336
14408
13006
1913
8162
9257
2048
8646
3397
2740
10863
4382
14408
2428
541
13006
13006
7711
501
158
13006
1256
808
3199
5037
7711
6609
4139
4526
619
2769
14408
8646
1142
3695
1106
9257
3397
9257
1231
5455
3395
4163
10863
