464012
1000002
970854
1000002
187921
1000002
349903
1000002
1000002
552447
619580
49500
1000002
722120
1000002
1000002
973171
893611
1000002
550902
1000002
1000002
1000002
321156
1000002
1000002
1000002
260157
1000002
1000002
19059
477955
392659
1000002
1000002
1000002
72390
525437
1000002
1000002
1000002
1000002
117751
994092
1000002
554212
762672
1000002
238712
87134
379482
427773
272286
1000002
1000002
1000002
1000002
1000002
1000002
1000002
629530
364722
1000002
1000002
1000002
1000002
1000002
243553
1000002
473278
1000002
55676
907693
1000002
1000002
1000002
1000002
118792
1000002
693083
542093
1000002
614812
37770
1000002
174244
1000002
1000002
291781
256910
339038
343078
133597
1000002
1000002
681599
865360
1000002
139046
540349
