231063
984051
1000002
639307
1000002
1000002
1000002
1000002
1000002
1000002
1000002
1000002
212472
677433
1000002
1000002
744781
1000002
1000002
308672
1000002
1000002
1000002
896212
1000002
1000002
1000002
421626
191109
98403
1000002
991228
1000002
1000002
377790
1000002
1000002
1000002
531012
874078
1000002
1000002
856812
1000002
995865
1000002
1000002
1000002
1000002
173084
1000002
1000002
51130
720542
1000002
1000002
652937
1000002
314840
728551
1000002
1000002
546465
1000002
1000002
164216
1000002
1000002
909556
1000002
1000002
165551
313967
1000002
1000002
371073
1000002
806671
1000002
1000002
813966
741704
217147
245542
339373
811822
179413
1000002
1000002
1000002
1000002
1000002
290291
630848
1000002
984275
331711
1000002
1000002
1000002
