1000002
324181
1000002
1000002
413815
375440
542944
1000002
1000002
911707
322123
1000002
248812
31784
9543
867046
909615
1000002
274352
1000002
176071
1000002
1000002
119797
259196
1000002
37003
1000002
1000002
1000002
1000002
477372
445714
495090
1000002
550553
1000002
781224
171947
1000002
931700
1000002
250693
103826
656718
1000002
1000002
1000002
1000002
742062
1000002
1000002
233685
1000002
700012
1000002
1000002
659658
1000002
1000002
359555
1000002
263527
220105
167410
1000002
1000002
1000002
1000002
1000002
687071
744985
504522
1000002
54482
261754
1000002
786020
578339
1000002
1000002
1000002
896346
869374
1000002
1000002
1000002
782664
1000002
1000002
563396
1000002
1000002
1000002
844007
364300
211332
49994
263605
67151
