987083
1000002
1000002
1000002
682729
472869
1000002
245628
504843
19818
1000002
1000002
1000002
1000002
263483
1000002
16912
558141
1000002
1000002
1000002
654543
1000002
175247
1000002
142778
603269
1000002
140068
1000002
35444
1000002
735636
1000002
909290
1000002
52090
664168
343020
1000002
168109
1000002
989153
1000002
164290
513604
280761
1000002
281930
1000002
1000002
1000002
1000002
608907
955831
761648
129133
707612
1000002
483657
513262
1000002
1000002
58566
1000002
1000002
621929
412208
1000002
1000002
1000002
794423
216996
107288
1000002
730098
1000002
256766
56216
1000002
587266
902411
1000002
205519
832328
182981
127532
1000002
428250
669767
34276
705367
758703
1000002
895896
1000002
581382
1000002
929089
1000002
