246207
1000002
1000002
1000002
476964
345642
1000002
166690
682028
41423
1000002
1000002
1000002
1000002
1000002
391992
301115
1000002
517566
1000002
1000002
1000002
1000002
1000002
869165
752357
1000002
598976
1000002
1000002
1000002
1000002
1000002
661153
1000002
1000002
1000002
1000002
136820
1000002
1000002
1000002
468072
1000002
1000002
1000002
1000002
1000002
261893
1000002
1000002
1000002
1000002
25868
1000002
662934
318729
879267
339039
58131
438976
712934
926850
1000002
76907
1000002
1000002
1000002
147993
408122
624602
1000002
956591
1000002
657478
1000002
773133
297625
173800
1000002
210483
1000002
1000002
1000002
1000002
1000002
477912
41114
1000002
1000002
75814
1000002
1000002
825760
51304
1000002
14449
1000002
444628
1000002
