820027
440996
0
725225
712927
558037
342514
762840
867568
932901
786910
313085
509154
3875
24803
488444
62195
243137
328188
46999
2345
705839
977508
681428
852909
353911
404700
33648
845015
741269
850622
120101
324011
46999
42
431365
617360
188130
608382
590218
65451
806745
215788
353674
665236
376487
332067
78213
379484
146425
80808
613376
374774
533641
466788
889591
818111
385043
338939
629600
4367
604568
0
975919
209527
423679
875686
78474
279018
936537
489949
651544
116279
520853
46375
294694
5984
6
33
615920
494342
0
481894
826318
246627
614356
14072
182497
274804
209257
29259
806011
555774
921086
40733
850443
790943
876825
124014
135888
