9226811 L
3908172 R
3923414 R
7326754 L
4135065 L
5304983 L
2914670 R
4202504 L
6804393 R
2712333 R
2928758 L
4260921 R
9447575 R
6802938 L
1665248 L
3055551 L
3394844 L
4482264 R
9337201 L
270794 L
5200992 L
1006419 R
8235791 L
7910245 R
6483401 R
193836 L
1894026 R
1026851 R
1235982 R
9592872 R
1463098 R
7724223 R
6536464 L
1214722 L
2963305 L
1852316 R
8864857 L
5452596 R
873607 L
7493957 L
1175378 R
6101578 R
3936802 L
2669092 R
9041777 L
9436628 R
9996326 R
6571326 L
6357492 L
603067 R
4546586 L
678533 L
3962122 R
7540182 L
1490958 L
9580827 L
2533545 R
137156 L
5713438 R
3201569 L
4438985 R
4987256 L
8831308 R
6105480 R
5424168 L
Down
1105050 R
Down
3621852 R
3963292 L
2636525 R
Down
1328833 L
7380532 R
1392712 R
3111081 R
4496417 R
4865907 L
1950030 L
3473175 R
8367991 L
7471498 L
4251914 R
521257 L
8147223 L
938858 R
6339652 L
8933609 L
7379879 L
1086161 L
4602394 R
6744911 L
Down
5405434 R
9571963 R
4845921 R
6124568 L
5357076 R
9133418 L
2834157 R
8665397 L
2074175 R
5048597 R
Down
2797593 L
6463201 R
2435719 R
6501713 R
9947432 R
6716075 L
8244647 L
356586 R
2381689 L
4747921 R
8977470 L
5426862 R
1335273 L
3257896 R
1321934 R
4600290 L
9996945 R
5206979 R
3847519 L
8317042 R
8948626 R
5835669 R
1235917 L
1597852 R
6897178 R
Down
9453432 R
3178960 L
5343392 R
898713 R
6786029 L
9132287 R
4759016 L
345374 L
6504218 L
1623251 R
2544345 R
5606418 L
6676639 R
6594254 R
6287432 R
5971793 R
8674761 L
9245448 R
8983892 L
2544846 L
7281149 L
4677329 R
8369238 L
4410973 R
2891755 L
745496 R
785224 R
Down
6656276 L
7217065 R
4144302 R
734635 L
1142272 R
2212815 L
1474544 R
5386951 L
6103091 R
6497760 L
7025349 R
739129 R
8835948 R
902852 L
2042509 R
4070088 R
9066765 L
8763560 R
Down
3094436 R
6017643 L
8054238 L
9140480 L
6186692 R
1973094 R
8827998 R
3983961 R
4286840 L
5591069 L
6982933 R
9557563 L
5537211 L
2078184 L
1793119 L
1342700 R
7157699 R
6061265 L
7475739 L
6815243 L
1967197 L
9149139 L
8794504 L
Down
5876572 L
Down
947219 L
8888508 R
3577088 L
8420022 L
3878692 R
1150729 R
1769848 L
6384775 R
8026987 L
4716206 R
8194295 R
9896772 R
766129 R
3585669 R
Down
1476943 L
1002961 L
8541140 R
1689981 L
4440262 R
3360927 L
4834739 R
3803181 L
1438888 R
6597536 R
8667939 L
5855654 R
2511270 R
1865667 R
5866020 R
7642712 R
8677168 L
8904285 R
3935582 R
3104715 L
3339258 R
3422644 L
8078206 R
5413988 R
4844235 R
6548171 R
9246239 L
9849263 R
5753860 R
7072326 L
4895640 L
9194276 R
3337617 L
6396054 L
Down
9611941 L
9157756 L
4629703 L
7728669 L
8070539 L
4563684 L
7696924 R
4746638 R
5425220 R
5851159 L
7617833 R
4044809 L
2489606 L
7364984 L
1910575 L
6077313 L
1783976 L
5527816 L
9130823 R
9102951 R
9929084 R
6777542 R
8890563 R
7667932 R
2724868 R
2974706 L
9157898 L
8403864 L
3779373 L
5334690 L
8169667 R
6946095 L
2227833 L
77814 L
1768662 R
2051159 R
3624544 R
4017465 L
673379 L
8487203 R
8038022 L
889687 L
5672716 L
5973934 L
7544864 R
6309254 R
8751734 R
9315661 L
8858327 R
5516634 R
5109961 L
3699385 R
6156058 R
2497695 R
501666 R
1865332 R
5987377 R
8851341 L
7969441 R
8763626 L
8032050 R
6986443 L
4758935 L
9195331 L
1699105 R
8413061 R
4710228 L
7575456 R
7113829 R
7026512 R
865753 R
6116783 R
9514656 R
8251063 R
8485004 L
759139 L
3721617 R
8717381 R
1958168 R
7008961 R
3785653 L
2877333 L
9234769 R
5561494 R
733644 R
6240941 L
119700 L
8006009 L
5909163 R
4786562 L
8033321 L
6210794 R
1021384 R
7628455 R
1132595 L
3822704 L
983628 L
4385037 R
7223525 R
7181381 L
1704335 L
4303605 R
1949057 R
5932555 L
5484137 R
4184148 L
1668960 L
1307698 L
6419914 R
5053104 R
4093889 L
8643353 L
4523934 L
6480807 R
7752503 R
Down
7006448 L
1571936 L
4027720 L
925870 L
9547342 L
3624288 R
6539175 R
5131181 L
2572864 L
1361321 R
570222 L
4589606 L
4459308 R
5132614 R
3135740 R
6304617 L
1066335 L
7129225 L
316183 L
8141337 R
2474268 R
2470937 R
443702 R
8725915 R
303732 R
2950167 L
345419 R
7500779 L
7226169 R
6886231 L
4935760 R
7895798 L
547249 R
6305309 L
7699844 L
4390980 R
1043089 L
6356756 R
675701 R
2307699 L
481469 R
3399546 L
5433871 L
5028506 R
2687429 L
7406684 R
2129531 L
6726645 L
395624 R
5950190 R
1782716 L
6752451 R
1247466 L
2650223 L
3168891 R
2105760 R
9282352 L
8389038 R
4844993 L
8151757 L
818293 L
5967078 L
5907576 L
4768647 L
1834499 R
3329992 L
9057432 R
1630036 R
5209811 L
747732 L
269693 L
4106812 R
973820 L
261776 L
1466882 R
3315828 R
9210393 L
7564247 R
Down
6065898 L
6423765 R
4698161 R
8700471 R
3568929 R
8357525 R
1737 L
7301644 L
2851630 L
8782418 R
7404951 L
8016715 L
7098144 L
520475 L
6055305 L
2096948 R
668185 L
3823266 R
5557928 L
4971051 R
8627746 R
5106148 R
2275606 L
1355506 L
9198928 L
4223140 L
9454705 L
5933313 R
4444967 L
5927910 L
735016 L
4133313 L
980561 R
4261055 R
7572086 R
8099737 L
2600127 R
6611611 L
5790962 L
1466548 L
3521953 R
7326355 R
4548528 R
9928130 R
4793065 L
7557134 L
4552092 L
7484098 R
403366 L
9469532 L
2488698 L
4077324 L
7123294 R
397157 R
3739265 R
1793396 R
3939895 R
9111970 L
3520247 L
4272286 L
6283495 R
2108672 R
8046269 L
1161270 R
8995484 L
7037265 R
4477069 L
1296423 R
4565324 R
1256967 L
4743730 L
6518414 L
1360865 L
2661467 L
1827559 L
972918 L
7854733 L
4067156 L
1009756 R
7962944 L
1565866 R
2840617 L
598781 R
1497712 L
2617044 L
3307425 L
3774926 R
731945 R
1406869 R
2212369 R
175616 L
3463122 L
1104782 R
5749673 R
2427995 L
1687156 R
7688463 R
8804247 R
5342363 L
4777421 R
3168527 L
7378851 R
2588490 R
3847172 R
3871445 L
3879201 L
1320575 L
5326884 L
5029104 L
4883074 R
5961474 L
109289 L
5256798 R
2202553 R
9698435 L
384849 R
9520030 R
9844083 R
623736 L
848271 R
8971087 R
320443 R
728209 R
6853342 R
8021173 L
1112309 R
6431988 L
4097252 L
766127 L
5609626 L
3265583 R
518240 R
2755072 R
3524115 L
1809942 R
6077243 R
7617990 L
5443487 L
5865433 L
5690284 R
8745309 R
343679 L
4410661 R
1800031 R
1564744 R
740681 R
Down
6539053 L
5659072 R
722999 R
4924644 L
1517927 R
2654539 L
Down
1116941 R
6548152 R
4503677 R
9647076 L
6019186 R
6715836 L
8335973 R
7612162 L
477578 L
1328360 R
1639806 L
8614172 L
8223293 R
584044 R
6764696 L
9303763 L
864526 R
5733630 R
6042192 L
7404515 R
8505922 L
9293158 R
2095421 R
2250820 R
5587584 L
3946287 R
9095431 R
2657208 R
5008855 R
2870744 L
5733127 L
7192690 L
4232951 L
5863373 L
5836993 L
7217006 R
869720 R
9001561 L
1123932 L
102722 L
2311223 L
9731608 R
7462693 R
4637969 R
8490493 R
3908237 L
1412760 R
847379 R
4692375 R
3803516 R
4352381 L
6693451 R
969985 L
2581702 L
Down
3669672 R
Down
2974614 L
1294209 L
820876 L
7452619 L
315535 L
1244974 R
2859565 R
458084 R
8308837 R
2392175 R
Down
8332704 R
6832799 R
1090988 R
8190181 R
8950668 L
Down
2942744 L
1943004 L
7093280 L
3224050 L
Down
8940487 R
9936741 R
9785064 R
571991 L
3546256 L
4407408 R
7133446 R
8005327 R
1856223 L
2347479 R
9085383 R
1251008 L
3049095 L
Down
3159380 R
8602132 R
1493153 R
7673271 R
2984210 L
Down
1087073 R
7427021 L
Down
2125856 R
7297680 R
930082 R
1271345 L
Down
861602 L
7478774 R
5268342 Same
9134180 L
8821920 R
6413806 R
5511605 L
2941923 R
7204883 R
1692519 L
1540134 L
285856 L
3719572 L
8956715 R
2133653 R
815033 R
2449628 R
2156384 R
6069758 L
7499030 R
7435548 L
3813401 R
8325914 R
4429836 L
2277555 R
9075679 R
9033722 L
8425813 R
5603639 L
2367331 R
Down
1935553 R
2813320 R
8410893 L
3231734 L
5856072 R
2120371 L
8148310 L
7097619 R
8932946 L
6521120 R
7862889 R
9175739 L
8012620 L
738262 L
Down
5592059 L
9351432 L
Down
3556227 L
9166378 R
6621155 R
Down
8353042 R
7363080 L
859761 R
4165288 R
1478120 L
9492996 R
1879216 L
1014637 R
1131916 R
3725451 R
7259047 L
8604080 R
9192927 R
6744190 R
3531107 L
8022641 R
7511019 R
4406691 L
2281120 R
6072832 R
1199285 R
7201175 R
787508 L
1377056 R
5804183 R
6809625 L
4162998 R
8429939 L
1201826 R
8588903 L
6647739 L
638260 R
381882 R
7990009 L
3690612 R
6633682 R
4382586 L
1827842 R
7115627 R
2835519 L
5792163 L
657357 R
3815281 R
3650360 L
3794396 R
5099782 L
1730886 R
3253347 L
2482349 L
8089810 L
8973210 R
4919243 R
864705 R
6282935 R
4280297 R
1970273 L
8398827 R
8392803 R
3319608 L
6650802 R
7897689 R
2726757 R
658821 L
2860033 L
5369511 L
6470385 R
1809557 L
Down
6360731 L
6390435 R
9091494 L
4309474 R
8075619 R
4567249 R
1711924 L
3024671 L
3400525 L
9062581 R
4099090 R
3446032 R
7370376 L
1663941 L
4031426 R
9313103 R
9295839 R
1627551 R
1388157 R
6319297 R
2154357 L
4171663 R
8591087 R
Down
8863096 L
6393707 L
4184232 R
6406022 R
4160014 R
7320476 L
2100802 R
Down
4827280 L
5340576 L
Down
2984673 L
3210125 R
6670501 L
8506868 R
683222 L
1779163 L
8706862 R
440517 L
3498775 L
7799456 R
3446967 L
1956131 L
9041257 R
4825949 R
5405933 R
7203066 L
7028885 R
5389647 L
8003337 R
8258287 L
3323995 L
843870 R
2026758 R
3757065 L
1838352 L
7837318 R
5879588 L
5135724 R
9692375 R
5716623 R
8415512 R
3765930 R
1843393 R
978860 L
5110529 L
2994360 L
1524926 R
5317539 L
3937703 R
6788899 L
2282527 R
2824423 R
612188 L
4670704 L
5590594 R
268423 L
7221039 R
312465 L
9047340 R
Down
6174430 L
5072260 R
2611501 L
3909052 R
9469471 L
7575502 R
9188036 L
8096030 R
5302494 R
9292507 L
2102419 L
9253368 L
5834407 R
3152645 L
1765624 L
6867517 R
9643983 L
7230682 R
2996047 R
3294939 L
8841246 R
6126928 L
5713397 L
8648320 R
1120481 R
Down
9458278 L
4358328 R
Down
8492675 L
5038710 R
8547816 L
9419113 L
8889013 R
4395495 L
9296607 R
7950175 L
5504082 L
3311062 R
3085425 L
2178190 R
4030852 R
7676144 L
3396350 R
775129 L
9266260 L
2595092 L
5547277 R
8880063 L
8521196 L
1506184 L
5145404 R
3879089 R
5296616 R
4071164 R
2118668 R
4778801 L
Down
5929570 R
4919230 L
7413343 L
9398599 R
8832475 L
2588528 L
7991301 R
9126422 L
1527105 R
2039938 R
9426424 L
5901693 L
8736261 Same
9815721 R
3961065 L
8861338 L
5760750 R
7565602 R
8919140 R
7326200 R
1289535 L
5971685 L
9696192 L
6019026 R
51265 L
8125906 R
4799073 L
6103250 R
3815193 L
2786847 L
976812 R
3742760 L
2910179 L
8474593 R
3975391 L
8030506 L
5374587 R
7680076 R
2709739 L
2138742 R
6233102 R
7983342 R
8028669 L
2438920 L
703583 L
8607180 L
Down
4346347 R
5377203 R
712945 L
4132924 R
9548858 R
7293897 L
7463492 L
7668777 R
Down
4645788 R
8376902 R
9458188 L
8067727 R
9202475 L
7536471 L
8103902 L
6496242 L
8756144 R
5453773 L
422670 R
6493941 L
7015696 R
878563 R
2177464 R
2458713 R
3442853 R
8443338 R
Down
4281612 L
1047516 L
6985634 R
1970874 R
39948 L
8188116 R
7748305 R
5663822 L
1837310 R
3787901 R
7600581 R
3940747 L
6288667 L
7219542 R
3198251 R
6645806 R
8081917 L
6277426 R
5481532 L
8389552 R
8705329 L
3382536 L
8357149 L
4687334 L
5859866 L
3385222 L
5990687 L
9991518 R
53227 L
3802817 L
352165 R
1419713 R
4224390 R
2280791 L
3260243 L
Down
5311745 L
9378613 R
2633840 L
9680658 L
4022107 L
6569084 L
9467683 L
6203506 L
7089494 R
1386282 R
5948520 L
4440357 R
Down
708862 L
9766371 R
5676030 R
2236104 L
1552984 R
2097572 R
9502435 L
71600 L
9365447 L
908465 L
1167887 R
5915191 L
Down
7929379 R
4969579 R
4684601 L
2415794 L
1876216 R
5330345 R
3403799 R
4013067 R
4679646 L
5388279 L
1510301 L
9651330 L
2850823 R
997948 L
3766734 L
599656 R
553935 L
677004 R
Down
8137188 L
6920629 R
9484316 L
2247426 R
993858 R
811187 L
9383686 L
3267688 R
1952386 R
7328614 L
5625101 L
8372340 R
Down
2954052 L
Down
2188028 R
9115356 R
7168922 R
6742151 R
5083141 R
4828806 R
1863260 L
7418133 L
6164588 R
1794677 R
1411707 L
122925 L
1747955 R
9357101 R
9385579 R
2550054 L
1320052 R
2338688 R
Down
4190120 R
2548229 R
476352 R
6369105 L
8065835 R
3302792 R
5701494 L
7543811 R
6612964 R
1254859 R
Down
6511115 R
9149038 L
8493560 R
1078309 R
964789 R
7011102 R
1543475 L
5656868 L
6107432 L
1992432 L
8971522 L
3015591 L
1681888 R
858304 R
5525054 L
809907 R
3220267 R
991323 L
6463641 L
2863226 L
9021220 L
1638539 L
7636113 L
2914920 R
3241347 R
6639102 L
2038073 R
5427026 R
6467890 L
3984912 L
936673 L
5940021 R
3865597 L
7297831 R
1802759 R
5378152 L
2328328 L
3324170 L
4932802 R
6669707 R
9662194 L
2614464 L
Down
290248 L
4544936 R
2437609 L
1937130 L
541101 L
8664822 L
853682 R
8404231 L
2692057 R
594753 L
8625773 L
2271524 R
3942271 R
5913618 R
6612787 R
1980179 L
4571286 L
9671334 L
3195996 R
8870529 L
2898463 L
6787951 L
Down
5810004 R
8675003 R
482688 L
1032099 L
Down
3032960 R
3046562 R
9338879 R
Down
6067891 L
2918482 L
6554141 R
8136010 R
7472804 R
8090777 L
7101338 R
9431559 R
3478497 L
1869437 R
1141668 L
9192937 R
9621355 R
2462079 R
2486565 L
804932 L
1031781 L
2143305 R
7202077 L
1586331 L
4663004 L
3179897 L
1021614 L
4065451 R
1902009 R
5286739 L
8930298 R
4278219 R
2945364 L
4228252 R
7194712 R
3521139 R
1129779 L
3656389 L
9428856 L
5133153 L
6339385 R
3128551 R
2962929 L
8242709 R
2541679 L
8830779 R
5029581 R
Down
1237145 R
1608233 R
8405994 R
5668638 L
6658470 R
7180505 R
380465 L
1433832 R
4595731 R
3054515 R
1878911 L
8777097 R
1478016 R
9778943 R
1412555 R
2323200 R
6313958 R
6439454 R
3789740 R
645123 L
5542894 L
1872141 R
8400589 R
1383348 L
5228653 L
1869899 L
Down
4622933 L
9545040 R
668321 L
8564048 R
9431763 R
7324245 L
9967919 R
6891674 L
3346661 R
496870 R
1854585 R
809783 R
7931060 L
6927643 R
998529 L
5501758 R
8093852 L
7564032 R
7422235 R
496028 R
6532021 L
9647173 L
4973662 L
4115964 R
3064385 R
2595565 R
6528288 L
5202637 R
9678765 R
9625542 R
3291400 R
2361233 R
7574968 R
6539976 L
4911430 R
4303346 L
4894125 L
8615544 R
2035703 L
9208974 R
6454082 L
3332253 L
7097614 R
3544628 L
3384162 L
6028918 L
5466198 R
1422183 R
4445408 R
1619172 L
5582746 R
4446340 L
7802522 L
8027482 L
498261 L
7132646 L
28149 L
4463003 L
3495961 L
7540861 L
5357356 L
4893369 R
5173605 L
4172583 L
9143333 L
573561 L
704569 L
6886855 R
3941749 L
Down
7839110 L
7754960 L
1065466 R
48448 L
765909 L
3467689 L
7127066 L
8903965 L
8821622 L
8247764 R
9490567 L
7281116 R
3740298 L
Down
8809600 L
3678789 L
729547 R
787382 R
9640734 L
7697689 R
1594238 L
3843755 R
2981279 L
3841871 R
9406409 L
5121029 R
9644081 R
4308143 L
3213065 R
8617343 R
9326962 R
3878892 R
3271090 R
1728701 L
7130945 R
7908861 R
7267485 L
971327 R
5675937 L
290822 L
5300582 R
4313618 R
7504265 R
6135753 L
2262527 R
4017529 R
5973238 L
4919631 R
6058487 L
3744995 R
Down
4537340 L
6336879 R
5539924 L
7416813 L
2907705 L
2417250 L
8926527 R
2436752 L
1454650 R
7922301 R
5133211 R
9518758 L
6452285 R
3922305 R
2655923 L
6594848 R
5034912 R
1537866 L
7591990 R
5120785 R
4467724 R
7864818 L
3245106 L
4845938 L
7884729 L
4850536 L
3099650 L
5277524 L
1839000 L
2292461 L
4715346 R
8368786 R
2479037 L
5217842 L
642969 L
6815676 R
2277063 R
3507941 L
3428836 R
6527622 R
9424017 R
6310862 R
6695316 R
9945284 R
7372657 R
819634 L
Down
7264847 L
6376638 L
7180643 R
256637 L
8498423 L
653159 L
7604952 R
7379803 R
2405250 L
4177735 R
Down
2177534 L
9505157 R
Down
3792328 L
4528561 L
6003625 L
8415659 R
5899829 L
8730768 L
633632 R
1824414 R
2329536 R
3928292 R
7818744 R
6715575 L
3020777 L
3792580 L
3917510 L
460309 L
3568275 L
Down
2651915 L
2295209 L
5075414 L
5457838 L
5032352 R
9503897 R
3803076 L
7921405 L
2660879 R
598260 L
438830 L
9181810 R
6055485 R
5927037 R
895756 L
7867612 R
8995988 L
8650352 L
6589230 L
1839999 R
7763754 L
7712559 L
Down
6004600 L
6403276 L
8566957 L
6481581 L
2247255 R
5777323 R
1320254 R
2959029 R
9040142 L
487419 L
9542708 L
6925155 R
2422366 R
4362149 R
8924741 L
9158272 L
8814214 R
2900128 L
Down
1730329 L
8543540 L
604450 L
594790 L
1627797 L
1159667 R
2858545 L
1875924 R
5215814 R
5859749 R
1278791 R
7658944 L
7937208 R
5923411 L
9664549 L
1044984 R
1709112 L
4334738 L
3083658 L
4210844 L
4895826 R
7598553 R
8064715 R
7697670 R
2972687 L
1589431 R
608627 R
1108406 L
8710342 R
9904151 R
3373553 L
408680 L
314175 R
9593908 L
1676042 R
5023166 L
4130428 L
641076 L
Down
4976896 R
2776812 R
942270 L
2328337 L
1541258 L
4448853 R
4369773 L
7629135 L
6881758 L
6814839 R
3616959 R
7241944 L
8098452 R
396204 L
7444672 R
6228502 L
7308643 L
1110371 R
5555842 R
5281458 R
7279982 R
742435 L
4280453 R
5784271 L
1112201 L
6527157 L
2778859 L
8438632 L
5571029 R
6586281 L
7529107 R
96592 L
744044 R
960567 L
320987 L
6256827 L
6597703 R
4930517 R
2733712 R
48101 L
679771 R
7885593 L
5768336 L
2567088 R
Down
7948589 R
7682403 L
1819856 R
6439855 L
6560355 R
2645037 L
8033401 L
9001832 R
6681608 L
5926552 L
6697926 L
6383732 R
3077798 R
606731 R
5839868 R
6009980 R
8622837 L
5675648 R
6039017 L
6982614 L
7349425 L
1277932 R
1150388 L
702765 R
4630678 L
8546519 R
1868759 L
6774416 L
3451837 R
Down
5234014 R
1992871 L
3152123 L
9746922 R
5934813 L
5434311 R
9406261 L
2589094 R
4612721 R
9260112 L
4800514 R
1956720 R
6003482 R
603923 R
5821260 R
5796879 L
8018861 L
5035153 L
2666900 R
2236985 R
1032497 R
1607261 L
9919917 R
5093356 R
1755073 L
5887858 R
1068992 L
2360041 R
8523770 R
2439560 L
6561530 R
8877152 R
347172 L
7112320 R
7731997 R
1799929 L
346225 L
Down
9037098 R
7742491 R
3717622 R
7976913 R
Down
392905 R
6308349 L
5592803 R
4489622 R
1369042 R
4838588 R
9927113 R
1679691 R
4901993 R
8977256 L
3594044 L
9499981 R
2187436 L
9656329 L
8721621 R
3189337 R
1882030 L
437282 R
Down
9038223 L
4168043 L
3697631 R
2223853 R
6633235 L
2317315 R
2455047 R
304750 R
9488027 L
2969632 L
7586783 L
3947336 R
3865196 L
1176909 R
3036672 L
2724616 L
6053252 R
785988 L
7695358 R
9179060 L
4825637 R
289463 L
1848327 R
6772408 L
2324680 R
1727711 R
2942490 R
143931 L
8258886 L
5763780 L
4059870 R
1313679 L
306488 L
4250709 R
8398592 R
9451704 R
3180912 L
4189471 R
8087828 R
4531901 L
6379409 R
4876156 L
5449923 L
3665029 L
3729235 R
7664750 R
391875 L
6543408 R
4054827 L
1849960 L
993705 L
8832879 R
2555855 R
1544687 L
2510160 R
Down
3577118 L
3103405 L
7959650 R
7588888 R
1871447 R
5369074 R
9015736 L
6780912 L
5231404 L
328136 R
5476020 L
9347568 R
6171995 L
1255179 L
1125968 R
5058443 L
5617497 R
5792803 R
6462052 L
2379208 L
6623784 R
6059779 L
3023695 L
9058777 L
8564719 L
3468511 L
6848772 R
2239964 R
5702046 L
8321839 R
4524374 L
9556078 L
5376018 L
5108864 R
3313064 R
8191123 R
7763378 R
6748788 R
6762318 L
2716693 L
2740620 R
2005071 R
1896191 R
947993 L
8204998 L
1511957 R
314739 R
2534599 R
7293412 R
9378897 L
6047293 R
3935378 L
8512213 L
839984 L
3462191 L
9925939 R
2517189 R
1612798 R
2903882 L
966186 R
698240 R
6008668 R
5139603 L
4085911 L
6367593 R
5016646 L
486152 R
Down
8168757 R
904860 R
2925117 L
Down
5196090 L
1744356 L
2508514 R
6658183 R
854901 R
9018862 R
7307631 R
7258613 R
Down
824034 R
6832609 L
8191018 L
4815947 L
2230307 L
7911516 R
1907779 R
9933049 R
3026473 L
5752993 R
1822185 L
Down
976753 L
6650253 L
962486 R
24999 L
1308776 R
8013536 R
4346156 L
2056595 L
2372822 L
8472556 L
2743791 R
8261927 R
6178397 R
3713795 R
9420443 L
1855326 L
8978511 R
9495715 R
3744721 L
746640 R
3626190 R
3414199 L
4075114 R
6186259 L
6500138 L
1670642 L
9497731 R
3193665 R
1572555 L
3572314 R
Down
3287073 L
1121143 R
5676232 L
8612250 L
6013621 R
5607397 R
2493839 L
2929855 R
7082316 R
5541102 R
8638624 L
4172367 R
4931246 R
5014642 L
3438347 R
737644 L
2447967 R
9623258 R
Down
1010318 R
652142 L
2953516 L
4668029 R
1946681 L
8220904 R
1861069 R
1567448 R
7824998 R
6768998 L
1176580 R
8464438 L
1344519 L
2858248 L
7419372 R
286939 L
7938147 R
2183011 R
972750 L
877889 R
6927822 R
2395174 R
3038750 L
1065637 R
5115958 R
1943280 L
2425446 L
2459402 R
5852645 L
Down
4812460 R
629944 R
4879213 L
5170021 R
Down
5873363 L
6654031 R
2612783 L
3184588 R
9005379 L
6009411 R
6601380 L
7770154 R
3855582 L
9993890 R
4822698 L
1902224 R
5298781 R
3425394 R
7605254 L
9826824 R
4573217 R
842888 L
1675395 L
705020 L
4612069 L
2368844 L
8727935 R
9592229 R
2402689 L
7191518 R
5866821 R
2629914 R
1545650 R
9082840 R
8173759 R
7589034 R
8814198 L
7175103 L
4729716 L
8505792 L
1635437 L
1478546 R
1487586 L
3893568 R
7852675 L
9443484 L
1542012 R
8481573 L
4114070 L
2296535 L
7198888 R
4518171 R
9333230 L
7594961 R
2233519 R
8025097 R
6030196 L
2684099 L
4395635 L
7426281 L
Down
1572480 R
6732329 R
807267 R
9183693 R
7735593 L
3914111 R
6961281 R
5683824 L
3599941 L
Down
319769 L
3194319 R
690438 R
3067643 R
3243833 R
4974204 R
2955052 R
6076048 R
8029385 L
1188124 L
253814 L
8130502 L
3003318 L
443950 R
4485462 L
9140653 L
732808 L
3322593 L
7248023 L
2342188 R
6371743 R
870425 L
5834068 R
7501299 R
Down
5801278 L
7205800 R
6266468 R
Down
2114718 L
1085477 R
5209570 L
2865449 L
7945035 L
7354486 L
102452 L
5997104 L
1205834 L
572108 L
8604237 R
6006718 R
9694336 L
6293798 R
2246451 R
9301126 R
7494887 L
3799137 L
5307749 R
2085000 R
7868006 R
Down
6905042 R
2274891 R
3179525 R
8324159 R
7566641 R
5965847 L
5539444 L
7506055 R
5297898 R
991428 L
5137653 L
Down
1504554 R
7953271 L
304325 L
8924143 R
6380042 R
6277585 R
6478641 L
7121940 L
689848 L
Down
8339644 L
3370284 L
8150829 L
7955748 L
9114070 R
2406429 L
5640138 R
333879 L
3434340 L
4822108 L
9698962 R
9392620 L
8595977 L
8918644 R
2068944 L
676102 R
9467468 R
1377652 L
2556301 L
Down
4243069 L
4010690 L
8664808 L
2938928 R
8873762 R
9730820 R
3623067 L
7939670 L
9035961 L
Down
7803363 R
6382536 L
9362001 R
4384007 L
4646027 R
3938687 L
3994979 R
3378374 L
8209130 R
6419951 R
3514315 L
7178478 L
4663662 R
1992568 L
2679553 L
604508 L
Down
2694323 L
4247579 R
7885983 R
3960093 L
1176034 L
7513546 R
1962845 L
7919422 L
6614049 R
4047890 L
6605807 L
243636 L
1663685 R
9513133 L
7682543 R
4261460 L
3222554 R
4761904 R
3522993 R
1494222 R
415310 L
10791 L
4813679 L
6624945 L
4580657 R
331564 L
1463566 L
Down
4598371 L
9065431 R
1599017 R
4007738 L
4336762 R
5800988 R
6897598 R
7478639 L
Down
9414974 L
1618116 R
8644638 R
7728712 R
7027025 R
2604236 L
6551477 L
4385811 L
2788735 L
6880461 L
2470668 L
2232514 R
2860537 R
5057142 R
1075757 R
2876992 R
4618785 R
3487787 L
5022243 R
9400901 L
8394982 R
5004908 L
7530516 R
8547550 R
Down
884526 L
8017336 R
774122 R
7212422 R
2659942 L
930660 R
Down
3442054 L
3787379 L
933089 L
Down
9777992 R
7765389 L
5309120 R
2403587 R
2137746 R
9491992 L
5885318 L
2898625 R
3365725 R
9436153 R
2783350 R
943045 R
8564815 L
704138 L
6706707 L
4936485 L
4035398 L
7403852 L
5765286 R
493514 L
1214658 R
7740326 L
700202 L
7823227 L
Down
4000702 L
304864 R
9568436 R
4860839 R
3826088 L
Down
9376737 R
819396 L
9177912 L
6031708 L
6559219 L
1009112 L
1019274 R
8504798 R
8213602 R
5518627 L
26725 L
2654594 L
1919070 L
5196199 R
8307332 R
5675655 R
Down
5952396 R
1661534 R
6972961 R
2411113 L
1065430 R
805369 R
5247553 L
933519 L
7037221 R
4614100 R
6517395 R
7711271 L
7563367 L
3724620 L
9779485 R
654247 L
7780304 L
4482640 L
73209 L
5857126 L
9259622 L
2628197 R
393926 R
5107416 L
8273499 R
8416810 R
5513550 R
178020 L
2446523 L
2102543 L
3438304 R
3469347 L
1562108 L
3847543 R
8208926 L
8533420 L
8199969 L
Down
4580573 L
4775315 R
7926007 L
7264098 R
7339180 R
9706430 R
757786 L
6236746 R
2819142 L
5482404 R
4187369 R
4644592 R
3087896 L
3906498 R
562224 L
3571719 L
5177324 R
7476508 R
5180408 L
4081752 R
2686195 L
931127 L
6767683 L
2879497 R
7897303 R
5879288 L
1859768 L
4301550 L
7094980 R
638745 L
8064428 L
3450460 R
6428148 R
9639013 R
1464957 R
4124931 L
5647319 R
5780162 R
6506994 L
9079060 R
9465912 L
2187084 R
573816 L
1383195 R
2911636 R
3671840 R
1609312 L
7164556 L
3106118 L
5284530 L
72256 L
5209886 L
6264025 L
1941923 R
1176512 L
6901450 L
2610107 R
4724171 R
9192160 L
6044113 L
8593546 L
5761465 R
4999494 R
4499538 L
2746048 R
8421194 R
4018172 L
802913 R
607580 R
4627856 L
1358997 L
2093704 R
2521263 L
3045366 R
3081892 R
9304226 L
1859934 L
1945937 L
2906292 R
1149266 L
6536946 R
1509521 R
5501987 L
2700684 R
1883761 L
3773263 R
Down
910784 R
3304625 R
3924117 L
9430873 L
5402412 L
3109972 L
5460234 L
4469801 L
1386242 R
8297498 L
5610243 R
1772820 L
359355 L
3205143 R
1937421 L
8144353 L
315045 R
8535847 R
6237622 R
6680007 R
6129895 R
4753372 L
7112347 R
3512709 L
1331167 R
7483354 L
609126 R
2040244 R
8552235 L
9940845 R
8333170 R
9326774 L
5059277 R
7553956 R
9394917 L
9300436 L
6706162 L
3700901 R
9565813 L
3626955 L
6646498 L
4075690 L
6446443 R
5024829 R
4249586 L
5252226 L
9440310 R
7323469 R
9516607 L
1989384 R
3812946 L
6576991 L
7952142 R
7721433 R
8012745 R
4975229 L
4482744 L
1289752 R
Down
6849021 L
5824904 R
1534699 R
3695275 L
3717260 R
6361860 R
407550 L
6264644 L
Down
8676861 L
8055431 L
3286509 R
4686989 R
Down
4425660 R
8967180 R
6353655 L
2504223 L
5048045 R
9479129 L
4072472 R
6866198 R
4472333 L
6782754 R
8806831 R
2806707 R
2110569 R
6086782 R
537204 R
9600837 L
7330158 L
3799190 L
4837106 L
4476711 L
1862768 R
1523895 R
8494951 L
773963 R
9737910 R
9350844 L
1896058 R
8968744 L
664851 L
5709556 L
8067560 L
1540406 L
3803603 R
3779709 R
8906735 R
168730 L
4830183 L
6928584 L
7435806 R
9521103 L
4684781 R
365096 L
7820841 L
9170824 L
4302727 R
1722368 L
6049672 L
7182542 R
2680327 L
4253511 R
3217502 R
6964086 R
9032975 L
4883773 R
281460 L
4699664 L
8010485 R
6190849 L
8078296 R
5034303 L
502617 L
1346811 L
2282627 R
8509233 R
7548259 L
2034684 R
2509755 R
8545040 L
936505 L
3918622 L
7298296 R
3452805 R
5166901 R
4210849 R
4470640 R
5706001 L
3522340 L
6646228 R
613706 R
8094642 L
640508 R
4093686 R
3900691 L
1098983 R
9047391 L
4748219 L
2555101 L
5351827 L
7132083 L
9151196 L
7035032 R
1337767 R
4668115 L
5396846 L
5873627 L
4387940 R
Down
9290376 L
1706128 L
4224799 L
9133083 R
1113111 R
1168917 R
7622327 R
7304463 L
8356508 L
893764 R
5435259 R
5716566 L
678904 L
2389591 L
7121935 R
3179669 L
5287462 R
2706357 R
7251706 L
7929717 R
1687055 R
343001 L
4667369 L
4164956 R
8031071 L
7300243 L
9765245 R
7259014 R
7428671 L
4325966 L
3082488 L
8108689 R
2849474 R
4945943 R
Down
4107648 L
3236901 R
5869718 R
4876239 R
5933131 R
9128435 R
5936276 L
9080743 L
8478445 R
7780985 L
1940528 L
5606523 L
5241198 R
247679 L
264107 L
1867680 L
2900912 R
9799365 R
3677941 R
3758091 R
7456912 R
1875138 R
6342532 R
5845714 R
2541600 R
9284212 L
2754518 R
5350407 R
1909165 R
8066952 L
1832832 R
1985553 R
7515764 L
7001111 L
8558176 L
7648204 R
1075687 L
2866916 R
2303670 R
8826897 L
2399407 L
5146639 R
8872075 L
6822550 R
1128694 R
2620465 R
9486909 L
860220 R
Down
9200034 L
596305 L
9272156 L
8648293 R
6284887 R
7423002 R
4314614 L
4536686 L
5530862 R
1922619 L
1346359 L
4498035 L
2198175 L
1086784 L
6220593 L
7943920 R
7668434 L
5742164 R
4492481 L
6588673 R
9290874 L
3450805 L
3674740 L
8690280 R
2861325 L
8397397 L
2176682 L
2877152 R
6544374 R
9444386 R
3823957 L
7571715 R
9600359 L
7300927 L
9187243 R
6920621 L
8318992 R
2771639 R
2058711 R
9199866 L
6134448 L
2838248 L
2344388 R
1266591 R
6727715 R
8056084 L
7746917 R
4449955 R
5543145 R
8281427 R
3703079 L
6790304 L
7674578 R
1154505 L
2285277 L
6815283 R
6275802 L
3908026 R
8294265 R
3803509 L
614696 R
2245248 R
7321475 R
Down
617315 R
9541389 R
Down
9387575 R
1013139 R
4145511 R
5897911 L
6408848 L
1780153 R
4611371 L
3938854 R
7456573 L
2639794 R
3902035 R
9215353 L
6678010 R
3857283 L
3379677 R
3759113 R
750035 L
1157391 L
8204059 R
3921431 L
6255084 L
8182070 R
2592313 L
1401824 R
3928939 R
9316465 L
4629136 R
1314264 L
7198089 L
4503770 R
7509335 L
1992295 L
9831994 R
7911231 L
7912120 R
3715296 R
7791089 R
3445477 R
6449780 R
6366413 L
781731 L
4375726 L
8433427 R
7314760 L
9924431 R
502031 L
1883146 R
9285603 R
5236218 R
1621731 L
7637757 R
9671346 R
8445456 L
8141402 R
5075255 R
9584176 R
9640102 R
3097587 L
1717313 R
7537280 R
7857838 R
5617754 L
3490606 L
9123530 R
4605282 L
6875153 L
914546 R
2406634 R
4447610 L
4471646 L
6075110 R
2660705 L
7691044 L
381196 L
8732180 R
7361554 R
4735590 R
7748639 R
2762638 R
8175114 R
3675181 L
6521733 L
668616 R
1597250 R
429375 R
6904155 R
869349 R
7266176 L
4804334 L
600457 R
7647691 R
8296813 R
9076624 R
7836755 L
6254997 L
700355 R
824964 L
2795877 L
2680633 R
2909412 R
1256450 R
3695112 R
6829726 R
9517215 L
8195224 R
745152 L
3804200 R
9509693 R
4424076 R
5180832 L
7447213 L
Down
4268798 L
1623074 L
6678150 L
9464956 R
327438 L
2476717 R
3101635 L
4404863 R
4021018 L
2412912 R
3241359 L
7189611 L
5370568 L
9443587 L
3743056 L
3554383 L
9078959 L
8860401 L
Down
6225360 R
4406729 L
1392974 R
4615632 R
540456 L
6740049 L
1430433 L
5088440 L
4381836 L
775080 R
4360625 L
7443368 L
2385369 R
4945064 L
3379004 L
5089263 R
2264099 R
4391342 R
5985045 R
9109164 L
2419468 L
2175523 R
3700983 L
4711019 R
6240996 L
9674406 L
508021 R
508086 L
5585506 L
3753292 L
4591068 L
1635330 L
1204200 R
2855118 L
6428751 L
1932894 L
4034914 L
7655149 R
8666388 R
5864345 L
7137102 R
3630570 R
5297042 L
838321 L
8353453 R
7166045 R
2094228 R
6124138 L
4450054 R
774742 R
5887425 L
1808832 L
1117518 R
6681248 R
6618514 R
4681490 R
732071 R
2669662 R
1137066 R
7729928 R
9596915 R
7824737 L
7241533 L
4332582 R
3740449 L
4777392 R
7604816 R
4016053 R
4610685 L
6011856 R
5080076 R
Down
Down
6261639 L
1661593 L
9575665 R
4181411 R
3624706 L
1313499 R
7904263 R
6253795 L
1518550 L
3920271 R
5300521 L
7841612 R
7786709 R
5337900 L
818894 R
6010883 L
5508479 L
6392765 R
9129632 R
Down
7290675 L
7683789 L
6713806 R
2822158 R
7037414 L
9912105 R
1760293 R
4434450 L
616509 L
8642952 L
5557853 L
9075966 L
8799438 R
7429584 L
2058915 R
4268204 L
1352881 R
6547298 L
4705164 R
2575039 R
901252 R
7268919 R
7351423 R
6899246 R
1489427 R
4561561 L
6531604 R
Down
6250467 R
980552 R
6401564 L
2622555 R
2491522 R
4333549 R
960837 R
8158606 L
7758127 L
93377 L
2042429 R
8412412 L
1086249 L
1122537 R
2141852 R
6165627 R
9194557 R
1528869 R
2076647 R
795859 R
6948544 L
2629806 L
7915006 R
3272163 L
3234762 R
5761337 R
6046898 R
1120209 R
8566996 R
9333412 L
9655159 R
62657 L
8706380 L
8931595 L
2096537 R
1526529 L
7834221 R
2537243 R
1999707 L
9426839 R
3178151 L
7120949 L
4516795 R
1475396 R
5505008 L
8424761 R
8404730 L
4996595 L
3387265 L
6181474 L
2075296 R
1182635 L
8646355 L
3622594 R
1540550 L
Down
8016432 L
7951923 L
4049342 L
6309073 L
9970318 R
4810288 R
8948575 R
1676715 R
2206820 R
3353122 L
4615430 L
2368373 L
8420132 L
6704111 L
8123080 R
9556394 R
6565180 R
7018026 R
7705704 R
3492251 L
2971584 R
3589594 R
7766541 L
8730894 L
6181013 R
6795650 L
1610665 L
9189153 L
6349886 L
7353702 L
5598318 R
9373059 R
1583578 R
4213835 L
2231217 R
3209260 R
2472928 R
3463095 L
8256667 R
2305997 R
8685379 R
750965 R
5271577 L
5295660 L
319369 R
4734893 L
8319583 R
3262029 L
6310695 L
3755837 R
3306078 L
1258479 L
557959 L
4682778 R
9830194 R
6693499 L
1732601 L
7556055 R
3427927 R
7489103 L
8830120 L
Down
9971838 R
3398782 L
4080449 L
1217681 L
8923185 L
5776825 R
6683617 L
730173 L
523636 R
1740075 R
7492118 R
8735084 L
4485476 L
2371198 L
8135255 R
7445189 R
1956230 L
2663172 R
6228451 R
4972388 R
1308575 L
5261505 L
7548636 R
4571784 L
9487473 R
3695837 R
4589500 L
8523301 L
7964821 R
5970366 L
4854566 L
2443409 L
9250615 L
1484313 R
6313739 R
4621150 R
Down
1615234 L
4124513 L
5208844 L
4925274 L
1574863 R
984748 R
8287356 L
9594685 R
4242036 R
3132914 R
3592824 L
5237762 L
8956204 L
733952 R
Down
1252622 L
5501160 L
5803041 L
3995188 R
6787785 R
6052523 R
6974257 L
8011799 L
2847786 R
8023206 L
9044898 R
5766872 L
6076377 L
2266526 L
1393254 L
4519620 R
2854681 L
8093599 L
6446408 R
7759922 L
1970464 L
1203584 R
2229040 R
2047978 L
5220055 R
1499510 L
5413306 L
853144 L
605965 L
6458422 R
8113620 R
430750 L
3492467 R
7951125 R
1895170 R
6326521 L
1082124 L
5488844 R
3210441 R
1567247 L
2344210 R
3478803 R
6520574 R
3321001 R
8673694 L
530548 L
3591710 L
9414761 L
3902414 L
4196272 L
3457286 L
574390 L
6186978 R
6078558 L
6988051 L
2739697 R
Down
9353416 R
7651818 L
1650776 L
7826494 L
7271318 R
4818373 L
844615 L
7118546 L
9244505 L
5652433 R
4355918 L
2976886 L
4917747 L
5700304 L
3528030 L
1844618 L
6546312 R
Down
1759479 R
2501211 L
7836580 R
3915545 R
4882285 R
6809404 L
327575 R
9327950 L
80422 L
8257096 R
8805215 L
7921009 R
6358129 R
4486069 L
3148703 R
3503932 R
4788327 L
1738806 R
2909719 R
716518 L
2155209 R
4745351 L
2805942 L
1116261 R
4940428 L
1521342 L
4006980 R
1237679 R
4455392 R
9265708 R
671300 L
971722 R
2918834 L
4846403 L
2902152 R
2088212 L
4692143 L
5901932 R
434634 R
5493418 R
Down
5130243 R
1133257 L
3131709 R
3212708 R
5635479 L
3156171 L
1906275 L
8648317 R
1526828 R
9226448 L
6572585 L
167948 L
2391237 L
2891554 R
8522183 L
8976446 L
6172885 L
4051855 R
4924713 R
5529487 R
9891938 R
8421021 L
6831409 R
9438300 R
7542918 R
2878513 R
5767296 L
3905248 R
5038148 L
2430560 R
5941033 L
910014 R
8544878 L
6740610 R
5395548 R
8828657 L
5073214 L
8510675 L
362930 L
9400201 R
8780905 L
8110091 L
7384055 R
437719 R
4522363 R
5242551 R
587007 R
8722069 L
8805167 L
8537810 R
8789965 R
7972924 R
4775433 L
9271617 L
9842954 R
1192851 R
347384 L
7153526 L
5476271 L
9586451 L
7633913 L
628078 R
3219818 R
2675272 L
3033277 R
7053175 L
9245680 L
3860731 L
5950877 L
6706802 L
3039361 R
3839828 R
3980244 R
636143 R
3238166 R
3659226 R
2298599 R
7394081 L
4224259 L
2759597 R
8186714 L
2021338 R
7850505 L
8317650 R
3995162 R
5714006 R
1656426 R
6144704 R
7901031 L
4828417 L
2552070 L
58897 L
2276720 R
627796 R
2799645 L
393687 L
1121683 L
7121431 R
5081678 R
505839 R
4621906 R
1645091 R
7497005 L
7009956 L
8369601 L
4244707 R
7094467 L
7912352 L
1910903 L
9123307 L
Down
8328047 L
7537626 L
6624600 R
2495675 L
1055592 R
6448548 L
4786355 L
3774134 R
4890716 L
6701842 R
1825646 L
3497299 L
Down
3763955 L
3309218 L
2328620 L
2002235 R
3931254 L
3053633 L
3559261 R
8156268 R
6387041 R
6430859 R
2470904 R
386339 L
8950657 L
1025509 R
1195800 L
4757046 R
4548566 L
1590765 L
2771947 R
3629563 L
6982555 R
2235672 R
9069405 R
8693271 R
7062433 L
6348472 L
8107857 R
9655550 R
7973126 R
3752812 L
5064395 L
2534031 L
2217360 L
4536001 L
6032808 R
6070139 L
1120240 R
2604431 R
7531145 L
8719867 R
3724570 L
4371642 R
1023346 L
5287241 L
1908621 L
3723474 R
Down
3967208 R
6692847 L
548029 L
6614598 R
3375651 R
594628 L
3165066 R
4258221 R
2115000 R
4209487 L
7057258 L
2545087 L
807901 R
2556941 L
3340640 R
3005740 L
7678709 L
169899 L
1611108 L
3250660 L
5382615 R
3403073 L
6178331 R
7327183 R
Down
1110800 L
7371137 R
3637110 R
3355978 R
2328580 L
856473 R
516476 L
377766 R
3586567 R
2296245 R
2674840 R
5044158 R
9725662 R
7420460 L
1014398 L
7931752 R
4140699 L
3181087 R
5222893 L
3613616 L
2299806 R
336517 R
6007500 R
4080220 L
2164810 R
8921241 L
7124721 R
5979574 R
6923679 R
4292689 R
1907835 L
2782836 L
1176885 R
5139758 L
111416 L
2251486 L
4308258 R
5468402 R
3598531 L
3974193 L
314762 R
Down
580093 R
4547779 L
585660 L
7482510 R
1457782 L
Down
4936871 R
1474397 R
1861324 R
2423038 L
6369591 L
5248911 L
3600399 L
4974761 L
2251775 R
7545400 L
8921600 L
9993240 R
8719854 L
4218553 R
9100202 R
964632 L
849109 R
659445 L
8664238 R
7831150 R
3933246 R
2483477 R
4989619 L
3878798 L
1091341 R
8142698 L
622196 R
5004770 R
6327875 L
2088169 R
2667984 L
4187870 L
9488841 R
8520570 L
454518 R
3006537 L
5788734 R
2105910 L
7967082 R
7884442 L
4673643 R
1866316 R
1088884 R
7286475 R
9005901 L
8572875 L
6366723 L
374655 L
2790546 R
2387727 L
Down
1824330 L
304236 L
6820385 L
2185243 L
4519889 R
8467352 L
6158701 L
56021 L
3224463 R
4578320 R
7758152 R
4067375 R
6947797 L
9229138 L
4986675 L
8190789 L
1616743 R
4664406 L
1139358 R
4539948 R
956568 R
9056694 L
7662173 L
4618294 L
6854024 L
3364515 L
7216476 L
5958801 L
8715143 L
924562 R
2905358 L
5699715 R
3182671 L
5315337 L
2372868 L
4315801 L
584815 L
6443754 R
4392372 R
2933818 R
5354210 R
828047 R
1445499 R
5151904 R
1769276 L
8557522 R
7709223 L
1146416 R
7570866 R
5968371 R
7523060 L
7788190 L
7826277 R
6987591 L
5039425 R
7623144 L
2999962 R
1453045 L
4699912 R
44731 L
8816802 R
760976 R
2572876 R
8938983 L
3363562 L
968752 R
5370296 L
9368220 R
3402043 R
8425717 R
5299224 L
3711651 L
3433981 L
5230300 L
6813931 R
3770864 L
3767415 R
9896510 R
3786894 R
9690036 L
7722681 R
6222841 R
2975636 R
6608304 L
6890018 R
9589825 L
6848674 R
8055732 R
2290773 L
5114898 L
2190420 R
8736261 Same
5030976 R
1900958 R
7548498 R
606679 R
1651433 R
Down
2422989 L
3601451 L
7795703 R
8564694 L
5294542 R
Down
7633446 L
532536 R
1583935 L
7362832 L
3627748 L
6540425 R
2904078 R
828163 L
7515773 L
5072476 L
8379395 R
2030624 L
6080252 R
2544342 L
1198328 R
7315720 R
4850917 R
Down
8778025 R
8487867 R
6038571 R
5645757 L
8981214 R
3499344 R
7116216 L
7107364 L
1582514 R
3750682 L
3715055 L
2468400 L
8260712 L
2688782 L
8702886 R
2787767 R
9011600 R
1433593 L
9165798 R
1202452 R
6420905 R
8030368 Same
8830639 R
9420366 L
5633768 L
6936920 R
6237690 R
2899929 R
5565514 L
7048772 R
4304091 R
7459282 L
3136756 L
4466003 R
4060663 R
2244713 R
8942406 R
2810823 L
2386281 L
6765099 R
4466333 R
5204496 R
7339293 R
2749738 R
8948632 R
9299672 L
3563039 R
6876287 L
7715760 L
747993 R
4764908 R
8045568 R
868743 L
9187227 R
2172729 R
169191 L
4303647 R
8426459 L
1253921 L
8225418 L
753943 R
1156936 L
9352272 R
6349522 R
5861156 L
217538 L
6706106 L
1745970 L
3968926 L
3112048 L
7281880 R
3535794 R
7770195 R
8788241 R
1537105 R
6603533 R
329298 L
4849728 R
9183427 L
5991279 R
7960435 L
4212851 R
579999 R
5284052 R
864715 R
2155571 L
3671989 R
5877326 L
4310075 R
3493511 R
1758803 R
5495628 R
Down
8569422 L
7204060 R
8679210 L
6929864 L
8377554 R
8619316 L
5791522 R
Down
605337 L
3244502 R
8081337 R
6754168 R
608254 R
2732804 R
8833042 R
4599928 L
9415694 R
8828684 L
6514522 R
9213158 L
1147589 R
9788113 R
5989972 L
4841754 R
7645340 L
8765475 R
6095243 L
3903498 R
4433596 L
928787 R
6336661 R
7779852 R
819683 R
2257958 L
1952344 L
1799295 L
4845421 L
8150960 R
740184 L
5565247 L
2215108 L
479487 R
1517280 R
Down
9175234 L
9087847 L
7031009 L
1984011 L
4975478 L
1542567 L
768118 R
1583004 R
2861924 R
4694809 L
5312998 L
1244133 R
4757191 R
756987 R
2721937 L
8095622 R
2726099 R
9629006 R
5998018 R
4092977 R
3380269 R
2090684 L
3229350 R
6096262 R
7055670 R
4706612 R
1624871 L
2864896 R
3353272 R
829051 L
749124 L
1907770 R
3100451 R
2246506 R
6312328 R
784848 L
8618461 L
1342026 R
9552493 R
4955624 R
5051723 R
Down
1784963 R
7942929 R
1260871 R
1427773 R
4991473 R
7301984 L
4486687 R
7278688 L
1243267 L
7287554 R
Down
3868360 L
4567788 R
9595486 L
7098510 R
2350268 R
5605692 L
4419207 R
7444152 L
404139 R
4534888 R
7416357 R
2193636 L
4720811 L
3762191 R
7972386 L
2430069 R
8390808 R
5534183 R
2746994 L
3649748 R
7320888 L
9435796 R
4035004 L
601073 R
1464391 R
4511100 R
5512917 L
7312103 L
319368 R
7072995 L
7743007 L
1992062 R
Down
9438390 L
3609361 L
3293541 R
5534822 L
2985726 L
4914046 L
7748782 L
1732710 L
3868184 R
2199898 L
4099453 L
6202764 L
1089099 L
6949751 R
2738801 R
8527093 R
1820344 L
1976530 L
3689402 R
1909744 R
2082498 R
7728778 R
6150588 R
2819546 L
5949457 R
5923275 R
3727884 R
8562742 R
1491384 R
4085190 L
1211106 L
7494222 R
2346599 R
620415 R
5333062 R
7379800 R
9489282 R
1758212 L
8628962 R
1905845 L
7389677 R
8109457 L
8235374 L
2784892 R
5874357 R
4688748 R
5624365 R
4234172 L
566938 R
3051829 R
1876424 L
7395172 L
9145539 L
7600937 R
6255489 L
4500882 L
1996067 R
8748436 L
2481058 L
3250008 R
7500022 L
2813620 R
6578477 L
5605735 L
2295329 L
9323697 L
1076365 L
8970679 L
7844376 R
886536 L
8315016 L
5779385 R
5977077 R
7706253 R
6859180 L
3231853 R
5194333 R
9228815 R
2429415 L
6151433 L
6148823 R
6699780 R
Down
1030940 R
6370610 L
5308929 R
9774972 R
3541970 R
9617286 R
6981459 L
6764757 L
9723507 R
1621531 L
3228831 R
2323872 L
8968322 L
3594900 R
4971099 L
1297777 L
2897738 R
5344524 R
2617716 L
4535419 L
3629219 L
7881324 R
8393560 R
704182 R
4525931 L
4830180 R
5018183 R
4234218 L
1024272 R
8914735 L
4630269 L
5665429 L
2798814 R
4254037 L
9814329 R
5499200 L
3760546 R
529719 L
217137 L
7611019 R
3939101 L
7343886 R
5268342 Same
339951 R
2057312 L
9548224 L
2568299 L
8395912 L
8187930 L
3238756 R
2000073 R
4182530 R
2064069 L
3422106 L
6476922 L
8521793 R
8779604 L
4813230 L
224032 L
6426259 R
694390 L
2086427 L
2839615 L
8064820 L
4990330 L
7132540 L
4737165 L
6269121 R
2837006 R
9363279 L
2762673 R
483615 R
7471692 L
9048868 L
5987000 L
3895759 R
6731293 R
3893336 L
2196664 L
421534 R
1715083 R
6744974 L
3473945 L
9960343 R
5870339 L
3922556 R
8827654 R
3958230 R
1573396 R
9795185 R
5881066 L
3087301 R
3211887 L
2286615 R
9127756 L
6973658 R
2235589 L
8160751 R
4634589 L
3468364 R
3891331 L
174081 L
1856966 L
6944169 L
455339 R
2574452 L
9301178 L
2217675 L
4459803 R
1728012 R
8201646 R
4144300 R
6437283 R
5622269 L
8816899 L
4364809 L
2911119 L
2663470 R
5621378 L
1602336 R
4891188 L
2813881 L
Down
4714099 L
9228757 L
3681824 L
6479773 R
7846695 L
2214917 L
1054735 R
4548238 L
674556 R
3428580 L
8396218 L
5560888 L
2145060 R
1604200 R
668802 R
8270204 L
6691989 R
750536 L
Down
3670506 R
985180 L
4627593 L
1539431 R
6477884 R
638795 L
2691394 L
6342268 R
727887 R
6968405 R
3521565 L
1338130 L
840151 R
8660016 L
1583513 R
7364258 L
8008297 L
3584130 L
4115084 R
7441958 L
6532917 L
5593778 L
1433817 R
Down
4665631 L
7204689 R
5888505 R
9395716 R
893581 R
3464129 L
1464238 R
854653 R
5236819 L
4025046 R
6685991 L
8433474 R
Down
9376479 R
922199 L
6859002 R
6784526 R
6750601 R
5959377 R
7720125 R
7588235 L
5992239 R
3643764 R
4370833 R
3690 L
734931 R
514884 R
9456737 R
602481 L
8458523 L
401721 R
8316487 L
2867141 R
4504306 R
1753285 R
Down
7346815 L
8538928 L
4524230 L
5372759 L
7685028 R
4624882 R
1375752 L
7770922 R
5222894 R
2122566 L
4841760 L
8699221 L
6510653 L
7772323 L
3258402 L
1034143 L
3467281 R
6009315 L
6778261 L
9467741 L
6617980 R
5533809 L
5155259 L
9339824 L
262455 L
3094754 L
5109986 R
4082367 L
8700493 L
2297441 R
3164686 L
2840242 L
1867649 R
3446822 R
669521 R
6564772 R
7586263 R
2140606 L
Down
2439474 R
2631697 L
2550349 L
8227093 L
3211018 R
4126822 L
9199967 R
6649324 R
7347363 L
3928428 L
4321561 R
955350 R
8752285 L
3077993 R
6253225 R
7352570 R
9499323 R
8758364 L
5237159 R
8473171 L
2205720 L
9855115 R
3195434 R
258191 L
945574 R
9037984 L
1333334 L
1474618 R
7421007 R
5229969 R
9231037 R
2519481 L
5631823 L
8145240 L
5453109 R
9723046 R
2565254 R
4483634 L
3467731 L
461244 R
6832484 R
8997576 L
80335 L
8226140 R
623868 L
2579590 R
3704962 R
441702 R
9189114 L
7924885 R
6212772 R
2808290 L
Down
9544008 R
4701312 R
5018508 L
4918653 R
8768350 R
6463432 L
Down
1427343 L
9229238 R
2453202 R
2223807 L
7333017 R
2245011 R
459258 L
6997003 R
4998157 R
917336 L
9227516 R
4206355 R
1934825 L
5255620 L
1991302 R
2733379 L
6836863 L
8380390 R
1714743 R
4432336 R
6762958 L
5342601 L
6447753 L
7985345 R
5711563 L
3459456 L
7287911 R
383343 R
3416452 L
705997 R
6220394 R
4797758 L
9080945 R
6808610 R
368478 L
7748774 L
4946103 L
2228367 R
2407675 R
194096 L
8321816 L
6363036 L
4115890 R
8155641 R
3499512 R
9370453 R
2986169 L
9155037 L
4190994 R
3775305 L
9466318 L
8073924 R
6642915 R
Down
1745122 R
1944951 L
3462156 L
5738356 L
536716 R
707106 L
311824 L
8204384 R
6023775 R
8642426 L
8017547 L
7954779 R
9564693 R
4931460 R
6435103 R
5144527 R
1927185 R
2738299 R
8153107 L
8380097 R
4413786 L
8358817 L
4293475 L
7074259 L
1344159 R
4588078 L
Down
2870711 L
9186628 R
5722909 L
3231360 R
1366313 L
2120327 L
313904 R
1565157 L
5288079 L
2158028 R
3198666 L
2553788 R
5130893 L
8625721 R
5689494 L
6366010 R
5426324 R
5592778 L
588532 R
4767289 L
5570491 R
4977476 R
6962220 R
1439138 L
5374760 L
4595183 L
7749631 R
977754 R
575360 L
9929826 R
8991276 L
6777350 R
7682583 R
9489651 L
4871743 L
6335784 L
5119257 R
3607564 R
9842181 R
9024362 L
7688958 L
3005835 L
Down
4658722 R
7903902 L
1906358 R
9508139 R
8877618 L
372333 R
7153257 L
5579095 L
4530574 R
449880 L
8840217 L
1222759 L
1256749 R
5248985 L
7463203 R
1114170 R
6871960 R
4511658 L
1517079 R
7113647 L
9707943 R
165103 L
2497528 R
1857143 L
1429449 R
8073701 L
6127521 R
2876774 L
4001070 L
4987531 R
8149618 L
1568809 R
6570296 R
4737269 R
1442396 L
1667823 R
1897582 R
1433329 L
1071536 R
2954231 R
237740 L
3175619 L
224698 L
909706 R
8374839 L
1102357 R
5099683 R
4762828 R
5771088 L
7592999 L
6779643 L
5040446 R
4139410 R
2890247 R
2147244 R
8677848 L
2430409 L
5101760 R
2448427 L
3806097 L
7317172 R
2493618 L
4339991 L
3490321 R
3698824 L
9330398 L
3939775 L
5688086 R
1940723 R
432379 R
4978872 R
5501189 L
4006031 L
2749498 L
Down
3895925 L
350469 L
9160176 R
3914149 R
4923718 R
5843055 R
9830998 R
3586259 L
4123023 R
5668396 R
8569147 R
8963451 R
5845425 L
2342795 L
6701636 R
346128 R
2476246 L
2238278 L
3354495 L
6568412 R
2775812 L
6049370 R
6378077 R
7591534 R
2187921 R
9639252 L
9420013 L
Down
5306257 L
8224617 R
2610474 L
2619548 R
8684250 R
6293583 L
7667621 L
8247733 R
3403950 L
5289081 L
1982204 L
8867603 R
842856 R
8639193 L
6047350 L
8720538 R
723480 L
3739264 L
2842294 R
6236881 R
512251 R
1515614 L
9001677 R
2833501 L
5496238 L
3622820 L
2202469 L
654070 L
8205810 L
4501528 R
3977960 R
6811800 L
9602368 L
8087565 L
4500378 R
7517401 R
6466228 R
566739 L
850410 R
9228873 R
4497948 L
440354 R
Down
3786975 R
2692189 L
2223381 R
6938056 R
5601299 L
8940035 L
7414813 R
1405784 L
2302327 R
2413369 L
3084166 L
7953257 L
5205734 R
5850742 R
9253251 R
7965612 R
3156777 R
3855972 R
1925971 L
6046967 L
892772 R
2877099 R
3512700 R
Down
2926837 R
501182 R
8584524 R
4697018 L
8258060 R
7215023 R
3057218 L
4217511 R
4355696 L
5635241 R
5960850 L
2907844 L
3265754 L
4736580 R
8765782 R
1458186 L
6855703 R
2054255 L
5667355 R
8674899 L
7245377 R
6221327 L
2459873 L
1116549 R
745039 R
3134197 R
6018544 R
Down
2976369 L
671082 R
7187382 L
6199985 L
2660193 L
Down
1207588 R
8995992 L
7927091 R
4085605 L
7994889 R
9687240 R
5287034 R
3533840 R
4853835 L
7236597 L
3033056 L
5690865 L
3824431 R
2033970 R
4448229 L
7745185 R
3975141 R
6201258 L
997017 L
8114784 L
7877307 R
1508565 R
3124520 R
5098588 L
889083 R
9324194 L
7662710 R
8843920 L
6854533 R
3634673 L
2334781 R
8655460 L
5087093 L
9841369 R
2828517 R
4358198 L
Down
7489359 R
5575912 L
351869 R
5677555 L
2381804 R
4385082 L
1380359 R
4758984 R
8722283 R
1266843 R
5245652 L
4590316 R
6582581 R
2235125 R
9623915 R
6097164 L
7084642 L
1686022 L
1167594 R
9621330 L
5998098 L
6355777 L
3948397 R
5895767 R
8928475 L
1116389 L
9063160 L
5043814 L
4591935 L
6518879 R
2501813 L
3048889 R
3714197 R
558196 R
7036542 R
3855506 R
231039 L
192143 L
2838986 L
8011951 L
9176298 R
9273986 L
3494438 R
8506040 L
6119892 L
4456055 L
6416560 R
7242097 R
2448970 L
6081730 L
8409174 R
6308507 L
7394019 L
Down
2713807 L
1661469 R
9663979 L
9627646 L
1959958 R
1369946 R
7625343 L
9134691 L
3483381 R
5819605 L
7255613 L
1620843 L
Down
2185676 L
6243078 L
2175897 L
3472039 R
440986 R
5023513 R
7099697 L
8076422 R
6467434 L
4825419 L
8826767 L
7805257 R
7822623 L
4204726 R
6623260 L
2135573 R
4113720 L
2996869 L
1161506 R
7575356 L
1710557 R
5357976 L
5473264 R
9814081 R
5550850 L
Down
7292375 L
8238132 L
2030939 L
8964653 L
4172597 L
4359217 L
5964945 L
9135697 R
1087013 R
1486387 R
2522970 R
2591384 R
5672761 R
1054866 R
24176 L
4129070 L
3567542 L
5867577 R
1121371 L
7058579 L
3928316 L
2546129 R
2330272 R
5409469 L
7519424 R
432757 R
3313142 L
198199 L
Down
8740847 L
5119805 R
9277972 R
7857622 L
3484514 R
6388451 L
2993436 R
7768776 L
8554163 R
6111457 R
3024553 L
9174046 R
2163185 R
3282474 R
5194657 L
4668478 R
6015803 R
1122295 R
4240733 R
3002598 L
9216448 R
4451544 R
Down
960681 R
80332 L
3301381 L
1262120 L
6228431 L
4502568 L
5947446 R
8330456 R
8438041 L
901937 R
9434654 L
7133815 L
306181 L
6000241 R
9125802 R
3153969 L
4862492 L
7905183 R
7452952 L
8444683 R
5041789 L
2090840 L
2858162 L
6441620 L
7926995 L
6822251 R
6556736 L
7071247 R
6911409 L
736195 R
5982723 L
724675 R
2471895 R
7733919 R
1679086 L
3267272 L
6980962 R
9902922 R
Down
9354129 R
4336476 R
5634758 R
8928526 R
9193284 L
Down
Down
1842826 R
5020273 R
7234949 L
4385295 R
6347793 L
5300782 L
2068030 R
4009678 L
8078428 L
9669181 L
9612485 R
4844700 R
2891662 L
1110349 R
2659712 R
6335200 R
2206428 L
1626953 R
9662472 R
8814815 R
3992399 R
7742013 R
9184533 R
6350862 L
9060467 R
3290012 L
858074 L
8041098 L
7954405 R
5856355 R
1738792 L
2629691 L
1323421 L
9218776 R
6425319 L
897997 L
1115780 L
6834084 L
975796 R
4781790 R
7437658 R
8071899 L
5732405 L
2553691 L
8444667 L
5487520 L
6509458 R
7019351 R
3335320 L
1343008 L
7095200 L
5781994 L
1853389 L
5612473 L
7160830 R
1095686 L
7997315 R
4966398 R
7349122 L
3414596 R
Down
9336575 R
1804140 L
1007798 R
5857343 L
7531819 L
8447864 R
1863701 R
5678343 R
8497169 R
9471007 R
6205674 L
5639150 R
4747673 R
454159 L
3735697 L
9654791 R
8694911 R
2648611 R
6523718 L
5414164 R
110989 L
7264933 R
637484 R
3042532 R
4446661 R
8760518 R
6126906 L
9374194 R
7720743 L
7457911 L
5924003 R
6435368 L
8577194 R
4092681 R
9289401 L
8948920 R
5197080 L
9478551 R
3358925 L
9952894 R
Down
7089406 R
5357973 R
2744242 R
3914782 L
5951022 L
1697106 R
5729914 R
3939941 R
5402871 R
3657349 R
211976 L
893628 R
9561113 R
2621380 R
5823003 R
810744 R
5324893 R
30754 L
7376911 R
1583109 R
2015323 L
6942987 R
5197213 L
7899242 L
5943803 R
1770862 L
8990969 L
7311857 L
5203245 L
2920235 L
861029 R
2055008 L
498569 R
9366735 L
412244 R
9291450 R
9417829 R
6891945 L
8370658 R
4523203 L
1566234 L
3240694 L
5192160 R
994739 L
7642534 L
139638 L
4193432 L
9506316 L
5348875 R
1100845 L
2670620 R
7428018 L
6961205 R
8568625 L
8999114 R
2776604 L
1165156 R
413242 L
2897614 R
2367751 R
7304675 R
2447007 R
8892189 L
2177224 R
2536811 R
7884186 R
4608597 R
2314286 R
2141244 R
4044528 L
6590159 R
Down
1058446 R
3894505 L
5526683 R
2583497 L
8051523 L
3026179 R
1991429 R
4632868 R
6974657 L
6685038 L
3109499 L
9028325 L
8845015 R
4759200 R
2768584 R
7061819 L
171604 L
560044 L
8188532 L
2867264 L
1554612 R
7849532 L
9237118 L
3361070 R
459128 R
Down
5129651 L
5011831 L
7725497 L
8981569 R
2258410 L
4947136 R
6183313 L
7183334 L
542438 R
4633325 L
1599598 L
2813492 R
1289878 L
2556008 R
968744 L
Down
2082325 R
2660123 R
2300867 R
8284157 R
4189185 R
4207536 L
7484703 R
7531357 R
8190495 R
8345361 L
648368 R
7578552 R
8487477 L
5478092 R
8945467 L
8582302 L
755372 R
4083422 R
7190736 R
9164735 L
9740505 R
7136185 L
4631223 R
7698711 R
2816146 L
7356717 L
5913896 R
1427444 L
3172972 R
8916625 L
2230483 L
4880426 L
Down
1852606 L
6798195 R
7757452 R
3706939 L
3300682 L
4783930 R
1863525 L
3055262 L
468090 R
4258931 L
5020268 L
1750089 R
1000265 L
3831799 R
2531791 R
4238064 L
7800251 L
Down
6217763 L
7282709 L
2962313 L
1444811 R
2807095 R
Down
1728939 L
7730880 L
4705193 R
2051384 L
3623269 R
2083220 R
3268583 R
2036606 L
7513085 R
1718828 L
Down
518296 R
7146643 L
1984012 L
2931682 L
9210712 R
7678629 R
7823813 L
8849364 L
Down
2343447 R
9288980 R
3935662 R
3255444 R
9643610 L
Down
8686160 L
5847131 L
3959002 R
805052 L
3656089 R
745239 R
5266001 L
505424 L
7406133 R
8718173 R
9480938 R
6171902 L
2275113 L
9289421 L
355862 L
8972904 R
5614599 L
7206402 L
5925385 R
3871007 L
6850074 L
4195585 L
5159779 R
2143235 R
6589966 L
6047161 L
9864706 R
Down
7560901 R
711154 R
7506790 L
8618516 R
3174642 L
3968844 R
3573507 R
1953990 R
2712846 L
2094596 R
5396414 R
3598014 R
Down
9032828 L
1607129 R
6617320 R
34796 L
1680735 R
5032402 R
7471025 L
7788226 R
7608894 R
6878013 L
5716275 L
7585509 L
8261746 L
7668642 L
6909820 L
662785 L
7229914 L
6150127 L
468523 R
6019754 L
8603095 R
7254358 R
6914349 L
389659 L
1178597 R
6244427 R
8738576 R
1370268 R
7068347 L
5811362 L
1373269 L
2319027 R
4900540 R
5387362 L
6444952 R
9237318 L
9870122 R
7944977 R
9096612 L
7614777 L
5373444 R
6126963 R
2682009 L
5150099 L
3596774 R
Down
449988 R
Down
2527041 L
4078003 R
6056970 R
2974995 L
3167222 R
Down
8978576 L
9026236 R
6417724 R
9404009 L
8554762 L
7269238 R
3424642 L
4032939 L
2280199 R
2686954 L
9506493 L
4894213 R
5053158 L
4486686 R
9138110 R
1771267 L
8558935 R
6173355 L
8992501 L
4260737 R
5646294 L
8363479 R
7999189 R
8063395 L
8997528 L
3986075 R
3262895 L
1023777 R
2204262 R
181715 L
3143884 R
3267326 L
7938643 R
8634156 R
8274446 L
9953063 R
8458529 L
295277 L
5678448 L
1840918 R
Down
5347314 R
8745786 L
1925860 R
6745009 R
2260351 R
Down
1832993 L
2865055 L
8109899 R
1653547 R
4331770 L
423650 L
8102842 L
4777745 L
9125598 R
6449816 R
6415433 R
3975182 L
1886442 L
1799142 R
Down
6723576 R
6143575 L
1715657 L
3008710 L
4634412 L
1514498 L
2741448 L
8208789 L
2933378 L
6354164 R
1489375 R
1346731 R
7275272 L
2607918 L
1670199 R
9699412 L
5752698 L
8393547 R
6014660 L
9154375 L
6791617 L
830514 R
2210703 R
5972948 L
4505729 R
2004226 R
331907 L
3803758 L
6879821 R
6909294 R
3925473 L
2367005 L
1661641 L
8414786 L
2927373 L
5630019 R
1100783 R
2593507 R
5796746 R
826419 R
1317691 L
4424764 L
2524166 R
4140167 R
5764288 R
3624661 R
464992 L
4952624 R
1363911 L
4105101 L
7577833 L
3128239 L
9577938 L
4413866 R
191777 L
9558872 L
8805367 L
4477781 R
540645 R
2526091 R
3368996 L
2645410 R
3262583 R
7682626 R
2667955 L
2169713 L
6930206 L
2030169 R
6695127 R
9194998 L
653196 R
1793015 L
5335518 R
7546779 R
1745866 L
1127260 L
7189112 L
6116407 L
1524578 R
5966046 R
7323775 R
2914197 R
4590150 L
8450286 R
1841279 R
8492088 L
3533336 L
3497276 L
1875402 R
Down
Down
8375382 L
3982687 L
9048289 R
3733588 L
7910997 L
7027091 R
8106338 R
1099763 R
9043464 L
5331499 L
9828794 R
5423390 R
280412 L
6567828 R
8498266 R
7946893 L
6924905 L
7296785 R
8186385 L
378087 L
9678446 L
Down
2144294 L
3908179 L
588433 R
8130513 R
8784489 L
3022793 R
2745466 R
8286853 R
5093977 R
5746688 R
4718443 R
2322995 L
7602579 L
7579159 L
2427550 R
8086863 R
3567218 R
1941576 R
7445995 L
2934358 R
6432059 L
1257890 L
3304322 R
1532763 R
3294822 R
3793415 R
2067483 R
8493640 L
9240512 L
1528895 R
5283083 R
2011308 R
4398151 R
5073261 R
2498803 L
9259675 L
4397644 R
962844 L
8827336 L
2907929 L
4075344 R
7643244 R
3255537 R
60266 L
1772359 R
5511350 R
3189240 R
5451139 L
7446595 R
5224564 R
1308072 R
6209413 R
366446 L
7596781 L
8494145 L
5499965 R
1945690 L
4475416 L
4616139 L
5300369 L
2151843 L
3149600 L
8812790 L
2634806 L
7956421 L
6890894 L
8329767 L
8223236 L
1165384 R
3754299 R
6077616 R
2367368 L
6562150 R
Down
6167128 R
4542148 L
8656676 R
4942492 R
3836089 R
1661367 R
5642407 R
7294471 L
836291 L
2370944 R
8565410 R
4602969 R
4050913 R
2724942 R
3660489 L
1510764 R
7934963 L
2943082 R
9132996 L
8566072 R
2943825 L
9539850 R
1515549 R
834860 L
7509158 R
2610272 R
4495137 L
7637046 R
6420321 L
9139906 R
2738598 R
5084974 R
7779599 R
8980028 R
2819244 L
814462 L
4728988 R
5135827 R
5848276 L
7603517 L
7308845 L
5516317 R
3015478 L
2234640 L
1727585 L
1537613 R
8729236 L
584791 L
3890952 R
4233619 R
2892092 R
3367998 R
9322443 R
4075445 L
3718032 R
9422904 R
5790735 L
2355532 R
8125303 R
7283295 L
361543 L
3351391 L
8199360 R
2437802 L
5223881 R
594705 R
6323834 R
1982776 R
1881977 L
8611422 L
3854168 L
7935396 R
7607554 R
6386494 L
809708 L
5433325 L
3465786 L
4216501 L
5522331 L
1508114 R
3026627 L
5423852 L
1459759 L
6598479 R
6084294 R
9536806 L
1541359 L
4755158 R
1898250 R
1917313 L
1464577 L
7677930 L
4406237 L
4830615 R
6905597 L
7113866 L
4935350 L
9151394 L
8719392 L
2705057 R
2048584 R
2405143 L
4529567 L
1505852 R
2474934 L
1754452 L
9226778 R
8139919 L
1696008 L
3116914 R
3385920 R
9859810 R
3632020 R
9152436 R
1996793 L
3356851 R
4384687 R
2325764 R
185621 L
5148506 L
8989382 L
846342 L
2975146 L
3776795 R
5034837 L
6588801 R
312235 R
861656 L
4759577 L
1500284 R
4979112 R
5795893 L
6197868 L
7233442 L
9749545 R
8971714 L
7509092 R
2861685 L
4237487 L
8467474 L
3680665 L
47853 L
8073559 R
3379427 L
1098165 R
3349129 R
3017002 R
7237064 R
6028835 R
1808202 L
971858 R
9477989 L
1923409 L
2377786 R
5228102 R
7295295 R
2134431 L
5668251 L
1636712 L
7282540 L
4523270 L
7023588 L
1705246 L
9092433 L
8183220 R
8595203 L
6111197 R
1690768 R
9683855 R
618846 L
1751638 L
781134 L
9422911 L
1722238 L
2670151 L
8880231 L
89068 L
1591956 R
1425137 L
8946076 R
7338048 R
8920826 L
5805918 R
6994964 R
6755695 R
9232579 L
7261715 R
Down
3123128 L
2885481 L
1165150 R
1471503 R
7987913 L
3790083 L
6721804 L
5704905 L
2690855 R
544258 L
5877903 R
8739682 L
5708925 R
15108 L
2532674 R
6859391 R
2598781 L
9288403 L
2935701 L
1158082 L
9757114 R
6064827 L
5553837 R
1761619 R
1874999 L
7711100 L
1868339 R
6167100 R
1057710 R
1693635 R
1371156 L
3806279 R
7088859 R
4883787 R
2326943 L
6734296 L
2410007 L
2544321 R
7743953 L
4142097 L
4902637 R
6134074 L
8594564 L
4680776 R
8131676 L
627176 R
6901288 R
4024625 R
3214127 L
7056333 L
1230613 R
9816442 R
7353080 L
211123 L
6186209 R
1620570 L
9525146 R
2840180 R
5779582 L
7402243 R
3344803 L
8288238 L
4757879 L
2026960 L
4473586 R
Down
2457353 R
7828736 R
4533711 L
7427787 R
8382300 R
9207657 R
4853632 L
5257656 L
8680621 R
4493563 R
3713975 R
8152651 L
7145881 R
6216418 L
793399 R
604918 R
8920260 L
1497500 R
7368386 L
511714 L
1573281 L
8107017 L
9462164 L
1252274 R
7724042 R
5228526 R
4276624 R
3076457 R
2652480 R
4275356 L
4984900 L
7515518 R
4509579 L
5548356 R
1729677 R
2777656 R
4593231 R
1012082 L
2166534 R
6946290 L
923875 R
9802360 R
1185098 R
3191624 R
8117400 L
4437727 L
128767 L
682225 L
8502278 L
647005 L
1307954 R
7617956 L
4595086 L
5436428 R
4517386 L
2506174 L
702574 L
4421458 R
6586980 R
Down
7183534 L
5024663 R
736656 R
7660417 L
353650 L
2432435 R
1695322 R
7995872 L
9745374 R
6112190 R
1676584 L
7438273 R
668679 R
Down
2334620 R
671801 R
2442925 R
9991592 R
3158401 L
5564664 L
1903817 L
940420 L
5530702 L
301671 L
9274371 R
778880 L
642550 L
1124189 L
5967754 L
531000 R
8261696 L
3348800 L
4287525 R
3456288 R
2259202 L
2602740 R
6687695 L
9096916 R
6038776 L
7762921 L
7746368 R
6764314 R
4978556 L
3844148 L
1072489 L
3198762 L
1295031 R
8823444 L
2921989 R
4605743 L
2663377 R
1928634 L
Down
3957181 L
5210770 R
5252242 R
3003506 R
8383911 R
807576 R
5767082 L
8344737 L
9380506 L
3012228 L
3602129 R
365784 L
5401403 L
4421926 R
472853 R
7145806 L
1576723 R
4833417 R
1956154 L
8581864 L
9839013 R
2939634 R
1648052 R
9492327 L
5301400 R
6355624 R
3051588 R
6660835 R
1537278 R
4717130 L
5546000 L
3494458 L
7544206 L
Down
3756839 L
5308663 L
9039773 R
6165701 R
4047595 L
1435924 R
4029239 R
4602942 L
8259700 L
1660427 R
7885390 L
5490543 R
9588124 L
5491799 R
4348435 R
3267553 R
1349627 R
3710240 R
6431712 R
8129845 R
3964919 L
6840052 L
8944064 R
4732750 L
276729 L
4249301 R
508952 L
7133241 R
7837646 R
4737279 R
Down
3368037 L
8936063 L
Down
4371660 L
6730523 R
4302016 R
8238532 L
6329239 R
689389 L
5462731 L
2553037 L
7257435 R
1451865 R
3343452 R
5944831 R
7135821 L
7318414 L
6656535 L
7201124 L
1586508 R
3192619 R
5957842 R
8531896 R
4684084 L
6356182 R
8691951 R
3171338 R
7990983 L
419991 L
2850173 R
6718149 R
6501873 L
5286591 L
3559103 R
8942286 L
2881280 R
9219761 L
9473337 L
1853746 R
2240830 R
6736744 L
3489653 R
7882348 R
3906640 R
3605235 L
3013226 R
8141632 R
8057279 L
6445823 L
4316363 R
3167429 R
3847837 R
2381578 L
369527 R
9256552 L
1933852 L
842236 L
3270976 L
1045605 R
8894439 R
2582906 L
9898731 R
1968614 L
1226304 L
4156745 L
4058727 L
2860041 L
550456 R
8439395 R
4299356 R
6398713 R
5618721 L
6871415 L
4567027 R
7256279 R
8281732 L
2273807 R
5730290 R
Down
600725 L
3419074 R
2095239 R
1638764 L
8273988 L
9230678 R
7561459 L
9664180 L
5960537 R
7932168 L
7540887 L
8271025 L
3861966 R
5352963 R
1205880 L
2523244 R
6582276 R
906276 R
1677130 L
Down
6769781 L
8971575 L
8983245 L
5926302 R
9285803 L
1233042 L
4576224 L
7959215 L
9837764 R
4359741 L
4621334 L
8571756 L
4001395 L
8488667 L
7687913 R
2467589 L
1413826 R
7064449 L
5800000 L
6489757 L
68037 L
1740485 R
4617117 R
1545822 L
Down
6712652 R
1566027 L
7192171 L
5254901 R
947652 L
9340671 R
141942 L
3473296 L
2574750 R
6741366 R
6514190 R
5050664 R
1948109 R
4063382 L
1532434 L
4050197 R
8641924 L
5283783 L
5651437 R
9551852 R
3076527 R
2865138 R
1034996 L
3675249 L
1533518 L
819748 L
4602529 L
9258387 R
2398200 R
3303410 R
4306272 L
794663 R
3051039 R
8644970 L
9358478 L
5705046 L
2037609 R
144692 L
5042022 L
4974777 L
3978287 L
6309640 L
369165 R
Down
3923387 R
5508936 R
3772130 L
1612875 R
4026030 L
8488681 R
7517545 R
7105302 L
7558762 L
6350635 L
7501597 R
6851669 L
323896 R
4715128 R
4620611 R
1840219 L
2675241 L
1166243 L
7827112 L
1713025 R
4913097 L
3170571 R
8305689 R
2295459 R
2831673 R
7385313 L
4370924 L
2354521 L
8842723 R
1036989 R
1703202 L
6769739 R
8058591 L
3536345 R
7339600 R
8152808 R
Down
9591074 L
8926766 L
7191176 R
3217797 L
2270869 L
8206948 L
2023331 L
4524109 L
311021 R
933097 R
6746646 R
5289808 R
7624397 R
86401 L
3183062 L
Down
8980311 R
9892600 R
9613553 L
6015984 R
4873519 L
7847203 L
8280588 L
8743607 R
5757595 R
6358928 R
Down
5623364 L
3947326 R
33567 L
60844 L
4957377 R
3463699 L
1896374 R
7343936 L
2817034 L
4041945 L
1436788 R
3754830 R
6939715 L
5266924 L
8045519 L
5189324 L
1329128 R
4401398 L
5400383 R
8288104 L
2657716 L
9973050 R
8840049 R
9040951 L
2240623 R
9523430 R
1400927 L
Down
1827878 R
9224176 R
Down
7702578 R
4627629 L
4936039 L
5354478 R
2991261 L
9381944 L
Down
5572368 R
4084838 L
7373656 R
4016671 L
Down
6479007 R
5806383 R
2206479 R
658849 R
3666028 R
5456424 R
7735381 L
168789 L
6062318 R
9488360 R
7288156 R
6067446 L
6766003 R
4875795 L
7230940 L
9500071 L
9666251 R
7156989 R
4002991 L
1095975 R
2754706 L
6668885 R
9159163 L
5921760 L
3084971 R
9517540 R
1844414 R
7017269 R
8286303 L
2381082 R
7418000 R
7164720 R
2276555 R
6137790 L
4808750 L
1229861 R
8088252 L
9170106 L
4022091 R
649344 L
9655638 R
9590208 R
1054788 R
4916041 R
9303901 R
4357605 R
8829863 R
4776016 L
2220986 R
4469085 L
932328 L
7172754 L
6367488 R
2321605 R
8370821 R
3619752 L
3250303 L
9070943 R
7004928 L
8014789 R
2037410 L
3139090 R
5069084 R
Down
2833973 L
6114124 R
4332144 L
8392187 L
7088629 R
Down
1225069 R
9793978 R
1307421 L
616513 L
8371042 R
5420931 L
7527422 R
4063402 R
2672276 L
7701343 R
1705044 L
Down
1946401 L
4402585 R
1851090 L
8680487 L
3210931 L
2307222 L
7697376 R
7314403 L
6708510 R
Down
2776865 L
8516871 R
9218183 R
3703769 R
2478357 L
3653221 R
1327163 L
5885973 R
9234979 R
8872619 L
700483 L
4035680 R
496411 R
7028584 L
9489103 L
7296879 R
9859280 R
1955911 L
6547879 R
7263940 L
3351771 L
Down
5456455 L
7064120 R
9179107 R
4542620 R
9348999 R
5206614 R
8572523 R
8400859 L
5814833 R
7887552 R
3558694 R
3601733 R
7540679 R
1749375 L
3185287 R
9514892 L
9586243 L
Down
1198244 L
558418 R
2460667 R
6609598 R
8431572 R
8920981 L
6651440 R
1109200 L
6916886 L
7081210 R
506257 R
6864629 L
4848481 L
3707053 L
7026391 R
4077741 L
6832426 R
Down
Down
7975941 L
5100658 R
1500642 L
1475297 L
6680687 R
3762461 R
4385387 R
2212770 R
2509205 L
8904284 R
3821545 R
7167779 L
6713710 R
Down
1482724 L
8749590 L
4343420 L
9536096 R
7970188 L
3355738 L
1676020 L
4308210 R
2911903 R
3134165 R
9590132 L
5642693 R
3901353 R
8484034 L
4242961 L
724948 R
Down
5930398 L
6877399 L
357562 L
1045711 L
7317992 L
5356589 R
1238832 R
900929 L
4232248 L
5156032 L
3316564 L
8124459 L
3690797 L
8468213 R
3723011 L
5356778 L
6475163 L
9906569 R
1322197 L
4192609 R
8143709 R
1114649 R
8186672 R
9040382 L
2672199 L
5617966 R
9109978 L
731880 L
398339 R
Down
3468139 R
7920694 R
6782723 L
510562 L
2791677 L
9353443 R
7254043 R
9769559 R
3029416 R
3535927 L
5949109 L
795261 L
3700425 L
3017105 R
5820559 R
1465639 L
1794311 L
3223664 R
3936355 L
5376916 L
2774246 L
5118094 R
1868359 L
5000245 L
1698015 R
6584147 L
7512966 L
7106986 R
6365378 L
9580539 R
9351210 L
5372909 R
563826 L
5752514 L
5061557 R
187682 L
9406601 L
8242933 R
9316862 L
8596668 R
3700264 R
6978501 R
8107364 R
6185131 R
4565744 R
4895904 R
Down
9696471 R
5279506 L
3278166 L
7607281 R
5629268 R
973374 R
2527288 L
6910449 L
1292279 L
9281474 R
7891969 R
5090375 L
4183716 L
7515375 R
Down
5563409 R
2137859 R
4784381 L
5718399 R
3142449 L
6652572 R
5816274 R
2354882 L
2319586 R
5090368 L
1609206 R
7113207 R
6203879 R
3075391 L
6222365 L
2650962 R
6772234 L
7227352 L
6651094 L
5125789 L
5244730 R
7369352 R
9557635 L
6407789 L
484336 L
3019414 L
4693737 R
9671196 R
6657353 L
439669 L
5178207 R
763814 L
Down
5495681 L
1814321 R
3979328 L
1338291 L
4459046 R
1684028 R
8193659 R
3242162 R
2716999 L
8564930 R
1213056 L
4573435 L
4268933 L
6177431 R
9152711 L
1606642 L
6245120 R
2381240 R
7187404 R
4025608 R
7542775 L
3802466 R
493707 R
3768226 L
8782455 L
4307212 R
2182940 R
7616260 L
9348760 L
5597508 R
7757338 L
4262257 L
8163233 L
4101567 L
4352094 L
35923 L
7678220 L
3886442 L
6941400 R
6146693 R
3661987 L
5467140 L
1872142 L
7797330 R
5274666 R
4103519 L
5523530 R
1186329 L
6481696 L
2741620 R
1394382 L
1590020 R
2100391 R
5648600 R
4094734 L
8020478 R
398473 R
9420344 L
5758349 L
4833247 R
8232707 R
4817419 R
5907250 L
4335830 L
3678487 R
8224536 R
3444652 R
482620 L
3537200 R
9419165 R
9171883 R
2537038 R
1650106 L
Down
238486 L
8230549 R
847167 L
5189794 R
5342780 R
2711322 L
3831096 R
7128442 L
9349981 R
8148722 R
5867289 L
7517389 R
6916947 R
8336700 L
8099824 L
1572099 R
6058409 R
7780379 L
3125877 R
9541989 L
1741671 R
3834087 L
676340 L
6624689 R
7745615 R
6959784 L
4503336 L
5901503 L
7580231 L
1855042 L
6562867 L
3454672 R
Down
4727395 R
8532415 R
6038684 R
4952199 R
4475609 L
2607370 L
1990878 L
7350331 R
7698081 L
7978313 R
Down
2171528 R
7873556 L
2936791 R
6025410 L
3484491 L
Down
1622870 L
1576192 R
8007635 R
7183509 R
5215614 L
435139 L
4977800 L
4429004 R
2666778 R
5223900 L
4032087 R
5737949 R
2742077 R
4143644 R
8303126 R
9173554 R
1863308 R
8417145 R
3982951 L
5079205 R
5649638 R
1119334 R
2277215 L
8210988 R
7340505 R
8335009 L
1749834 R
2658906 R
3325690 L
1780159 R
2588109 L
6468431 R
7699910 R
5517388 L
5033459 L
9677823 L
6242336 L
9810861 R
5893894 R
5532803 R
8123910 L
4918514 L
6372659 R
5304221 L
3779293 R
1955404 R
4768553 R
2726198 L
9602869 R
7228612 L
2736330 R
2656147 L
6000298 R
3903684 L
7802344 R
2406055 L
2486434 R
9658152 R
9671650 L
5516994 R
5654809 L
3423379 R
342281 R
8554899 R
8186813 L
9209800 R
7906220 L
2727705 R
1150960 L
3489035 R
4624991 L
2645418 R
7156541 L
2532353 R
Down
7147305 R
2986698 R
7098179 L
2746832 R
3954974 L
367693 R
3356874 R
6496101 L
Down
3308471 L
7024742 R
7735710 L
1162540 L
5976584 L
7184852 L
8413976 R
5387525 R
1109752 R
6439637 R
4679983 R
4789651 R
925008 R
5794165 R
9837019 R
5229915 L
65775 L
1195636 R
9136775 L
3484089 R
8936350 L
8598954 R
9018776 L
2175306 L
6121743 R
6337242 R
7620302 L
5536108 L
1943063 L
9353970 R
9935355 R
6371524 L
2423429 R
216520 L
8401155 L
5713909 R
2791409 R
9283445 R
3788259 R
2936953 R
Down
1399868 L
6378189 L
7781958 L
5108688 R
1362434 R
6345480 R
6439486 L
110915 L
5637206 L
7308178 R
6778534 L
1103774 R
8295704 L
1363098 L
7370118 L
8242667 L
8733024 R
9178854 R
3366920 R
5625085 R
2153926 L
5831945 R
6117931 R
5757781 R
3303649 R
6878538 L
1402862 R
603209 R
1296111 L
5154352 L
9073103 L
4789770 L
5963958 R
7995817 R
386056 L
1315143 L
8782348 R
5634247 L
5083184 L
182811 L
7855860 R
5296758 L
6155112 L
4731595 L
5547079 L
3738737 L
1801992 L
1582225 L
6757748 R
3470383 L
Down
4329600 R
8605717 R
1426889 R
6692583 R
2841974 L
5817155 R
2614056 L
6628509 L
1622225 R
1352149 L
8739875 R
1511735 R
1097205 R
4573008 L
2833505 R
4903059 L
9900410 R
Down
1615376 R
453127 L
823157 R
2755359 L
5244202 L
2073934 L
5296655 R
7574088 R
7734225 L
1495580 L
7158462 L
8087422 L
5063008 R
Down
9620761 L
6069263 L
2594515 R
1023716 L
8337078 L
3652003 R
7830970 L
8658832 R
5333483 L
5193004 R
4469060 L
2445423 R
8616239 L
7347632 R
2915102 L
3248961 R
4438900 R
7501313 L
5606802 R
6345314 L
2030321 L
9196613 L
642643 R
3871153 L
3663852 R
7138170 L
7240038 R
1920070 L
5021668 R
9441691 L
1036677 L
8108320 L
2450517 L
1218043 R
815252 L
1570895 L
2784465 R
6218133 R
3616809 L
4755962 L
1755508 R
5756412 R
9616959 L
2084290 L
4564148 R
6107000 L
8876836 R
7133161 R
3436204 L
3281875 R
2723781 L
9078556 L
7604141 L
9649753 R
6623927 R
4453807 R
5041641 L
824297 R
8344521 R
8795014 L
545645 R
4108837 L
909963 R
5530717 L
6253659 R
9785993 R
3375917 R
7288703 R
9439594 L
6640385 R
265702 L
2903033 R
8497104 L
2268196 L
5606476 R
3692342 R
7451936 R
4672893 L
4443282 R
3363849 L
7282789 L
5264168 L
5597828 R
2438645 L
8055270 R
1407048 R
3672327 L
6617411 L
6613940 R
7714064 L
3219315 L
7083377 L
5374436 R
6973606 R
6007222 R
598045 L
6155606 L
3814519 L
4614691 L
2597042 R
435715 R
8982806 R
7950347 R
2878706 R
5160234 R
4068294 R
4310302 R
6599118 R
4004347 R
9805773 R
6582319 R
2209786 L
7120838 L
8169362 L
4518677 L
2806601 L
8169148 R
2641522 L
7631240 L
5179271 L
7543117 L
9830287 R
8465616 R
8083309 R
3637026 L
410381 R
5328235 L
767493 L
2758309 R
6947865 R
9698319 L
4267524 R
9136430 L
5313170 R
3932955 L
5709361 L
2243081 R
1322601 R
8071459 R
1298323 R
5179708 R
4503543 R
5639914 R
1527073 L
4411350 L
9908717 R
3848983 L
2878934 R
8689690 R
8689252 L
2794887 L
6808388 L
3765675 R
8360068 L
6819746 L
9303913 L
Down
9661920 L
1818527 R
1549132 R
8041563 R
8587087 R
2797948 R
8591605 R
8416603 R
7300476 R
5503648 R
1385455 R
2328270 R
2980940 R
955665 L
2836430 R
3719831 L
2976358 R
9210852 R
8509663 R
3004837 R
3995712 L
6579432 R
1870462 L
7073058 L
6873017 L
7051080 R
2236356 L
9627766 R
1105210 L
2342487 R
5408561 L
9145225 R
4416032 L
7465464 L
6546610 L
7546460 L
4967584 L
Down
1720674 L
1511861 R
736951 L
4340292 R
7331338 L
5350032 L
2537638 R
2821416 L
1383687 R
1600208 R
1984952 L
7798614 R
5162003 L
1547106 R
9668714 L
2162935 R
6392682 L
8284479 R
7733091 R
9636751 L
9793691 R
9241217 R
4148571 L
9699080 R
8928968 L
739144 L
3696071 R
9469282 R
7738739 L
9932391 R
1104778 L
879695 R
4465356 R
2116343 L
7390766 R
2045579 L
6004499 R
4399009 R
6035768 L
3908485 L
7137006 L
7099455 R
7848685 R
7713092 R
4826102 L
16 L
1735263 L
6409237 L
4692706 L
1241117 L
9347374 R
746642 R
7078433 L
8780743 L
5586240 L
Down
6202283 L
9287150 L
8522304 L
2866798 L
4700252 L
6372725 R
7172606 R
9000918 L
6381490 L
4900426 R
415062 L
7711418 R
5820634 L
9503779 R
Down
8898100 R
1888487 R
5143639 R
1139280 L
828501 L
6736414 R
6707658 L
9316828 L
3647516 L
7142543 R
162798 L
8343130 L
749049 L
9241362 L
3684626 L
6727027 R
5214759 R
3007261 R
3777624 L
695646 L
1916667 L
2126172 L
5520467 R
5167400 R
1995328 L
5983385 L
5680201 R
9482711 R
52226 L
3458757 L
7085877 L
443366 L
2651683 R
601024 R
5775433 L
5278731 L
6423991 L
5081362 R
8880055 R
3544699 L
3212704 L
1467980 R
5761802 L
4818096 L
9646146 R
3326129 L
8802580 L
9351927 L
2451509 R
7187478 R
Down
527785 L
5064803 R
2014089 R
500183 L
Down
7253272 R
8476567 R
6904490 L
680334 L
6372745 L
1172858 L
516814 R
4054274 L
886858 R
6568787 R
2481760 R
7282318 R
2915017 L
5377574 R
1283641 R
8015755 L
3561635 L
9476743 R
2873015 R
3864055 R
1395820 R
3770884 L
7736489 L
757099 L
Down
2583881 R
3148473 L
5634660 R
Down
5963217 L
2399725 R
315321 R
6340504 R
6107164 L
6390789 R
7785478 R
8598152 L
7053179 R
6900138 L
2631041 L
9032677 L
7285489 L
5910371 R
8457085 R
6930884 L
4226012 L
4900254 R
8899825 R
5701979 L
3574137 L
8347230 L
7854422 L
2480815 R
777106 L
3687128 R
1896603 R
3389984 L
4159566 R
6489908 R
6430276 R
2756696 L
8161711 L
4493798 R
1073747 L
9318221 L
6863835 R
1510230 R
896634 R
369684 R
4720155 R
6389690 L
4898954 R
7049010 L
7826382 L
2976920 L
Down
3007270 L
1291702 R
1331332 R
9637932 R
787231 L
1656098 L
2224438 L
8025623 L
5649683 L
5462716 R
5692920 L
Down
1300563 R
3515972 R
3058019 R
6304783 L
582961 R
1033090 L
8600249 R
8633149 L
2427525 R
4770905 L
8000276 L
7141942 L
8632961 L
3920344 L
9547888 L
3869696 R
3183554 L
4781438 R
2334304 R
7950609 R
1545629 R
6200469 R
1657089 L
3963551 L
5548181 L
3468733 L
4036118 R
6783176 R
6032597 R
4975920 L
2012396 L
704788 L
4438856 L
4696014 R
Down
Down
2097305 R
9996437 R
8065222 R
5260543 R
490430 R
1594763 R
9864946 R
7224553 R
4981839 R
4380817 R
2753288 L
7513397 L
1576436 R
591430 R
791475 R
2169631 L
2767574 L
1598068 L
173776 L
8228818 L
686121 L
7751477 R
7037571 R
8292501 R
6454666 L
6617845 R
3896974 L
3114185 R
8758283 L
9224416 L
3660543 L
5896335 L
Down
1102669 R
6742359 R
5579442 R
7205583 R
5620403 L
5469730 R
2195936 R
7361307 R
723817 L
2322258 R
2559690 R
3489063 R
Down
1937192 L
1713838 L
8014046 R
2945940 R
1670667 L
7019396 L
5284738 L
2354653 L
5922659 L
2229361 R
3244462 L
397681 L
3266785 L
6162978 L
3061345 R
7890905 L
2877595 L
9777897 R
1579332 R
1617169 L
8431778 R
1132744 L
7648907 L
4679525 R
8348653 R
2549107 R
1868381 R
1222228 R
4635231 R
3825812 R
8100385 R
7511924 L
6974234 R
7787055 L
8119971 R
7097584 L
8279667 R
2203051 L
4448736 R
1922204 R
1060116 R
1727285 L
3826071 R
Down
2123482 R
4648925 R
4158282 L
8310428 L
6277135 R
3409187 R
8936294 R
6109184 R
4306734 R
6550665 L
990784 R
7546098 L
9104490 R
2526337 R
8655043 R
6550412 L
4463705 L
2579172 R
6957159 L
6185389 R
3848513 L
9366038 R
Down
9922727 R
6974761 R
1727965 R
2412008 R
5789269 L
Down
6578071 L
7445451 R
965329 L
8275863 R
3054986 R
4899978 R
8274526 L
2067545 L
9983827 R
1809061 R
3370011 R
9916177 R
1520170 L
1576090 L
8892983 L
648437 L
6841138 L
3509396 R
5092094 R
6569486 R
8031237 L
4012985 L
3961885 R
4843671 L
5386002 L
2601824 R
2765094 R
1287388 L
1331391 L
3712277 L
8265529 R
5911192 R
8612274 R
7341121 R
9340006 L
7489786 L
Down
670825 L
7145234 L
6547334 R
3216544 R
8121174 L
7826808 L
2043645 L
1042129 L
844413 L
868216 R
4990681 R
7068080 R
8946851 R
4857786 L
Down
575484 L
5267268 R
3539505 R
2758396 R
4697227 R
799116 R
3171026 L
9323428 R
5033611 L
389858 L
6806974 R
2354299 R
3122266 L
3795302 R
576225 L
5157900 L
1612271 L
5128018 L
1101445 R
5710038 L
7016927 L
1458552 R
3455246 R
9352642 L
1779678 R
3591121 L
7590518 R
7743129 R
9547262 L
1730092 L
7482980 R
1203061 L
4800783 R
1366816 L
1190457 L
7682730 L
2004194 L
1858191 R
9330838 L
3728287 R
8424332 L
2411429 R
5550834 L
903627 L
3770370 L
4979157 L
2695993 R
8219230 L
20557 L
693939 R
8901808 L
3895345 R
8864122 L
5331871 L
3250907 L
5842056 R
4397638 R
7725011 L
7830262 L
5825420 R
6440599 L
6304826 R
5053785 R
1612918 L
5837791 L
8038977 L
9219554 R
5238696 L
3885814 L
Down
6239937 L
2792992 R
9795286 R
8152310 L
9074583 L
8624118 R
4946245 R
728416 R
2807091 L
3485735 R
3068179 L
4562250 R
2264428 L
8710989 L
4851508 R
2560742 L
6466332 R
6955961 R
6067971 L
1909440 R
5838318 L
6572204 R
5430445 R
4578616 R
8409445 R
4781327 R
2145912 R
1545451 L
8435819 L
3070702 L
4169337 L
8174504 R
9857360 R
335193 L
2687922 R
8078755 R
1015395 R
2832099 L
4106257 R
4413361 R
4295542 L
6078225 L
2632132 L
7649042 L
667429 L
7877547 R
4201123 L
159172 L
1256306 L
5785151 L
9183407 L
4210659 L
9166445 L
Down
4971695 R
6124095 L
7221869 L
602065 R
7497628 L
7353010 R
Down
7642166 L
8409216 L
6738259 R
6619243 L
6413230 R
6828676 R
6631704 R
7994864 L
908800 R
2024446 L
2342004 R
1802055 R
6783845 R
4403545 L
9281049 R
886726 R
3738842 R
5531548 L
941719 L
3523418 R
6857850 L
1802684 L
583330 L
5399165 R
1593870 L
6926499 L
5503364 R
7545941 R
730489 R
6839368 R
8082555 L
2487021 R
7554304 R
4116950 R
2430176 R
Down
1436204 L
7037300 L
4564563 R
3396194 L
1917087 R
7682036 L
8710268 L
7694142 L
1177440 R
3673421 L
92166 L
8995320 L
8180349 R
8934462 R
9491893 R
3972313 R
7214928 R
2687509 L
8830318 L
1769716 L
931971 L
2995993 L
984671 R
4299711 L
3630219 R
7425690 R
3081482 L
5881985 R
6668413 R
6835718 L
1509201 L
2647947 R
8749544 L
3235027 R
Down
7794241 R
1659436 L
2455744 R
8122834 R
4093908 L
Down
9631477 L
1971237 R
6932984 R
8839415 L
6607534 R
9362430 R
2646632 L
9279428 L
6419673 R
4414680 R
9580517 L
1484801 R
5082838 L
6132955 R
2162138 R
3063810 R
691223 L
6823350 R
2713091 L
7810679 R
9233117 R
6160615 L
869671 R
1149061 L
218602 L
3393192 L
1617506 L
711083 L
879426 R
9162662 L
6359576 L
8298571 R
5222004 L
2122171 R
6887419 R
5845066 L
Down
686039 R
4321558 L
7350040 L
4042247 L
4082931 L
9308567 L
6975812 L
4834818 R
1926584 R
3931296 R
1637180 L
9759974 R
281585 L
2827281 L
1415012 L
3744508 L
1573650 R
6631177 L
5933756 L
3344836 L
6548978 L
5286480 R
6559070 R
272689 L
7579552 L
2989926 R
3414782 L
5006440 R
3022903 L
220458 L
5564516 L
7783002 L
4615848 R
9355495 R
915835 R
7692560 L
2847686 L
4262284 R
4085539 L
7085194 L
1545702 R
334092 L
2351685 L
4919033 L
7986386 L
1801063 R
754415 R
5751228 R
5251609 L
6105945 R
6265569 R
8785835 R
9129900 L
2163060 R
1963503 R
1757047 R
9902941 R
4275277 R
2203155 R
6709861 L
6487530 L
391440 R
6931711 L
9103417 L
576771 R
6274777 R
5567975 R
Down
2851148 L
1498124 L
9832284 R
Down
8084734 R
6823698 L
7581425 L
8954594 R
2688582 L
4021418 R
1058261 R
8392784 R
Down
6862823 L
3206021 R
1161987 L
3231487 R
3910183 L
4305062 L
8701241 L
8871357 L
7363990 R
4300280 L
7670468 L
2358500 R
9361679 L
7547835 R
1700099 L
1989125 L
1962030 R
2934666 L
868422 R
1510097 L
1241832 R
2629953 R
8504230 L
2502277 R
3477919 R
9177147 L
7174487 L
Down
8439593 L
4105255 R
9814816 R
5021365 R
5519425 L
4078230 R
6127935 L
1947855 L
3216517 L
8622800 L
8698362 L
2945352 L
6605331 L
1323355 R
2223411 R
1912202 L
7665348 R
3102771 L
6043812 R
9075093 R
1176129 L
964171 R
8277801 L
4609332 R
7423526 R
8462007 L
6727639 L
5967860 L
7710763 L
8948038 R
5829623 R
7222774 L
8442060 L
1876898 R
7375684 R
9609039 R
3557572 R
768136 L
2503460 L
9842846 R
7953284 L
2445232 R
3631092 R
7210224 L
364297 L
7384643 R
7152787 R
3565543 R
3269258 L
4241409 L
8733226 R
2392942 R
1876534 R
5183549 R
3306688 L
4001591 R
8464306 L
2437832 L
1996530 R
6126627 L
4949896 R
9781984 R
373458 R
4581029 R
9075702 L
419171 L
2421299 R
3444973 R
8069032 L
2701232 R
1628494 R
6887267 L
4019311 L
1860386 R
8919957 R
1737360 L
8032156 L
4187682 R
3924469 L
7772309 L
5526702 R
1291416 R
7859795 L
2010901 R
1707003 R
4274858 R
4551105 R
2801962 R
5449197 R
304806 R
6597974 L
9172525 L
2446757 R
3988244 L
Down
9054220 R
2676403 L
7809244 L
5215208 L
5805074 R
5137240 L
5974775 L
3797125 L
7765222 L
3316799 L
6359400 L
7598135 R
2997271 R
7443372 L
5839538 R
8480462 L
8908872 L
1969017 R
6046766 R
7381065 R
3750434 R
9915013 R
8356332 R
3330328 R
1315587 R
4797102 R
6751005 R
Down
4175210 R
1711126 L
2117129 L
9910342 R
6688650 L
7105007 R
4492353 L
8759592 R
1291966 L
1610064 R
Down
6093020 R
1534983 L
8522285 R
8364107 R
1866254 R
583885 R
4914066 L
5083485 R
9672306 L
6789898 L
8776990 R
389064 L
8526415 L
7266829 L
7891733 R
7890207 L
949657 L
1780897 L
6423834 L
325478 L
2056067 R
2172963 L
2427686 L
3152800 L
4859069 R
3711495 L
7584517 L
6715901 L
8020406 L
129700 L
5736851 R
9524787 L
8338832 R
448326 R
5317336 R
7528942 R
5623592 L
211189 L
4534714 L
4909191 L
2907872 L
1073938 L
2424466 R
7219043 R
7191189 R
5056116 L
8186836 R
Down
5248625 R
Down
2080312 L
6107402 R
Down
107588 L
2339586 R
6699463 L
5136809 R
5953841 R
2918719 L
4580040 R
532604 R
3411314 R
770737 R
6684294 R
2990174 L
6356132 L
2677335 L
9430554 L
Down
1781029 R
1571350 R
2212101 R
720719 L
8036103 L
8024783 R
9979739 R
9654249 L
8629098 R
3179046 L
5863625 R
2121673 R
6689937 R
1026378 L
1321061 R
872978 R
3834129 L
7843712 R
1947287 R
7282245 L
4222734 R
6178593 R
9596137 L
5163483 R
2418131 R
3553415 L
9305416 R
3366368 R
9517046 R
3351128 R
Down
5956371 L
2091655 R
8864368 L
9991301 R
2268066 L
3999746 L
4669852 L
7060555 R
6878738 R
5872449 L
1625346 R
4619767 R
Down
4939101 L
1690968 L
1242082 R
60105 L
8021984 L
4455462 R
5806864 L
8723512 L
1997699 L
1765593 R
4886535 R
8759963 R
1714288 L
8533151 L
239129 L
6033535 L
5335809 R
6074152 R
6679092 R
8818970 R
2139256 R
7159664 L
6750017 R
2021514 L
6693767 R
1074071 L
6740568 L
9362445 R
4224819 L
6864385 R
8789171 L
1905038 R
1720449 L
8330879 L
760279 R
3701581 R
2808559 R
2018941 L
1375942 L
4797215 L
454852 R
4605889 R
1354931 R
8036186 L
1928968 L
4056610 R
3750743 L
7410510 R
8464065 R
7109572 L
2138403 R
Down
8712803 R
3899882 L
3382655 L
992034 L
7387465 L
3982032 R
3771562 L
1868313 R
4991478 R
9301982 R
934241 R
4932056 R
3790166 L
5990958 L
4215175 L
Down
3185696 R
5005998 R
5894312 L
1693181 R
6744989 L
2702941 R
8377257 R
5465625 R
5506829 L
4420331 L
9430387 R
4842137 R
964758 L
4270410 R
4496369 L
4590662 L
3918399 L
2754434 L
Down
8818003 R
9604562 L
3250481 R
7477022 R
Down
5423452 R
6245226 R
7240783 R
Down
6282588 R
6413726 L
Down
6032076 R
271855 L
7167380 L
3494537 L
641059 R
7509121 L
5688981 R
9647085 R
5416076 R
4780646 L
5273745 L
1036947 L
4957259 R
1660112 L
6733317 R
7548014 L
604625 L
3499247 L
2174464 R
7780714 R
475384 L
6359867 R
7356049 L
1188959 R
9435780 L
7632384 R
3761274 R
9664222 R
2699561 R
4163892 L
9819057 R
8094512 L
7950361 L
3607835 L
4216825 L
6637701 R
5288197 L
6660123 L
4578746 L
6277826 R
9098575 R
4965095 R
3983735 R
7659825 R
8925604 R
Down
6599679 L
4755771 R
7707060 L
6950378 L
3325639 L
6051399 L
3220210 L
1695100 R
6264604 R
1167186 L
3536354 R
2472507 L
7722102 L
6232215 L
4283756 R
8523625 L
5726846 R
1573388 L
1758165 L
3658996 R
8395189 R
7991197 R
2094989 L
3171341 L
423661 L
4131087 L
5571075 R
5320893 L
876520 R
Down
3006832 R
8825492 R
7328324 L
1255947 R
2459112 R
4583025 L
7581431 R
6420219 L
2657673 L
3006547 L
4584910 L
Down
1150254 R
4490653 R
2342568 L
1635501 R
883513 L
3230445 L
7209954 L
Down
7352337 L
2476571 R
4239209 L
4040301 L
1695515 L
5871011 L
8636660 R
6796721 L
6362063 L
Down
6679828 R
8598095 L
6302703 L
6708770 R
5692798 L
5979858 R
6712409 R
4033935 R
5747977 L
2597756 R
1233766 R
8730639 L
1680558 L
3283195 L
7582622 L
6852373 R
6694374 L
6227886 R
738423 L
7357042 R
533554 L
7884250 L
8934995 L
7768052 L
3984077 R
3211735 R
2615707 L
1418078 L
4934527 L
5147655 L
996219 R
Down
3877841 L
1728557 R
Down
5260812 L
8852859 L
9295282 L
7752923 R
2209968 L
4773722 L
2785124 R
9071995 L
7029827 R
412954 L
2907555 L
6169722 R
4297464 R
2709928 L
3174959 R
6897347 R
6380269 L
4090721 R
6154550 R
1115389 R
9037493 R
5975074 R
3204158 L
6063054 R
8775078 L
499677 L
272216 L
1411110 L
7082047 R
6886667 R
1712159 L
8027982 L
1392456 L
9399800 L
7023216 R
9017637 L
4701928 L
5617771 R
1039869 R
981231 R
6402134 R
7964322 L
2547723 L
9243855 R
7161043 R
4766551 R
4787458 L
9265816 R
5089432 L
7131636 R
3721404 L
1894999 L
5826094 R
7695679 L
5116228 R
8371537 L
4424794 L
2080640 R
1121816 L
5603320 L
3543304 R
1859360 R
1143334 L
3240043 R
392135 R
7800583 L
Down
6535625 R
2755347 L
8015664 L
303872 L
3039566 R
3769288 R
8256310 L
2844350 R
437129 L
4522634 L
7720002 L
6013414 R
8528599 L
5499626 L
4062030 L
7041556 R
Down
1977910 R
4634869 L
8339610 R
3662630 R
9239839 L
4544895 L
960882 L
5889650 L
3766286 R
3521665 R
7530437 R
7236743 R
3146291 L
687847 L
3119225 R
7520713 R
6830529 L
8587328 R
4951365 L
2981707 R
8451445 R
3521108 R
6030146 L
3235049 R
8817127 L
7601325 R
6547674 R
371362 L
6241191 R
6605803 L
796842 R
8919125 L
7239284 R
2868708 L
7482767 L
Down
9236282 L
4628501 L
2477059 R
4374068 R
5179814 R
119190 L
2430304 L
4153038 R
6428422 L
7704579 R
4027889 L
2432542 L
6538569 R
7795905 L
1554404 R
3810579 L
1080011 R
Down
9728853 R
1460460 R
6361536 R
8570481 L
5797962 L
7437888 R
1849124 L
8101352 R
1481220 R
4159470 L
539584 L
2767698 R
3878461 R
6705682 R
9628640 L
5044491 L
1235104 R
1602348 L
8768692 L
5412626 L
2713877 R
Down
8135091 R
2040184 L
3869647 L
4262449 L
9114835 L
1701511 L
5763053 L
7720145 R
1880580 L
2972223 R
4211114 R
3009297 R
6480898 L
9364842 L
2322989 L
5872326 R
5364969 L
1557574 R
7543726 R
7351349 R
7218559 L
9322284 R
6483576 R
1985482 L
8257797 L
1348776 L
393968 L
2172258 L
9406506 L
8983450 R
7589036 R
4645576 L
3450463 R
493446 R
5087852 L
6240374 L
4489989 L
5308448 R
8305324 R
95173 L
5553308 R
6319624 R
1577526 R
389401 R
8177913 R
4030933 R
7210535 R
7566669 L
285585 L
9377651 L
4833199 L
7000952 L
1214663 L
3140289 R
3209160 L
2827273 L
194406 L
5825627 R
5589356 R
8853292 L
6433679 L
1807993 L
1046076 L
3004353 L
8068597 L
6535748 R
7502368 R
1726642 R
1758781 R
996712 L
899883 L
1422663 L
2970240 R
5027263 R
6904456 R
823994 L
3966152 L
913247 R
5376106 R
555348 R
9391180 L
2526961 R
4090131 R
2532615 R
4918750 R
4969598 R
849340 R
9495577 L
7444520 L
1653550 R
1109805 R
8297523 L
3856362 L
9235822 L
4834285 R
3773342 R
4231048 R
8401528 L
7809691 L
6718446 R
8564647 L
3102729 R
1798270 L
540623 R
6169436 R
3971000 R
294128 L
4721425 R
7656811 L
7688126 L
3964344 L
7192095 R
6674985 L
Down
6209771 L
3961652 R
3451999 L
6677367 L
3008687 L
7409417 R
4935579 R
159566 L
6921861 L
2776646 L
363294 R
9964512 R
6796537 R
Down
1318702 R
4155618 R
5838766 L
2172378 L
1611537 R
2493193 L
8832536 L
9639287 L
3965428 R
1956865 R
4130752 R
7458671 L
Down
5959303 L
1268640 L
2784810 R
6275664 L
7761295 R
766351 R
1093107 L
6312806 L
1860810 L
7760260 L
6960705 R
1512065 R
4598698 R
9124688 R
7275562 L
4819335 L
419031 R
510821 L
7773933 R
4973244 L
6715289 R
8057284 L
5117782 L
3018574 L
3040145 R
7916022 R
4845257 L
8433457 L
7795157 L
6524283 L
2507558 L
4600476 L
2180805 R
3460521 R
4377499 L
2274927 R
6598377 L
5587409 R
9537589 L
8901722 L
2628409 R
6993517 R
9722891 R
4140891 L
1390544 R
5566191 R
Down
306594 R
5903276 R
7720332 R
614780 R
4687540 L
560547 R
4529896 R
2281964 L
Down
4894682 R
1231357 R
3812556 R
1556438 R
9095168 L
1907877 R
6102501 L
3995736 R
7512310 R
453761 R
6587430 R
265176 L
8775124 L
8464737 R
1246185 R
6025159 L
2565261 L
6476308 L
7945150 R
1857741 R
3432263 L
5350924 R
5433667 R
7097918 R
Down
Down
1066553 L
4806645 L
8505961 L
525284 R
8429821 L
6911695 L
Down
9548113 L
2198752 L
9510312 L
5405737 R
4844675 R
2617133 L
946907 R
7045182 L
6857407 R
8123344 L
8490666 R
8685309 L
2797170 R
4582939 R
4905636 R
4484854 R
3897876 L
7237606 R
9404458 R
8704959 L
2052192 L
3219476 R
8825794 L
1741755 R
1386281 L
2137677 R
428699 R
4922495 R
1506664 R
7910984 R
4427471 L
7962836 R
9595604 R
2945731 R
623074 R
7588090 R
Down
8214304 R
6736240 R
6822245 L
2584376 R
7722812 L
5350909 R
1043082 L
3773452 R
3833934 R
6611712 R
9829478 R
7165540 R
4724986 L
5612315 L
7841343 R
465873 R
5939684 R
4321996 L
9885225 R
9374830 R
3426871 L
5616714 R
9213720 L
5074979 R
556205 L
4763049 R
787113 L
2315960 R
3197899 L
Down
495526 L
30675 L
8669119 R
6529135 R
6351980 R
5188445 R
7504328 L
1992470 L
4667140 L
7131024 R
5412990 L
9208927 R
4447709 L
1855136 L
8042192 L
8106946 L
8943671 L
7530289 R
9732805 R
7128668 R
8271369 L
803958 L
4166455 R
8054437 L
Down
8937280 L
9585651 L
7467534 R
3051826 L
9466211 L
1128641 R
4517750 L
4603089 L
3834089 R
2231311 L
7409912 R
7746550 L
2225923 L
3085958 R
3989730 L
8831460 R
2769276 R
4920651 R
8754394 L
7818960 R
3472086 R
4286592 R
6321593 L
9924651 R
7114878 R
7532321 L
9009792 R
5561296 R
7284366 L
5172512 R
8137653 R
9310911 L
4442186 R
7088782 R
4580768 L
1613692 R
2599328 R
1186501 L
4468025 R
8839309 R
299166 L
9233816 L
5208118 L
6294973 L
2065709 R
2967649 R
869612 L
Down
9726381 R
Down
Down
2500522 R
2608762 L
9431565 R
4171462 L
6748963 L
3394153 R
7971119 L
2185056 R
7072413 R
5647500 L
5790612 L
1839241 R
1477857 L
2265462 L
7485800 R
4635801 R
8600880 L
1777876 R
4548660 R
574147 L
6109256 R
7643451 L
5534564 R
5814411 R
8326911 R
7509496 L
3066320 R
2645404 L
2887977 R
5206511 L
5343425 R
899127 R
1995372 L
5100186 R
3569165 L
7898771 R
1767074 R
1068988 L
5206085 R
5286672 R
5707924 R
1076886 L
6389942 R
4657365 L
5453030 L
8683954 R
1612068 L
641969 R
4752133 L
9137357 L
2503810 L
8995798 L
590514 L
5496505 L
5044337 L
4422984 R
2398714 R
9532806 R
3778558 L
1929835 L
1495566 L
Down
6217217 R
5037868 L
2825586 R
6206456 R
2683977 R
3337510 L
243997 L
6418108 R
4096878 R
9463415 R
7282401 L
6922798 L
7190412 R
5801921 R
6975487 L
3456731 R
8438224 R
1859350 L
3497861 R
3611247 R
7670818 L
626307 L
9369402 R
7339131 L
5996732 R
7638405 L
8420390 L
7657633 L
5048470 L
7029280 L
1414349 L
5601532 R
1221878 L
7636011 L
3693345 R
8144941 L
9200035 R
1002628 L
237759 L
4721230 R
1752198 R
3648437 L
2970939 L
2670777 R
1939839 L
6312134 L
3404766 L
3437811 L
6875251 L
501621 R
2872792 L
9755259 R
3540682 R
1905870 R
Down
2591170 R
6081846 R
4850317 L
3376019 L
9667778 L
3443753 L
7424593 R
6224265 R
3964569 L
8630521 L
782549 R
1941622 L
7487232 L
6600182 R
4252333 L
2398549 R
9673433 L
3484963 R
893638 R
4910034 L
3656058 L
9152495 R
9292377 R
5994674 R
3785686 L
5275078 L
4299823 R
7105498 R
4911994 L
8552014 L
3182958 L
6789356 R
2752954 L
9850503 R
4707826 L
8973680 R
6974531 L
1094495 L
885573 R
2662683 L
9698953 R
833087 L
4933344 R
2879797 L
5306235 R
7822183 R
4077824 R
2637371 L
5277610 L
2359515 L
3575001 L
8733383 L
7960912 R
8780419 R
2220446 L
7998371 R
6901027 L
2790957 L
7413134 R
5361588 R
9272841 L
3875618 L
6847791 R
9535033 R
1907672 L
3574564 L
5640626 R
6769626 L
9573329 L
7672691 R
8483271 L
852218 L
4364114 L
8067621 R
9211816 R
3624295 R
5824467 L
9697785 L
904611 R
Down
8390479 L
7928656 R
474642 L
2006018 L
4106324 R
4776294 L
7241747 R
866444 L
6001431 L
8928602 L
4881123 R
6648095 L
3744244 R
1143708 R
3430202 L
6179387 L
6279554 L
9236068 L
7672014 L
7240755 L
9442509 R
947268 R
9247699 R
Down
4349749 L
217968 L
6776425 L
9116977 R
422802 R
8085467 L
5362964 R
4242386 L
8882746 L
9672533 L
4355377 R
3866892 L
3064103 L
8537615 R
6166922 L
9219689 R
8137697 R
2527114 R
1559719 R
6279653 R
1561788 R
1896795 L
3000521 L
3762363 L
1221233 L
731928 L
5265184 L
7075898 R
1163916 R
1222230 L
2302369 R
654202 R
5368570 L
9079003 R
3275981 R
2765595 R
353765 L
5606468 R
3780518 L
4890447 R
1518971 R
4552644 R
7943631 L
8141797 R
4795704 R
8713510 L
7195826 R
8140862 R
123358 L
8255062 L
4650594 L
3048020 R
1340403 L
7499507 L
683517 L
6376096 L
5621143 L
2709629 R
2056513 L
6220218 R
1879485 L
4719190 L
5038421 L
5943111 R
5316157 R
593887 R
808920 L
6360551 L
3424072 L
8146258 L
9226537 L
6873280 L
8950236 R
Down
9665509 L
6525558 R
9314781 L
9347621 L
3727057 R
5740396 R
8097265 R
4882912 L
1588878 L
2898176 L
6006834 R
3331364 L
2295518 R
1045429 L
3575136 R
6282158 L
7853651 R
8891804 L
2533930 L
6277007 R
8454199 L
4201091 R
8609612 R
8799574 R
4399023 R
2770587 L
8279879 L
6700986 R
3554200 L
5931292 R
4639180 L
7371952 R
1254681 L
7604790 L
7384953 R
616718 L
898422 L
7510657 L
8804688 R
2228820 L
3945784 R
729405 L
9599347 R
5781483 L
7757026 R
836317 R
5716461 L
1835463 R
628059 L
931736 L
5190802 L
3692083 R
5698189 L
7055218 R
8338683 L
9093566 R
7985580 L
9277657 L
415591 R
8747275 R
4145924 L
9874735 R
1475167 R
1484273 R
1233989 L
8585214 L
7274964 R
5310702 L
Down
1350267 R
9020881 R
4336440 R
2358542 L
6001091 L
Down
1874134 R
9543604 L
3898935 L
1664611 L
4698247 R
355458 L
2463803 L
3447859 R
3572035 L
1446409 R
7980115 R
4046468 L
1070520 L
2075633 R
3293066 R
3548300 R
8573368 L
6658947 R
4964395 L
663319 L
5082454 L
7593673 L
6291988 R
7610956 R
2377451 L
5239391 L
7169038 L
1543725 R
734521 R
1419606 R
5371477 R
8123436 L
9454750 R
5983706 L
9245288 R
4108955 L
6937017 R
3424388 R
3698366 R
798177 L
2310274 L
2601363 L
2886387 R
4659325 L
7642474 L
1445734 R
4142674 R
Down
Down
5227395 L
1211115 R
2591706 L
5487728 L
6750934 L
1065193 L
3783134 R
8867466 L
Down
3520373 R
7378503 R
4220015 L
2610320 R
3682587 R
4587689 L
5657059 L
5400660 R
2401195 L
6782635 L
8003484 R
4982992 L
Down
4156374 R
3536258 L
7158413 L
6527823 L
9772812 R
9184467 R
8895832 R
564976 R
2131745 L
5326073 L
7867971 R
3760383 R
6510350 R
6330945 R
2605955 R
9229864 L
9146258 L
8167298 R
2195606 L
6531512 R
1844308 R
1895530 R
6259395 L
5734048 R
9536985 L
6660342 R
5997526 L
2971714 L
5372121 R
9232704 R
7086347 L
217050 L
2788869 L
9771135 R
9470658 R
2834237 L
5885811 L
629093 R
1574834 R
7880543 R
9561858 L
3076478 R
6983372 R
7068983 L
287046 L
5960257 L
3535989 L
3489509 R
3014583 L
Down
4896646 L
8806942 L
7291490 L
2527424 L
520327 R
2199021 L
8105490 R
7458358 L
1661492 R
8387592 L
1636109 R
3363040 R
2979951 L
7394445 L
7341308 R
4825737 R
1194310 R
8129307 R
3781887 R
7237067 R
7283936 R
9393670 L
9400265 R
1337677 R
2822594 L
323612 R
6955331 L
4250615 L
6193395 R
4262421 R
5098306 R
9266302 L
8656402 R
7487709 L
1136440 L
7066848 L
7778202 R
9076418 R
1058866 R
1192840 R
5931088 L
5284287 L
5325106 L
9956773 R
9813620 R
8763544 R
4341323 L
5051751 R
8914593 L
1948803 R
2967753 R
8554975 L
7691425 R
6159662 R
1799053 L
2685339 L
2361853 R
9472108 R
4502361 L
3265106 L
6051028 L
9437242 R
4175170 R
3898921 R
6782038 R
2217540 L
3318930 L
5990392 L
5666876 R
7396559 L
7700547 R
3470151 L
2894741 R
7533478 R
9633772 R
631589 R
5966369 R
4423057 R
8654963 L
4816913 L
9238844 L
4201400 R
3857287 L
8110619 L
4278800 L
4235753 L
6029226 R
3709494 R
5712463 R
1378702 L
5396164 L
Down
7577846 L
4853412 L
9927063 R
5107190 L
7236127 R
7505854 R
4357032 R
2282889 L
7391048 R
3528241 L
5334782 R
6716759 R
2492481 L
7020200 L
5583595 L
7451541 L
8916611 L
6082667 L
5290391 L
3865105 L
2424940 R
6823030 R
1381694 L
8691367 L
3210008 R
2587354 R
5358461 R
1156835 R
2563424 R
9127768 R
7117928 R
2641398 L
5319232 R
6852454 L
550341 L
425503 L
3724117 R
8140233 L
1754051 R
1993786 L
4260932 L
5875512 L
9715974 R
6209984 R
1399559 R
1294489 R
8715799 L
6465032 R
4106201 R
6347912 R
4477100 L
490935 L
2242169 L
5006306 L
1353001 L
6645302 L
8885793 R
8416939 L
9680131 R
6040337 R
1856623 R
4640302 L
9008667 R
8883397 R
1126232 R
7472780 R
6150219 L
8698649 R
7598904 R
4892010 L
6423299 L
3891768 R
8264857 R
8117637 R
9601017 R
5211029 L
1818485 L
5798825 L
2736798 L
729361 R
1847963 L
5099227 L
8790137 L
1447937 L
9636138 L
8019768 L
6714121 L
2877301 L
4956077 R
676755 L
8599854 R
1335221 L
7190112 R
4559468 L
5193559 L
5466374 R
2886500 L
4897859 L
3150986 R
7827412 L
3452110 L
6678338 L
432531 L
1808352 R
6917086 R
2927685 R
1496020 L
3843753 R
4812330 L
4074058 R
519624 L
8886311 L
7705800 L
7240376 R
9909741 R
9875123 R
6818165 L
9356405 L
7257931 L
5317177 R
6919620 L
7463966 L
8358760 L
5627563 R
5956420 L
1178368 R
4804012 L
4779484 L
6676026 R
1632327 R
1673703 R
6723684 L
7976620 L
3952992 L
6397175 R
3686878 R
7806158 R
5188665 L
9557384 R
2449414 L
6978016 R
1348228 R
8274159 L
7937260 R
1917352 R
4009015 L
2491331 L
3157350 L
2950475 R
296090 L
3851132 R
1456031 R
2962982 L
3390635 L
4891993 R
4327990 L
9733646 R
4462206 R
3184207 L
2235571 R
9573091 R
7197773 R
5078781 R
3258113 R
9629508 R
7972578 L
6899299 R
1710329 R
2317874 R
6757791 L
1697925 R
6279452 R
7191486 L
3037547 L
5549841 R
7092594 L
1148635 R
2054708 L
3437844 R
8710611 L
3088678 R
4792583 L
3660985 L
8730932 R
8305253 L
9149822 R
9113533 L
1913495 R
Down
9220865 R
6936784 L
8804993 L
2687444 L
4835744 R
6119439 L
6487639 R
1627762 L
1921089 L
3419167 R
392599 R
5406703 L
451709 R
6424890 L
755391 R
5833559 L
88636 L
5729116 R
7296473 R
9563429 R
7175153 L
4768284 L
1917894 R
9813150 R
441985 L
5077869 L
9563589 L
6553613 L
4123502 R
7089068 L
6188293 R
4102672 R
9630159 R
5160876 L
Down
1023851 R
2901999 R
5003982 L
8717642 L
5266904 R
7208191 L
3354560 L
144387 L
Down
8987445 L
1240070 L
9549797 L
9166404 R
2334429 R
1302853 R
3857576 R
7731623 L
1938348 L
4596241 L
8373928 R
3354559 R
7510916 L
9686536 L
2424668 R
1689193 R
2967910 R
4067006 R
8196171 R
2790785 L
3600461 L
Down
2241210 L
3330179 R
3678748 L
1808109 R
5087850 L
1849848 L
3870246 L
6230986 L
9013008 R
9889607 R
9469316 R
2697990 R
9268350 R
853306 R
2076706 L
7103532 R
529282 R
7353886 R
8498729 L
7982426 L
2061516 L
3568330 R
8383833 L
6644631 R
9224496 R
569273 R
8564513 R
6427242 L
6784913 L
4410975 L
Down
4999889 R
738871 L
3722088 R
4499896 L
5236955 L
2318552 L
9471069 R
9463954 R
2969503 L
Down
7136565 L
6813901 R
9995005 R
2958295 L
622952 L
6982721 R
5795138 L
4124324 R
1296192 R
1892261 L
2284227 L
8530357 R
1429489 L
4788459 L
58958 L
6458572 R
8846470 L
5088741 L
4041520 R
7081646 L
5261622 L
1110335 L
4178097 L
2446374 L
6675961 L
8885432 R
439285 L
1469252 L
4050309 R
1892803 R
1552177 R
5777177 R
6928009 R
9288421 R
4761978 R
7541659 R
7105309 R
6579456 L
3436396 R
8316575 L
3888615 L
4406320 R
6660015 R
7989299 L
Down
2868749 L
6907678 R
8700475 L
9166250 R
8130456 R
6779476 R
6248316 R
981581 L
9382626 L
7229853 L
8519910 L
953385 R
3411503 L
3450255 L
3248919 L
6890309 L
9612439 R
8351331 R
2990023 R
8371266 R
6004906 L
2997070 L
2251373 R
3482182 R
1151372 R
3253031 R
3536088 L
3972601 R
1282238 L
556239 L
2791855 R
7316851 R
2270417 L
7655965 R
3961514 R
Down
503069 R
2770926 R
6712500 R
1410267 R
8030368 Same
5422167 R
6089583 R
1282192 R
9721329 R
6388052 L
1856790 R
7811719 R
8036423 R
9828603 R
8990486 R
4132889 L
8903176 R
7876682 L
19448 L
7788758 L
4896161 R
284498 L
8978320 R
7197631 R
6232686 R
8676272 L
5360688 L
7870966 R
7455608 R
6220546 L
5952131 R
361035 R
1630735 L
4525096 L
8705267 L
7901210 L
9638485 R
7832672 R
5226506 R
7972844 L
5105919 R
5685214 L
404659 L
8164791 L
9168111 R
9058200 L
5712997 L
8962487 R
5702131 R
6247100 R
1847086 L
2639854 R
8611820 L
6636148 L
3946500 L
5436934 L
3295247 R
3716699 L
1587111 L
5947087 R
1850842 L
718389 L
1457239 R
9056309 L
4672946 R
1518800 L
9168208 L
5626932 R
7668469 L
1814839 L
5011431 L
8052350 L
1517330 R
1984319 L
5418217 R
1044255 R
676318 L
6683106 R
4195395 L
5534910 R
1398896 R
5570707 R
1608161 R
6470017 R
Down
6475205 L
Down
3684562 L
3511501 R
4017576 R
3445204 R
7115476 L
5958589 R
669297 L
6151318 R
5811923 R
7864845 R
5173203 R
1354926 R
3128617 L
9237862 R
5273392 R
7555289 R
1161488 L
3430803 L
2979415 L
4704708 R
1138161 R
7026868 L
8042615 R
Down
6294021 L
8588644 R
1339320 L
8078323 L
958975 R
4281990 R
7410676 L
4080949 R
8111014 R
4442866 R
728832 L
3114436 L
Down
9810080 R
8060959 L
9610398 R
8677423 L
9142615 L
8825083 L
9787495 R
9004985 L
1906089 R
332718 R
1298717 L
5973854 L
7225663 L
8659185 R
7249119 R
8164022 R
9306549 L
3945189 R
2967987 R
1567252 R
1691738 R
1243125 R
1756433 R
2967623 L
8288569 R
3362806 R
8745212 L
5620517 R
8996610 R
8854215 R
Down
2445897 R
1956208 R
6160795 R
8912917 R
5879041 R
7338354 R
4495526 L
4726961 R
7691437 L
8639595 R
2961143 L
5826627 L
6558579 R
8078260 R
3377521 L
3787872 L
9217185 R
815746 L
Down
4235258 L
5848319 L
754223 L
2371277 R
7684655 R
2098214 L
6087558 L
7051134 R
3699998 R
679093 R
7266443 R
8806804 L
3814906 L
814964 L
8025434 R
7745548 L
7284462 R
8311232 R
7243689 R
9595084 R
1368177 L
4189064 R
2153075 R
8191610 L
8013978 R
7679123 L
1706267 R
1226669 R
498673 R
7236503 L
8722349 L
2118534 L
1775906 R
553971 R
6515632 L
5429685 R
9293439 R
485215 L
875118 L
8720858 R
5210430 R
7466968 L
