140803
40006
-1
115589
180410
68002
-1
186119
180001
168005
188009
38002
118004
42319
168005
161060
165983
180001
108002
85489
125266
188009
3809
-1
108002
196239
132024
58010
64321
-1
58010
56233
21221
193862
98402
134255
32138
84109
198859
165052
-1
25633
-1
104381
132424
111122
-1
31295
4604
28066
180001
105589
-1
132666
44806
-1
46133
180001
146883
98962
118004
6803
182660
384
-1
85801
-1
114249
62066
-1
141889
108002
33581
-1
108403
102359
115201
163288
109423
29881
142651
194059
144689
168005
16858
58329
-1
160618
-1
4906
-1
188009
130621
-1
188009
144089
152939
161815
91801
-1
5686
14621
12991
108002
-1
148009
112886
108002
-1
158003
-1
65210
198929
51980
-1
60339
11386
-1
58409
168005
106990
80000
190669
40093
-1
100986
20968
54065
34655
91883
-1
50266
-1
-1
-1
126811
-1
25015
162005
61804
114025
68002
159161
30559
154811
180259
108002
-1
192459
189683
81611
6949
-1
118801
145429
-1
-1
1642
56242
160609
199195
159955
44699
118004
20815
91023
-1
118801
116159
184133
94803
3163
-1
180001
121906
-1
190486
120686
-1
51055
4541
-1
-1
101818
-1
-1
-1
30391
31190
-1
-1
-1
-1
-1
-1
81805
39082
148009
98822
64888
38498
188801
186568
68002
185261
168005
156805
148009
53386
-1
133351
-1
-1
189983
-1
182951
20452
184801
132045
-1
145381
15809
-1
180001
-1
98003
139569
186639
80000
143863
116458
185681
-1
48002
-1
185804
128125
-1
64210
132332
114493
125549
104801
81689
122233
68002
62242
-1
59883
188402
-1
82882
141089
32500
20245
155693
113381
148009
158383
5455
148989
11195
108002
58405
141551
140409
-1
-1
153043
-1
154943
192061
112082
100559
125495
-1
102404
-1
85826
-1
148009
118801
53089
55359
34063
148009
80000
80000
-1
83329
108002
-1
168005
138806
188009
146023
111821
132805
118004
14559
-1
-1
64336
84849
180001
14549
90325
136982
101999
-1
80000
68002
-1
80000
2656
85252
112121
142553
13569
80000
-1
-1
180001
-1
118801
143389
94539
181981
131300
85328
55801
61961
12918
145045
180001
108181
50444
5030
112331
40966
31051
-1
88986
49549
-1
62039
118004
118004
-1
16433
108002
100642
123931
188009
90803
34565
68002
188009
160642
191119
-1
105626
192858
-1
124255
108986
158003
-1
61804
112822
168393
-1
81439
118004
63202
168005
60429
169945
165805
58010
-1
136166
140099
89051
133883
-1
-1
-1
151831
150595
143863
136966
111130
104824
50399
-1
51199
118004
113290
4009
116329
-1
18541
166559
54601
116933
-1
180638
-1
80000
-1
92306
59659
144311
-1
148009
11621
180329
9053
58010
-1
108002
123636
29126
49832
-1
18002
108002
99920
96155
108002
-1
82046
142963
190081
118004
29483
118004
193190
-1
130063
-1
13519
20903
135829
148009
1531
29182
155165
59183
81439
10061
168005
106858
1826
92333
-1
188009
64564
-1
104840
150049
39133
142549
-1
41324
128465
58010
180001
35353
12251
90803
90845
80000
-1
-1
190922
38663
-1
154213
183802
-1
46803
5699
60283
80000
151241
136093
168005
-1
30643
6913
36391
-1
-1
109619
1209
-1
1453
-1
9840
11332
-1
48030
38693
-1
188009
1093
-1
61252
-1
109398
123889
26693
18002
40048
139051
-1
33802
144583
-1
148009
99445
-1
62801
30665
194405
29803
-1
193126
80000
9382
-1
169313
-1
84824
118004
-1
193513
158003
41131
90656
150649
110886
23612
-1
131569
-1
100250
155189
192569
-1
111623
14963
-1
58010
5469
-1
51055
158881
82426
-1
104065
128803
8000
110669
181809
32213
20959
-1
158293
186301
142543
14225
-1
180001
158003
66945
148009
60999
16621
-1
24
-1
184364
163433
141289
29149
188009
58010
118004
91639
148009
-1
98662
11959
181343
15845
199331
105359
61804
146469
93998
180382
38002
58010
114833
-1
145501
64966
11545
168512
64882
188009
-1
62623
196501
19802
163616
63463
21031
148009
181443
12984
49843
89843
-1
190583
128012
-1
26491
11143
133415
-1
118004
-1
10559
-1
68002
92005
-1
158003
150805
-1
33933
61804
-1
196804
148809
-1
-1
-1
-1
-1
12630
-1
80000
108002
-1
151831
161923
81589
28839
-1
95339
80000
136509
161050
-1
144289
105683
131161
-1
58010
108002
892
190126
108002
59063
19932
51082
108002
49549
188009
-1
-1
10923
190802
148009
-1
118004
184463
31559
54493
102166
158293
58010
160231
190391
-1
50182
11143
183329
118563
-1
143809
159833
156409
100663
168005
94391
160523
148009
15289
88849
-1
183089
182524
158843
-1
32030
-1
196810
4892
98846
168005
119599
188429
98689
168005
80000
84052
-1
49549
2521
148009
90366
104053
-1
195639
126125
169199
63589
-1
-1
-1
58010
133303
25495
191469
168005
166400
28986
12800
-1
-1
25163
-1
81218
146801
82241
-1
134489
-1
6122
182681
54415
132644
69439
118004
189493
89953
138802
69809
54319
83359
185984
185141
-1
99318
-1
80000
-1
143809
163906
84615
80
150805
186811
-1
180001
9363
199960
6038
12345
-1
68002
42626
60315
68002
199826
-1
118004
69645
82163
101939
168005
148531
180802
113266
83609
21481
2501
13060
166399
-1
68869
152821
168005
124805
-1
-1
118213
-1
30486
134165
-1
-1
80293
80000
-1
50515
141263
185153
182101
53591
103429
188009
-1
163469
148009
34339
143189
20486
158003
-1
-1
26281
180001
69330
-1
-1
-1
-1
118549
-1
80221
-1
53519
113809
-1
118004
-1
9941
-1
-1
122659
62110
-1
181061
-1
166622
-1
-1
32441
132695
-1
-1
51938
85906
160229
55801
158003
158003
180001
13082
181289
120889
-1
108002
2046
186811
58010
42080
196481
99131
81491
50555
38498
-1
135649
-1
62590
6803
165650
118411
162033
-1
68002
-1
158089
25030
86098
-1
49495
111059
-1
54289
158003
165805
-1
199999
4201
-1
31539
102290
-1
-1
218
118004
-1
-1
108002
90493
-1
139589
45826
98846
16553
26959
195353
12491
-1
125231
30169
36303
110242
-1
109805
19862
-1
151901
159805
-1
-1
166186
60293
182326
169039
29483
-1
169804
39122
-1
2641
154811
24532
-1
189806
58010
86029
-1
131161
159193
159683
135463
-1
-1
12800
-1
-1
59159
-1
104801
80000
48415
84481
15601
68002
129439
153345
-1
-1
49801
153611
90655
-1
154965
18419
55289
122369
182803
159263
168005
180001
2419
6515
168005
118004
-1
-1
68002
-1
98003
158003
-1
168005
103591
89996
59525
156089
-1
190363
162881
124802
196523
64822
93445
80000
193036
110501
-1
58010
30529
69809
14095
124433
4451
140803
44463
62498
148009
85429
58010
159541
59531
158245
163801
158003
53804
-1
16501
151993
40331
13844
6569
32866
154481
93883
122523
15161
-1
44458
99805
88436
-1
194665
185032
133244
83513
139801
152911
90281
-1
42682
185609
121649
10321
118409
68002
49331
43321
58603
161191
59401
128923
-1
160322
148009
161960
-1
-1
139801
30486
-1
4061
61210
121036
52163
-1
-1
28498
158633
138842
-1
-1
-1
80000
88399
55801
180118
12858
-1
133583
199930
108002
-1
1040
51062
124883
152183
155665
13931
193689
62143
168005
51131
106993
11630
155983
180001
183691
-1
158003
122401
91801
-1
196993
9683
156929
180001
116583
139801
62981
106180
166511
-1
-1
-1
16913
11960
-1
139549
5198
185044
-1
58010
-1
52883
-1
50495
180001
1205
13901
133932
-1
199058
-1
-1
-1
84598
-1
42122
63619
29299
92431
158003
3368
58603
-1
116553
108002
104899
-1
43304
112498
92049
49866
-1
35129
-1
11519
-1
50551
81065
80000
-1
48589
104801
135991
12329
103813
144323
88661
145889
135151
32440
108002
155389
16090
66805
158003
141095
68002
-1
140213
58010
146801
1286
42209
132999
188009
110809
-1
118919
108002
195333
161815
-1
185804
-1
58010
80686
9615
168159
68002
102155
100393
158003
81386
-1
-1
129491
32209
-1
60239
112289
-1
36923
195581
125609
180001
196309
180001
158381
-1
46803
68002
162821
-1
-1
191
58010
188009
80000
135181
68002
182209
-1
12590
3153
135323
129281
138046
22441
140915
-1
-1
199299
148009
15843
199999
180001
110809
156549
29626
53863
-1
-1
-1
55649
89581
158003
15945
-1
94951
58010
145241
-1
134581
129182
-1
45349
35509
148009
-1
193883
80000
31366
3943
416
151189
169969
181595
-1
112195
58060
122639
2501
142963
-1
-1
-1
59539
180001
188009
-1
52168
108002
58010
11281
20500
111845
44806
-1
41659
122089
-1
16636
58010
136389
34915
50665
18098
15551
182813
41663
180001
-1
-1
132283
80000
106399
61618
80000
103204
151883
54025
33266
25091
130805
-1
135083
-1
-1
-1
-1
168005
118004
-1
148009
144805
21341
38002
184931
56519
-1
-1
188009
156089
86131
63809
131809
-1
145659
-1
158233
148809
29658
118004
68455
158003
-1
122818
91265
59433
-1
-1
22949
148531
10103
165190
-1
105802
69029
-1
69809
-1
-1
-1
146191
3083
-1
188009
1398
104330
192293
180001
3856
-1
80083
144665
-1
100801
93361
-1
64951
90803
188009
-1
106084
168698
141803
13411
16400
129230
-1
152119
120808
185599
126241
58010
108002
58010
-1
49481
146633
-1
-1
194809
194011
122963
192802
29513
132805
-1
130600
-1
188009
68002
-1
89261
4622
-1
25260
-1
190345
135599
111322
182438
189806
-1
188009
188009
18223
68002
13938
22118
145531
64996
116583
101804
90030
121966
68002
162853
-1
99241
99805
130349
-1
26423
-1
80000
144689
80000
23003
-1
185959
120298
-1
128000
-1
-1
-1
58010
-1
144119
150083
45055
-1
152183
66455
168005
118004
33382
-1
188009
54039
66302
168005
3644
3809
163689
114661
63445
22462
188009
151009
28001
140321
38609
52480
11589
-1
5938
86803
182803
-1
62065
6611
-1
45364
-1
104318
43689
120119
18002
-1
-1
58010
-1
-1
-1
16633
-1
162005
125093
-1
44245
180001
148009
3083
-1
105382
1339
120532
-1
132805
-1
148009
53020
-1
4820
92440
80000
51803
-1
-1
85319
19441
-1
51133
21802
109082
102898
161233
94463
58586
142939
-1
144805
-1
126663
55801
165805
138802
23122
129265
55801
140089
80000
68002
48469
199993
-1
104621
158003
10909
102038
-1
150389
88141
129820
-1
29366
108329
28211
138802
169804
-1
13168
46601
6962
188009
112120
159683
-1
69366
124021
180001
68002
46660
119384
160501
153803
88331
148009
65845
123638
68002
168005
-1
88926
-1
169129
163813
83338
66362
168899
3226
88001
29803
23539
3039
168242
188009
2843
80293
181801
162262
58010
-1
-1
108802
135599
143903
-1
-1
92233
-1
34665
58010
168005
139569
1192
-1
186959
-1
-1
154839
118004
58010
-1
124669
113809
-1
158003
188009
94803
42526
89801
194405
196258
108002
-1
124951
-1
-1
131126
33251
138506
58010
142465
-1
-1
168005
58010
53138
144061
106133
25369
113011
150805
95359
-1
183539
158003
-1
121665
-1
188009
143201
164386
-1
186033
36319
12569
141829
130411
-1
188929
20245
-1
168005
34141
58010
180001
81559
108002
143113
100430
130531
135829
100915
168005
98030
116260
80000
139459
26080
-1
-1
110249
-1
112516
42046
64426
149255
88619
13882
-1
59804
12849
198641
10264
191693
-1
85689
190669
68002
102155
-1
-1
8
135019
58451
50164
42083
10345
158089
188009
182809
29965
96032
-1
26906
118004
163893
-1
161692
58802
103583
5261
108002
-1
180646
85042
58010
158003
-1
35891
113591
122600
193803
12345
39489
-1
68002
15439
168005
82882
58010
10532
16193
-1
-1
68002
12066
58010
-1
98153
-1
-1
123603
151055
58010
-1
-1
125683
188009
132859
199996
113095
122986
-1
-1
159191
188009
80000
84991
-1
126129
59284
96055
84495
38002
148165
93133
161026
182111
196046
88381
51803
135049
-1
136163
116183
194483
155665
199996
-1
106612
60331
10624
108002
12265
192802
104243
60218
80000
-1
155801
193299
122806
20836
-1
-1
181039
158003
68683
-1
108499
124612
112415
119366
158003
126345
136601
148009
108002
126969
3821
146443
69298
-1
106538
162055
158003
32645
85363
148009
128000
-1
151901
9820
30802
-1
20612
124210
-1
39082
80000
62438
199996
-1
66515
113639
160495
-1
-1
118004
148009
164902
132809
-1
199996
118004
68659
58010
3331
118004
41649
188009
118004
115601
154321
-1
18418
80824
80000
112501
148009
151043
118004
151813
106325
133583
165443
108002
68002
80000
158003
-1
-1
134581
-1
196369
10321
8458
138982
-1
-1
1681
150189
26560
160801
38183
10929
45623
95339
43439
-1
-1
91695
-1
49398
160313
25495
158003
196291
58010
188533
-1
141689
89293
118004
68002
55383
108002
-1
59531
158003
80000
95801
142421
26819
108002
164644
5003
21802
80231
68455
-1
189386
46153
120110
189906
-1
68002
-1
-1
-1
-1
32128
59439
-1
51061
148009
143189
165161
-1
-1
59403
-1
180001
68002
-1
111593
118004
194303
55229
145099
103421
149801
-1
-1
20593
141181
134209
25240
164048
128638
110338
195803
46286
-1
95695
195133
85042
113483
18253
151939
2306
-1
132805
148009
113882
9619
14621
16922
128803
38621
46803
38002
110045
108439
-1
-1
-1
-1
53489
158003
44806
24666
46043
-1
130600
149101
-1
159389
169304
-1
95539
168949
132269
148009
139822
12524
143483
159805
80000
68002
109381
100501
95281
34805
110909
-1
41231
-1
100192
89329
158003
26882
-1
102919
-1
-1
-1
12151
34683
101216
6458
126389
93802
-1
-1
66039
121013
85801
180001
163589
-1
58010
85042
90033
181238
-1
153959
-1
133283
143809
-1
58010
163288
-1
86803
114883
145801
141343
169930
162989
-1
11660
143281
10039
180001
-1
-1
140803
54359
138923
103030
184819
-1
148009
-1
-1
180001
-1
30398
59338
121369
5164
-1
28813
-1
88001
-1
24209
46965
-1
68002
23921
113333
130363
56500
116863
-1
-1
102260
2902
32462
180001
88001
5433
30203
36151
135019
-1
118004
158581
146323
-1
168005
96566
21802
133160
182951
34883
168005
-1
110899
181563
181361
-1
144805
34805
161815
85906
136806
11419
110809
-1
124843
151043
-1
181924
-1
123449
40813
138052
165050
145589
-1
-1
160190
36
125983
86596
185089
22403
188009
66805
181801
-1
148009
181145
-1
145819
28001
-1
-1
-1
158341
133086
118586
106258
16319
-1
180001
-1
-1
181882
69611
164881
194039
148009
108002
164918
169219
-1
104393
154811
198412
-1
164482
186811
136849
-1
141851
132661
91801
-1
153443
89549
143929
-1
24333
20044
81233
131612
-1
44806
135019
148839
-1
66805
-1
115853
-1
8125
-1
1229
68002
151681
185569
6803
58453
99915
-1
62324
68183
192646
-1
25820
-1
110098
188009
-1
68002
46049
90260
58010
108005
168005
13693
186982
-1
43612
188009
-1
-1
120410
-1
58199
108002
26419
-1
102658
103583
190130
-1
160883
141851
49064
122533
181802
38002
83602
-1
158003
38119
40084
64802
53119
50803
146833
44281
30298
15881
25813
154695
80000
131098
-1
112603
44629
-1
1618
108289
189281
154999
-1
-1
138659
-1
66413
164482
148009
-1
184801
10690
31839
68002
51803
108301
-1
541
-1
84253
61804
-1
4931
168005
93089
149049
200002
58802
62943
88801
163025
113809
18364
-1
-1
-1
134489
66805
130882
122441
58010
88241
35009
115681
118004
-1
158003
-1
-1
-1
180001
86153
158581
158003
118801
194189
45218
180001
98359
80000
40359
81805
180001
159241
139589
39919
196283
139569
114459
162439
145801
39283
-1
-1
-1
154849
154589
-1
-1
42382
-1
129322
-1
199166
-1
168005
143483
-1
96682
68218
-1
123343
153509
146831
63803
108002
108002
158003
-1
105802
-1
55289
194809
118004
188009
4533
-1
180001
168005
-1
10480
-1
118004
163264
-1
131945
58010
109805
50059
-1
180001
180001
92200
88418
13809
-1
-1
111698
65060
12800
164386
35159
36203
93209
142529
-1
-1
-1
191819
121118
186191
-1
114403
63803
64199
25689
169206
120902
12266
184645
-1
28838
188009
40093
189902
101513
156593
-1
63489
22286
161639
80669
181261
151643
-1
5651
-1
13339
146303
92383
135029
196923
68002
-1
38002
198446
153383
29363
33961
149249
-1
11559
111595
148009
-1
3609
100651
-1
168005
168464
24469
120103
25349
49591
5905
96452
-1
159059
120808
148009
80000
155341
181862
-1
-1
20381
43439
180001
199993
10408
30661
64802
132892
188009
39439
148009
-1
58231
-1
103189
58010
58010
-1
-1
186451
16843
8009
52502
-1
168005
-1
144805
199802
6626
-1
152809
111403
61086
-1
-1
-1
182803
182110
168005
148009
144689
38538
186083
156489
82625
-1
-1
10802
136089
-1
165489
-1
91255
180001
125093
134525
156209
-1
64882
125938
81386
50641
166541
133013
59883
108002
-1
43019
180001
-1
124861
181515
110266
28433
188009
116266
32493
160933
182561
-1
-1
194141
29005
-1
19139
189331
38039
58010
188009
-1
106105
-1
58389
164881
-1
-1
168005
111289
148009
193082
10630
-1
161339
-1
-1
146801
6803
80000
108442
43933
153409
168005
139141
51980
83591
-1
38881
51803
-1
194323
180802
58010
39149
143345
80000
151
30589
113290
5965
85304
-1
46329
168005
18643
188009
58010
62462
4133
126403
124252
149581
129986
134683
148009
158003
148009
-1
169219
-1
53168
39383
10019
-1
30119
152809
-1
68002
169052
-1
192802
188009
15069
106226
-1
60863
161822
89039
-1
126913
119804
162802
80000
180001
133139
118004
11399
11443
146381
182803
-1
140593
168901
136806
140639
-1
-1
40648
165812
23099
25625
39443
49030
11329
61441
-1
-1
12566
95261
-1
-1
-1
135649
118004
5633
42989
180001
-1
108002
23186
-1
35681
64951
55039
88591
108002
143489
108002
68002
134943
104933
108002
39328
114249
49331
164386
165805
118004
91303
135239
108002
13849
148009
158003
-1
199993
118004
118004
180001
29690
160801
698
-1
48299
68002
150153
123866
139852
151043
-1
193106
82889
161992
93133
150659
56884
196629
121990
123833
129583
63803
98822
33181
124282
64802
39149
128803
-1
-1
182445
196149
-1
92522
126010
101963
138183
9910
43126
199481
99805
124492
168005
81551
165805
1319
180001
91529
188009
39019
108802
86929
190030
58010
148009
25910
118295
3083
-1
-1
42683
63809
8119
-1
68002
195815
188009
150805
19844
2564
-1
22583
169018
1810
-1
132690
161032
12605
39806
138463
139666
132805
61618
22613
10568
35281
102839
116386
86491
50564
136861
108002
-1
-1
103503
5018
125362
66502
128999
-1
113311
-1
-1
-1
14081
9683
15325
30410
39862
-1
128551
-1
-1
25969
-1
118486
148009
188009
148009
83483
-1
-1
56396
142145
13493
80000
58010
82664
119233
28426
193803
104050
1226
-1
-1
-1
12343
200000
185809
-1
32990
34089
42505
186262
158201
98846
139801
194303
135829
98636
-1
-1
184910
-1
180001
96058
-1
-1
-1
108002
68002
56893
130252
-1
-1
94049
68002
89801
168005
-1
198001
166246
193583
-1
-1
148009
128306
68002
-1
158003
160232
-1
-1
-1
-1
31846
150881
105323
-1
96959
180001
199999
-1
80831
-1
-1
24083
103465
-1
15415
150649
104239
58269
199286
169640
192931
108002
88593
14411
163151
168221
24341
61990
44819
-1
156449
91493
109441
44120
-1
62443
48401
-1
-1
-1
84166
113663
151089
20521
195159
131639
150649
44015
54809
188009
58010
118004
58010
188009
21005
-1
138099
131809
55623
92230
122533
114593
108002
99609
-1
-1
181836
29803
131996
-1
-1
148009
24439
49009
68002
48533
-1
9199
54941
115019
150833
-1
105832
124238
164530
109805
1165
49692
126443
126811
186593
-1
-1
-1
44963
142091
181238
68002
68002
24303
51539
183341
60481
106111
-1
3296
84160
58010
-1
154831
185681
188009
108002
40111
180001
51539
106198
144241
-1
-1
29293
-1
163433
42459
55681
98143
160553
135029
31202
62801
42655
158189
-1
10610
34519
38666
26686
-1
64196
80000
164240
61689
141803
59386
188009
-1
-1
-1
189209
54329
181889
44060
-1
194809
199993
68002
-1
101804
-1
-1
-1
58010
156089
136649
144805
92258
158003
103349
59095
-1
161992
1203
168005
-1
164062
41043
80000
45389
26905
58663
163189
63998
125429
135529
191089
-1
18562
162320
12613
-1
10601
58010
-1
-1
53299
14509
-1
41801
6551
8000
124930
-1
39489
-1
98186
140249
55381
-1
116086
-1
118165
92523
99159
122806
182345
39131
82430
45455
38389
-1
16291
51809
92605
150805
61601
54269
-1
-1
155189
-1
68090
54809
38002
184829
112006
184089
180001
111862
198029
92563
196661
116646
24520
158003
134431
38461
90803
48806
44995
69095
103953
186566
188009
68002
103013
68002
49663
144289
19931
188009
160086
143131
-1
60811
159995
13591
11990
193082
128906
110881
199999
21491
68002
68002
-1
-1
64825
191965
158003
883
140423
66363
104801
149249
148009
-1
36391
68002
168005
-1
96969
-1
181918
148809
-1
-1
-1
-1
23396
195803
-1
131658
191531
34805
135511
-1
61190
143981
99929
6893
93283
118004
83591
18863
86606
29018
139801
152461
88904
168005
121990
181891
-1
-1
136923
-1
109805
132611
-1
118004
168005
-1
159805
-1
11222
-1
58010
-1
35403
120962
116345
-1
145603
148009
130222
82330
93802
151993
184666
160589
143363
153133
45221
59366
-1
30013
-1
34859
-1
148009
183802
186229
-1
129669
115133
65966
55633
35569
99083
180001
83224
48002
183623
158003
158003
9606
6289
192802
118004
118004
180001
104883
-1
142553
-1
156805
199999
5242
20080
-1
118004
80000
-1
24869
-1
-1
180001
3688
-1
92102
188861
85601
180001
120383
108802
148009
55801
103982
80000
148009
155153
36082
132845
-1
53120
96189
108002
80000
142619
-1
103639
99284
-1
158539
12986
103503
-1
186244
-1
-1
132829
4159
99650
130369
13499
198001
123932
104996
82553
8482
35963
168005
-1
23203
-1
142619
-1
-1
154811
-1
-1
-1
98529
188009
35303
155693
184801
51932
126811
168005
-1
80000
6961
69809
136659
26443
150991
-1
196369
196519
40099
81533
158003
161992
46803
131603
160189
164069
182396
-1
158003
195803
39153
-1
103839
2463
118004
181801
-1
153469
23866
-1
-1
194969
32089
180916
39129
18609
95101
98003
113986
51206
191153
88069
19583
-1
-1
131248
34883
1300
-1
99098
131483
24551
58010
101288
130805
61681
-1
-1
-1
61986
12910
-1
28283
80165
148009
153983
35589
53120
124989
141269
56186
141803
152899
162989
80000
-1
180920
51491
-1
168005
118004
24389
2353
38002
146423
112163
66252
181495
138682
10299
-1
-1
199099
188009
180361
48250
143183
96290
-1
6599
105523
90910
41641
165805
-1
131389
58066
180001
13453
-1
113219
58010
123612
94421
164282
160801
80293
-1
-1
46803
138181
-1
68002
68002
168005
165043
101903
109805
119318
106682
56230
64682
-1
41381
35303
164524
10303
81953
2095
4918
189421
-1
94645
93461
118004
168005
11159
40990
104990
-1
-1
191969
108881
-1
10510
-1
-1
48311
130805
199105
144461
188009
38436
150293
42565
180001
-1
54829
42986
-1
101681
1129
65215
48319
23509
33130
158003
-1
66805
39826
129849
102159
84430
-1
188009
-1
125240
94513
120418
48806
13933
-1
-1
68002
60211
26823
28699
108002
43613
30633
123212
82000
48016
188009
9311
111686
50408
80000
-1
188009
-1
125969
-1
161131
-1
139989
106319
112499
158003
165364
36353
31033
-1
68002
-1
116330
-1
80000
22961
80039
161589
20030
-1
13220
180001
193451
90382
181126
5983
143593
104801
-1
120488
-1
-1
31531
26086
118666
-1
158003
80000
31202
49222
-1
131883
185804
132805
-1
93066
24504
8983
118004
509
90631
164699
84866
96198
33802
81019
-1
58010
990
106559
168913
-1
-1
-1
148009
118004
96036
-1
125605
143131
46309
-1
118004
101386
68458
94803
16291
146099
10690
158003
9223
151813
-1
-1
156389
199999
9689
88118
-1
133541
68002
-1
-1
26419
113209
95093
68002
141803
125063
148009
-1
112582
55823
50408
-1
116488
53090
180001
-1
80293
2189
15803
41589
114641
138858
108002
189841
49991
-1
186811
-1
193924
16689
148009
2131
85313
109381
150989
190802
-1
-1
181389
16459
91046
114449
-1
186083
94513
108026
166099
25099
-1
66533
148433
143951
-1
-1
-1
158003
151813
13513
-1
169219
89569
98480
54199
62099
41161
52201
188009
6602
158003
-1
191441
11129
199618
-1
48806
188009
128320
58841
28055
152293
148009
61666
14183
158003
182803
-1
182681
65255
158003
98846
-1
148891
108002
55801
59804
166918
90609
105008
183238
129386
-1
188009
49515
95041
4519
168005
-1
180001
168005
10529
-1
160583
49481
129986
59305
180640
-1
8318
-1
200000
136883
606
168005
181595
168005
95409
13883
160233
180001
80000
23242
145801
149559
128869
-1
-1
144805
114593
151993
-1
185551
36362
148531
180001
-1
96581
53056
25204
58010
40615
-1
122806
118004
-1
14443
25939
165805
122806
194681
58010
19989
180001
94121
39953
36461
125495
59282
49310
80000
45802
103143
118004
198095
-1
96963
45280
80000
136806
156489
4215
80000
184022
81805
140321
28922
45363
6464
103055
155633
168005
-1
-1
-1
-1
53611
168005
148009
198082
98359
168506
180001
11300
112559
64802
-1
13102
56818
150583
169640
-1
-1
118004
-1
-1
122596
155633
88951
54983
38002
98809
2129
10802
180430
153949
168005
118004
80000
-1
-1
-1
59489
168005
6145
-1
-1
8123
-1
-1
135389
-1
19449
1290
133981
180001
123364
101581
95131
118801
68002
133051
-1
65192
90665
136806
-1
109943
111686
80000
148009
148009
-1
69386
106363
98003
24145
185984
80000
132805
25820
83803
140445
-1
83441
111059
115609
65203
139106
48259
108002
122690
-1
198343
80943
168005
-1
8583
180001
-1
84520
115303
99881
144983
108002
108002
68983
11143
158003
-1
-1
3049
164812
138802
-1
66986
105333
181343
80000
108802
24139
-1
180001
52495
699
56023
18653
115293
-1
84069
19811
58010
12143
142969
158003
12800
129386
-1
108002
-1
9820
48250
65288
20122
-1
12011
185951
8000
3802
-1
142955
-1
68806
168005
159391
39966
108029
180001
953
-1
2645
-1
20848
82822
6491
135183
151451
96881
-1
68002
-1
191393
188009
33262
5545
68002
168005
108002
53369
124303
189983
68002
-1
148009
4993
116092
188642
43269
186699
168326
-1
158803
25066
-1
20459
-1
128449
-1
80000
110809
144661
-1
60530
81203
188009
128483
169210
25561
102086
-1
116609
154655
-1
180004
-1
-1
182990
58363
168233
-1
-1
99509
-1
50699
89681
615
124863
-1
89669
148009
-1
103102
145681
165245
34059
42682
132221
6803
199996
821
10986
31826
-1
80000
-1
12541
-1
-1
80000
20050
55589
64830
158089
45020
-1
-1
102686
89351
68806
106093
8252
100689
195913
-1
-1
198001
-1
-1
-1
-1
118361
160343
-1
96190
118004
51803
199018
-1
89303
188009
-1
82805
-1
162490
42401
139801
-1
68002
6998
-1
48002
34883
184286
156955
88883
-1
4583
-1
50104
66805
45595
-1
163393
188009
-1
98003
28001
150329
39283
143951
-1
166162
-1
13313
120412
123601
-1
136389
-1
103919
168005
160520
109805
82898
20186
101812
104291
108002
168005
58010
128290
121223
50889
159515
-1
168005
-1
62801
115399
108002
115049
152809
132982
124143
163083
118219
-1
-1
-1
69933
150805
143131
89351
-1
141803
126955
40189
199993
28001
110206
51551
118004
58802
195205
68002
3909
52198
45802
112582
-1
158003
152563
160243
128125
68002
108002
28351
-1
-1
108002
166319
68002
-1
-1
-1
151995
168005
-1
162025
20180
22105
-1
108002
-1
-1
-1
-1
180001
108002
161815
-1
131062
143053
180658
158003
32815
192249
128549
41539
106129
108033
148009
26664
183993
-1
82366
158649
180001
154291
-1
158003
180001
152263
119089
123889
118004
181238
169318
-1
158539
163661
-1
182681
184801
189059
138421
18320
14533
-1
163045
18682
50231
158003
158003
-1
86011
28001
160253
68806
158003
158003
128803
-1
128803
46803
-1
133445
-1
80000
6393
198029
61822
2460
169583
184010
99622
136406
143419
-1
-1
168005
53881
-1
-1
80000
168253
22502
192189
164408
155489
-1
21802
188009
80000
90399
-1
194059
36389
150545
-1
46819
86831
60481
140089
800
188009
148009
-1
195159
-1
158003
169159
-1
148009
159805
105625
103183
188009
118004
13819
153483
158051
94651
148009
68002
141055
168005
192043
-1
-1
146801
-1
136209
24212
-1
36586
140583
42440
156229
161591
-1
188009
68002
83101
123803
-1
-1
38281
28001
194409
146089
-1
49090
149
138001
59102
-1
29269
192265
124840
168005
-1
80420
-1
83123
68002
-1
92422
158003
5953
40801
21086
133306
141481
120693
422
68002
53951
1919
150833
163689
-1
112951
-1
168005
84884
166930
60091
148009
196323
135889
101449
-1
148009
126811
199996
141991
59606
40151
36691
29443
68002
58010
2589
108002
148009
-1
153421
-1
-1
150481
192184
163193
68002
10099
134041
-1
98263
59393
-1
-1
-1
-1
169160
-1
58010
11659
145081
80000
21802
-1
118004
12484
61804
2893
194003
124181
-1
138283
156143
80888
130328
186811
8020
1111
185809
121843
-1
112051
108002
13001
-1
166351
148009
-1
59219
2645
158003
-1
151423
88833
48481
80000
168005
-1
180001
44453
65441
-1
-1
-1
145501
46945
83326
106801
195009
188618
142693
110183
98003
6332
100645
33986
58010
133951
96353
136421
68002
52036
183849
181001
-1
60443
15383
-1
118004
58010
110183
53212
80000
121939
188009
11330
161083
4442
158003
80639
8000
131848
-1
94961
85999
80000
44806
2218
118004
91190
158003
140803
164224
-1
33310
83969
3345
188009
48812
180968
131269
110393
36682
168333
-1
58010
-1
131809
650
108002
96598
139589
163589
158003
108002
58010
163509
92458
9606
-1
139886
21002
-1
126993
80000
-1
-1
80000
108002
188009
58010
133153
68002
133121
54983
122218
-1
-1
28363
-1
118004
83659
80000
189281
154045
83290
21683
118004
49901
80000
58010
-1
158003
161493
4801
111323
44351
-1
4264
112900
100549
48991
80813
8339
120329
136932
28929
128000
105549
132523
83599
168005
-1
-1
199415
80000
106903
2519
-1
42682
103202
118004
4120
148009
90803
68002
-1
151339
105815
44806
115183
11643
16903
-1
133012
118004
-1
191602
194911
110953
80000
6560
-1
61804
80000
-1
151883
86413
59489
32051
-1
199162
-1
128389
186829
58010
89553
90011
-1
158003
-1
124923
55889
80000
180001
189983
26008
168005
-1
148009
148055
161132
61086
-1
119359
-1
143489
64559
-1
148009
-1
16916
-1
180059
140381
143651
-1
99241
58010
248
-1
-1
33331
88883
98963
129581
111866
181801
168005
-1
125389
103204
42901
91115
48806
122081
25499
95189
118189
184048
-1
4519
123239
161545
-1
116129
-1
40353
112349
-1
-1
-1
-1
111653
68002
-1
5683
168005
165181
13809
-1
146633
158003
-1
90659
-1
166561
11006
64511
66446
166669
111439
80926
159909
118582
109829
158003
81551
109945
-1
86803
-1
148009
80000
123983
188009
1910
-1
161032
168005
92503
124923
148591
104840
85168
-1
-1
62182
68002
58010
-1
168541
148809
2258
24631
181595
158003
139021
23399
-1
44341
16553
182615
168005
165625
3688
109805
182523
159045
63331
166323
-1
-1
44806
25659
-1
165693
119992
-1
16040
128236
60995
-1
58010
131183
-1
-1
55801
80000
61822
45826
151423
159389
15009
194431
95339
186811
59851
-1
118004
148009
-1
158003
-1
181469
2656
60693
-1
102449
92831
180001
10986
28283
192145
-1
195243
158003
168005
-1
-1
8383
123499
180055
118004
190829
83359
168005
-1
158003
168005
166262
198006
44105
4111
-1
58010
58010
166265
-1
168005
2049
199018
45455
153961
14489
180466
188009
188009
142589
18922
-1
-1
91226
108002
163288
188009
-1
80000
58213
46803
1599
151595
68066
86659
135083
85012
-1
18589
80000
186391
-1
118963
-1
-1
80000
5095
180002
26153
145563
28603
162398
148009
18631
192968
-1
69899
158003
68002
108002
-1
-1
58612
59183
-1
59351
54809
-1
190409
186611
132586
192323
33986
116968
22115
188009
-1
-1
8000
113809
-1
-1
118004
68113
91823
-1
18002
54391
52301
129664
145239
32800
134431
91801
80000
109339
-1
168005
121241
30662
158881
-1
94321
46653
164482
68002
-1
21901
166149
122986
68002
80000
199039
515
118004
-1
108002
60189
138002
80000
116198
199921
12310
84198
128683
-1
198082
112583
164393
150481
46442
1090
-1
164816
108098
46523
10966
168005
51283
51481
80000
126690
85361
142259
145213
64802
130983
144899
66883
180001
165626
68002
52813
158003
-1
115569
-1
15439
-1
-1
58010
-1
66805
55801
85599
134889
22424
155219
168008
85886
188009
-1
133495
58010
15913
-1
84562
-1
51203
108802
-1
18155
161195
-1
58010
109806
131111
149099
-1
16103
91811
129018
43822
131293
149911
31022
180001
44452
188833
29959
50656
98801
114265
41801
10315
-1
165161
-1
85249
-1
48341
28265
-1
139801
96386
58010
24368
-1
185323
31686
160801
9643
12199
-1
84866
146603
148009
158003
-1
120488
186299
58010
86803
52810
180309
161611
130323
64802
-1
-1
-1
199993
29026
61543
86131
168005
182803
-1
130205
19882
-1
50089
-1
158089
83591
118004
154619
166409
115809
113143
-1
22859
-1
295
181801
126520
80000
-1
80000
-1
39359
80293
83569
115631
149249
84115
58010
250
93083
188009
94509
-1
-1
-1
68002
66805
131809
180001
12440
99266
-1
89801
13966
-1
118963
129040
66083
196192
-1
180001
53804
19615
168005
116306
160639
18311
180451
18289
88492
138029
-1
148009
32418
188009
158839
83686
108002
134291
163109
30290
62801
148009
-1
108002
108002
80000
44011
-1
64802
68002
2699
136599
34015
-1
-1
18889
81805
-1
-1
22262
196990
-1
144805
145389
148009
9284
193989
146191
104113
182803
149381
89049
80000
-1
58010
106313
58010
64640
121063
153691
182859
180001
95461
96920
22450
-1
130805
-1
45953
-1
61543
181238
-1
40058
-1
81391
151189
109622
65039
156683
81689
199069
103939
28666
109805
198069
168005
68002
36998
41801
-1
141919
108002
-1
41663
-1
48491
-1
113636
148009
111031
152393
101399
26926
-1
-1
23053
-1
181039
100001
155405
68002
14081
182129
142165
68002
58010
158003
134443
186506
80000
56839
23302
164823
138239
108002
-1
123889
226
159101
135909
-1
93190
58010
106423
22886
58010
96445
43091
-1
53843
2131
116549
110945
-1
-1
194809
139091
80000
6212
-1
84691
-1
-1
38629
61804
-1
-1
-1
92215
-1
-1
159805
140501
44521
26921
118513
58010
64810
152839
121039
38002
16319
15683
12499
181252
185369
-1
446
101545
199646
-1
6283
158003
186149
144805
164839
115259
31141
153623
88609
154291
68002
151813
160801
91981
120821
58010
-1
196043
199993
135181
145619
8359
-1
142403
46105
101005
180001
182065
91019
-1
92215
80000
186451
-1
-1
29803
193082
108002
116182
196681
158633
-1
4019
10631
180001
9943
148009
-1
121111
108002
118004
181495
-1
186
188009
160323
121826
188009
163633
60511
195803
-1
118004
198983
90481
-1
68002
118004
189866
168005
6049
148009
180001
183661
66659
-1
-1
121882
85269
6982
-1
42830
-1
-1
58010
152311
-1
50993
-1
96409
180001
104681
148009
-1
140249
136449
145193
-1
6803
16319
86302
-1
-1
-1
36343
148009
-1
13220
-1
148591
28415
108002
191119
188009
188009
-1
24391
169969
82405
98003
80000
-1
168005
188038
-1
162584
18682
193803
188009
-1
-1
68002
-1
29261
-1
128803
148009
86012
126002
13826
68002
63803
118004
-1
21011
150623
24630
108986
188009
-1
188009
168005
119589
-1
-1
158003
18016
118004
-1
66090
-1
149423
151699
-1
58010
89501
154291
59183
105130
111883
-1
-1
44060
20422
19801
-1
166829
146649
5153
28893
158003
123241
9229
123623
158003
152489
10520
-1
-1
152519
80000
93911
23509
-1
8000
-1
33802
-1
56366
192629
-1
-1
-1
-1
23509
110651
-1
160883
129669
-1
124090
131858
108002
-1
158113
43609
-1
-1
108002
99181
-1
443
105913
-1
80084
116923
96682
168005
80000
58010
108802
134989
-1
53804
-1
31193
159629
-1
158003
118004
620
24859
191129
58010
-1
108803
89351
80816
55525
-1
126393
110329
188009
136481
-1
64630
-1
61459
83803
113521
113962
182659
68002
82429
69809
105955
56180
56123
-1
4415
-1
180802
2309
19045
68002
51698
40625
5563
-1
106084
-1
141139
116506
61511
181613
120660
194405
152093
10403
99898
-1
-1
111143
190921
63962
158003
26393
123269
-1
148009
68002
84046
109805
180001
148009
188009
41213
158003
105065
152093
45986
194695
188009
158089
120905
68002
44806
-1
50858
16806
25009
132
332
16193
165311
185501
80000
-1
-1
-1
-1
194141
23266
108002
118004
118004
24949
118309
189806
56633
195189
65012
36122
158003
192221
-1
-1
146513
118009
158689
58010
68002
10019
158003
25832
141089
49219
9186
-1
190486
-1
112538
36682
25945
61543
33339
140803
128803
148009
-1
160813
-1
119011
-1
112538
63803
-1
16483
21802
9364
168005
-1
80000
62045
-1
-1
123852
-1
9182
158003
18363
125803
32119
-1
28283
114161
29231
-1
120808
169844
119383
24212
180001
181606
51431
-1
33918
153215
-1
-1
-1
66099
1899
148009
88583
-1
165013
126949
58010
88339
-1
162584
46031
-1
122081
109010
100060
-1
-1
185898
-1
186811
148009
31223
-1
-1
186923
100411
118004
-1
181049
-1
-1
-1
86803
2018
184861
165901
-1
149699
58010
108002
6823
61690
194189
-1
52810
132024
168005
186838
186811
24126
-1
-1
186938
96969
55983
140321
46049
10139
22609
6199
-1
32581
-1
188009
100462
-1
183881
-1
102145
-1
139801
19882
118801
5164
-1
25321
141353
45803
46882
129004
-1
125641
108002
-1
-1
168005
-1
26389
54155
81353
56699
118004
124309
54983
-1
-1
80000
108002
-1
10580
118004
-1
140143
180920
102842
-1
118310
148009
136111
-1
132455
4859
-1
-1
119318
165605
-1
159463
123238
21110
-1
-1
-1
52463
80000
101693
86803
22586
631
12018
-1
192859
13809
184115
-1
143131
119111
164884
68002
-1
-1
68002
168005
186682
-1
96881
68002
41060
94693
84263
-1
141889
182660
-1
85429
68002
108002
168005
49180
118004
148009
122651
20642
-1
148009
99805
124863
142123
150139
148009
62605
108002
3113
28058
133683
143183
98801
123022
-1
30486
34805
165052
148009
-1
91293
188009
-1
58010
148009
-1
139852
-1
9283
50839
143329
59930
148009
134245
80000
8201
180001
81386
-1
48898
151813
96461
111862
180001
118004
188009
58882
126929
124318
100819
151813
138099
90803
199195
-1
62483
-1
99809
22492
-1
99805
116084
18933
161493
188303
158003
162359
150881
1223
192802
123842
139059
196408
33083
181603
-1
54263
131809
-1
198382
190262
58010
18393
156589
195803
53489
28802
-1
88331
6126
156889
29663
115939
130582
182803
200000
99881
118004
69809
46318
58010
32180
80000
-1
-1
128602
68095
22846
46595
10106
21313
-1
94195
83803
59324
156199
180001
50080
-1
-1
106105
-1
69941
105382
-1
46330
169049
105055
112291
80000
83561
10453
106102
130469
118004
-1
92445
188009
83381
152445
43319
94295
180001
46450
121692
38393
158003
138238
108838
-1
95603
89002
9689
-1
1543
164804
-1
-1
68002
125162
180001
135829
-1
181282
-1
-1
148009
60846
5231
105106
1951
-1
90803
98939
194809
-1
-1
18498
180099
-1
-1
148009
-1
-1
-1
158689
-1
8431
129802
-1
100853
132409
198001
158003
53804
14081
-1
148009
-1
31826
126811
151345
-1
-1
-1
-1
168005
68282
84589
23089
25283
149383
151289
168005
163465
188009
182839
90803
64690
182269
138802
5924
111869
188009
148009
111383
108002
182503
108002
88951
116689
-1
58015
111949
21901
89038
-1
-1
20065
8989
89801
33382
-1
58010
188861
-1
94811
108002
-1
143809
180802
69809
124318
36236
84190
168005
132805
128389
158003
33961
135389
-1
-1
150189
661
142699
68002
83591
29251
-1
-1
108002
24818
118004
9811
148009
182803
163838
-1
130513
148009
-1
135581
-1
109686
38986
168306
-1
139439
99206
22291
-1
-1
-1
-1
4426
-1
138413
43023
36604
111898
-1
39806
38621
23819
111802
64489
-1
88066
42496
168005
-1
158003
148009
29618
113809
-1
19009
80000
95483
21211
12196
39453
126545
56111
4013
12833
132409
180001
19098
640
-1
36398
49863
168005
-1
25289
151813
180001
21986
98323
-1
-1
-1
82805
99661
184469
158003
13332
25495
125803
181238
28481
-1
45986
108002
-1
109241
152615
-1
135083
102562
55823
190426
9055
95815
148009
-1
58010
180001
192849
153803
112162
129061
50664
190262
5830
158003
25363
134005
80000
82099
143629
150961
-1
118004
68002
42169
-1
26155
188009
124153
116398
-1
139091
11381
142183
-1
192923
182041
44260
-1
24209
-1
143561
-1
166863
118004
138641
180909
56500
134431
136046
-1
103449
164090
-1
-1
138122
-1
101293
66662
28802
-1
-1
-1
-1
148009
103043
66986
51481
96164
-1
19262
126023
180001
118004
-1
169691
-1
164330
-1
141283
156061
58010
-1
148009
188009
45242
-1
32999
-1
36353
-1
20131
68993
126626
108002
46695
80000
-1
188662
148009
31118
102645
68002
139651
-1
151831
29825
131809
35603
168005
168005
142349
89246
-1
583
50989
-1
63131
80000
168005
-1
139169
124883
80000
153623
-1
61253
39241
109405
158381
188009
-1
88359
68002
102664
168005
35681
189463
-1
162011
194083
194949
185089
196239
164530
-1
93283
21802
138183
-1
140519
46261
89086
-1
-1
160295
80000
120838
184213
198691
26359
22366
48266
-1
89459
18622
63803
180001
99083
139599
168005
102811
54809
118004
148453
148009
115831
62429
-1
-1
81419
90409
186918
19909
43886
142589
118004
48806
-1
43439
108002
-1
180001
48313
-1
-1
158113
89926
158003
109686
18121
159805
51539
13591
4646
86803
-1
120515
-1
193983
68002
-1
131819
-1
28001
-1
150301
-1
-1
33230
118004
95041
158003
105319
168999
180001
-1
-1
110438
108002
101599
-1
108145
118004
108002
6521
153803
-1
80000
85223
-1
160052
-1
9683
4666
10201
164341
-1
-1
62119
43091
-1
-1
-1
58010
48424
164938
168005
188009
108109
31106
30431
90803
25316
-1
40801
190061
183881
-1
-1
42115
-1
12382
158003
32024
168005
58593
51190
128663
118301
188009
25091
108002
110039
186103
-1
168005
-1
149381
81691
-1
-1
185029
58010
58519
80000
108002
146801
136806
181389
121018
138364
54923
2909
-1
188009
192629
68030
80000
21638
165553
-1
152681
94559
158003
118004
55801
61804
149689
48196
130882
126459
-1
199481
60524
-1
122545
61804
189163
-1
180001
33806
50803
118004
-1
8969
180001
-1
186883
56591
62431
3181
118004
100522
63803
-1
92419
105423
159683
58010
66883
105563
-1
185804
168005
49282
-1
168005
-1
6945
-1
65218
112843
4043
191869
49481
188009
34805
138001
143903
185282
108002
19049
-1
162905
111551
-1
45386
186393
188009
9166
21353
80000
96919
63589
-1
92945
50182
111493
183266
121165
-1
188303
83533
-1
120322
68002
168005
148009
195
16213
92200
-1
125249
135829
130818
125369
98656
18829
6469
-1
121853
118004
38656
-1
94995
25982
68002
131809
160289
149239
134489
116290
12233
135829
128153
158003
158939
58010
58010
54983
140803
68002
-1
-1
-1
-1
168802
189039
54305
106441
166603
68002
106432
48232
55589
118004
126345
-1
116290
115953
56290
51305
168005
-1
136903
144689
-1
3809
68002
-1
168005
152195
181918
106525
-1
-1
155921
-1
4421
-1
183182
-1
190643
-1
61441
148009
160801
80515
-1
11413
-1
190055
148443
191231
118619
132193
199982
51803
-1
-1
68002
150805
46559
-1
-1
191183
198106
148009
118004
-1
190803
118282
118004
35201
-1
59804
82393
94495
63015
156851
199411
188009
199996
113318
118004
81083
35589
66551
-1
116822
33802
133559
141803
188009
58010
148009
168005
139318
58010
56218
-1
150889
128000
188009
25309
56149
60481
196298
80000
119381
-1
-1
80980
149183
80258
29593
116255
58010
60290
-1
199218
58010
-1
-1
-1
84211
32621
188009
62260
31015
126006
53549
132103
-1
114055
-1
-1
39082
-1
-1
196089
93001
33802
54263
45483
121298
-1
28001
168005
-1
158003
189898
-1
89801
180001
80000
3644
142609
198929
9915
182681
140493
5020
101693
168005
152809
99929
-1
-1
91646
80000
86689
-1
180001
133423
162623
-1
53120
1966
-1
86446
26459
26389
89099
-1
188009
44264
92483
-1
89842
80000
818
136601
146639
-1
-1
55801
-1
-1
-1
125803
10025
-1
42412
58010
13859
155389
-1
-1
-1
91899
80000
129039
192221
-1
81905
-1
44260
14201
122033
-1
182419
51131
180001
116833
80000
-1
180001
99039
80669
-1
152183
122806
9533
80800
-1
158003
151813
-1
148643
186169
59593
103882
68002
118004
132805
118004
118004
120259
-1
152993
68002
118189
49229
-1
144241
-1
-1
51809
184460
5339
194809
90186
139651
112262
118004
118253
-1
193692
29926
2823
128803
39541
806
134161
20582
16145
125606
4330
41645
-1
52361
-1
39806
15005
19353
21961
50943
130019
63803
-1
153383
123833
150211
-1
91163
160663
116583
155291
-1
-1
51803
104045
39103
148809
-1
189463
168005
68002
68002
193803
119923
9616
118004
80000
80000
68002
98093
168005
180001
23866
58010
124883
12345
-1
99805
180001
129845
180463
-1
199996
110809
49369
124802
-1
125803
158003
-1
169523
-1
129263
111301
139313
85499
-1
118004
-1
-1
-1
163465
63193
-1
134629
-1
9059
118004
3421
40393
148009
23581
168005
153913
22523
-1
-1
-1
-1
-1
130805
151295
154293
51812
59006
3263
-1
56689
113098
21802
8011
38002
50930
149293
-1
20490
42965
-1
196081
108002
-1
126389
81589
136389
188009
180001
35681
145239
188506
24499
132659
196849
-1
165008
180001
55381
109653
90263
180001
21061
183812
108002
2
41801
135431
112418
160
16939
199169
108002
188009
144553
198001
4099
38621
49139
135829
104564
19163
193153
89659
148009
148009
133328
-1
24139
31910
89501
65684
5062
-1
148009
104030
120452
-1
66590
183881
143281
60406
-1
199999
108002
19339
-1
123509
158293
184055
148009
186811
188009
-1
96630
112198
82030
123
-1
-1
-1
99262
28389
53423
200000
4622
39489
122210
25633
128029
103316
90030
-1
184123
22886
18933
123693
166143
149381
193353
33802
80000
56149
64822
156469
102551
102415
200000
180001
13231
165881
109609
9609
68002
113026
148229
100286
199663
134559
188009
46993
-1
-1
68002
51481
46803
115809
122104
64986
100664
168005
132812
53812
-1
150805
-1
158003
188009
58010
30903
152809
16526
89366
12183
68002
-1
-1
1115
-1
82963
199996
188009
118004
188009
130969
48533
56180
153563
-1
148009
116458
-1
50009
30662
-1
32044
-1
148009
63559
115561
58010
-1
68002
8882
122806
132458
15439
198416
-1
-1
118666
-1
155801
84818
49066
111842
82322
32962
31139
-1
19823
83455
105389
-1
64129
105836
5403
135431
124364
143551
139306
51062
118004
-1
28015
89513
12518
-1
199999
23509
188821
5981
143863
188009
39439
168005
-1
83483
188009
58010
123603
52625
68002
43445
68002
160382
142309
191
42682
131809
9339
14461
68002
81551
103280
-1
-1
20639
-1
-1
-1
-1
40226
-1
15445
53804
151813
24445
148889
180001
154811
35101
118004
138382
68002
108002
152809
136226
48826
168005
118004
40639
119589
118004
26269
122641
5603
199993
148009
68002
48046
-1
81118
46022
-1
16369
128813
64921
80000
196408
138802
158003
88001
118004
-1
51091
8306
53203
5583
92845
25989
-1
148009
5599
190963
68002
63006
158003
109423
26822
108002
193483
36319
104683
18803
118004
162199
124186
195331
-1
-1
9902
118004
-1
133541
120808
142421
-1
-1
4430
99553
26318
156805
-1
64663
158003
120923
-1
39126
-1
11306
20290
131195
120488
156805
120488
-1
8852
24580
108002
56431
22886
116621
6243
155965
68602
112261
191042
180001
155849
118004
25199
26921
135431
46511
-1
-1
-1
120821
100059
155539
51941
100102
-1
55189
20099
35183
-1
90523
58010
194819
99991
56458
-1
142145
82903
134041
-1
135203
183849
135089
-1
131183
100666
-1
-1
-1
-1
158495
104551
56586
152489
26665
86182
80000
65503
5242
-1
4069
-1
-1
-1
180001
151483
1525
194483
108002
-1
31022
180962
-1
66601
100286
182165
3251
161984
136499
95605
22283
168005
132805
8861
-1
102482
-1
-1
181690
349
103606
188011
196013
14583
80000
148009
98846
133106
125495
28493
54101
58010
8000
153383
-1
180001
132805
-1
83183
58130
140803
118004
103483
108002
118089
160501
-1
12086
156011
55289
-1
42269
99181
188009
-1
98269
180664
4145
-1
109659
-1
181238
124366
26839
148009
150695
184258
111262
-1
18359
115669
125898
-1
52391
64811
1469
90199
-1
100102
59804
-1
-1
143881
119299
126095
28465
69653
80000
180001
909
-1
124329
59212
-1
83561
163209
-1
35403
80000
4159
104642
180001
82090
15493
52130
100059
-1
140899
53153
9665
-1
45013
4129
88449
45986
-1
51364
-1
124309
169121
39189
-1
111058
4059
102650
-1
158003
58484
134431
116524
52658
129886
168005
11819
83962
-1
193493
168005
25841
180361
8161
60806
160619
24559
63839
121591
10589
108002
190818
16959
188009
193082
-1
32269
-1
-1
120686
33319
109805
135151
168005
138319
-1
248
154811
1046
80000
164389
-1
69809
41050
-1
31699
62002
148009
88959
-1
-1
164698
51815
180001
38644
-1
-1
-1
18022
-1
192369
28283
10405
33832
41441
-1
108002
-1
16630
-1
68002
136393
1151
192019
-1
158003
92810
30983
-1
50842
108002
84124
96504
90803
34613
188009
-1
108002
158003
-1
55089
108002
193082
135083
-1
68002
54289
180811
49549
152809
54129
68002
-1
-1
36458
96618
100406
-1
168005
93164
184649
-1
115809
145801
180001
158003
192820
199693
48040
36044
181238
108002
106490
-1
156431
120251
181046
146443
-1
136869
-1
113066
-1
-1
1331
13165
116658
19389
139481
81805
10195
161815
161815
168005
148009
-1
109603
168005
110018
-1
58010
-1
120040
124031
163246
198043
-1
182599
104119
-1
192455
69565
41858
186811
11801
160423
64882
96389
-1
-1
51190
155345
58418
149183
-1
80900
-1
48099
-1
165652
49692
-1
188009
108683
3984
183019
115809
-1
80000
168005
-1
199846
-1
-1
115309
158003
60481
8329
190882
168005
53969
8000
6045
168005
8499
-1
32444
108802
181801
-1
58010
99563
-1
58010
-1
92818
129802
-1
140089
80000
143
-1
125333
-1
90329
53923
93243
11549
102145
-1
-1
18345
-1
188009
95111
-1
58010
158003
191099
136282
113089
32281
105143
124255
158003
168005
154111
81296
53953
54155
118004
119995
156963
148889
180001
162802
121624
66218
182423
19882
143603
68002
131141
53804
-1
163623
103183
108526
89801
104642
51859
123061
58010
-1
110809
18218
-1
138658
180001
102329
144805
89501
163330
-1
194405
48436
-1
108002
108002
41539
188009
-1
154265
188009
-1
-1
123260
62189
35051
-1
58010
105802
60866
-1
-1
159161
49663
4510
118801
58010
68002
95583
114963
-1
185366
-1
102568
161060
58010
38281
136699
86803
93902
-1
98003
62260
-1
8623
169181
180669
131023
141199
-1
46653
3313
32989
80000
-1
-1
39301
6691
104564
19930
180001
-1
25930
80000
62413
48838
168005
80000
92353
30502
6445
-1
168005
180001
148009
118004
-1
46882
38098
152569
135323
12883
168005
-1
160289
90186
80000
200000
185681
-1
-1
98003
-1
84515
63803
-1
-1
69429
118004
156063
118004
12205
4061
3165
59005
125803
48836
-1
129386
165443
-1
8000
89098
25939
124233
193329
94145
133066
45964
-1
196012
-1
118004
31121
136893
54101
-1
4222
15353
115109
-1
40591
80000
35641
-1
193
80000
100183
13809
50509
196919
181801
149183
151939
148009
155861
36011
-1
53966
128000
64424
-1
199328
-1
158003
110809
46526
80000
199321
104093
41341
158003
244
108002
-1
-1
88001
125803
-1
18133
-1
95131
108002
188306
83021
-1
-1
13353
165593
4983
93292
96251
192802
198124
188009
102458
198001
98080
19921
150805
99384
158003
194041
58105
-1
38492
80000
-1
113483
64802
38303
31029
-1
81128
59883
-1
-1
99805
2599
12893
54583
-1
-1
-1
68518
158129
180001
85186
-1
168083
80000
60001
146563
131641
120686
14515
149825
-1
56699
145819
65804
-1
-1
32800
118582
80000
-1
-1
-1
82681
156203
15005
-1
108691
-1
32090
150655
138001
62051
22364
51190
86161
58010
-1
86883
58010
163189
185984
58010
-1
168005
166053
58010
148009
158003
-1
112909
142309
189806
133120
69109
33662
61086
166081
56465
188009
49439
118004
-1
-1
-1
168005
165805
169945
132693
4439
5531
8403
188009
-1
5125
-1
48969
-1
18259
148009
-1
82805
52361
115901
188009
-1
198329
1852
-1
-1
53089
149939
68002
190523
-1
181822
-1
50669
182803
180001
180664
-1
44458
80000
80000
158003
-1
-1
132455
22229
114803
133583
46999
63383
104243
158003
152989
144061
129949
161009
191589
158849
94433
-1
108002
185209
6521
99529
-1
2593
168005
118004
-1
152293
-1
41086
118004
62801
24212
193646
59242
59804
58010
168005
146603
-1
105491
132306
125213
168005
15529
188009
62801
148009
121529
128000
-1
118004
168286
58010
86662
-1
158051
-1
156115
168005
156039
10589
164123
35801
21493
15529
86453
180491
16246
193891
-1
103323
-1
158003
52009
68881
123643
4801
151883
19903
51295
108091
199993
165805
68002
158003
109439
108002
180001
43369
102423
42565
191589
-1
-1
112610
111001
121846
80000
-1
142589
-1
20809
122329
12463
20246
126605
168991
-1
51941
-1
5801
-1
52420
13105
40463
-1
-1
165091
158003
-1
80000
180644
-1
141583
-1
110545
16291
161389
58010
25561
58010
168005
146801
8101
49328
-1
-1
-1
163601
141983
80000
11131
158003
-1
-1
162905
82466
161493
-1
-1
-1
-1
80000
168005
15383
188009
192131
68806
158189
115093
20509
158003
50549
60026
68002
-1
188009
110681
-1
124059
-1
131389
6833
108002
115891
142529
-1
134291
91883
123826
-1
-1
160315
55841
12424
68233
33821
66656
68002
-1
150491
188009
-1
118004
-1
45224
80116
158003
12938
135389
92839
-1
99451
2003
112921
25939
89396
24961
18040
9941
-1
18086
46045
19862
180001
148045
-1
55663
193803
43619
108998
40892
110433
194483
44806
114451
-1
112582
182803
45683
80000
181501
158503
24439
-1
1655
-1
128000
80000
21481
91258
148009
51161
68149
51803
4945
-1
188009
85361
39419
158003
35641
200000
-1
168005
180001
161822
131624
94331
26905
80000
38002
-1
34819
-1
58010
188599
124324
118004
59804
-1
180001
196804
48806
108305
113255
98405
81491
-1
153803
-1
-1
188009
164282
133153
-1
188009
4801
-1
108002
191183
-1
148009
58010
-1
118023
108019
168005
50699
68002
122648
84902
83561
145801
29030
98881
148809
58010
-1
-1
109806
141529
15189
168005
-1
98886
158503
161393
11589
148009
-1
58010
12612
-1
90962
125803
4801
108002
58010
11198
118004
158003
68829
-1
18290
16645
123829
19263
59183
80695
-1
148009
142889
-1
20969
182586
51664
14153
125249
18899
-1
-1
44113
90305
93419
180001
21802
190109
-1
34563
83183
92243
48589
110809
-1
80000
115683
-1
108002
68261
65630
-1
48806
14825
-1
128803
115981
-1
145381
23081
68002
112303
28433
12883
196162
-1
18502
152809
180001
180001
-1
169130
130261
198893
198682
102332
54195
108002
153803
-1
-1
58010
-1
-1
-1
60666
20415
-1
92959
-1
61205
158003
33006
180598
148009
68002
80000
46541
148009
51902
114109
63836
113842
100939
-1
46933
106438
56611
58010
184286
-1
184351
12800
136921
21149
100682
33886
15413
120566
188966
-1
-1
-1
68002
80000
32959
180001
168005
35891
101089
32488
132805
-1
140803
-1
-1
120401
9069
43999
111049
193364
168005
-1
180001
38002
-1
80000
-1
114389
51682
68843
24580
188009
101483
691
154109
138802
189386
-1
110699
38002
56618
82919
-1
13429
132100
29051
188009
-1
151423
168005
168005
122065
80463
-1
109423
34583
126869
-1
126041
68002
-1
106213
180191
158003
158003
188009
158003
158003
194431
200002
194569
61563
169483
182480
124309
85858
10240
49090
-1
82396
-1
59230
158003
-1
158003
49313
30215
116615
-1
189253
189326
158003
-1
158003
185089
191123
-1
148009
-1
-1
51809
4822
-1
5302
148989
21445
126389
51218
60623
-1
-1
42610
80819
48002
22846
21965
-1
-1
158189
-1
115643
80000
-1
16832
-1
-1
2419
106462
134529
39113
168699
-1
-1
126442
108002
151043
164804
45093
186644
165805
-1
-1
185996
163382
-1
159191
81980
42311
-1
39666
22999
-1
123009
42025
-1
188009
158003
61804
146891
94349
-1
-1
130015
128829
148009
-1
-1
199805
198263
-1
152923
155891
162205
68002
-1
180001
52810
133963
58010
185366
-1
6490
-1
149183
148009
14043
140089
80351
33130
109619
30161
118004
104483
-1
125329
23362
-1
31601
68002
159289
58382
-1
48806
103996
118282
-1
93283
-1
45989
81041
25924
36151
38069
140401
-1
141131
108002
168005
161533
44806
64091
80000
-1
188009
-1
91820
5563
68002
29269
-1
32800
-1
120202
25945
18959
43509
34805
88001
26330
82363
193082
52391
135529
52960
148009
124252
138802
-1
61813
148009
89801
191918
65413
58010
-1
-1
138029
133286
124022
154811
-1
30398
31415
66532
25625
19319
80000
108002
-1
84998
54289
14153
-1
108002
126493
-1
-1
100853
151359
192453
120066
182445
105115
80000
88801
138982
116993
80000
-1
-1
190882
168339
-1
168005
58369
-1
902
-1
-1
168005
68002
38002
-1
195059
103288
-1
68002
12566
130805
181595
-1
88001
21683
45615
68002
51304
156515
68002
131245
196886
108802
108002
59221
-1
66959
108002
60189
50105
9046
119398
148009
8258
-1
146543
-1
81646
80000
-1
180001
11629
58010
64415
108002
24595
15289
182690
58010
11660
-1
-1
141439
-1
25189
-1
55443
96443
-1
-1
158195
1089
-1
182081
149293
9069
181990
66455
89801
143903
120193
28493
2858
116104
31531
158003
48080
43058
-1
190433
123220
88883
155891
136691
112886
-1
12883
49449
163351
161493
59261
189293
68002
69109
68002
125465
12345
138001
40882
29251
68045
-1
158689
112933
188009
59639
160583
-1
21851
141269
148009
145801
80000
3821
168005
-1
191551
25166
-1
6665
158003
46329
-1
15619
69313
44984
26569
85843
8000
103055
196408
-1
-1
24389
166598
183493
164524
38333
16295
133813
106489
105313
83381
89359
20246
-1
31309
125495
152869
128803
-1
68002
108002
136481
121503
-1
69953
-1
6803
59165
158003
42004
118004
154811
35143
150805
-1
-1
111101
-1
-1
80000
31531
180001
98443
132306
58010
118004
44236
148009
148009
152623
39922
158003
-1
118801
39439
4618
133583
80000
-1
80000
89048
68002
118963
-1
-1
168289
6295
115459
113060
-1
80000
-1
110599
158443
55801
-1
-1
-1
18826
184619
2230
86486
94483
80000
108002
118519
81805
-1
88444
194405
-1
66286
51803
25924
88633
145269
109381
140605
-1
96442
80000
-1
48145
145819
129695
6933
-1
160249
-1
83836
13918
148009
11083
169298
-1
192480
55381
123842
185363
36151
58263
-1
86566
192120
180001
69886
-1
198001
-1
188801
161643
46803
-1
138239
9992
49339
132200
84086
142145
83561
36633
29525
20800
38886
180001
-1
119045
-1
190699
118004
-1
58459
108181
180001
-1
3229
169013
163838
-1
89282
129953
189226
993
152823
-1
26359
-1
133004
28921
31202
-1
-1
94645
156061
150805
-1
-1
63212
90046
-1
119589
146801
14489
116686
21086
113809
36966
68002
144523
3083
23330
-1
58010
133583
41911
-1
80000
80813
80000
35183
41593
30538
49255
146291
-1
108002
44189
853
48652
183619
53804
158003
-1
128000
-1
156805
-1
108002
148009
6469
38002
120808
85199
58010
141689
20408
59242
160306
15233
188009
132805
184598
-1
186306
80000
168005
118486
128563
52391
-1
183601
3083
-1
44026
185429
-1
163055
68002
-1
33349
68002
-1
-1
108002
101804
44806
3509
158003
58010
33632
-1
-1
188098
128859
38153
-1
-1
142325
140583
91541
154589
51803
58010
115293
63589
133201
183238
50909
-1
14923
148009
64012
-1
16804
93029
-1
108002
132805
-1
139918
9803
10163
80000
-1
68002
91123
12302
50128
20582
102061
-1
104206
-1
156805
34883
199669
100423
158003
-1
-1
188681
123601
23581
194303
105109
-1
155945
149011
6938
118004
188009
-1
190802
69659
124520
120488
-1
66523
109923
123841
185243
158003
154211
-1
46409
180001
124883
148423
182431
-1
168005
180001
80000
-1
86803
185621
188009
156409
190198
-1
8000
148009
142529
150189
10363
50129
34123
199999
-1
-1
195383
22951
141383
118004
93286
191801
151813
180001
108002
120
152381
58010
-1
-1
-1
8000
142153
69001
140583
148691
192328
180001
-1
19190
-1
13809
95213
196853
188563
100118
-1
-1
58010
190010
31090
120311
30091
9803
96024
152429
188009
-1
51166
68015
105802
169658
108553
108961
114281
-1
138129
199145
-1
-1
185281
104801
-1
26141
-1
44806
-1
168005
-1
58010
36689
44806
155153
118004
148009
181918
101155
196309
104995
-1
28090
143903
-1
111143
-1
-1
22198
-1
-1
2095
-1
-1
142889
6915
101804
9195
9589
18366
151645
15805
115589
168005
9965
185309
-1
-1
58010
-1
-1
51050
196652
-1
53300
14891
148591
118004
66805
53386
55569
34995
194189
80000
58010
3881
165238
59911
132663
108002
-1
192615
49331
90165
-1
185809
36884
105199
114859
-1
82882
168802
53230
-1
-1
-1
122630
16532
-1
93461
85209
42080
148009
61609
63363
-1
118004
148439
82013
28001
-1
91240
108002
125311
54045
158003
-1
188522
9661
96269
116549
83155
-1
168005
52691
8531
-1
-1
168005
1223
-1
96842
108099
2918
52363
40555
129196
32924
2801
68002
-1
85623
183989
-1
89669
80000
168005
68002
128818
-1
12800
-1
80000
135349
13823
188009
26249
105155
105969
110849
-1
149119
18483
58010
64013
188009
-1
198001
90106
-1
42193
180001
118004
192113
108002
158003
58043
33195
54193
152309
58010
141481
94193
118004
105249
-1
65945
-1
122410
58010
91618
38452
145519
-1
92553
166802
160889
-1
186488
22153
120808
14249
-1
55509
-1
125233
148009
168005
12083
-1
180001
119309
68002
6803
102631
122030
158003
83803
83362
-1
-1
43531
139481
2866
180805
2551
-1
68002
-1
60689
-1
121640
120488
10025
90841
34453
65920
93361
125039
116125
108002
12821
-1
151213
-1
-1
-1
-1
44
46598
126001
-1
30491
91045
29191
-1
142543
164041
-1
5216
-1
4801
66058
80000
154291
200002
54613
48656
92153
122986
-1
-1
54809
43439
-1
118004
-1
68002
-1
-1
20582
-1
-1
131809
128803
-1
49951
-1
86098
80000
-1
80000
95929
140803
-1
25138
141803
-1
168005
84631
152909
58010
82630
154639
106583
163351
158003
166149
59293
46519
135581
158003
28255
69330
1220
64829
28426
-1
-1
4643
142319
48038
80530
148061
84299
105955
23300
-1
46882
23509
148989
80000
-1
68046
85669
110402
88019
-1
54613
84559
131483
-1
132082
108002
134189
-1
130021
90309
161969
26255
-1
83932
104509
45826
108002
188359
22801
101804
-1
164240
96812
188009
113962
28862
125606
48196
51293
16449
58010
-1
161815
-1
189386
123608
158003
61804
188009
