4801
-1
1805
2801
3453
-1
3331
823
3802
3189
8161
-1
-1
656
-1
-1
992
9413
1801
-1
604
4220
9615
9382
3636
-1
9803
-1
6353
9995
9119
1280
4801
2801
9692
9812
1826
6821
3305
9803
9249
6658
-1
9980
4848
2326
4918
-1
-1
-1
6803
8240
2440
2048
9803
1086
5224
-1
8053
6464
4083
2882
-1
5290
1893
9421
9840
2339
6803
8606
3030
9001
1280
6584
892
9280
3802
1655
9208
9910
9091
1963
982
-1
5465
193
-1
1849
8921
-1
9302
-1
2129
5098
8203
-1
-1
9280
-1
1493
2683
1966
8524
3802
509
1801
9858
2539
2483
4903
4801
2381
-1
-1
9599
4801
2846
3963
5058
1398
-1
5801
3613
2180
1199
996
3802
1198
4689
8803
1145
8000
3106
-1
1299
3688
5981
-1
9364
2662
9419
6686
-1
122
8938
-1
4915
180
6218
-1
9609
8000
4882
5212
1801
-1
8821
892
818
318
3919
1255
4106
559
9183
2515
4525
5483
-1
2596
1801
643
-1
2899
8462
1801
2221
8000
-1
5281
461
4030
149
6563
3802
-1
3968
800
8846
4618
4646
-1
-1
403
1681
4801
2039
3802
2326
-1
3265
8000
-1
1619
3903
5683
5006
6886
-1
1223
2559
9362
800
466
-1
800
1283
800
8221
800
3963
-1
1123
-1
3386
199
25
6044
309
2801
248
3583
2105
5345
3802
3641
2621
6803
6131
1086
130
8642
4801
2389
800
-1
6189
1291
8000
6091
1055
-1
5638
800
5008
4801
3802
-1
800
1405
139
3581
-1
8408
4801
5801
-1
2945
9803
2801
5182
-1
9803
-1
1849
6830
800
1212
-1
4801
209
-1
1231
244
4100
1815
8315
5002
290
-1
2419
1893
3398
3095
283
8902
3802
5053
3929
1861
9206
5665
983
5003
4213
3802
2323
800
131
2330
1543
-1
10000
5801
9011
5951
-1
1801
8089
4801
1121
389
-1
926
9941
-1
2402
9083
-1
3121
5843
-1
5153
6315
-1
5801
-1
1212
-1
8803
3802
9626
1111
6803
4231
223
5801
3209
9803
1298
8898
5515
5801
-1
9881
2381
1801
2938
2111
498
3986
5281
-1
6509
-1
4222
165
6238
258
43
6666
8363
-1
8889
9341
9218
1345
2659
-1
5129
8803
9623
8111
-1
6998
8818
4933
3110
9993
2046
-1
800
290
2801
498
8000
9811
-1
4016
8882
9123
3320
4241
1192
9811
838
9803
3245
5801
5801
2801
1996
1091
4299
9090
2801
103
2939
403
5053
3316
6803
6838
104
5023
524
4262
2102
-1
1383
8819
8882
5839
8231
1231
5801
8053
4000
1213
6393
-1
9543
1801
5630
-1
5801
6866
180
-1
-1
3616
9551
9601
5182
-1
482
-1
22
2306
3391
1801
2938
446
-1
184
9803
43
8921
1801
4145
-1
9083
800
-1
-1
8000
6553
2243
9382
1801
9206
8938
5125
-1
6619
9481
8032
-1
8026
4801
8803
8396
6649
2801
4243
883
66
3999
913
1661
6058
4541
5801
6655
3698
4866
5881
-1
8490
-1
1069
2644
1213
55
4801
4993
2801
-1
109
6490
2626
4013
120
-1
3359
169
8005
848
9643
-1
-1
9305
5801
6599
5323
-1
5801
-1
-1
3086
4682
5801
-1
-1
2581
186
205
3923
9803
2612
5801
5101
9262
4019
339
3802
2066
9098
3982
1549
-1
2801
-1
9393
5801
8599
3223
-1
1009
5926
6625
1811
4565
3802
120
10004
1886
-1
9803
-1
8000
6036
-1
9339
1801
4565
1801
800
3966
1801
8000
2524
8482
9083
8992
6803
-1
6252
9115
6625
5048
5095
4098
9493
4866
1045
4409
4801
-1
8000
9803
1583
4533
2321
2440
1306
-1
281
4840
6
-1
3299
9362
1049
2410
1280
3099
-1
6445
8000
-1
6289
8462
-1
6983
2318
3263
9803
-1
9995
4926
-1
8000
-1
1040
-1
-1
6646
-1
-1
2392
1801
6803
9495
-1
-1
6509
5662
6406
5692
3688
9533
2306
5611
2559
6989
8000
5930
3503
3802
6400
2608
8563
5296
800
2995
3169
9280
5801
2326
2689
3802
-1
2080
-1
9999
453
-1
6295
3286
1481
-1
2953
2663
8882
6098
4339
-1
-1
-1
2559
3599
-1
4801
2251
9589
9883
4853
3153
2630
-1
6560
4264
9589
-1
1801
1048
6910
5326
4269
2369
3091
3846
2845
964
2566
8000
1403
4013
-1
5186
3453
4801
5113
1801
-1
6826
61
2598
1826
2801
9041
8446
6124
8951
8549
3481
-1
4261
-1
9109
4184
-1
8644
2858
-1
8803
5801
2823
8000
-1
8006
1030
2683
9383
3982
2260
4469
515
8803
4269
345
4204
1595
1915
496
3310
4642
2801
-1
4969
-1
4195
359
4303
1052
3090
5182
5105
1906
3802
1803
8248
4801
3802
5281
9459
8189
-1
8320
-1
9644
9859
3812
9090
1111
1499
-1
9015
2801
1324
9284
-1
-1
800
6218
5801
1801
25
3086
1090
2663
6803
5830
9852
1123
4043
-1
8821
6803
4052
682
5011
6690
-1
800
8000
3361
3602
9431
1864
8656
1280
1109
-1
8353
-1
3802
1993
-1
9363
2138
-1
445
5836
8000
601
2801
4801
8168
5801
3802
5683
9852
-1
4003
2801
2629
-1
5125
4443
-1
8369
-1
5646
6203
8080
5459
6242
-1
8812
118
8222
-1
2440
2264
6082
-1
5665
8329
9005
9160
6945
2302
-1
1469
-1
5445
4359
-1
9242
-1
515
2092
9041
909
2801
9330
4920
-1
2659
3641
-1
62
3309
1801
2433
3982
6199
6283
1801
6803
4892
2689
-1
1249
5210
5830
4343
4098
6492
5042
-1
451
264
-1
6803
6539
8803
3098
4449
2818
3821
8119
6592
849
8000
4309
4192
4486
909
5493
-1
6483
1801
1931
-1
8299
2098
9203
-1
3802
-1
5801
3286
1811
-1
4198
9999
6803
-1
1818
9803
3001
6019
3802
4149
4213
1201
2801
-1
8221
928
3253
-1
-1
5296
5615
2801
5612
1115
-1
-1
3106
3316
-1
-1
800
10000
8431
