1855523
163023
2182275
-703082
952340
2566159
2024063
3574505
2353847
1238697
2153727
2441374
2001289
2325595
2995352
3286138
2613382
3526698
3654022
4723118
3126417
1423187
3259107
2419773
1865903
2729869
4345758
1798000
2253538
1763465
1713899
2302861
3087833
4571779
3509574
1261260
3748084
3355200
820055
3653425
2588469
5170506
3839741
3911915
3671742
4531469
3948747
3736693
1581747
2099514
2933776
2385275
3265783
5537520
2455570
201796
2828707
1776440
5745560
5678996
3951000
2894366
5445325
2509876
4625770
1583372
4163073
2890634
2635209
1194187
6677379
3329346
9445464
3942223
5380082
3047823
977412
2103903
2753965
848269
1113445
2876330
2117650
2631983
1583083
1938623
1801872
1905242
1124949
1624277
3429338
2155420
1995541
2907878
4676083
3141114
2121480
3014131
2949325
1363423
4676083
5537156
2952256
4031340
2360548
1255375
3125732
4179149
2318130
4410142
3637977
3908422
3390054
5062277
3887782
6494499
6279321
2639487
8515320
6315483
6205962
6158363
1614425
4819370
2421672
5497838
2731825
2503702
5736958
2623811
3729819
15918182
6101968
3211862
5772132
2759395
3176482
5289599
3698567
2705542
3451616
3510008
4022126
2027026
3606343
5130391
9434982
3633820
6018962
1803243
8573887
4344239
5238148
4800237
2600251
5538596
3586156
2021840
11767429
4402798
4521960
7046282
4293675
6682189
5535225
2960098
9085875
8726601
5326942
15670078
5701375
14572080
3780800
15237612
5169028
3051065
5543153
8952383
9670596
6760480
4489394
2663670
3798233
2528752
3337712
11083852
5138322
6488120
3603380
7623790
11716622
3545988
15250531
7625565
4711101
8627795
14024053
12409527
9730229
8614016
9762664
7072186
5417798
9987718
11421315
8915387
11020265
16093613
6655017
3646661
3738414
12093731
12787719
4939007
7778475
8723892
9143588
8635608
8357534
