4202610
1302202
2226120
1273229
368405
278133
627624
-37210
350539
2475197
523687
3785925
396872
-225119
2222154
150850
1483545
3059925
3698959
433777
3223137
1702888
-142127
-822110
127413
575939
-1376697
2838444
3223137
1137221
-428257
3058062
3367428
1612293
4206198
2587614
4288022
954254
2724641
3404971
433777
1116599
1902360
1526429
1587361
1064586
1179906
1589153
2610698
3724496
1190137
1064586
2936991
828455
1135770
930045
1381116
3266029
1582843
2482364
187807
2042053
1643075
1609347
1658694
2197228
-42907
3626245
3973347
146119
-1450035
3559400
-700916
-1074060
6198753
-2639157
465952
1107963
-1284304
2760549
1406008
-2540635
4460191
1655345
3838327
-115261
3888701
2333410
874833
5239851
571063
-307719
-1412903
-3105811
19946
-901735
3765533
-1659851
920674
3337001
-2468442
-1670984
-2077185
-1330756
1406008
-3508439
6373603
7919596
5924246
4890289
4797939
5664293
8076322
3710332
10641340
4702315
1658937
9990417
4880260
5415165
8268586
6501636
3269251
6415158
3144342
9283770
19778591
28382479
27215541
9728948
12857357
12485429
17969524
26615101
13321418
23869194
16458759
9657486
31747504
10897996
31040487
23736814
23972114
29608650
21928540
12269911
23953663
16260860
10199469
16960853
15544346
24143181
23140635
22091421
16568238
23706616
17057848
17904503
23965373
26333629
3114381
16268119
27919815
23914022
31501648
16507019
15299483
22292770
11046518
20565445
14621330
21594926
27182925
7479591
23070117
15399015
17778553
18669631
26724405
10633004
14994805
8653791
16625573
23298711
14173202
15582003
9622921
11336331
26353809
26353809
15399015
15260788
20004916
26098870
3241422
23024886
25662173
11161780
22788411
29839331
30969742
23603865
16432998
17109621
23204957
27171156
32542985
27632894
25911306
16145074
9220149
