8149
3221
1801
-1
241
2189
9664
5801
800
82
3099
4016
4105
8000
-1
-1
-1
-1
6803
2519
2666
9649
4516
6640
800
9103
3986
6431
968
-1
3459
-1
5801
9481
3993
5623
9803
3083
9830
8553
6359
2649
5665
-1
2662
-1
45
-1
6959
-1
5239
-1
4353
9624
-1
8324
281
2801
1545
2665
4681
3529
169
6803
6803
5693
800
2246
4036
1280
-1
9889
9049
-1
-1
-1
9803
5465
8153
800
6683
5819
-1
8000
9955
8110
421
-1
3802
3286
143
5801
-1
4951
8048
5815
1681
-1
5543
3802
8093
3939
2801
3688
-1
-1
-1
8093
1681
8803
-1
1495
6803
-1
2801
3489
1082
9931
3649
6803
8888
2620
-1
10004
9899
4640
491
164
-1
2866
6863
5483
800
-1
2480
1082
4321
4909
9803
2089
4519
1801
1121
-1
5155
8212
2939
9280
2281
3063
4829
-1
6415
1163
445
-1
5065
998
-1
3029
800
58
8983
-1
1965
1999
4681
1889
9421
2843
8629
8866
6803
2320
6581
1509
8909
6595
5801
-1
2005
8430
1283
960
1238
3095
5403
-1
6563
8938
30
3098
9059
9090
-1
8803
4808
982
9803
9852
-1
-1
1509
-1
3326
3163
-1
-1
9481
2801
2141
2959
6262
6523
6626
4049
8081
1280
9229
-1
8000
4006
2404
-1
-1
1899
325
4283
-1
8464
5825
3459
1398
6649
9939
-1
366
8000
943
3245
-1
3289
2801
4069
3688
8983
8581
-1
8000
8222
286
9803
1636
9960
843
4961
5801
8290
2293
1681
9069
1523
-1
5605
6022
-1
3606
699
6605
-1
3461
4859
8803
4258
8000
500
8069
2589
3310
4612
1163
800
8000
4621
-1
3802
6451
-1
8048
6124
1639
6452
6
3698
-1
8005
6626
5801
2462
4919
5849
526
1063
9290
5630
-1
4691
1801
6803
6038
8258
9803
-1
4801
5302
9362
2102
-1
5216
1642
9803
4801
8803
-1
6382
4045
208
-1
1006
-1
2593
5218
4093
9249
-1
-1
6306
6829
2801
5281
8000
4162
8000
6100
8101
5581
3359
800
9803
1801
3569
-1
6404
-1
2882
3802
9190
2419
9993
6410
-1
9803
2424
9803
295
5801
5905
-1
9803
1803
8000
8044
1313
2105
3833
2248
15
445
-1
1324
310
5801
-1
1639
6859
5213
-1
5623
-1
2986
5996
2801
3881
3280
-1
8531
4603
-1
106
9220
6686
6155
5189
4801
4801
-1
-1
1180
-1
8000
6590
283
8543
2221
2445
3093
-1
5801
8803
3802
9039
5591
-1
2882
-1
-1
16
8882
6645
9123
1006
3246
9026
9124
5801
6019
3338
2806
5003
6029
3029
9239
4801
6092
-1
6803
1280
-1
-1
6655
3529
-1
6803
-1
622
9330
165
260
8909
6553
9493
9283
1223
6665
-1
8090
2801
52
8182
8159
5581
4463
186
2801
-1
-1
-1
5305
1433
4682
8282
1625
6695
8000
5249
641
-1
2246
-1
8416
1165
4801
4499
4643
1396
9833
562
5261
3846
2186
6236
9181
-1
2105
2959
-1
2005
928
2999
-1
1945
8488
211
3802
8553
9182
6938
9439
-1
5381
9059
4882
4496
2011
9803
1192
3802
6101
1861
202
2810
10000
8863
1801
4801
1353
-1
2419
4244
-1
559
-1
502
3858
9258
-1
9803
-1
1801
4495
800
1565
48
8884
1801
-1
-1
4801
932
1199
1209
5052
-1
6082
3022
-1
4351
3993
9803
4801
8192
1345
8938
-1
4832
9803
6119
8266
-1
9649
506
9224
-1
4801
8315
2599
5063
6915
-1
6803
-1
9565
-1
-1
-1
2129
3802
4859
-1
-1
2255
1801
1289
2801
2801
3802
-1
5990
1804
186
62
2104
3838
802
-1
-1
4538
9293
-1
3802
-1
9960
9913
164
1805
8044
6803
416
2110
1398
311
5093
8048
-1
3309
5009
-1
5409
1090
9803
-1
-1
2859
332
615
1066
3963
9481
4055
-1
4801
-1
-1
8290
9266
1801
-1
9613
3295
3320
-1
3421
1483
1901
2305
6803
240
13
8000
1889
9616
-1
3499
1801
904
2801
8803
4190
5620
5242
6883
230
5443
2819
3911
-1
-1
1689
184
2645
-1
-1
2986
-1
9083
-1
4391
492
6806
8803
8000
8803
9803
4009
955
3153
4646
-1
-1
2903
8689
-1
1619
6529
6109
8522
3856
2545
3086
-1
-1
5801
9008
5255
8983
-1
2411
6803
-1
2801
9032
6941
-1
8000
9692
-1
8049
8882
695
8339
9220
-1
3603
-1
-1
-1
-1
9090
-1
-1
3126
8422
53
195
2305
4299
8803
8299
9643
-1
8803
8803
3826
3802
5801
9998
2129
6529
9242
1801
-1
2591
4443
5889
9818
-1
5995
5
8000
8000
4364
1801
4523
-1
9431
-1
9439
8000
3802
2392
8081
-1
4920
5351
8886
1909
6509
429
5218
6931
5290
8566
3802
256
9624
902
-1
-1
-1
5533
-1
596
3599
512
6242
2663
6452
3984
-1
1849
9223
-1
6029
-1
583
1595
-1
1553
-1
3609
5081
6803
8
8000
-1
4801
1329
-1
8282
1801
-1
9999
4801
-1
4801
636
1381
195
2801
650
-1
-1
6458
-1
2819
2330
-1
-1
6465
6445
4633
3345
-1
5830
-1
502
6520
-1
2882
9382
9382
4229
2423
5445
4184
6415
1803
859
515
-1
640
1383
4483
-1
3926
2882
6658
8032
-1
8000
5009
326
2341
20
163
-1
4496
8192
4098
5030
902
-1
-1
8159
8528
1801
-1
2930
-1
8159
3090
6488
4643
2524
9166
-1
640
6803
8538
6421
2801
4801
4359
5216
8528
8819
6803
4801
-1
-1
-1
9008
2113
1933
4528
281
-1
-1
9803
800
4129
-1
9103
8000
9589
9943
8000
6803
-1
2426
-1
5980
6481
8125
6100
-1
5662
5863
3289
-1
6448
4124
1801
4801
-1
-1
263
-1
-1
8803
4083
9362
3881
4129
-1
4801
1801
-1
5052
5851
2098
8006
1982
563
9481
4111
-1
382
4801
1810
6193
9915
-1
83
9859
3463
489
8002
6803
-1
