98921
-1
-1
112444
142589
-1
-1
86803
118081
126341
56843
58010
118004
160991
109103
132896
131525
139801
-1
130805
109805
55801
43618
58010
2438
-1
58010
-1
108002
-1
154811
-1
-1
9833
58802
104513
191206
81533
65589
148045
218
194431
-1
-1
39059
125593
152809
-1
14411
130805
58010
141383
-1
3643
14183
101086
180202
-1
-1
192315
96092
180001
-1
-1
180001
91883
-1
6803
125359
153823
136903
1304
142999
158003
-1
8000
14641
150805
130621
180001
183661
-1
2612
82486
168005
32180
-1
58118
10396
52249
-1
-1
135211
-1
63103
8839
3191
149381
125093
40930
59804
90803
6644
194433
123310
129020
184953
168005
36121
-1
61205
68002
-1
161030
128803
136963
12130
118004
189359
36184
-1
4801
113809
146381
118004
125659
199993
56198
142349
140969
33809
158003
180802
162458
161051
29483
188009
119909
196993
163396
-1
109831
-1
91969
183881
168005
100
116519
2602
99998
105599
-1
60132
148009
58010
119398
-1
2564
35123
139899
83938
58010
142529
-1
18302
31589
-1
123889
45023
188009
122666
139199
53233
-1
26213
161815
180001
108266
-1
-1
99805
-1
185984
80000
118004
9039
-1
-1
91853
35951
63803
102523
-1
-1
86883
9641
96504
-1
122363
132806
-1
180001
168005
161815
28001
108002
100682
-1
-1
85381
42038
102155
22891
188009
118004
131195
164821
101266
82429
120808
-1
-1
143131
98389
56180
-1
-1
56099
188009
-1
83992
11089
118529
30290
58906
2398
4083
14081
81589
118004
62189
68002
48989
111686
192155
-1
-1
162566
104530
108002
-1
161848
-1
163509
-1
-1
16804
92840
3644
62483
-1
18045
-1
59023
128666
168005
86398
81245
185063
-1
185119
121010
32800
108802
-1
3110
89242
188943
155651
-1
61086
82261
188009
116563
83803
80000
-1
28001
168005
96802
-1
138001
-1
193583
-1
181801
40839
80000
149239
4801
153803
56062
192802
180512
186391
82898
5003
36382
118004
60866
108002
135019
130006
-1
112298
100642
102911
44920
-1
-1
91801
24530
-1
148009
-1
136852
180001
180001
4604
-1
80411
135559
166802
148009
180001
69998
142609
136806
11649
150565
95653
-1
96440
-1
136006
-1
160801
108002
185996
60260
-1
108182
188009
40025
126505
-1
84543
-1
21802
113026
34805
119801
58010
6053
188009
150691
181318
21989
22283
81463
11306
16599
148009
169258
168005
180001
-1
129821
58010
80000
-1
148691
116500
-1
116969
90803
139283
39082
-1
15409
33911
190082
-1
509
-1
29182
-1
63439
195803
-1
-1
8951
59219
68002
68002
159609
14821
1696
26359
116132
-1
95483
52840
19830
90416
24620
-1
-1
-1
59183
188009
145501
313
108002
190989
-1
186191
64802
122818
166910
22283
-1
492
158003
111959
21283
100649
8000
188689
151299
28699
160100
154145
118004
164830
188009
134889
-1
10986
193803
180802
-1
189643
69809
119101
43618
21604
-1
160801
196888
-1
44393
181031
124862
159483
82625
180001
188009
50566
102682
-1
95089
42269
28319
418
108002
180459
80000
29123
-1
98611
118004
161159
-1
45229
101411
96638
68002
80404
-1
60595
-1
108002
122666
108363
-1
198206
3495
65204
148089
-1
-1
31058
185683
-1
59611
148009
101926
61505
92503
6806
8222
-1
-1
18251
43481
180001
165693
-1
-1
-1
168180
189481
58601
164666
30811
161110
142651
12821
108002
62801
158063
196964
118486
-1
81533
-1
164386
33821
-1
158293
-1
20450
66620
80000
68002
104906
58010
53489
142321
-1
48443
20980
80293
49389
154293
185483
16299
118004
35123
-1
49953
-1
58010
118004
-1
128504
-1
9032
169984
192802
188009
118004
181022
124664
124633
101651
13040
198036
200002
151499
-1
62431
116902
161429
-1
98003
-1
95189
-1
188009
-1
166109
108002
10429
145893
188399
118004
100460
153245
26664
5020
-1
131023
-1
84662
113998
139283
158003
90004
189401
66328
-1
-1
2330
-1
-1
113192
49353
-1
-1
-1
58010
-1
168005
82963
108923
58586
165926
136866
152489
165983
181801
154811
169206
131125
-1
-1
85429
192103
189433
68002
138238
-1
48806
82241
93858
186391
134889
108002
4463
-1
-1
125059
191665
10201
31061
5339
122033
108821
-1
-1
104639
158003
12242
141439
193189
-1
80000
40042
142693
192364
188009
152251
-1
80863
-1
168005
99431
60859
-1
118004
69145
-1
1061
118004
65852
56221
140345
198589
86803
-1
31102
55229
25495
108002
148009
-1
148009
68002
126041
-1
-1
41483
19801
-1
68806
-1
-1
30683
46803
5555
61804
-1
38498
90262
32800
108002
149493
128290
80000
29863
18842
46619
489
198010
91288
-1
-1
158003
43363
-1
-1
39439
151813
191062
141529
38629
154519
-1
33883
161815
-1
49669
58010
131883
64802
68002
120565
21433
56590
-1
158003
-1
118801
80643
-1
118603
59433
134291
136806
-1
93802
109205
168005
150691
160319
129902
146089
144241
158003
109363
39806
-1
123699
108002
94463
193883
-1
181819
44293
50341
18061
200002
81491
89519
-1
99982
-1
196181
-1
26218
-1
33802
189083
189989
168005
158003
85689
89123
168443
118004
82805
12800
132805
103009
58909
142231
60618
66301
-1
168005
-1
49451
82469
168005
138682
58010
180802
200000
96196
58010
44453
182306
-1
-1
63683
-1
118004
150131
42565
-1
118004
148009
58322
190805
120808
102598
-1
3664
10806
165964
-1
164553
158003
149899
-1
-1
39122
-1
101804
-1
58802
108002
120886
184693
141853
80000
161815
191098
88651
52265
154811
9391
29363
-1
150125
58126
-1
11665
180001
-1
194483
94193
-1
28622
9166
-1
-1
5519
131602
199996
4469
-1
192503
-1
-1
14401
84239
33251
158003
180001
11384
43629
55805
104829
-1
131809
180001
-1
123643
58010
114923
142015
43322
13809
59949
138629
38002
-1
52399
-1
61391
8000
123
-1
-1
12009
123251
109805
80000
-1
149699
11630
159193
164545
83822
131483
3259
139291
-1
80000
-1
168005
-1
62302
-1
68002
180001
59489
-1
24266
-1
-1
105199
144805
116945
148009
55033
168005
93169
23413
134213
-1
188009
108002
50212
-1
21149
165693
135431
80000
84239
9229
-1
-1
131809
44510
135829
119801
188009
163689
-1
112039
-1
68002
10
168841
-1
42639
42095
51836
-1
141089
58983
66182
-1
22955
12982
38183
68002
109805
114803
-1
23230
102698
183569
33933
-1
-1
159843
55289
169045
85061
-1
-1
-1
118004
155525
11086
133303
6423
85121
138682
180001
188009
188242
161323
68653
60229
102586
34809
99305
54289
9123
148531
132565
92581
188009
4496
148009
-1
180001
31
32545
163061
6690
158609
115249
-1
83155
108002
161983
195645
-1
91901
184901
165343
-1
182363
115183
11818
159805
58010
-1
90366
-1
156491
135829
-1
-1
90645
21638
-1
109153
-1
34805
190669
92406
60460
134803
161659
2206
188009
136046
-1
120500
-1
108499
90186
160583
118004
5039
158003
184843
192928
30262
45483
180001
-1
108002
80000
129832
188009
80000
23483
162989
149531
168005
-1
49943
55243
12083
168005
-1
-1
116923
199301
165202
180001
-1
-1
188009
158003
-1
-1
52396
-1
68602
-1
40000
133160
-1
29311
134195
158003
161815
188009
3491
136806
121316
160822
-1
-1
82553
158881
-1
80000
80000
-1
112418
-1
-1
-1
49193
108258
-1
-1
58010
118004
58010
-1
-1
-1
118004
113861
119589
-1
-1
51803
12800
80000
138066
56803
-1
158003
-1
102862
-1
64223
-1
-1
126389
163083
109806
106439
96892
55983
2164
80639
18589
123902
143539
118004
106564
6803
169639
115859
64088
800
199569
100241
158003
-1
-1
154145
24483
39688
135083
-1
9283
89183
108301
123212
-1
18311
64621
81083
163258
21619
180001
108986
29653
50465
124424
106559
100463
49831
86582
80000
-1
180001
90655
92921
-1
85042
22123
90205
80000
26489
131809
180802
160858
108002
68002
168005
161183
163619
-1
108002
188009
61381
131218
58010
180001
188401
6926
168005
199996
56422
148009
168211
68002
80000
-1
108002
98003
11561
4490
180001
-1
2530
23801
65864
63029
-1
80000
159805
188009
101804
148009
129386
125110
152563
58010
110339
-1
36461
108802
-1
148809
84404
44806
158089
180802
108421
193009
91099
-1
190018
11015
161815
111803
-1
68002
189933
114641
20555
16964
158003
152563
-1
145801
132092
34149
-1
18959
103811
-1
-1
50455
3936
53411
35801
51263
93061
-1
-1
-1
106163
109202
-1
3313
153233
108821
158051
-1
28283
12490
-1
113180
111289
188009
31386
-1
-1
189682
120808
180001
54539
54289
180001
-1
15203
146191
105218
58010
113209
148453
84818
2801
-1
160932
-1
29089
64438
-1
195159
143693
99318
-1
33245
4853
-1
-1
-1
46659
26662
134291
118004
-1
-1
44258
-1
-1
190818
80000
108253
138001
139091
122305
91405
13323
98003
22943
-1
160801
90803
89329
89009
42689
180001
-1
121151
109805
16090
113062
-1
195945
-1
-1
16084
92902
50543
121801
105359
4145
155801
9122
48806
160613
-1
144049
53489
80918
6806
-1
101819
-1
180001
58010
-1
103804
18002
-1
158003
-1
28001
58211
-1
41845
-1
90995
-1
55099
53260
-1
125403
6009
-1
52898
88001
199889
-1
148009
155945
108002
181018
15493
139283
53938
12190
168005
63103
66849
139642
160400
184610
4853
-1
181983
108253
19252
-1
-1
124022
58010
102086
-1
-1
116418
4859
-1
59639
148009
49233
61366
148009
39806
186959
124991
43399
3208
-1
136223
136118
129215
-1
106093
84961
180520
-1
-1
-1
26941
10986
-1
119559
120058
43899
-1
62983
-1
33224
-1
83383
169565
162002
113846
180001
-1
155153
-1
103898
-1
56669
142619
130324
94253
188009
188009
49415
81589
-1
106669
142529
-1
48446
58010
189093
99966
58010
23638
34089
-1
48002
106159
68002
40631
19882
-1
136246
180001
180001
198193
51248
-1
189806
190583
12281
180001
118004
69949
180001
91303
-1
35801
141889
151813
-1
-1
32051
191119
150211
-1
130538
145801
68002
169583
-1
-1
-1
92965
184330
-1
-1
-1
16843
-1
-1
41381
168005
62801
104889
46538
165805
6421
-1
189691
115809
29803
131561
166393
60449
120893
33996
-1
164429
148989
130503
158003
133153
19248
188009
154081
4202
54959
45131
35081
68002
-1
181801
58010
165605
151289
-1
58010
46803
-1
-1
1103
118004
19659
200002
125249
-1
188159
-1
-1
53813
38921
188009
-1
-1
145025
162290
118004
-1
183262
148853
68002
154589
-1
164804
158113
186139
148009
-1
68002
89329
-1
60551
108002
160009
85913
-1
19252
59932
90803
51893
99646
108002
108002
168005
111193
-1
6189
158003
-1
126311
109841
136509
161048
-1
158003
18502
188009
-1
119429
181642
158003
12883
109381
-1
168005
-1
55289
82963
116611
8824
-1
38093
65224
160231
49040
50551
180001
88651
69421
-1
3846
168005
64509
188009
183611
24002
80293
28163
-1
183493
92182
51505
108002
58010
161141
12800
101939
29649
10802
-1
196309
103126
1999
164629
90863
-1
-1
112648
152809
12545
182593
114803
158929
15
86929
103300
146345
30629
-1
132565
143809
130495
59804
-1
89801
-1
-1
164393
198001
-1
128290
29215
120808
100615
106462
82561
64802
144661
108002
65053
68002
126011
163689
102532
41018
35051
1893
-1
102383
-1
148009
45802
108002
-1
-1
-1
148009
-1
35101
33052
188009
-1
-1
108986
-1
68002
-1
194989
89869
-1
-1
100169
191621
68002
163126
24538
148009
120808
168005
158003
119065
125192
120808
18903
-1
135829
13058
22195
99165
51995
68002
-1
141803
18002
193441
-1
193803
118004
108002
126030
-1
35029
132533
68002
8012
118004
86046
180001
-1
118004
2302
121001
41833
54809
188009
193649
30089
138682
132892
164816
-1
66659
43933
122393
-1
140381
90410
2053
121945
118004
124520
-1
61639
180001
-1
151831
80000
-1
134389
-1
125803
22324
119353
158003
100059
6260
-1
114593
200002
184003
188009
141125
118004
154811
15289
165693
199145
118004
-1
113011
50486
69866
184969
139681
131809
86803
-1
148009
50530
108002
159815
108002
24683
-1
12244
1839
-1
109398
80000
-1
68002
145619
8105
19801
62989
93802
3284
124039
68669
-1
-1
-1
26408
109338
-1
-1
-1
190802
-1
150999
132033
-1
21802
3319
-1
11981
144169
120962
-1
101905
23899
998
198496
-1
-1
142939
-1
168005
58010
105802
-1
149581
21130
-1
-1
8921
416
186811
4801
80293
9505
9330
158003
40051
23039
80000
168005
164282
109519
-1
-1
35153
192923
43689
36053
180001
85243
186244
-1
129643
186492
13823
139058
91643
132455
60206
169109
-1
161201
3616
60581
-1
30290
-1
8336
148009
185812
60481
83155
2638
48002
21013
159805
152533
166109
80000
102643
19001
-1
181801
4510
105802
61055
169543
159155
149143
136806
128000
148009
38084
118004
199921
-1
188009
12139
80000
159841
-1
-1
139803
180001
159209
23230
156489
91513
98689
-1
61396
30839
50941
98003
55801
101858
190121
124426
-1
8506
-1
-1
194809
130805
-1
58130
69990
-1
-1
-1
148009
-1
21559
148009
80000
26918
52391
80000
190345
5689
-1
188009
61682
103069
130408
-1
80000
51263
132805
108002
35863
-1
66596
-1
81980
58010
35911
-1
43198
156389
86803
-1
148009
-1
38002
58010
158003
136806
180001
68002
24398
80026
100411
68002
188009
93986
118004
30165
29251
108002
-1
168389
91811
-1
101620
-1
51284
90122
192061
58010
14045
118004
53626
-1
26462
53282
168005
-1
80000
158003
15149
158293
29261
110623
34229
-1
144805
103658
-1
188009
124181
68002
123581
-1
138036
148009
98281
31555
58418
-1
128813
168884
-1
6263
62351
66293
95899
-1
165245
-1
590
-1
12612
81293
1968
185483
180001
65039
-1
-1
66686
8819
58841
145525
106618
104231
111883
128000
53296
119998
144363
188009
103183
150091
-1
-1
58010
6464
-1
-1
34805
144563
184253
-1
118004
180001
50119
198931
-1
6045
-1
-1
85222
-1
120392
90595
-1
-1
-1
138982
81589
53812
-1
-1
122806
28001
31945
-1
22564
158003
162653
-1
-1
193093
100801
139382
180001
139569
28699
-1
-1
158003
109805
158003
50195
12451
-1
-1
196258
124589
-1
164282
91604
91099
-1
30698
165099
139382
180001
153383
-1
64580
34955
66133
68002
103328
130805
32464
118004
30983
104801
153869
48421
95695
96449
-1
158003
30911
145681
118198
152539
54809
118004
102941
-1
-1
123549
188429
-1
198123
105359
45898
-1
139219
35869
-1
-1
65589
3898
148009
163211
142651
158803
30383
54809
-1
188009
12883
163803
162989
80000
158003
158689
118004
10383
56884
95651
42839
108002
-1
-1
164666
188429
-1
66286
198483
138099
103639
-1
64826
-1
-1
102811
-1
21212
-1
56963
145801
-1
-1
145801
-1
80000
-1
-1
198461
-1
1660
-1
-1
-1
35183
-1
134189
65621
131345
98656
50404
138451
158003
120863
5153
-1
138139
-1
19265
-1
-1
120808
51118
96386
-1
60901
84311
126206
63803
124132
36843
-1
52643
188009
152583
138053
58010
13189
49326
-1
-1
61
142349
19286
192480
181801
58010
-1
135119
82846
45553
12693
134839
158003
105949
25009
69226
195869
120453
158003
38002
196239
5669
-1
18119
48904
56419
-1
-1
58010
-1
58241
199909
54843
6625
1205
5318
18803
82805
15803
116993
-1
-1
184286
-1
66805
-1
118004
135581
66182
108002
63659
109469
184466
85233
189549
125381
-1
-1
168460
118004
193008
190093
182506
-1
80000
86593
38803
162293
118004
-1
-1
-1
154883
24023
93643
122149
11182
164324
62005
1361
-1
108002
-1
-1
24838
188009
-1
41836
-1
33539
118486
-1
123286
111131
108002
51862
28165
-1
44409
109353
19806
29803
31615
-1
-1
81836
36212
2243
115053
50861
44623
31310
89258
80000
-1
55429
168005
-1
99686
-1
60518
-1
99986
-1
-1
118004
-1
65801
156941
58010
-1
-1
-1
149255
-1
-1
-1
151309
148009
158003
35403
130646
180001
-1
-1
98003
80321
13493
8402
189339
-1
58010
124825
-1
58010
184286
6130
65984
-1
80695
12183
119366
-1
22082
-1
151813
51980
-1
91652
-1
6803
-1
181595
85819
164321
35521
19163
40143
31398
-1
123258
-1
48806
-1
20529
91983
58010
-1
31058
39082
159989
125002
109622
108002
156199
181052
103093
105109
163383
54809
160642
18911
69429
-1
92149
10238
-1
-1
80000
58010
102983
52810
118301
103093
191089
-1
188009
-1
-1
58046
68002
41141
29459
51059
115183
188813
149143
118004
148009
108002
80000
168005
168005
93662
93698
-1
6026
16298
198001
89801
3866
148009
80000
118061
156155
-1
159805
116583
152809
8032
68002
58010
-1
148009
165443
-1
28226
188009
159805
38002
158003
144883
52522
-1
69393
-1
80363
118004
155801
115809
8000
-1
158003
91183
-1
183203
68002
82030
110261
-1
866
132529
-1
-1
148809
134915
168005
-1
39206
199856
191665
96199
-1
199993
54083
4861
180001
-1
-1
143183
159463
153961
148009
133243
191311
114803
49246
114193
-1
139866
100153
80000
130586
-1
64802
30406
106838
46803
85243
95281
158003
159805
6053
58165
168005
38644
-1
158003
154811
148009
52643
131363
118004
60803
58010
109019
151383
9859
-1
-1
118004
-1
148823
80000
5938
90281
168005
146423
152353
6803
105692
19398
-1
108002
26198
148009
-1
11686
23110
196429
-1
183139
158003
-1
152183
188009
113663
5930
145801
28283
154811
15289
-1
45989
90031
163010
168005
64509
4538
41323
168151
118004
110399
649
188009
148009
16483
90803
110809
44510
20353
83641
152353
158003
-1
108002
92044
19889
105533
65411
80000
96630
138989
-1
94033
189983
98219
-1
-1
4612
28265
156643
69086
148009
80644
54539
104242
1509
152809
130612
-1
-1
90803
-1
1320
58906
46115
24226
132100
1509
143629
38408
188009
11846
122918
-1
148009
153849
188009
-1
93118
55801
-1
159195
66805
38396
125660
136189
155891
22565
81551
118411
38404
-1
188389
166249
-1
33230
26023
138802
93811
82682
-1
-1
25909
153089
66805
111983
154083
40882
120248
200000
-1
188009
80000
-1
-1
199951
154839
68002
-1
168005
142501
61804
55259
-1
32905
91033
25198
63803
-1
5519
80800
168005
19862
139218
85489
145589
-1
42509
104968
15661
8093
143903
-1
82330
49389
-1
122258
39691
102205
108002
60050
-1
-1
-1
-1
51665
16442
188009
-1
-1
99851
62830
-1
-1
68002
-1
96323
-1
158581
-1
-1
121658
148009
59021
-1
180001
5353
105296
32090
126829
108002
141215
-1
131645
120851
54619
180001
106886
-1
193811
80000
-1
-1
180001
92801
109111
188009
136209
109449
138029
90309
-1
142159
140159
-1
189421
188009
158563
122806
68002
35641
64840
64810
-1
25240
143201
116589
-1
28093
184801
190283
-1
80000
-1
80000
66539
15593
165398
160801
5216
150439
33941
-1
103624
-1
-1
-1
181945
81805
188009
122806
136189
131042
-1
118004
95099
112403
101809
55189
188009
180001
118004
64231
-1
118004
86998
-1
188459
61631
505
154811
-1
-1
55849
-1
189509
-1
-1
122806
-1
160801
112345
-1
80800
-1
180001
35489
113809
155615
101209
84652
92440
108002
88202
-1
38653
-1
63006
116598
148009
112321
188009
180001
80000
33806
-1
69189
108002
126551
166046
158003
13215
180001
129919
-1
33931
-1
82601
154165
-1
108002
102520
81551
15919
158003
58010
55589
146051
-1
66610
135699
-1
105305
-1
80000
-1
114963
136202
182460
6053
119489
188009
166604
68433
188009
-1
-1
150949
153803
118526
56500
-1
-1
-1
139091
143389
40693
-1
118004
108002
5583
58010
68002
56393
180001
188009
54695
133636
50383
6151
60612
188009
81805
84691
60349
118486
-1
138183
-1
151383
190913
25429
-1
46283
34805
99893
118004
108526
42361
180802
26538
10802
-1
-1
113809
-1
54809
86341
-1
-1
149483
135151
130043
51455
-1
8291
12884
165489
160883
64040
39082
-1
83189
139429
-1
39122
29363
62620
98445
188009
161338
-1
108002
185804
158003
196815
68002
-1
189258
-1
163151
90046
-1
81463
36433
32881
49058
6413
22283
143881
182618
199613
55681
94151
108002
53182
108002
24116
123521
91886
50941
15881
-1
100369
62245
9203
-1
34089
180001
168005
168005
41381
-1
-1
158003
55633
62801
39383
66382
68002
-1
190583
84580
-1
-1
119881
104413
61966
118004
-1
20143
16648
63803
-1
80000
120808
109805
-1
-1
21515
188009
168005
58010
32533
193465
53036
161493
34403
158003
158003
4525
13313
119419
168005
188009
63521
69866
118004
20806
-1
60244
101902
158003
199130
-1
25495
58010
160541
-1
141889
99
-1
84086
180001
32098
58010
165013
-1
195803
168005
80000
-1
-1
184843
118004
108002
105989
50458
-1
40631
16295
121801
23215
195193
22138
118004
85801
-1
118451
-1
54083
8201
63953
-1
122461
88966
108002
125326
62801
182803
22091
-1
4504
-1
130229
91801
68002
101804
192838
-1
189339
52166
168005
-1
39009
81805
136883
-1
38803
34439
35183
111869
158003
96630
85669
81805
160103
-1
-1
106910
199968
80000
180001
68002
58010
188009
-1
118004
-1
80000
148009
189806
166406
33206
4801
-1
168005
18002
-1
22082
-1
68002
188009
-1
30918
158243
148009
-1
32924
148009
108002
95401
88183
62801
41618
9382
-1
-1
142169
-1
54391
100981
158339
-1
-1
31118
100239
123119
158003
180001
601
158563
191801
180001
-1
80000
141803
131902
158003
-1
158003
158003
118004
11852
130450
58010
149839
-1
180332
185359
190045
120986
168005
91499
132505
20201
-1
134489
82564
108002
51803
43658
92998
133363
159263
14303
118004
18636
34359
-1
199610
10543
199999
-1
95281
180001
-1
188009
118004
166693
66145
152809
-1
26009
125065
181312
118004
45159
930
-1
-1
15893
-1
101804
33802
165489
160243
110809
124619
80204
109805
103429
91801
-1
-1
85361
41186
58010
-1
168005
193220
-1
-1
-1
161846
188009
35951
96353
108002
31826
-1
96038
51082
21802
125639
-1
808
180001
-1
58010
154029
110003
36583
-1
-1
158003
80992
188009
163411
1682
121386
129830
181990
199286
-1
168005
-1
23599
38251
62858
-1
42061
81632
132656
9803
165040
68002
-1
55059
168005
165553
148009
142195
-1
29258
106496
122029
158003
14081
2693
69589
110290
44006
1046
-1
-1
65288
82930
189323
140611
52048
62
64642
158003
-1
-1
164953
-1
48884
-1
50990
128959
-1
118004
-1
10019
83183
3345
36929
100484
80599
58010
-1
-1
8465
198001
148009
-1
94889
165045
91439
146423
129986
68002
3001
141803
-1
-1
148009
21986
-1
69353
-1
-1
109313
136282
9266
180001
110183
40013
185501
54461
-1
140639
-1
95051
-1
-1
145421
108002
-1
-1
15683
151993
-1
100601
55089
108002
126886
118004
66145
15649
54601
53269
128606
132115
60619
-1
39103
182803
194809
48961
100120
-1
148009
-1
-1
-1
148009
23509
141529
180001
-1
1063
109966
124105
158003
55453
66020
55801
93243
80000
140381
168005
45826
42524
80000
36311
68002
158003
58010
-1
88801
43252
68002
185648
100349
-1
48019
148009
-1
58010
-1
91309
64660
156241
58010
109162
14923
130199
42802
-1
69638
148009
138682
62915
134959
149403
118004
54013
-1
80000
26116
182918
129260
-1
12659
159989
36409
186149
-1
-1
56995
35891
-1
118004
-1
82805
41641
159805
138001
25609
103839
68002
84232
44645
91801
42080
168005
-1
118004
14005
80800
99445
199999
31539
39626
58010
80909
195333
192196
-1
148009
124163
25923
122095
28001
20611
189983
65551
-1
-1
-1
20053
-1
154883
92831
63202
26539
188009
148829
113098
116261
103882
142349
160583
-1
168005
184801
183058
80000
-1
-1
51409
26368
-1
-1
1664
143881
101620
128120
23081
-1
-1
-1
-1
128644
89801
6263
104939
120569
80489
91046
188009
149293
62005
-1
148619
61261
-1
40538
12800
158003
-1
95213
-1
143389
-1
169831
80000
103465
91983
180001
2069
98499
80524
151139
-1
-1
80000
91201
118004
-1
152015
142349
58010
-1
-1
128848
2138
108002
-1
48002
129260
8644
189682
63589
54499
106322
43801
136924
109805
18929
6145
83812
-1
190623
66662
188009
91515
-1
185162
115421
116803
190130
64198
42802
200002
114803
5689
-1
-1
93409
-1
200000
45623
-1
85553
-1
90803
59609
3968
121364
199639
-1
-1
55801
-1
4139
59938
100822
-1
101833
-1
44101
29102
-1
-1
118004
24404
25646
114095
108002
104903
131483
106990
-1
102230
188009
-1
-1
109805
-1
-1
2164
18863
128119
-1
180466
148009
-1
48002
-1
129853
50423
196249
8606
192130
129939
192466
161815
49906
-1
181183
39953
158003
199929
113131
109805
-1
183683
50909
54109
25064
15319
64811
162815
36682
51655
130513
180001
118004
188009
140583
46069
-1
59804
158003
9643
109145
68002
45233
-1
142939
108002
199330
-1
61343
80383
151451
80000
124863
168005
51866
146883
119983
4803
-1
188009
126811
200002
81443
-1
121195
35589
148009
98561
-1
108002
180001
-1
108893
18803
-1
41998
140583
160583
80000
-1
99815
130201
194519
-1
14225
94529
32183
133310
-1
-1
-1
153803
-1
5242
69611
134291
163216
68002
160183
183139
55103
26339
51980
-1
-1
-1
33802
22619
-1
29102
161033
160801
40083
59804
-1
191801
88001
63463
-1
12800
141961
106438
90641
33569
-1
180001
148009
58010
12800
-1
68002
45683
9910
48653
166466
184120
189843
54123
2829
156041
4903
162649
-1
42913
94541
153043
169591
43069
29182
80000
8564
-1
3622
-1
101058
3301
13109
66961
109262
49243
98003
9091
-1
-1
-1
38921
56995
8000
80000
53698
150295
16658
180001
130609
180451
-1
-1
26218
161309
-1
158003
140583
102881
125240
180001
105025
102910
58691
125413
195803
142321
92643
194009
112405
148009
132439
140969
-1
44099
168005
191589
28330
162881
2411
108002
198206
165419
-1
132011
56003
122015
33961
-1
-1
42929
142651
-1
80000
46882
-1
93082
158003
105359
93491
89842
-1
-1
139801
111638
15145
144805
158003
-1
54419
-1
38222
-1
168005
20415
143161
-1
68186
181801
38191
95929
48431
148009
30383
-1
118004
-1
-1
158003
24091
-1
80000
15683
-1
131696
33906
14081
63803
101489
8006
148009
108455
34089
-1
5533
-1
108002
91421
46803
64802
123230
169899
143809
168005
158003
105206
94505
25883
50649
29881
95989
24491
51209
-1
120966
50905
-1
-1
164482
169399
24658
29411
134889
-1
35359
96695
118004
94951
21836
25013
-1
6569
-1
182506
40021
128803
90281
-1
158003
58010
48658
44306
108002
23311
132403
56999
58010
-1
105639
95881
104339
60205
66046
180001
118004
101483
108002
125201
162881
51503
83033
25229
-1
-1
120808
35353
125381
84869
-1
106438
180242
101081
-1
189983
141509
-1
152809
181801
8513
-1
91006
143903
-1
118004
-1
16409
-1
-1
116104
3918
123209
15803
-1
-1
3238
11593
29803
-1
36844
99431
125653
148009
66604
68466
193803
36032
99686
180001
98143
83962
149183
186101
-1
-1
163364
159805
10256
196220
182629
-1
88124
-1
128033
53849
183919
35983
40249
191441
-1
28181
46339
132844
-1
195803
-1
80000
158003
64891
-1
-1
108002
-1
-1
54493
148009
168005
-1
113215
149143
11129
-1
-1
44543
30313
95695
148009
69481
189386
-1
49565
-1
80833
63803
-1
181801
-1
158003
189881
158261
9883
100060
193541
92830
1024
68002
148009
116338
180001
-1
150851
451
80000
1669
15189
56918
-1
108802
188009
81551
112802
2046
195491
142349
55801
50889
111359
-1
198001
148009
185183
11626
150805
25405
99990
161039
-1
152681
-1
118004
69653
521
126811
99439
80930
293
165419
23638
154443
68002
163689
113258
192328
10006
13903
99301
58010
180001
169086
148009
-1
44963
65545
21806
-1
89413
150445
12218
168005
5665
-1
118004
108002
166059
59263
-1
-1
116260
191183
152293
-1
4801
60853
111886
49481
68806
2480
-1
109918
-1
29695
-1
138238
-1
99362
188009
198319
83338
108002
108002
-1
65881
186236
148009
181801
182243
166655
54601
53519
138461
16223
180001
90606
114249
56239
132686
185099
24968
-1
61199
45699
-1
102359
84620
130106
19606
120121
189186
-1
-1
55205
188009
-1
58601
84862
90803
-1
199103
185984
42281
41039
84982
83891
51200
143831
184321
-1
88099
35801
118582
16232
-1
182060
139801
59030
132833
58010
192001
-1
91883
100145
132445
180001
-1
-1
108002
148009
-1
39251
-1
4153
158489
190945
98563
191231
36121
-1
162301
-1
26839
-1
91583
196046
130805
148809
50264
180001
64291
-1
180001
-1
94495
-1
9913
-1
139569
53411
118004
152639
1982
130805
2621
-1
9481
9122
-1
-1
193181
188009
129419
80000
48693
128260
-1
26528
46918
58010
192315
135151
23612
58010
192664
188009
80000
98132
92810
139303
-1
129589
89351
-1
96541
180001
-1
10240
-1
-1
32698
48002
95339
-1
118004
6215
12800
181238
31411
-1
84486
-1
156253
168005
189281
138802
41203
108002
-1
33599
84061
30323
93040
-1
190618
135353
-1
195029
34409
131962
-1
-1
60195
-1
68002
-1
64802
138682
130805
115359
-1
26239
95083
101804
126995
54909
98104
32891
-1
132659
42015
188009
136083
40021
-1
26504
139021
148009
124123
6803
148009
122806
1102
115109
116618
16453
104506
160066
163465
128883
138433
-1
-1
-1
-1
-1
-1
53002
-1
186699
-1
118004
33802
102338
-1
180001
88098
-1
133541
148853
145381
82036
108002
63429
48439
86538
56290
4240
158003
-1
-1
144199
188009
198190
108002
108002
53303
6683
190693
68002
49069
11553
148009
108002
80000
2323
124861
124363
168005
159643
135649
163288
168005
138163
-1
102520
118004
194499
-1
52180
19583
156805
168842
-1
188009
-1
180001
168005
-1
-1
65029
1048
19969
-1
53489
6299
20023
8213
-1
108109
26409
142421
161359
63493
122051
100693
68002
44581
122806
101180
194003
52313
135239
149909
123932
-1
118004
-1
113252
52180
159683
-1
108586
124345
188009
104801
11863
156153
158609
-1
194809
158003
158003
148889
136139
86829
-1
185648
108002
-1
149603
149113
68002
165905
191293
45413
81805
148299
-1
94995
-1
154613
52888
61130
144983
83962
162643
133563
91883
-1
89801
142249
99453
-1
134189
80000
143155
92419
60132
-1
-1
186391
-1
51320
168005
-1
58010
68002
-1
14125
83483
144049
154883
108289
-1
-1
-1
188009
55381
6803
195089
104119
193058
58010
115933
108002
13639
193082
102658
118004
154211
108002
1525
-1
156629
43243
115809
189059
55589
123119
168005
102611
68002
5989
58010
3802
152809
108802
168005
1061
-1
-1
188533
146801
31210
-1
109202
620
52369
145381
23042
111353
34061
140803
123603
44816
68002
188861
128929
148009
22886
92889
168005
2899
83381
114265
-1
31118
148009
-1
158003
83299
180001
121243
118004
13809
119620
114889
-1
9883
122440
824
126829
135991
164499
95281
126044
198465
-1
39581
-1
85609
89819
-1
14081
68002
168451
6119
168005
41959
94553
103882
-1
-1
143401
63803
104812
3263
130105
180001
-1
186329
58010
45190
38422
95189
6301
188861
108002
148009
-1
130423
90931
-1
188009
180001
124252
159119
189421
148009
104623
188323
131443
41189
125165
-1
99539
55021
105913
102052
-1
24046
-1
23899
154589
159133
99805
124995
53303
149049
191045
92102
68002
88442
18442
153443
186682
161815
-1
150805
168005
118004
-1
-1
158003
58010
26626
10400
9064
58010
118004
109805
6619
80000
26561
86439
80000
-1
49936
64033
38653
118004
-1
143443
32119
112099
91965
108802
150189
53938
153563
180001
58010
-1
141583
-1
-1
-1
2406
181619
48656
-1
44806
94981
81419
162629
32415
-1
168005
124132
-1
-1
142651
143809
143809
115613
58010
199996
-1
3543
158003
-1
-1
-1
-1
126010
138403
108002
85843
186811
33125
123686
99805
54809
-1
143389
13591
19163
56486
-1
168005
-1
58010
194891
-1
166442
138001
-1
-1
151649
4195
151831
-1
69023
80000
181612
41126
168005
142091
-1
148009
182929
80000
143363
85531
-1
168005
46803
191089
133633
101804
-1
181933
6803
10813
158003
-1
166066
46133
-1
180181
66413
40269
118004
2266
62204
-1
184286
156489
96905
129609
-1
148009
142159
192853
104693
58819
55801
83299
-1
68669
6969
144163
188009
109318
141181
164149
139801
184286
-1
4918
-1
-1
52643
2969
139091
108002
610
9363
152081
1929
-1
88562
188009
-1
122419
141803
50591
33403
102911
158003
181212
-1
-1
38183
123483
-1
160801
188143
124601
-1
132215
138143
59186
111499
40184
3926
88831
36824
-1
189806
-1
52810
156039
-1
126039
133220
183419
68002
140803
13989
94699
121118
-1
81083
-1
88663
119095
168005
43943
126886
159805
26213
100423
68002
101461
-1
20523
25064
34805
111949
-1
68002
4583
56683
100599
38058
19245
108002
148809
80489
180811
54809
63866
52586
18455
-1
51803
3086
193822
120431
184916
186492
103022
89603
-1
-1
158003
158003
-1
98522
-1
-1
148009
115809
182131
143459
132445
-1
103969
-1
40819
19330
68806
105055
-1
-1
86689
190906
118004
10869
128000
66246
-1
183263
130132
-1
-1
-1
18002
-1
150805
168005
32626
-1
180001
151103
192520
50851
190283
180001
108002
96464
81131
-1
119243
33989
-1
128000
-1
169066
-1
105220
50998
130825
144023
98338
32563
41543
293
51125
152563
91255
13361
158003
118493
80000
118004
101063
151483
113180
159191
118004
161089
108002
2495
54989
3338
113998
-1
54289
24980
108002
15843
-1
80000
-1
150481
14641
168005
32418
-1
-1
-1
41
149381
13591
168005
-1
82226
-1
15339
118004
451
58010
33802
134291
30490
-1
148009
106583
89563
-1
58010
180001
161996
184298
199299
199993
31151
109805
119902
136004
45431
-1
153803
-1
44882
148591
13809
161545
-1
166553
68002
3593
125333
146093
-1
16241
165605
156421
80000
29553
82891
121298
-1
50363
90665
68989
89569
9363
148045
133801
9610
24683
148691
8000
80000
115841
-1
-1
9046
-1
123523
2495
140803
-1
182803
26830
153313
13998
118004
81805
194809
90689
158003
168005
85186
158881
108002
105563
-1
-1
-1
158003
-1
156363
43913
92642
45683
50809
9811
-1
114689
49013
-1
21421
25990
189258
181218
139623
-1
6803
-1
158003
-1
50633
-1
58010
123553
161255
-1
4133
-1
94891
32462
50359
80000
8110
35299
-1
168005
194189
134129
68002
196993
88593
186119
-1
152653
68321
2693
9640
58010
158003
-1
143809
158003
118004
80000
168005
115525
21439
68002
148009
4595
53804
148009
148009
45826
90955
162881
85933
65213
122209
80000
-1
22618
-1
195803
-1
-1
193689
128000
-1
-1
165469
55955
150805
40998
-1
135083
-1
12098
160801
126458
105523
123803
105382
64802
191441
-1
123636
168005
62889
-1
33163
-1
180221
191441
1345
162538
155983
160100
118004
-1
195803
18103
101603
106013
68002
51845
48449
-1
-1
-1
-1
148009
-1
158003
185903
-1
48215
-1
123686
-1
926
180001
128852
68002
93581
180001
168005
180001
158003
-1
80000
140183
58010
158003
193862
-1
-1
143821
15443
132805
193082
8345
133040
1160
189622
92258
108002
-1
148009
86803
104113
158003
64399
161815
180802
192904
-1
198323
-1
180545
12050
41495
188582
116132
-1
123929
131883
54391
-1
123941
-1
181801
16831
196831
58010
101804
-1
54083
41333
49282
180001
-1
150389
31686
118004
188009
200000
33211
68002
4415
49031
-1
-1
152309
51826
53561
-1
152839
96058
68002
3061
131809
84104
188009
139481
-1
118004
140381
188009
188009
153155
112904
168016
11320
11293
116462
69563
14591
6568
38002
39489
108002
98003
140803
180520
-1
9616
64495
148303
22951
104582
-1
-1
191489
118004
158003
106112
-1
111289
-1
89681
43159
126389
148009
133031
90451
80000
-1
98003
-1
-1
90242
158003
94331
148809
-1
115231
941
80989
80000
135991
98149
66604
184913
48091
92863
118495
58010
80000
129902
151483
108002
148009
190310
13844
80000
36559
108002
145239
-1
-1
84009
69239
144049
111802
-1
148009
96133
-1
36964
-1
80000
4915
52138
113921
38183
111218
61169
19001
192020
-1
198242
156389
88509
81131
58010
-1
158113
108002
118004
101300
149519
100981
105361
118004
181399
1906
180001
188009
181939
53638
143809
48533
121066
183003
83843
-1
-1
190283
16298
20533
180001
-1
193209
-1
-1
-1
-1
18002
192503
-1
158003
119998
123239
58010
-1
10809
104999
-1
80000
4910
58010
23638
42639
158003
126941
143629
108002
188009
2623
116330
-1
109805
281
133961
188018
192802
80000
42565
128463
39806
115809
-1
108002
151483
49943
142283
23186
150029
188009
6442
188009
58693
148009
86803
169445
33431
199805
184845
140321
108002
46499
158003
2049
158003
-1
109645
-1
44029
118004
-1
48989
5662
103982
-1
398
-1
-1
56002
158003
104861
148009
158003
8863
-1
-1
22009
11624
88238
4433
69063
39511
188009
80000
140803
-1
180001
20021
48341
162802
163981
18030
153803
-1
83561
89801
145959
58010
121102
152519
-1
12163
132631
-1
90138
-1
24023
149183
114249
162453
54983
108002
121469
153803
133583
-1
133205
-1
138253
121015
128803
131941
20896
-1
122041
81533
180001
98561
98689
45986
138802
35251
68002
-1
52961
49102
80000
199343
95009
66805
111983
132409
103121
110122
145801
-1
106636
65183
50089
-1
148009
80000
161960
-1
68002
108002
152839
113093
62498
298
-1
68002
199126
158003
13082
13809
115809
109541
58010
134129
48999
3343
85199
40353
144805
-1
81203
-1
105962
134803
6509
163802
93491
104042
115293
148009
45289
94693
-1
61210
189806
68002
51413
18289
113999
-1
85938
168005
14409
11821
88636
150805
164533
46582
-1
168005
148009
-1
100220
40899
80000
69809
8629
4642
69182
95239
19882
-1
80000
132313
180001
192802
133045
116629
98809
2332
148009
15803
146605
122806
136806
118004
153563
26436
-1
114641
-1
159349
113636
69302
110951
-1
80000
139801
135151
180001
62689
123119
81101
-1
-1
192824
-1
161362
68002
19820
59861
143189
113081
-1
148009
-1
133141
193449
-1
18839
68002
-1
108002
114643
68002
68806
-1
-1
18658
198241
111595
-1
101581
190486
11030
131842
68282
-1
135829
-1
-1
8222
98486
189899
130922
12458
-1
103631
198013
96623
-1
2258
165610
6089
31299
128099
-1
159303
-1
184631
181208
94483
108002
-1
-1
40364
158003
118004
63493
-1
-1
190909
5620
33863
124093
92882
199999
108002
25093
169823
43049
189281
-1
194641
-1
130031
148009
88399
163589
183989
-1
-1
-1
142259
-1
33499
20598
68002
-1
109805
10610
123619
65495
120551
68002
103583
163633
109239
158003
-1
-1
133541
189806
52960
119846
-1
138802
60581
15409
186328
148649
25243
189281
62649
45692
41131
180001
83803
168005
188009
164183
180001
2393
-1
133541
128689
91565
90803
-1
29626
136921
118801
-1
15881
180001
151369
121938
100459
-1
116822
118004
-1
-1
101809
104396
169483
49603
164149
140593
-1
-1
145219
68002
101018
-1
118004
-1
-1
26359
110933
58010
48806
101330
-1
123686
81986
40939
80000
-1
193689
189253
-1
168005
113623
209
168689
-1
11191
-1
41848
133328
145443
-1
129599
-1
-1
105199
49591
112862
15829
168005
22198
-1
-1
90431
158003
-1
140249
-1
-1
158003
-1
-1
30383
109111
114295
164804
180669
-1
-1
-1
-1
-1
-1
92516
93361
195565
96464
108002
188009
8641
143629
-1
102803
56915
158003
159805
-1
-1
6260
99130
-1
168005
99805
148009
196565
-1
188009
114693
154369
14251
-1
165805
124863
54391
96983
100981
43411
118689
48962
123220
-1
166053
108002
163813
158003
-1
118621
108002
101804
-1
58543
144883
123013
20032
163465
139852
-1
158003
-1
168818
148345
-1
-1
110311
189421
11266
158003
92415
189841
123145
-1
-1
28841
-1
98159
5119
31391
115093
-1
2389
168005
118004
-1
-1
81805
-1
120821
159289
4863
113809
155423
21683
135829
-1
4246
-1
162161
140803
180001
142981
-1
-1
196239
619
181313
126926
180001
92998
44159
-1
148009
-1
46959
-1
33445
113842
2243
14929
-1
118004
101501
188009
-1
61298
223
96451
31982
105359
119801
8042
-1
51803
108002
-1
144805
163258
188009
4051
50182
-1
99343
36443
-1
168005
-1
80000
25091
118801
-1
-1
-1
16180
-1
-1
35993
186101
190882
53813
92699
82805
90803
54909
189619
181918
131939
168160
161639
34481
132245
-1
80000
66043
14845
158003
298
65882
-1
158051
25699
15529
133064
52289
-1
99366
5433
-1
-1
-1
91183
63803
158003
29399
48353
160801
199
86129
-1
16869
12883
130805
-1
158003
-1
41801
58010
-1
49253
50929
90392
164698
131809
46999
112409
49936
-1
168005
125843
65615
91046
64802
188009
186483
-1
-1
-1
80000
18016
22121
-1
132393
168449
9930
-1
-1
195295
40029
83290
56866
159961
128495
194809
118004
-1
-1
41059
-1
89801
135239
168005
102161
58010
80589
-1
148009
118145
180001
64333
38519
144859
-1
155189
96605
-1
48806
158003
-1
158003
168005
-1
162802
-1
111353
15033
-1
3161
68002
1832
148009
44423
58490
110809
86693
139533
59539
154039
25391
108002
116261
33032
18181
-1
24333
129601
64882
106349
66226
32866
-1
104413
-1
98003
52001
163288
-1
133981
158003
125803
134065
134489
95339
-1
58010
140209
39002
158003
-1
148009
132306
125329
-1
-1
188009
36802
118004
-1
68002
148009
150933
162005
158003
13646
-1
-1
136806
34815
81386
150295
168442
98846
194059
45943
56653
182941
-1
158003
5403
111641
56530
25951
190159
21326
66083
22115
185246
61804
690
168005
102643
-1
-1
146513
41889
100981
68002
-1
108002
-1
26002
19252
-1
139569
60332
189806
131809
119489
132046
-1
-1
150431
68002
-1
21619
200002
-1
24368
-1
199201
118562
103102
-1
64640
81805
30383
35281
123038
-1
-1
68583
-1
108002
12315
181801
-1
-1
-1
84409
80000
46853
-1
84442
66805
158003
120808
112396
196681
-1
66805
154025
91165
192824
26050
91465
22189
153521
112204
148809
90166
-1
45263
-1
195893
10225
-1
32020
121330
-1
-1
40951
95483
104131
-1
104519
115249
-1
-1
158003
-1
-1
-1
129126
158003
16809
151945
182519
-1
45943
186843
51130
108002
30526
82661
-1
53953
-1
180001
18803
118004
-1
108002
-1
25021
125332
158003
108002
125495
168005
103263
168083
38951
12050
-1
6998
15803
63803
-1
108002
80996
119846
80000
149441
192629
-1
188009
138802
108002
52495
88359
9930
116555
-1
168005
200002
-1
110809
-1
13323
92951
-1
-1
33469
86803
114305
119551
180189
122929
54113
-1
111491
190833
26510
158003
58010
32960
132100
-1
160180
162339
96181
96959
148009
94495
80183
180406
-1
58010
158003
95045
19
159465
56986
-1
146291
108002
168005
80831
111451
122466
131611
133899
154151
-1
42596
168998
38321
189401
112466
69661
68002
53113
4391
81569
58010
12962
81980
-1
131963
-1
13204
-1
41204
148009
18826
136806
33186
91601
144289
-1
10420
82190
180001
96598
14813
-1
43612
3316
46882
5801
188009
148009
95929
102941
541
-1
186909
151139
58010
-1
8383
-1
188009
80000
-1
39439
26008
109433
-1
194039
39
29049
189461
86291
-1
-1
-1
185621
148513
68458
168005
182659
89963
108002
35689
108453
-1
142801
16631
193803
150491
104863
144139
184801
88022
146011
165961
180001
199153
190318
188943
-1
149519
36123
80000
192041
158929
118004
158003
168005
168005
80000
158003
190802
134129
136453
84496
68002
118004
101995
-1
-1
116029
161815
63964
83803
151909
80000
-1
51803
-1
24212
-1
-1
189386
-1
-1
38351
38002
99118
158003
80000
180631
48964
60820
103483
140033
168005
38396
62249
164149
-1
83245
-1
38062
-1
128445
-1
-1
101183
128803
-1
21802
148009
149143
103801
199543
16239
63611
89869
68046
53549
140519
49081
125859
4303
90092
54461
81619
108002
89329
16816
15391
-1
126502
80000
122883
180001
-1
90911
13159
148009
28243
-1
113333
-1
160808
154811
156805
166505
-1
165125
109805
40024
369
64802
21191
134129
51082
148009
139169
183622
105650
-1
183881
168005
-1
-1
25629
118004
160396
158839
135829
188009
-1
-1
199993
1569
168005
53831
86291
122849
-1
122539
38621
134889
35141
-1
44806
16489
68233
185089
-1
158003
15941
80538
85282
139801
-1
114803
103053
114389
20921
80000
65624
-1
-1
-1
-1
52538
114281
199981
134459
24083
2281
-1
14695
-1
154291
-1
122243
80513
151859
68898
40882
119302
193803
188009
24389
108002
12262
139801
64802
28226
64892
181243
123666
65893
-1
92553
138913
188009
181238
138991
52658
119842
168005
52132
-1
41649
56986
-1
130691
53233
108130
58010
61212
-1
38453
59559
32210
-1
58010
180001
-1
86291
68002
65204
22082
-1
195803
143809
60124
-1
190922
191089
120100
145949
-1
140149
143539
108683
68002
150169
30449
104506
-1
-1
118124
-1
62599
181351
61804
35999
-1
108002
32408
82846
164533
-1
-1
-1
188009
80000
112918
-1
180001
140445
-1
20582
160115
56611
-1
150595
22810
12545
155129
16599
48806
-1
80000
96065
68806
45805
103982
-1
-1
66644
26615
34313
118211
185021
128409
165040
86803
18002
62246
-1
181245
63022
68002
113809
101804
165218
84965
188009
113
53591
29611
122210
8543
-1
110809
-1
122439
-1
48631
64126
-1
-1
-1
49282
141025
180001
-1
148009
95409
58010
-1
-1
3089
-1
108002
35641
120209
6483
133230
102369
56339
26881
144259
196646
110809
38002
180001
-1
93089
13591
61449
110098
158003
45364
101330
180001
-1
192858
115293
58010
118004
16810
13063
41282
-1
-1
108002
135151
90999
19289
159463
12800
188009
64238
28582
6109
108002
200000
83833
118004
48002
-1
158003
-1
-1
104089
136093
144545
84032
2586
23300
2521
-1
15683
44806
58010
66830
5401
44131
50423
52562
165839
-1
66026
168005
1555
58010
-1
-1
183319
148809
-1
52159
-1
12161
12262
80000
180001
165265
129461
-1
-1
162040
135623
164589
152381
148009
188009
42052
33009
149469
45686
118004
108002
58010
38
165609
180626
58010
114389
45545
188009
86012
-1
110603
126689
49995
80000
-1
80000
-1
28629
193883
115553
148009
64802
56132
-1
-1
125009
188323
136883
54539
3345
15683
91801
180911
191039
60089
58010
22583
6220
66630
6645
-1
196124
48998
-1
113413
119299
180001
154255
169333
96410
143083
200002
180248
68002
-1
188009
46211
182803
88159
112442
-1
35493
196099
186492
2859
42569
154363
-1
58449
55015
180001
-1
14201
-1
55289
148299
-1
188009
134255
199618
50404
-1
92483
68002
909
-1
188009
191999
183803
130805
2883
-1
52495
96058
108002
120488
89801
140611
66805
68002
158003
132961
25953
-1
125803
-1
62245
153059
125099
11589
-1
-1
81695
186103
68821
-1
80000
80000
80810
-1
148009
131015
62681
108002
-1
168005
-1
182803
13058
168005
105209
1399
24488
110433
128998
80000
144269
155489
3802
108002
-1
39009
53986
-1
40580
62099
-1
99881
-1
-1
51803
156489
93433
-1
50069
181243
106231
51125
140893
35963
-1
108002
144353
188009
108802
188009
165260
68002
108818
21419
118004
25318
104990
121309
-1
10106
80921
-1
14531
154815
66853
165926
-1
189806
141803
113641
68002
21449
68659
188009
158383
116583
1223
80000
188009
60581
99193
-1
119212
160255
131300
50849
158003
99165
-1
118004
120488
16333
168933
68002
190219
103801
-1
163329
-1
5353
-1
-1
84905
-1
166289
10938
81463
184565
140803
18302
148193
146843
-1
-1
-1
66422
68491
136859
-1
165089
18002
59218
120808
158003
146989
140033
-1
189401
-1
139481
-1
-1
130630
196815
-1
168005
-1
26444
165693
111599
113642
148009
68218
16441
-1
158889
-1
3106
99692
-1
6029
-1
13403
-1
188009
192043
196003
-1
94459
41626
-1
188429
50612
161281
89351
155815
144805
196408
148009
-1
23812
-1
68002
118004
163623
53549
152681
125099
-1
8803
138018
80000
80363
118004
-1
10383
45301
110393
166262
62483
96622
80989
91801
138001
169159
-1
10599
88198
103549
-1
139459
96049
122201
131809
85429
123863
13499
158003
68602
80000
15495
68002
-1
28093
142651
111382
141415
24209
62801
11182
-1
169166
29641
43604
199618
34845
58010
148009
62191
104801
113083
114641
-1
116495
158003
83992
180065
-1
143249
118004
-1
125651
-1
68002
-1
-1
39383
-1
111509
124190
51304
180001
-1
106625
59921
52849
168005
3688
148669
100160
131809
148009
-1
56141
136949
18686
35969
-1
-1
11813
98369
-1
65981
25801
-1
188009
165812
148009
68002
131305
120130
160806
-1
198439
126401
188009
122431
-1
159881
2459
115429
161848
102369
5806
136693
122806
181213
39509
68806
188009
168052
-1
-1
59281
55415
40465
41918
5003
-1
-1
-1
31555
44413
58010
69386
12664
-1
188389
-1
105445
168005
54539
8438
-1
130909
98060
9449
189199
-1
68002
-1
-1
41801
1959
-1
19643
101812
-1
153383
158003
34805
-1
184165
108023
-1
-1
-1
31583
-1
9551
118004
138953
24319
102982
-1
188009
-1
-1
189682
25852
-1
190838
68002
192455
61259
148009
68002
-1
12515
-1
128033
198663
10321
49692
112664
88099
54809
66593
168005
195059
-1
114623
61658
158003
-1
-1
-1
109405
54843
181289
164852
198983
189439
118004
158803
-1
194189
-1
190945
3984
189523
158003
188009
16069
140803
69491
138353
-1
-1
12001
158003
-1
-1
188009
-1
196804
-1
6
108002
-1
91318
119869
100145
110829
108002
92992
80000
2362
141019
118004
-1
161461
168005
8003
95131
111131
-1
51692
139483
48392
-1
98003
118004
158003
64283
169343
-1
15119
98143
199481
-1
126631
184801
59825
54583
-1
32129
-1
196886
93315
108439
153043
80000
-1
-1
12326
58010
180001
5924
-1
180001
114983
-1
8003
68002
3313
118004
-1
63069
98939
92893
118004
192422
28549
23483
30313
30341
114193
-1
134803
-1
8446
58099
2801
168005
106849
161929
2598
-1
168005
63683
132896
128069
18959
151903
-1
119589
115809
55103
-1
113822
-1
40021
161815
93836
-1
56222
188009
36104
-1
188009
25238
-1
-1
10301
-1
181903
194009
80000
69463
-1
28559
148809
-1
85132
42080
132220
-1
-1
20953
-1
118004
126223
-1
168005
131018
-1
168005
118004
44095
110353
54209
8839
194591
159805
-1
182803
2164
-1
139246
-1
88204
118138
158003
39511
119039
68806
42023
40522
-1
515
-1
80000
124252
69533
96386
138863
88022
-1
105052
18092
63849
46219
151245
31069
95311
126986
20438
125683
118253
50899
190063
183290
168962
101366
-1
141383
-1
-1
188009
150805
-1
180001
182990
31869
181801
136691
108002
180541
141803
40555
155983
-1
82921
158003
96440
-1
119090
131809
55159
168449
180001
-1
-1
83561
132393
194489
43619
-1
-1
93489
-1
180001
8116
36121
-1
143155
8000
111611
34883
41149
113809
106100
188009
52153
-1
56450
109049
-1
141803
-1
26183
88562
-1
-1
124886
4528
104801
109805
8000
-1
-1
149801
51565
158003
102849
-1
158003
168005
13999
-1
158003
80506
-1
-1
-1
118004
-1
-1
1864
20218
60050
118004
162839
191039
6631
188009
193124
28086
21859
188009
95143
-1
109519
45364
-1
183283
143809
-1
-1
96392
48486
128126
38886
122651
-1
140493
63409
182239
188429
20042
-1
-1
135083
60124
55441
92941
56851
114991
31910
-1
112265
163549
168486
135181
133423
34995
158003
118004
199483
191830
133949
193196
-1
-1
68002
13591
192459
198802
164506
-1
89329
180001
58010
4449
-1
188009
108002
148009
-1
90686
60132
-1
158003
90658
38002
-1
132619
-1
-1
44332
-1
150359
-1
998
118004
182809
91801
1999
118004
-1
182929
85531
108002
69311
2636
39521
68002
152293
139169
-1
-1
4052
30265
184486
45313
62483
50564
-1
-1
68002
13684
189029
30089
1661
51980
80000
50555
104383
46283
20516
119183
116693
-1
-1
188009
118004
189281
148009
114083
-1
-1
184439
188009
50182
65966
189226
148859
159415
103006
10039
-1
160984
-1
-1
18341
118004
199803
193513
59980
80000
55989
-1
-1
-1
168005
-1
148299
10522
10211
91493
-1
9343
-1
13045
151565
199996
8102
63913
18002
95969
121931
-1
185543
62212
118418
-1
-1
28283
10691
-1
58010
-1
123686
84226
25849
-1
48002
61543
-1
69589
180001
-1
16924
52859
120808
131623
160403
-1
200000
165805
10818
-1
-1
132500
-1
168005
-1
158003
-1
-1
151201
133639
108002
33802
-1
148009
92809
24103
188009
109523
59222
36802
182408
-1
112802
133180
166399
51932
68045
11801
111253
21559
192422
-1
80000
64802
58010
122488
61015
2486
88089
56458
180001
80000
168005
188009
148009
52625
183343
80452
80000
158609
-1
6931
155161
180016
80000
129065
116903
-1
199543
-1
-1
21989
-1
148009
68002
196863
-1
6803
39806
23021
180001
80000
190843
58319
-1
113852
19862
80000
48480
-1
90803
148009
-1
-1
109226
83822
59489
162650
68002
158003
55943
103503
80000
126811
332
83021
169618
198159
199999
33331
118004
-1
10580
-1
108002
68002
139058
108002
-1
34805
108002
45119
50282
-1
-1
135899
111845
33636
152899
120808
-1
168281
31915
18682
153619
82130
106139
80000
68002
40282
-1
45986
139361
-1
80000
-1
64245
151531
48309
62401
80000
51046
18652
-1
85244
-1
156243
-1
928
3083
45802
68002
54155
152293
148009
118004
-1
-1
132445
-1
158003
188009
-1
153803
-1
-1
-1
156661
46118
-1
129802
13315
68002
122462
68002
30826
68183
123549
39233
91995
151049
39996
93851
58105
-1
-1
108002
1345
-1
122440
145589
119813
51043
130805
126404
-1
-1
133240
180001
108002
68806
35801
158003
109381
22166
-1
180001
98003
46442
143281
4682
-1
-1
169696
45019
116803
-1
-1
180001
-1
122806
68002
33260
81989
64802
49960
61051
140089
153563
68002
161065
184693
-1
18002
48593
93319
106882
41509
-1
-1
140033
-1
-1
128411
12095
150609
641
116062
80000
110006
64802
9943
48200
66298
93802
-1
33802
148009
165253
-1
-1
158003
80000
34603
168005
-1
110626
-1
68002
152519
93963
130120
36082
121610
-1
2490
-1
80000
112291
53833
118004
48250
-1
66484
-1
13295
-1
168005
161521
-1
-1
95839
69898
168005
119330
90110
125495
85858
-1
55525
122029
80221
190051
-1
80000
-1
132091
148009
29122
116443
15439
-1
131062
-1
8422
-1
80000
6509
159693
94193
58165
13666
105208
104966
133918
-1
-1
-1
163063
5683
43153
90163
-1
133389
128126
-1
83101
21191
158003
55801
-1
128929
51899
148009
55889
152899
-1
148201
68662
94153
168005
118919
150959
120926
63236
113021
188009
9318
138622
-1
108002
158003
-1
180001
168598
153449
12611
158003
122401
60429
196081
125803
184801
34805
140099
46831
-1
-1
9224
54083
-1
192364
19469
68002
199996
115553
95889
26336
111113
45095
108246
91513
-1
41926
-1
-1
122609
91309
30445
108002
60026
-1
-1
6806
188009
108145
168005
153641
-1
158943
168145
168005
-1
125032
4820
80000
108002
-1
114883
68002
-1
186526
185681
31991
158003
162238
8812
84990
58010
6266
149249
106019
180001
-1
162128
168005
-1
81805
80000
15439
168005
55681
161853
145441
116995
58010
110290
34441
86083
115295
140089
58010
33353
90353
184389
93032
98561
139021
126199
60805
43138
45382
142889
89041
126125
24155
-1
80000
125803
81491
-1
168005
108539
30319
-1
-1
168005
26861
33666
-1
148009
19846
3295
168005
108002
38338
18002
188861
15905
168005
31643
180001
11801
168005
68002
199996
106438
190669
103099
158003
-1
-1
16589
138511
-1
134041
9049
126393
69658
-1
124969
45015
15439
-1
18002
145661
12038
36949
143539
129039
-1
142549
10568
195491
-1
116302
-1
129629
86599
192802
162466
-1
110881
112264
158881
58010
6529
152239
188009
92195
95603
92399
148809
81182
-1
-1
193689
84481
180001
33844
141311
-1
118004
36339
188009
25859
-1
125803
8803
160010
8983
34313
142229
116665
110809
118532
108130
126669
24999
28898
161411
21503
15881
30089
102290
68002
68002
118004
162515
188911
50186
188941
1069
188009
128026
115931
28403
18553
162584
-1
36121
68522
130201
88562
92306
180001
105052
68002
50905
-1
23551
-1
153089
46118
-1
23818
58010
6082
-1
-1
-1
39383
26053
125303
184109
-1
88939
90451
-1
181801
114641
-1
-1
53003
99805
131821
18691
4640
68002
189186
55801
22424
188009
28001
154589
-1
118004
138052
58046
118589
-1
108191
12301
89
9124
25633
40183
148009
194459
58669
4840
80000
11945
113842
102496
12449
168005
-1
123343
61655
2225
-1
104186
118004
80000
-1
188009
9491
-1
-1
-1
141809
-1
180001
98159
-1
-1
125683
30181
115589
-1
101495
-1
-1
-1
39601
55663
-1
141343
-1
118004
-1
90803
115645
-1
-1
59293
-1
130408
180001
58243
153563
143483
156011
12490
9820
108002
-1
-1
54829
168005
143809
93153
62516
198020
143389
-1
130805
190549
164438
14621
143131
110849
136089
1339
180001
25901
-1
16249
80000
-1
80341
189549
148513
-1
-1
-1
189682
-1
100900
188009
56662
-1
133160
58010
138238
-1
-1
108229
24986
148009
82609
111190
188009
92353
-1
-1
108002
80000
50104
140053
150329
118004
325
143413
139801
165805
-1
131183
80083
82549
81805
30
180883
-1
2092
93332
42080
89126
-1
132892
180001
-1
168886
-1
80000
-1
16001
90803
131389
110266
-1
50249
15941
-1
122219
108002
186506
101833
165611
186423
-1
-1
32559
-1
105883
9866
-1
60406
98818
180130
-1
198001
-1
58010
102215
129320
29599
125924
32462
25699
-1
29569
-1
-1
63463
-1
162040
139143
130565
32212
68993
-1
125803
181921
124402
48869
192281
108002
23201
64102
63429
185429
-1
48806
-1
28318
124181
-1
148809
63803
143693
104801
-1
-1
106181
185662
28162
1049
26359
46681
19321
100981
3333
-1
85282
169219
91801
188009
9013
118004
80000
115153
188009
168005
198638
151813
46660
-1
102689
21961
18002
124829
20452
85802
199964
61045
49331
54421
108002
94823
61186
-1
58010
-1
112886
108002
118921
121955
114805
140269
141803
101804
11299
-1
129069
121909
85819
-1
-1
-1
12500
82805
26538
148009
54109
106669
-1
16805
102052
158003
181210
118004
30469
58010
9992
129208
180001
150833
163351
24169
-1
148009
69809
20255
30698
38431
122539
-1
128803
-1
-1
58010
158003
-1
28001
-1
-1
36151
58010
51980
58010
-1
141481
191339
80000
18033
118004
58010
138001
64198
108022
-1
163351
99245
91801
-1
105199
-1
104459
45181
13326
-1
131326
-1
-1
26538
114889
20443
-1
-1
148009
80831
59846
54403
155153
9665
14243
-1
180001
53323
39601
-1
164282
84190
45139
89939
193364
50411
-1
54399
-1
185681
104206
-1
21545
198893
39926
-1
63559
139229
144089
152489
130805
125399
81845
136618
10690
63643
-1
128162
68002
103210
42461
164513
126598
142145
128483
46653
89923
188009
31209
158003
-1
136118
99233
148009
66412
105549
82805
121565
108802
182419
156515
-1
158003
18110
160642
108002
81083
-1
168005
20095
142589
139382
196219
184844
-1
135151
-1
108002
-1
118982
45341
155209
-1
28589
83318
45403
180802
5119
-1
145441
193513
39838
191155
168005
68002
148009
-1
-1
65119
61989
126811
68002
-1
-1
-1
152339
-1
-1
183151
166619
148809
46220
118081
144839
118004
-1
-1
180001
139511
61804
144805
192802
145253
-1
-1
58010
44006
39959
13921
-1
105129
26801
190623
122149
30421
59804
-1
66090
58010
81551
93283
146093
120808
81208
104891
80363
148009
3109
31499
66109
-1
108002
188009
-1
80000
-1
158003
180001
-1
138661
169445
81805
150805
68806
-1
91139
138101
54083
43219
161863
138842
100406
-1
6838
168005
-1
53549
130539
49591
69313
188009
12653
181809
20415
108002
-1
-1
109805
42061
-1
64066
148009
51899
-1
154291
128046
163509
26161
-1
60149
85009
148009
82469
189169
108002
1202
124811
158003
120808
33802
-1
148859
108263
85269
10250
160801
148009
115809
82882
110849
165805
46198
158003
80480
158003
113591
-1
158581
158003
165383
-1
112690
185089
58010
112460
12524
4805
16820
192048
39818
60159
145823
53906
24580
196369
108002
145025
4024
-1
23221
24306
114339
38559
80000
-1
48319
34955
160483
136106
-1
68002
68002
80000
182122
16246
58010
100519
44230
155383
123383
180001
18839
188009
90101
113962
38921
5455
102290
153803
-1
105423
80000
68002
9199
119381
-1
68002
-1
151813
165639
152833
118004
160609
-1
5065
58010
154811
108002
-1
45343
153329
-1
80293
52810
-1
135511
181515
56299
124664
11083
146423
-1
14821
125429
108002
-1
58010
84800
165122
194809
56159
-1
186191
-1
-1
-1
135181
68002
118004
68002
-1
148009
15655
168005
10060
152353
-1
66590
139396
91629
163396
180990
108002
108002
65911
-1
-1
144939
188009
68002
-1
4391
148009
-1
112045
144289
193803
161093
96802
29803
38426
199505
62801
64559
164306
16921
181218
64429
164643
199859
138063
132011
180001
-1
-1
48593
108002
108002
128833
-1
-1
129583
-1
68002
126489
98561
31810
18098
108002
198439
90166
42118
-1
-1
34045
59581
128941
63295
38986
139253
81920
152809
156595
68249
168121
168005
-1
169804
14005
104021
96386
-1
-1
105262
180001
121321
16018
-1
36832
109139
58010
180001
44120
59804
44806
191489
25933
149993
180001
108002
-1
119299
196681
58010
164333
68002
165999
-1
80000
-1
166351
38422
148009
-1
23201
140803
32924
33330
102983
139822
168005
188009
169483
180001
-1
126283
-1
108002
-1
198802
149255
-1
-1
196815
114913
168005
43982
116869
68002
68002
-1
134489
196492
89801
180001
68002
-1
83242
16648
158003
124102
-1
48404
44806
159805
26861
98131
84122
46519
-1
193058
-1
44845
129469
68002
13240
56122
-1
-1
94429
168005
180001
16689
155891
63964
163981
68002
180001
22349
-1
92801
51803
99248
139493
108002
168551
-1
43223
-1
-1
113809
-1
195539
108802
180023
13451
85186
-1
36698
50521
-1
165169
104332
-1
151295
139981
42509
80000
44026
81401
1230
80000
-1
115643
199613
-1
46803
14923
12800
180331
190622
124303
4120
26905
168005
108002
-1
10403
200002
12259
116612
88399
-1
82693
88801
80000
41182
149489
62045
199919
8000
82963
108002
196918
46220
86111
145443
3603
68002
65050
48599
124609
-1
32044
123686
92084
69263
56566
153863
131401
332
-1
85061
152489
182681
3202
-1
180001
200000
-1
-1
61501
66182
-1
180001
180001
-1
180001
-1
114083
-1
118004
112582
-1
88883
188009
26393
81658
-1
36236
38644
9001
158293
165233
193601
28649
-1
-1
133919
113809
18205
159805
30802
148009
40382
148009
-1
161591
181515
-1
-1
180001
58010
-1
118004
158003
180001
10690
123451
60218
133801
148009
-1
2389
16981
195509
124186
159683
119489
165805
6215
118004
168005
80000
20189
-1
51658
42339
125529
41852
82826
19801
123483
50965
161201
100411
135019
35521
54489
61569
118004
126811
58010
-1
130003
-1
191231
9980
23929
143809
-1
-1
124329
135181
90803
85042
186923
168005
195189
142853
188009
11962
14803
81644
100286
62366
168005
163689
84089
80000
160591
139801
-1
-1
38422
36683
68002
62801
62889
108533
8539
119095
-1
51229
-1
2899
5645
-1
-1
64329
36362
158003
108002
148009
196906
195491
6163
94483
50889
109082
108002
-1
116236
-1
2230
154811
142529
136513
30543
91669
8486
144241
192811
133913
129581
-1
108802
180001
188009
-1
25351
164482
150301
-1
23609
-1
138399
148009
80000
192391
12505
-1
128311
-1
68002
45119
-1
118004
-1
115293
