68.463
72.000
91.000
24.358
61.000
22.413
66.000
77.000
88.000
61.000
1.000
14.501
62.000
88.086
28.144
54.290
90.000
72.536
110.111
8.476
75.000
46.000
23.000
6.000
107.006
94.000
81.167
35.225
42.000
65.094
70.614
69.721
11.024
46.752
42.067
16.000
35.500
90.076
95.000
19.000
24.545
32.000
98.000
28.000
1.006
58.327
96.110
41.000
97.359
40.000
65.000
65.063
63.016
33.716
9.000
102.235
68.231
2.000
97.000
12.000
25.557
59.000
36.000
38.000
37.718
56.000
98.583
15.000
50.000
38.000
27.000
88.907
73.396
82.803
13.333
43.000
74.000
63.000
39.000
48.650
45.000
13.000
17.000
51.000
14.130
54.818
44.000
25.214
45.000
80.000
59.760
65.572
16.000
100.000
42.000
51.000
53.481
77.000
67.272
86.177
