92.000
8.574
11.807
17.100
88.784
98.200
70.399
42.936
9.320
39.304
25.440
42.700
128.049
100.367
35.701
36.500
24.214
29.500
64.431
99.491
21.689
94.800
22.144
77.562
43.460
50.912
97.900
49.334
85.051
52.988
0.538
46.746
36.500
64.500
7.575
89.900
15.700
61.500
95.600
67.549
23.100
81.804
56.500
73.076
84.812
50.466
55.800
60.456
87.824
59.452
45.100
137.782
69.676
3.000
31.600
2.503
38.300
57.400
49.450
11.312
78.300
41.315
8.400
90.100
17.979
87.438
73.405
22.524
14.377
82.321
15.100
88.800
16.465
63.203
86.600
91.100
93.300
43.500
44.876
45.521
49.660
8.500
58.900
12.412
58.228
115.213
45.600
83.000
99.200
92.878
96.400
70.800
74.200
87.742
50.765
77.300
22.800
43.818
92.824
7.483
