253
50
358
388
205
441
328
790
592
43
513
403
770
539
449
302
499
377
28
2090
251
2994
61
335
386
2254
338
59
203
552
74
592
204
229
1915
316
323
140
34
25
448
432
357
450
577
1404
447
610
2731
172
526
371
376
4496
702
611
587
3312
629
30
1503
177
546
74
339
81
353
174
456
89
158
196
264
494
1159
47
393
399
1305
220
533
210
498
548
2090
530
191
4028
441
440
1915
135
24
229
120
18
269
41
159
53
539
338
350
538
403
171
226
402
297
581
59
582
385
170
574
326
573
56
27
152
381
4028
4028
587
4496
160
2487
196
81
4496
411
577
28
26
406
1915
462
403
43
190
315
513
381
1915
203
301
126
2487
555
280
55
302
829
39
340
39
307
196
434
301
158
293
443
4496
307
528
2731
28
222
196
546
551
252
313
196
356
280
225
353
153
158
196
293
130
534
214
666
364
583
56
212
338
371
43
80
388
514
206
39
533
339
509
458
533
444
94
24
265
395
23
52
92
34
56
1503
208
990
172
168
207
249
330
315
847
847
383
111
191
37
11
1404
3647
519
327
344
399
403
443
326
108
341
67
1046
333
4496
440
577
215
119
400
4028
150
1226
434
3647
158
307
120
3312
481
433
484
9
249
1621
14
207
383
347
452
47
368
207
215
458
52
41
495
625
94
494
24
510
1621
513
205
502
486
330
495
73
22
403
3312
49
80
478
69
108
165
164
536
462
437
269
572
74
517
35
217
490
196
637
155
506
420
533
4496
523
384
1404
195
427
246
383
229
196
252
352
486
252
256
42
592
569
108
543
622
32
438
326
1503
246
4496
2994
141
312
2487
293
306
1226
990
80
582
551
78
141
101
158
226
119
587
315
148
162
41
873
510
89
550
170
592
420
368
259
345
4496
1761
488
72
339
260
82
374
1761
223
203
4028
455
386
512
67
11
2487
427
252
301
256
171
293
321
313
591
448
2487
3647
259
550
148
264
790
554
532
599
520
226
36
52
299
256
790
625
396
609
254
489
170
50
806
1915
208
447
392
544
481
516
2254
293
110
81
333
438
363
259
296
445
505
191
383
538
344
400
345
443
246
428
559
402
346
497
171
63
118
399
165
390
69
388
164
449
452
518
104
4028
338
396
499
599
171
119
382
483
259
556
388
265
293
479
72
448
40
533
244
599
630
190
3647
4028
338
176
4028
216
59
316
80
528
217
196
165
162
415
356
256
306
321
2487
257
2994
19
1915
305
3312
641
381
315
223
152
476
1915
401
400
414
203
455
430
345
395
345
165
512
505
103
263
210
227
171
425
442
3647
347
458
27
752
447
341
367
207
294
212
38
152
386
3312
57
164
602
568
452
597
603
428
583
38
477
206
156
1761
447
217
414
247
422
337
74
403
847
3312
554
137
551
37
512
490
494
221
204
254
121
410
538
4496
490
89
580
428
122
208
506
26
423
399
486
53
338
449
550
484
303
514
434
24
2254
168
443
124
406
258
455
252
452
267
346
3312
583
254
89
205
207
150
125
197
27
333
628
392
335
460
255
258
406
159
625
629
314
35
572
392
3312
297
364
4028
267
158
40
340
74
229
11
81
424
158
514
4028
60
594
475
350
118
75
246
24
386
517
224
1226
344
404
126
538
247
143
92
163
1915
1159
3312
118
250
111
539
165
30
81
448
526
42
2994
1915
442
517
501
379
56
293
4496
419
585
572
333
510
190
478
231
393
79
406
490
128
321
275
246
338
349
229
160
362
1404
256
502
456
229
453
214
517
423
51
255
3647
829
1621
126
266
153
262
411
103
383
456
82
588
259
505
69
257
384
200
304
262
610
215
4028
246
534
260
504
473
546
613
399
61
142
290
593
2254
451
142
501
128
514
400
113
528
22
160
584
144
2731
29
206
554
486
379
579
141
576
251
1761
3647
35
500
435
346
383
444
452
223
24
396
46
106
27
4028
215
118
518
446
337
52
440
4496
2487
1101
551
384
93
328
585
449
157
420
338
331
108
141
407
523
256
303
331
3312
403
990
1503
399
30
387
4028
340
65
260
246
452
400
257
510
346
316
297
103
254
56
582
69
210
250
202
150
298
3312
590
532
215
215
79
486
320
4028
119
42
553
312
450
402
61
49
453
1226
398
80
483
424
223
573
161
430
256
410
338
447
2731
453
118
262
546
591
214
189
522
448
527
306
2487
331
437
591
513
50
333
533
102
618
3312
158
445
592
4028
2254
231
337
3647
62
24
178
335
489
509
534
110
550
336
156
12
483
484
167
223
107
513
444
105
513
481
108
568
148
555
206
321
442
608
214
226
220
229
3647
475
505
449
990
462
152
45
252
2994
338
142
322
434
4028
806
4496
158
196
79
212
41
167
302
4028
397
528
3312
3647
584
128
73
509
397
263
32
447
483
514
176
153
163
397
437
573
486
533
1404
353
253
873
382
62
254
34
165
157
340
47
251
162
477
1621
528
414
403
440
312
152
343
1305
521
572
216
364
513
561
385
532
319
606
3312
1159
159
218
607
11
264
606
399
108
590
500
587
202
4496
220
61
171
107
585
501
437
150
367
169
367
671
335
172
51
350
393
222
790
4028
253
1503
376
388
172
254
333
174
12
59
337
437
523
107
312
218
443
515
307
481
439
318
563
548
506
4496
293
427
267
78
609
582
539
443
545
447
570
2994
218
510
354
51
204
581
56
434
463
389
302
252
497
291
1915
434
331
250
216
558
532
471
434
4028
429
2254
356
387
589
155
165
62
344
558
517
227
500
259
317
2994
320
203
153
538
89
208
339
528
56
399
11
396
346
514
329
163
276
558
790
505
583
304
234
449
529
57
67
158
117
252
400
258
439
86
94
434
159
158
35
229
513
4028
149
61
364
396
316
314
508
24
45
401
69
270
159
265
543
75
470
403
36
543
2731
379
158
1915
81
336
414
428
576
4028
587
584
142
4028
514
379
52
1101
990
460
341
158
80
384
472
396
335
202
328
551
4496
512
27
297
495
1621
252
280
343
535
448
449
212
165
450
568
379
338
448
255
424
247
351
2254
4496
260
335
636
526
107
148
543
388
25
334
176
577
203
215
534
414
252
215
179
90
107
79
400
219
246
481
2994
555
448
397
215
3312
513
2487
78
407
1915
166
108
13
444
466
106
306
1305
82
3647
534
305
498
1226
301
516
592
3647
292
435
115
411
158
122
39
558
388
167
482
128
473
304
2254
392
3647
103
4028
428
1621
454
613
379
210
260
318
11
223
158
408
333
450
552
581
251
39
481
321
517
847
2090
581
575
516
497
335
379
206
686
494
2487
514
211
1101
582
88
460
298
522
340
470
226
445
520
4496
528
90
184
229
126
577
410
351
49
203
259
607
310
293
293
568
462
118
440
153
604
498
24
568
579
310
2090
63
31
387
402
445
11
521
137
519
381
38
340
186
16
411
2731
158
2254
118
485
399
397
551
58
421
293
2994
2731
581
128
172
114
344
369
148
81
473
437
31
213
261
300
545
510
157
178
1305
596
264
2487
438
708
163
445
443
174
148
27
481
247
346
2090
312
41
543
38
79
512
18
260
90
990
210
74
207
528
227
18
267
142
540
1503
204
3312
76
32
459
583
24
428
539
110
4496
907
63
252
223
26
106
313
379
727
252
527
90
543
348
512
313
158
176
28
350
336
1226
313
207
106
430
338
36
434
386
334
4028
614
533
508
112
572
120
599
474
511
555
583
583
518
215
63
218
3312
400
165
489
385
829
380
4028
142
611
320
368
345
192
1915
162
590
254
439
518
229
1404
502
403
628
206
246
449
107
432
395
393
806
266
43
603
2487
4496
56
264
327
513
612
4496
2090
179
66
554
439
450
196
133
504
471
106
599
374
39
270
393
247
285
403
210
2994
254
190
107
44
502
113
610
364
498
455
147
2090
552
561
441
487
456
364
119
256
24
327
541
379
383
423
1621
367
164
395
80
565
303
502
218
455
489
153
428
78
149
328
491
217
384
551
547
276
108
347
158
512
477
610
11
405
448
4496
388
604
37
529
393
2731
553
378
226
1503
82
164
424
202
402
538
56
105
230
591
260
158
166
351
526
486
538
440
513
216
587
3647
2487
137
533
535
51
320
531
207
2254
256
517
256
11
2731
44
222
174
581
629
11
60
402
170
383
253
403
154
577
42
42
2090
300
217
3647
3647
47
333
223
263
260
1761
314
405
446
522
248
82
447
265
229
510
437
155
495
164
2994
163
420
1404
366
345
362
324
372
26
528
393
217
519
2994
80
451
217
82
4496
434
156
257
447
519
207
159
265
167
74
437
499
349
333
80
440
990
583
466
604
522
520
708
313
511
547
130
580
144
611
169
208
477
353
140
272
142
2994
255
156
70
629
472
307
260
449
419
353
49
424
2731
158
436
1761
528
24
65
151
947
176
73
327
414
246
445
153
1761
533
293
526
217
383
4496
428
614
1404
361
3312
246
576
511
611
164
260
293
81
511
302
149
176
215
61
208
11
526
947
520
302
94
203
159
518
118
557
143
55
314
207
331
420
118
293
248
254
258
348
3312
24
235
270
364
65
483
129
497
143
539
366
454
403
261
566
112
313
528
172
404
171
401
436
364
232
338
199
303
214
1226
476
456
82
214
2254
450
150
142
542
28
432
4028
3647
137
1915
428
450
91
603
353
313
91
387
560
522
546
444
322
139
3312
382
362
38
529
599
265
104
2994
337
4496
254
37
1404
541
11
144
226
248
1915
541
3647
486
437
443
44
316
432
141
547
57
65
208
4028
642
540
277
56
534
335
364
312
640
338
112
527
526
525
294
390
602
511
338
554
58
566
79
352
379
229
1046
218
163
552
406
4496
336
111
392
342
511
321
105
337
139
498
258
403
485
581
2994
535
340
169
121
389
156
440
247
607
338
53
250
575
613
24
36
115
990
150
106
159
111
455
124
591
33
270
103
399
249
346
261
166
120
385
666
500
68
379
2994
210
489
592
379
34
257
4496
402
93
259
247
88
847
383
346
122
268
2994
44
2487
259
371
174
447
196
208
806
587
349
513
4028
1404
57
403
535
149
307
363
79
94
437
378
502
171
403
264
599
429
298
78
120
52
246
343
629
25
485
598
613
216
80
249
141
446
425
2731
447
231
517
440
171
31
379
439
79
69
163
344
510
121
533
353
606
297
346
546
2487
251
252
190
196
1621
502
633
28
335
379
384
446
196
38
362
406
2254
477
556
518
312
480
436
206
528
480
26
4028
587
3312
56
606
215
118
362
246
225
453
392
4028
2487
511
334
3647
40
362
328
106
321
528
170
383
190
80
541
2090
185
521
611
571
313
333
339
456
1761
428
269
474
516
218
75
3312
221
104
118
103
128
119
2994
156
64
338
2487
219
163
73
292
381
143
334
371
386
28
399
4496
497
206
393
27
210
298
103
216
399
583
532
143
384
521
259
141
401
353
445
499
334
516
531
79
519
366
583
142
304
449
340
4496
504
51
397
196
142
255
79
448
122
633
264
74
56
582
12
143
514
482
2487
554
80
1404
519
339
447
263
388
27
304
170
552
557
397
390
806
74
148
177
447
555
54
257
447
558
79
54
603
457
393
35
207
32
403
57
179
1915
484
702
159
599
377
496
4028
514
621
990
223
569
177
473
190
52
35
348
449
483
344
24
51
514
393
24
283
77
582
4028
381
177
420
210
519
248
24
304
506
617
1404
582
3312
107
582
47
1915
334
553
947
328
67
428
519
327
3647
384
2090
535
448
397
532
171
252
453
52
4028
489
305
522
214
334
337
352
259
324
245
81
2487
4496
170
528
369
164
494
117
349
364
149
337
1404
4496
124
399
18
506
141
660
34
539
1305
495
95
489
1915
419
628
479
1503
222
449
502
107
388
580
537
437
540
395
336
268
347
490
2994
499
217
11
399
3647
441
448
4496
247
453
118
447
3647
1226
79
108
218
529
592
215
4496
235
256
59
208
907
256
481
223
529
451
164
1159
470
23
65
606
586
510
47
104
481
257
151
219
2731
453
475
489
435
2994
625
4028
1046
4028
19
263
495
625
517
584
179
550
536
591
847
111
552
463
1761
174
552
451
441
516
622
582
312
1226
297
164
1915
1404
495
393
464
225
379
632
92
567
474
215
386
120
118
514
139
445
3312
628
526
554
351
554
557
3647
572
176
504
105
452
403
500
448
400
338
446
337
4028
74
158
61
2487
255
124
25
19
2487
304
1915
528
249
551
158
509
269
312
517
342
384
251
196
334
436
3312
142
343
1305
50
313
1915
103
214
558
24
229
581
260
446
529
490
532
320
88
350
170
397
420
204
3647
268
256
454
589
59
538
366
69
4028
1159
337
113
1915
611
118
436
602
49
43
547
229
222
2994
2254
381
2731
447
387
80
520
157
11
1404
3647
440
547
173
166
573
218
235
2994
434
269
32
35
1305
319
80
2731
510
528
364
38
581
315
625
232
592
514
401
383
175
120
337
548
476
89
82
208
3647
29
3312
266
544
3647
19
115
138
166
191
3647
551
618
528
256
4496
619
312
435
566
208
330
752
366
93
403
438
366
268
525
50
265
514
340
183
1915
437
2731
336
509
2487
47
467
396
230
3647
511
207
1305
398
326
585
50
603
207
4496
542
11
603
427
447
312
494
379
305
447
225
256
3312
56
1503
445
455
458
114
102
2254
207
65
2090
220
213
411
2254
312
495
506
58
25
606
253
434
2487
516
448
119
459
256
11
1159
482
49
266
175
439
625
770
538
332
310
174
396
362
157
203
196
93
253
398
321
450
333
150
455
72
207
106
222
81
218
522
196
156
589
528
397
451
258
399
331
541
510
263
59
552
47
526
553
162
327
440
586
616
513
336
1761
1305
327
217
547
245
490
583
191
450
452
260
445
514
387
148
443
420
420
374
430
368
618
52
548
502
229
170
222
312
219
486
500
490
60
303
247
13
546
338
564
829
403
463
169
398
327
2994
790
2487
306
313
454
2994
540
386
442
400
223
82
142
204
579
321
25
556
166
43
447
385
76
625
519
393
399
126
443
103
506
608
694
4496
2731
292
90
450
403
148
190
43
256
337
494
535
577
584
2254
484
455
528
248
44
338
495
481
40
522
257
2254
257
159
533
80
383
141
120
481
47
24
64
141
158
151
256
298
990
599
486
107
124
150
171
393
363
164
268
517
376
196
92
533
75
332
388
336
353
88
62
517
453
379
57
319
444
47
1915
448
533
489
257
59
533
366
116
546
453
4028
112
586
440
432
585
630
423
599
376
439
95
577
447
495
51
312
572
116
335
587
399
393
484
2254
583
92
47
847
4496
152
291
317
393
444
255
155
218
384
4028
490
119
2254
343
544
362
568
479
399
141
491
327
624
256
565
366
104
555
513
336
265
440
453
4028
65
89
1761
173
489
483
829
592
94
2994
487
581
260
374
450
625
81
531
584
480
95
353
19
117
449
581
230
403
338
385
341
592
204
57
158
1404
517
414
112
252
305
587
225
609
4496
363
1621
440
473
340
72
61
847
571
442
351
2994
486
591
573
207
581
702
493
294
382
448
453
222
57
2994
254
246
452
527
571
28
580
424
559
248
312
347
4496
169
340
124
4496
363
74
402
3312
265
566
528
19
383
577
218
404
390
435
68
379
260
2090
349
739
159
599
314
496
31
332
540
403
170
327
452
398
847
376
4028
566
229
159
4028
49
3312
548
91
478
411
528
3312
30
552
307
162
570
622
320
207
520
790
90
149
217
526
379
55
3647
517
483
362
353
68
411
383
88
563
244
81
490
551
4496
249
383
301
336
588
554
494
153
253
364
206
559
18
393
2254
481
159
142
577
381
4028
190
256
477
552
448
53
256
47
264
499
290
176
140
382
432
92
252
173
116
4496
2994
314
340
420
335
142
25
543
626
236
72
52
486
612
319
190
350
543
583
403
582
214
215
297
56
177
443
1101
338
498
384
119
80
519
42
496
514
520
89
306
551
165
18
317
249
436
611
248
362
142
330
392
452
382
1761
490
570
572
2487
509
324
483
254
513
453
556
445
1761
429
533
423
623
216
847
550
316
448
484
347
524
439
73
3647
215
440
583
335
346
522
234
158
609
560
2994
163
420
142
405
335
208
88
519
59
422
495
484
511
369
40
420
202
143
301
607
24
298
56
589
351
543
530
250
583
506
61
306
263
508
112
214
293
298
107
633
399
611
11
591
41
215
543
218
292
210
589
142
344
444
126
410
495
11
625
366
2487
450
378
62
514
217
527
215
10
382
517
458
66
35
535
59
508
445
301
533
82
262
256
165
152
248
59
1404
79
495
321
560
112
58
254
656
300
153
444
581
555
487
171
449
106
93
589
451
141
387
223
299
4496
219
437
269
78
171
44
475
556
103
2731
175
159
513
171
3647
2090
172
502
229
124
144
382
1621
169
403
451
517
215
752
173
206
338
639
32
485
411
378
363
265
12
440
171
171
450
414
156
336
337
609
122
406
170
29
1159
140
2090
144
49
152
160
525
333
529
399
589
294
525
1503
317
439
489
326
141
153
506
222
1621
379
581
397
264
385
80
450
4496
629
162
376
268
393
3647
489
4028
489
208
4496
364
159
59
143
451
74
55
141
4496
372
379
304
44
256
454
124
647
539
444
350
573
206
517
505
174
158
410
216
441
269
450
563
141
315
335
326
249
34
141
4496
623
438
203
515
19
541
536
171
541
554
601
508
565
572
92
59
592
1404
344
406
159
399
514
158
403
21
218
330
445
577
533
589
556
450
50
434
546
111
128
196
258
399
173
599
770
258
71
527
2994
606
13
517
34
233
504
515
118
342
1159
462
34
34
2731
455
447
106
333
264
486
535
623
297
3647
528
223
60
495
297
125
490
592
252
553
523
152
401
2090
103
269
3647
18
248
378
103
159
215
305
214
261
304
533
547
535
440
547
495
317
3647
402
475
573
118
529
514
61
515
117
338
381
539
4496
434
3647
266
3647
3312
500
345
55
482
153
2254
369
196
144
502
297
2254
329
425
367
4496
548
139
4496
330
364
4496
451
128
55
581
331
2254
346
583
636
361
2487
252
4028
261
383
124
397
92
157
4028
598
32
31
246
515
589
350
508
252
196
304
346
639
487
487
202
397
411
3647
125
51
476
488
1046
437
440
173
78
265
488
1503
252
570
607
400
207
1404
587
217
28
540
2254
1404
534
4496
41
349
350
449
226
204
252
518
606
576
81
573
2254
78
477
75
3312
447
333
210
535
50
119
3647
2254
268
381
259
162
352
253
619
333
450
256
467
29
381
518
35
554
159
1101
484
481
553
338
611
947
159
383
411
59
1404
115
374
547
369
176
32
385
541
395
423
429
573
605
107
513
548
246
508
81
423
215
106
140
172
141
260
513
478
252
2994
59
470
246
552
514
450
342
3312
350
486
245
399
488
552
358
529
534
372
534
437
49
448
81
356
221
39
263
3312
495
343
509
252
171
344
292
2254
435
592
378
252
68
587
416
217
4028
141
376
607
306
350
61
206
379
333
254
158
264
82
68
344
1915
30
528
175
500
24
351
226
489
35
515
112
451
255
252
539
495
2254
52
88
387
365
263
313
78
611
589
11
34
225
452
449
383
56
429
352
208
489
55
363
152
455
552
214
552
40
259
69
362
65
570
2487
353
440
990
1226
364
101
572
362
66
470
398
362
391
354
643
548
514
541
436
206
444
3647
540
362
532
424
554
23
434
27
3312
390
558
444
157
81
281
534
110
58
256
218
344
166
520
485
3647
447
110
257
442
217
1503
254
24
351
309
1404
586
260
495
259
56
38
616
11
582
3647
399
552
157
53
156
435
4028
607
556
410
201
476
165
517
190
1761
249
394
395
422
196
522
315
294
248
259
387
447
400
2994
567
19
349
495
215
399
454
449
90
221
454
252
407
148
39
518
364
1915
4028
2487
2090
4496
196
504
163
379
430
406
153
1046
71
573
14
124
321
437
59
443
265
67
354
143
268
149
28
264
333
315
2254
2994
500
581
26
368
540
4028
72
2994
569
494
448
520
148
67
137
159
502
69
1503
353
568
73
456
196
126
608
528
62
569
204
171
62
429
565
304
302
1226
292
203
555
118
497
39
19
223
522
347
93
429
170
49
543
4496
424
38
321
2731
481
547
94
563
505
523
572
435
504
477
579
82
339
203
1046
93
118
118
527
4028
596
572
256
2731
490
453
150
4496
32
173
177
62
418
171
297
572
533
403
495
137
428
190
4028
397
158
2254
907
90
502
207
346
347
39
539
260
354
548
379
443
333
206
2254
273
74
12
171
448
2254
119
448
3312
532
251
2487
254
340
506
74
65
261
2090
4496
477
31
16
252
35
592
176
351
83
538
317
164
443
367
1101
80
107
107
589
573
106
246
314
387
196
524
277
545
526
125
527
512
261
63
247
449
385
485
447
4496
175
120
566
380
541
228
207
595
445
546
577
138
541
506
591
225
174
3312
573
128
2994
538
414
388
246
367
490
3647
1621
79
541
606
530
31
167
543
450
435
13
526
427
506
383
587
33
304
165
49
298
428
489
56
352
364
392
59
217
167
331
526
260
445
364
2994
495
190
4496
437
191
486
27
90
190
291
63
2994
455
509
513
1761
265
162
495
206
432
333
907
232
171
306
246
535
379
394
89
345
436
242
439
2090
4496
117
4028
80
255
78
489
333
4496
604
504
2731
424
141
2994
513
269
517
256
197
203
591
158
366
454
95
302
82
343
532
25
630
399
399
386
124
153
334
347
440
399
541
172
281
60
552
222
254
385
528
353
163
362
396
435
338
150
458
635
541
588
73
3312
93
453
344
504
18
154
453
435
102
450
203
449
223
118
478
403
577
517
434
331
338
489
206
140
434
247
335
434
216
521
225
1915
47
190
3647
2487
366
847
4496
479
540
144
568
448
382
29
196
509
80
383
326
1915
157
447
27
171
1404
1761
321
873
133
907
2994
34
200
399
69
605
348
304
296
522
496
345
225
231
109
158
599
488
4028
1046
142
331
1761
32
249
613
637
158
535
246
450
455
528
602
52
120
115
598
76
2731
229
366
532
527
142
2994
4028
75
246
256
77
538
583
254
623
292
362
351
583
327
439
24
444
384
382
95
209
2994
2487
564
369
386
310
556
517
520
75
207
56
58
4496
432
2994
256
587
523
589
116
411
122
581
235
216
207
364
305
563
393
513
523
1915
584
498
115
477
2090
581
403
548
589
143
163
395
547
531
215
318
442
115
333
338
341
292
608
376
487
253
385
455
4496
389
556
441
312
452
2487
365
516
229
663
2254
4028
196
153
223
190
265
455
1915
169
607
3647
449
246
506
246
528
1621
64
260
396
365
81
337
1226
11
583
520
203
24
449
152
540
105
342
2090
124
592
272
588
48
263
4028
510
152
467
254
242
404
112
153
429
479
2731
552
502
2090
556
584
454
78
203
399
548
78
450
561
68
208
2487
325
317
505
173
22
495
24
32
197
554
474
247
349
569
256
349
444
484
139
384
1305
420
140
56
445
538
341
599
3312
74
499
324
410
552
475
207
552
2731
169
1761
208
591
205
64
577
451
107
300
2994
502
346
609
259
4496
618
338
378
115
538
257
543
430
495
162
2994
496
349
72
4028
112
73
246
261
320
4028
3647
1621
382
112
173
506
337
197
169
156
324
143
190
567
218
496
214
317
495
327
429
119
207
338
542
611
383
106
4496
309
536
556
307
377
424
447
264
141
176
364
489
543
383
573
105
255
454
210
3312
447
313
347
206
358
68
3647
1226
613
294
257
453
305
1226
264
447
115
1404
337
153
167
116
4496
365
541
188
523
419
432
486
567
43
547
