3517
10821
2241
4839
14412
215
957
2684
4091
7702
1484
8165
1798
6270
3924
2371
2628
364
3201
1782
4775
4095
6398
13004
10007
14412
2536
594
6780
1964
11868
10007
11868
1080
3061
8165
2057
2505
10821
2632
4891
4100
14412
4110
7338
8165
8700
2737
1768
572
5294
3248
2315
2032
3147
6398
7702
8700
3523
441
6270
7338
8165
5088
2819
8700
10821
2598
4618
7338
2007
2667
11868
3392
503
1574
5906
1451
4377
6780
2565
4445
3284
316
10821
4481
14412
2149
2349
5906
5411
13004
2407
5968
7338
1798
2352
2029
1656
784
5149
1478
994
2118
259
396
8700
11868
882
4055
8165
13004
6398
14412
2118
9299
11868
7024
231
2916
4152
825
10821
4520
1889
11868
8700
783
1588
2511
1448
10821
1790
436
1405
463
2023
3185
13004
154
4152
1964
13004
871
2821
2375
3721
10821
887
2816
1768
9299
11868
2269
4117
13004
3863
4222
1555
3717
1964
13004
1555
2568
5045
4829
8700
5688
2099
1790
3272
1448
1818
720
7702
6780
3995
3136
927
1684
3553
2760
4110
2064
3961
139
11868
2052
9299
322
3392
3568
1790
4190
3788
6156
3288
1617
4651
4991
8700
3003
7702
2536
2737
7702
8165
6009
10007
1907
6398
1484
6270
2816
4520
4464
326
7338
3808
13004
8165
10007
8165
4145
5162
6156
1053
1516
2375
3418
10821
4344
763
1218
415
6578
4942
3793
4849
4861
1992
897
2827
308
4691
2430
1371
11868
1818
3208
2462
326
2827
4439
356
1790
1082
259
1907
14412
1837
609
353
13004
13004
2269
3135
1020
3243
8700
4493
5939
2916
8700
4299
13004
417
4618
8165
5285
6780
2058
10821
6578
3116
982
3555
6156
3679
1959
2052
2598
1216
2229
2023
1312
11868
2315
7024
13004
935
7338
3179
10821
1588
5939
2375
2792
1954
3262
14412
1748
3523
3488
14412
3692
11868
4952
6270
2252
1040
13004
3466
2950
1031
6072
14412
1907
3342
401
2925
3209
880
11868
2484
2529
6578
10007
6398
10007
4630
834
1911
4630
10007
324
10007
1898
6072
274
1495
10821
9299
5516
10821
4541
2006
6578
8165
2737
1588
1383
7024
13004
10821
6398
11868
10007
2797
3817
5968
13004
4152
11868
1338
2133
13004
1451
13004
720
6578
10821
13004
1396
3721
13004
2478
10007
4754
3506
1969
3413
810
4861
1327
5360
2216
2505
11868
9299
263
13004
10821
11868
5906
1495
2323
8700
2892
308
14412
93
8165
3609
6398
3030
4152
1053
2737
1124
14412
8165
515
13004
880
2684
13004
2391
1440
2429
2623
3030
2241
1868
6398
2505
8165
8165
3488
7702
3788
882
6156
5968
7338
2429
2656
1495
10821
6780
11868
4792
3223
4307
7702
1405
4821
11868
4639
3853
3263
1911
5939
10007
1588
8165
3248
881
2287
4563
6156
2656
1943
4481
1053
1552
2378
1393
10821
1655
4630
2349
9299
2218
5242
6398
2690
1216
14412
4718
1907
2479
4152
1915
1549
14412
2706
5914
3666
4097
2306
1588
5265
3090
3116
1976
2052
10007
5601
1351
10821
6156
11868
1003
3902
1739
469
6009
1124
2684
3539
2183
8700
3066
183
1790
2429
13004
3647
6270
3609
8165
6009
333
7024
2684
2942
3747
6578
14412
4382
4230
14412
3775
413
10821
7702
14412
2841
11868
14412
5939
3244
3995
3392
14412
5914
13004
3646
1889
14412
14412
3810
479
6398
3068
3747
4630
4344
859
4090
5516
4256
14412
3524
6578
2429
3243
2429
573
2220
4541
2435
1809
6156
7338
3595
5914
1124
2504
7024
1739
3413
8700
860
8165
4519
7702
365
9299
8700
887
10007
838
9299
4732
7338
1472
609
14412
479
6578
2706
608
548
5601
6156
230
1515
5604
4464
4036
1818
8700
2252
185
8700
4530
3624
6780
3082
193
4172
6072
8165
8700
1275
3488
8700
4216
1906
1591
871
5484
1257
3553
11868
10007
10821
9299
6578
9299
6009
4737
4455
13004
5968
2598
896
4455
4897
1980
7024
4541
5183
838
2975
5968
1216
10821
1000
3404
7338
10007
3466
3519
4671
2825
3850
3206
2859
3961
1837
11868
391
6072
1071
686
4307
1588
8700
361
5417
4284
2820
7338
3474
296
10007
11868
3397
2376
5939
13004
4240
3760
2002
4088
3931
93
6270
2052
1818
3961
6270
1542
1119
1041
5914
13004
3747
14412
3961
2830
4826
1317
333
223
14412
2229
720
6780
1053
10821
4891
7702
5914
92
971
13004
1351
4618
9299
4464
6780
6578
5408
4230
8165
2916
269
3832
10821
3116
8165
8700
6072
7338
3850
8165
1683
5172
5968
2950
543
7024
8165
4442
13004
1360
13004
3298
1380
14412
11868
1818
10821
9299
691
2122
2792
2378
5968
13004
10821
8700
1537
14412
3760
119
4618
1549
389
2598
11868
4861
7702
3817
10821
10821
2976
3206
13004
10007
1631
8700
3793
10821
8165
2706
5829
1525
2690
6270
1451
2529
6578
1631
14412
1321
14412
1798
3179
10821
13004
2897
1705
4952
13004
3717
6156
5089
2647
5287
8700
2526
14412
1705
13004
4343
7702
2052
5117
4639
1327
6072
90
1063
10007
6009
1124
5172
2149
882
6156
3641
7702
1724
4442
4088
177
3893
3066
2456
1454
6072
1868
7024
13004
3171
14412
10007
14412
4388
13004
2410
4366
2825
4521
1844
3513
3385
11868
855
7338
11868
1888
5321
2684
1555
7024
6156
3418
1086
1471
6156
189
10821
9299
461
2052
3789
4651
8165
1327
3298
4135
11868
1705
11868
4161
3825
1656
4620
3793
1294
212
3569
4964
1546
6270
6398
982
1124
1911
7024
781
3736
7338
11868
3769
11868
1555
787
324
10821
8700
2349
861
1917
14412
3609
2473
11868
223
14412
6270
707
996
10007
10007
3990
1002
418
14412
5939
9299
14412
876
2478
1124
14412
9299
3217
10821
6780
4546
6072
1481
2504
3488
1574
3902
935
3140
5162
3440
6578
3938
2553
3553
7338
246
8700
1020
1907
2315
169
7702
8700
8700
11868
4481
7338
4527
1818
2349
11868
10007
14412
11868
1495
783
5914
543
7024
1951
720
8700
2737
2762
1727
1951
976
4088
1911
216
10821
7024
6398
1898
7024
2004
1546
4388
3904
8700
4209
3413
7702
3018
1923
8700
14412
2870
1535
3075
6398
9299
10007
841
6398
720
308
2690
4829
7338
6578
1850
400
14412
7024
13004
2684
5968
6270
14412
8700
8165
763
6780
6780
2849
2529
14412
1284
9299
1966
10821
13004
4318
13004
1588
1132
10007
10007
7702
2737
3466
1790
2241
6780
1124
87
2870
1911
14412
7702
313
1992
10007
971
882
13004
4834
320
6578
7338
11868
9299
1588
8165
2598
13004
2508
9299
14412
368
4821
6072
93
2023
8700
5600
3394
1513
2506
2667
14412
543
11868
905
11868
8165
10821
4322
4651
14412
3352
14412
610
4639
3793
1897
1798
1536
3567
4718
1730
13004
8165
9299
10007
14412
4824
1705
14412
6270
823
3902
13004
10821
1405
3641
1574
14412
882
1375
3985
11868
10007
8165
4152
14412
1897
2235
2545
3790
8165
849
5914
929
3562
3298
6398
568
14412
1911
3624
10821
1327
4839
7338
479
8165
6780
3553
4301
412
3394
4387
4834
4563
3567
2182
83
3692
1575
795
396
3103
13004
8165
14412
2394
2706
2310
4190
1405
14412
7702
985
911
1790
8700
1216
2403
882
347
3531
2870
4382
1216
4110
14412
1868
5939
2803
8165
13004
6156
13004
13004
11868
2529
2069
271
8165
982
9299
1451
13004
10821
474
486
10007
430
4829
10007
1012
5301
2269
3985
10821
14412
3249
869
3990
2975
7024
1154
4554
3961
591
6009
6072
2065
2269
13004
14412
1782
2499
809
13004
9299
7702
2182
1898
11868
2349
14412
8165
6398
7024
2792
8700
2053
368
6156
10821
2436
1954
8700
2378
8700
934
1321
2498
8165
14412
10821
5511
6780
3793
7702
11868
1451
2387
853
14412
11868
7338
2149
1588
5172
7702
977
1362
3614
1132
2823
1874
2634
3298
1845
13004
6398
1818
3162
787
13004
1952
10821
2023
7702
3147
1389
1327
13004
10821
9299
14412
1591
3352
1999
1705
13004
4320
1003
1648
10821
2183
2634
6072
1124
1868
2269
6270
3961
1451
14412
9299
4112
832
1790
1853
4876
7338
1448
7024
2851
13004
1865
5290
7338
1414
3502
1405
7702
11868
8700
776
3339
736
616
7702
143
4824
11868
2568
4306
1305
2536
2104
1451
3817
1053
1560
2706
3030
4481
2975
13004
4718
3342
1831
4312
1860
6780
2916
11868
1923
7338
1451
3605
4742
951
4592
3140
6072
8165
2216
1705
722
1790
9299
2627
14412
2792
9299
1305
1007
4209
2786
11868
11868
13004
3819
5906
3194
14412
3243
170
9299
235
9299
2182
11868
7024
4731
3523
4452
10007
10821
4691
4190
3214
2473
5688
7702
1950
2182
7024
3793
1710
103
14412
3545
2797
6780
2647
864
2346
3199
11868
9299
2849
2827
14412
2598
801
6009
269
1790
10007
10007
1748
4276
9299
8700
1349
5172
4190
2439
2770
882
2241
1588
7338
7702
11868
14412
2956
8165
4146
731
10821
14412
4452
2810
14412
1705
993
2684
855
169
2227
6780
1389
3169
8700
1495
2628
7702
335
8165
2107
14412
14412
14412
3352
1540
1038
7338
7702
7702
6780
7338
14412
4222
5914
2879
5939
3985
2429
6270
7024
3589
2506
1845
13004
6270
4834
1837
6270
2171
7338
8165
3553
1216
9299
1058
8700
9299
6398
1739
1782
4618
4152
14412
2647
4088
3840
2870
6398
474
4284
8165
927
11868
783
4077
762
3880
3288
2252
14412
2632
400
3817
6578
11868
2235
4190
2015
7024
13004
583
7702
360
2399
905
1321
293
2598
3728
333
4287
7338
2363
6270
3692
812
3082
1657
403
10821
913
2792
590
2819
2823
218
10007
3061
165
14412
725
6578
13004
6398
176
6072
2975
10007
1952
758
7702
6072
6578
3736
10007
6780
4718
2916
1251
2598
3840
10821
2269
11868
8165
5168
13004
10007
3692
8700
6270
763
1989
1053
4839
8700
4107
2000
10007
4834
1588
10007
3570
612
14412
10007
3902
4520
8700
9299
10821
4230
3418
11868
2976
6780
1818
10007
11868
11868
2502
7702
4172
1321
4564
7338
2886
3394
723
14412
1944
14412
3172
3206
2387
3352
14412
2875
6072
100
465
4085
3200
3066
6398
3817
14412
2378
2269
4343
1327
1555
2436
6398
1457
6578
14412
6009
3281
8165
7338
1448
628
3195
994
10007
783
2896
6780
1464
1357
11868
993
14412
437
1427
3394
1020
3728
4627
2374
2598
2335
3440
1405
3553
1405
2349
4493
3066
3668
3016
10007
14412
14412
1464
3863
479
2346
4107
1605
5045
1814
13004
6270
5121
10821
14412
3062
11868
4564
13004
13004
832
1368
176
6270
9299
130
4499
9299
14412
6578
1085
2081
7702
2761
6270
3692
2469
1831
13004
14412
230
1513
6780
11868
2916
6578
1544
2011
2375
7024
4671
4104
11868
10821
3932
14412
6398
4718
6398
202
2315
1327
840
4190
4343
1631
1351
827
5411
1263
10007
3478
4541
2387
2473
10007
4382
938
403
2542
3141
2647
5968
5968
5939
305
14412
10821
2761
745
3866
2052
10821
10821
11868
745
3568
13004
6009
5082
9299
783
7702
2942
2052
4190
9299
1409
4849
5939
7702
2235
2182
2647
2407
11868
8165
3206
6398
1818
697
1943
14412
13004
5507
4209
1884
1616
7338
13004
8165
7338
5686
6270
2434
1338
261
13004
1911
2473
2822
3066
2778
3397
793
4343
1911
3906
2375
3206
2005
11868
3207
2737
7024
4211
6780
4117
762
2737
1405
13004
1588
1323
4438
3854
6270
1768
1790
1878
1872
4375
10007
538
13004
14412
7702
7024
4563
870
451
1440
7702
4276
3395
2529
5021
9299
11868
1406
10007
11868
7338
11868
7338
938
1631
11868
460
3902
887
5906
3525
6270
4283
1360
1451
13004
805
4839
5285
985
10821
8165
2315
1550
13004
3147
7702
13004
6009
13004
3961
8700
2870
2678
7024
1451
10821
2792
2334
3793
113
8700
6578
8700
11868
1511
11868
13004
783
913
106
1964
1368
1948
4256
4190
3352
4190
4630
1448
3251
1263
378
982
3352
6156
11868
1124
1368
3103
1398
10821
4464
3804
218
6072
4376
1985
3413
4876
4070
6398
2379
2869
6156
10821
7338
14412
5021
6578
10821
409
6578
919
7338
14412
1868
3342
1705
7702
13004
1053
3803
9299
2975
10821
6578
7338
899
6398
3225
8165
7702
8165
10007
7024
2473
10821
116
10821
10821
14412
5083
2869
8165
2798
2529
8165
10821
3082
1656
1581
3717
9299
13004
382
4104
14412
1878
14412
10007
4036
5090
10007
1368
3692
11868
13004
10007
1911
2004
10007
2998
3003
10821
606
2052
5285
1790
720
938
14412
7338
8700
686
8700
1020
5588
8700
5939
404
2020
1180
1966
9299
5147
2182
6780
2052
2853
691
5172
2916
11868
1216
2870
3641
1829
10821
4452
1402
4839
8700
1911
1959
322
1275
10821
7338
10007
2598
1456
8700
4072
980
2287
10821
229
13004
4376
13004
1898
5168
13004
7024
2429
324
13004
13004
2375
1705
1790
864
3264
1768
11868
13004
7338
905
1551
10821
1966
13004
11868
3736
1790
3233
3418
6009
249
276
11868
9299
10007
5939
6270
1609
8165
106
289
4821
373
3185
6780
4889
5321
11868
14412
9299
6578
1124
4839
1124
4381
3987
2478
11868
1451
2107
193
2874
4821
7702
364
3298
6780
8165
5035
258
2886
13004
4207
5914
3352
3066
10007
1588
13004
2786
1194
11868
7024
10821
9299
1964
202
3352
13004
1555
1451
1878
11868
11868
11868
2766
11868
9299
5118
2015
3721
2052
10007
1513
7702
994
11868
2293
10821
861
2545
2667
5045
14412
1053
11868
2678
1216
6578
6072
788
10007
8700
4942
2375
1181
1035
3760
93
2798
1124
3116
722
834
682
2235
4929
6780
3066
1327
4481
10821
3404
2023
1555
13004
4442
267
289
11868
2377
404
4619
11868
324
2706
11868
1952
2052
1327
4481
9299
13004
610
832
2822
6398
8700
9299
335
4190
1790
3061
1427
5968
5009
7702
8165
2628
3294
2023
4839
4766
8165
6270
10821
3567
6578
9299
3488
1782
1317
1311
7024
7024
8165
10821
14412
1081
13004
2002
2323
3116
11868
160
6398
10007
951
14412
2975
10007
841
1705
1378
4057
5009
7338
13004
3061
5090
13004
4876
10007
1368
6578
1631
1588
339
1451
3082
4528
2934
14412
5906
10007
5968
3861
3736
1484
3230
1357
2528
5516
9299
3352
6072
4320
5172
125
1294
2508
1588
10007
4307
3179
4216
11868
8165
150
2606
11868
507
8165
7024
5939
1448
10821
3064
3352
2529
1383
2792
1555
1216
6780
83
2023
6578
982
940
707
1284
4718
4493
3774
1768
3090
4630
3488
1892
1671
1588
13004
410
1907
2851
5914
9299
1588
5914
5914
6780
11868
6072
4409
2568
13004
928
6156
3789
9299
1115
5045
8165
1908
467
10007
5906
4318
2269
2827
10821
320
7702
3488
6578
1588
7338
6578
10007
2792
6072
2235
2375
1782
2058
4369
3692
1768
168
4284
10821
9299
3066
4036
11868
6398
2870
4826
14412
6270
2511
8165
6398
6156
13004
3179
9299
871
5968
4207
6578
13004
10821
6270
4985
3221
4897
6780
13004
7024
2498
7024
11868
13004
13004
4312
13004
1555
5685
212
4230
3259
10821
848
2369
846
9299
4276
10821
8700
7024
796
752
4834
2429
3747
5168
1275
1537
4897
10821
6072
1124
364
3985
1124
7338
4464
3440
2479
13004
11868
5417
10821
8700
427
2375
4222
975
11868
1555
2529
1560
14412
7338
3859
7702
7338
437
982
1939
5968
745
2598
8700
935
11868
2413
233
3641
11868
6578
11868
4088
2298
2014
2869
1978
3162
760
13004
6270
2444
13004
9299
5045
4070
10007
14412
13004
4639
14412
4344
7702
3174
2410
7024
5083
7024
3068
4299
2364
11868
1631
4518
4070
2053
1062
6780
5523
5968
2118
4230
1575
4546
810
229
3689
1588
697
2241
6156
4718
1124
11868
8165
7702
10007
1584
326
1370
339
8700
5523
7024
2706
1448
1657
8165
1504
6780
3418
4829
324
5914
2423
3567
1368
1537
1414
1067
6009
2706
2383
1911
3351
5601
6270
3509
4731
10007
1748
6270
14412
994
13004
573
243
6156
4528
3351
2429
6578
4547
5371
1696
4976
2529
11868
3179
2298
10007
5914
1588
4312
3817
8165
9299
2706
6072
3342
1705
4891
1519
2845
4897
3780
4088
4442
13004
6156
11868
783
1143
7338
3622
5968
2023
763
10821
1327
1363
7702
492
1340
10007
1705
171
927
1478
7338
11868
14412
8165
2413
3336
2227
11868
7024
3466
9299
347
2093
3199
4081
932
882
2827
10007
318
2792
4284
9299
935
3147
1911
3298
14412
4022
707
5968
10821
2678
1790
9299
4104
5914
5600
1314
6072
1930
4671
1344
789
9299
6578
6578
13004
7702
1613
14412
911
1540
3902
876
9299
4152
1495
2632
8700
1327
11868
6072
4754
7702
756
6578
1911
4742
11868
4343
2493
851
7024
10007
4562
10007
1510
300
10821
1705
5600
2975
5914
982
5914
11868
5914
7338
394
6009
1351
576
8165
11868
8165
1923
4985
4366
7702
2483
14412
3494
5516
1124
769
3103
10821
13004
10007
5914
2394
6156
9299
2394
2792
6270
3064
3990
11868
2632
2092
14412
798
7024
7702
1451
14412
2001
3551
3413
4388
5309
11868
5595
2870
14412
10821
832
2269
4304
2951
7702
4718
1344
1124
2827
1495
4987
8165
10007
3555
13004
3016
1002
1817
277
3902
9299
10821
6156
1053
2235
1611
6270
14412
2611
1555
4671
11868
3440
4088
14412
1945
10821
11868
5147
989
4307
2429
3182
5906
745
5968
5914
1790
3902
3418
4950
5939
4070
1898
2396
993
4963
13004
9299
2241
11868
8700
13004
1923
13004
4671
1550
10821
10821
8700
341
9299
3747
507
4618
2149
5301
5162
3214
2684
1451
6780
835
1327
7024
4216
265
5243
8700
742
11868
6780
13004
4209
1868
2975
6156
6270
2349
3995
4295
1964
5914
1250
10821
14412
5968
4382
3413
13004
829
1510
9299
10821
13004
3736
3717
13004
2811
6398
11868
7338
10007
6270
4619
5604
10007
4627
11868
783
8165
2439
2678
6578
3717
6270
3473
1868
4563
6578
2374
1089
1368
3342
3760
10007
4276
1284
1598
5914
1820
3728
791
1389
10821
5423
2786
784
1550
4085
8165
3626
3413
5172
7024
10007
6780
5968
3851
1523
8700
2823
9299
6398
686
3418
2627
6398
14412
6156
11868
11868
4481
2956
14412
5045
10007
6780
3692
2529
2349
1911
13004
2435
10007
8700
1457
6270
1705
1484
4493
9299
3553
2106
1294
1275
2379
515
2269
6398
8700
3298
1335
5968
3635
8165
1911
6009
8700
4987
3155
5939
14412
123
4371
4493
14412
1451
5914
840
4891
3103
1357
4533
4307
9299
3692
1768
1327
5104
2269
1390
4452
3116
897
841
1911
982
3394
745
3636
9299
4528
1588
5914
3249
9299
1478
1489
7338
1782
6270
5968
8700
3995
2827
1537
10007
14412
548
5045
1727
10007
2473
2786
3985
2383
3066
6072
11868
13004
14412
5147
10007
313
3523
11868
4620
2975
2023
4718
14412
1124
1667
2458
780
6156
1372
10007
14412
2869
7702
10007
4104
9299
235
2104
2376
731
8165
830
7338
8700
3951
6780
546
4942
1321
6780
3488
3692
5321
2104
7702
412
4493
5688
2876
7702
2444
1730
919
415
7338
14412
320
1907
10007
259
4222
13004
6270
533
14412
10821
10007
830
5906
11868
2475
2737
4445
1790
4803
2690
3066
1631
3589
728
6072
3961
13004
982
1759
4399
3298
11868
1335
10821
10007
3116
1119
4520
5968
9299
3116
1451
1495
6270
6780
9299
1574
3090
13004
2266
7338
1705
760
2364
6780
2455
5968
1588
591
4146
6780
13004
10007
3263
408
5224
1451
985
8165
3075
4619
4152
13004
4876
7024
4284
2827
5183
2627
1624
3336
3167
1374
1705
4493
3404
2182
8165
3721
13004
1448
1555
13004
10821
3793
1971
10821
1908
982
3466
6398
14412
1361
2628
10821
5939
6009
2023
13004
14412
1872
3291
7024
5009
2044
14412
1452
2870
5906
5688
1305
1462
6009
6156
4343
14412
10821
7702
315
8700
8700
2678
9299
827
10007
1692
4671
10007
4127
2104
10821
4562
2483
2916
6270
8700
4438
160
2349
6270
745
4097
2684
4630
6009
1088
882
6270
14412
2052
6072
8700
8165
4630
1964
13004
1391
5035
14412
1516
6780
1555
6156
6780
682
9299
1889
2479
11868
1053
1457
11868
8700
11868
11868
9299
1648
537
10821
1991
2935
11868
809
3589
1588
9299
13004
2382
3167
2266
732
349
1451
11868
919
10821
183
5968
9299
4651
941
6009
1372
3780
2252
5968
5183
935
1705
5147
3857
6072
1124
4319
14412
5577
10007
10007
11868
2052
1730
2118
4117
3717
7702
496
14412
2827
3394
4826
3418
8700
4055
10821
4519
14412
347
288
1748
4371
11868
10007
13004
5398
1023
2792
10821
7702
4541
7702
9299
10007
3553
5939
14412
11868
1457
6780
166
410
1135
1609
4284
2916
10007
4520
1623
1351
3230
3561
1964
2269
2052
3200
14412
6578
3206
4541
2392
10821
10007
10821
3641
4117
14412
8165
9299
907
3003
14412
2870
1327
10821
10007
6780
4147
14412
5294
2978
1275
5604
7338
3075
2015
1705
6578
5360
13004
2104
3825
691
3130
8165
14412
1053
10821
1790
837
4897
1515
9299
5968
8700
13004
7702
10821
4307
1467
2678
2118
3990
8700
3589
10821
6156
11868
2816
1730
935
2684
2387
2205
301
3064
3215
14412
6072
3206
13004
4088
11868
2998
9299
3488
7702
14412
2407
10821
249
3218
1581
2929
2052
11868
1964
3147
8165
6578
3013
2138
13004
4913
11868
10007
2006
4718
2439
1252
3201
5939
3061
4910
7338
1790
10007
7024
10007
640
1748
14412
996
5162
4117
1725
6578
4343
1131
2763
7338
10007
5914
3669
4209
2598
10007
3987
7702
8165
7702
9299
1551
3201
4036
2052
5290
1216
7702
2429
2542
9299
1537
10821
5172
4284
7338
783
3481
2684
3164
9299
2349
6072
4754
10007
1457
9299
3936
14412
1053
9299
10007
7702
14412
2269
6780
7024
14412
14412
9299
2375
3167
13004
3558
1351
7702
2956
10821
10007
3793
11868
8700
10007
2975
5021
1725
2837
14412
4499
11868
5294
364
814
1684
13004
4998
3397
3553
1393
13004
7338
1818
784
2690
10007
1434
4256
5224
10821
2975
3625
8700
8700
10821
13004
13004
1513
1051
6578
3833
14412
13004
3545
2375
1305
14412
10007
1312
3418
2737
8165
3502
2313
3723
6398
5105
2786
2706
4222
6780
1115
11868
3418
9299
3230
6578
3013
6072
8165
3206
11868
1010
3877
1053
13004
13004
7338
1080
2647
2557
1451
13004
10007
6156
3605
9299
2627
1421
1216
3243
2052
2975
4839
1495
4891
8700
6270
2436
6780
1485
2315
5766
3103
4619
6072
4718
1471
10007
2266
8165
2818
969
6270
2827
2104
2429
6398
8165
2036
1605
2820
870
14412
4627
13004
2506
3179
3605
2082
2252
9299
7024
1969
10007
8700
6398
9299
3555
1217
8165
7024
8165
3589
2429
4987
13004
437
11868
2823
1321
4139
4022
1429
7338
942
2975
2929
415
3150
9299
382
11868
1868
1065
3230
3775
1513
783
4190
2012
4071
6578
2403
3169
6156
3793
7702
10821
10007
1911
6578
4523
965
7702
6270
1936
1495
809
7338
2528
13004
9299
4481
13004
831
2690
1348
3248
2632
1427
6398
14412
3206
1830
8165
10821
9299
2394
7024
2792
10821
2886
6780
2598
707
2825
6072
3641
8165
5507
7702
5309
9299
2876
5939
10821
8165
1141
5147
2457
4022
4985
10007
282
9299
180
11868
5600
457
3252
95
5968
6398
252
782
5914
758
6009
7702
2052
3179
1329
3225
1310
10821
3823
4371
3090
3899
3780
10821
5939
14412
1954
1907
4481
7024
1475
5906
5968
10821
5475
8165
5406
780
3635
4891
8700
1495
1964
7338
8700
4742
14412
5968
2541
2509
4618
1402
2092
8165
13004
1439
1549
4230
10821
1901
6156
5408
2052
759
1911
1518
160
4190
928
3425
4190
1495
8165
2182
4088
6009
8165
7024
1705
8165
10007
1980
5285
4445
4824
13004
4002
13004
2856
7024
10821
2182
1451
5270
6398
4834
14412
4343
2211
2052
10821
4752
982
6156
492
2052
11868
1368
2387
2792
9299
3179
3466
6780
5035
3937
4821
1631
6009
6578
6780
4541
982
8700
6072
5939
6156
576
865
10821
14412
6578
835
2269
2325
9299
13004
6072
1730
13004
111
14412
2375
1370
6270
2269
3397
11868
1684
10007
4190
2667
882
7702
4088
6009
2269
997
3066
1588
1375
11868
4455
8700
809
10821
1284
402
2023
194
1089
163
13004
10821
2792
10821
13004
2529
6780
722
3641
809
896
6578
13004
758
3090
3553
10821
170
8700
8165
11868
8165
3206
5162
11868
545
4651
4117
4897
3961
9299
1053
6009
1669
6780
10007
8700
223
14412
5914
4775
3082
9299
4671
2052
1284
1411
3234
4382
1517
2529
2784
13004
5021
2684
14412
1439
8700
572
4055
526
9299
5168
1368
697
1406
103
14412
7702
1521
7338
10821
11868
107
4304
2706
3298
13004
860
3476
4876
1964
8700
2632
2052
1907
5829
4897
3622
2104
11868
1907
1907
3243
975
3352
4826
4985
7702
7702
8700
1451
3352
5668
3336
1911
11868
14412
5939
2975
1557
831
8165
4139
10821
3796
3900
2883
1588
10821
10821
1003
11868
8165
4088
4452
14412
7024
10007
3553
933
7024
5939
4117
2420
2870
7702
14412
6578
1067
4897
13004
4135
3552
11868
801
10821
1790
5417
7702
4295
993
1434
8165
2870
1055
6270
6270
1218
14412
6156
4370
1451
8700
1980
2149
10821
2901
1448
2870
1768
4284
7024
4061
2786
2656
14412
3397
2235
1305
7702
334
1083
8165
4821
3817
13004
6578
2647
830
2958
4211
6780
4439
2375
2052
1023
7024
3196
4452
13004
5914
8700
3418
2035
4541
1252
8700
10821
3066
7338
1782
1327
2375
14412
2182
2171
1327
9299
2252
1448
3853
2052
366
274
10821
11868
8165
7702
2586
8165
3555
10821
10007
1705
2287
4442
9299
5939
6156
3296
10821
8700
2820
9299
10821
2942
6398
1739
13004
1830
10007
1817
2706
1550
5906
4910
5968
486
7024
3622
4150
3692
4022
4293
2837
8700
3352
14412
2786
2058
5914
3418
8165
1124
831
6398
14412
2375
1216
7338
9299
2975
14412
2379
3013
4036
11868
1768
4897
9299
1389
1705
3248
7024
6578
10007
7338
1115
2241
13004
1023
4315
10007
3225
2916
2598
3880
11868
14412
889
2628
207
3010
3394
2627
4022
6009
796
13004
9299
1544
3298
3352
8165
4455
348
2390
3553
2216
4088
2183
103
853
2667
5968
1911
5021
1451
3473
6072
10821
10821
2089
2269
845
1478
5516
1308
519
6398
14412
720
3153
8165
4547
5968
3635
5411
4066
982
10007
9299
2956
4985
707
3690
10007
9299
14412
2916
4639
2182
1433
86
8165
4540
3931
1451
13004
1588
1768
10007
288
3761
5162
6270
7702
6780
10007
10007
5968
1999
8700
4651
3284
5601
1448
3020
212
6398
3230
3206
11868
238
93
4481
3392
6398
2540
5604
1552
13004
7024
13004
8165
3234
4620
10007
3995
1305
6780
1574
5686
4211
3531
1389
8165
5021
5906
1451
2795
932
6578
7338
8700
6780
7024
1327
6780
4897
2052
5301
3723
1305
13004
13004
6578
1417
6780
348
3330
1768
4146
6156
8700
7702
7338
1470
3907
13004
7338
1446
6270
4718
6578
1439
1495
725
7702
6156
11868
4381
14412
7338
1818
2315
285
9299
215
3136
6578
3736
783
3213
4190
14412
13004
7702
11868
10007
9299
2590
2529
6072
3116
5406
13004
6578
1798
4284
2065
2508
8165
2684
3848
13004
3736
3167
10821
2976
6398
10821
1911
14412
10821
7702
1080
13004
10007
4839
13004
6780
2378
6072
2845
1480
2896
11868
11868
94
1964
6780
8700
10007
3637
763
255
9299
5406
2684
13004
13004
4897
6270
6009
697
935
2383
3793
8700
4602
8700
5914
6780
1373
3817
7024
9299
9299
861
13004
2632
7338
1416
5968
905
14412
1330
5172
3990
785
3853
3147
10821
7338
13004
1999
5149
364
1405
13004
6780
1748
3230
14412
8700
1725
4533
627
1790
6780
6072
2330
10007
103
7024
1860
1631
10007
3179
10821
3553
10821
1868
2559
590
2634
13004
1358
5906
14412
1837
1327
9299
6780
2227
11868
5360
2375
3209
10821
10007
1368
1321
6009
4639
6398
5906
3772
722
1232
9299
1544
2052
11868
458
4839
418
14412
1051
14412
2315
7024
4256
6009
3003
3545
1923
2429
11868
2014
4464
763
1089
7702
1340
1486
4152
1926
4117
3082
14412
1422
8700
5968
14412
1976
1705
7024
8700
707
2565
1053
3719
9299
6072
1216
3548
10007
499
1391
194
13004
1790
2052
1294
1549
6009
3418
10007
4207
3243
13004
3336
6578
13004
2825
3082
6072
3171
118
1327
8700
10821
1874
1818
11868
1899
8165
5588
5914
1216
6578
14412
2634
8165
1453
2900
3167
1356
13004
7702
11868
14412
2080
364
7024
6578
1511
95
1546
1020
10007
2792
8700
2678
975
2023
163
3179
3228
2870
2567
2684
1051
7338
3775
252
2476
4541
5906
6009
1588
2792
5968
3418
165
1552
3987
3635
3141
3103
1911
761
2069
2598
3637
1868
3352
3541
7024
6156
2849
1325
10007
3003
261
928
10821
4493
3248
13004
5768
4718
6780
10007
7702
2387
3066
11868
13004
3466
548
7338
14412
3641
464
870
10007
14412
5968
911
6398
3061
4691
1631
6398
5906
826
2375
5914
14412
1321
13004
2023
1195
3170
2786
2182
4651
6072
9299
1375
9299
14412
10007
6156
2737
10821
10821
8700
9299
2835
301
928
14412
697
882
11868
3179
1557
2917
13004
2524
4207
5149
2975
1588
6578
7338
3641
2235
8165
6009
215
7702
5294
1631
784
13004
1496
14412
14412
3179
7702
8700
1451
533
4382
5265
6072
1906
319
2647
5906
4341
1730
1837
8700
11868
299
13004
5162
14412
10007
13004
1462
7338
7338
11868
2678
788
4055
2792
1035
224
7024
4523
11868
11868
2975
2375
4117
9299
534
10007
2112
249
2023
1405
10821
882
2182
5309
10821
11868
1327
2876
10007
2047
7702
8700
7702
8165
93
4527
1790
10821
6578
4382
3939
1361
13004
466
5968
360
2916
3066
10821
3635
2678
3488
980
6270
10821
956
1949
8165
1970
362
4102
13004
4627
8165
2052
10007
6780
1567
11868
1263
165
1521
3212
7338
3264
4734
3523
1495
833
7338
11868
3961
14412
1450
13004
1911
11868
13004
13004
4055
3151
736
3202
3206
5939
4312
7024
13004
6578
801
5577
3853
7702
8700
7702
2827
11868
13004
6398
11868
6780
4388
7338
6398
11868
3723
14412
2934
7024
2761
3020
2929
2082
2387
2414
86
2386
5914
2841
1027
6156
1402
7024
3264
9299
8165
1907
10821
3140
3404
8700
4619
3931
831
5914
1860
7338
10007
1357
4190
2052
1790
4151
1604
3068
5290
4746
4481
238
10821
4284
10007
5906
6156
2499
2884
6780
11868
10007
4102
11868
5423
11868
994
6009
235
9299
8700
14412
742
474
4190
14412
4133
4088
13004
8700
2241
4343
2023
3605
2387
4438
316
8700
13004
14412
2392
2473
13004
9299
14412
6780
3775
9299
1705
745
1488
469
2269
6780
89
2182
1588
1401
4322
2287
5516
7702
2827
1451
8700
3330
1063
8165
2429
420
4911
4630
9299
3228
4552
10821
6270
480
1124
259
14412
8700
9299
2916
5281
13004
6072
263
1124
3692
4897
6398
1829
2975
14412
1439
5906
399
334
461
3179
5021
4070
5906
8700
1573
1368
792
1405
1449
507
3961
4520
1041
8165
6072
2627
1578
5906
6270
4055
3167
4861
4639
3780
7702
1588
1359
2269
882
6780
1053
6270
1991
10821
6780
5914
4876
8165
7702
2879
1759
5906
320
7338
5290
2229
5968
5914
993
3589
2373
326
14412
591
4336
4728
2525
5168
731
3030
8700
2052
1451
1553
6156
2269
2905
4348
6270
2571
6156
3068
4824
9299
6780
274
3418
14412
2797
3555
3003
1124
6780
4876
2890
737
10821
3796
8165
876
6072
11868
2690
432
1555
789
8165
1321
1837
9299
13004
5914
6780
898
8700
3418
6398
9299
11868
14412
7024
320
745
1537
6578
3238
6398
3139
3206
3670
13004
835
4293
3045
6156
5604
13004
2529
8700
6156
2816
5906
11868
4639
13004
2764
13004
10821
13004
6072
8165
2023
8165
1814
7338
10007
1684
5768
249
1511
13004
6780
14412
11868
6398
9299
4829
4343
1951
3552
1448
160
4541
6578
7338
11868
653
1555
3605
2104
1311
2266
1032
2023
1790
2220
13004
1511
2298
13004
2241
2887
4312
1964
13004
994
7338
7024
6156
6398
3196
14412
2540
3494
2349
8165
3641
3013
9299
975
14412
8700
3853
2220
4541
362
6270
1902
399
6578
2107
6270
1971
7024
10007
10007
7338
1631
1497
6398
3819
3243
1938
14412
1495
3174
3013
7024
4547
4439
6156
871
2182
14412
2684
6398
3233
3298
1790
3817
2367
13004
14412
1513
2235
4926
879
14412
8165
3103
4515
2349
5149
13004
11868
4222
6270
1451
10821
1032
859
4724
8700
3692
3068
3418
4211
6780
5168
4897
14412
6398
10007
951
13004
2473
3185
11868
4117
880
1555
4343
10007
2473
745
1588
1315
11868
2229
11868
1818
1572
10007
2557
6156
8165
339
2978
1411
882
6398
1873
2349
2218
1014
9299
3902
6780
4343
1124
7024
1263
10821
1418
8165
3392
941
2052
1555
1478
6578
5516
5406
8165
5906
10821
1456
360
2036
2737
13004
1275
10821
2227
362
13004
8700
1124
3769
13004
2310
2387
5968
5321
4849
2529
11868
511
751
3147
1467
11868
6270
4824
13004
6780
4742
2252
2119
2287
2269
11868
6578
5104
2104
2455
13004
1422
2737
2870
256
1451
6009
1889
2297
3960
13004
4439
10821
3103
1954
4117
6270
1565
1414
7702
276
8700
2529
1656
3206
7338
6072
13004
1908
4070
3191
1544
3147
4216
4829
9299
1251
1389
3090
6780
5290
3394
745
2958
6009
13004
4563
4088
2786
3352
2916
792
6780
6398
1053
982
2252
322
13004
3298
1768
7024
7702
745
1555
5423
6009
6270
2798
10007
13004
14412
5914
9299
5172
1563
2375
2975
2765
2822
3182
5939
10821
5968
6156
2375
1725
4088
3352
3225
6780
936
2016
1014
11868
2550
871
2598
2423
2830
1449
13004
2011
288
3775
965
2023
834
10007
4152
6398
8700
5154
10821
5321
867
1824
14412
11868
11868
1992
1360
2296
7702
8165
9299
5021
8165
4216
691
6398
1251
3466
11868
938
4070
7024
3525
6156
11868
7338
2827
4088
3641
671
3243
982
6072
13004
4691
10821
6578
5021
10821
388
2794
7024
1730
1252
2916
10007
11868
4222
2104
5588
11868
9299
3553
996
1790
8165
7702
9299
5968
3394
4774
10821
2375
11868
2383
7702
2647
1923
5162
1448
11868
14412
3418
10007
1790
4088
3066
8700
5939
3155
3523
14412
1053
935
10007
2684
5321
2417
830
3352
1217
8700
3225
837
8700
11868
7024
4382
7024
2149
11868
8165
4519
1426
11868
1051
997
11868
1138
5507
14412
362
11868
7702
1985
1451
3392
3192
2886
2052
14412
4563
5828
9299
2182
11868
5914
1393
2025
5360
1837
7338
10821
2942
14412
8165
1521
1510
14412
11868
5406
9299
6780
722
13004
3217
2218
10007
3902
684
3394
7338
13004
2819
7338
4563
8165
2628
7024
14412
4150
9299
4464
3985
1920
10007
5906
2870
1380
3728
9299
3543
13004
3513
8700
2182
1930
2825
8165
370
720
13004
230
5406
3837
10007
3298
1588
7702
2908
2916
9299
6398
2104
10821
2853
4620
6780
4910
5968
2848
6009
3147
5968
1782
8700
3193
5149
10821
2379
2216
13004
1216
4152
4162
3352
3236
2792
2387
3179
13004
7338
321
3692
7338
241
5968
14412
1321
1327
3475
2627
1862
3394
591
2786
11868
10821
13004
1555
3473
10821
408
1588
3147
10821
7338
428
571
2690
13004
10821
2797
14412
6270
13004
6072
4775
7024
3066
3987
7702
13004
5914
802
1631
4207
13004
4927
1739
3692
10821
14412
7024
1321
2887
3780
3553
2183
9299
5423
7702
399
10007
13004
1511
929
4527
8700
3880
4087
13004
3418
1015
5686
1913
4088
5035
11868
3466
1581
5914
324
8165
5829
6009
8165
6578
2340
6780
2266
14412
13004
3523
7338
720
5321
10007
2182
1705
415
1294
531
2241
969
3176
7024
1790
1327
2684
6780
6780
2266
1906
1393
3488
2435
2598
5154
10007
2269
6270
3523
399
4284
1378
4382
4172
5914
4630
876
11868
3211
2473
13004
1832
14412
2794
3641
8700
1724
9299
6270
761
3717
4849
2978
4724
2052
9299
887
3174
13004
3466
3066
2315
10821
2023
1181
6072
1964
2387
4106
4079
3253
10821
964
95
5968
14412
3488
7702
410
5287
4163
2266
1449
3995
2235
1451
10821
356
3289
4203
4520
1373
6270
3103
1964
3902
8165
10821
1401
3668
2589
6780
1950
2809
515
13004
8165
982
8165
10007
3185
9299
1502
2375
273
1053
837
5507
3635
6156
9299
6072
1980
4190
8700
4312
6009
2870
4527
2656
1908
201
331
2975
2792
3846
4318
935
3185
14412
5516
3804
4150
5914
2266
1257
2375
3397
3164
130
919
1850
571
1907
1782
13004
14412
4942
6156
2690
10007
11868
8700
3147
6156
4627
11868
4117
4036
10821
5914
3490
4152
1868
2975
5168
6578
408
2792
3225
3793
1294
8700
2430
6780
4733
6270
6009
2869
3853
3394
3185
6578
2766
14412
5906
840
2792
1010
14412
2269
982
6578
3717
341
2052
6578
1427
13004
5601
736
2359
1374
2762
7702
11868
3352
3090
835
7338
7702
8700
5600
14412
2827
1327
4382
8165
9299
8700
154
8165
3207
8700
6156
423
14412
1053
3513
4952
10821
1307
10007
3635
4022
10007
174
4085
1393
745
401
8165
5906
499
3206
10821
2429
3418
1391
3208
3230
4861
8700
539
13004
3624
860
6578
2473
2568
1405
86
6156
304
1495
2006
14412
3760
3736
103
6780
6578
6072
415
11868
1911
3298
8165
1705
6072
5914
1575
4861
3952
1768
10007
4891
7702
2975
2311
4563
2606
11868
2706
3168
1327
11868
1448
10821
1705
3352
6009
4985
1051
13004
795
8165
8700
1124
5183
6398
2816
2300
2916
14412
11868
4276
3243
4150
1798
8165
1391
7338
2975
5906
8165
982
2473
1357
264
1759
9299
1536
3167
8700
936
1058
3817
1338
10821
836
270
5914
2349
4445
5906
5077
1510
1705
2349
2023
13004
6398
8700
282
8165
8165
8700
1588
3138
3995
389
2792
1455
11868
9299
1898
1275
1911
4839
1080
3987
3902
1936
11868
10821
3523
360
14412
9299
996
6270
3721
3130
268
7024
2557
4216
2391
9299
11868
887
10007
4824
2241
827
2737
1868
9299
1053
2598
1790
7338
1830
103
6156
8165
5045
2410
5939
14412
14412
3775
10007
2266
14412
1124
9299
6270
1216
6578
3135
982
11868
1511
11868
11868
4284
13004
10007
2795
982
3736
10821
347
14412
11868
14412
11868
2795
11868
997
1631
3692
1818
199
1484
11868
3136
8700
4991
10007
10007
1089
6398
13004
5968
6270
14412
1957
985
2706
4834
1053
3781
2052
14412
3647
3589
7024
782
1873
1564
1216
2052
1831
13004
9299
2392
7024
238
800
10007
163
5939
752
1694
1790
4897
2426
3513
2690
2829
2870
4211
5121
9299
2667
13004
2269
935
1588
982
13004
1858
2536
1790
2387
4104
3206
3030
14412
1351
7702
7338
14412
96
2803
1575
389
1391
2510
4438
13004
13004
4343
9299
1193
13004
3482
10007
1396
4002
1727
274
6780
1457
100
9299
404
3013
321
10821
1405
5914
1832
1481
1564
1232
14412
6780
14412
6156
1327
14412
4343
783
8700
4826
10821
4299
1405
1980
13004
10007
4527
11868
2761
3641
5601
2607
13004
6398
6072
7702
5604
11868
1319
6578
2394
3116
8165
9299
13004
10821
14412
6270
9299
3397
840
428
2975
10821
837
1560
13004
14412
4445
948
1393
6780
453
2853
4307
13004
11868
2930
1257
2786
1415
3523
7338
827
3494
4300
2235
8165
1093
3068
2875
982
2315
348
11868
4618
400
14412
347
3476
2667
10821
10821
6072
270
7024
2387
13004
4639
13004
3961
2227
4382
5287
2138
6156
13004
14412
2110
2462
8165
10007
5285
1964
10007
10821
2690
11868
5914
7024
2869
5577
1705
4639
6156
10007
5906
11868
4991
10007
989
7024
7024
14412
9299
3141
6009
150
2354
11868
7338
8700
905
10007
2352
3066
2375
1250
2335
2332
2387
731
2103
222
6398
193
5588
10821
14412
14412
2944
215
855
2349
6398
10821
3570
10007
14412
6780
4691
14412
2978
526
3589
11868
3138
5360
3355
10007
896
4077
763
4222
1124
6156
2772
14412
10821
7338
523
2266
8165
1964
3151
5417
13004
2421
2106
4803
10007
4520
2269
382
1798
4090
10821
7024
2023
6156
7702
11868
6578
11868
1405
469
7702
13004
6009
2005
13004
3835
276
3601
1739
837
1263
7702
1368
3135
1451
4520
4455
7702
6398
7024
2529
2473
13004
4499
5009
3116
2062
14412
2678
5939
8165
2149
3853
3130
844
1257
8165
6780
5604
6398
172
6398
9299
10007
2773
3589
14412
4570
13004
2023
5172
2241
7338
6072
172
365
10821
6578
2351
435
2052
13004
2529
14412
7024
2182
4283
10821
14412
1069
2269
6156
7024
2375
8165
10007
14412
1003
1421
242
3961
8700
5914
8165
8165
2227
9299
1495
10821
3082
9299
682
3589
11868
10821
109
6270
4240
2023
2528
7702
4766
4985
10821
10007
3506
2137
3859
1053
212
2407
1275
7338
1383
5183
10007
4442
4493
2047
14412
4563
4276
1831
2827
840
3003
3635
2011
231
10007
10007
8700
1575
8165
2046
2598
10821
1971
4534
3509
5939
1535
11868
14412
2394
8165
3136
13004
4079
300
8700
13004
1970
5507
4222
8165
3523
3596
6780
3227
2737
8700
2943
1705
5914
2667
7338
4876
11868
1351
14412
10821
7702
5309
2606
4455
10007
2684
747
14412
936
418
1817
10007
3066
13004
2372
14412
1053
11868
2235
3116
5968
1949
2792
3565
796
4088
1053
1361
3692
6780
8700
2568
2315
14412
2421
7702
5968
4829
11868
6578
2916
737
3721
3721
9299
242
410
6398
10821
3298
6780
6009
8700
545
1321
461
1409
982
10821
3418
10821
6270
2944
5939
1216
2104
1363
7024
8700
2241
1327
2349
1497
6398
7338
274
11868
13004
3298
13004
503
3717
5417
10821
9299
5045
6780
4987
6578
2869
4551
14412
14412
3154
3902
2975
10821
119
3523
6578
4146
2473
3243
2052
2829
8700
2667
11868
3252
233
2606
308
13004
1798
7024
163
7338
10821
10821
415
3336
1427
3418
2052
8165
4829
6398
3523
326
1409
14412
4067
14412
3990
7338
3103
10821
2423
1911
403
5939
11868
4531
5766
8700
2529
13004
6780
7024
1452
3902
3723
1451
10007
2607
6270
9299
2375
495
6780
14412
3153
7702
4619
4152
8700
13004
14412
8165
3214
3846
7338
14412
5755
2916
6270
935
3641
9299
4493
6780
4619
5906
10007
10007
4592
10007
2252
10821
1588
6009
5183
6009
6780
420
8165
1790
318
14412
2315
2069
4991
11868
14412
3003
11868
3066
1451
1858
13004
2182
2182
1712
4307
5686
7702
3902
301
4894
1325
4792
10007
4168
1504
2182
2266
256
7338
5906
3760
6578
6072
13004
6072
1941
2011
935
5172
14412
407
8700
3902
13004
11868
1356
789
9299
11868
8700
11868
13004
6780
347
935
1117
9299
14412
2825
10821
1617
14412
2269
3760
2052
94
14412
2912
3666
14412
10821
1448
11868
1263
3987
1964
8700
1321
5287
2628
13004
13004
11868
170
1923
2690
453
10821
1824
6072
3232
2052
2104
905
7702
6270
4481
4481
2754
5914
1588
867
2473
6398
1730
2870
9299
6780
2473
7702
4067
3793
3689
5290
1124
4145
14412
469
10821
14412
5223
2834
1216
1305
10821
1957
707
464
3352
3567
3488
1610
3902
10007
1809
403
14412
1954
2846
3243
3217
2634
288
1588
2235
14412
3589
3775
3951
1911
3719
2767
2149
2023
5914
2052
6780
4382
1379
2052
2315
2409
1923
1631
10007
2139
2092
10007
14412
10007
2104
887
2916
1454
3523
3747
2375
3523
6156
2508
5423
3139
7702
2349
6780
95
4834
511
2598
9299
3605
2182
13004
1018
934
6072
2499
14412
2853
10821
4821
3951
8700
1327
8165
1782
10007
3171
8700
8165
3147
13004
5083
1145
6156
3056
6780
4861
3819
5035
841
14412
6156
8700
8165
3243
1790
321
13004
2792
897
13004
474
83
301
7338
1950
2656
3130
6578
1515
1559
6156
9299
174
13004
1216
2375
2315
3569
13004
11868
2458
1913
4455
9299
1782
13004
1930
1321
2786
957
2811
13004
1768
10821
6578
1889
3625
7338
745
3853
4276
3298
1980
8700
2757
3150
2317
1038
8165
3513
1251
8700
13004
8700
1162
10007
5294
8165
4520
870
1868
9299
2023
4493
2786
2375
2589
9299
326
193
10821
2241
2792
10821
5968
14412
113
1138
11868
2684
993
4240
4290
4991
745
7338
14412
5129
6009
537
6398
1853
4651
8165
6398
4107
2846
9299
2785
1327
10821
3641
832
4256
3545
996
8700
6009
4152
10821
6072
3817
2473
308
3908
6398
2463
6398
14412
1970
11868
2868
4438
10007
7338
321
6270
1294
8165
14412
1696
4718
5321
10007
258
3669
8165
4537
9299
1850
4276
2678
4541
5968
2015
1130
10007
6270
4162
7338
8700
4284
5688
1453
3214
778
10007
13004
2901
1790
11868
7338
11868
3488
4620
5906
176
879
1631
2706
13004
1931
2598
1584
94
9299
133
8165
1498
2827
13004
6009
2886
809
840
389
809
3440
848
11868
6398
1824
11868
2090
10007
1821
4288
1966
7024
10007
1053
13004
6072
1869
2954
13004
1181
11868
3961
5906
5417
4897
1627
11868
3179
2047
4307
2792
1341
4533
420
4893
5021
1451
3790
1083
9299
897
1451
8700
1837
7024
6780
4152
2678
1493
6270
13004
6398
436
9299
13004
4821
1351
507
3553
1086
4382
13004
3336
1782
13004
2944
13004
4627
5390
3850
3977
9299
1454
2252
4276
10007
939
7338
983
10007
1263
10821
7024
5149
5149
3728
1748
6780
1631
3075
840
546
2104
2870
4002
1448
3769
13004
1974
2816
682
1790
4563
11868
3502
3567
4211
4445
8165
1643
3262
4256
3298
4087
5406
2916
13004
2387
5021
2678
125
594
863
1443
2266
6780
3609
13004
4728
3772
5914
11868
3723
1294
6780
7702
14412
6578
3817
4222
6780
321
5968
2023
2792
5035
1321
2375
4732
2023
13004
14412
4109
13004
7024
8700
7024
3523
2269
7338
7024
1263
2287
2656
3082
13004
1327
4117
1414
10821
6578
1081
4533
4222
3961
4122
5914
2792
3538
809
1405
5906
7338
6270
2269
5172
6578
3003
1327
10821
10007
720
4209
3352
2394
399
4111
6578
8165
751
221
13004
13004
1931
1907
2023
8700
3877
2628
14412
6270
1053
3206
7702
1357
14412
4079
3692
8700
4256
1705
3553
1948
8700
14412
8165
2308
5162
2075
11868
11868
8700
1964
1216
2375
402
2379
5968
14412
11868
547
1368
13004
882
4523
394
5082
3418
3385
8165
1536
5507
2916
1857
745
2362
11868
3082
1589
3494
4002
10821
10821
892
788
2347
2363
2831
2069
14412
228
9299
3793
882
1705
10821
4750
7338
1627
523
4942
1365
4627
1814
1451
4530
8165
5021
2737
2829
11868
1114
7338
3425
230
6156
5685
2323
3635
13004
14412
2252
4998
2647
1648
5309
8165
2568
1739
3576
2435
837
13004
4651
5906
9299
2052
1878
6270
2737
5906
8700
7702
3488
2684
2023
11868
14412
9299
1439
3567
2684
4861
1284
2667
10007
3385
843
1938
7338
3902
8165
6398
428
2846
8700
3723
3850
1555
6072
10821
4339
3488
10007
2505
505
2349
3418
982
13004
202
13004
1327
1432
3852
14412
13004
9299
7338
3230
10821
13004
5968
2376
7338
3523
10821
2296
10821
4002
6009
4240
6578
1869
13004
9299
4117
1479
1162
8700
1547
2493
3490
4133
7338
3760
3020
3062
14412
1508
13004
7338
203
7702
10821
1448
1798
3494
193
731
1859
3609
2827
2407
11868
1071
9299
10007
3793
4839
10007
1669
1565
2837
10007
2786
2975
7702
3995
7024
1911
1137
403
10821
2916
4627
1130
4618
6270
8700
13004
2825
110
6780
3425
3197
996
2504
1327
3488
4651
2354
763
4172
5939
7024
8700
13004
5914
7024
471
8700
1964
250
3394
2269
2509
4563
139
2069
1497
14412
2308
9299
7024
4519
1053
4230
13004
4943
4111
10007
3880
1705
1588
1546
9299
1495
7702
3042
1357
6072
8165
10007
7338
13004
1782
3147
1588
4560
8700
2667
6398
11868
1911
4152
3589
189
809
3832
5090
1022
4284
4464
13004
2426
1555
1970
8700
1124
14412
13004
11868
11868
905
4439
6270
225
11868
1484
3248
2778
2916
540
1263
9299
2287
13004
4036
684
4987
2436
6270
14412
9299
2827
3130
2925
933
785
6072
226
1588
1363
495
14412
1739
2737
11868
1790
571
11868
684
13004
6398
5516
1407
2473
467
9299
1818
3418
1790
2737
3565
684
979
11868
1889
4057
1405
2975
2967
8700
2369
495
4651
13004
6578
1943
935
2229
3967
7338
1889
1528
6009
11868
5968
7702
2216
7338
349
11868
10007
133
1611
11868
1643
1768
3728
8165
2822
4088
6578
7702
2396
13004
5516
10821
14412
2870
1631
359
7702
1389
981
10007
2091
4382
2149
8165
1439
2023
10821
3062
273
11868
9299
1872
202
5321
7702
9299
6072
11868
800
382
2656
3481
936
1867
6780
4344
10821
3692
1907
1388
4090
5914
7024
1336
13004
2792
465
4382
1327
678
3565
2331
2850
1902
3817
1053
2508
10821
13004
809
13004
4036
5968
2429
282
5287
4618
10007
14412
4079
1878
1790
9299
7024
3241
6398
781
1433
8700
5939
2218
4792
5968
4111
3819
1585
5290
1405
1305
4991
4097
256
2330
875
10007
4329
3355
5162
4276
8700
4876
3902
11868
14412
2858
5406
6072
4190
1966
10007
233
1818
8700
4985
106
10007
3066
991
7338
5406
6578
11868
3206
731
284
11868
3243
2069
2439
9299
7702
7702
1418
11868
6072
14412
993
2545
4964
3900
2182
3440
1818
11868
2792
783
1294
1555
6072
3719
1440
1053
11868
1748
4216
10007
7338
6578
3061
11868
745
11868
3318
6398
2706
1544
4744
14412
3068
2975
4718
10821
3692
2047
3066
1067
3927
4829
3796
1351
786
3817
10821
889
1137
3066
10821
4152
7024
2052
1033
2458
2870
11868
3669
2678
13004
3985
6398
1441
3259
8700
3796
886
14412
6270
980
1398
6780
1305
697
14412
6270
361
1631
3961
364
11868
787
1544
8165
818
1911
6156
4958
220
3793
2827
6009
3157
4100
6398
1135
1798
1555
1324
8165
7338
6270
486
2916
6578
1589
6009
840
11868
2684
4341
6072
2375
476
1406
3352
11868
8165
2678
3030
6578
6009
2122
2375
11868
11868
8165
3534
9299
3352
4117
1588
13004
8700
3747
10007
546
1005
6578
1964
2298
3016
919
3418
6780
7338
1519
10821
3717
2375
1868
6270
1550
935
10007
3289
11868
2379
13004
4639
861
697
4190
14412
2773
2942
1631
1588
4691
6780
13004
7338
2205
8700
10821
11868
11868
6780
13004
3351
1782
1451
5045
2349
3911
4438
4719
3116
4592
341
6780
840
576
8700
1252
10007
3269
13004
1448
5939
5939
5968
2011
215
14412
6156
2809
697
10007
365
1422
3568
1040
4651
5939
4718
3075
6398
3206
2479
333
6780
11868
1543
11868
1143
3177
13004
11868
809
10821
3298
332
526
1451
3397
3723
3498
3580
2888
13004
1477
3205
3902
8700
14412
4368
1451
10007
3425
1478
5968
800
797
3488
2462
8700
1014
4152
11868
840
13004
6009
9299
2012
1361
1519
4102
8700
7702
2305
7702
14412
5423
14412
4520
2473
1790
2834
10821
5090
6398
6156
6072
11868
4382
4439
14412
1790
1314
348
6398
10007
1748
13004
1387
8700
7338
13004
919
5516
3206
7338
1305
7702
1263
3838
11868
13004
2048
584
7338
8700
4387
10821
4284
732
5906
1089
13004
14412
1132
14412
4152
1089
7024
3045
3589
10821
1911
2182
3995
11868
1305
1790
997
1405
6780
3760
13004
4339
9299
171
2632
13004
14412
6398
3488
1563
2786
1868
1424
4142
325
13004
2510
6270
935
6072
1451
3264
819
14412
301
5914
5045
5968
6156
6398
1451
1572
4382
13004
3719
4619
11868
1417
3068
869
9299
6578
6578
956
4671
6398
3147
882
1911
13004
2104
289
13004
11868
10821
2956
686
3068
5906
14412
5423
13004
1329
1335
2507
1081
14412
13004
1194
238
8700
1626
2634
8165
10821
14412
3775
10821
8700
7338
2827
2376
4481
3066
13004
7338
4211
2235
4998
4104
3775
7338
812
3697
4136
1872
84
1992
2182
10007
13004
4318
3206
3066
697
3589
2529
8700
9299
1952
4876
428
4055
4088
13004
1475
4651
3568
5294
2216
2916
1948
8165
1053
14412
2461
5939
2970
295
14412
1060
1409
11868
2235
2014
1053
3418
1448
824
1376
2429
7338
3900
10007
4639
2015
2565
2093
3775
11868
222
1821
6578
3219
897
10007
4442
232
2934
1327
320
4520
6270
4829
13004
6398
3116
7338
2786
8165
11868
1554
11868
1884
4207
4117
94
2925
8700
5154
8165
2507
4152
1959
2229
6780
1572
3589
7338
7702
5968
3760
11868
6398
2792
3394
13004
13004
2032
10821
1405
401
10821
2396
269
6398
1911
5507
215
4530
13004
4102
8700
1251
6780
13004
4343
6270
590
1588
3641
2706
11868
13004
1124
13004
1705
809
950
10821
1702
7702
5083
6072
1396
3298
1911
2916
10821
14412
1911
5148
2473
2349
10821
11868
13004
464
2347
8700
5117
2957
3902
4998
2975
13004
6780
3775
6780
14412
2387
5162
2409
827
10007
8700
1451
7702
9299
400
8700
841
1038
7702
6270
10821
10821
2434
7338
14412
3907
14412
4079
2758
1683
9299
2410
224
6270
5939
1862
5301
10007
7702
6156
2836
2829
5148
14412
436
4301
2627
1911
2269
3736
981
2797
4630
6578
5968
2978
4022
10007
3848
6398
1923
8700
1080
6072
2950
2916
3961
561
929
2118
6578
3440
2020
2052
2473
14412
2440
8165
2241
6072
396
5906
10821
10821
6398
982
4106
684
4222
2690
2410
2497
1581
1252
14412
6156
1980
4718
11868
14412
4821
8165
4506
8700
13004
3206
2956
840
1631
1391
10007
5309
1948
13004
1373
2942
11868
4597
865
8700
11868
3062
982
1224
3641
14412
3625
4036
5914
682
10007
859
1124
8165
3210
13004
1124
5968
8165
6270
1936
13004
6578
6156
1790
4985
403
1388
9299
6072
2440
1952
3471
5939
3013
10007
5154
1382
6780
2375
14412
1451
4861
4344
3709
3555
2375
6156
938
2241
1555
2047
1759
7338
2874
10821
4377
10007
6578
1495
7024
10821
1926
7338
7338
10007
13004
1911
9299
5423
5511
3392
3175
13004
1403
14412
4691
1435
2143
5604
1312
4718
6156
5088
4792
1321
5423
2922
537
2104
3846
215
13004
4276
5688
3061
6156
2182
4152
1341
751
10007
5287
7338
10821
1992
2598
10007
880
10821
8165
3075
7338
2387
360
14412
2473
1051
5516
10821
4849
547
1451
3352
1831
870
4307
11868
10007
7338
246
4081
2827
10007
3880
10007
4891
14412
8165
4442
3243
2975
288
2298
4563
2315
1557
440
14412
10007
6156
7702
2205
540
5516
4256
7702
14412
4079
2778
4849
4190
2081
5154
14412
4998
10821
6009
1403
1495
2935
10821
2870
1868
1739
274
1945
4958
11868
11868
2959
1879
540
14412
731
4284
8700
5914
2975
2375
3853
3692
1889
1588
3961
2269
6780
2097
8700
6270
14412
4085
2229
2182
4256
2834
4088
787
10821
8165
13004
2019
3502
2376
14412
9299
4082
10007
10821
10821
3061
3908
873
8165
13004
2057
3418
1451
991
364
1555
3494
809
6398
1727
3234
108
6780
3013
1053
4382
321
3902
1451
6780
4891
3155
4055
10007
1911
4651
11868
3230
8700
8165
14412
9299
4520
2684
4766
5009
8700
4117
6009
1567
6156
2998
333
13004
5154
476
4399
3961
2375
6780
1902
11868
259
160
14412
2634
6578
3692
10821
14412
4618
3010
13004
238
2886
7702
5090
1943
9299
3852
2792
1897
3692
14412
1137
1574
697
7702
3395
4190
1627
8700
5301
14412
4723
2115
4876
2015
7702
2182
7702
1263
1372
5230
6270
2455
3116
6780
11868
2462
2052
8165
2627
1588
1093
697
822
1613
1588
6270
7702
4152
6578
7024
4209
1389
1033
2900
1427
7702
5939
7024
11868
1252
5256
14412
2104
3589
3760
4754
14412
1327
1648
3835
2542
2023
3717
3809
4563
1544
10007
2786
4152
10007
215
2052
1373
1631
6398
5766
780
3336
288
4111
3217
3298
684
3488
3397
1433
5939
1451
5577
6009
1321
353
1768
1368
10821
7702
4541
14412
1584
6578
2816
1451
7338
1124
4369
3241
2820
8165
7338
14412
6578
809
2889
8165
1878
2020
4150
1572
6398
14412
5360
8700
10007
10821
1944
3723
4563
8700
1451
6578
2315
4190
1058
7024
4897
5408
2598
175
8700
114
1600
4442
8700
3068
2032
4826
2423
2568
1899
2684
505
13004
11868
2104
1588
4563
1216
5523
882
5021
6270
1631
2455
7702
5021
7702
1216
2399
4061
1907
6156
3075
1911
6072
347
882
2827
8165
3174
4190
7702
6156
7024
840
4085
14412
14412
14412
6578
5309
2227
11868
882
2047
13004
539
11868
128
6398
10821
10007
7338
2765
1948
6270
5009
5154
697
2478
5968
3394
13004
7702
2417
8165
7702
5939
3793
14412
8165
2684
6780
2511
3116
7702
222
5968
7338
3051
1588
14412
2975
2302
1080
3418
1555
2023
2854
2473
2559
1908
3140
6578
935
4207
93
5168
13004
4087
14412
4381
5417
686
14412
6398
347
11868
1325
938
1560
864
1195
3217
5906
4627
2216
1868
5829
13004
3263
3206
2473
2392
14412
394
3075
11868
1481
2011
1985
2096
1964
5686
3045
10821
5523
1724
2598
5914
4834
3719
6780
7702
248
3985
2299
2349
5906
8700
1824
5604
3061
935
10007
9299
2241
1588
1790
5914
10821
100
830
511
7338
5162
913
3902
6009
3902
3736
3641
4283
114
4070
11868
864
4718
10821
139
1969
14412
14412
935
2252
1051
10007
4284
14412
4545
3413
3395
6009
7024
4563
13004
3635
14412
230
5906
2684
1405
1451
6780
11868
2684
3298
10007
14412
1581
4312
10007
1555
6009
3352
14412
1424
1588
9299
6009
6780
6009
2396
3961
7024
6578
1020
6072
1985
6270
2396
9299
13004
1008
3138
6009
8700
3848
10821
2235
5768
13004
6398
1130
10007
249
3985
4135
3013
859
3066
3243
3488
3103
783
11868
1294
2138
11868
2241
2816
9299
3298
8165
3616
3179
6270
2590
6270
3440
7702
1936
1588
2388
3075
1964
6009
3082
268
2598
3877
13004
6578
8700
5604
7702
2375
2460
2235
6398
5968
14412
2023
8165
3641
1053
6578
3902
2440
3851
4381
5968
2831
4551
11868
10007
1451
6780
1845
11868
8165
6156
4112
8165
13004
4627
2656
10007
4209
6072
10821
879
10007
3721
2106
4627
3179
964
13004
14412
4315
4691
5149
2229
2647
4563
2804
2377
783
4077
313
13004
10007
5309
1014
10821
9299
3225
8165
8700
2529
7024
2269
7702
2473
3589
13004
1535
5968
14412
9299
5411
2684
2484
4455
5309
347
5172
2182
176
6780
1449
3985
6578
5423
3589
1790
14412
3066
14412
2938
2016
212
8700
7338
8700
11868
6780
11868
10821
1555
1089
5914
3523
4985
2627
11868
4718
7024
1495
285
3775
4344
11868
1798
6072
840
5939
2182
1542
415
1837
335
3480
5271
6009
10007
11868
230
9299
1172
1790
7702
5939
6780
2897
8700
13004
14412
6398
5045
2104
1053
1519
1327
2104
1362
3206
2647
7024
2634
8165
9299
9299
8165
1798
163
2402
10821
1089
11868
3609
10821
1294
3298
1588
7338
7338
8700
423
956
9299
10821
871
2825
1627
1471
11868
2529
8165
3809
3902
11868
7024
3425
1814
1964
5154
2455
2634
13004
5914
2392
682
7338
1513
162
3227
2816
7024
3140
1574
86
1588
2905
540
423
4256
11868
840
14412
4442
11868
11868
882
2684
1725
707
3075
1389
13004
7702
2628
3542
1930
4307
1902
295
10007
8165
2047
8165
720
3248
953
4718
14412
13004
2809
1347
273
3082
4718
11868
3289
11868
6009
8700
13004
2019
1284
341
11868
6578
13004
3404
1911
4339
14412
5149
1067
11868
8165
2755
1907
1524
4439
14412
2853
3635
5766
628
6780
202
11868
684
2529
8165
4826
2953
4541
11868
3418
2684
4520
2417
10821
1451
463
14412
882
1327
1275
9299
2182
11868
2827
2656
1631
4070
783
3488
3494
3116
13004
2499
957
3404
1563
10821
3066
6270
348
5914
3622
249
7702
14412
5147
13004
6780
6578
2896
6072
7702
3179
10821
2825
3830
1768
8165
1523
3990
2052
1884
6780
14412
1493
4382
707
14412
423
1631
6398
2755
2429
7024
4117
465
4386
13004
14412
3188
7024
14412
6270
7024
4061
11868
8165
8700
5083
2315
5914
7338
4891
3900
3990
2759
3211
3641
2521
8165
3834
1575
3219
3116
7338
10007
10007
2598
3201
8165
1405
10821
8700
8700
2627
2016
4086
5406
14412
784
5829
1137
935
3352
4826
1046
361
1907
3870
9299
2092
3825
2004
768
3622
10007
5906
7338
2684
2183
3541
230
9299
8700
13004
1250
13004
8700
5183
13004
2052
2335
13004
1139
7338
3692
4055
1985
1348
1575
8700
3298
2387
10821
3153
6072
1705
6780
10007
10007
2380
303
8700
4371
6156
7338
928
14412
4088
2667
7024
1768
6270
14412
1053
14412
2422
1472
8165
4152
6072
14412
10007
2118
1691
1089
2706
9299
3717
789
266
3850
3205
3775
6156
7338
1327
6398
2498
4526
1513
5045
1321
4998
14412
797
1969
1999
4639
4329
697
10007
1351
7338
2883
899
5301
13004
5968
2477
3206
2870
4283
6780
727
3413
7702
758
6780
3176
5939
1275
102
2429
410
6156
927
5968
6009
1038
10821
7024
1303
1451
13004
4152
13004
4826
11868
5507
745
2067
4861
1164
1091
5685
13004
8700
982
7702
3147
1263
6156
6072
11868
13004
8700
9299
1216
13004
6398
6009
5688
111
2349
7338
934
3961
3197
6270
911
11868
4493
14412
10821
1782
13004
2104
3248
1321
2052
7702
5172
6156
927
1575
3015
2647
1403
2349
2628
2052
3641
6009
982
11868
4523
9299
139
2803
403
13004
5089
3351
929
6156
8165
3897
3553
13004
4998
1218
5021
4036
5090
4991
1294
514
763
6156
2182
2387
3488
4618
6270
6009
13004
8700
982
3635
3314
4998
2459
5829
10821
4764
10821
1874
11868
4532
6156
1407
13004
233
6398
14412
4691
4312
7702
1327
14412
1284
7338
3175
1344
3606
3318
4209
5168
1250
2349
3068
3560
1305
1135
2122
13004
13004
4533
11868
10821
14412
2467
10007
6270
3692
3853
11868
1567
2218
6270
2096
4284
1429
10821
7338
1923
14412
3018
697
1936
202
4499
9299
3494
2975
3589
13004
11868
4754
4517
1768
7024
3936
4222
1368
4824
4732
8165
10007
4481
2104
4876
9299
843
14412
4439
1834
3547
4651
13004
2052
2684
177
6780
3853
5154
8165
1124
2269
14412
2429
480
10007
10821
8700
10007
7024
1357
6072
1970
2737
8165
3977
1979
2375
5685
10007
451
4829
176
1531
1513
4541
2315
1303
935
3179
4276
4088
2241
3501
838
14412
465
4036
2052
2955
9299
2678
2052
6270
1257
1216
1327
14412
3721
3064
966
8700
2104
5256
3553
13004
193
10821
9299
889
7338
9299
9299
8700
10007
10007
798
975
321
2473
519
2023
440
3182
14412
4082
14412
7338
3859
3206
10821
2205
2508
1521
4344
6578
5968
323
9299
8165
7024
7024
1422
7024
4102
4527
10821
6270
2297
853
8165
14412
111
13004
4104
439
1669
14412
4620
5507
4619
2656
8165
9299
10007
11868
14412
3961
11868
8700
6398
7024
881
763
1853
5379
781
2568
3298
1372
14412
2767
2870
2844
4520
6780
1495
5281
2104
5601
5906
8700
10821
935
982
1631
13004
4563
14412
2529
4088
1954
5939
1396
14412
1837
9299
6398
4111
8700
3747
982
2504
11868
4630
10821
10821
8165
4276
3179
333
4928
3854
10007
2953
10821
9299
8700
2407
3595
14412
14412
8700
13004
6398
4190
5090
2887
1588
750
252
3589
4564
809
7702
8165
14412
6780
10821
6780
3625
5829
13004
5408
2266
5906
10821
6398
13004
10821
4766
6780
10007
739
3524
6270
13004
6009
13004
374
8165
304
6156
8700
1250
3902
3853
798
3736
572
11868
4240
6156
4230
697
5230
6578
1627
6578
1521
10007
9299
7338
1275
6398
2950
806
3243
2885
4481
2364
10821
11868
4109
2770
1869
10007
604
10007
8165
1588
1960
2429
6398
6578
10821
119
982
2786
8165
3553
2375
13004
2827
2269
6780
10821
6009
826
731
1964
341
5906
6072
1462
1141
1321
10007
11868
1626
6270
5914
7702
14412
8165
1391
7702
4527
1485
1957
2870
514
840
4090
325
5968
1053
14412
1448
1790
2684
940
10007
6270
13004
4619
5147
365
1368
10821
2785
3723
3549
4150
9299
2634
8165
7338
7338
749
11868
5370
13004
9299
8700
10007
2216
1232
3440
1575
2138
3116
7702
1948
1305
1819
4691
7338
3299
2315
769
2015
7702
11868
1911
1554
2706
2667
6009
4897
11868
1911
2241
1134
10821
886
10007
1455
697
1362
548
3622
10821
982
11868
7024
2870
3931
2568
2925
853
606
1818
10007
356
7702
13004
7702
6780
2300
2387
8700
8700
2581
6398
8700
993
11868
3246
1081
1702
6398
13004
9299
6398
1565
13004
10821
5968
1451
10821
1096
2598
2879
4499
13004
13004
9299
8700
1451
3418
2462
3736
375
13004
13004
732
4276
10007
14412
11868
8700
451
14412
114
4718
4209
731
1970
7024
740
1091
2384
3215
8700
981
10007
8165
10007
10821
14412
1544
2375
1357
7024
2112
13004
230
3790
2052
5516
4343
8700
745
1581
6156
666
3809
10821
7024
1305
348
1585
10007
1368
7702
14412
7338
1327
6156
3924
14412
2792
666
6578
7024
809
3641
3717
126
2252
2589
2266
9299
2786
724
9299
3206
1584
1875
10007
3243
115
1327
10007
1053
2299
4754
1513
2844
2023
1878
14412
252
10821
14412
9299
11868
10821
2295
2978
1071
1554
3567
2529
1305
10821
1053
14412
863
11868
8700
5906
2444
4520
1671
326
2460
783
1139
323
7024
14412
2023
2081
2786
3635
11868
4152
993
571
9299
10821
1588
4718
418
2429
6072
5321
9299
707
6578
4284
4070
10821
4927
8700
7702
2308
840
11868
3513
7702
7702
2628
4081
2684
3880
3641
843
935
2387
8165
882
10821
1964
13004
3523
13004
10821
4339
2791
1117
3488
2870
5968
5914
2334
1555
10007
1053
4307
731
935
2792
3488
387
13004
2052
13004
2324
938
10821
6009
13004
10821
2975
3853
1790
11868
3352
3243
10821
6270
515
1124
2241
10821
2794
8165
1907
3404
1439
1405
112
13004
3961
3817
4150
2958
2394
1936
2384
2510
2816
14412
841
8700
6398
874
1145
3648
5914
4499
6398
684
10007
684
6398
8700
11868
2975
1124
1141
5285
2737
4897
810
10007
3206
10007
8700
14412
2429
5914
4090
1053
3565
5968
10821
3893
4081
7024
4055
5968
3062
8700
4179
13004
882
5688
8165
14412
4691
3772
7702
4754
3985
10821
971
3134
9299
649
11868
483
1626
4438
1053
13004
2598
2241
14412
5906
14412
2786
982
7338
2334
3066
194
6780
1893
3394
6072
2690
1284
987
433
3721
5906
6156
6398
4256
2241
10007
4058
6398
5511
14412
919
11868
13004
6780
2473
4746
11868
2349
927
8165
10007
5497
6270
3534
10007
1219
5939
13004
13004
8165
2737
3853
8165
10821
2863
1911
7024
697
6009
10007
6156
1911
5408
3857
4826
9299
1985
14412
720
418
5600
7338
6578
4691
9299
10007
783
5045
5172
288
5090
4718
749
9299
766
4481
14412
831
216
8700
1351
3760
3774
935
4307
8700
1321
842
4289
6578
7702
3137
5183
3013
4897
5968
13004
5309
2827
6578
1495
3171
908
226
1257
2062
5154
2975
827
5906
2340
6398
10007
11868
11868
3523
6270
3717
3523
14412
720
2398
2634
1321
780
11868
13004
7024
5423
6156
13004
7024
4307
981
3853
1457
11868
6156
4897
5104
1250
4190
14412
5968
2023
1405
13004
13004
6009
10007
2052
2628
789
1124
6156
5516
3299
14412
1964
2349
741
3062
2529
362
8165
11868
2349
2678
8165
3397
4283
3568
7702
5290
6780
6780
11868
2905
2529
1448
1164
1555
6156
3902
3692
2975
7702
10007
13004
2429
3985
3509
5906
2035
2218
10007
10007
6009
2830
8700
8165
4070
4455
11868
1451
856
13004
2375
13004
809
2052
2310
4146
13004
1964
1879
2786
983
4520
13004
5939
840
125
7338
3717
4438
11868
6009
1588
8165
1822
1898
3747
14412
1588
6072
1368
3641
11868
1991
5939
1782
3760
1053
6780
2349
13004
2104
2229
2798
7338
11868
8700
13004
2052
8165
4481
6156
911
2094
3990
1555
10821
1216
2052
4152
1555
2349
2876
14412
9299
8700
863
5290
6780
3394
2862
7024
1452
981
5121
9299
4312
6398
7338
220
10007
3835
1124
2229
9299
2504
3352
6578
6780
14412
1555
1372
13004
6270
7702
14412
4112
7338
14412
5768
789
2634
6270
1420
9299
1868
1216
6780
4222
4520
14412
460
2302
8165
4910
2473
3817
886
88
14412
1053
1557
4987
1705
5045
2632
322
2118
5045
1263
3717
3352
1327
10821
1321
736
4718
3589
2505
13004
10007
2598
2504
6578
4117
3987
1944
1574
3230
5906
5035
1828
8700
1907
13004
4520
13004
3090
1907
3352
7338
783
9299
3397
1588
7338
14412
4320
3206
430
2104
1495
2183
241
14412
536
264
5968
3013
1502
6780
14412
891
4998
14412
348
267
3900
13004
2816
968
4729
8165
3066
2131
4985
2628
6270
4651
14412
3243
7702
4481
6072
11868
2023
3503
1216
3413
7024
6578
2978
13004
911
3352
2792
14412
9299
2920
780
5287
2104
457
1631
1627
745
8165
2104
7024
2404
3545
5082
8165
11868
3090
3082
2269
7338
7024
4211
5600
10821
3249
1833
941
7702
276
476
2269
8700
6398
2969
4230
981
2975
2362
5914
8165
2870
2529
1451
13004
2559
3294
4070
10007
4291
7024
2628
2884
571
4088
2074
8700
4036
10821
5321
4036
4546
4190
5914
2827
3392
4438
1378
14412
1053
6398
6398
5035
2220
10007
13004
863
6578
256
2473
10007
6780
3243
9299
5287
5507
10007
4147
11868
6072
2497
14412
3850
13004
1250
1327
4179
163
4151
396
3494
10821
4088
14412
391
1003
1588
8700
11868
5604
4523
7702
3466
6578
2706
7338
2527
14412
7338
6156
2792
1257
5906
6578
11868
1948
1464
13004
7338
5686
7338
8700
2429
537
2684
1725
3987
804
6780
13004
268
3605
10821
5507
6398
1588
2182
10821
3208
1451
13004
7024
4571
1327
3259
9299
2667
2374
1372
3488
5939
10821
7702
2052
4146
3895
809
4908
3289
9299
436
1798
1044
1451
1020
7338
466
5035
2684
8700
832
14412
2023
2062
457
1560
1976
4338
11868
8700
10821
4190
14412
7338
2051
3272
865
1519
8165
9299
4284
10007
6270
8700
831
13004
1472
341
3538
2138
4307
1496
10821
4639
7338
5914
6156
7024
6780
4691
4055
10821
7338
11868
14412
11868
7338
2315
1216
3760
10821
8700
11868
13004
10007
7338
222
2565
7338
10007
5360
11868
3692
11868
14412
2375
4651
4889
14412
5406
8700
13004
2684
4518
13004
4284
2375
6398
4085
5104
6270
7024
3179
14412
9299
8700
1422
3641
1373
3116
3294
4113
3004
10007
2407
107
3736
1367
10007
2916
7338
1911
3553
2684
6780
5168
5035
2096
1893
3817
13004
6780
2107
8165
1991
2505
1790
4618
6156
3961
3692
1451
3281
1035
2149
1138
7338
1748
1451
995
525
5287
4520
4141
652
2235
3793
3225
1513
10821
13004
3995
4382
3487
9299
989
4036
6780
3830
891
403
1360
4541
939
1790
13004
3717
8700
4055
13004
2690
11868
1160
3199
8700
1555
4146
6398
389
537
5768
1053
110
5009
6009
3854
8165
14412
5516
7338
2827
6780
10007
5417
4090
11868
400
2023
7024
6009
1724
4991
3395
1943
1327
2405
1519
6398
10007
2051
5104
5968
5914
8700
6780
935
10821
14412
4839
5301
2016
4240
2760
14412
2632
13004
10007
6270
3243
1790
2269
10821
202
7702
3294
9299
14412
6780
1992
2916
10007
1020
4731
6009
8165
2386
3294
1790
1479
8700
3817
1406
1195
1448
4824
347
13004
10821
2632
5294
7338
7702
7338
6780
6578
8165
7024
5906
3440
11868
1908
6156
538
4088
9299
1705
4152
3351
8165
3294
2598
840
2118
3589
1351
8165
6578
4058
466
8165
2052
235
2375
829
10007
2830
4563
1378
4464
10821
2473
9299
1216
3902
3924
7702
5255
6780
111
14412
6780
6009
10007
8700
10007
3760
6270
10821
3066
1439
2825
2028
2591
4592
7338
10007
8700
3961
840
5914
1510
7024
2058
1375
4080
2287
4563
1124
2690
10821
10821
1588
359
5255
1588
4619
3852
278
261
154
3488
982
1138
859
14412
4382
4563
506
4347
3568
808
3298
7338
6578
14412
3413
9299
2143
7024
7338
3952
2797
9299
731
3692
4618
747
1041
1164
2737
6780
4343
2493
14412
782
14412
3736
1911
226
3498
6578
1705
2975
11868
5939
6270
8700
3902
3247
9299
6398
2811
2870
1648
3995
11868
10007
1012
1475
6270
3760
5021
6780
14412
7338
14412
1023
1357
8165
5906
7338
3466
3395
760
100
2392
8165
14412
1966
4088
1453
1398
2269
1911
935
10821
882
6156
3466
8700
13004
4639
10821
5906
3172
3852
1335
5009
8165
3902
10821
7338
4834
3541
4952
8700
10821
1405
13004
1948
2607
10821
8700
4551
1790
5172
3179
6578
4551
3066
2794
7024
1540
3418
1581
3719
859
2269
11868
10821
7702
6156
14412
13004
10007
2383
10007
13004
1588
14412
13004
230
5688
8165
14412
2536
13004
1555
13004
9299
348
878
5766
2916
13004
7338
14412
3130
3418
3987
5906
3570
1309
1809
3316
2091
1875
809
1588
1964
3116
13004
13004
4344
13004
10821
1294
639
10821
10007
1525
2804
10007
3817
10007
1581
7702
14412
11868
6578
11868
13004
10821
10007
1837
6009
13004
3817
2380
10821
3567
758
2678
7024
3622
2349
9299
2896
788
6578
6780
10007
6578
8165
5523
2119
10821
1868
1974
2508
5600
93
1250
14412
1631
1434
2678
6270
4942
2023
1996
2326
3692
417
4107
837
10007
847
6398
2375
2827
2429
4527
8700
993
7702
7702
13004
6072
4284
14412
8700
6780
308
4190
2786
6398
1051
8700
1053
2792
4592
14412
13004
1363
3066
13004
2848
238
3770
1748
11868
771
4464
6398
10821
14412
571
3523
7024
3440
4532
5906
2013
4022
7338
6398
4002
6009
3990
935
3904
3230
2975
1498
7024
3064
101
11868
1575
7024
1209
11868
14412
11868
1089
2340
4036
2384
7702
1451
7702
7338
6072
5516
2667
3298
3066
9299
6009
3413
2104
1448
8700
6780
876
4720
1588
2667
1588
2484
2428
8165
1513
8700
3717
1510
10821
2792
1130
1969
968
2684
228
2137
3172
2978
5183
3589
594
4152
2023
5939
11868
7338
3504
2299
10821
1951
5009
1327
1768
3209
6780
109
3825
7024
7024
1015
7024
196
6780
2423
7024
9299
5968
285
13004
6780
1420
6578
748
4343
13004
795
1080
14412
3817
1218
2139
1539
9299
7338
6156
6780
763
2529
3961
14412
2667
1448
1540
8165
4718
2052
5755
7338
1524
1907
6009
760
9299
10821
7024
11868
229
2104
359
11868
6072
13004
1427
325
2754
11868
14412
6398
11868
745
313
6780
2607
13004
1988
361
6780
1257
301
10821
2378
1124
3790
10821
14412
707
3832
4300
7702
1830
5939
7338
1216
8700
9299
11868
6009
9299
6270
4088
9299
3147
10821
2051
1631
11868
7702
5516
7338
14412
2827
2930
3066
932
3066
14412
1071
240
6780
5423
6780
6578
175
9299
1451
8165
10007
882
2235
9299
13004
8700
2478
5939
3051
783
6578
9299
853
7702
1670
6780
11868
6072
2737
3494
7024
10007
1705
9299
3825
3961
14412
10821
1216
8165
332
3147
2690
5939
10821
697
4150
3066
7338
5423
94
3902
7338
92
2916
876
13004
2792
3116
2551
1964
10007
4151
1451
10821
8165
6270
6156
361
13004
11868
2315
7024
11868
2315
8700
14412
10821
2355
8165
1348
1513
6780
1427
3697
1768
2956
7702
8700
13004
1218
5688
1748
13004
891
8700
14412
13004
6270
6009
3780
4929
7702
13004
4339
2690
2182
1863
3243
9299
6578
8700
3169
6270
3418
13004
1913
8700
3352
3689
11868
993
11868
4826
8165
4442
14412
2057
3835
7024
6072
1124
7024
985
3692
2887
4179
235
2627
6780
10007
2634
4502
1012
6270
3769
429
7338
4519
8165
96
7338
1748
2235
1705
5147
1898
83
4240
1275
201
11868
1782
3939
3147
1451
14412
5914
11868
609
3263
6578
3613
10007
10821
4755
1572
6009
3852
6780
8165
13004
1422
13004
13004
3130
13004
4133
11868
3961
3968
7338
14412
1555
14412
2827
13004
230
10821
1768
7702
13004
2827
10821
3130
165
3425
1976
2182
4284
5939
13004
9299
9299
10821
13004
361
1725
1588
1948
745
10007
13004
7702
6398
2684
14412
2218
4630
364
3413
6009
10007
4399
1319
1029
10821
1911
4985
13004
2529
11868
1844
10821
4343
9299
3066
6270
2706
6398
5600
2133
4190
4826
1465
14412
14412
9299
5914
4452
10821
1657
13004
2678
4455
6270
2831
4152
1925
7024
4211
1936
3352
1925
2432
9299
7338
9299
6156
7338
3494
4803
927
11868
3553
10007
971
10821
13004
9299
7024
2473
3599
2876
6780
2429
2598
7338
5172
5906
5968
6009
7024
8165
1911
5321
6780
1859
2830
2907
8700
6156
4493
4755
2168
1484
3641
2220
3772
3606
6270
7702
7702
5766
3692
1631
2023
5516
763
2529
2786
4287
4897
4618
327
8700
2820
13004
2104
5939
5914
9299
1519
7024
6156
8700
1515
1368
8700
523
4144
5021
2792
9299
11868
11868
2690
4088
2300
92
6780
6578
1790
3589
11868
11868
3961
9299
6780
11868
7338
10821
3932
2392
9299
235
242
3951
3692
836
13004
3505
6578
1818
3747
3075
6156
7702
1327
2029
1922
5149
4452
2182
1833
8700
9299
434
9299
10821
223
5507
5939
7702
3068
9299
5906
3154
308
4523
5287
3987
3480
3523
4168
10821
321
10007
9299
4190
14412
1457
3298
1451
1553
2047
5968
1809
691
2023
1911
1012
3719
3147
1837
5309
6270
2690
308
731
4081
886
4897
1727
14412
4240
13004
13004
320
9299
3425
11868
3298
5301
4311
5507
6156
8165
2355
10821
14412
8700
2052
6072
3543
116
2529
1439
3147
3736
6009
1142
7338
982
13004
2266
810
8700
2349
3990
13004
4639
8165
10821
684
14412
10007
2656
321
2822
2394
13004
2497
4070
8165
3902
2909
10821
2678
6156
11868
13004
5090
2392
7702
2382
831
7338
14412
870
347
1053
1216
5154
8700
270
1790
691
10821
6578
10821
2052
7702
2315
2772
8165
3225
4630
3961
5231
2473
1727
1837
14412
1053
3413
10821
2792
1588
4117
13004
3527
2667
2690
7702
2269
14412
763
3892
8700
3352
6398
8165
2931
3859
7338
221
13004
4532
6072
2183
10821
2002
10007
13004
1359
8700
2944
886
2896
7702
2211
2916
4439
403
1416
10007
320
11868
1514
8700
1053
6398
11868
1650
7702
1284
274
3130
5516
4724
913
10007
2827
2684
805
3967
594
2235
1425
13004
11868
9299
1217
896
11868
13004
2382
8165
5149
2091
7702
13004
2690
4527
6780
5172
5082
1451
2628
10821
6578
4464
1405
6009
10007
5162
3548
2375
13004
5301
3952
4987
2052
6072
10007
6780
8700
2149
10821
1631
1327
8700
4985
10007
749
1705
3853
10007
2627
10007
3893
2765
329
6780
7702
98
3815
359
1066
1378
5939
4849
13004
242
2398
10007
6072
1837
1790
5601
1782
2766
2478
982
2827
3747
4445
4088
1471
6156
2433
10007
164
13004
6578
3062
1502
1327
980
4222
10821
1457
3179
3719
11868
1164
6156
3995
301
801
10007
6156
2052
4734
3817
9299
6156
3352
6270
2062
7338
6270
1748
3418
2269
4022
7338
9299
4190
1869
8700
13004
3355
2235
991
13004
686
3874
7024
2846
3147
6398
6270
5507
3090
664
1818
2762
4382
301
1305
686
4942
1478
2792
6270
3728
14412
1478
1135
4230
3082
4276
2252
4117
2071
2706
788
322
8165
4897
2924
2052
5829
809
4002
4754
1739
2929
241
10007
3130
6780
3191
472
809
7024
2429
5147
3225
3995
1330
5183
11868
6398
286
1164
1837
5968
1252
4493
4452
14412
6578
13004
6780
201
3488
5914
10821
2792
8700
507
3090
11868
4079
4541
8700
3569
5906
7702
5406
11868
440
2954
333
892
1014
1966
2950
6072
11868
4824
3188
8165
10821
5968
8700
8165
6398
3075
2118
1327
3932
3174
865
1581
10007
4343
2287
1591
2349
11868
5604
3987
6009
5172
2767
7338
3494
8165
10821
14412
7702
4834
308
6398
8700
2340
2392
1616
1627
9299
840
9299
2975
5411
5906
1216
5172
14412
7338
259
14412
1495
5035
9299
7024
2439
8165
503
1555
10007
1812
2837
6578
6398
160
14412
9299
2349
2394
2266
6156
5009
2269
7024
3064
938
10821
2753
1790
2218
4399
3488
2678
13004
11868
7702
2014
14412
4766
6009
3466
1897
1377
1327
8165
5968
4493
4256
13004
7338
8165
7338
1907
5829
1216
6398
4307
3179
4152
399
6398
887
8165
3225
1581
4112
769
5577
3569
928
11868
1957
1555
13004
14412
1411
14412
3296
4651
2792
14412
3775
1439
3514
3154
14412
6780
763
2375
8700
1809
2887
5162
6578
5939
6270
434
1964
11868
2227
14412
2598
10007
223
14412
14412
4307
760
1139
5294
5408
415
361
3404
5914
1132
796
14412
6072
9299
2315
5939
3179
1862
789
6398
5045
543
4190
1484
6780
897
1998
2229
3262
1321
1053
8700
3395
326
3248
13004
10007
4452
7338
8165
5766
2853
5766
10821
8700
6398
9299
3817
1002
6270
8165
4055
14412
2916
552
899
7024
8700
882
1368
3488
2975
8700
6270
540
10007
2684
4532
1462
464
14412
308
1790
2678
994
1124
1872
4088
10007
543
805
4283
882
783
13004
6780
10821
10007
10821
855
232
4563
14412
2647
11868
6398
783
5914
267
6270
2021
3736
4276
3961
130
10007
10007
1145
2887
2436
1553
10007
8165
1725
691
13004
3902
6398
4775
997
8700
1888
220
4522
1511
10007
11868
707
10007
4307
1405
897
2429
1263
1327
1484
1588
8165
2052
3553
835
8700
8700
9299
1670
1616
640
11868
8700
466
1970
14412
9299
10007
5408
2266
4550
13004
871
1053
10821
6398
2463
3336
13004
5601
7702
2916
2916
7338
1053
4671
10007
1768
11868
6072
1831
7024
5021
4230
8700
3243
13004
763
2039
9299
10007
8700
1020
6780
3598
3589
14412
7702
4064
109
13004
3902
3605
763
4222
13004
6578
2473
11868
2404
1631
832
2815
6156
13004
3793
14412
7702
745
11868
1080
1696
1782
2706
7024
11868
2803
14412
10007
2235
3418
112
6398
349
2529
282
9299
3641
3140
6156
1439
2375
960
8165
1370
2216
13004
6270
1252
14412
2005
6398
1657
882
4639
2052
1588
14412
3173
374
11868
2396
13004
212
2797
14412
11868
1439
1830
5301
13004
2413
3589
3990
5523
899
1907
3179
14412
13004
6780
4117
7702
1162
7702
6156
1429
8700
2916
4117
2511
6780
10821
4088
4284
1451
8700
5035
3075
3352
2375
1818
5045
11868
9299
627
10821
1511
5968
1768
1417
1322
11868
1513
887
11868
13004
6780
2529
1368
4554
5685
8700
10821
5906
2423
6398
13004
14412
4651
13004
931
2429
1581
1351
3908
2505
415
2611
7338
2315
8700
13004
2340
1739
9299
4897
4897
3723
259
1555
6578
8165
2439
8165
4319
8165
783
3179
10007
6780
1693
7024
1620
5601
5939
7702
5939
1567
13004
1310
8700
1093
1451
6780
13004
3525
177
5511
2678
4834
3298
6780
1351
6578
1874
3298
4343
14412
404
3736
14412
6780
5914
3294
8700
3527
11868
3269
2598
8165
8165
6398
4152
8165
10007
731
2656
745
2473
8165
3641
2439
331
7338
114
4321
4541
1911
14412
7024
2375
2590
13004
2131
2598
2315
2854
3863
10007
7702
1588
7702
13004
2632
6780
11868
4891
6578
3817
276
1058
7024
1964
1327
3298
2903
356
5939
1359
2498
3397
1117
729
4107
8700
3961
4563
4998
7338
845
8165
3505
6270
10821
10007
3370
4541
6398
264
6398
6780
10007
4117
1451
3179
4532
6780
2436
1405
1588
736
3513
10007
4718
238
3248
971
6270
3690
1325
10821
9299
4152
6398
13004
2104
4134
1325
8700
2091
8165
4146
13004
13004
9299
1053
2235
3545
3418
6780
7338
248
4222
9299
5045
1393
5968
2047
10821
5906
1351
4360
168
3483
2287
678
2568
13004
4151
5507
2598
2737
6270
14412
14412
2220
2916
1669
4541
5939
3147
1868
6072
2392
3225
11868
5423
1053
3860
2886
3230
1611
4774
5939
4563
1577
8165
3775
4190
13004
8700
10007
5914
3068
2944
1439
6156
3395
8165
8700
11868
6398
829
4382
7702
1376
809
11868
9299
7024
10007
8165
6578
4543
763
11868
2678
11868
3589
171
6780
4439
11868
4152
111
1327
1943
2287
4725
10821
2375
1543
3298
10007
2473
10821
3707
10007
1327
4109
2598
4076
11868
2023
1588
1944
3066
7702
1252
1964
1216
126
1022
11868
1013
3075
5939
6072
2808
1327
5829
194
2925
6009
8700
139
4399
1451
1321
289
14412
1089
3217
3066
8700
4112
112
8700
1172
2529
436
5168
1585
366
1869
2052
3995
14412
11868
2287
5287
3251
5511
1472
4952
4876
1555
982
2387
476
2792
2379
6156
8700
1588
341
2684
326
14412
14412
2827
1994
4943
1396
830
5968
3064
3199
13004
7702
14412
2241
2378
1748
1557
573
13004
8700
867
14412
1223
936
112
3217
7338
10821
7024
1451
10007
6009
1872
14412
13004
13004
666
4630
5172
6270
10821
13004
4100
1537
2473
5968
10007
4117
3568
1451
7702
2901
9299
1305
6780
6270
3866
111
1556
4639
13004
268
1327
7024
13004
3170
2771
7702
3563
14412
1451
1837
1368
5688
13004
1868
7024
1405
8165
8700
5104
1479
6270
5148
202
2848
1631
1451
5968
3330
509
5243
956
5968
2241
431
9299
8700
6780
3082
10007
8700
10007
1748
10007
13004
341
13004
897
3817
10007
6578
207
2770
13004
6270
4293
1451
720
2110
14412
1945
5417
8700
2870
2099
4341
2870
2824
1216
4824
7024
3534
2504
3666
2402
8700
10821
6270
7338
840
1083
3298
832
2387
1448
725
6780
552
3589
2093
10007
2023
4839
14412
1964
3985
4563
1321
3066
2667
265
10821
4876
4746
11868
6780
1154
9299
781
14412
2052
1790
4735
8165
10821
1305
14412
3809
1837
1065
4987
4671
8165
2827
954
769
5408
11868
5968
6398
7024
6398
5516
2792
1768
840
1035
2598
1631
3082
8700
13004
3853
11868
1138
9299
4618
1330
7702
1405
1950
4276
1705
1830
3899
2044
7338
4370
1705
729
1782
5516
7024
2667
1819
238
13004
2052
9299
1362
523
9299
1327
10007
1523
6578
1724
4639
430
982
10821
759
4839
2135
5939
1484
8165
1368
4618
8700
14412
6270
3555
8700
935
14412
725
2375
13004
5906
7702
3721
2590
7338
13004
1356
723
2849
1511
5287
2684
3168
8700
8700
4077
4499
10821
3761
6398
82
10007
7338
1859
168
1966
1725
2541
6072
11868
1124
1454
2375
13004
3719
241
7702
4002
5082
2975
4506
6270
6780
3061
3760
691
10007
1257
5523
83
5906
6270
3395
3162
14412
10821
6780
612
11868
6578
6578
10821
7024
13004
1897
8700
2137
10007
10821
1656
3488
8165
1124
2047
4829
13004
3760
4371
2797
8165
178
1588
4929
8165
10821
2737
457
1216
3747
1725
4897
811
3103
4563
4985
9299
2354
8700
10007
9299
865
3924
9299
7338
6072
2380
6780
9299
5154
2786
11868
783
2667
1518
2330
4691
2014
9299
3149
707
193
2628
3498
2598
2794
6156
10007
13004
5321
3157
7024
8165
8700
465
3249
6780
9299
13004
1705
8700
2349
4691
10007
263
176
5511
6398
6156
249
1363
7024
5301
11868
10007
2771
3641
13004
6398
8165
1015
4117
14412
13004
5379
1135
109
14412
6780
11868
2340
14412
6578
982
11868
3736
5285
223
13004
335
870
6156
1858
6156
5148
1702
8700
13004
2568
3413
7702
781
3215
10007
10007
691
3193
5968
9299
3509
4169
3723
10821
8700
10007
2493
7702
2925
871
13004
1405
108
4546
1588
4521
1051
3298
2052
967
809
2349
443
3553
8700
3090
2137
13004
4081
10007
5321
320
7702
2004
176
1872
1053
1407
13004
5939
3352
7024
3819
10821
13004
1024
2052
826
3061
10821
3352
1495
3440
2421
1495
6398
8700
10007
14412
2815
178
785
11868
13004
154
5914
5082
6780
1616
5914
14412
5968
1588
8700
4897
4222
982
7702
5285
6578
4070
3553
1495
6780
1510
13004
6398
4532
2975
2953
3553
1588
1368
1790
10821
8700
8700
9299
3817
1609
10821
7338
11868
4002
595
2598
4985
1540
10821
1798
321
6780
14412
2706
7702
10007
3394
3225
6009
2678
10821
3315
3294
1705
1398
3692
5914
3298
809
882
10007
1517
3473
10821
4571
252
1911
8700
13004
11868
4721
2252
4998
3418
3555
5035
3195
6578
3003
308
4307
14412
2815
2023
3635
5939
10007
3641
830
3243
4055
3519
301
2104
2647
4520
4190
4036
616
11868
7338
6270
1911
763
2298
14412
2382
5406
4022
4070
14412
4528
3669
3138
2429
3519
8165
2428
215
3553
2235
1317
3243
6398
474
5914
9299
1058
13004
3747
6398
935
6780
14412
108
10821
14412
2182
3082
3995
4671
3013
3793
1696
2298
13004
2942
682
13004
7338
2423
348
2975
409
1448
4718
6072
6270
3488
4512
3352
364
1441
691
1470
2429
546
13004
1294
2182
515
879
3342
4897
13004
6072
7024
4618
3259
7024
4718
11868
2016
1557
3174
1363
7338
8165
2028
7702
5906
3136
1409
11868
10007
10821
14412
6398
11868
1868
10821
13004
5968
3569
5035
1053
8700
1911
10821
6398
8700
6780
14412
10007
5301
987
6398
4718
365
1069
10007
10007
5408
8165
7024
7024
1448
4563
2266
1911
561
1305
1588
2566
3138
4651
7702
1216
728
14412
3064
276
11868
2598
3013
5411
2315
6398
3082
2458
13004
4360
3227
10821
5021
440
1405
4071
1705
6398
2954
4399
389
10007
2384
5172
6578
6780
13004
7702
4077
9299
9299
1782
3605
5021
4284
1488
2858
14412
1374
4493
10821
3201
3523
1055
5147
3318
4527
2387
4897
14412
1574
9299
7338
891
14412
7338
10821
3960
2667
2667
10007
1323
8700
929
218
3762
1554
10007
9299
1782
7702
101
6156
11868
14412
9299
9299
1493
2916
8165
13004
4284
9299
334
3641
6270
561
6578
783
13004
1588
870
10821
1405
9299
1389
5523
1124
899
4627
2241
5939
2252
9299
4481
2627
10821
9299
5231
4563
2473
6156
2690
2112
10007
10007
8700
10821
10821
2792
96
3342
840
5914
4240
10821
521
14412
11868
1627
5939
4541
4088
4388
6009
3352
362
2122
1964
840
11868
7024
5009
2829
428
1705
4543
2052
13004
6156
6398
4956
3418
2792
13004
2628
3294
591
492
6072
1351
3501
2829
10821
14412
2266
3298
3316
1964
1911
10821
6009
2529
6780
6780
8165
190
611
14412
5406
1216
4082
1621
1739
8165
8700
4991
3211
13004
251
11868
3870
14412
2916
360
507
6156
2896
1377
2269
13004
7702
7024
2444
8165
2647
160
3206
83
1555
570
1363
301
5507
10007
274
13004
3641
1958
3488
8165
4081
1308
957
997
14412
13004
6578
325
1451
3562
684
5423
3817
14412
11868
6072
1014
8165
2352
6270
4104
3866
13004
3075
1320
11868
13004
5968
433
4022
4752
1911
8165
5968
5906
538
1284
2905
3937
374
14412
3823
14412
4522
3197
10007
4117
8165
2387
7702
6156
7024
13004
1943
9299
6270
6009
3854
2387
935
115
13004
2266
3217
6156
2025
7702
3961
14412
6270
1865
3769
8700
13004
2287
13004
1948
5321
1966
10821
11868
4343
4571
1020
228
9299
7702
720
6156
10007
2476
1486
691
13004
5154
3230
2218
3539
1588
11868
7024
11868
1964
3952
3502
5939
982
6270
6156
6780
1999
7702
5968
11868
2006
2023
8165
1137
8700
4230
3395
1124
13004
8700
935
13004
3206
4493
4742
3853
4230
2252
8165
1705
326
13004
7702
2792
5906
1415
10007
5600
14412
1868
4318
11868
2349
9299
4455
3018
3147
8700
11868
503
7338
6780
2903
14412
5149
7702
1513
5147
783
3505
1544
2269
848
3394
1923
2667
8700
1537
14412
1913
111
14412
2110
8165
6270
7338
1383
7702
3589
4520
8700
4382
5243
935
3116
1216
5914
3418
1911
6072
10821
11868
8700
7338
11868
2182
8700
2542
2955
2942
2375
193
1284
2794
7338
13004
3810
4541
4541
9299
1798
10007
6009
2975
2269
1434
1588
14412
215
1305
745
835
7338
13004
10007
9299
3872
460
1216
5148
10007
6398
6578
3728
1139
10821
2001
8700
10007
1820
1957
3238
8700
2266
13004
3003
14412
2373
1468
4343
1971
9299
1556
10821
1705
2394
387
1411
6072
10821
6398
7338
3179
8165
10007
6156
1705
1257
3641
3902
2975
11868
2684
4493
3907
1798
10007
4533
2869
9299
2266
11868
3230
4070
2378
13004
3961
1705
1992
5021
8165
1241
2104
4537
1901
10007
1351
308
1251
3395
2069
4821
1588
5686
203
7338
935
1369
6398
10007
11868
1724
1325
7024
1790
3281
3336
4718
4834
3523
1445
5968
5600
14412
3545
13004
1495
2856
3130
3147
2970
6072
3193
8700
5408
10007
10007
2870
1493
2413
7024
14412
2827
13004
4382
14412
2057
1588
13004
10821
11868
3352
1453
11868
103
4762
3294
1433
3775
5183
13004
1420
399
4085
199
2589
8700
2182
2205
1327
882
326
3130
751
3523
936
5968
9299
113
3635
3573
2023
7338
1907
2975
904
8165
7024
11868
1907
1611
2976
13004
4627
936
897
3793
1053
2598
11868
2104
5939
5939
1588
7702
11868
7338
10821
7024
492
4190
1879
7024
10821
7338
1588
6578
6780
822
6156
2091
4991
6578
2378
2379
9299
666
7702
9299
4307
14412
4897
814
11868
2423
7702
8700
7338
14412
11868
3179
11868
2387
5914
3179
14412
6578
1588
1448
1305
511
853
1365
845
7702
2761
9299
388
8165
3990
2103
682
3555
13004
14412
1555
14412
6009
8165
3793
5939
4301
10821
6398
5154
2315
8700
1471
11868
7024
9299
4557
14412
1631
10821
301
10007
876
14412
3352
4088
2216
2879
933
6072
5968
7338
11868
14412
9299
5406
199
10821
7338
749
7024
4534
625
1631
2182
7702
1195
2478
6578
7338
8700
3641
10821
1181
739
6072
1768
2382
4179
841
8700
13004
1356
2529
9299
2252
4002
6578
3968
5600
4256
8165
7338
3206
119
5968
14412
2287
1393
7702
10821
5294
5939
1535
10821
4691
3985
10007
7024
2310
497
537
2737
5939
9299
7338
7338
4438
11868
3418
4563
6072
6156
10821
2387
1275
1853
11868
13004
10007
7024
10821
5168
10007
2916
4276
2005
10821
722
8165
13004
1864
8165
9299
3728
2879
2387
3527
246
2916
2792
6578
809
7702
809
14412
4829
13004
4382
8700
4834
1705
7024
2139
215
1141
819
480
13004
4849
652
831
4284
422
4691
2375
8700
809
3197
9299
1858
10821
2220
10821
4618
13004
1263
2841
4307
841
7338
4190
3213
3298
10007
14412
1305
4070
2792
10821
2429
3589
3760
9299
10821
13004
4117
9299
842
5601
3995
1216
684
7702
1538
3243
7338
4691
6156
2269
10007
6780
2792
7024
3880
10821
840
9299
707
3995
840
7024
2814
14412
5497
9299
4520
3721
