119
93
147
1162
200
127
2621
122
73
271
492
99
264
191
332
139
54
237
297
410
309
254
83
261
344
153
154
145
152
393
178
406
26
3594
147
338
120
316
195
386
262
108
17
145
56
236
1073
3594
328
2892
267
190
3594
139
276
315
252
262
297
299
37
330
159
353
513
46
2892
285
364
197
107
260
224
2892
403
1472
412
322
253
192
325
1472
301
323
164
266
109
238
125
1743
30
380
398
189
285
103
63
386
2134
73
239
192
19
195
442
27
73
52
51
202
3594
178
209
328
70
418
373
240
202
435
209
399
277
23
376
56
397
302
2621
92
253
173
86
189
81
336
367
73
184
119
118
578
107
3594
152
83
346
70
44
1073
117
268
189
274
285
394
42
1743
364
343
70
238
189
126
382
382
136
14
99
161
1940
351
305
114
3594
1162
408
320
262
146
385
318
301
106
166
96
52
257
52
404
22
296
629
317
331
71
83
79
306
386
27
51
434
346
336
1940
179
274
80
738
367
291
404
231
359
106
359
42
297
286
676
244
325
431
311
159
230
145
240
106
328
52
1247
45
334
247
2621
139
53
355
89
44
249
296
308
299
218
300
21
267
293
424
3594
207
1006
173
408
162
282
353
3219
239
81
68
68
303
1162
144
254
406
250
172
3594
341
271
946
75
200
286
255
414
578
1073
431
205
338
190
24
177
2368
384
125
22
191
31
436
193
72
164
106
92
383
189
197
115
42
316
383
182
96
97
191
310
13
262
193
132
75
397
97
105
376
381
15
2892
152
82
127
17
408
394
428
358
2892
202
195
326
56
1472
2892
312
236
1073
336
71
138
17
350
272
3594
2621
1743
424
946
82
63
305
325
301
394
445
300
304
74
39
376
1743
281
373
294
304
369
405
202
3219
264
303
109
1472
180
182
161
365
1472
227
3594
447
43
325
653
2134
438
228
94
257
223
281
350
189
148
71
52
44
195
2134
174
291
208
98
361
262
266
226
26
345
275
52
266
453
324
194
345
328
366
386
346
1006
347
337
215
44
209
406
338
154
410
328
367
338
377
109
144
349
52
145
212
153
355
321
325
403
89
2892
53
154
140
242
84
1247
296
71
1472
262
362
220
192
1595
189
23
286
105
3594
207
383
231
281
432
139
227
261
311
227
877
254
127
409
2621
208
107
56
325
184
232
259
369
383
423
329
56
262
2134
329
3219
218
43
2368
149
107
327
68
79
231
336
426
114
16
22
317
432
3594
177
248
139
270
41
294
56
171
81
232
121
63
397
1940
195
260
326
371
377
228
1595
323
287
16
63
338
232
338
262
23
114
877
110
3219
190
27
56
194
28
308
231
371
23
2621
248
270
88
416
110
235
281
395
19
27
52
393
51
156
30
37
276
342
153
376
351
146
1162
1595
95
3594
14
128
247
336
474
410
153
2368
52
166
138
190
270
27
78
424
190
311
20
88
299
230
348
264
190
51
367
233
286
94
334
195
72
21
412
178
43
326
227
432
182
146
1247
3594
410
233
77
1162
383
373
183
396
99
76
297
55
1743
200
330
189
127
122
372
323
246
69
355
132
448
322
448
232
431
52
503
407
154
100
90
227
355
413
126
3594
247
129
435
338
308
263
52
270
302
127
122
192
293
83
51
165
246
25
213
122
25
374
1940
2892
2368
189
2134
366
268
2134
352
127
134
296
139
183
1073
216
433
308
382
2892
2892
412
2621
272
192
445
243
193
676
349
272
16
92
208
189
135
283
246
277
328
153
91
18
122
126
307
80
139
300
184
42
225
182
152
369
1940
255
26
274
190
363
128
2368
158
1940
3219
51
1940
192
94
127
207
369
27
191
256
93
363
184
1595
1940
104
54
96
294
205
328
410
17
578
380
249
132
238
2621
305
340
342
258
314
105
382
302
71
362
381
349
303
411
14
246
825
266
287
81
308
21
355
45
99
414
114
2892
343
2892
375
110
261
413
177
194
195
326
343
336
70
120
1162
268
338
99
1595
283
387
302
3219
1743
266
20
379
129
414
375
190
192
351
47
182
20
370
192
445
141
119
329
123
344
18
369
424
355
363
52
39
2892
14
52
227
84
404
295
338
341
314
189
189
264
60
345
358
393
243
3594
1743
62
94
20
147
503
254
72
364
474
317
3594
86
380
122
238
629
197
243
394
30
323
352
176
1162
780
34
297
1356
341
161
139
274
54
433
2892
41
2134
68
18
52
417
170
146
115
177
946
54
165
313
44
83
424
277
127
283
171
297
447
249
218
385
424
184
138
76
276
51
149
54
139
360
413
1073
2368
409
52
361
208
366
43
255
83
39
158
2134
274
21
411
33
280
434
320
94
385
825
264
384
79
393
223
240
414
219
99
37
309
3594
142
353
296
100
43
191
94
44
411
197
83
17
231
380
354
216
377
237
92
128
231
414
3594
105
368
268
62
205
171
303
272
72
401
18
2134
3594
393
13
139
96
378
252
2892
2892
3594
106
362
156
88
1743
244
1356
77
261
83
356
235
414
323
455
347
438
356
384
387
323
215
220
117
17
2368
351
161
182
338
127
267
127
67
127
82
73
202
294
179
99
266
152
285
52
179
240
190
128
53
123
55
108
191
37
171
1595
14
118
304
3594
385
401
157
77
52
212
44
115
56
307
61
331
946
190
1940
56
83
280
270
195
286
349
127
394
1743
249
276
409
361
412
301
1356
52
320
2368
144
1247
2892
300
94
485
156
305
52
280
90
385
140
825
62
372
16
302
1162
1743
191
450
305
190
305
122
93
2368
106
128
1073
191
222
327
376
316
32
320
325
317
323
197
345
99
738
435
365
3594
373
18
345
314
34
190
73
426
37
324
345
305
303
253
432
2892
322
433
71
253
291
344
134
365
333
122
192
3594
259
60
396
86
94
416
309
2134
190
191
153
115
27
353
336
292
107
214
295
105
161
359
218
324
311
123
70
130
184
125
115
287
2134
214
2134
263
235
157
341
1743
14
203
212
42
302
45
3594
1356
320
341
383
240
1743
208
195
173
197
277
144
2892
362
305
286
22
130
364
361
343
3594
171
270
216
432
115
94
345
15
210
21
367
2892
702
322
355
404
272
2892
203
381
140
2621
358
358
425
94
738
139
2368
96
165
81
161
341
361
273
265
170
70
268
191
411
106
247
93
355
387
383
103
189
79
203
409
128
437
653
268
177
1595
412
34
182
135
311
262
214
738
366
106
307
368
94
350
346
83
355
2134
253
267
45
36
435
122
41
238
14
113
398
363
350
263
275
52
357
361
301
326
337
370
280
325
411
100
139
334
321
96
323
364
1595
277
205
228
2621
322
277
629
146
22
164
267
333
139
189
3594
94
2892
338
2134
255
134
165
87
190
1472
182
409
153
331
177
2621
27
209
331
367
373
325
412
195
191
273
89
349
218
106
125
247
82
435
349
182
232
328
321
254
67
432
416
100
45
161
311
418
230
2621
254
3594
1743
156
37
138
92
248
424
270
1472
325
370
349
291
264
67
227
126
296
403
27
347
79
61
161
219
300
415
61
83
73
350
395
382
83
43
359
343
158
347
2621
203
1595
327
2368
210
128
154
330
1247
247
43
211
780
2368
290
190
274
432
414
363
354
3219
156
231
431
223
348
99
346
23
281
262
107
264
153
149
227
25
16
122
115
109
2368
36
375
275
156
2892
200
94
363
206
126
128
194
79
68
224
92
94
13
222
86
292
15
161
100
92
351
190
243
417
355
147
43
191
147
310
353
41
302
322
345
1595
213
3594
125
347
394
124
251
127
109
56
191
877
216
43
344
75
71
361
453
200
3594
246
432
170
629
268
189
442
325
51
355
352
267
52
138
233
43
395
213
319
62
323
191
825
412
307
55
1743
20
202
408
285
189
260
321
348
213
53
227
109
2621
332
384
560
127
295
194
476
125
15
267
171
14
121
1356
190
299
302
331
177
338
2892
408
16
3594
313
3594
321
41
350
544
532
303
264
73
361
26
262
52
36
305
18
147
277
22
106
2621
363
110
381
171
54
89
179
243
189
117
378
2621
1356
296
253
115
366
182
182
145
152
268
70
57
204
413
162
80
43
294
94
403
191
395
158
385
386
64
42
285
400
94
253
90
428
429
243
44
147
12
359
286
348
171
231
30
653
363
109
247
372
25
339
56
15
370
408
323
25
183
27
264
42
148
182
414
135
27
2368
388
320
275
2368
214
115
386
403
182
29
383
325
89
383
297
161
155
2368
370
264
347
222
235
450
312
303
1006
375
1356
31
1940
348
192
89
676
313
206
251
94
317
262
368
3219
190
353
419
312
184
106
37
235
255
377
338
277
42
134
145
366
404
178
47
362
162
208
54
404
284
243
356
356
122
1940
329
2892
80
267
212
388
36
94
99
368
2892
414
248
328
43
202
2892
44
121
338
190
327
2892
53
157
95
825
86
109
146
3219
441
212
246
437
253
2134
165
276
385
189
3594
244
1940
95
181
2892
315
374
119
30
11
305
445
81
355
128
193
94
162
81
98
305
1247
51
38
432
99
259
80
121
376
233
381
323
267
52
3219
946
18
355
327
205
327
75
262
235
129
25
417
2892
190
291
263
369
345
362
231
2134
381
60
108
106
165
336
416
190
13
240
98
268
244
404
432
231
316
14
248
146
407
390
2368
92
97
192
145
193
1073
441
25
738
83
1743
3219
154
87
385
431
115
3594
196
96
157
353
189
336
3219
378
161
2621
356
353
164
222
290
292
128
27
267
351
370
75
346
142
305
123
123
305
283
207
3594
15
43
105
93
189
156
369
189
128
281
397
70
144
595
218
146
121
291
329
273
299
375
424
2621
303
417
355
161
157
350
20
161
368
184
350
378
3594
702
206
446
170
305
152
404
272
253
27
325
146
332
127
249
273
264
69
395
266
189
36
106
91
409
264
189
30
432
84
343
75
172
1595
119
1743
90
2621
223
292
325
145
283
153
315
33
203
300
348
223
147
348
2368
67
353
266
140
214
266
214
307
239
361
348
188
314
345
41
144
2368
13
560
101
369
93
362
127
224
53
135
148
419
363
51
94
25
283
208
277
1595
276
192
38
364
173
134
139
3219
323
2368
134
336
127
26
182
200
260
192
202
403
317
231
150
629
3594
63
43
42
20
446
108
313
283
2621
376
157
236
301
3219
135
42
1006
702
197
20
446
47
189
367
93
148
403
233
323
287
1595
69
115
233
445
412
291
209
1073
78
289
268
97
62
142
190
289
223
25
188
157
21
273
3594
355
1595
496
249
306
155
262
107
83
264
76
162
108
172
380
93
139
1595
106
303
356
182
379
336
212
2621
96
310
89
277
145
416
345
1356
43
153
316
2892
150
374
252
41
353
325
366
149
267
158
363
238
30
332
272
171
53
214
373
159
3594
248
313
147
79
106
214
32
369
394
285
195
2621
81
426
276
216
3594
331
382
294
88
165
277
388
412
406
1073
249
218
418
323
207
2621
190
31
363
224
1006
382
238
189
30
382
363
292
450
426
411
431
52
117
368
81
46
414
95
69
877
110
213
317
353
172
110
320
702
3219
2368
15
321
300
152
101
138
161
73
81
122
344
153
218
177
20
2892
277
295
378
233
1247
408
1595
139
81
287
197
393
231
273
277
825
180
192
325
383
14
52
381
22
81
348
202
3594
14
344
357
14
194
299
323
285
163
139
399
96
1356
189
444
21
877
356
292
408
126
253
343
223
111
191
348
327
291
194
390
382
200
296
363
1940
237
256
15
303
374
191
108
11
1356
19
83
51
83
17
378
289
145
181
83
261
2134
191
313
218
128
334
209
353
3219
294
82
264
94
367
274
352
78
14
337
351
336
3219
336
313
238
200
363
381
1472
2621
148
328
324
325
34
161
423
135
297
248
123
629
297
350
2621
182
150
454
208
69
1006
52
152
263
51
70
236
323
120
283
347
275
246
405
372
384
197
3219
344
289
560
192
321
3594
366
291
3594
328
272
182
186
81
445
450
18
193
406
438
218
403
16
354
372
375
1595
52
295
279
408
52
55
285
356
162
272
148
367
190
260
194
77
119
110
946
164
2134
233
14
56
2892
394
1356
3594
2621
190
362
3594
276
157
64
76
49
366
1073
277
155
328
738
299
286
311
54
144
20
52
44
22
393
415
213
81
171
412
227
128
277
264
329
132
330
237
55
364
146
147
287
233
108
291
3594
184
1940
272
411
414
200
414
127
356
241
107
350
44
27
73
268
3594
136
332
825
3594
320
89
313
1162
351
291
311
27
333
1940
83
2368
54
323
182
205
375
60
89
1247
3219
354
83
1162
1162
21
1356
426
1162
122
83
194
91
152
145
3594
437
190
205
21
208
27
135
120
1743
147
3594
52
2134
17
353
394
1595
13
378
366
237
56
146
2368
270
415
268
73
291
262
213
270
253
317
335
285
244
105
52
255
69
106
287
414
274
95
208
333
1595
257
62
117
366
409
239
89
133
97
100
339
23
266
170
384
343
1743
2621
145
190
14
405
406
271
259
99
339
362
254
315
170
448
110
186
100
1940
189
361
205
2621
329
262
361
3219
365
128
314
16
162
297
114
227
41
385
207
276
200
280
350
362
154
326
142
55
441
139
21
174
380
3219
220
268
328
277
406
629
328
27
409
20
435
41
257
292
2892
54
1472
428
449
2368
290
1356
273
127
264
393
149
3594
54
130
309
98
426
211
578
227
88
340
311
304
297
825
20
1743
56
1162
42
355
386
81
130
161
291
106
273
170
26
91
321
119
702
62
446
43
271
328
141
181
54
359
227
361
386
72
437
194
13
278
119
151
277
71
445
414
317
193
235
330
384
89
218
127
123
147
415
109
1162
310
2621
2892
18
390
175
289
27
411
362
277
232
161
16
196
392
1006
149
877
256
825
375
177
107
81
232
178
313
338
294
135
44
2134
233
205
276
343
321
135
384
127
146
299
189
99
278
89
299
44
361
63
115
191
446
172
382
250
291
128
338
339
75
287
334
78
321
319
286
398
1595
309
128
393
85
296
393
277
394
140
73
270
1743
2134
261
416
142
362
219
133
385
128
293
110
401
250
132
185
41
244
158
107
1073
142
86
396
27
321
99
249
88
279
63
276
225
126
230
115
171
296
78
326
171
287
297
194
272
377
338
388
144
15
2134
78
3594
119
43
410
129
262
3594
780
377
30
337
78
249
254
144
154
196
26
676
210
107
208
127
245
363
267
353
406
106
248
178
293
393
193
94
69
14
325
155
115
323
25
381
91
653
325
121
171
253
118
100
125
265
245
189
233
155
185
629
14
160
326
93
3594
440
437
206
105
43
431
2892
309
3594
209
250
356
222
189
353
426
54
295
2621
315
190
433
1006
106
379
320
127
413
283
1162
2368
303
348
395
254
232
90
243
420
142
320
194
227
340
414
127
194
738
315
127
291
88
3594
409
152
315
327
135
336
385
433
194
330
184
83
263
262
262
3594
343
147
276
1940
96
158
191
355
349
51
367
1595
362
303
21
218
277
237
192
51
277
329
232
70
214
292
127
246
52
41
355
3594
296
89
2621
200
305
2368
353
171
158
629
434
343
301
409
408
119
273
345
189
148
373
39
877
73
146
78
1162
222
69
433
1472
246
106
96
331
3594
418
341
145
275
376
369
345
48
387
406
369
154
213
231
362
190
161
334
72
17
127
264
281
15
331
43
2621
272
330
115
2134
248
105
415
273
91
389
172
144
283
164
20
14
344
189
281
99
283
18
236
280
44
161
353
52
20
139
20
346
331
238
171
309
98
1073
2621
232
270
296
363
432
323
56
158
44
355
90
109
123
292
2892
170
364
31
60
208
2892
153
393
365
43
109
109
311
345
276
413
109
3594
293
127
331
227
1940
440
133
270
133
87
112
361
325
59
165
2621
1743
332
1743
177
22
1162
393
439
20
194
177
127
223
239
34
99
304
1472
366
201
595
311
2621
409
388
189
146
2621
291
250
178
382
126
3594
252
191
164
12
114
379
437
322
306
139
409
253
161
81
14
107
68
355
27
181
78
215
319
161
378
313
578
382
438
3219
348
1073
191
190
51
267
180
466
177
43
440
350
91
946
367
406
115
240
145
21
231
1162
228
276
294
149
60
386
406
376
595
2621
2892
21
431
1006
375
409
316
306
338
126
53
351
303
41
247
175
2134
291
227
297
408
152
87
1356
394
333
286
42
560
61
3594
147
377
272
312
235
426
369
264
16
22
90
373
83
18
292
267
78
110
2621
439
256
311
106
281
324
362
424
323
578
93
174
305
276
233
328
2621
194
190
262
294
2892
133
123
232
228
247
53
110
52
338
2621
264
261
433
252
367
446
367
108
393
384
276
3219
44
146
271
78
326
363
1595
300
287
273
191
496
345
164
212
333
336
2368
125
608
93
287
106
37
26
209
408
280
100
352
253
89
231
408
63
105
244
442
324
347
53
275
27
345
105
299
13
450
319
296
138
233
179
207
355
20
270
144
55
328
3219
284
259
325
379
338
200
106
123
17
264
44
21
132
103
304
117
127
421
171
435
343
79
277
326
115
183
55
417
56
94
261
350
328
305
215
248
144
3594
63
326
214
20
164
94
270
381
1940
14
236
3594
222
350
28
410
3219
389
164
2892
389
411
162
414
152
423
138
242
2134
62
1940
92
351
373
382
174
3594
172
3594
420
16
147
270
368
243
409
194
30
311
270
52
208
3219
189
242
296
320
3219
264
28
394
345
3594
76
676
152
347
1006
233
139
22
2134
437
106
296
182
237
197
1073
1247
272
126
34
192
316
3219
394
254
275
144
189
17
105
1162
303
361
42
14
336
240
144
44
3594
277
1940
338
58
174
2892
270
101
110
34
192
257
257
336
1743
388
252
276
1162
386
144
235
394
278
560
394
384
83
445
153
275
77
72
274
262
82
3594
406
410
348
60
303
175
99
307
145
361
268
291
92
249
260
270
53
406
314
372
22
352
273
18
215
192
164
123
2368
181
316
74
172
304
345
304
376
1472
3594
161
355
53
341
261
145
3219
18
2892
402
164
139
178
343
355
268
51
156
338
315
3594
128
150
157
165
1595
140
69
382
231
117
41
105
22
272
264
17
300
253
431
333
18
226
3219
396
26
295
2134
72
344
55
234
361
100
147
2368
287
53
275
94
3594
2621
1472
404
121
329
325
127
17
3594
286
300
235
439
419
250
87
361
446
54
189
270
255
328
153
202
343
2368
265
100
47
80
281
416
2892
120
60
20
305
319
15
342
3594
381
308
17
311
228
20
15
2368
13
262
245
139
52
263
273
410
780
332
350
215
179
194
325
3594
283
190
208
200
415
348
51
395
1595
303
136
55
36
653
403
323
177
109
14
164
409
415
154
272
3219
43
90
109
227
61
30
81
104
368
182
324
1472
80
1006
24
55
338
26
147
344
178
71
405
156
1940
255
79
222
445
1073
171
110
142
325
55
13
127
321
424
1743
2368
