455
261
82
421
393
504
141
54
111
127
3032
1450
82
316
489
174
485
276
118
575
189
127
440
610
590
47
81
426
226
435
283
3032
154
562
536
503
151
532
103
608
415
38
32
321
1549
950
78
195
488
274
574
196
477
45
26
383
73
4541
145
247
13
572
120
4541
408
296
523
528
149
162
454
161
147
461
1809
280
4106
37
344
183
138
300
575
459
3032
114
75
300
73
489
117
1965
26
54
160
507
468
41
96
433
228
45
461
986
572
336
158
626
294
447
479
2144
431
80
154
410
161
542
341
20
100
534
535
472
174
112
394
440
3345
505
597
491
602
617
337
4106
325
14
253
2564
163
306
3715
163
456
580
257
38
369
182
433
400
458
194
455
451
340
404
485
529
553
527
38
171
595
457
602
301
386
578
187
19
102
161
1654
1075
199
3032
588
536
1965
22
96
41
238
279
406
164
626
538
528
1965
301
420
487
41
238
294
248
280
269
620
616
2805
157
3715
222
573
169
209
123
104
184
161
635
258
529
488
525
197
3715
1450
329
1261
548
184
97
584
303
489
619
539
279
510
54
42
113
40
201
518
193
513
460
273
396
1261
459
373
502
119
119
620
245
485
611
221
75
451
628
434
165
1809
605
608
375
316
456
320
260
490
591
47
455
252
584
40
36
35
608
509
451
21
209
776
2564
628
286
2343
1809
451
4106
508
1965
571
273
458
301
254
539
517
776
612
157
164
458
592
296
507
593
505
284
268
447
154
22
220
344
294
122
140
629
431
563
629
352
40
329
454
513
72
575
511
374
628
297
533
334
638
563
71
145
546
403
542
4541
627
481
178
413
3715
386
154
3032
560
290
1549
383
301
529
286
80
223
338
248
2343
54
707
341
628
161
578
488
35
439
257
121
374
401
203
102
514
149
225
83
464
585
219
195
423
97
295
620
404
55
166
85
296
458
539
172
194
451
138
608
149
541
562
20
279
612
500
167
195
35
360
488
485
380
259
523
411
487
83
43
274
326
269
3345
353
395
137
22
360
258
454
83
54
506
286
374
437
433
463
284
563
579
304
269
1450
490
429
433
628
197
832
628
459
564
326
289
65
326
540
13
339
572
140
483
403
503
338
224
301
147
273
145
2144
437
563
2144
271
323
3715
41
415
1261
3032
97
454
183
103
617
620
460
184
145
491
623
492
139
3032
300
243
630
20
463
547
554
374
297
96
3715
476
495
104
583
293
608
359
374
322
380
544
371
406
410
273
2805
603
343
492
544
43
563
14
437
491
642
524
489
4541
576
459
3032
3032
498
261
575
628
195
529
565
585
189
506
552
461
350
436
304
529
2343
438
37
614
1075
418
294
458
458
508
459
89
323
418
145
628
1033
431
170
194
96
95
450
374
34
573
489
638
261
44
1654
375
387
3032
169
453
585
433
274
720
142
427
2144
507
639
296
25
371
564
532
96
494
100
632
184
39
306
492
33
254
410
560
385
2564
635
258
412
2805
459
358
528
481
175
505
401
520
472
20
403
450
459
547
986
108
338
84
450
320
546
75
2144
39
590
425
635
283
334
286
248
38
524
195
626
566
261
381
284
430
171
4106
565
290
609
38
561
562
225
242
320
464
214
49
80
301
47
458
4541
29
344
320
214
164
145
639
360
121
635
38
96
110
403
83
401
950
153
124
371
509
2805
491
75
103
433
472
575
625
195
610
628
534
220
115
203
41
429
565
48
2343
611
4106
190
329
217
186
610
611
466
465
286
487
140
436
175
21
276
526
628
329
531
427
417
4106
157
455
253
97
542
461
4106
72
164
260
196
3032
26
450
125
2144
581
433
541
400
2144
194
492
575
454
526
28
273
89
3345
605
566
122
139
400
523
456
196
986
538
115
436
3715
162
386
26
4541
267
611
382
401
447
2564
1349
39
498
758
26
419
1120
121
73
194
477
3715
4106
317
3715
531
40
208
14
4541
274
27
595
402
206
458
403
121
375
374
43
2144
323
435
2144
560
213
606
423
482
262
147
598
82
586
96
530
4106
465
169
141
491
417
632
487
1192
458
1450
189
587
530
326
169
410
261
483
562
598
581
321
2343
403
3032
450
387
109
243
123
564
294
196
142
602
245
487
196
615
257
299
604
597
211
816
432
22
23
38
374
570
490
1192
490
292
528
23
451
476
544
1192
41
4106
832
117
426
43
509
13
590
258
296
387
326
628
633
100
633
542
483
268
412
28
102
154
289
4541
529
1549
334
47
287
563
565
413
511
380
28
224
209
507
38
222
397
212
292
274
4541
758
256
141
254
14
21
597
4541
413
498
536
555
73
223
816
516
530
560
298
1654
542
621
339
22
3032
715
375
1261
86
489
434
538
591
542
413
2805
483
214
85
473
193
471
416
611
411
109
14
290
374
244
75
22
1075
402
450
414
603
478
582
459
26
49
176
38
14
484
175
458
200
296
562
387
1075
80
605
417
485
323
2144
259
510
459
410
395
428
400
585
456
454
459
161
119
329
175
176
502
23
281
3345
324
280
405
440
223
20
1809
3345
553
776
294
20
590
478
545
433
206
347
173
375
208
265
339
511
3032
486
405
155
594
82
4106
915
534
32
195
201
102
345
119
434
634
61
126
570
608
493
279
117
147
338
4541
190
27
324
38
4541
384
49
529
109
81
102
1965
27
434
103
410
339
39
269
195
477
374
481
101
595
478
35
604
561
161
464
112
3715
38
170
619
212
393
540
268
506
531
595
402
526
558
610
374
507
520
409
510
450
451
637
2343
385
24
609
522
498
157
169
458
442
620
560
2144
542
164
505
544
189
583
320
616
489
602
140
4106
505
117
333
412
149
84
21
483
4541
544
425
745
4541
374
3715
274
172
272
282
57
578
527
458
1965
320
287
37
26
33
168
121
520
172
419
403
526
27
338
27
73
510
529
549
408
528
217
4541
438
627
325
539
450
496
1349
509
3715
459
48
576
4541
544
450
376
221
702
578
189
214
475
259
117
540
40
491
44
275
4106
436
573
629
455
603
271
440
493
140
3715
577
434
196
457
611
199
642
216
82
109
195
235
271
115
464
175
80
609
433
3715
600
1965
591
579
526
274
317
108
547
334
240
510
39
603
432
122
53
489
586
572
224
450
141
109
50
212
323
507
405
524
536
434
514
1654
83
279
227
253
410
510
3032
226
3715
413
1192
544
584
629
441
433
34
351
292
413
113
121
21
97
293
121
441
145
628
435
4106
268
163
103
596
226
157
562
510
610
374
476
488
344
631
97
71
38
175
3032
189
564
832
295
19
572
321
1809
493
464
262
150
399
293
242
102
461
23
165
3032
157
441
493
38
597
3032
80
21
454
461
251
584
628
631
37
458
149
96
461
267
638
261
395
562
40
816
461
293
125
341
459
430
192
1349
269
301
25
273
97
40
205
470
3715
442
256
509
269
258
162
317
456
205
355
459
562
950
651
1549
208
2564
634
478
262
261
1965
375
103
249
291
393
4106
446
403
1120
323
1261
1033
619
622
19
571
96
326
89
413
489
607
414
96
291
4106
518
628
112
4106
516
1809
54
447
3345
275
574
561
26
120
4541
345
123
301
289
193
198
258
457
491
224
604
588
326
19
121
436
627
486
167
451
637
457
2564
286
85
191
196
20
46
4541
595
4541
200
2343
629
352
174
509
82
612
159
597
503
481
609
432
317
451
377
453
296
4541
222
36
531
317
22
386
89
90
38
104
189
148
298
2805
26
456
322
173
487
490
544
544
429
323
642
1654
481
536
258
39
504
94
491
85
436
586
628
572
121
265
383
408
165
221
373
518
624
25
609
323
1261
38
89
209
279
22
314
543
275
444
2343
3345
273
631
86
503
383
106
546
436
218
39
184
157
89
302
144
21
439
4106
73
340
151
278
333
435
481
4541
35
458
473
424
439
338
300
359
206
414
410
451
598
260
485
413
119
1809
424
203
271
196
338
450
198
1654
402
408
220
217
89
4106
525
434
423
13
55
263
23
248
194
355
22
459
455
411
639
38
297
320
96
43
162
49
501
222
570
3715
142
408
331
3032
149
527
240
408
43
279
584
1349
95
149
122
1192
459
482
14
72
3715
317
627
269
157
190
487
596
610
151
448
422
429
265
2343
34
380
610
566
588
286
986
589
610
575
573
170
113
110
550
42
596
262
484
3345
529
546
584
338
395
676
199
490
211
596
3032
451
511
209
395
415
275
558
238
405
27
461
4541
2564
776
609
249
450
458
417
14
241
606
373
341
304
627
2343
90
127
38
95
473
418
986
562
483
190
380
455
601
461
338
89
2805
113
473
174
524
604
58
4541
475
4106
39
19
108
138
565
147
386
250
437
430
21
413
164
4541
253
261
145
223
268
164
4106
452
2805
154
96
271
563
3032
42
262
618
26
564
72
145
33
169
19
505
338
103
146
380
153
4541
258
543
459
2564
97
98
161
189
27
514
227
529
474
274
283
32
119
592
286
141
211
1120
192
626
75
464
167
154
410
604
429
1349
112
341
76
1192
1965
597
253
336
504
2343
293
292
359
371
96
286
26
40
494
45
633
140
109
1075
414
600
165
532
446
414
483
374
323
481
170
4541
209
472
120
1654
380
238
241
576
529
1809
390
478
286
461
258
1965
3715
531
599
463
191
191
29
400
280
343
153
303
4541
528
523
758
268
628
318
575
531
221
1033
374
1549
527
54
95
175
563
433
258
648
71
1261
434
408
312
4541
49
271
633
124
2144
89
433
157
393
458
285
465
440
323
514
381
148
19
611
432
433
114
506
175
427
258
431
228
156
275
373
4106
392
629
117
37
331
3715
614
149
536
250
145
206
3715
1965
174
4541
112
450
547
194
21
261
224
448
4541
1261
14
348
205
489
290
261
573
202
37
432
564
154
1965
481
464
343
253
405
568
465
400
165
89
148
915
459
561
255
374
273
189
4541
601
476
161
477
414
590
258
325
41
1349
3032
915
208
514
451
109
485
142
422
22
140
139
3032
123
484
155
363
518
575
380
528
443
504
439
443
37
108
546
196
163
504
854
39
3345
534
374
39
447
168
434
14
2144
241
591
575
121
387
490
485
608
46
562
600
610
489
345
293
373
193
73
542
258
195
300
161
85
157
322
486
394
41
329
2564
586
567
74
183
401
466
464
2564
395
431
492
49
183
124
513
270
20
2343
598
950
464
572
455
632
14
28
143
472
454
657
473
379
264
101
289
4541
214
429
105
2805
256
414
257
227
19
14
2343
29
21
563
560
459
302
274
410
950
412
3715
296
375
281
720
213
142
1965
458
268
3032
611
539
4106
145
1809
1450
1349
459
162
494
21
1809
369
2805
174
459
142
469
271
439
600
190
456
548
38
322
140
41
268
273
427
36
467
384
611
399
118
50
271
120
411
210
4541
242
41
374
599
201
628
120
1261
603
225
125
170
585
82
621
247
543
173
376
291
490
417
41
481
418
459
553
1261
307
4106
2343
573
572
604
149
584
196
296
296
348
598
454
109
140
597
414
248
259
384
298
2805
171
3032
199
463
404
587
376
474
286
469
387
334
318
549
196
1261
4541
299
371
4106
347
39
393
599
371
598
241
81
414
2805
609
3345
4541
110
15
588
454
119
608
348
13
174
258
628
546
102
611
2805
44
2144
490
299
14
3715
510
162
41
590
322
4106
347
524
297
317
595
103
388
248
485
341
239
157
189
154
488
616
462
563
487
384
986
2343
518
329
521
1809
154
1549
3715
533
1809
38
433
1965
72
52
149
384
564
633
3345
302
375
279
621
37
157
475
296
519
2805
268
428
532
212
526
53
386
3715
628
472
96
2805
39
137
302
172
563
1654
424
488
2564
273
585
529
286
3345
194
623
611
2144
217
504
174
36
125
206
2805
566
288
507
3345
4541
82
73
522
580
533
402
1809
628
595
164
326
253
413
383
24
459
299
343
117
491
209
222
399
483
123
75
121
1261
410
4106
617
563
49
341
441
21
22
41
392
473
35
196
287
544
74
20
548
331
34
336
285
117
525
451
1549
340
252
454
538
1261
261
33
2343
389
3715
427
80
433
628
342
102
108
38
314
611
250
602
495
194
531
3032
463
259
431
539
286
38
465
431
258
635
610
3345
589
492
481
38
272
285
490
562
2564
2343
572
628
336
189
623
591
562
495
293
152
108
481
482
514
89
477
369
560
145
561
73
284
457
140
242
554
261
290
97
334
584
39
170
393
174
599
604
26
375
139
223
464
569
397
191
301
336
281
206
222
529
469
258
572
4541
273
122
137
598
269
359
1809
40
53
284
630
456
450
493
258
415
148
204
530
539
626
21
108
436
878
491
96
329
214
460
164
273
4541
293
461
164
1450
206
184
3715
610
195
272
536
531
613
144
187
329
343
565
89
433
104
375
4541
209
577
219
603
146
38
213
82
261
200
13
200
2144
502
118
39
628
338
508
512
298
490
210
543
293
455
302
451
3715
535
165
455
627
590
433
403
758
293
293
610
545
323
339
171
816
518
157
572
442
460
73
53
326
632
267
280
310
575
3345
252
544
458
529
154
433
272
171
37
172
878
333
333
35
566
171
374
81
527
168
26
628
435
3715
344
54
212
427
612
604
82
529
214
430
196
156
258
391
138
101
1450
435
610
4106
149
408
171
176
26
126
532
562
455
481
21
145
149
547
154
213
275
115
546
154
387
294
393
428
608
576
271
1965
624
463
434
185
509
2144
23
380
302
457
323
620
250
103
375
617
1261
19
574
524
253
601
4541
90
165
566
619
219
112
403
279
576
472
594
126
3715
461
257
259
426
388
4541
464
14
454
479
32
249
74
32
1654
86
505
3715
589
34
632
16
39
547
209
458
382
4541
375
457
164
405
35
223
326
1349
1965
456
507
175
507
38
1120
490
374
556
39
540
454
273
482
119
3715
586
323
191
82
2805
533
49
432
20
562
433
32
1549
564
89
1654
510
123
643
495
539
13
271
543
544
301
115
193
447
572
300
409
253
73
165
606
322
343
187
39
144
399
511
95
156
374
333
462
1965
261
258
458
628
413
562
611
566
2343
464
334
38
509
269
21
573
118
119
561
184
447
575
487
439
502
268
321
265
82
4541
245
161
451
4541
571
546
406
584
419
335
472
546
1654
578
411
194
369
512
38
795
574
536
395
422
172
457
245
2343
522
563
41
206
434
605
282
3032
149
250
608
547
1261
354
621
369
26
43
430
274
33
194
490
624
4541
20
620
429
195
3715
483
238
114
585
369
81
26
410
301
473
115
4106
624
464
605
253
1654
3715
36
20
167
576
536
431
409
154
493
167
16
38
419
564
242
588
82
488
574
566
98
608
523
413
299
604
505
457
38
38
175
49
609
140
461
112
103
3715
613
640
90
184
297
51
588
248
585
100
171
562
174
280
23
473
1654
26
209
3032
576
270
441
434
575
433
460
175
269
631
343
293
82
341
3032
163
564
292
1349
433
158
96
38
486
2805
604
4541
52
375
292
270
481
611
191
415
175
592
1809
506
206
26
145
4106
172
1192
417
102
174
413
154
449
539
109
54
458
461
405
110
239
302
414
224
183
1809
261
28
2144
554
212
621
83
465
273
2144
456
285
632
509
546
496
400
508
96
83
322
458
3345
392
506
118
312
487
126
312
82
261
459
261
211
599
636
424
300
168
287
286
592
104
153
3032
554
450
915
219
489
447
174
84
534
184
2805
541
389
283
627
154
191
620
54
2144
1450
562
15
503
2144
1549
507
465
39
49
468
329
433
157
155
3715
564
89
203
145
544
508
162
338
26
142
196
248
557
506
380
245
4106
184
569
591
274
188
532
433
268
1654
320
185
104
345
316
2805
39
96
287
524
389
291
347
291
24
206
399
528
347
324
146
481
292
51
221
300
38
60
24
286
13
566
146
2343
528
605
2805
25
38
197
518
3345
456
85
174
4106
3715
301
1965
595
208
374
469
21
578
467
393
405
561
388
534
241
462
162
440
612
1192
165
191
293
562
411
530
174
566
430
4541
343
432
41
494
27
71
38
490
450
109
301
338
4541
113
34
353
260
26
296
541
168
529
500
413
3715
2805
604
490
209
167
491
41
223
1549
428
532
348
3032
521
188
471
22
413
628
371
401
108
354
377
489
406
3032
195
300
38
133
1349
1654
440
1261
450
397
108
169
563
121
286
419
410
1349
297
776
322
413
620
327
511
583
149
2805
1033
38
140
475
441
47
573
514
1075
45
564
288
19
394
440
341
425
560
195
88
149
627
137
617
157
523
950
454
472
268
585
626
244
181
323
302
493
35
589
1349
114
4106
1809
528
490
302
524
210
323
294
303
234
268
247
189
89
347
614
390
573
40
119
195
436
240
583
163
122
657
380
502
402
387
202
603
627
501
461
97
454
483
291
122
595
393
247
485
323
420
1450
204
452
637
586
202
272
207
472
1809
531
369
421
624
172
156
552
297
22
530
118
196
410
572
430
96
271
40
563
616
626
433
641
14
579
139
257
469
298
320
146
253
450
3715
194
24
389
157
385
1120
471
280
205
142
205
605
96
33
374
416
207
39
164
493
22
39
195
167
430
84
171
609
49
4541
57
572
328
20
82
406
337
4541
563
3345
595
21
286
564
121
485
158
572
442
94
100
144
1120
595
433
97
141
195
206
401
3345
38
464
271
269
241
3032
950
533
490
153
206
95
390
300
624
168
103
4541
240
214
336
121
490
49
590
457
816
241
84
1120
547
583
433
176
648
163
272
16
253
371
261
171
153
399
452
11
120
450
299
611
96
600
539
73
20
174
186
476
2144
75
429
287
262
915
608
271
38
336
1261
4541
536
212
400
41
575
1654
428
183
189
189
181
554
485
1261
122
506
14
608
294
2564
250
324
26
141
307
408
561
455
121
102
403
411
85
559
23
250
355
373
2343
189
627
563
600
101
270
557
598
585
293
331
16
197
405
564
4106
40
597
2564
483
89
92
36
1075
545
196
544
104
188
37
4106
454
286
85
578
532
225
40
124
608
253
450
575
97
1965
529
2805
214
185
186
53
146
21
299
245
518
624
518
475
110
540
4106
114
301
273
545
26
143
279
2805
489
13
451
189
223
2144
23
22
37
3032
459
287
252
579
119
33
608
414
611
36
441
1809
389
337
137
591
598
2144
462
547
374
29
485
542
986
611
3032
147
1965
57
139
32
272
22
51
502
326
190
496
423
2564
436
241
24
2564
631
3715
47
34
188
506
123
549
400
144
2564
390
148
413
513
610
174
323
291
561
318
432
192
816
168
481
22
546
4541
410
265
14
433
401
412
605
121
32
239
414
640
113
490
442
2805
467
376
463
562
38
507
563
661
620
1654
432
119
141
533
270
38
133
15
333
82
464
528
162
433
2564
440
34
260
1261
483
489
39
286
54
35
344
832
194
563
347
480
469
359
524
545
464
494
484
212
83
628
546
421
39
76
22
258
4106
124
1654
410
1075
41
269
108
229
120
459
597
23
200
1809
878
410
412
560
272
597
238
950
393
268
74
270
41
488
428
89
95
485
270
464
221
27
392
489
506
458
608
415
37
459
24
278
454
103
624
469
27
300
167
583
302
542
541
564
217
300
214
508
245
2564
38
1809
4106
486
433
563
400
167
41
3715
533
492
571
635
477
265
19
635
49
544
4541
421
273
614
495
454
385
561
253
523
307
412
147
449
489
2564
451
75
465
635
620
526
457
281
530
15
284
450
561
294
334
114
46
38
204
594
603
119
431
38
281
621
343
13
349
508
374
635
832
95
620
390
139
4106
22
595
511
578
3715
628
591
82
96
642
608
96
310
403
1965
103
451
75
612
270
406
117
573
282
476
20
262
336
560
254
283
458
1809
730
108
338
424
410
1809
261
21
403
202
386
1809
3715
102
4106
240
543
489
2805
609
174
432
3345
40
1261
571
339
343
528
174
250
4106
261
3715
205
32
72
2343
160
611
248
115
214
413
387
22
286
1965
181
194
441
632
406
431
41
457
172
565
196
205
329
115
14
250
480
244
241
336
573
575
160
640
563
436
431
610
122
431
389
2805
562
745
300
380
261
573
164
462
572
530
321
524
127
221
157
301
201
154
224
527
104
269
195
536
190
195
199
322
604
167
26
149
38
534
540
96
269
148
2805
138
15
328
454
89
510
292
282
434
435
605
39
195
593
540
25
832
433
1192
605
343
41
114
38
170
83
403
1654
404
415
293
546
241
2343
490
175
161
588
3032
147
169
342
381
431
189
210
43
199
170
3032
433
114
4106
4106
399
2564
460
181
2144
611
450
613
599
2805
629
569
120
483
511
226
505
201
4106
318
115
33
3715
345
301
212
41
458
585
167
11
402
410
214
39
196
2805
456
209
454
185
621
4541
4541
85
390
605
496
113
2805
371
189
441
541
633
547
264
241
26
20
563
562
1965
358
585
269
432
99
549
352
175
433
274
451
745
3032
481
49
108
96
410
1549
117
2805
320
486
414
358
1549
430
915
500
40
184
33
540
173
197
550
603
344
431
375
629
455
586
628
3032
620
832
73
212
641
489
572
22
273
217
480
200
1809
283
393
137
574
3032
195
2805
490
73
82
575
154
602
607
702
22
206
508
275
1450
122
207
33
290
2805
89
96
32
1261
491
148
38
220
537
610
1965
602
487
2343
326
189
102
103
36
553
148
507
411
4106
200
292
196
512
333
45
145
287
561
389
637
344
2144
465
4106
133
275
543
353
472
612
615
174
533
168
114
1450
170
406
502
84
439
529
434
282
619
113
214
628
353
2564
527
223
214
611
1450
1033
476
598
138
627
590
547
261
542
148
473
21
518
124
524
300
19
125
184
641
95
527
359
268
2564
455
154
1809
599
456
568
114
485
165
377
38
162
374
3345
487
483
108
461
165
119
4541
1965
629
272
223
35
292
486
371
41
610
294
526
431
256
3345
950
102
609
602
333
98
300
534
324
22
140
270
3715
36
1349
270
610
174
1549
3032
506
240
168
76
1120
295
14
157
15
152
338
196
241
274
410
524
1450
137
395
301
451
170
2805
529
489
508
52
2564
19
509
621
603
38
1549
2343
406
164
503
170
588
42
140
265
619
605
175
26
616
156
148
25
175
426
37
275
49
142
82
90
529
464
512
223
3032
113
3345
20
104
205
144
169
274
95
183
4106
3345
123
620
456
3032
167
602
212
434
536
535
307
610
329
2564
49
564
235
203
3715
284
565
290
1192
209
473
194
82
405
72
54
33
213
84
140
32
122
259
82
161
301
147
283
345
3345
386
33
564
441
73
43
223
3715
387
76
565
413
567
507
38
421
113
162
387
531
300
986
1965
529
1033
352
491
374
1349
565
394
375
153
487
36
182
463
323
526
619
73
344
439
4541
414
529
103
181
142
535
459
550
323
82
3032
436
322
92
439
175
39
473
169
479
1261
393
529
110
22
2564
281
3345
468
34
417
426
608
54
478
253
2564
208
541
157
103
314
466
459
610
90
155
441
96
507
325
534
89
299
492
217
103
631
271
171
401
157
14
153
401
609
564
628
392
529
117
488
436
543
2144
3345
530
168
489
609
284
189
44
3032
189
634
329
275
605
328
491
415
445
151
290
532
4106
148
487
510
530
575
563
436
493
518
228
589
269
165
626
26
285
250
52
270
95
442
22
264
730
374
268
531
202
223
506
154
413
628
205
89
544
20
564
568
2805
574
375
143
540
113
2343
535
3715
212
338
661
168
435
241
109
377
3345
261
4541
481
223
371
563
4541
601
529
459
2805
522
400
117
564
629
562
389
296
4106
413
391
4541
269
253
189
613
110
20
376
115
327
611
575
628
339
238
486
149
24
147
98
240
601
1654
2343
142
87
505
439
18
43
