512623
1489095
1394784
2294169
454474
36630
159381
5094277
4487514
2154410
214789
4769661
4628500
315141
3942050
3073290
911637
6784122
105452
4148
2895834
5371008
3434212
5243124
6872435
12323594
4526465
1816881
3708362
6732698
7418209
1574892
1388676
981412
3594157
8093222
1570471
389466
8225223
293354
6948984
5462312
708631
12839
1107894
2485120
6631465
104465
7695878
1017622
192270
239149
808054
11978624
822288
12692013
12344166
4993873
750360
3812795
13068878
11425087
3883360
2334837
987100
7538508
16529235
259614
22448040
22247840
17497523
2273642
229364
282146
11360284
3199480
13726325
2217169
559389
9859301
7600232
22336625
5299836
2531
19657662
3448960
6987157
24981836
6885325
11101519
19525
20370164
4063616
26779115
2462482
