112235
2557441
1456593
1802925
1042176
3729371
13230891
12533207
3787277
2966833
9081632
107877
6501608
28921664
10300818
24970467
26880495
19540274
27568185
10530317
7247357
18621402
2445495
414736
15903665
16462384
21798036
20729053
29530470
2100572
1210453
13215178
33203626
34053846
23835399
17390756
4556860
4047448
390258
2379264
24636244
38442529
13737667
14030006
3469030
37871405
37038383
50922364
11362829
20810752
18719166
2808851
21737919
8131082
53574193
16895402
127196
196337
32745355
5425299
59592054
37616117
9171911
46661039
16540219
2168001
20127814
62364077
777479
45223
294262
51037009
32959936
549721
61493622
65257329
76974448
91213834
723201
295713
92394349
58365588
40712398
35622282
62810572
5746621
37271404
22977403
26736273
86627296
9442510
34460750
17313660
115977
36751948
43254860
100480022
84111547
14840826
27881014
80538182
12709695
63105302
57015997
83567252
88162787
33646899
13183961
11765689
74932010
24578944
47741139
8699291
7644205
12601518
