1520189
152239
1378182
5292563
1039369
7092377
7399248
6423564
8552714
2258531
4790665
2990928
1356906
1107967
599846
8525706
6465619
130110
611862
20513880
4269981
7351903
15761988
99641
1762321
13190626
18015949
7590839
24263554
17315045
14704197
293842
174850
11453944
5008458
160845
100691
617388
4147077
2157515
9188196
12656197
1280037
8929562
13288168
16217685
34125301
467512
24010469
2133278
12161371
4200651
195307
50818752
3205152
4302214
29891917
7731958
7637061
19573152
4400177
544170
20399636
8910857
7159034
23620508
165962
799790
12558057
13811104
44311461
11756085
34565725
9386896
6455902
11692556
30408596
9216526
2422150
34040635
32789841
11447778
15180562
16070580
16435104
6639207
38791724
4644957
34845957
16095442
8300144
16825120
2531865
17602879
28439320
5898781
76157115
10483511
14318070
36308111
54762427
7758826
69373654
865650
25888884
99454659
87809880
5573123
29098597
1791321
96318396
672186
61522
18366994
24768607
12694559
52532241
115381469
37665961
59926055
24185872
3443786
571975
90377449
80696118
65284548
14637947
7779772
66032748
3665958
6163001
88565168
14348677
33079893
26879500
99384497
26847072
48192755
69236339
113319246
19207991
47107980
70710058
76583630
9472838
89084969
2432453
