244
3253041
4134228
266248
3555724
6963148
1117839
1110764
3698383
54101
2723436
1891013
755300
2495603
14921381
9095155
20044417
146370
5539844
3757181
8713055
20170578
21817380
1500843
21850537
3108616
19014950
2508793
12085096
2689573
17676741
6020141
2092506
2776875
11179891
15068641
2486506
7831612
13769750
7945990
8881462
19499414
3331319
9845439
10393189
16850981
25658302
48539880
40982746
5320107
25843
43188396
27450926
42892802
1253003
43688762
307557
6050213
85207
22791863
582874
43062806
7400294
29163157
16513200
11664594
6762596
56089723
3470436
23344470
1651414
12650387
12095046
2676118
17824877
10838252
15573326
4949867
24744526
13722032
7030158
23469373
61425285
22785331
