106624
36735
97470
364269
71031
108513
244684
131577
46360
687778
61491
620073
784546
102363
751283
451002
36157
81353
795375
56309
4807
431063
284064
165569
236998
306818
22039
631
688112
1468236
1232255
2157409
1611727
66669
66712
1981229
1466430
983667
2075132
418609
1129244
1513521
6180
1291324
2718222
938998
185287
253598
222761
2573383
4281
1071298
764490
404386
1214344
698030
1190848
45078
2485189
798370
2004354
791377
2466101
3037439
358143
805059
33313
167828
107537
258512
2039287
3578643
1523222
3620459
481163
1512716
1847107
1315145
280905
801529
1998380
495311
3975028
76817
