781854
305036
81600
567595
3302816
779675
293514
2371182
1334223
2251498
576070
10595825
187172
2642781
1325824
2157013
2042682
1484617
10259846
3080855
384446
5859171
1297976
199261
1193111
1582886
15829089
13566411
8654005
8456528
16483767
2099842
5432067
4008855
61201
170532
4007433
2356835
1750529
3570888
1055600
15001496
3088084
15702670
16986901
10613412
2590299
20285035
19332608
13089326
18081140
8348047
20411428
20139712
8283895
3802218
19522142
6935941
870437
388076
22834618
26375169
2222446
12818484
773562
22397979
169834
13095784
21972800
1859217
2333531
9108336
3114116
17091309
11526728
54544
33648930
8895778
6640979
38614492
6470396
21266983
2442313
9481254
1460637
30958186
6750604
17031116
1889869
15559421
133960
31847698
12451
5570796
36023613
524644
474426
988005
37518695
42725122
57153
3131640
38658429
