904077377
124639241
454195988
454195988
962281236
962281236
962281236
993405055
993405055
993405055
993405055
807514949
993405055
993405055
741968664
993405055
834111919
993405055
915316430
751788308
993405055
993405055
995257332
995257332
995257332
960100472
995257332
995257332
960100472
960100472
995257332
995257332
995257332
995257332
995257332
995257332
984171496
995257332
984171496
848757540
995257332
995257332
982227994
995257332
929138487
995257332
929138487
929138487
984171496
930894248
995257332
995257332
930894248
995257332
984171496
768462666
984171496
981382092
984171496
981382092
995257332
982227994
981382092
981382092
981382092
982227994
981382092
981382092
982227994
524516750
981382092
989883333
995257332
989883333
992623743
992623743
995257332
992623743
992623743
992623743
992623743
992623743
992623743
992623743
992623743
992623743
992623743
992623743
992623743
992623743
995257332
862379794
992623743
992623743
978159843
992623743
978159843
978159843
992623743
926659735
985386263
995257332
985386263
985386263
985386263
992623743
992623743
992623743
992623743
922838723
995257332
992623743
992623743
985386263
992623743
985386263
992623743
992623743
992623743
985386263
985386263
992623743
995257332
992623743
992623743
992623743
992623743
918368459
992623743
959093224
981793420
992623743
985386263
992623743
981793420
992623743
992623743
992623743
995257332
981793420
995257332
985386263
992623743
981793420
996718587
996718587
998179697
998179697
998179697
998179697
998179697
998179697
998179697
998179697
998179697
998179697
998179697
998179697
998179697
998179697
922691277
998179697
998179697
998179697
998179697
998179697
998179697
998179697
998179697
998494741
998494741
998494741
998494741
998494741
998494741
998494741
998494741
998494741
998494741
998494741
998494741
998494741
998494741
998494741
998494741
998494741
961800054
998494741
963373189
998494741
998494741
998494741
998494741
998494741
998494741
998494741
963373189
998494741
998494741
998494741
998494741
998494741
998494741
998494741
998494741
998494741
998494741
998494741
998494741
998494741
671951016
998494741
998494741
998494741
998494741
998494741
647790565
998494741
998494741
998494741
924681423
998494741
998494741
998494741
998494741
997852582
997852582
998494741
997852582
997852582
998494741
998494741
998494741
997852582
998494741
837686104
997852582
998494741
998494741
998494741
998494741
998494741
998494741
997852582
998494741
998494741
998494741
998494741
998494741
997852582
997852582
998494741
998494741
998494741
998494741
997852582
998494741
997852582
997852582
997852582
997852582
998494741
998494741
997852582
998494741
998494741
991024790
998494741
998494741
997852582
997852582
998494741
998494741
998494741
998494741
998494741
949547318
998494741
998494741
998494741
998494741
998494741
998494741
997852582
997852582
998494741
998494741
995714083
998494741
997852582
998494741
995714083
997852582
998494741
998494741
998494741
998494741
979378903
981646633
998494741
998494741
998494741
997852582
995714083
998494741
981646633
998494741
997852582
998494741
998494741
970986641
981646633
981646633
998494741
997852582
997852582
998494741
998494741
998494741
995714083
998494741
995714083
981646633
981646633
998494741
997852582
998494741
997852582
995926439
995926439
995926439
998494741
998494741
998494741
997852582
997852582
995926439
995926439
995926439
995926439
995926439
998494741
997852582
998494741
998494741
998494741
998494741
997852582
998494741
999752410
999752410
999752410
999752410
999752410
999752410
999752410
999752410
999752410
999752410
999752410
999752410
999752410
999752410
999752410
999752410
999752410
999752410
999752410
999752410
999752410
999752410
999752410
999752410
999752410
999752410
999752410
999752410
999752410
999752410
999752410
999752410
999752410
999752410
999752410
999752410
999752410
963515696
999752410
999752410
999752410
999752410
999752410
999752410
963515696
963515696
999752410
963515696
999752410
999752410
999752410
999752410
999752410
999752410
999752410
999752410
999752410
963515696
999752410
999752410
963515696
921059121
999752410
999752410
999752410
999752410
999752410
980025265
999752410
999981827
999981827
999981827
999981827
999981827
999981827
999981827
999981827
999981827
999981827
999981827
999981827
999981827
999981827
999981827
999981827
999981827
908491638
999981827
999981827
999981827
999981827
999981827
999981827
836281320
999981827
999981827
999981827
999981827
999981827
999981827
999981827
999981827
948357570
999981827
948357570
999981827
999981827
999981827
999981827
999981827
999981827
999981827
999981827
999981827
948357570
999981827
999981827
999981827
999981827
999981827
999981827
981083289
999981827
999981827
999981827
999981827
999981827
999981827
999981827
999981827
981083289
999981827
999981827
999981827
999981827
999981827
999981827
999981827
981083289
981083289
999981827
999981827
999981827
999981827
999981827
999981827
999981827
999981827
999981827
999981827
999981827
999981827
999981827
949263756
999981827
999981827
999981827
981083289
999981827
999981827
999981827
999981827
999981827
999981827
999981827
950816039
999981827
999981827
999981827
999981827
999981827
999981827
999981827
999981827
999981827
999981827
999981827
999981827
999981827
999981827
996666886
999981827
999981827
999981827
999981827
999981827
996666886
996666886
999981827
999981827
999981827
999981827
999981827
999981827
999981827
999981827
999981827
999981827
999981827
999981827
999981827
999981827
996976716
999981827
999981827
999981827
999981827
999981827
996976716
996976716
999981827
999981827
999981827
999981827
996976716
999981827
999981827
999981827
999981827
999981827
999981827
996976716
996976716
999981827
996976716
996976716
999981827
999981827
996976716
987186218
999981827
999981827
996976716
999981827
995736697
996976716
999981827
999981827
996976716
999981827
999981827
999981827
999981827
999981827
999981827
999981827
999981827
999981827
999981827
996976716
996976716
996976716
999981827
999981827
999981827
999981827
999981827
999981827
999981827
750033848
999981827
995736697
996976716
996976716
999981827
999981827
999981827
999981827
999981827
999981827
999981827
999981827
999981827
996976716
999981827
992824673
999981827
999981827
999981827
992824673
992824673
999981827
999981827
995736697
999981827
999981827
999981827
999981827
999981827
999981827
999981827
588194473
999981827
999981827
999981827
999981827
999981827
999981827
999981827
999981827
999981827
999981827
996976716
999981827
999981827
996976716
996976716
999981827
999981827
999981827
999981827
999981827
999981827
999981827
990612014
999981827
999981827
992824673
999981827
999981827
999981827
999981827
990612014
999981827
999981827
999981827
999981827
996976716
999981827
999981827
996976716
996976716
999981827
999981827
999981827
999981827
996976716
999981827
999981827
996976716
999981827
983615069
999981827
999981827
999981827
999981827
999981827
999981827
999981827
996976716
994375199
999981827
994375199
994375199
999981827
999981827
999981827
999981827
999981827
994375199
999981827
994375199
996976716
999981827
999981827
999981827
994375199
999981827
999981827
999981827
999981827
999981827
999981827
999981827
994375199
999981827
995736697
999981827
994375199
994375199
999981827
994375199
999981827
999981827
994375199
994375199
999981827
999981827
996976716
994375199
994375199
999981827
996976716
999981827
996976716
995736697
999981827
652112983
999981827
994375199
978051113
999981827
999981827
996239735
999981827
999981827
999981827
999981827
999981827
996239735
996239735
996976716
996239735
999981827
996239735
996239735
996976716
999981827
996976716
996239735
882588341
999981827
654729863
996976716
999981827
999981827
996239735
999981827
999981827
999981827
996239735
999981827
977042218
996239735
999981827
999981827
996239735
999981827
999981827
996239735
996239735
999981827
999981827
999981827
943241052
996239735
996976716
999981827
996239735
996976716
999981827
996976716
977042218
999981827
999981827
999981827
999981827
999981827
996239735
999981827
996976716
996239735
999981827
999981827
996976716
996976716
995426170
996239735
999981827
999981827
999981827
999981827
996239735
999981827
999981827
999981827
999981827
999981827
999981827
995426170
996239735
998607676
998607676
999981827
999981827
999981827
998607676
998607676
999981827
998607676
999981827
999981827
998607676
999981827
998607676
999981827
998607676
999981827
999981827
998607676
998607676
999981827
999981827
999981827
999981827
999981827
999981827
998607676
999981827
999981827
998607676
999981827
998607676
999981827
998607676
998607676
999981827
998607676
999981827
998607676
998607676
998607676
998607676
975562203
999981827
998607676
999981827
999981827
999981827
999981827
998607676
999981827
999981827
998607676
998607676
998607676
999981827
998607676
999981827
999981827
975562203
999981827
999981827
998607676
999981827
998607676
983190369
999981827
966509470
999981827
966509470
999981827
998607676
998607676
998607676
999981827
998607676
998607676
998607676
983190369
999981827
999981827
999981827
999981827
998607676
999981827
999981827
998607676
999981827
999981827
999981827
999981827
999981827
998607676
999981827
998607676
998607676
998607676
998607676
999981827
998607676
996271218
999981827
999981827
999981827
998607676
999981827
998607676
998607676
998607676
999981827
976612583
999981827
999981827
999981827
998607676
999981827
999981827
999981827
999981827
999981827
998607676
999981827
998607676
998607676
999981827
999981827
999981827
999981827
949955506
999981827
999981827
996271218
999981827
998607676
998607676
998607676
999981827
998607676
998607676
994434615
996271218
999981827
999981827
999981827
998607676
998607676
998607676
996271218
998607676
999981827
998607676
998607676
998607676
998607676
998607676
999981827
999981827
998607676
998607676
999981827
996870996
999981827
998607676
998607676
998607676
998607676
999981827
998607676
998607676
996870996
998607676
999981827
998607676
999981827
999981827
998607676
999981827
999981827
999981827
999981827
999981827
999981827
998607676
998607676
999981827
999981827
999981827
999494220
999494220
999494220
999981827
999494220
999494220
999981827
999981827
999981827
999494220
999981827
999981827
999981827
999981827
999494220
999981827
999981827
999494220
999494220
999981827
999981827
999494220
999981827
999981827
999494220
999981827
999494220
999981827
999494220
998141870
999981827
999981827
999981827
999494220
999494220
999494220
999981827
999494220
999494220
999981827
999494220
999981827
999981827
999494220
999494220
999981827
999494220
999981827
999981827
999981827
999494220
999494220
999494220
999494220
999981827
999494220
999981827
999494220
988603996
999494220
999981827
999981827
999981827
999981827
999981827
999981827
999494220
999981827
999494220
999981827
999494220
988603996
999494220
999981827
999494220
999494220
999494220
999981827
999494220
999494220
999981827
999981827
999494220
999981827
999981827
999494220
999981827
999494220
999981827
999494220
999494220
999981827
999981827
999494220
999981827
999494220
999981827
999494220
999494220
999494220
999981827
999494220
999981827
999494220
999494220
999494220
999981827
999494220
999981827
999494220
999981827
999494220
999494220
999494220
999494220
999981827
999981827
999981827
941386685
999981827
999494220
999494220
999981827
999981827
999494220
999494220
998141870
999981827
999981827
999494220
999981827
999494220
999981827
999494220
999981827
999494220
999494220
999981827
999981827
999494220
999981827
999494220
999494220
999494220
999981827
999981827
999494220
999494220
999494220
999494220
999981827
999494220
999494220
999494220
999494220
999981827
999494220
999981827
999494220
988603996
999981827
999981827
999494220
999981827
999494220
999981827
999981827
998141870
999494220
999494220
999981827
999981827
999494220
999494220
999494220
998141870
999494220
999981827
998141870
999494220
999494220
999494220
999981827
999494220
999981827
999494220
965144845
999981827
999981827
999494220
999494220
999981827
999494220
999494220
999494220
999494220
999494220
999981827
999981827
999494220
999494220
999494220
999494220
999981827
999494220
999494220
999981827
972215011
999494220
999981827
999494220
999981827
972215011
999494220
999981827
999494220
999981827
999494220
988603996
961575653
999981827
999494220
999981827
999494220
999981827
999981827
999494220
999494220
972215011
999981827
999494220
999494220
999981827
999494220
999494220
999981827
999494220
999494220
944898363
999981827
999981827
999494220
916005084
999981827
999981827
999494220
999981827
999981827
999981827
999494220
999981827
999494220
999494220
999494220
999981827
999494220
999981827
999494220
999494220
999981827
983537203
999981827
999494220
999981827
999494220
999981827
983537203
999494220
999494220
999981827
983537203
999981827
999494220
999494220
998141870
999981827
983537203
999494220
999981827
983537203
999494220
992884460
998141870
992884460
999494220
999494220
999494220
999494220
999981827
999494220
992884460
999981827
999981827
999494220
999494220
999494220
999981827
999494220
999494220
999494220
999981827
999981827
999494220
999981827
999494220
992884460
992884460
999494220
999494220
999494220
999494220
999494220
999981827
999494220
999494220
999981827
999494220
999981827
999494220
999494220
999981827
999494220
983656358
999494220
999494220
998216660
999494220
999981827
999494220
999494220
999494220
999494220
999981827
999981827
998216660
998216660
999494220
998216660
999494220
999981827
999981827
999494220
999494220
999494220
998216660
999981827
999981827
999494220
999981827
999494220
999981827
998216660
999494220
998216660
999494220
999981827
999981827
999494220
999981827
999981827
999981827
999494220
999494220
998216660
999494220
999981827
999494220
998216660
999981827
999494220
999494220
999494220
999981827
999494220
998216660
999494220
999981827
999494220
998216660
998216660
999494220
999494220
999494220
999981827
999494220
999981827
999981827
999494220
999494220
999494220
998216660
991890369
980952127
999494220
999494220
998216660
999494220
998216660
999981827
999494220
999494220
999494220
999981827
999494220
998216660
999981827
999494220
999494220
999981827
999981827
979579832
998216660
999981827
999494220
999494220
999494220
999981827
999981827
992479237
999494220
999981827
998216660
999494220
999981827
999981827
998216660
992479237
999981827
999981827
999494220
998216660
989052379
989052379
999494220
998216660
999981827
999494220
999494220
999494220
999246022
999981827
999981827
999981827
999494220
999981827
999494220
999494220
999246022
999494220
999494220
999246022
999981827
999494220
999494220
999981827
999246022
999981827
999494220
999494220
999494220
999494220
999494220
999494220
999246022
999981827
999494220
999246022
999494220
999981827
999494220
999981827
999246022
999494220
999246022
999981827
999494220
999246022
999246022
999246022
999494220
999494220
999981827
999981827
999246022
999981827
999246022
999246022
999981827
999246022
999981827
999246022
999246022
999981827
999494220
999246022
999494220
999246022
999981827
999981827
999246022
999246022
999494220
999246022
999494220
999246022
999981827
999494220
999494220
999494220
999494220
999981827
999246022
999494220
999981827
999494220
999494220
999246022
999246022
999494220
999981827
999981827
999494220
999494220
963222156
999494220
999246022
999494220
999246022
999494220
999494220
999981827
999981827
999246022
999246022
999246022
999494220
999981827
999981827
946376417
999981827
999246022
999246022
999246022
999494220
999981827
999981827
999494220
999494220
999494220
999246022
999981827
999981827
999981827
999494220
999246022
999246022
999981827
999494220
999246022
999246022
999494220
999494220
999246022
999981827
999246022
999494220
999981827
999246022
999494220
999494220
970221459
999494220
999246022
999246022
999981827
999494220
999515140
999515140
999981827
999515140
999515140
999515140
999515140
999515140
999515140
999981827
999981827
999981827
999981827
999515140
999515140
999515140
999515140
999515140
999515140
999515140
999515140
999515140
999515140
999515140
999515140
999515140
999981827
999981827
999515140
999515140
999515140
999515140
999515140
999981827
999515140
999981827
999515140
999515140
999981827
999515140
999981827
999515140
999515140
999515140
999515140
999515140
999515140
999515140
999515140
999515140
999981827
999515140
999515140
999515140
999981827
999981827
999515140
999515140
999515140
999515140
999515140
999515140
999515140
999515140
999515140
999515140
999515140
999981827
999515140
999515140
999515140
999515140
999515140
999515140
999981827
999515140
999515140
999515140
999981827
999515140
999515140
999515140
999515140
999515140
999981827
999515140
999981827
999515140
999515140
999515140
999981827
999515140
999981827
999515140
999515140
999515140
999515140
999515140
999981827
999981827
999515140
999981827
999515140
995266741
999515140
999515140
999515140
999515140
999981827
999981827
999515140
999515140
999981827
999515140
999981827
999515140
999515140
999515140
999515140
999515140
999515140
999515140
999515140
999515140
999981827
999515140
999515140
995266741
999515140
999515140
999981827
991127893
995266741
999515140
999981827
999515140
999515140
999981827
999981827
999515140
999981827
999981827
999515140
999515140
999515140
999981827
999981827
999515140
999515140
999981827
999981827
999981827
999515140
999515140
999515140
999515140
995266741
999515140
999981827
999515140
999515140
999515140
999515140
999515140
995266741
999515140
999515140
999981827
999515140
999515140
999981827
999981827
999515140
999515140
999981827
999515140
999981827
999515140
999515140
999515140
999515140
999515140
995266741
999515140
999515140
999515140
999515140
999515140
999515140
999515140
999515140
999515140
999515140
999981827
999515140
999515140
999515140
999515140
999981827
999981827
999515140
999981827
999515140
999515140
999981827
999515140
999981827
999515140
999981827
999515140
999515140
999515140
999981827
999515140
999981827
999515140
999515140
999981827
999515140
999515140
999515140
999981827
992983354
999981827
999515140
999515140
999515140
999515140
999515140
999515140
999981827
999981827
999515140
999515140
995266741
999515140
995266741
999981827
999515140
999515140
999515140
991777232
999981827
999515140
999515140
969859429
999515140
995266741
999515140
995266741
999515140
999515140
999515140
999515140
995266741
999981827
999515140
999515140
999515140
999515140
999981827
999515140
999981827
999515140
999981827
999515140
999515140
999515140
999515140
996563423
999515140
999515140
999515140
999515140
999515140
88755132
999515140
999515140
999515140
999981827
999515140
999515140
999515140
999515140
999515140
999515140
996563423
999515140
999515140
999981827
999981827
999515140
999981827
999515140
999981827
999515140
999515140
999515140
999515140
999515140
999515140
999515140
996563423
996563423
996563423
999981827
999515140
999515140
999981827
999515140
999981827
999515140
999515140
999515140
999515140
996563423
999515140
999515140
999515140
996563423
999515140
999515140
999515140
999515140
996563423
999515140
999515140
996563423
999981827
999981827
996563423
999515140
999515140
999515140
999515140
999981827
996563423
999515140
999515140
999515140
999981827
999515140
999515140
999515140
999515140
996563423
999515140
999981827
999981827
999515140
996563423
999515140
999515140
999515140
996563423
999981827
999515140
941488079
999515140
999515140
999981827
999515140
999515140
999515140
999515140
999515140
999515140
999515140
999515140
999515140
999515140
996563423
999515140
999515140
999515140
999515140
999981827
994148319
999981827
999515140
999515140
999515140
999515140
999981827
999515140
997576593
999515140
999515140
999515140
999515140
999981827
999515140
999515140
999515140
999515140
999515140
997576593
999981827
999515140
997576593
999515140
999515140
999515140
999515140
997576593
999515140
999515140
999515140
999515140
999515140
999515140
997576593
999515140
999515140
999981827
999515140
999515140
999515140
999515140
985443150
997576593
999981827
999515140
999981827
997576593
999981827
999515140
999515140
999515140
999981827
999515140
985443150
997576593
999515140
985443150
997576593
999515140
999515140
999515140
999515140
999515140
999515140
999515140
999515140
999515140
999515140
997576593
999515140
999515140
999515140
999515140
999515140
999515140
997377541
999515140
999981827
999515140
999515140
999515140
999981827
999515140
997576593
999981827
997576593
999515140
999515140
999515140
997576593
999515140
997576593
999981827
999515140
999515140
999515140
997377541
999981827
999515140
997576593
999515140
999515140
999515140
999515140
999515140
999515140
999515140
997576593
999515140
997576593
999515140
672315035
997576593
999515140
999515140
999515140
997576593
999515140
997377541
999981827
999515140
999981827
999515140
999515140
997576593
999515140
999515140
999515140
997576593
999515140
999515140
999515140
999515140
999515140
999981827
999515140
999515140
999981827
999515140
999981827
997377541
999981827
999515140
999515140
999515140
999515140
997377541
999515140
999515140
997576593
999981827
993586245
999515140
999515140
999515140
997576593
997576593
999515140
999515140
999981827
999981827
999981827
999981827
999515140
999981827
997576593
999981827
999981827
999515140
997576593
999515140
999515140
999515140
999515140
999981827
999981827
999515140
997576593
999515140
999515140
999515140
997377541
999515140
999088822
999515140
999981827
999515140
999515140
999515140
999981827
999515140
999981827
999088822
999981827
999981827
999515140
999515140
999515140
999981827
999515140
999515140
999088822
999088822
999088822
999515140
999515140
999981827
999515140
999515140
999088822
999088822
999088822
999515140
999981827
999515140
999981827
999088822
999515140
999088822
999515140
999515140
999981827
999981827
999515140
999088822
999088822
999515140
999515140
999515140
999515140
999088822
999515140
999515140
999515140
999981827
999515140
999515140
999088822
999515140
999088822
999088822
999515140
999088822
999088822
999088822
999088822
999515140
999515140
999515140
999515140
999515140
999515140
999515140
999981827
999515140
999981827
999515140
999088822
999515140
999515140
999515140
999088822
999981827
961843470
999515140
999515140
997580235
999088822
999515140
999515140
999515140
999981827
999515140
999088822
999981827
999981827
999515140
999515140
999515140
999515140
997580235
999515140
999088822
999088822
999515140
999981827
999981827
999515140
999088822
999088822
999088822
999515140
999515140
999088822
999981827
999088822
999981827
999981827
999515140
999515140
999088822
999088822
999981827
999088822
999515140
997580235
999515140
999088822
999515140
999515140
999515140
999981827
999515140
999088822
999981827
999981827
999981827
999515140
999515140
999088822
999088822
999088822
999515140
999515140
999515140
999515140
999088822
999088822
999088822
999981827
999981827
999088822
999088822
999088822
999515140
999515140
999981827
999515140
999515140
999515140
997580235
999515140
999515140
997580235
999515140
999088822
999515140
999515140
999981827
999515140
999515140
999515140
999515140
999515140
999088822
999515140
999515140
999515140
999515140
999515140
999088822
999981827
999515140
999515140
999088822
999981827
999981827
999981827
999515140
999981827
999515140
999515140
999981827
999515140
999088822
999515140
999515140
999515140
999981827
999515140
999515140
999088822
999981827
999515140
999515140
999981827
999515140
999088822
999088822
999515140
999515140
999515140
999981827
999515140
999515140
999515140
999515140
999515140
999981827
999515140
999088822
999515140
999981827
999088822
999515140
999515140
999515140
999515140
999981827
999515140
999088822
999515140
999981827
999088822
999515140
999088822
999088822
999088822
999088822
999088822
999981827
999515140
999088822
999515140
999515140
999088822
999515140
999515140
999088822
999515140
999515140
999981827
999515140
999088822
999515140
999515140
999088822
999981827
999981827
999515140
999088822
999515140
999515140
999515140
999515140
999515140
999981827
999515140
999515140
999088822
999582981
999582981
999582981
999582981
999582981
999582981
999582981
999582981
999981827
999582981
999582981
999582981
999582981
999981827
999981827
999981827
999582981
999582981
999582981
999582981
999582981
999582981
999582981
999582981
999981827
999582981
999582981
999981827
999981827
999582981
999582981
999981827
999582981
999582981
999981827
999582981
999582981
999582981
999582981
999981827
999981827
999582981
999582981
999582981
999582981
999582981
999582981
999582981
999582981
999582981
999981827
999981827
999981827
999582981
999981827
999582981
999582981
999582981
999582981
999582981
999582981
999582981
999582981
999582981
990941072
999582981
999582981
999582981
999582981
999582981
999582981
999582981
999582981
999981827
999582981
999582981
999582981
999582981
999582981
999981827
999582981
999582981
999582981
999981827
999981827
999582981
999582981
999582981
999582981
999582981
999582981
999582981
999981827
999582981
999582981
999582981
999582981
999981827
999582981
999582981
999582981
999582981
999582981
999582981
999582981
999582981
999582981
999582981
997086097
999582981
999582981
999582981
999582981
999582981
999981827
999582981
999582981
999582981
999582981
999582981
999582981
999981827
999582981
999582981
999582981
997086097
999582981
999582981
999582981
999582981
999981827
999582981
999981827
999582981
999981827
999582981
999981827
999981827
999981827
999582981
999582981
975107553
999582981
999582981
999582981
999582981
999582981
999981827
999582981
999582981
999582981
999582981
999582981
999582981
975107553
999582981
999981827
999582981
999582981
999981827
999582981
999582981
999582981
999981827
999981827
999981827
999582981
999582981
997086097
999582981
999582981
999582981
999981827
999582981
999981827
999981827
999582981
999582981
999582981
997086097
999582981
999582981
999582981
999981827
999582981
999582981
999981827
999582981
999582981
999981827
999582981
995646574
999582981
999582981
999582981
999582981
999582981
999582981
999582981
999582981
999582981
999582981
997086097
995646574
999981827
999981827
999582981
999582981
999582981
999582981
999582981
999582981
999582981
999582981
999981827
999582981
999582981
999981827
995646574
999582981
999582981
999582981
999981827
999582981
950422845
999981827
999582981
999582981
963592866
999582981
999582981
999582981
999582981
999582981
999582981
999582981
999582981
999582981
999582981
999582981
999582981
999582981
999582981
999582981
999582981
999582981
999582981
999582981
999981827
999582981
999981827
999582981
999582981
999582981
999582981
999582981
999582981
999582981
999582981
999981827
999582981
999582981
999582981
998722167
999582981
999981827
999582981
999582981
999981827
999582981
999981827
999582981
999582981
999582981
999582981
998722167
999582981
987129405
722362851
999981827
999582981
999582981
999981827
999582981
999582981
999582981
999582981
999981827
999582981
999582981
999582981
999582981
999582981
999981827
999981827
999582981
998722167
999582981
999582981
999582981
998722167
999582981
998722167
999582981
999582981
999582981
999582981
998722167
999582981
999582981
953970824
999582981
998722167
999582981
999582981
999582981
999582981
999582981
999582981
999582981
999582981
999582981
999582981
999582981
971899991
999582981
999582981
999582981
999981827
997319402
999582981
999582981
999582981
999582981
999582981
999582981
997319402
999981827
999582981
999582981
999582981
999582981
999582981
999582981
999582981
998722167
999582981
999582981
999582981
998722167
999582981
999582981
999582981
999582981
999582981
998722167
999981827
999582981
997319402
998722167
999582981
999582981
999582981
999582981
970910930
999582981
999981827
999582981
999981827
999582981
997319402
999582981
999981827
999582981
999582981
999582981
999582981
999981827
999582981
999582981
999582981
988934473
999582981
999582981
999582981
999582981
998722167
999981827
999582981
999582981
999582981
999582981
999582981
999582981
999582981
999582981
999582981
999582981
999582981
999582981
999582981
999582981
988934473
999582981
999582981
999582981
999981827
999582981
999981827
999582981
999981827
999981827
999582981
998722167
998722167
999582981
999582981
999582981
999582981
999582981
999582981
998722167
999582981
998722167
999582981
999582981
999582981
999582981
999582981
998722167
994756342
999981827
999958394
999981827
999958394
999958394
999958394
999958394
999958394
999981827
999958394
999958394
999981827
999958394
999958394
999958394
999958394
999958394
999958394
999958394
999958394
999958394
999958394
999958394
999958394
999981827
999958394
999958394
999958394
999958394
999958394
999958394
999958394
999958394
999958394
999958394
999958394
999958394
999958394
978661130
999958394
999958394
999958394
999958394
999958394
999958394
999958394
999958394
999958394
999958394
999958394
999958394
999958394
999958394
999958394
999958394
999958394
999958394
996831593
999958394
999958394
999958394
999958394
999958394
999958394
999958394
999958394
999958394
999958394
999981827
999958394
999958394
999958394
999958394
999958394
999958394
999958394
999958394
999958394
999958394
999958394
999958394
999958394
999958394
999958394
999958394
999958394
999958394
999958394
999958394
999958394
999981827
999958394
999958394
999981827
999958394
999958394
999958394
999958394
999981827
999958394
999958394
999958394
999958394
999958394
999958394
999958394
999958394
999958394
999958394
999958394
999958394
999958394
999981827
999958394
999958394
999958394
999981827
999958394
999981827
999981827
999958394
999958394
999958394
999958394
999958394
999958394
999958394
999981827
999958394
990206361
999958394
999981827
999958394
999958394
999958394
999958394
999958394
999958394
990206361
999958394
999958394
999958394
999958394
999958394
999958394
999958394
999958394
999958394
999958394
999958394
999958394
999958394
999958394
999958394
999958394
999958394
999981827
999981827
999958394
999958394
999958394
999958394
999958394
999958394
999958394
999981827
999958394
999958394
999958394
999981827
999981827
999981827
999958394
968372756
999958394
999958394
999958394
999981827
999958394
999958394
999958394
999958394
999958394
999958394
999958394
999958394
999958394
999958394
999958394
999958394
997182596
999958394
999981827
999958394
999958394
999958394
999958394
999958394
997182596
999958394
999958394
999958394
997182596
997182596
999981827
999958394
999958394
999958394
999958394
999958394
999958394
999981827
999958394
999981827
999958394
999958394
999958394
999958394
999958394
999958394
999958394
999981827
999958394
997182596
999958394
999958394
997182596
999958394
999958394
999981827
999958394
999981827
999958394
999958394
999958394
999958394
999958394
999958394
999981827
975467803
997182596
999958394
999958394
999958394
999958394
999958394
999981827
999958394
994954538
999958394
999958394
999958394
999958394
999958394
994954538
999958394
999958394
999958394
999958394
999958394
999981827
999958394
999958394
999958394
999958394
999958394
999958394
999958394
997182596
999958394
999958394
999981827
999958394
999981827
999958394
999958394
999958394
999958394
994954538
999958394
999958394
999958394
999958394
999958394
999958394
999958394
999958394
999981827
999958394
999981827
999503207
999958394
999958394
999958394
999958394
999958394
999958394
999958394
999958394
999503207
999958394
999958394
999981827
999958394
999981827
999958394
999958394
999503207
999958394
999958394
999958394
999958394
999958394
999958394
999958394
999958394
999981827
999958394
999958394
999981827
999958394
999958394
999958394
999958394
999503207
999958394
999958394
999503207
999958394
999981827
999958394
999958394
999958394
999981827
999958394
999958394
999958394
999958394
999958394
999958394
999958394
999958394
999958394
999503207
999958394
999958394
999958394
999958394
999958394
999958394
999503207
999958394
999958394
999958394
999958394
999958394
999958394
999503207
999981827
999958394
999958394
999503207
999958394
999958394
980726210
83289871
999981827
999958394
999958394
999958394
999981827
999503207
999958394
999503207
999958394
999958394
999958394
999958394
999958394
999958394
999958394
999958394
999958394
999958394
999958394
999958394
999958394
999958394
999958394
999958394
999958394
999958394
999958394
999958394
999958394
999958394
999958394
999958394
999981827
999958394
999958394
999503207
999958394
999958394
999958394
999958394
999958394
998958421
999958394
999958394
999981827
999981827
999958394
999958394
999981827
999958394
999958394
999981827
999958394
999958394
998958421
999958394
999958394
999981827
999958394
999958394
999503207
999958394
999958394
999958394
999503207
999958394
999958394
999958394
999503207
999981827
999958394
999958394
999958394
999503207
999958394
999958394
999958394
999958394
999958394
999958394
999503207
999503207
999958394
999958394
999958394
999958394
985652355
999958394
999958394
999958394
999958394
999981827
999958394
999958394
999958394
999958394
999958394
999958394
999503207
999981827
999958394
999958394
999958394
999981827
999958394
999981827
999958394
999958394
999503207
999503207
999958394
999503207
999981827
999958394
999958394
990863311
999958394
999958394
999958394
999958394
999958394
999958394
999958394
999958394
999958394
999958394
999958394
999958394
999958394
991067451
999958394
999958394
999958394
999958394
999958394
999981827
999958394
999503207
999958394
999958394
999958394
999958394
999503207
999958394
999958394
999958394
999958394
999958394
999981827
999503207
999958394
999958394
999958394
999958394
999958394
999981827
999958394
999958394
999958394
999958394
999958394
999958394
999958394
999981827
999958394
999958394
999958394
999958394
999958394
999958394
999958394
999958394
999958394
999958394
999958394
999958394
999958394
999958394
999958394
999958394
999958394
999958394
999958394
999958394
999958394
999958394
999958394
999958394
999958394
998958421
999958394
999503207
999958394
999958394
999958394
999981827
999981827
998958421
991067451
999981827
999958394
999958394
999958394
999503207
999981827
999958394
999958394
999958394
999958394
999958394
999958394
999503207
999958394
999958394
999958394
999958394
999958394
999958394
999958394
999981827
999958394
999958394
990625235
999958394
999958394
999958394
998958421
999958394
999958394
999503207
999981827
997467571
999958394
999981827
999958394
999958394
999503207
997467571
999958394
999958394
999981827
999958394
999958394
999958394
999958394
999958394
999958394
999981827
999958394
999958394
997467571
999958394
999981827
999958394
997467571
999958394
999981827
999958394
999958394
999981827
999958394
999981827
999958394
999958394
999503207
999958394
999958394
999958394
999503207
999958394
999958394
999503207
999981827
999503207
999958394
999503207
999958394
999981827
999958394
999958394
999958394
999958394
999958394
999958394
999503207
999958394
999503207
999958394
999958394
999958394
999958394
999958394
999958394
999958394
999503207
999958394
999958394
999503207
999958394
999981827
999958394
999958394
999958394
999958394
999958394
999958394
999958394
999958394
999958394
999958394
999958394
999958394
999958394
999958394
999981827
999958394
999958394
999958394
999958394
999981827
999958394
999958394
998958421
997467571
999958394
999958394
999958394
999958394
991531663
999958394
999958394
999958394
999958394
999958394
997467571
999503207
999981827
999958394
999958394
999958394
999958394
999503207
999958394
999958394
999958394
999958394
999958394
999958394
999958394
999958394
999981827
998958421
999958394
999958394
991531663
999958394
999958394
999958394
999958394
999958394
999958394
999958394
999958394
999981827
999958394
999503207
999958394
999958394
999958394
999958394
999981827
999503207
999958394
999958394
999958394
999958394
999981827
999958394
999958394
999958394
999958394
999958394
999958394
999958394
999958394
999958394
999958394
999958394
999503207
999958394
999958394
999958394
991531663
999503207
999958394
999958394
994998976
999958394
999958394
999981827
999958394
999981827
999958394
998583027
999958394
999958394
999958394
999958394
999958394
998583027
999958394
999958394
999958394
998583027
999958394
999958394
999981827
999071102
999958394
999958394
998583027
999958394
999958394
999958394
999958394
999958394
999958394
999958394
999981827
998958421
998583027
998583027
999503207
998583027
988087626
999958394
999958394
999958394
999503207
999958394
999958394
999958394
999958394
999958394
999958394
999958394
999958394
998583027
999958394
999958394
999503207
999981827
999981827
999981827
999958394
999958394
998958421
999958394
999958394
996173383
999958394
999981827
999503207
999981827
999503207
999958394
999958394
998583027
999958394
999958394
999958394
999958394
999503207
999958394
999958394
939419929
999958394
999981827
999958394
999958394
999958394
998583027
999958394
999958394
999958394
999503207
999958394
999981827
998583027
999958394
999958394
999958394
999958394
999958394
999958394
998583027
999958394
999958394
999958394
999958394
976523585
999958394
999958394
999981827
999958394
999958394
999958394
999958394
999503207
999958394
999958394
999503207
999958394
999958394
999503207
999958394
999958394
999958394
999958394
999958394
999958394
999981827
999981827
999958394
999958394
999958394
998958421
999503207
999958394
999958394
999958394
999503207
999958394
999958394
999981827
999981827
997969054
999503207
999503207
999958394
998583027
999958394
999958394
999503207
999503207
998583027
999958394
999981827
999958394
998583027
998583027
999958394
998583027
999981827
999958394
999958394
998583027
999958394
999958394
999981827
999958394
999958394
999958394
999958394
999958394
998583027
999958394
999981827
999958394
998583027
999958394
998958421
999958394
998583027
999981827
998583027
999503207
999503207
999981827
999958394
998583027
999958394
999958394
999958394
999958394
999958394
998583027
999981827
999958394
999958394
999958394
999503207
999958394
998958421
999958394
999958394
997969054
999503207
999958394
998583027
999503207
999958394
999958394
999958394
999958394
999958394
999958394
999958394
999958394
997969054
999958394
999958394
999958394
999958394
999958394
999958394
929778449
999958394
998583027
998583027
999958394
999958394
999503207
999958394
999958394
999958394
997969054
894865350
999981827
998958421
999958394
999958394
999503207
999981827
999958394
999958394
999958394
999958394
999958394
999503207
997969054
999958394
999958394
999958394
999503207
999981827
998583027
999503207
999958394
999958394
999981827
999958394
998583027
999503207
999958394
998583027
999958394
999958394
999981827
999503207
997969054
999958394
999958394
999958394
941444018
999958394
999958394
999958394
997969054
999958394
999503207
999958394
999981827
999981827
999503207
999958394
975041451
999981827
999958394
999958394
999958394
999958394
999958394
999958394
999958394
999503207
998958421
999958394
999981827
971857024
998958421
999503207
999958394
999981827
999503207
998958421
999958394
986214095
999958394
999958394
999958394
999958394
999981827
999958394
999958394
998583027
999958394
999958394
999958394
999958394
999981827
998583027
999958394
999958394
999958394
999958394
999958394
999958394
999981827
999958394
999503207
999958394
999958394
999958394
999958394
999958394
999958394
999981827
999958394
993893154
999958394
999958394
999958394
999958394
999958394
998583027
999503207
999958394
999958394
999958394
999958394
999958394
999958394
998583027
999958394
997969054
999958394
999958394
999958394
999958394
999958394
999958394
999958394
999071102
997969054
999958394
999958394
998958421
999981827
999958394
999958394
999503207
999067423
999067423
999958394
999958394
999958394
999067423
999981827
999958394
999958394
999067423
999503207
999958394
999958394
999981827
999958394
999958394
999503207
999958394
999958394
999958394
999958394
999958394
999067423
999958394
999958394
999503207
999958394
999067423
999958394
999958394
999981827
999958394
999067423
999067423
999958394
999981827
999958394
999981827
999958394
999958394
999067423
999958394
999958394
999067423
999958394
999958394
999067423
999958394
999958394
999958394
999958394
999958394
999958394
999958394
999958394
999958394
999958394
999503207
999067423
999958394
999503207
999958394
999067423
999067423
999958394
999958394
999958394
999067423
999958394
999958394
999503207
999958394
999958394
999981827
999958394
999503207
999958394
999958394
997999038
999958394
999067423
999958394
999067423
999067423
999958394
999958394
999958394
999503207
999067423
999958394
999503207
999958394
999958394
999067423
999958394
999958394
999958394
999067423
999958394
999958394
999958394
999958394
999958394
999958394
999958394
999503207
999981827
999958394
999958394
999958394
999067423
999958394
999958394
999958394
999958394
999958394
999958394
999958394
999503207
999067423
999958394
989169948
999958394
999958394
999981827
999067423
999503207
999958394
999958394
999067423
999958394
999067423
999503207
999503207
999981827
999503207
999981827
999067423
999067423
999067423
999958394
999067423
999503207
990066834
999958394
999981827
999958394
999958394
999067423
999958394
999067423
999958394
999981827
999503207
999981827
999503207
999958394
999958394
999067423
999958394
999067423
999717084
999958394
999717084
999717084
999958394
999717084
999717084
999717084
999717084
999958394
999958394
999958394
999958394
999717084
999958394
999958394
999958394
999717084
999981827
999717084
999717084
999958394
999958394
999958394
999958394
999958394
999717084
999717084
999958394
999958394
999958394
999717084
999958394
999958394
999958394
999958394
999958394
999717084
999717084
999717084
999958394
999958394
999717084
999958394
999958394
999958394
999981827
999958394
999958394
999958394
999717084
999717084
999958394
999958394
999717084
999981827
999958394
999981827
999958394
999981827
999958394
999958394
999958394
999958394
999958394
999958394
999981827
999958394
999981827
999958394
999958394
999958394
999958394
999958394
999717084
999958394
999958394
999981827
999981827
999958394
999981827
999981827
999717084
999717084
999958394
999981827
999958394
999958394
999958394
999958394
999958394
999717084
999958394
999958394
985422930
999717084
999958394
999958394
999958394
999717084
985422930
999958394
999717084
999717084
999717084
999958394
999717084
999717084
999958394
999717084
999958394
999958394
999958394
999958394
999958394
999958394
999958394
999958394
999958394
999717084
999981827
999981827
999958394
999981827
999958394
999981827
999958394
999958394
999958394
999981827
995269425
999717084
999958394
999958394
999958394
999717084
999981827
999958394
999958394
999958394
999958394
999981827
999981827
999958394
999717084
999958394
999958394
999958394
999717084
999958394
999958394
999958394
999981827
999717084
999958394
999981827
999717084
999958394
999958394
999717084
999717084
999981827
999958394
999717084
999717084
999958394
999958394
999958394
999717084
999717084
999717084
999958394
999958394
999981827
999717084
999958394
999717084
999958394
999717084
999958394
999958394
999958394
999717084
999717084
999958394
999958394
999958394
999958394
999717084
999981827
999717084
999958394
999958394
999717084
999958394
999717084
999717084
997769703
999958394
999958394
999717084
999717084
999958394
999958394
999958394
999717084
999958394
997769703
999717084
999958394
999981827
999717084
999717084
999717084
999717084
999958394
999958394
999958394
999958394
999717084
999958394
999717084
999958394
999958394
999958394
999981827
999717084
999717084
999981827
999717084
999958394
999981827
999958394
999958394
999958394
999958394
999717084
999717084
999717084
954340268
999717084
999717084
937220070
999958394
999717084
999958394
999958394
999958394
999958394
999717084
999717084
999981827
999958394
999958394
999958394
999958394
942548401
999958394
999958394
999958394
999958394
999958394
999958394
999717084
999958394
999717084
999958394
986668726
999958394
999717084
997769703
999981827
999717084
999717084
999958394
999958394
999717084
999958394
999958394
999958394
999958394
999717084
999958394
999717084
999717084
997769703
999981827
999717084
999958394
999981827
999958394
999958394
999981827
999958394
999958394
999958394
999958394
999717084
999981827
999981827
999717084
990866568
999717084
999958394
990866568
999958394
999717084
999958394
999958394
999958394
999981827
990866568
999958394
999717084
999981827
999958394
999958394
999717084
999958394
999958394
999958394
999958394
990866568
999958394
999717084
999717084
999717084
997769703
999958394
999958394
999958394
999958394
999717084
999717084
999717084
999958394
999958394
990866568
988032163
999958394
999958394
999958394
999717084
999958394
999958394
999958394
999958394
999958394
999717084
997769703
999981827
996909031
999958394
999958394
999958394
999981827
999981827
999717084
999958394
999958394
999981827
999958394
999981827
999958394
999958394
999958394
999958394
999958394
999717084
999958394
999958394
999958394
999958394
999958394
999981827
999958394
999717084
999958394
999717084
999717084
999717084
999717084
999958394
999717084
999981827
999717084
999958394
999958394
999958394
999981827
999958394
999717084
999717084
999958394
999981827
999981827
999958394
999717084
999958394
999717084
999958394
999958394
999958394
999981827
999717084
999717084
999717084
999958394
999958394
990866568
999717084
999958394
999717084
999717084
990866568
999717084
997769703
999958394
997769703
999717084
999958394
999958394
999717084
999958394
997769703
999958394
999958394
999958394
999958394
999717084
983686698
999981827
999717084
999958394
999717084
999717084
999981827
999717084
999717084
999717084
999958394
999958394
999958394
999958394
999958394
999717084
999958394
999958394
999958394
999958394
999958394
999717084
999958394
999981827
999958394
999717084
999717084
999958394
999958394
999958394
999958394
999958394
999958394
999958394
999981827
999717084
999958394
999958394
999981827
999717084
999958394
999958394
999717084
999717084
999958394
999717084
999717084
999958394
999958394
999717084
999717084
999958394
999717084
999958394
993601979
999958394
999981827
999717084
999958394
999958394
999958394
999717084
999958394
993601979
999958394
993601979
999717084
999717084
993601979
999717084
999958394
999717084
999958394
999717084
999958394
999958394
999958394
999958394
999958394
999981827
999981827
999717084
999958394
999717084
999958394
999958394
999958394
999717084
999958394
999958394
999958394
997769703
999958394
999958394
999981827
999958394
999717084
999717084
999958394
999958394
999958394
999958394
999958394
999958394
997769703
999958394
999958394
999958394
999958394
997769703
999717084
999958394
993601979
999958394
999958394
999958394
999717084
999958394
999717084
999958394
999958394
999958394
999958394
999958394
999958394
999717084
999981827
999958394
999717084
999717084
999958394
999717084
999958394
999981827
999958394
977512224
993601979
999958394
999958394
999958394
999981827
999958394
999958394
999958394
999717084
993601979
999958394
999958394
999958394
999958394
988999770
999958394
999981827
999717084
999958394
999958394
999958394
999717084
993601979
999717084
993601979
999981827
999958394
999981827
999717084
999958394
999981827
999958394
999717084
999717084
999958394
999958394
999958394
999717084
999717084
999958394
993601979
999717084
999717084
999958394
999958394
999958394
999958394
999958394
999717084
999981827
999958394
999958394
999981827
999958394
999981827
999958394
996583727
999981827
999958394
999717084
999958394
999958394
999958394
999717084
999981827
999973434
999973434
999973434
999973434
999973434
999973434
999973434
999973434
999973434
999973434
999973434
999973434
999973434
999973434
999973434
999973434
999973434
999973434
999973434
999973434
999973434
999973434
999981827
999973434
999973434
999973434
999973434
999981827
999981827
999973434
999981827
999973434
999973434
999973434
999981827
999973434
999973434
999973434
999973434
999973434
999973434
999973434
999981827
999973434
999973434
999973434
999973434
999973434
999973434
999973434
999973434
999973434
999973434
999973434
999973434
999973434
999973434
999973434
999973434
999981827
999973434
999973434
999973434
999973434
999973434
999973434
999981827
999973434
999973434
999973434
999973434
999981827
999973434
999973434
999973434
999973434
999973434
999973434
999973434
999973434
999973434
999981827
999973434
999973434
999973434
999973434
999973434
999973434
999973434
999973434
999973434
999981827
999973434
999973434
999973434
999973434
999973434
999973434
999973434
999973434
999973434
999981827
999973434
999973434
999973434
999973434
999981827
999973434
999981827
999973434
999973434
999973434
999973434
999973434
999973434
999973434
999973434
999973434
999973434
997278952
999973434
999973434
999973434
999973434
999973434
999973434
999973434
999973434
999973434
999973434
999973434
999973434
999973434
999973434
999973434
999973434
999973434
999973434
999973434
999973434
999973434
999973434
999973434
999973434
999973434
999973434
999973434
999973434
997278952
999973434
999973434
999973434
999973434
999973434
999973434
999973434
999973434
999973434
999973434
999973434
999973434
999973434
999973434
999973434
999973434
999973434
999973434
999973434
999973434
999973434
999973434
999973434
999973434
999973434
999973434
999973434
999973434
999973434
999973434
999973434
999973434
999973434
999973434
999973434
999973434
999973434
999973434
999973434
999973434
999973434
999973434
999973434
999973434
999973434
999973434
999973434
999973434
999973434
999973434
999973434
980028247
999973434
999973434
999973434
999973434
998862066
999973434
999981827
999973434
999973434
999973434
998862066
999981827
999981827
998862066
999981827
999973434
998862066
999973434
998862066
999973434
999973434
999973434
999973434
999973434
999973434
999973434
999973434
999973434
999973434
999973434
999981827
999973434
999973434
999973434
999981827
999973434
999973434
999973434
999973434
999973434
999973434
999973434
999973434
999973434
999981827
999973434
999973434
999973434
999973434
999973434
999973434
999973434
999981827
999973434
999973434
999973434
999973434
999973434
999973434
999973434
999973434
999973434
999981827
999973434
999981827
999973434
999973434
999973434
999973434
999973434
999973434
996039310
999973434
999973434
999973434
999973434
999973434
999973434
999973434
999973434
999973434
999973434
999973434
999973434
999981827
999973434
999973434
999973434
999973434
999973434
999973434
999973434
999973434
999973434
999981827
999973434
999973434
999973434
999973434
999981827
999981827
999973434
999973434
999973434
999973434
999973434
999973434
999973434
999973434
999973434
999973434
999973434
999973434
999973434
999973434
999973434
999981827
999973434
999973434
999973434
999973434
999973434
999973434
999973434
999981827
999973434
999973434
999973434
999973434
999973434
999973434
999973434
999973434
999973434
998862066
999973434
999973434
999973434
999973434
994828993
999973434
999973434
999973434
999973434
999973434
999973434
999981827
999973434
999973434
999973434
999973434
999973434
999973434
999973434
999973434
999973434
999973434
999973434
999973434
999973434
999973434
999973434
999973434
999973434
999981827
999973434
999973434
999973434
999973434
999973434
999973434
976128616
999973434
999973434
999973434
999973434
999973434
999973434
999973434
999973434
999981827
999981827
999973434
999973434
999973434
999973434
999973434
999981827
999973434
999973434
999973434
999973434
999973434
999981827
999973434
999973434
999973434
999981827
999981827
999973434
998862066
999973434
998862066
999973434
999973434
999973434
999973434
999973434
999973434
999973434
999981827
999973434
999981827
999973434
999981827
999973434
999981827
999973434
999973434
999973434
999973434
999973434
999973434
999973434
998862066
998862066
999973434
998862066
999973434
999973434
999973434
999973434
999973434
999973434
999981827
999973434
999973434
999973434
999973434
999973434
999973434
999981827
999973434
999973434
999973434
999973434
999973434
999973434
999973434
999973434
999973434
999973434
999973434
999973434
999973434
999981827
999973434
999973434
999973434
999973434
999973434
999973434
999973434
999973434
999973434
999973434
999973434
999973434
999973434
999973434
999973434
999981827
999973434
999973434
999973434
999973434
999973434
999973434
999973434
999973434
999973434
999973434
999973434
999973434
999129466
989722145
999973434
999973434
999973434
999129466
999981827
999973434
999981827
999973434
999981827
999973434
999973434
999973434
999973434
999129466
999973434
999973434
999973434
999981827
999973434
999973434
999973434
999973434
999973434
999973434
999973434
999973434
999973434
999973434
999973434
999973434
999973434
999981827
999973434
999981827
999973434
999973434
999129466
999973434
999973434
999973434
999973434
999973434
999129466
999973434
999973434
999973434
999973434
999973434
999129466
999973434
999973434
999973434
999973434
999973434
999129466
999981827
999973434
999981827
999973434
999973434
999973434
999973434
999973434
999973434
999973434
999973434
999973434
999129466
999973434
999981827
999973434
999973434
999973434
999973434
974877332
999981827
999973434
999129466
999129466
999129466
999973434
999129466
999973434
999981827
999973434
999973434
999973434
999973434
999973434
999973434
999129466
999973434
999973434
999973434
999129466
999973434
999981827
999981827
999973434
999129466
999973434
999973434
999129466
999981827
974877332
999973434
999973434
999973434
999973434
999973434
999973434
999973434
999973434
999973434
999973434
999973434
999129466
999973434
999973434
999129466
999129466
999129466
999973434
999973434
999973434
999973434
999973434
999973434
999973434
978427533
999973434
999973434
999981827
999973434
999973434
999129466
999129466
999973434
999973434
999973434
999129466
999973434
999973434
999129466
999973434
999973434
999129466
999973434
999973434
999973434
999973434
999973434
999973434
999973434
999973434
999973434
999129466
999973434
999973434
999973434
999129466
999973434
999973434
999981827
999973434
999973434
999973434
999973434
999973434
993320531
999973434
999973434
999973434
999973434
999981827
999973434
999973434
999973434
999973434
999973434
999973434
999129466
999973434
999973434
999973434
999973434
999973434
999973434
999973434
999973434
999129466
999973434
999973434
999981827
999973434
999973434
999981827
999973434
993320531
999129466
999973434
999973434
999973434
999129466
999129466
999973434
999129466
999973434
993320531
999973434
999973434
999973434
999973434
999973434
993320531
999973434
999981827
999973434
999973434
999973434
999973434
999973434
999129466
999973434
999973434
999973434
999973434
999973434
999973434
999973434
999973434
999973434
999973434
999973434
999973434
999973434
999973434
999973434
999973434
999973434
999973434
999973434
995158180
999973434
999973434
999973434
999973434
999973434
999973434
999973434
999973434
999973434
999973434
999973434
999973434
999973434
999973434
999973434
976902468
999129466
999973434
999973434
999973434
999129466
999981827
999973434
999973434
999973434
999973434
999129466
999973434
999973434
999973434
999973434
999973434
999973434
999973434
999973434
999973434
999129466
999973434
999973434
999973434
999973434
999973434
999973434
999973434
999973434
999973434
999973434
999973434
999981827
999973434
999973434
999981827
999973434
999973434
999973434
999973434
999973434
999129466
999952709
999973434
999981827
999973434
999973434
999981827
999973434
999952709
999973434
999973434
999973434
999973434
999973434
999973434
999973434
999973434
999952709
999973434
999973434
999952709
999973434
999973434
999981827
999952709
999973434
999952709
999952709
999973434
999981827
999973434
999973434
999973434
999973434
999973434
999973434
999973434
999973434
999973434
999973434
999973434
999952709
999973434
999973434
999973434
999973434
999973434
999981827
999973434
999973434
999973434
999973434
999973434
999973434
999973434
999973434
999973434
999952709
999973434
999952709
999973434
999981827
999981827
999973434
999973434
999973434
999973434
999973434
999973434
999952709
999973434
999973434
999973434
999973434
999952709
999973434
999973434
999973434
999973434
999973434
999973434
999973434
999973434
999973434
999973434
999973434
999973434
999973434
999973434
999973434
999973434
999973434
999973434
999973434
999973434
999952709
999973434
999973434
999973434
999973434
999981827
999981827
999973434
999973434
999973434
999973434
999973434
999973434
999973434
999973434
999973434
999952709
999973434
999973434
999973434
999981827
999973434
999973434
999952709
999973434
999952709
999973434
999973434
999952709
999973434
999973434
999973434
999952709
999952709
999973434
999973434
999973434
999952709
999952709
999973434
999973434
999973434
999973434
999973434
999973434
999952709
999973434
999973434
999952709
999973434
999973434
999952709
999973434
999973434
999973434
999973434
999973434
999973434
999952709
999973434
999973434
999973434
999973434
999973434
999952709
997244771
999973434
997244771
999973434
999973434
999952709
999952709
999973434
999973434
999973434
999973434
999952709
999973434
999973434
999973434
999973434
999952709
999973434
999973434
999973434
999973434
999973434
999973434
999973434
999973434
999973434
999973434
999973434
999973434
999952709
999981827
999952709
999952709
999973434
997244771
999973434
999952709
999973434
999973434
999981827
999973434
999973434
999973434
999973434
999973434
999973434
999973434
999973434
999973434
999952709
999973434
999973434
999973434
999973434
999973434
999973434
999973434
999973434
999952709
999973434
999973434
999973434
999973434
999952709
999973434
999973434
999981827
999973434
999973434
999952709
999952709
999973434
999973434
999973434
999973434
999973434
999973434
999973434
999973434
999981827
999973434
999973434
999952709
999973434
999952709
999973434
999973434
999981827
999973434
999952709
999973434
999973434
999973434
999973434
999973434
999973434
999973434
999952709
999973434
999973434
999952709
999973434
999952709
999973434
999973434
999981827
999511187
999973434
999973434
999973434
999973434
999973434
999973434
999973434
999973434
999973434
999973434
999973434
999952709
999973434
999952709
999981827
999952709
999952709
999973434
999973434
999973434
988061823
999973434
999511187
999973434
999952709
999973434
999973434
999973434
999973434
999973434
999973434
999952709
999973434
999973434
999973434
999981827
999973434
999973434
999973434
999973434
999973434
999973434
999973434
999952709
999973434
999973434
999973434
999973434
999973434
999952709
999973434
999973434
999973434
999973434
999973434
999973434
999511187
999973434
999973434
999973434
999973434
999973434
999973434
999973434
999973434
999973434
999973434
999973434
999981827
999973434
999973434
999973434
999511187
999973434
999973434
999981827
999973434
999973434
999973434
999973434
999973434
999973434
999973434
999973434
999952709
999973434
999973434
999973434
999973434
999981827
999981827
999973434
999973434
999973434
999952709
999973434
999973434
999973434
999973434
999973434
999973434
999981827
999973434
999973434
999511187
999952709
999973434
999973434
999973434
999973434
999973434
999973434
999973434
999973434
999973434
988061823
999973434
999973434
999952709
999973434
999973434
999973434
999973434
999973434
999973434
999973434
999973434
999973434
999973434
999973434
999952709
999973434
999973434
999973434
999973434
999981827
999973434
999511187
999973434
999973434
999952709
999973434
999952709
999973434
999952709
999973434
999973434
999973434
999973434
999973434
999973434
999511187
999981827
999973434
999973434
999973434
999981827
999973434
999973434
999973434
999973434
999952709
999973434
999973434
999973434
999981827
999973434
999981827
999973434
999973434
999973434
999973434
999952709
999973434
999973434
999981827
999973434
999952709
999973434
999973434
999973434
996570059
999973434
999973434
999973434
996570059
999973434
999981827
999973434
999973434
999973434
999973434
999973434
999511187
999973434
999973434
999973434
999973434
999952709
999973434
999973434
999973434
999973434
999973434
999952709
999511187
999973434
999973434
999973434
999973434
999511187
999973434
996570059
999973434
990504396
999952709
999973434
999973434
999973434
999511187
999981827
999973434
996570059
999952709
999973434
999973434
999952709
996570059
999973434
999973434
999973434
999973434
999981827
996570059
999973434
999952709
999981827
999973434
996570059
999952709
996570059
999973434
999973434
999973434
999973434
999973434
999973434
999952709
999973434
999973434
999981827
999952709
999973434
999973434
999973434
999511187
999973434
999973434
999981827
999981827
996570059
999973434
999973434
999973434
999973434
999973434
999973434
999973434
999973434
999952709
999981827
999952709
999973434
999973434
999973434
999973434
999973434
999973434
999973434
999973434
999952709
999952709
999973434
999973434
999973434
999952709
999973434
999952709
999973434
999973434
999973434
999973434
999973434
999973434
999973434
999973434
999973434
999973434
999952709
996570059
999973434
999973434
999973434
999973434
999973434
999973434
999952709
999973434
999973434
999952709
999973434
999973434
999973434
999973434
999973434
999973434
999973434
999973434
999973434
999973434
999973434
999973434
999973434
999973434
999973434
999973434
999952709
999973434
999973434
999973434
999952709
999973434
999952709
999973434
996302733
999973434
999973434
999973434
999973434
999973434
999973434
999973434
999973434
999952709
999973434
999973434
999973434
999952709
928383228
999973434
