641848
199387
867353
204528
457486
4752
849364
709479
140428
452545
288694
944661
4059
893251
710524
105284
999935
872307
806776
913408
814392
235525
2924
435579
16235
984124
940227
983795
573535
717323
28825
303204
96628
450283
38759
673538
251408
49050
175162
288694
1819
898589
631464
286902
384745
753471
599392
119
4850
641379
152813
2144
723717
294442
514049
977267
790138
344071
237181
426421
165643
73814
91389
898415
177715
4559
920813
674279
474335
777663
107382
42354
8435
155615
592677
641711
81
429217
3275
535893
246627
717172
989589
169017
377441
247853
714
16
329653
313085
4494
908519
910712
399080
520330
650964
754968
494
565710
935493
