392147
259198
379600
48823
979401
259671
353674
205761
54263
961511
3002
32931
723932
295441
222074
41399
65779
342514
283430
168313
641676
562698
982084
580140
249986
535977
339380
445893
20748
871593
467714
578904
210268
701270
849137
332420
78273
388363
409458
422217
472667
385247
931495
696275
252207
214473
202768
98310
641711
578636
366791
224380
893786
171833
105177
13690
234617
680533
898383
123409
666370
921118
77779
455125
905621
870964
107458
406965
603566
104
76549
447981
864960
93722
322599
989590
661524
669796
318291
0
738922
850938
139247
489949
445831
258835
86993
608382
352074
525206
286902
19869
667748
921118
936040
913499
324249
1715
202099
62195
