161626
306857
90535
756277
726119
65695
369880
1000002
645098
1000002
620583
35888
6308
1000002
1000002
1000002
73842
268636
1000002
1000002
1000002
1000002
1000002
639352
1000002
1000002
369969
1000002
1000002
1000002
1000002
1000002
848292
531821
1000002
33518
681193
1000002
482375
1000002
846831
1000002
202813
1000002
1000002
512925
1000002
179417
99493
1000002
1000002
93461
10137
1000002
902114
1000002
1000002
1000002
1000002
1000002
301046
859305
1000002
1000002
1000002
1000002
956031
890154
1000002
993714
31890
1000002
1000002
1000002
277566
423297
1000002
808995
1000002
1000002
1000002
645175
642281
253969
416296
653737
1000002
1000002
250944
292981
325239
632921
1000002
973088
45015
921915
305202
573785
1000002
1000002
