1000002
521395
598995
1000002
1000002
1000002
147695
894026
370902
557195
1000002
1000002
922819
1000002
1000002
1000002
1000002
1000002
428222
1000002
46236
1000002
866735
1000002
381092
1000002
483218
1000002
1000002
1000002
1000002
1000002
1000002
1000002
1000002
96148
1000002
29389
804953
686634
1000002
946811
387196
1000002
364905
622031
137122
1000002
1000002
847838
655260
1000002
1000002
1000002
242398
1000002
296121
1000002
1000002
765824
1000002
30118
278689
1000002
1000002
909568
504603
1000002
336613
1000002
1000002
1000002
1000002
708093
1000002
19703
657288
1000002
949494
653923
1000002
535639
554214
979854
738944
917907
1000002
1000002
838340
308484
864648
510416
480237
1000002
1000002
525232
212942
1000002
826505
349970
