1
37
38
38
39
42
1
1
32
36
30
46
33
1
39
38
30
28
1
40
32
41
34
1
42
32
39
1
33
1
42
2
36
33
53
38
1
1
34
27
31
39
36
32
41
40
31
41
31
1
47
44
28
44
31
31
31
32
29
46
35
1
37
33
46
48
34
40
1
34
50
42
45
2
41
36
32
1
38
40
42
48
37
26
29
28
36
29
1
44
38
31
43
39
31
43
1
43
45
38
39
36
2
38
48
38
34
59
42
40
31
36
36
43
41
48
1
40
46
41
32
35
36
41
38
45
22
39
38
37
33
1
39
33
1
44
1
31
36
26
1
43
33
47
38
27
33
34
1
1
37
44
32
35
23
52
40
46
33
43
33
35
28
30
37
41
1
35
28
24
30
1
35
40
46
36
27
34
40
1
49
31
41
46
27
1
1
38
39
43
37
41
40
1
41
34
1
27
45
1
37
26
43
40
1
31
38
28
39
39
41
36
45
37
1
27
37
22
36
38
49
2
56
30
43
1
30
30
22
36
34
41
54
1
33
39
43
46
1
37
42
1
1
28
35
39
25
1
42
25
1
42
28
36
1
1
31
29
23
39
49
41
34
35
1
44
27
36
44
28
46
21
32
35
43
33
46
38
1
42
40
34
26
34
49
32
29
52
35
1
53
1
38
37
40
43
44
35
1
42
37
1
40
45
30
42
1
1
32
34
41
28
22
41
30
45
2
46
38
42
37
35
1
34
36
33
42
1
1
25
1
1
32
39
45
34
33
45
42
42
46
44
47
41
35
34
44
46
30
38
39
33
27
41
36
1
44
25
1
39
30
42
36
38
40
1
40
40
1
28
41
39
28
44
51
30
32
42
36
36
31
24
41
1
29
36
1
34
39
41
34
37
41
40
47
54
27
36
40
32
1
43
43
34
30
1
37
29
32
49
40
40
33
1
40
35
39
44
39
38
27
36
34
21
1
33
44
42
45
31
41
38
48
26
36
34
45
61
35
42
33
31
38
26
44
40
2
26
32
1
35
45
44
49
1
42
40
37
32
34
48
35
40
27
33
29
1
40
32
41
31
37
34
43
38
31
50
36
43
1
36
1
37
45
40
32
30
23
43
37
40
46
46
33
1
40
28
43
29
1
29
40
37
37
36
33
33
37
1
50
28
40
1
33
34
32
34
35
38
1
39
37
41
33
44
38
38
42
35
30
46
37
1
35
19
1
41
1
38
33
45
40
35
37
39
39
36
39
1
28
32
30
34
41
28
42
1
31
47
52
40
52
43
29
40
32
37
40
35
45
40
34
1
1
41
43
31
1
37
30
1
31
44
45
28
39
36
29
39
29
28
35
31
33
41
32
41
51
34
33
36
39
1
36
32
39
1
26
32
27
34
38
31
34
35
38
35
33
41
33
30
29
39
46
1
40
1
41
49
39
34
50
45
33
25
34
37
18
47
29
35
40
32
45
1
1
34
37
41
47
2
1
1
43
47
38
32
44
45
42
35
28
44
1
1
46
1
34
43
26
38
39
34
32
34
49
32
41
53
1
36
39
1
32
1
43
38
32
2
26
36
34
32
36
2
1
37
1
43
31
38
29
32
1
49
38
41
47
43
40
19
44
35
43
1
34
35
1
31
41
46
36
46
40
35
1
1
41
28
32
41
45
2
25
39
40
37
1
1
31
1
28
34
18
37
27
42
41
28
39
1
39
1
1
1
35
43
34
1
35
1
1
34
37
45
1
26
35
42
35
29
48
2
29
1
26
37
33
41
31
29
38
21
44
45
28
38
34
1
43
34
48
37
36
47
33
31
2
36
1
28
26
36
34
40
27
29
1
37
1
37
50
40
47
35
30
45
33
41
41
29
42
42
1
2
31
43
1
30
1
31
32
41
48
48
44
39
31
32
32
30
1
30
1
1
35
38
39
25
28
29
19
38
25
47
34
42
26
37
32
41
1
38
38
52
39
2
39
40
41
33
36
41
34
34
34
27
47
44
35
40
39
43
33
46
35
39
37
32
32
1
41
34
42
34
43
37
28
1
47
1
1
45
1
40
33
43
39
43
34
1
1
35
41
32
1
30
1
43
36
32
34
35
40
40
40
1
29
51
42
42
33
29
48
50
1
29
45
35
1
39
39
38
1
37
1
35
1
29
30
40
55
1
1
30
1
1
44
31
49
1
30
57
38
1
39
1
46
38
42
29
38
36
31
40
1
2
30
35
1
1
1
43
42
34
40
38
34
36
36
39
43
41
1
36
37
38
53
2
33
