1
5
1
4
1
1
1
3
15
1
4
1
2
1
3
3
1
1
3
12
1
4
3
8
6
1
1
2
2
1
1
5
2
3
1
3
2
2
2
1
1
4
1
3
1
3
2
1
16
1
5
11
5
1
1
1
2
2
2
1
10
1
2
13
5
1
2
2
4
1
2
2
2
2
2
2
1
1
14
5
4
4
3
6
2
1
8
1
1
4
2
5
1
2
1
1
1
1
4
1
1
1
23
2
1
7
2
5
1
5
1
1
1
4
1
3
17
4
1
4
2
1
5
1
1
1
1
1
1
1
1
1
6
5
8
2
3
4
4
3
2
2
3
1
1
3
14
2
1
2
4
1
5
5
1
10
8
6
1
5
1
3
2
1
1
2
3
3
2
1
8
1
3
7
5
1
3
2
3
1
1
3
1
1
2
3
1
4
3
3
2
2
3
13
12
29
1
8
4
3
1
1
1
1
2
1
3
2
1
19
1
3
1
2
3
1
2
1
2
2
14
1
3
1
2
1
2
1
2
3
1
3
1
3
12
2
3
1
1
12
1
1
5
2
10
1
4
2
10
20
3
1
15
1
5
18
1
3
1
3
1
1
1
1
1
3
3
5
5
2
2
2
1
2
3
1
2
9
3
2
1
1
1
17
1
1
2
2
2
1
20
3
1
1
2
2
17
2
1
1
11
15
1
1
4
2
9
6
1
1
1
1
7
5
9
10
1
1
1
1
2
3
2
2
1
1
2
11
1
3
1
3
5
4
2
1
2
1
3
1
4
4
2
1
4
3
1
9
1
1
6
2
1
3
10
1
8
4
2
8
1
1
4
2
15
4
3
3
1
4
1
1
1
1
1
4
1
1
2
7
1
1
4
4
1
1
4
1
23
3
2
2
2
2
3
1
2
2
2
2
2
3
4
1
4
1
4
2
1
3
3
3
1
2
2
3
9
1
2
1
6
6
1
4
6
2
1
3
6
3
1
3
1
1
1
2
2
1
1
2
1
1
1
1
1
1
1
1
7
2
1
1
3
3
15
3
1
11
1
1
4
16
3
1
1
2
3
2
2
1
1
5
1
1
1
2
1
1
1
3
2
1
1
2
1
3
2
1
2
3
4
4
1
29
2
5
4
2
2
5
12
1
4
4
2
6
2
1
2
1
3
5
1
3
2
3
7
1
2
2
3
1
2
2
1
1
1
2
3
4
1
1
1
2
4
3
2
1
1
4
2
1
19
4
4
1
17
1
1
2
2
4
7
1
1
4
3
1
1
2
1
1
1
2
1
4
1
2
10
2
1
6
1
1
1
2
6
1
1
2
4
6
1
1
2
1
8
2
3
1
2
4
1
1
2
1
3
1
6
4
1
1
2
2
1
1
3
1
1
3
1
1
2
3
3
1
2
4
1
5
3
2
2
3
2
1
3
3
2
10
4
3
2
1
24
1
5
2
1
1
3
1
6
16
2
1
23
1
3
2
30
2
2
2
1
1
1
9
4
2
6
9
2
1
1
2
1
2
2
2
1
2
4
1
3
2
2
1
1
2
1
1
15
1
3
3
3
21
1
2
23
3
2
3
5
2
1
1
3
1
1
2
1
3
3
3
1
1
2
4
1
1
2
2
4
3
1
2
1
3
2
1
2
2
2
1
1
2
2
1
1
2
18
24
4
1
1
2
1
2
5
1
1
1
5
1
3
2
1
5
1
1
3
2
2
1
1
1
2
4
1
4
2
1
1
1
1
1
1
1
2
4
2
1
3
7
1
1
1
3
4
2
1
27
1
5
4
4
1
2
1
13
3
1
4
4
1
6
1
2
1
1
1
1
3
4
2
6
2
1
2
3
4
3
3
10
23
6
3
2
1
8
2
2
4
2
2
2
1
1
1
2
3
1
4
4
3
1
2
1
2
2
2
3
1
7
1
8
1
7
2
1
1
1
1
1
9
1
1
1
2
1
2
3
1
3
11
22
1
2
6
1
3
1
2
1
2
1
3
2
3
1
20
3
2
2
4
3
1
7
22
2
8
4
3
1
4
3
1
2
7
9
4
3
1
2
3
3
3
2
4
1
9
1
13
1
2
1
1
13
4
6
1
2
2
1
2
4
3
4
4
1
2
3
1
9
1
1
6
3
1
1
3
1
3
1
1
2
1
3
1
1
1
3
20
7
4
4
4
1
1
5
2
4
1
3
4
1
1
1
1
1
1
3
1
23
15
1
1
3
3
7
1
16
4
3
3
1
1
3
1
16
1
3
1
5
1
3
1
22
