14793
14399
2712
1308
4306
14764
17877
5715
7151
17569
10445
6857
11658
3654
9836
16274
4710
19358
931
1298
5082
1986
15210
841
17252
19786
2772
16871
16923
15753
9795
5999
13987
9403
4359
13703
16259
386
13608
6121
6461
10288
13460
2911
14515
4667
3822
9689
7705
15549
19047
8540
4610
4429
223
14784
8070
5664
10562
2923
17473
9109
3451
7831
353
16349
20186
9889
6751
16393
14542
9223
19373
10616
17205
1863
6399
15505
14720
8795
17312
3606
13194
6639
11229
6503
4833
5684
10316
43
1076
18381
14664
994
8209
11401
12283
16972
14835
1757
13077
20190
7519
7067
18962
19791
6002
15982
2116
15763
8770
4301
10362
6450
10683
6905
460
8936
14073
6710
19334
4946
1494
13112
4283
15065
8492
7694
5360
12626
16418
2652
11148
16466
20289
9762
6168
19262
8990
14958
36
7203
12938
9411
1672
4828
17419
350
11051
13866
14394
9788
12198
20332
18459
19815
3761
10825
13441
8185
16197
4997
9686
2097
18180
4357
16586
9963
14307
10751
10913
11740
16271
12638
13858
13735
10012
880
20055
20120
18861
1919
14153
5702
4295
7292
18455
9229
8490
10656
6822
3778
299
15285
3171
13589
9709
8252
4565
19460
1322
15897
19718
17841
5147
13204
17967
9615
11130
16665
5957
15082
19836
16363
18106
5161
14861
10045
6480
13401
17467
16820
18262
7942
17341
4243
2827
6809
3384
7643
11211
8423
2764
15855
19897
2707
5862
10271
11904
8487
871
11420
1026
19348
10143
16331
13556
1422
17802
8596
11297
3881
3995
10497
11821
10322
20644
16269
16289
14950
16746
4537
2372
9547
17042
12772
227
996
14344
4517
1273
1799
18138
8847
12564
2907
7439
5181
6742
5205
10825
4121
19083
12051
6768
12212
15511
3680
7747
9339
7286
7892
3240
961
4476
13894
19136
7203
6560
2071
6038
19876
15285
2383
15490
9141
5882
19367
8825
4811
4321
7682
10227
18957
15162
10017
2059
4186
14930
18965
16576
8035
4130
18715
1480
18676
4527
13147
5096
2058
4822
19929
19315
14911
18130
448
13103
16103
8867
17771
9266
15756
14018
1788
13323
13795
7397
8025
6919
9380
17459
7615
1007
12418
14304
18081
8288
18097
9822
19023
13538
18238
2562
2949
8452
14055
16385
7583
5358
8132
6815
10626
5640
19264
98
18142
15873
10585
864
19961
16595
7035
8132
1342
182
3405
2592
17862
19692
1257
4590
2253
19506
16903
5368
5051
12544
17274
17021
16672
10194
9588
7098
10613
15257
17859
11891
7158
14159
11561
4359
14795
8526
19939
16021
12503
9725
4192
16880
9740
11767
10214
18025
17292
19905
20640
152
16262
6200
5473
7055
17692
3293
19986
16717
7189
15001
12560
13099
3045
4930
17695
3202
5320
18873
9584
5001
11255
6312
15872
2219
4513
1393
6386
15354
11973
10898
9627
13958
8787
7064
755
13305
2652
1658
2330
143
13976
20027
4824
11967
15179
5498
10119
3766
3115
3475
18140
3927
10024
6085
19550
6549
15678
6088
11021
2534
19348
9355
5955
12660
15663
11856
6738
1170
2844
2586
17670
6427
753
6785
17331
14584
16113
12247
11558
12606
86
860
5489
18560
466
6203
16693
16069
12328
329
5844
7332
10747
12946
12055
3604
5530
16030
2523
18705
11293
1063
7222
840
368
14179
9915
8418
17222
780
2026
17089
7653
6267
14618
15108
14547
1826
8944
17359
7608
3555
12749
15804
19207
16655
8084
12304
12434
15964
10233
10533
18417
14430
13248
10484
4629
16232
5607
18954
10264
8736
4879
1786
16592
16575
6319
20239
2201
12123
18957
17450
12652
10014
12634
14910
14256
17845
17746
5861
6586
9523
12638
4722
15108
19930
16500
1416
3004
10847
5230
12638
5529
12414
569
16124
19368
8310
3579
20600
16909
11430
6406
599
19357
16908
7384
10257
8017
12697
19702
11143
20048
12852
8496
8018
14052
12424
19511
379
10370
14839
11012
17216
17205
7328
10763
3438
6369
17670
5898
2071
8017
17115
14642
16698
18433
631
18799
9442
13741
18097
18911
14836
4752
3116
2640
5668
6886
10241
2517
13948
15097
2654
3416
17801
13740
12221
17382
13891
10225
1306
16156
12645
9692
5492
3854
9664
1106
18886
7819
19180
337
9942
13456
2146
10904
15305
15142
5190
4719
8377
8034
9403
10003
13644
4186
1599
8814
1481
919
10975
2663
16696
15385
18119
11536
13312
16155
8171
1558
6378
17119
4179
1315
5809
6468
843
12218
6914
6603
13438
18971
3992
17972
11973
6833
2647
16091
15500
13338
13122
4592
2389
14901
19796
5779
4397
5347
16870
13452
17099
9213
959
6230
13664
7647
1891
20182
17824
17826
15490
20655
15601
856
14619
12965
9312
18007
7484
20180
5890
19074
2756
9154
16391
17725
6068
7472
20042
4156
13260
16702
3080
15297
19650
19310
12625
10976
15012
16095
18732
482
15179
17524
20037
2892
16729
14781
6851
13408
2815
16671
19817
16910
7314
15312
16922
3660
14071
3717
8887
17839
18637
8065
14237
12749
17191
15498
6667
1563
31
14153
9893
12492
3957
18326
11258
16785
4227
5393
12469
4819
7564
8309
2234
19070
2846
5851
10699
3993
19244
15697
20245
18909
9270
8563
16791
12183
11493
18550
3858
13439
16516
17108
19526
4438
19687
5138
17686
12960
17228
6319
11602
4618
16294
17380
1025
17611
7628
2075
5806
9805
17836
4042
18339
18332
2583
20393
14722
5580
19312
7725
11210
16015
18013
6378
12638
7841
16996
328
4367
3284
10064
19275
12289
4108
6378
4339
2249
2270
16330
5003
8428
14065
6906
11563
10589
7947
14864
3326
17766
3518
15793
7258
14097
1235
2330
3219
15389
14315
12033
4839
19928
19960
19243
4495
19131
15047
14867
10793
14016
7194
6266
17947
4117
6495
2682
19296
3869
19718
1598
1133
10855
20174
19471
16644
19411
2710
6946
10310
16791
16166
3087
266
8661
14677
3937
5132
20044
8139
16941
18522
20806
1952
14415
19554
876
20566
2520
7966
4897
3679
572
16082
247
3651
4650
18326
14426
9799
7370
8462
20847
4547
5779
8634
18258
18006
17770
1655
189
16362
10099
8342
8817
19125
16496
13252
4081
5381
3242
20503
20045
14089
8665
6134
15154
8248
9784
13284
3624
13725
19664
18971
14989
10105
17295
9921
15322
1450
18297
17461
8929
9761
11390
3786
6754
9365
9438
20737
1284
14771
20427
16992
16240
20319
803
16257
18724
4196
10949
2764
16988
8059
2268
2406
5968
5767
13676
7190
5329
18566
1879
11872
10323
792
16379
5057
31
4107
9651
2240
18699
19528
9577
20365
18462
14475
15009
5884
19241
3047
4743
10400
18187
2162
9884
2588
20777
2764
11121
1907
16670
17901
5353
7230
11120
905
1433
13319
16177
16638
14134
713
1752
11216
9212
11475
14770
7933
7462
17497
2623
17015
6631
15669
13465
10516
20719
323
4022
12432
7171
15366
14436
13314
5595
5318
19323
1660
4892
10537
20036
17131
18957
17653
18948
1259
15602
12178
11178
12754
15018
12517
16089
17109
14573
707
11809
1276
8665
16877
4911
5401
17858
9255
6183
15160
19153
8209
20379
14050
1934
19257
18994
17466
527
14049
15518
1148
5234
3999
14560
20801
13082
12628
5838
15649
4080
7479
18868
8328
13718
13718
9295
14850
19288
3921
18069
16046
612
16389
148
10612
9581
19798
19865
8966
17303
11536
17916
3141
13668
8268
11094
2017
19401
19572
19255
2095
13287
17223
19067
2424
9390
11970
2236
11717
8627
3054
16234
6926
9834
11617
6724
2403
2688
13767
8711
2714
2517
11133
13592
17964
18463
6319
7364
9566
9214
14146
697
11302
16873
11169
2577
15821
15003
14362
11757
7487
3161
6704
7575
19686
1176
16225
6584
613
538
2333
12499
12301
15065
15440
8504
17383
16149
663
10080
14519
778
18596
19899
12563
12525
11442
14933
18540
4013
895
3747
13737
18024
16947
18957
4542
12268
10744
5286
17829
18872
9784
17860
7336
11471
5727
8823
12638
1386
12558
6239
9121
9636
14397
186
18003
16229
20018
88
2577
15906
15323
4928
1563
10700
15198
17093
15406
18957
18300
10729
3869
12967
14686
10886
20406
7710
2840
1992
16320
14710
2240
1258
3418
13200
1766
10394
19078
4816
16701
7763
1430
5621
16766
2452
3592
17210
3037
6748
1087
17584
18481
7511
12669
20933
19696
19154
1823
20152
10074
15102
19656
9205
13860
3380
9511
6701
5023
16544
7075
15254
5142
2031
4503
10141
8573
1974
10008
13721
2080
17295
16584
5368
14172
2996
13880
17648
5546
7467
4001
5719
7088
13589
13243
1637
6237
18726
20046
7720
4341
4228
14632
3169
4751
12571
4404
6216
11230
10395
14310
17710
14156
12623
10628
18781
5953
5492
20068
808
15202
4500
19835
1070
16313
3456
9768
11201
1973
12284
5936
12419
20844
1584
11802
6479
19277
2364
12656
9939
7204
14983
5664
5448
20639
391
14784
13702
16757
19774
950
6725
9553
15466
18422
2756
19560
13442
20217
12318
3587
12435
17835
17387
15722
13814
11069
292
8833
20770
20273
18760
17603
374
17904
13871
2139
8769
1705
7675
6939
11983
11487
12958
10127
6400
12458
6889
17406
7606
16507
1537
12535
4346
7704
19647
11375
8174
4150
2310
16036
12160
19223
7190
3267
15751
550
18957
1529
1737
3450
17493
19256
9597
0
15478
19201
5082
13882
10216
12330
14686
8602
16320
8678
15770
8176
14193
9922
12233
2247
7685
1425
4265
0
15086
6973
5711
7007
17865
20502
7437
11024
17539
13864
20091
97
8959
16772
18306
13590
10337
5005
19624
10968
12813
14266
11819
10307
20095
11228
9735
17051
15678
7166
3851
16319
16326
10361
17295
7677
5213
19645
11759
15381
6402
13062
7821
2995
12949
5314
11294
2672
1532
18763
9554
13584
7134
11995
305
5217
12064
18668
9083
19744
19810
15015
17916
18426
7589
14451
17543
14801
20181
148
1433
9077
123
18468
567
19381
1832
6932
11702
15372
2733
13288
11438
7554
16612
2361
7432
4569
6836
12506
17682
2413
17781
5057
12091
17548
6538
20629
11797
19300
18588
5152
2639
1849
15738
11031
5194
1104
13567
2389
5245
19763
9100
10585
10418
4862
17551
7124
364
68
1553
14510
6
17413
6319
666
12010
5737
9138
9623
8275
12682
16663
16013
3582
7927
8775
13598
8192
20896
2862
13787
19975
9767
17757
12931
15589
18594
6319
8186
4841
3059
12783
7110
4826
13837
2003
3032
5969
14527
12967
4653
12502
7034
9734
12593
8315
17612
17787
6163
15304
8164
9395
1695
19711
16006
4780
500
10692
16996
19270
6433
7989
6031
17233
10966
16629
5382
672
13052
20567
16229
13326
7063
11205
14194
17428
18054
6207
577
15847
11476
14367
16572
6380
9196
14148
9707
6958
17562
4496
14398
13989
3732
15525
19044
9479
8301
3084
1717
633
12566
423
120
6832
17878
11204
4243
12813
13400
627
11461
1994
10880
