7190
1855
19465
11820
15856
19851
10318
14999
1890
7986
7124
14646
13422
15969
15926
15452
18444
20130
11962
19788
20511
19493
8140
18119
8171
8554
13417
1134
10923
9847
19348
16475
9670
4241
19783
12399
7048
5768
12318
19274
5031
12236
1740
17342
14200
19186
8440
8688
4369
11311
18672
16242
2821
17416
19203
6294
2346
18268
12732
8938
12973
4221
2718
5704
18282
3298
13741
6646
4884
19332
19125
18543
18069
15472
15482
19101
9273
17246
15637
9715
13146
17028
19433
9370
18868
8535
6484
2407
260
3750
11145
17912
13131
20641
9882
14186
2681
13397
718
19148
20001
13056
10550
17254
9159
13010
7458
4373
6876
4365
18125
920
12209
9008
13310
813
14592
8495
7441
9944
11939
1113
6319
11643
2108
12794
782
4045
13745
6550
320
13054
19376
1592
5059
19951
7194
18588
16697
18976
18786
15606
12885
7048
11032
2611
19360
18372
20069
10429
1318
13121
5163
2878
19069
15980
7878
15665
14796
1757
18900
20070
12561
12682
12997
19952
2986
10178
2663
5460
1546
4148
11568
4570
27
11746
19339
12073
16148
2656
3684
7672
6951
17298
9782
4826
6952
14876
19836
3531
10905
9501
6572
4191
14341
2183
9597
461
1654
11925
4813
8687
3021
6286
14514
4185
19864
19595
4547
10977
2243
19543
16296
15953
4650
3060
15497
18957
10265
10803
6151
9257
7798
12709
7190
16045
6031
6906
19081
19102
2169
10243
57
2230
18599
8573
17003
10447
9400
13718
18058
14160
19570
11740
5247
7456
12927
18633
9618
20158
6710
9767
18110
7982
4740
14219
10230
8535
6548
8657
10298
8252
2765
7532
20004
194
6924
14211
8335
16510
8412
18957
6786
13997
2988
4713
386
17789
9593
4812
1429
2335
17398
14479
1531
13940
998
19573
2818
15958
14558
13305
11990
1958
861
8769
12638
16656
8406
9126
18001
15102
16669
19209
894
6372
15799
1509
11348
20540
15714
7818
1860
360
19900
9405
8448
511
15442
10722
15314
11315
10270
3874
13339
17235
18887
18957
7601
4736
870
15322
14409
2542
11859
18353
9231
4092
13666
6917
4793
8470
8676
10248
18715
8431
12878
18638
6155
1653
6764
13904
16986
10578
10617
4916
2182
4135
12649
349
13492
19389
4159
18684
6004
11639
14745
133
1172
2524
16917
4470
12744
18683
8265
17499
302
19465
16230
5896
4361
12638
15786
11431
16260
5608
16742
273
10118
18965
2535
18905
19428
14842
17974
1620
2828
17175
2557
10421
5802
14103
4574
19040
2337
1964
13631
12526
18209
7277
9392
16389
12831
5598
18957
8018
2510
12674
6513
14817
4262
15399
7625
16794
14381
4537
20296
9910
14603
11661
15698
11026
11370
14784
16495
13486
3591
13948
2730
20087
17943
7092
10596
12861
19672
16800
16412
8435
4204
4208
20167
10621
15219
6639
7193
19512
7278
3381
10130
6104
8074
10765
13190
6503
7000
16615
10570
12453
4933
8676
17478
2828
11262
12649
18895
19278
13646
17874
7974
17144
11766
15842
14877
13349
9563
8372
19769
9492
7816
4554
6469
15170
15482
8452
13359
1461
1925
14536
6590
20173
16306
458
13619
7138
5862
18019
13589
1466
3874
4585
11792
16195
13326
19738
11136
7199
19066
13609
4941
13217
4104
1204
9671
123
1842
18023
15482
0
6779
3297
3409
204
4722
3192
11908
16058
11913
16604
14265
1236
755
10638
6889
10101
17697
11241
7190
16004
10671
16322
1252
12679
6697
10319
17885
6668
269
13975
19588
6786
8847
15888
20172
17770
1504
9831
11100
12375
17977
2508
19052
4879
12527
9167
13795
3679
14427
2768
3305
2140
15345
11363
8600
12806
2913
3967
8990
17996
18054
9494
2227
4155
17841
6906
14708
15366
15404
15998
10261
887
12730
11718
7571
15755
7821
16433
9935
1422
11950
11612
18454
12374
19976
11798
4415
17444
3234
16634
3686
17966
3515
79
5891
18178
884
10471
8132
18545
14407
14776
8418
7661
5293
16845
19206
15905
16804
3783
14892
6666
20638
8507
10418
8483
15818
12638
9536
10507
16605
943
1311
10330
6588
19911
7418
10851
11411
440
18717
9584
8246
581
5078
14749
5986
11073
11914
11888
6328
7911
6690
3124
7213
10369
18649
16597
10092
7004
2718
16879
11005
13757
19665
7
16415
806
6170
7014
14679
11118
4354
15056
6407
7786
19467
5517
1689
9243
5603
6477
7886
671
6961
16129
3385
8701
2348
19740
13682
9495
1896
19998
16985
6663
19458
11009
1715
19586
856
12189
105
16231
5925
16221
17978
10083
9219
5707
2739
5454
20043
3991
8944
17828
12880
8132
17641
19156
652
772
14227
14975
7177
3128
1188
15767
17502
7027
12362
8124
12656
8726
19037
9871
1626
18957
9697
645
14599
19463
19392
14902
12358
8991
19895
12037
3713
5133
17873
14969
12847
5675
584
15537
17388
12153
15691
12965
14607
12110
15380
1293
18875
520
18299
6643
10389
7038
13490
15548
14189
8492
18581
9917
2419
5286
9377
18520
18751
9446
13688
10145
18594
18210
3280
6901
11160
8626
6942
14079
8250
10158
1885
14214
17495
13178
7684
20458
11568
4598
16940
7096
6900
19811
9579
4600
10627
16995
5159
10603
17308
5110
14322
20006
15522
1133
10163
2679
8089
20157
6114
12247
19551
5678
111
19465
9405
9544
16369
3687
4273
14487
9397
9945
12582
16637
3111
15029
15273
7722
18384
2039
17144
18362
8416
17337
2509
20381
11248
16882
7110
7073
240
1530
6112
2729
20181
11034
13009
13808
13695
13451
7053
2661
347
18968
9264
990
6572
12836
14194
1617
16299
7956
19146
9817
5187
17235
654
18239
14400
2538
7269
15828
81
17537
7741
4667
8609
3686
7395
9853
8093
1087
19909
11804
19166
6579
17487
19418
10477
13562
7358
2588
8559
1580
717
6535
14933
11842
7741
19994
9360
16742
7403
9838
14177
11394
2201
17059
18006
12300
12326
2891
8279
2434
166
6496
13317
8234
14480
15472
1302
10921
13720
16815
4887
17690
2570
11432
4022
17348
1853
8719
5708
9682
6806
12912
11643
19862
10692
1162
14055
9331
5101
15639
5543
10347
9350
10666
12914
17662
534
11864
11869
18567
13251
4450
14413
9758
2604
8343
4026
6704
4334
8632
11742
18097
4183
9174
776
15345
10610
4601
7197
9374
6784
13338
6019
20386
3815
8227
7595
8147
15539
14338
8381
11164
3861
13125
4293
11611
13
1584
3084
14860
13045
5002
17462
14482
20045
3666
12387
12909
903
9740
7133
7188
16045
19394
267
4075
4968
4267
5572
15013
16530
5476
391
1717
4432
4398
5862
18335
15087
16215
11344
14827
6319
1047
9333
14856
10974
19233
13050
6374
2688
19952
2172
15989
10165
17326
18049
18704
11606
1422
16274
10752
2786
10825
18705
5928
15865
3950
7221
2101
4317
15239
15839
475
4684
606
20143
10878
18296
20227
13905
9679
12638
20098
1021
9892
9996
12030
6731
15402
650
4208
7804
10991
14309
13065
9374
17580
14347
16380
17345
20384
9102
1497
5779
7355
5382
8489
16484
18637
20047
10655
3090
17544
11426
13600
15022
4001
15124
7457
16499
9971
13737
17705
10809
9649
10943
17966
4614
8786
1102
3102
5015
2935
8284
1437
12376
8328
8936
7792
7354
10542
15073
13997
10214
941
16261
5506
9834
10560
1574
7498
15987
16282
7469
4049
12922
19792
9483
7179
10730
15208
15700
10698
20903
7611
20120
18141
2323
18309
14300
3054
3014
2036
1566
16746
3566
19246
8101
18979
17063
5253
12526
16792
14334
8080
3872
8981
3496
15270
10424
7421
19016
11216
14538
1030
11216
5936
2587
15617
6269
10805
99
18700
12011
6348
1614
20211
13197
1928
4966
18878
4869
1356
4206
17915
771
19635
19908
16719
13342
11678
13195
717
16744
10798
19624
392
7584
12858
17795
17052
12834
19218
5700
17928
2840
18248
12036
9496
7306
4962
6637
8550
932
13551
16114
15985
5057
3625
14900
9306
8843
2053
15663
12431
14458
6282
7643
12193
18815
2585
1981
7270
11148
18906
9790
5055
6276
11432
12048
8628
15674
2757
11621
12438
17843
15348
7426
15917
14855
17003
7719
12243
997
525
18198
5722
19060
13384
19245
19992
11735
9835
16071
11657
9047
2185
12114
4781
9372
19213
828
1560
6154
8875
19312
14223
1190
20723
18952
20123
19729
11044
18433
9147
18529
1661
18865
4531
3182
6373
12441
7449
17899
7275
18364
12510
18414
5781
11420
849
2772
16130
18219
13181
9400
16688
7982
19192
1891
2698
6472
13109
8547
1283
5301
4854
9439
19389
16688
13825
12976
18825
6911
19966
4854
10033
6880
14636
4470
1546
5506
17498
14325
17702
1224
6268
13137
1062
18354
10065
8616
18536
11473
19813
11004
1451
7281
3390
3431
6648
11166
17788
18276
3508
1651
20503
2440
11534
2412
387
20205
4437
15739
18333
13478
15695
12127
5801
6808
16540
7723
11020
10361
19692
12450
2235
15388
5568
3946
7622
10235
19324
1417
19639
7443
17571
15549
13072
49
4902
2780
17499
11607
8292
19369
7197
10279
4571
7202
16228
20545
15438
15869
6412
16020
4
8216
7594
11743
7456
14966
2194
18705
10101
6377
2640
11450
11396
8304
2284
6206
6482
8843
6800
9883
7777
15603
8505
11979
20731
6572
20046
1168
13976
1267
466
14316
15387
18086
17942
8631
2208
17633
11975
17532
13283
4886
13404
18090
1480
18566
12638
10228
8560
18312
13305
2237
16541
4273
7095
8482
15023
9709
1805
20482
4025
4851
18075
14553
19144
253
17269
15190
2013
12205
19404
14841
2483
17387
14003
16033
966
4294
6842
20059
6567
8623
1123
19530
7154
4368
5873
9436
3259
14934
6551
4609
1817
3777
706
6843
3991
15248
9635
19749
3522
17779
10523
500
14120
20105
8775
15278
4728
5451
9874
6035
13869
2134
15375
9228
15926
15030
9234
3151
20771
747
18010
5537
20648
18604
15593
19634
5987
1395
20739
12038
18659
12908
7610
4166
19124
14847
1988
4341
6287
1929
5965
17175
3249
15963
18504
945
16244
15487
1893
20123
18726
8003
19864
9875
12762
6413
3710
671
18525
17980
12126
532
837
17517
16434
15542
14160
19130
18238
12163
19830
11906
19405
1232
11245
9658
14740
4727
324
2696
7007
6804
12607
14023
15534
8827
15628
7716
11747
733
15236
2813
9095
16584
6760
9008
19571
950
11743
12248
0
8318
19158
14774
12819
9154
10131
1396
8630
8871
5473
19022
9498
14505
16534
19720
10416
9954
19024
743
2321
8824
9475
17466
17310
6272
9268
7933
649
12019
5448
13973
14170
1153
18143
9037
11216
9586
15333
12267
4631
1487
3343
651
12089
10710
4277
1486
8421
2149
1816
6195
20524
12855
17408
19041
17477
20116
2370
12788
6343
16942
11489
1608
1719
437
11734
13591
19300
9817
19265
19183
6558
13936
10047
8911
20343
5544
10670
1484
12682
16168
15401
1407
8902
2329
11521
6450
15793
7030
19828
3099
18791
3776
1143
17855
8201
15899
12638
8604
20096
765
16607
2712
18451
13380
17130
772
17951
8226
8843
17554
7966
19050
13243
5988
12368
6340
6069
20544
16889
