19448
18764
20007
12699
6364
7111
3550
13653
14277
6304
12823
2673
11708
3413
19734
15564
5917
16389
11296
6694
11154
19014
17588
14330
2008
8047
4868
1984
6688
17946
12922
19313
19367
3588
18637
7267
10446
17122
14820
19904
3901
5993
2291
3851
5701
475
1539
5270
16583
17270
1834
11411
6079
13259
1320
8018
4317
20619
11098
10441
15461
16999
14150
18254
8184
20103
13778
3560
9467
16896
8999
7495
16863
19964
4671
12149
12251
17929
6982
9597
12044
6319
12155
20149
881
4763
20212
17746
4615
4839
9761
9769
2373
4855
9172
3952
17854
1468
6667
5616
13697
5081
6932
5412
2968
4637
102
13793
2357
11290
17185
15325
3306
970
19679
18049
7724
13189
13421
8644
15043
19104
1507
4737
18974
18957
20007
4062
19056
8155
19185
1413
15383
16948
11328
18109
14398
17420
10591
14662
7320
18500
13929
6751
3206
17427
6724
12993
17782
13559
2872
9309
5261
19276
10814
3374
15925
13274
7255
4792
4970
13951
13352
17499
5742
9918
2078
12790
1013
13283
17623
2764
20472
15549
18294
12601
3202
11580
18013
11509
2032
2618
11916
5077
7807
763
16984
12811
5928
5839
13936
12631
6260
15586
9965
20021
17269
19870
2932
16597
18681
10271
2237
3554
10675
18472
11967
18759
14025
352
10301
19292
12705
17603
20782
3115
14862
1822
492
18042
119
13764
124
13851
14702
10694
10629
15411
371
3376
15168
14217
13999
4096
6669
4604
11474
4464
16926
11081
6967
517
8330
2733
1385
14648
9976
8600
18097
18381
5270
6316
10371
12292
9226
14593
332
15926
16736
10256
7154
17563
18829
15231
887
12312
12359
12153
13545
9383
14845
17269
14930
9240
13974
10326
20456
10151
2229
10513
7465
6282
12296
3276
8048
19139
672
2246
17415
6291
9924
11086
9692
18792
16584
3454
11734
10542
294
12166
8798
11334
5926
2533
7971
1222
6517
7261
19673
314
20835
12874
15990
3263
2212
18566
3829
9340
18084
3422
15128
19913
12995
4676
19531
2441
8238
6533
16597
15325
13313
11412
9249
5426
13718
15583
18967
15272
9522
20616
11671
2544
3969
3650
14617
4661
17874
14224
10912
1356
758
3400
6600
12030
5712
18628
6496
7793
18572
11336
6698
2422
11497
17289
5594
9432
18496
1015
18577
5999
2538
16025
7136
14302
15411
9047
15330
8749
20121
20692
20080
11362
12737
10719
1992
147
10976
17648
3552
9140
6237
4373
14842
10964
17447
14661
10369
18957
1728
6202
18852
11303
10057
19995
19227
9359
15057
15335
9112
9983
9458
1689
1708
13672
13328
10554
14691
566
9265
8650
2458
3490
14214
11723
12794
16318
12197
11868
13863
10139
5635
17875
10773
6311
11392
138
18076
6924
6456
10470
7962
6758
9954
5646
9662
8178
5818
9846
15615
10957
2804
20302
14610
7509
4519
19552
11551
13567
17582
14956
8236
0
11782
752
6692
9257
7234
3090
15569
2100
9831
19243
3475
15216
543
19181
14724
8881
10842
15958
14453
6047
14209
16624
11366
18132
17159
15526
1470
304
15344
9778
4787
6036
1119
4541
18100
16582
2053
14286
3461
12014
7461
8772
7710
10238
4525
7377
6939
14205
10174
13574
5217
2740
2006
4026
3797
11148
14287
6083
16036
13750
5770
2497
16244
4404
16467
13722
16049
2165
15479
1166
14428
13016
327
5719
10745
10862
3549
18357
19813
19311
5523
10862
18640
19394
11154
11461
5069
4300
18700
17633
5768
9934
12306
2192
13148
10994
17961
15524
12118
6571
9423
10788
17874
1435
11211
18006
5183
12429
18036
17755
2972
667
18644
13310
5501
9836
1041
3390
4083
12879
9908
14934
2251
5527
15232
13322
6837
2078
6689
16433
18380
3547
5869
