2285
9421
19268
9890
18924
16153
11404
2469
8404
8723
9683
16679
15273
13700
17855
1464
20273
20385
15832
19661
8839
12554
20182
11557
9798
4225
13113
16343
3966
11034
17195
18674
17895
20747
5123
1915
14314
5250
15261
4074
7212
20418
887
5592
14685
6553
5480
6186
8784
12767
14041
12788
8767
758
4676
17051
17333
3051
2968
3385
5901
11464
13696
5934
14883
11279
13740
15658
19687
14623
1969
17553
7157
11767
17315
20094
8537
4120
3440
10699
8042
17449
9429
4888
19512
11473
16971
1859
14708
14827
12701
14259
1983
18293
5388
1010
11710
5972
13832
5199
13771
6287
836
17413
7649
9140
7647
14678
16234
11942
186
10602
17823
18619
12124
10874
17823
6144
4254
20619
2463
2566
10669
270
11101
16700
313
19971
8461
8807
15650
4936
16733
5860
635
17888
7055
15664
514
1238
16825
13027
5839
20368
16131
19183
9626
3002
3268
11838
18610
6239
19047
13195
6919
17961
12977
10716
8408
13738
2881
3350
6319
9540
5380
17393
11187
13011
4544
14680
6946
17271
9647
11388
8544
12048
2758
5359
11447
17161
17396
9483
6292
14402
2541
8456
9457
19795
5768
5111
17784
18235
16554
15405
17165
11205
1288
3807
20495
17195
19564
12003
13815
13941
12889
11449
17799
1391
17050
19215
6682
5938
14940
6006
18288
17675
13961
13576
8386
20132
9154
2284
17875
5634
5287
7918
16292
5999
2560
10576
16748
2799
11469
10343
11723
6595
6054
17862
695
2253
16113
5024
5600
4041
18761
4128
2133
10976
10429
11521
12332
13873
2750
7588
18130
12585
11082
4003
11252
6252
7936
904
10394
6606
18686
14201
8539
9997
9038
13275
8707
7821
871
8441
16197
5831
6096
7717
7291
7951
12537
7469
9685
13609
4050
4268
6470
11388
10365
10148
13673
7487
16725
19540
10752
810
19253
8383
14086
16667
19745
2597
10743
13665
11248
11764
7030
4670
16490
915
4622
2471
18801
4488
10644
15755
13559
17683
13530
17004
4314
7612
10536
2419
8103
9403
5538
20713
15523
15307
17850
262
17726
10353
15580
12908
2968
20553
7762
16149
7486
8943
343
9535
7388
7345
3096
11323
9981
10203
7132
2231
10927
1360
12534
6935
521
15773
4866
18830
2063
114
7628
17805
1817
19773
10580
19558
18827
16963
7686
11600
1076
14662
5394
2293
18914
640
17934
17416
12393
7158
17570
2814
9525
17531
7020
13872
14451
1070
18218
9903
1618
7270
13313
19936
11435
15152
7084
7162
15652
6523
15438
7249
14414
963
7972
16000
10927
7502
2049
5366
19682
12261
12362
12650
19115
18006
5140
17615
7232
11236
13228
8523
12620
20315
3625
2031
5235
20623
13258
10880
12638
13374
167
16636
7030
15170
18621
2919
3432
12100
6027
10364
10070
8751
1155
3960
18607
6443
15038
10757
19282
9859
20443
7509
12750
2057
7120
19614
3203
20324
18070
3961
8821
314
11341
13907
17919
19605
4301
19079
16469
18856
18025
6701
3575
2436
14065
13067
7130
8680
4472
9048
7826
20135
7137
3074
1534
19062
15325
4648
3199
17831
10690
1462
4222
13243
18495
12602
5698
17381
15525
16892
6564
10718
7352
9813
20376
15888
18867
12361
3571
7431
4543
6475
15163
6536
3393
7270
18929
13381
14251
11935
4481
17964
20202
17303
18064
14895
8178
7025
9907
13785
20489
10981
15349
13632
2719
11467
17952
14040
4378
16509
7779
7457
2579
18143
17051
13717
19323
14934
2640
9360
14436
15743
7097
3771
15198
3143
7963
8567
11804
12123
9792
12222
7811
15833
19976
9775
14595
6077
14905
20351
586
20316
19214
12654
9075
15076
14554
5368
2494
19209
12915
12511
3944
9991
8733
623
4914
17258
14050
614
17970
20955
4047
17455
8848
4485
20286
4424
10924
8435
10937
18674
17711
16578
15216
6805
12105
13149
5264
5206
2438
16859
7406
4949
13509
8679
9737
12448
19960
9908
14740
13589
15037
6810
12441
12989
10083
12581
14523
1575
688
12638
5741
13625
1684
19594
14943
14086
845
6292
10048
17209
7996
19269
6826
12539
12002
6509
8852
2096
6927
16563
9644
11993
13367
5454
12949
2949
1908
12864
3515
5005
13955
11772
18429
8989
4262
3717
19348
19775
4986
8449
6124
5774
9324
496
10265
18081
6145
16817
4584
14975
16555
11834
17144
19828
540
10255
4665
11628
13678
20191
5071
19085
18299
776
6861
9714
14037
2595
5351
5484
13698
14451
14296
16062
13385
16289
15276
5524
7619
13896
15741
14048
17471
9568
17060
90
6352
15438
8150
2371
14362
6884
18792
6783
2877
14235
11407
18544
18858
11935
13988
17396
15162
17855
11927
9386
11559
20096
1150
20673
4506
11198
1810
3676
18765
2285
7584
19389
400
14792
495
929
11660
9674
2984
13571
18957
4849
9583
20071
8321
3632
1784
18957
18610
11941
19540
12958
11052
4358
9168
4876
5036
3969
2601
8183
9119
6648
8992
19368
11149
2028
2265
9862
16412
967
17908
2650
13110
7439
2305
18771
11800
13787
11323
13456
13349
11535
14599
8528
2020
5616
15941
3888
20557
4691
17257
11475
17983
16009
20623
4106
7695
13016
11850
13718
15743
15327
381
18957
15034
15801
7530
18029
18518
14639
18889
5447
8453
10657
18284
1170
13428
17144
237
1677
17495
8934
3404
17991
14540
2401
19384
20280
19123
19340
8621
17178
140
6641
12261
4261
14442
4142
3962
2089
17567
580
4114
20299
13032
2764
7777
14746
13897
11854
3412
2522
6122
10500
443
10942
7110
1698
5129
8277
13577
17354
11499
1418
19213
8566
10806
5675
90
6821
12123
15903
16435
6828
6038
20176
16471
2958
2274
13345
12447
5264
2133
11333
16493
2500
7903
16038
5491
7852
18658
16060
2069
18734
18957
14607
20776
16310
15934
5608
964
18133
10077
1556
5891
6405
3982
9168
6260
5259
2886
1168
18893
10512
18254
9478
15296
377
5696
14599
19181
15005
16805
3602
12333
19156
10328
18959
13726
2155
6288
8459
6439
10695
16189
4828
15405
13633
17995
13032
13638
2377
6456
1367
958
1373
7983
1814
13270
17992
11656
13323
15579
16690
20364
18879
13864
12269
5528
17698
7890
1960
774
18617
4937
20449
10545
9645
12154
2128
5395
14704
6165
10762
13080
20181
9624
13415
12254
15081
19783
7459
4052
15630
5104
6027
6495
2382
14833
11944
3230
16437
12062
9472
19524
19081
6231
19469
12395
19450
6620
7803
5871
18654
14020
1218
925
19369
12131
19613
8754
10265
3086
4529
3743
4346
17072
19609
16008
1432
5571
12885
1298
17414
15416
18506
20181
14699
19266
3343
19792
19258
7621
1712
19428
6710
4554
10103
9984
3838
18792
13852
18384
12245
12336
3135
9993
4820
19254
8723
7282
18670
14641
7981
1015
5914
7193
2051
1649
9415
12084
5151
13289
11391
3439
917
3426
6456
8564
11145
19861
18607
17817
10261
18618
5359
16573
18138
20403
20102
1614
9817
19802
17638
11060
13289
19348
6248
16705
15752
4374
7949
15218
20065
9979
1264
5092
17990
18246
587
15486
18465
7654
5584
18814
3955
8780
14689
4832
1502
13546
16058
13671
15930
11340
1804
3491
543
17379
1567
11169
12460
7217
13298
16152
951
10574
13050
19451
6399
2070
12958
11926
4885
14021
10621
9941
7869
7588
1526
6792
8461
10619
14647
2410
808
2475
17247
1609
5442
12117
17486
1572
6681
7998
9356
5147
3514
13863
9639
16179
1237
15073
7536
8411
6199
17183
17464
1807
16293
16539
13740
11344
13589
9117
252
20290
19544
11536
6700
15695
836
3898
16609
16790
13164
7677
1574
11623
20562
18240
16584
4728
16353
15615
8331
15331
15500
16697
9146
2003
3070
10785
12247
6088
11282
9501
18887
12996
4277
18030
15311
11601
2169
10850
2779
4928
4506
3596
13234
3537
5004
2183
17036
14295
5489
1898
19526
19382
7304
11450
11414
990
3832
12604
2302
1824
13374
8768
12628
11097
11701
20263
5708
462
3362
13289
246
16265
17286
15924
8004
9874
13481
7299
15122
14243
3403
14958
4931
10200
15644
358
7095
6820
10281
19919
8091
6860
16043
7265
6039
3341
13589
17916
2192
11625
17237
9150
14878
19326
1436
1484
10113
884
18807
10828
15065
12211
3366
11921
9878
18906
13193
2740
296
8417
18595
10934
13353
11380
11608
5246
3205
20410
5140
10024
10383
13540
18709
18241
9333
1702
15487
3248
4613
4609
14805
11065
523
18559
20143
13128
17112
11563
16133
18570
16447
16464
713
5994
1848
2076
16526
19564
8017
8753
19613
14603
12323
15389
931
19246
6808
15685
11670
17354
14469
10850
15828
8347
16407
711
6399
17235
10265
18644
17535
4459
17454
17551
12890
3498
18887
10634
1965
10090
5300
18912
12086
12612
13400
5542
19828
10844
12873
7212
2734
2960
3084
8469
15667
1210
6008
10620
18238
2637
14169
9088
11094
1913
8844
1855
7592
3632
6855
4107
4677
15441
18957
19745
15992
1142
17163
13375
7286
13140
10420
7146
3800
822
17554
5608
7868
10037
13742
15006
7957
10719
13955
12695
11632
8334
13633
19288
19881
3168
10907
12536
16788
16548
12166
20159
5928
1205
7306
9518
19041
3896
4179
4086
9783
8434
18110
12703
8065
12514
3875
3499
10652
17503
11798
17633
12982
3875
17735
17754
1999
3290
14980
4506
13029
10102
9103
8292
15738
10575
8773
663
7933
3523
18957
6482
13634
5916
11433
17923
9849
7621
20320
5474
25
3045
12993
13288
8292
6931
3524
6428
10847
2906
3243
9807
8440
16547
14939
16355
18579
9004
5526
17989
9324
10361
17604
3912
10119
11633
20420
10190
6908
15271
6004
10070
10629
7576
652
7892
13608
17855
15860
15999
19134
20095
19496
17478
15306
14258
13349
9069
8998
14256
1023
8282
16655
3292
3061
6126
13255
4489
8479
19397
13257
13412
6595
5285
16582
10294
20433
12500
182
14003
17727
12964
20349
14140
6641
15656
9394
2352
7490
19540
1498
6875
19241
2465
2736
1626
2702
1024
16810
4657
2118
14636
2763
1703
5781
871
9878
7363
14060
14709
5781
15203
14641
7940
7865
3535
11521
14250
2630
587
1328
13431
11017
5028
5434
9402
2875
5280
18391
18940
14020
10265
3460
3009
9905
20138
7023
7024
7296
809
7542
3184
