6
88
375357216
128991524
113172931
47
142471920
201
60679071
0
1
0
0
239
0
2825557
206361092
18476746
0
450621101
26
0
106678395
0
1865676
25529340
19975015
10646737
0
209769211
5596154
90148769
55050087
155917602
255341702
2382415
58
89
0
0
411963854
265273350
26402307
237092219
0
0
12
0
1300534
65
61489556
0
97242228
0
0
141928496
7658720
48599452
84
337199474
0
61
23555223
0
31663486
56668011
57243544
0
0
409492570
0
16671987
406620724
18906531
0
215928395
159680050
0
210824728
0
100440347
3
446094741
0
437517015
0
262381335
1
13705779
0
0
21083609
0
26
412981514
0
420398543
0
0
0
