47
12
15676669
98116878
192428496
0
0
287459004
89
410743017
120747284
180
8858892
52
0
82885953
832874
0
0
19
75798232
23856419
93147071
0
17220740
1
55795984
0
378494633
91669323
465105924
47527818
0
7
1492016
15982259
0
113
137771400
214
58147141
31489983
45
229
96096304
20209068
16107245
15019312
29106359
0
83923954
373152651
139979691
6
4482152
49144344
6
0
51140377
0
12
0
98878266
202981126
17884255
84712121
46964941
224738882
256054323
49193214
449866188
0
19711672
354279114
33
0
0
58983183
82610046
235645845
14320453
0
0
83889689
62
307615091
86655667
20172696
0
7963825
383747786
0
121078241
283922755
121659122
0
6813631
156776219
11699361
47
