21941874
106793302
0
76784476
68701034
0
132251024
411300796
0
0
330147607
0
27
79591044
151
150
95922663
50
0
44583939
37156787
27
1110176
122
309883950
13
31957369
329314347
196728
38
238240274
0
0
65
103211169
375894903
93784312
86775954
133
448512129
146422584
362135150
0
0
1
14020508
217
116007040
89
216042161
360452992
133737457
196896871
97
0
0
55
28969146
219
72340890
244244152
1
0
374193572
1
42
59657569
125
38150554
0
421868000
155853176
0
34202145
391399943
0
468736373
459842715
0
52
172
351548313
27475668
72201502
4684095
353885573
141055315
20753255
0
43066190
105
230373392
60977109
38645637
6662419
0
673258
145042599
16443241
386675005
