Orz YYR tql
Orz YYR tql
Orz YYR tql
Orz YYR tql
Orz YYR tql
Orz YYR tql
Orz YYR tql
Orz YYR tql
jtbrviiurstmebrygvtlxwtdtgx
Orz YYR tql
Orz YYR tql
Orz YYR tql
Orz YYR tql
Orz YYR tql
Orz YYR tql
Orz YYR tql
qwvhbmbzbvrefxllgyfmtcbne
hbtrgzrvvfzwuezusvhnqleuiqsywgfdjyvpaokvtlrnstikqr
Orz YYR tql
Orz YYR tql
Orz YYR tql
Orz YYR tql
Orz YYR tql
Orz YYR tql
Orz YYR tql
Orz YYR tql
Orz YYR tql
tlxhwjzstkbzboxpybqzgpwtvndcvktrvtytcynw
Orz YYR tql
nzhujyuwmpylxbhlhcgxu
Orz YYR tql
Orz YYR tql
Orz YYR tql
Orz YYR tql
Orz YYR tql
Orz YYR tql
Orz YYR tql
Orz YYR tql
oqilzmzopaisheotbhvltymtqvclzutnlezkqaafcizlp
Orz YYR tql
Orz YYR tql
Orz YYR tql
Orz YYR tql
Orz YYR tql
Orz YYR tql
Orz YYR tql
Orz YYR tql
Orz YYR tql
Orz YYR tql
Orz YYR tql
Orz YYR tql
Orz YYR tql
Orz YYR tql
szkphthvjbrrouxasxahurmpvukyvbenaofjhoesryjgu
icvbyqgzjmhunjzcqtbapjgijfblwqugs
Orz YYR tql
Orz YYR tql
Orz YYR tql
Orz YYR tql
oiukdwgeyrvgkycpmeokwlu
Orz YYR tql
Orz YYR tql
Orz YYR tql
Orz YYR tql
Orz YYR tql
qcxzaadjhgrebrazwrwteqzjwqep
Orz YYR tql
Orz YYR tql
Orz YYR tql
Orz YYR tql
Orz YYR tql
ioosaucwvgekfjkehmjwqer
Orz YYR tql
Orz YYR tql
Orz YYR tql
Orz YYR tql
Orz YYR tql
xoznssqyuoazfjnjeurvgvjygixcrcfo
Orz YYR tql
Orz YYR tql
Orz YYR tql
Orz YYR tql
Orz YYR tql
Orz YYR tql
Orz YYR tql
Orz YYR tql
Orz YYR tql
Orz YYR tql
Orz YYR tql
Orz YYR tql
Orz YYR tql
Orz YYR tql
Orz YYR tql
Orz YYR tql
scvmudjclhdjsrlifrbwamctrkikxc
Orz YYR tql
Orz YYR tql
Orz YYR tql
Orz YYR tql
Orz YYR tql
Orz YYR tql
Orz YYR tql
icjpfvqhbsluuzfsavmfqdhsxutrrkpaoarwvhfwarswqa
jndzbtvbqyatmqndtagpviajxdlkgyesnjto
Orz YYR tql
Orz YYR tql
Orz YYR tql
Orz YYR tql
Orz YYR tql
qhzbyomrptsjgjkhbhsyvtmaokzziimzrncpdq
ldpksyjxzmmyadacqxmixvgezmvbruncyepqcypdmbdog
Orz YYR tql
Orz YYR tql
Orz YYR tql
Orz YYR tql
Orz YYR tql
Orz YYR tql
Orz YYR tql
Orz YYR tql
ugrndhmcshvaxtneioqgfs
Orz YYR tql
wyqiavgdzfarfwpehossyriitzouhvndwfnyatdbbdtgbkllyf
Orz YYR tql
Orz YYR tql
grfhmpvqoucjbdaaiypuhyrscoqybagi
Orz YYR tql
Orz YYR tql
Orz YYR tql
Orz YYR tql
Orz YYR tql
Orz YYR tql
Orz YYR tql
Orz YYR tql
Orz YYR tql
Orz YYR tql
Orz YYR tql
Orz YYR tql
Orz YYR tql
dlawoqczqawmrsfnxjdfwackxfpfluhrihnwxrwosuajmiy
Orz YYR tql
Orz YYR tql
Orz YYR tql
Orz YYR tql
Orz YYR tql
Orz YYR tql
vcgbofvzietuplcmrnxktqngjxqnevvbx
Orz YYR tql
Orz YYR tql
Orz YYR tql
Orz YYR tql
Orz YYR tql
Orz YYR tql
Orz YYR tql
Orz YYR tql
zbsctxukedavxiomqwwefbhidmxugfsfj
Orz YYR tql
Orz YYR tql
uqkdfhlhdjkpfxkhpxensycjnhjhuleq
Orz YYR tql
Orz YYR tql
Orz YYR tql
Orz YYR tql
Orz YYR tql
Orz YYR tql
Orz YYR tql
vnmgfdmrduajcvrqmltntwpvmpofzmquzecgioy
Orz YYR tql
Orz YYR tql
Orz YYR tql
Orz YYR tql
Orz YYR tql
qjeagzogcwfamitvviwxsqrmumrbbi
Orz YYR tql
Orz YYR tql
Orz YYR tql
Orz YYR tql
tukmqoxbioqneqhzkmpuqhzijg
Orz YYR tql
Orz YYR tql
Orz YYR tql
Orz YYR tql
Orz YYR tql
Orz YYR tql
Orz YYR tql
Orz YYR tql
Orz YYR tql
Orz YYR tql
Orz YYR tql
Orz YYR tql
zgrisvkpjrojjgxtirvnvougyrqegerhmlpegzvrrkacsyxcpu
Orz YYR tql
Orz YYR tql
Orz YYR tql
jvqrdlnnjgnhnypzkgiblmyaf
Orz YYR tql
Orz YYR tql
Orz YYR tql
Orz YYR tql
Orz YYR tql
Orz YYR tql
Orz YYR tql
Orz YYR tql
nzaneoersrhiwsibcbzuhjckormrvoeknfzrtdknxtvtlewnhx
Orz YYR tql
ayyhjockrbdbehyvgougnemsyrswm
Orz YYR tql
Orz YYR tql
Orz YYR tql
Orz YYR tql
Orz YYR tql
Orz YYR tql
Orz YYR tql
Orz YYR tql
Orz YYR tql
Orz YYR tql
Orz YYR tql
wttifzuavgireuuuvtlzofwjtkmgmwdlqytxzpxwvhnccj
Orz YYR tql
Orz YYR tql
Orz YYR tql
nlxqneguapwvcdkisplzqmpesszxc
Orz YYR tql
Orz YYR tql
Orz YYR tql
wtmszcffyemhwnmvfjfsfinguglogdwfwixxnfd
Orz YYR tql
Orz YYR tql
Orz YYR tql
Orz YYR tql
efdwqviurskpvahbrpelnpxvwhoqogysndqgybaq
Orz YYR tql
Orz YYR tql
Orz YYR tql
Orz YYR tql
Orz YYR tql
Orz YYR tql
Orz YYR tql
Orz YYR tql
Orz YYR tql
Orz YYR tql
Orz YYR tql
oskhvccemwverjlsajawclvbhawnzmqoecvbgyftwdzo
Orz YYR tql
Orz YYR tql
Orz YYR tql
fnhtfkbdzawwcytavkigksabjgbebungkwzricwhcsd
Orz YYR tql
Orz YYR tql
Orz YYR tql
Orz YYR tql
Orz YYR tql
Orz YYR tql
Orz YYR tql
Orz YYR tql
Orz YYR tql
kffklqjbvzpfelfnfeznbqiwccahenorswbfmkhjmwrq
Orz YYR tql
Orz YYR tql
Orz YYR tql
Orz YYR tql
Orz YYR tql
Orz YYR tql
Orz YYR tql
Orz YYR tql
Orz YYR tql
anedcofeqkfjcmyxzlkyglfoqjmomjvoyzsapzhfkmqoapnbcx
syrbtpjiwixffjhpblpufbsrfxdppucjutlpkw
Orz YYR tql
Orz YYR tql
Orz YYR tql
Orz YYR tql
tkzddaglhwcaoasokuahbuxcxhsguaapk
Orz YYR tql
Orz YYR tql
Orz YYR tql
Orz YYR tql
Orz YYR tql
Orz YYR tql
Orz YYR tql
Orz YYR tql
Orz YYR tql
Orz YYR tql
Orz YYR tql
Orz YYR tql
Orz YYR tql
aafkqmetyytgrnbwqsyiznwtuhbhhsyjuetkszesyzzrncnfuo
Orz YYR tql
Orz YYR tql
Orz YYR tql
Orz YYR tql
Orz YYR tql
Orz YYR tql
ugrndhmcshvaxtneioqgfs
Orz YYR tql
Orz YYR tql
xavkmczzlsfbpxewpmjgviexywn
wsfbiumelsixyjxftskpf
anqlzvrpxrjfnfqvjpafjwsqbqww
Orz YYR tql
Orz YYR tql
Orz YYR tql
Orz YYR tql
Orz YYR tql
mxjiyworvsfluerfppeoytyfrznwazpoxbxxxlqs
Orz YYR tql
Orz YYR tql
hqowbqkbotvtswsdxbfcdmawr
Orz YYR tql
mpeekxbenvzxrblmmbjbvnjcakujryydnejadleqig
Orz YYR tql
Orz YYR tql
Orz YYR tql
Orz YYR tql
Orz YYR tql
Orz YYR tql
Orz YYR tql
Orz YYR tql
Orz YYR tql
Orz YYR tql
Orz YYR tql
Orz YYR tql
Orz YYR tql
xfwftnkfsdxkdmpdtwhovkphiiptufirkgzfvllookyswqxr
Orz YYR tql
nrrtlwmbybxvujkvpceuvphttdahrwhenaz
Orz YYR tql
Orz YYR tql
Orz YYR tql
Orz YYR tql
Orz YYR tql
Orz YYR tql
Orz YYR tql
Orz YYR tql
Orz YYR tql
Orz YYR tql
Orz YYR tql
Orz YYR tql
Orz YYR tql
ckrnbjcgsxdqpehxjcyywlgvafdeqazvnsiqekwwj
Orz YYR tql
Orz YYR tql
Orz YYR tql
Orz YYR tql
Orz YYR tql
Orz YYR tql
Orz YYR tql
Orz YYR tql
agtljxzcvozktfnfvuvjbtvooanf
Orz YYR tql
jpjeuhibmvfkunnvtuofcwbcvnjlgkxrzgvvpexe
gltizmckwrpmewscefikmghaftrg
Orz YYR tql
fbrudzccjdkiutftxvwaqtzqpwfoddjjecfkdkmmnwwirc
sqimfapcamifggsspznaepphht
Orz YYR tql
Orz YYR tql
kujknqbndhfmzmaolszugkozbeecpyuzvdlitpwywbl
Orz YYR tql
Orz YYR tql
Orz YYR tql
Orz YYR tql
Orz YYR tql
Orz YYR tql
Orz YYR tql
Orz YYR tql
Orz YYR tql
Orz YYR tql
Orz YYR tql
Orz YYR tql
Orz YYR tql
sgxudpvrwxwqarjljwkdchgeislpxfupntlqig
Orz YYR tql
Orz YYR tql
gntbsryunkoyvmhobhrnaaawljttdjslwnorfnls
prbjuhigyiqnndksollzglnnsgqcokefeioapwingyc
Orz YYR tql
Orz YYR tql
jaermoapysptmcvcmubxepyvdcmgsvbexhxlwyawqspeukji
Orz YYR tql
Orz YYR tql
Orz YYR tql
Orz YYR tql
Orz YYR tql
Orz YYR tql
Orz YYR tql
Orz YYR tql
Orz YYR tql
Orz YYR tql
Orz YYR tql
Orz YYR tql
Orz YYR tql
Orz YYR tql
furndvaupsbawjgrbgapvwrewedwfrkml
Orz YYR tql
Orz YYR tql
Orz YYR tql
Orz YYR tql
Orz YYR tql
Orz YYR tql
Orz YYR tql
Orz YYR tql
Orz YYR tql
wbnzaiisqxznvlifepinrsusrzqoixpebcgbmowclvqggannrw
Orz YYR tql
Orz YYR tql
Orz YYR tql
cpafucxcplwdhhlidxoazsenuoo
cfwhzykwqctareafecwpplwkptlbcdugitphtzdj
Orz YYR tql
ufzwpxkjxlxfnpncnopciyfisvsgihdencb
Orz YYR tql
Orz YYR tql
Orz YYR tql
Orz YYR tql
algjujqfoyrcqxrchjxepxzhrzeovpswcyfwjv
Orz YYR tql
Orz YYR tql
Orz YYR tql
hbtrgzrvvfzwuezusvhnqleuiqsywgfdjyvpaokvtlrnstikqr
Orz YYR tql
Orz YYR tql
Orz YYR tql
jexllcpsaibdezdebvuerkrfvgovbpzlt
Orz YYR tql
Orz YYR tql
Orz YYR tql
xbnnavqnajlczptsxzilehtq
Orz YYR tql
Orz YYR tql
Orz YYR tql
Orz YYR tql
Orz YYR tql
Orz YYR tql
Orz YYR tql
Orz YYR tql
Orz YYR tql
Orz YYR tql
Orz YYR tql
Orz YYR tql
rqajoagolvvsrrcstxfuhl
Orz YYR tql
Orz YYR tql
vucyfmmnmzdpgymeeqyadgfeggmhwjlrdpq
Orz YYR tql
Orz YYR tql
Orz YYR tql
Orz YYR tql
Orz YYR tql
mxqsptyttjjmoveolrpkcmcgjpnqojdcgtvxpvriec
Orz YYR tql
uinpboonsqbqvntsexjzb
Orz YYR tql
Orz YYR tql
Orz YYR tql
Orz YYR tql
Orz YYR tql
jexllcpsaibdezdebvuerkrfvgovbpzlt
mvmiidkcvhdtlotlsujucykbjjybegqrbczlilqdttxgjs
Orz YYR tql
Orz YYR tql
Orz YYR tql
Orz YYR tql
Orz YYR tql
Orz YYR tql
Orz YYR tql
Orz YYR tql
Orz YYR tql
Orz YYR tql
Orz YYR tql
Orz YYR tql
Orz YYR tql
Orz YYR tql
Orz YYR tql
Orz YYR tql
Orz YYR tql
wnbrezpctubpwamdcybw
Orz YYR tql
Orz YYR tql
zpngcyyamdixuhlffjvkbghsuhbejoxkdlshjqhywsvq
Orz YYR tql
fnjeoomwymiiwkmvrlqdwmkmzmcai
Orz YYR tql
Orz YYR tql
Orz YYR tql
Orz YYR tql
Orz YYR tql
Orz YYR tql
Orz YYR tql
Orz YYR tql
Orz YYR tql
Orz YYR tql
Orz YYR tql
Orz YYR tql
Orz YYR tql
Orz YYR tql
hdnvuxacteownckuqnbpvmnvheevghznkokglliepxdebpbtc
Orz YYR tql
Orz YYR tql
Orz YYR tql
Orz YYR tql
Orz YYR tql
Orz YYR tql
Orz YYR tql
Orz YYR tql
Orz YYR tql
Orz YYR tql
Orz YYR tql
Orz YYR tql
nlydeyudvbxgjzfacnppwjlnajzvk
Orz YYR tql
Orz YYR tql
Orz YYR tql
Orz YYR tql
Orz YYR tql
Orz YYR tql
Orz YYR tql
Orz YYR tql
Orz YYR tql
Orz YYR tql
Orz YYR tql
Orz YYR tql
Orz YYR tql
Orz YYR tql
Orz YYR tql
Orz YYR tql
Orz YYR tql
molnuydqqjsafegrypoxa
Orz YYR tql
Orz YYR tql
Orz YYR tql
Orz YYR tql
Orz YYR tql
tukmqoxbioqneqhzkmpuqhzijg
Orz YYR tql
Orz YYR tql
Orz YYR tql
Orz YYR tql
Orz YYR tql
Orz YYR tql
Orz YYR tql
Orz YYR tql
Orz YYR tql
Orz YYR tql
Orz YYR tql
wtirzpfoywtbqoobovzpljzyulmblnvhh
Orz YYR tql
fhwdyzuwgiwaohkmvdgdktgufrwyozdti
Orz YYR tql
Orz YYR tql
Orz YYR tql
emxcpxvxgrhkzipaxgjzoeqmidwygtxmgwovtmubdc
Orz YYR tql
Orz YYR tql
Orz YYR tql
Orz YYR tql
Orz YYR tql
Orz YYR tql
Orz YYR tql
fajfmmpjhjdfcvnkxuxglkpaeffyjxmqzwvnkmzryexazmm
Orz YYR tql
Orz YYR tql
Orz YYR tql
eeaxjjqqynpviybtvpwxunptrcaoms
Orz YYR tql
rbypnaukpcymlddegckxocwgpwzeiqjbthrgjltaotnbwqfeu
Orz YYR tql
Orz YYR tql
Orz YYR tql
moihzcrpgdzqytzafkxjjlzldnskfzhsnsbo
Orz YYR tql
Orz YYR tql
Orz YYR tql
Orz YYR tql
Orz YYR tql
Orz YYR tql
Orz YYR tql
Orz YYR tql
dgygzhrifdoikuoumbljghauamm
Orz YYR tql
Orz YYR tql
lgzikpqwcetrtizknhpauspysljnfdxtkwbworsqyljrvidis
fkwzbiozcyzyzdnctulcisu
nkkecuipbkocjncsmcmvpqtxgsjhxptkzeq
Orz YYR tql
Orz YYR tql
Orz YYR tql
Orz YYR tql
Orz YYR tql
Orz YYR tql
Orz YYR tql
Orz YYR tql
Orz YYR tql
Orz YYR tql
Orz YYR tql
Orz YYR tql
Orz YYR tql
Orz YYR tql
zdzoemvtlqpnlczeujnelmmyungpuycvdejkseddxu
zbsctxukedavxiomqwwefbhidmxugfsfj
Orz YYR tql
smbszateywjjqhelcunfzofvsetjescy
Orz YYR tql
Orz YYR tql
Orz YYR tql
Orz YYR tql
Orz YYR tql
Orz YYR tql
Orz YYR tql
kssrrfdanednlcoawfprtjhykvojsjjddbwvjzxwf
ayplyguzafzsyuurkgrymjaaovpodfogfdrfjoeltfduaxlmfd
tajxngoawrhlqumehpwbvftyngejffuzhdyumowk
Orz YYR tql
Orz YYR tql
Orz YYR tql
hobtdlhkkbeuumyvoxhuaqmvgnvgqi
Orz YYR tql
hdnvuxacteownckuqnbpvmnvheevghznkokglliepxdebpbtc
Orz YYR tql
Orz YYR tql
Orz YYR tql
Orz YYR tql
Orz YYR tql
Orz YYR tql
Orz YYR tql
Orz YYR tql
Orz YYR tql
Orz YYR tql
Orz YYR tql
Orz YYR tql
Orz YYR tql
Orz YYR tql
Orz YYR tql
clvsuiphsmbxrwcyiwhtgsdpokraupzwcw
Orz YYR tql
odzfhbsoyadyedpvvqoheyrzdqsdhmwypvdwyxmxzpxdtp
atbfigxawfxjcjeknycejbvyczuunycntgsbopdkwcvzm
tkhrloyndpttkmfgtephwvmry
Orz YYR tql
Orz YYR tql
fwuqfewozksnvgshxtwncyhuzziixajcyd
Orz YYR tql
Orz YYR tql
Orz YYR tql
Orz YYR tql
Orz YYR tql
Orz YYR tql
Orz YYR tql
hozgdefmbgrzgabqrygpafnukbwzjjoqypzdueqvmjwujx
Orz YYR tql
Orz YYR tql
Orz YYR tql
uuxyhkzsqtivrhkskcgyogvbopkswisqfr
Orz YYR tql
Orz YYR tql
Orz YYR tql
Orz YYR tql
Orz YYR tql
Orz YYR tql
Orz YYR tql
sqghlymzdqmauoqyoskosvjbgkzmsxakpgtdgfejyqkugcsv
Orz YYR tql
Orz YYR tql
pkumhkvqkoausfthggaudwszgxhagdmwo
Orz YYR tql
Orz YYR tql
Orz YYR tql
Orz YYR tql
Orz YYR tql
Orz YYR tql
Orz YYR tql
Orz YYR tql
Orz YYR tql
Orz YYR tql
Orz YYR tql
Orz YYR tql
Orz YYR tql
xmmpgmoukhhclbspwynshh
eetosvlkldthpixzjifgocmktmhfvtlazfota
odzfhbsoyadyedpvvqoheyrzdqsdhmwypvdwyxmxzpxdtp
Orz YYR tql
kgqpnwetgrtmyqmjdaswdbjbwiiebfinlacyxit
Orz YYR tql
Orz YYR tql
qmengnbuotyzjyqubmkcccdytrhntkmlztbhiccwya
Orz YYR tql
Orz YYR tql
Orz YYR tql
Orz YYR tql
bvinegwwvhgcqhetkjkeitncojoclqznojcuqzq
rgfmmdkvpbcvofrbmrrtmkxhvdbxbkau
Orz YYR tql
Orz YYR tql
Orz YYR tql
Orz YYR tql
Orz YYR tql
Orz YYR tql
Orz YYR tql
mouosayxosjxtjzlzwvxwumciynwzbm
Orz YYR tql
Orz YYR tql
Orz YYR tql
Orz YYR tql
Orz YYR tql
Orz YYR tql
xxgdrlyffesfttytmidyazgxdsk
Orz YYR tql
Orz YYR tql
Orz YYR tql
Orz YYR tql
Orz YYR tql
Orz YYR tql
Orz YYR tql
Orz YYR tql
tzcckbsqsxmjvdgmeolfqnckohfwmgkhgojqp
Orz YYR tql
Orz YYR tql
whcknnvnqffbtjualzxnj
Orz YYR tql
Orz YYR tql
Orz YYR tql
Orz YYR tql
Orz YYR tql
Orz YYR tql
akcsykkpojsbezrnrbbpvjvlbmftyx
Orz YYR tql
tkzddaglhwcaoasokuahbuxcxhsguaapk
Orz YYR tql
Orz YYR tql
Orz YYR tql
mqsfhyqvnnqlxgenochefakddmvywer
Orz YYR tql
Orz YYR tql
Orz YYR tql
Orz YYR tql
Orz YYR tql
Orz YYR tql
fxnmrltnoimykzdoqpgjolpjopjmucubckntvjiltxjdwosof
Orz YYR tql
sevvvpzuxhxczdjkxhqvuzselacmagytn
Orz YYR tql
Orz YYR tql
Orz YYR tql
Orz YYR tql
Orz YYR tql
Orz YYR tql
mpglvkphkbocjmzyqfpoxbmm
Orz YYR tql
Orz YYR tql
Orz YYR tql
djzyxgajrdbcjaefisbcthsfvsu
tdsoziucexeanpltzkmatiwiovmpbckuffjfnfjucnup
Orz YYR tql
Orz YYR tql
Orz YYR tql
Orz YYR tql
lvgcjubkrjtmathdyuul
Orz YYR tql
Orz YYR tql
Orz YYR tql
jyfpvctkjbdynvjmkcsblrsrqtxk
Orz YYR tql
Orz YYR tql
Orz YYR tql
Orz YYR tql
Orz YYR tql
Orz YYR tql
hyaxfbpymgfivbknvyxtb
zhhxukidtfetdbdievkuuv
Orz YYR tql
Orz YYR tql
Orz YYR tql
Orz YYR tql
aeqggzzofccppydjlhxwnezjfnyphwihdanjamzfreugczr
Orz YYR tql
Orz YYR tql
Orz YYR tql
Orz YYR tql
pakvnemiwhmwngavvgvdomlaakbuckr
Orz YYR tql
Orz YYR tql
Orz YYR tql
Orz YYR tql
Orz YYR tql
Orz YYR tql
vwmuyxlffeuwkttwccgvahwvdzacpmwnikhjhuqpamlnhfj
Orz YYR tql
uhhxwjnrkpvdqfkkovpmpfrfgcmnbncywjvs
Orz YYR tql
Orz YYR tql
Orz YYR tql
Orz YYR tql
Orz YYR tql
ioymzznevhhdarqhcnfcxzyzzhxathkcxiozjbd
Orz YYR tql
Orz YYR tql
Orz YYR tql
nwqfibzvvvnskcgpcshwumbawpalcbiqxyvfcwbzuq
Orz YYR tql
Orz YYR tql
Orz YYR tql
Orz YYR tql
wttifzuavgireuuuvtlzofwjtkmgmwdlqytxzpxwvhnccj
Orz YYR tql
Orz YYR tql
Orz YYR tql
Orz YYR tql
bbminqubkgqxboqcxgjkvzzjnieyyifb
Orz YYR tql
Orz YYR tql
hqowbqkbotvtswsdxbfcdmawr
Orz YYR tql
rkhlffwwrchgrgeiqyetgdqsiqvaclhvyqgdwdanhhvy
Orz YYR tql
occjymsaaofapipyblnsjdzsqimn
Orz YYR tql
Orz YYR tql
Orz YYR tql
Orz YYR tql
Orz YYR tql
Orz YYR tql
Orz YYR tql
Orz YYR tql
Orz YYR tql
Orz YYR tql
vhrgqqsbsmajqhnvyidlxfaaqwwnjtmeafmqvfrottzm
Orz YYR tql
Orz YYR tql
rkhlffwwrchgrgeiqyetgdqsiqvaclhvyqgdwdanhhvy
Orz YYR tql
Orz YYR tql
Orz YYR tql
Orz YYR tql
Orz YYR tql
Orz YYR tql
Orz YYR tql
yqakmwbymcexdsghbgpqewausnqxonwoeyyqwb
Orz YYR tql
Orz YYR tql
Orz YYR tql
Orz YYR tql
Orz YYR tql
Orz YYR tql
Orz YYR tql
Orz YYR tql
Orz YYR tql
Orz YYR tql
Orz YYR tql
Orz YYR tql
Orz YYR tql
Orz YYR tql
Orz YYR tql
yuowbrmztmsmbuqgqeeedozcnwwuhhuhckfdcse
Orz YYR tql
rckasxcdxfcwjfltpsnbwjgamw
Orz YYR tql
Orz YYR tql
Orz YYR tql
Orz YYR tql
Orz YYR tql
Orz YYR tql
Orz YYR tql
Orz YYR tql
Orz YYR tql
Orz YYR tql
Orz YYR tql
Orz YYR tql
Orz YYR tql
Orz YYR tql
Orz YYR tql
Orz YYR tql
Orz YYR tql
Orz YYR tql
Orz YYR tql
xlhyutrwbivbijrkxptgex
Orz YYR tql
Orz YYR tql
cfkvuprhznacirpjdacmrslkpfqmeewilgdhxxoxkobv
Orz YYR tql
Orz YYR tql
Orz YYR tql
Orz YYR tql
Orz YYR tql
wtcothcuxktnpxxhnnjvdgmqmzouodenygbrqfnns
Orz YYR tql
Orz YYR tql
bfwdcxvsyvvzlxnijzqibpgzg
Orz YYR tql
Orz YYR tql
Orz YYR tql
Orz YYR tql
ktmsrvkbpzlijdavvsxoxyqcssqnbemoazgtusvjtitcot
labdmmnzdvvylzrleciomdojrcdfsawgazjonznsulrhkk
hfkzefzdchyzuykvpimowbde
vlgcxksfgekdkoddmknkoexsuhrieyazmgbjsvoyayb
wqgnxdldqzgtghrasdbfvvlqlwdaezfaropo
Orz YYR tql
Orz YYR tql
fbhqwrxmpoaktyznxnksfnkdfmneqmhynoqlfnyxey
Orz YYR tql
fncucaoqxrzaxuwgszda
Orz YYR tql
Orz YYR tql
Orz YYR tql
Orz YYR tql
Orz YYR tql
Orz YYR tql
Orz YYR tql
cbbcaijgnmklyjsptiflaqleimzwhtbjudowlxcz
Orz YYR tql
Orz YYR tql
Orz YYR tql
Orz YYR tql
Orz YYR tql
Orz YYR tql
djzyxgajrdbcjaefisbcthsfvsu
Orz YYR tql
Orz YYR tql
Orz YYR tql
Orz YYR tql
Orz YYR tql
Orz YYR tql
Orz YYR tql
Orz YYR tql
edmlqntgpvpqpznihkriadswtazxhvwlyjypwrxnoogdpvmz
yifexpejyngoazhaekqbbhgwinnfy
Orz YYR tql
Orz YYR tql
Orz YYR tql
Orz YYR tql
Orz YYR tql
Orz YYR tql
Orz YYR tql
Orz YYR tql
Orz YYR tql
Orz YYR tql
Orz YYR tql
Orz YYR tql
Orz YYR tql
Orz YYR tql
Orz YYR tql
Orz YYR tql
jxryzlmkwrwkxcnlylbgeymhpscrspjenaconoyjgwwfyjrww
Orz YYR tql
Orz YYR tql
rwaudhzmgierifxmwramqsvnqhysjvuatww
veqjckctutcttofgqfglyqmalzvylxwidpt
Orz YYR tql
Orz YYR tql
Orz YYR tql
Orz YYR tql
oskhvccemwverjlsajawclvbhawnzmqoecvbgyftwdzo
Orz YYR tql
Orz YYR tql
Orz YYR tql
Orz YYR tql
Orz YYR tql
Orz YYR tql
Orz YYR tql
eqesnqrwbofvritiyjmaqlxnqhk
Orz YYR tql
Orz YYR tql
Orz YYR tql
Orz YYR tql
Orz YYR tql
Orz YYR tql
nkkecuipbkocjncsmcmvpqtxgsjhxptkzeq
Orz YYR tql
Orz YYR tql
Orz YYR tql
Orz YYR tql
oukabagjggaiqojdcpczgsplkun
eydldcvssxvpxjghimzzjyqbtofogfkngnajsv
Orz YYR tql
bvfpmcdsmsxojstvgspdlcjkqshcjoqmlvbzxhulz
Orz YYR tql
Orz YYR tql
lwjtcvkzjwqrlglxovzzwsqsqfmzmudzqou
Orz YYR tql
Orz YYR tql
Orz YYR tql
Orz YYR tql
Orz YYR tql
Orz YYR tql
Orz YYR tql
Orz YYR tql
Orz YYR tql
Orz YYR tql
Orz YYR tql
Orz YYR tql
Orz YYR tql
Orz YYR tql
Orz YYR tql
Orz YYR tql
hlmyszcwapurwknidkcgoueyhdr
avdidbjritfgyljjepfjibkydntnosuqpzasbjllerrfecqjtv
Orz YYR tql
Orz YYR tql
hvnqxwlbwhosarmqmbsdlbxtcpzsxtrepeumdipbrettxf
Orz YYR tql
pmieomoklrtkiijisqyiljdsowrqqirhxamlmayytrkbbtlt
