2
4
6
8
10
11
14
15
17
20
22
24
25
27
29
32
34
36
37
40
42
44
45
48
49
52
54
56
58
60
61
64
65
67
69
72
74
76
77
80
81
83
85
88
90
91
93
96
98
100
102
103
106
108
109
111
113
115
117
120
122
123
125
128
129
132
134
136
138
140
142
144
146
147
150
152
154
155
158
159
162
164
166
168
170
171
173
176
177
179
181
184
185
188
190
191
194
196
197
200
201
203
206
208
210
211
213
215
218
219
222
223
226
227
230
231
233
235
237
240
241
243
246
247
249
251
253
256
257
259
261
264
265
267
270
271
273
276
277
279
282
283
285
288
289
291
293
295
298
300
302
304
306
307
310
312
314
315
318
319
322
324
326
328
330
331
334
335
337
340
341
344
345
348
350
352
353
355
358
360
361
364
365
367
370
371
374
376
377
380
381
384
385
387
389
391
394
395
398
399
402
404
406
408
410
411
413
415
417
420
422
423
426
428
429
432
434
435
437
439
442
444
446
447
449
452
453
456
458
460
462
464
466
468
470
472
474
475
477
479
482
484
486
488
489
492
493
496
498
500
501
503
506
507
510
511
513
516
517
520
522
523
525
527
529
531
533
536
538
540
542
544
546
548
549
551
554
556
557
559
562
563
566
568
570
572
574
576
578
579
581
584
586
588
590
592
594
595
597
600
601
604
605
608
610
612
613
616
618
619
621
624
626
628
630
631
634
635
637
639
641
644
646
647
650
651
654
655
658
659
661
663
666
667
670
671
674
675
677
680
682
684
685
687
689
691
693
695
698
699
701
704
706
707
709
711
714
715
717
720
722
723
725
728
730
732
733
735
737
739
742
743
745
747
749
752
753
755
757
759
761
764
765
768
770
771
774
775
777
779
781
783
785
787
789
791
793
795
798
799
