1
4
6
8
10
12
13
16
17
19
22
23
25
28
30
32
34
36
38
39
41
44
45
47
49
51
54
56
58
59
62
64
66
67
69
71
74
76
77
79
81
83
85
87
89
91
94
95
97
100
101
103
105
108
109
111
114
116
118
120
121
123
126
127
130
131
134
135
137
140
141
143
145
148
149
151
154
155
158
160
161
164
165
167
169
171
174
176
177
180
182
184
186
187
190
192
194
196
197
199
202
203
205
208
210
212
214
215
217
219
221
223
226
228
229
231
234
235
238
240
241
244
246
247
249
251
254
256
258
259
262
263
265
267
270
272
273
275
278
279
282
284
286
287
289
291
294
295
298
299
302
303
306
308
310
311
313
316
317
320
321
323
325
327
330
331
333
335
338
339
342
344
346
347
349
352
353
356
358
359
361
363
366
368
370
372
374
376
377
379
382
384
386
388
389
392
393
395
398
400
401
403
406
407
409
411
413
416
418
419
421
423
426
427
429
431
434
435
438
440
442
444
445
447
450
452
454
456
458
459
461
464
466
468
469
471
473
476
477
479
482
484
485
487
489
492
494
496
498
500
501
503
505
507
509
512
513
516
517
520
522
524
526
527
530
531
533
535
537
539
541
543
546
548
550
551
553
556
557
560
561
564
566
568
570
572
573
575
578
580
581
584
586
588
590
591
594
596
598
600
602
603
605
608
610
611
614
615
618
620
621
624
625
627
630
631
634
635
638
640
641
643
645
647
650
652
653
655
658
659
662
664
665
668
670
671
674
675
678
679
681
683
686
687
690
692
693
695
698
699
702
704
706
708
709
711
714
715
718
720
722
724
726
728
729
731
734
736
737
739
742
744
745
748
749
751
753
755
757
759
762
764
766
768
770
772
773
776
778
780
781
784
786
787
790
792
794
795
798
799
802
803
806
807
810
811
813
816
817
819
821
823
826
828
830
832
834
836
837
840
841
843
845
848
850
852
854
856
858
860
861
863
865
867
870
871
874
876
878
879
881
883
885
887
890
891
893
896
898
900
901
904
906
907
910
911
914
916
917
920
921
924
926
928
929
931
934
936
937
939
942
944
946
948
950
952
953
955
957
960
961
964
966
967
969
971
974
975
977
980
981
983
986
987
990
992
994
995
998
1000
1001
1003
1006
1007
1010
1012
1014
1016
1017
1019
1022
1023
1026
1027
1029
1032
1034
1036
1038
1039
1041
1043
1045
1047
1050
1052
1053
1056
1057
1060
1062
1063
1066
1068
1070
1072
1073
1076
1078
1080
1081
1083
1086
1088
1089
1092
1094
1095
1097
1099
1102
1103
1105
1108
1109
1112
1114
1115
1117
1120
1122
1124
1126
1127
1130
1132
1133
1135
1138
1139
1142
1143
1146
1148
1150
1151
1154
1156
1158
1159
1161
1164
1165
1168
1169
1172
1173
1175
1177
1179
1181
1183
1186
1188
1189
1192
1193
1196
1198
1200
1202
1203
1205
1207
1210
1211
1213
1216
1218
1219
1221
1223
1226
1227
1230
1232
1233
1236
1237
1240
1241
1243
1245
1247
1250
1252
1254
1256
1258
1260
1261
1263
1266
1268
1270
1272
1274
1276
1277
1279
1282
1283
1286
1288
1290
1291
1293
1295
1298
1299
1302
1303
1305
1308
1310
1311
1314
1316
1318
1319
1322
1323
1326
1328
1330
1331
1334
1336
1337
1340
1342
1343
1346
1348
1349
1351
1354
1355
1358
1359
1362
1363
1365
1367
1370
1372
1373
1376
1377
1379
1382
1384
1386
1388
1389
1392
1394
1395
1397
1399
1401
1404
1406
1407
1410
1411
1413
1415
1417
1420
1422
1424
1426
1427
1430
1431
1433
1436
1437
1440
1441
1444
1445
1448
1449
1452
1453
1455
1458
1460
1462
1463
1465
1467
1469
1472
1474
1475
1478
1479
1482
1484
1485
1488
1489
1491
1493
1496
1497
1499
1502
1503
1505
1508
1509
1511
1514
1515
1518
1520
1521
1523
1526
1527
1529
1532
1533
1535
1538
1539
1542
1543
1545
1548
1550
1552
1554
1556
1558
1560
1561
1564
1566
1568
1570
1572
1573
1576
1578
1579
1582
1583
1586
1587
1589
1592
1594
1596
1597
1599
1601
1604
1605
1608
1610
1612
1614
1616
1617
1619
1621
1624
1626
1627
1630
1632
1633
1635
1638
1640
1641
1644
1646
1647
1649
1651
1654
1656
1658
1660
1661
1664
1665
1667
1670
1671
1673
1675
1678
1679
1682
1684
1685
1688
1689
1692
1694
1696
1698
1700
1702
1704
1706
1707
1709
1712
1714
1716
1717
1719
1721
1724
1725
1728
1730
1731
1733
1735
1738
1740
1742
1743
1745
1747
1750
1751
1753
1755
1758
1759
1762
1763
1766
1767
1770
1771
1773
1775
1777
1779
1781
1784
1786
1788
1790
1791
1794
1795
1798
1800
1801
1803
1806
1807
1810
1811
1813
1816
1817
1819
1821
1824
1826
1828
1830
1832
1834
1836
1837
1839
1842
1843
1845
1848
1849
1851
1854
1856
1857
1860
1861
1863
1866
1867
1869
1871
1874
1876
1877
1880
1881
1884
1885
1888
1889
1892
1893
1896
1897
1899
1901
1904
1905
1907
1910
1912
1913
1916
1918
1919
1921
1924
1925
1928
1930
1932
1934
1936
1937
1940
1941
1943
1945
1947
1950
1952
1953
1956
1957
1959
1962
1964
1966
1968
1970
1972
1973
1975
1977
1979
1982
1984
1985
1987
1989
1992
1993
1996
1997
1999
2001
2004
2005
2008
2009
2011
2013
2015
2017
2020
2022
2023
2026
2028
2029
2032
2033
2036
2038
2040
2041
2044
2045
2048
2050
2052
2054
2055
2057
2059
2062
2064
2065
2068
2069
2072
2073
2076
2077
2080
2081
2084
2086
2087
2090
2092
2094
2095
2097
2100
2101
2104
2105
2107
2110
2112
2114
2115
2118
2120
2122
2124
2126
2128
2130
2132
2133
2136
2137
2140
2142
2144
2146
2148
2149
2151
2154
2155
2158
2159
2162
2163
2165
2168
2169
2172
2173
2175
2177
2180
2181
2184
2186
2188
2190
2192
2194
2195
2198
2199
2202
2204
2206
2208
2210
2212
2213
2216
2217
2219
2222
2223
2225
2228
2230
2231
2234
2235
2237
2240
2242
2243
2246
2248
2249
2252
2254
2256
2257
2260
2261
2263
2265
2268
2270
2272
2274
2275
2278
2279
2281
2283
2286
2288
2289
2291
2294
2295
2297
2299
2301
2304
2305
2307
2310
2311
2313
2316
2318
2319
2321
2323
2325
2328
2330
2332
2334
2336
2337
2339
2341
2343
2346
2348
2350
2352
2353
2356
2358
2360
2362
2364
2365
2367
2369
2371
2374
2376
2378
2380
2382
2383
2385
2388
2389
2392
2393
2395
2398
2400
2402
2404
2405
2408
2410
2412
2414
2416
2418
2420
2422
2424
2426
2428
2429
2431
2433
2436
2437
2439
2441
2443
2445
2447
2450
2452
2454
2456
2457
2460
2462
2463
2465
2467
2470
2472
2474
2475
2478
2479
2482
2483
2485
2488
2489
2492
2493
2495
2498
2499
2502
2503
2505
2508
2510
2512
2513
2515
2517
2520
2522
2523
2526
2528
2529
2532
2533
2535
2537
2540
2541
2544
2546
2548
2550
2551
2554
2556
2557
2560
2561
2564
2565
2568
2570
2571
2573
2576
2577
2580
2581
2584
2585
2588
2590
2592
2594
2596
2598
2600
2602
2604
2605
2608
2609
2611
2614
2616
2618
2619
2622
2623
2626
2627
2630
2632
2633
2635
2638
2640
2642
2643
2646
2648
2649
2652
2654
2656
2657
2660
2662
2663
2665
2668
2670
2671
2673
2675
2677
2680
2681
2684
2685
2688
2689
2691
2694
2695
2698
2699
2701
2704
2705
2708
2709
2712
2714
2716
2718
2719
2721
2723
2725
2728
2730
2732
2733
2736
2738
2740
2741
2743
2745
2748
2750
2751
2754
2756
2757
2759
2761
2764
2765
2767
2769
2771
2773
2775
2778
2780
2781
2784
2786
2788
2789
2792
2793
2795
2797
2799
2802
2804
2806
2808
2810
2811
2814
2815
2817
2819
2822
2824
2825
2828
2830
2832
2833
2836
2837
2839
2841
2843
2846
2847
2849
2852
2854
2855
2858
2860
2862
2864
2866
2867
2870
2871
2873
2876
2877
2879
2881
2884
2885
2887
2890
2892
2894
2895
2898
2899
2902
2904
2905
2907
2910
2911
2914
2915
2918
2920
2921
2924
2926
2928
2929
2932
2933
2935
2938
2940
2942
2944
2945
2947
2950
2951
2953
2956
2958
2959
2962
2963
2965
2967
2969
2971
2973
2976
2978
2980
2982
2984
2986
2988
2990
2991
2993
2996
2998
3000
3002
3003
3006
3008
3009
3012
3014
3015
3018
3020
3021
3023
3026
3028
3030
3032
3033
3035
3038
3040
3041
3044
3045
3047
3049
3052
3053
3055
3057
3060
3061
3064
3065
3067
3069
3071
3073
3076
3078
3079
3081
3083
3085
3088
3089
3091
3094
3096
3098
3099
3102
3103
3106
3107
3109
3112
3114
3115
3118
3120
3122
3124
3126
3128
3130
3132
3133
3136
3138
3140
3142
3143
3145
3147
3150
3152
3153
3156
3158
3160
3162
3164
3166
3168
3169
3171
3174
3176
3178
3180
3181
3183
3186
3188
3190
3191
3193
3196
3198
3199
3201
3204
3206
3207
3209
3211
3213
3216
3217
3219
3221
3223
3225
3228
3230
3231
3234
3236
3238
3239
3241
3244
3245
3248
3250
3252
3254
3255
3257
3260
3262
3264
3265
3267
3269
3271
3273
3276
3277
3279
3281
3284
3285
3288
3290
3291
3293
3296
3298
3300
3301
3304
3306
3308
3310
3311
3314
3315
3318
3319
3321
3323
3325
3328
3329
3331
3334
3335
3338
3340
3341
3344
3345
3348
3350
3352
3354
3355
3357
3360
3362
3364
3366
3368
3370
3371
3373
3375
3377
3380
3382
3383
3386
3388
3389
3391
3393
3396
3397
3399
3402
3404
3406
3408
3410
3411
3413
3416
3417
3419
3421
3424
3426
3427
3430
3432
3433
3436
3438
3440
3441
3444
3446
3447
3450
3451
3453
3456
3458
3459
3462
3464
3465
3468
3470
3472
3474
3475
3477
3480
3481
3483
3486
3488
3489
3492
3494
3495
3498
3500
3501
3504
3506
3507
3510
3512
3513
3516
3518
3520
3522
3524
3525
3528
3530
3531
3533
3536
3538
3539
3541
3543
3545
3548
3549
3551
3553
3556
3557
3559
3562
3564
3566
3568
3570
3571
3573
3576
3577
3580
3582
3583
3585
3588
3590
3592
3594
3596
3597
3600
3601
3603
3606
3608
3610
3611
3613
3615
3617
3619
3622
3624
3625
3628
3630
3632
3634
3635
3637
3640
3642
3644
3645
3647
3650
3652
3653
3656
3657
3660
3662
3663
3666
3667
3669
3672
3674
3676
3678
3680
3682
3683
3686
3688
3689
3691
3694
3696
3697
3699
3702
3703
3705
3708
3709
3711
3714
3716
3717
3720
3721
3724
3725
3728
3730
3731
3733
3735
3738
3740
3742
3744
3746
3748
3750
3751
3754
3756
3758
3760
3761
3763
3766
3768
3770
3772
3774
3776
3778
3780
3781
3784
3786
3788
3789
3791
3793
3795
3798
3799
3802
3803
3806
3807
3810
3812
3814
3815
3817
3820
3822
3824
3826
3827
3829
3831
3834
3836
3838
3840
3842
3844
3845
3847
3849
3852
3853
3856
3858
3859
3862
3864
3865
3868
3869
3872
3873
3876
3877
3880
3881
3883
3886
3887
3889
3891
3894
3896
3898
3899
3902
3903
3905
3907
3909
3911
3914
3916
3918
3919
3921
3924
3926
3928
3930
3931
3933
3936
3938
3940
3942
3943
3945
3948
3950
3952
3953
3955
3957
3959
3962
3963
3966
3967
3969
3972
3974
3976
3978
3980
3981
3984
3986
3987
3989
3991
3993
3996
3997
3999
4002
4004
4006
4007
4010
4012
4013
4015
4018
4020
4022
4023
4026
4028
4029
4032
4034
4036
4038
4040
4042
4044
4045
4047
4049
4052
4053
4056
4058
4060
4062
4063
4066
4067
4069
4071
4073
4075
4077
4079
4082
4083
4086
4087
4090
4091
4093
4095
4097
4100
4102
4103
4105
4108
4110
4111
4113
4116
4118
4119
4122
4124
4125
4127
4130
4132
4134
4136
4137
4140
4142
4143
4146
4147
4149
4151
4153
4156
4158
4159
4162
4164
4165
4167
4170
4171
4174
4176
4177
4180
4182
4183
4185
4187
4189
4192
4193
4195
4198
4199
4202
4203
4205
4208
4209
4212
4214
4216
4217
4219
4222
4224
4226
4227
4230
4231
4234
4235
4238
4240
4241
4244
4245
4247
4249
4252
4253
4255
4257
4260
4262
4264
4265
4267
4269
4272
4273
4276
4277
4279
4281
4283
4285
4287
4289
4292
4294
4296
4297
4300
4302
4304
4305
4308
4310
4312
4313
4316
4317
4320
4321
4324
4326
4328
4329
4331
4334
4336
4337
4339
4342
4343
4345
4348
4350
4352
4353
4356
4358
4360
4362
4363
4365
4368
4370
4372
4373
4376
4378
4379
4381
4383
4385
4387
4389
4391
4394
4395
4398
4400
4401
4403
4406
4407
4409
4411
4414
4415
4418
4419
4422
4424
4425
4427
4430
4432
4434
4436
4438
4440
4441
4444
4446
4448
4450
4452
4454
4456
4457
4459
4462
4463
4466
4467
4470
4472
4474
4475
4478
4480
4482
4483
4486
4487
4489
4492
4494
4496
4498
4499
4501
4503
4506
4507
4510
4512
4514
4515
4517
4519
4522
4524
4525
4527
4530
4531
4534
4535
4538
4539
4541
4544
4546
4548
4549
4551
4553
4555
4557
4560
4561
4563
4565
4567
4569
4572
4573
4576
4577
4580
4582
4584
4585
4588
4589
4592
4594
4595
4597
4600
4601
4604
4605
4607
4610
4611
4614
4616
4617
4619
4621
4623
4626
4628
4629
4631
4634
4636
4637
4639
4642
4643
4646
4648
4649
4651
4653
4656
4657
4660
4662
4663
4665
4667
4669
4672
4674
4675
4677
4679
4681
4683
4686
4688
4690
4692
4693
4696
4697
4700
4702
4703
4705
4708
4709
4711
4714
4715
4718
4719
4721
4724
4726
4728
4729
4732
4734
4735
4738
4739
4742
4744
4746
4748
4750
4751
4754
4756
4758
4759
4762
4763
4765
4767
4769
4771
4773
4775
4777
4779
4782
4783
4786
4787
4790
4792
4794
4796
4797
4800
4801
4803
4806
4808
4810
4812
4814
4816
4817
4820
4822
4823
4826
4828
4830
4832
4834
4836
4837
4840
4841
4844
4846
4848
4849
4852
4853
4855
4857
4859
4862
4863
4865
4868
4869
4872
4874
4876
4877
4879
4881
4883
4886
4888
4890
4892
4894
4895
4898
4900
4901
4904
4906
4907
4910
4911
4913
4916
4918
4920
4921
4924
4926
4928
4930
4931
4934
4935
4937
4940
4941
4943
4945
4947
4949
4951
4953
4955
4958
4960
4961
4963
4966
4967
4969
4972
4974
4976
4977
4980
4982
4983
4985
4988
4989
4991
4993
4995
4998
5000
5001
5004
5006
5007
5009
5012
5014
5016
5018
5020
5022
5024
5025
5028
5029
5031
5034
5036
5037
5040
5041
5043
5046
5048
5050
5051
5054
5056
5057
5060
5062
5064
5065
5068
5070
5071
5073
5076
5077
5079
5081
5083
5086
5088
5089
5091
5093
5095
5098
5100
5101
5104
5105
5107
5110
5112
5114
5116
5118
5120
5122
5123
5126
5128
5129
5132
5133
5136
5137
5140
5141
5144
5146
5148
5150
5151
5154
5155
5157
5160
5162
5163
5166
5168
5170
5172
5173
5175
5177
5180
5181
5184
5185
5187
5189
5191
5193
5195
5197
5199
5201
5203
5206
5207
5210
5211
5214
5215
5218
5220
5221
5224
5226
5228
5229
5232
5234
5235
5238
5239
5241
5243
5245
5247
5250
5251
5254
5256
5258
5259
5261
5263
5266
5268
5269
5272
5273
5275
5277
5279
5282
5284
5286
5288
5289
5291
5293
5296
5298
5300
5302
5303
5306
5307
5310
5311
5313
5316
5317
5319
5322
5323
5325
5328
5330
5332
5334
5335
5337
5339
5341
5344
5345
5347
5349
5352
5354
5356
5358
5360
5361
5363
5366
5368
5370
5371
5373
5375
5377
5379
5381
5383
5386
5388
5390
5391
5394
5396
5398
5400
5402
5404
5406
5408
5410
5412
5413
5416
5418
5420
5421
5424
5425
5427
5429
5432
5434
5435
5438
5440
5441
5443
5445
5448
5449
5451
5453
5455
5458
5459
5461
5464
5465
5468
5469
5471
5474
5476
5477
5480
5482
5483
5486
5487
5489
5491
5493
5496
5497
5499
5501
5504
5506
5508
5510
5512
5514
5515
5518
5520
5522
5524
5525
5528
5529
5532
5534
5536
5538
5540
5541
5543
5546
5548
5550
5552
5554
5556
5557
5559
5561
5563
5565
5568
5569
5572
5573
5576
5578
5579
5581
5583
5586
5587
5589
5591
5594
5596
5598
5599
5601
5604
5605
5607
5610
5612
5614
5616
5618
5620
5621
5623
5626
5628
5629
5632
5634
5636
5638
5639
5642
5643
5646
5647
5650
5651
5654
5655
5658
5660
5662
5664
5665
5667
5670
5672
5673
5676
5678
5680
5681
5683
5685
5687
5690
5691
5693
5695
5698
5700
5702
5703
5705
5708
5710
5711
5713
5716
5717
5720
5721
5724
5726
5727
5729
5732
5733
5735
5738
5739
5741
5744
5745
5748
5750
5751
5753
5755
5757
5759
5761
5763
5765
5768
5770
5771
5774
5775
5778
5780
5782
5783
5786
5788
5790
5791
5793
5796
5797
5799
5801
5804
5806
5807
5810
5812
5813
5815
5818
5820
5822
5824
5825
5827
5830
5832
5834
5835
5837
5840
5841
5843
5846
5847
5850
5851
5854
5856
5857
5859
5862
5864
5866
5868
5870
5871
5874
5876
5878
5879
5881
5883
5886
5888
5890
5891
5894
5896
5898
5899
5901
5903
5905
5908
5909
5911
5913
5916
5918
5919
5921
5923
5926
5927
5929
5931
5933
5936
5938
5939
5941
5944
5946
5948
5949
5952
5954
5956
5958
5959
5962
5963
5966
5968
5969
5971
5973
5975
5978
5979
5981
5983
5985
5987
5989
5991
5993
5996
5998
6000
6001
6004
6006
6007
6009
6011
6013
6016
6017
6019
6021
6024
6026
6027
6029
6032
6034
6036
6037
6039
6041
6044
6045
6048
6049
6051
6054
6056
6057
6060
6062
6064
6065
6068
6069
6072
6073
6075
6078
6080
6082
6083
6085
6088
6090
6091
6093
6095
6097
6100
6102
6103
6106
6108
6109
6112
6113
6115
6117
6119
6122
6124
6125
6128
6130
6132
6134
6135
6137
6139
6141
6144
6145
6147
6149
6151
6153
6156
6157
6159
6161
6163
6165
6167
6169
6172
6174
6175
6177
6180
6181
6184
6185
6187
6190
6192
6193
6195
6197
6199
6202
6204
6206
6207
6209
6212
6213
6216
6217
6219
6221
6223
6225
6228
6230
6232
6233
6236
6237
6240
6242
6244
6245
6248
6250
6251
6254
6256
6257
6259
6262
6263
6266
6268
6269
6272
6274
6275
6278
6280
6281
6284
6285
6288
6290
6292
6293
6295
6298
6299
6301
6303
6306
6308
6310
6311
6314
6315
6318
6320
6321
6324
6326
6327
6330
6332
6334
6336
6338
6340
6341
6344
6345
6347
6350
6352
6354
6355
6358
6359
6362
6364
6366
6368
6369
6371
6373
6376
6377
6380
6382
6383
6386
6387
6390
6391
6394
6396
6397
6400
6402
6404
6406
6408
6410
6411
6413
6416
6417
6419
6422
6424
6426
6427
6430
6432
6433
6436
6437
6439
6441
6444
6445
6447
6449
6452
6453
6455
6457
6460
6462
6463
6466
6468
6470
6471
6473
6475
6478
6479
6482
6483
6486
6487
6489
6492
6494
6496
6498
6500
6502
6504
6506
6507
6509
6512
6514
6515
6518
6520
6521
6523
6526
6528
6529
6531
6534
6535
6537
6540
6542
6544
6546
6548
6550
6552
6553
6556
6558
6560
6561
6564
6565
6567
6569
6572
6573
6576
6577
6580
6582
6583
6585
6587
6589
6591
6593
6595
6598
6599
6602
6604
6606
6607
6610
6611
6614
6616
6617
6620
6622
6623
6626
6628
6630
6631
6633
6636
6638
6640
6642
6643
6645
6648
6649
6652
6653
6655
6657
6660
6661
6663
6666
6668
6669
6672
6674
6676
6677
6680
6682
6684
6686
6688
6689
6692
6693
6695
6698
6699
6701
6703
6706
6707
6710
6712
6713
6716
6718
6720
6721
6724
6726
6727
6729
6732
6734
6736
6738
6739
6742
6743
6746
6748
6750
6751
6753
6756
6757
6760
6761
6763
6765
6767
6769
6771
6773
6776
6778
6779
6781
6783
6785
6787
6789
6792
6793
6795
6798
6800
6802
6804
6805
6807
6810
6811
6814
6816
6817
6820
6822
6824
6825
6827
6829
6831
6834
6835
6837
6840
6842
6843
6846
6848
6849
6851
6853
6855
6857
6860
6862
6864
6866
6867
6869
6872
6874
6876
6877
6879
6882
6883
6886
6887
6890
6891
6893
6895
6897
6900
6901
6904
6906
6907
6909
6911
6913
6916
6918
6920
6921
6924
6926
6928
6929
6931
6934
6935
6938
6939
6941
6943
6946
6948
6949
6952
6954
6956
6957
6959
6961
6964
6965
6967
6970
6972
6973
6976
6978
6979
6982
6983
6986
6988
6989
6991
6994
6996
6997
7000
7001
7003
7006
7008
7010
7012
7014
7016
7018
7019
7021
7024
7026
7027
7030
7032
7033
7035
7037
7039
7041
7043
7046
7047
7050
7052
7053
7055
7057
7059
7062
7064
7065
7068
7070
7071
7074
7076
7078
7080
7081
7084
7086
7088
7089
7091
7094
7096
7097
7100
7102
7103
7106
7108
7110
7112
7113
7115
7117
7120
7122
7124
7125
7128
7129
7132
7133
7135
7138
7140
7141
7143
7146
7148
7150
7151
7153
7156
7157
7160
7162
7164
7165
7168
7169
7171
7173
7176
7178
7180
7181
7183
7186
7187
7190
7192
7193
7196
7198
7200
7201
7203
7206
7208
7210
7212
7213
7216
7218
7220
7222
7224
7226
7227
7230
7232
7234
7235
7237
7239
7241
7243
7246
7248
7249
7252
7253
7255
7258
7260
7262
7264
7265
7268
7270
7272
7274
7276
7277
7279
7281
7283
7286
7288
7289
7291
7294
7295
7298
7299
7302
7303
7306
7308
7309
7312
7313
7316
7318
7320
7322
7324
7326
7328
7329
7331
7333
7335
7338
7340
7342
7344
7346
7348
7349
7351
7353
7355
7357
7360
7362
7363
7366
7367
7370
7371
7373
7375
7377
7379
7381
7384
7386
7387
7390
7392
7394
7396
7397
7399
7401
7404
7406
7408
7409
7411
7413
7415
7417
7419
7422
7424
7426
7427
7430
7432
7434
7436
7438
7439
7441
7444
7446
7448
7450
7451
7454
7456
7458
7459
7461
7463
7465
7468
7470
7472
7473
7476
7477
7480
7481
7484
7485
7488
7489
7492
7493
7496
7498
7500
7502
7503
7505
7507
7510
7512
7514
7515
7518
7520
7522
7523
7526
7528
7529
7531
7534
7536
7538
7540
7542
7543
7545
7547
7549
7552
7554
7555
7558
7559
7562
7563
7565
7568
7569
7571
7573
7576
7578
7580
7581
7584
7586
7587
7589
7591
7593
7596
7598
7599
7601
7603
7605
7607
7609
7612
7614
7616
7618
7620
7621
7624
7626
7628
7630
7631
7634
7636
7637
7640
7641
7643
7646
7648
7650
7652
7653
7656
7658
7660
7662
7663
7665
7667
7669
7671
7674
7675
7677
7679
7681
7683
7686
7688
7689
7692
7693
7695
7698
7700
7702
7704
7705
7707
7710
7711
7713
7715
7717
7720
7722
7724
7725
7727
7730
7732
7734
7735
7737
7740
7742
7744
7745
7747
7749
7751
7754
7756
7757
7760
7762
7764
7765
7767
7770
7772
7773
7775
7778
7779
7781
7783
7786
7788
7790
7791
7794
7795
7797
7799
7801
7804
7805
7808
7809
7811
7813
7815
7818
7819
7821
7823
7826
7827
7830
7832
7833
7836
7837
7840
7842
7843
7845
7848
7850
7852
7853
7856
7858
7859
7861
7864
7866
7868
7869
7872
7873
7876
7878
7880
7881
7883
7886
7887
7890
7891
7893
7896
7898
7900
7901
7903
7906
7908
7909
7911
7913
7915
7917
7920
7921
7923
7926
7928
7929
7932
7933
7936
7937
7939
7941
7943
7945
7948
7949
7951
7953
7955
7957
7960
7962
7964
7966
7968
7969
7972
7973
7976
7978
7979
7981
7984
7985
7987
7989
7992
7994
7996
7998
8000
8001
8003
8005
8007
8009
8011
8013
8015
8017
8019
8021
8023
8025
8027
8029
8031
8033
8035
8037
8039
8041
8043
8045
8047
8049
8051
8053
8055
8057
8059
8061
8063
8065
8067
8069
8071
8073
8075
8077
8079
8081
8083
8085
8087
8089
8091
8093
8095
8097
8099
8101
8103
8105
8107
8109
8111
8113
8115
8117
8119
8121
8123
8125
8127
8129
8131
8133
8135
8137
8139
8141
8143
8145
8147
8149
8151
8153
8155
8157
8159
8161
8163
8165
8167
8169
8171
8173
8175
8177
8179
8181
8183
8185
8187
8189
8191
8193
8195
8197
8199
8201
8203
8205
8207
8209
8211
8213
8215
8217
8219
8221
8223
8225
8227
8229
8231
8233
8235
8237
8239
8241
8243
8245
8247
8249
8251
8253
8255
8257
8259
8261
8263
8265
8267
8269
8271
8273
8275
8277
8279
8281
8283
8285
8287
8289
8291
8293
8295
8297
8299
8301
8303
8305
8307
8309
8311
8313
8315
8317
8319
8321
8323
8325
8327
8329
8331
8333
8335
8337
8339
8341
8343
8345
8347
8349
8351
8353
8355
8357
8359
8361
8363
8365
8367
8369
8371
8373
8375
8377
8379
8381
8383
8385
8387
8389
8391
8393
8395
8397
8399
8401
8403
8405
8407
8409
8411
8413
8415
8417
8419
8421
8423
8425
8427
8429
8431
8433
8435
8437
8439
8441
8443
8445
8447
8449
8451
8453
8455
8457
8459
8461
8463
8465
8467
8469
8471
8473
8475
8477
8479
8481
8483
8485
8487
8489
8491
8493
8495
8497
8499
8501
8503
8505
8507
8509
8511
8513
8515
8517
8519
8521
8523
8525
8527
8529
8531
8533
8535
8537
8539
8541
8543
8545
8547
8549
8551
8553
8555
8557
8559
8561
8563
8565
8567
8569
8571
8573
8575
8577
8579
8581
8583
8585
8587
8589
8591
8593
8595
8597
8599
8601
8603
8605
8607
8609
8611
8613
8615
8617
8619
8621
8623
8625
8627
8629
8631
8633
8635
8637
8639
8641
8643
8645
8647
8649
8651
8653
8655
8657
8659
8661
8663
8665
8667
8669
8671
8673
8675
8677
8679
8681
8683
8685
8687
8689
8691
8693
8695
8697
8699
8701
8703
8705
8707
8709
8711
8713
8715
8717
8719
8721
8723
8725
8727
8729
8731
8733
8735
8737
8739
8741
8743
8745
8747
8749
8751
8753
8755
8757
8759
8761
8763
8765
8767
8769
8771
8773
8775
8777
8779
8781
8783
8785
8787
8789
8791
8793
8795
8797
8799
8801
8803
8805
8807
8809
8811
8813
8815
8817
8819
8821
8823
8825
8827
8829
8831
8833
8835
8837
8839
8841
8843
8845
8847
8849
8851
8853
8855
8857
8859
8861
8863
8865
8867
8869
8871
8873
8875
8877
8879
8881
8883
8885
8887
8889
8891
8893
8895
8897
8899
8901
8903
8905
8907
8909
8911
8913
8915
8917
8919
8921
8923
8925
8927
8929
8931
8933
8935
8937
8939
8941
8943
8945
8947
8949
8951
8953
8955
8957
8959
8961
8963
8965
8967
8969
8971
8973
8975
8977
8979
8981
8983
8985
8987
8989
8991
8993
8995
8997
8999
9001
9003
9005
9007
9009
9011
9013
9015
9017
9019
9021
9023
9025
9027
9029
9031
9033
9035
9037
9039
9041
9043
9045
9047
9049
9051
9053
9055
9057
9059
9061
9063
9065
9067
9069
9071
9073
9075
9077
9079
9081
9083
9085
9087
9089
9091
9093
9095
9097
9099
9101
9103
9105
9107
9109
9111
9113
9115
9117
9119
9121
9123
9125
9127
9129
9131
9133
9135
9137
9139
9141
9143
9145
9147
9149
9151
9153
9155
9157
9159
9161
9163
9165
9167
9169
9171
9173
9175
9177
9179
9181
9183
9185
9187
9189
9191
9193
9195
9197
9199
9201
9203
9205
9207
9209
9211
9213
9215
9217
9219
9221
9223
9225
9227
9229
9231
9233
9235
9237
9239
9241
9243
9245
9247
9249
9251
9253
9255
9257
9259
9261
9263
9265
9267
9269
9271
9273
9275
9277
9279
9281
9283
9285
9287
9289
9291
9293
9295
9297
9299
9301
9303
9305
9307
9309
9311
9313
9315
9317
9319
9321
9323
9325
9327
9329
9331
9333
9335
9337
9339
9341
9343
9345
9347
9349
9351
9353
9355
9357
9359
9361
9363
9365
9367
9369
9371
9373
9375
9377
9379
9381
9383
9385
9387
9389
9391
9393
9395
9397
9399
9401
9403
9405
9407
9409
9411
9413
9415
9417
9419
9421
9423
9425
9427
9429
9431
9433
9435
9437
9439
9441
9443
9445
9447
9449
9451
9453
9455
9457
9459
9461
9463
9465
9467
9469
9471
9473
9475
9477
9479
9481
9483
9485
9487
9489
9491
9493
9495
9497
9499
9501
9503
9505
9507
9509
9511
9513
9515
9517
9519
9521
9523
9525
9527
9529
9531
9533
9535
9537
9539
9541
9543
9545
9547
9549
9551
9553
9555
9557
9559
9561
9563
9565
9567
9569
9571
9573
9575
9577
9579
9581
9583
9585
9587
9589
9591
9593
9595
9597
9599
9601
9603
9605
9607
9609
9611
9613
9615
9617
9619
9621
9623
9625
9627
9629
9631
9633
9635
9637
9639
9641
9643
9645
9647
9649
9651
9653
9655
9657
9659
9661
9663
9665
9667
9669
9671
9673
9675
9677
9679
9681
9683
9685
9687
9689
9691
9693
9695
9697
9699
9701
9703
9705
9707
9709
9711
9713
9715
9717
9719
9721
9723
9725
9727
9729
9731
9733
9735
9737
9739
9741
9743
9745
9747
9749
9751
9753
9755
9757
9759
9761
9763
9765
9767
9769
9771
9773
9775
9777
9779
9781
9783
9785
9787
9789
9791
9793
9795
9797
9799
9801
9803
9805
9807
9809
9811
9813
9815
9817
9819
9821
9823
9825
9827
9829
9831
9833
9835
9837
9839
9841
9843
9845
9847
9849
9851
9853
9855
9857
9859
9861
9863
9865
9867
9869
9871
9873
9875
9877
9879
9881
9883
9885
9887
9889
9891
9893
9895
9897
9899
9901
9903
9905
9907
9909
9911
9913
9915
9917
9919
9921
9923
9925
9927
9929
9931
9933
9935
9937
9939
9941
9943
9945
9947
9949
9951
9953
9955
9957
9959
9961
9963
9965
9967
9969
9971
9973
9975
9977
9979
9981
9983
9985
9987
9989
9991
9993
9995
9997
9999
10001
10003
10005
10007
10009
10011
10013
10015
10017
10019
10021
10023
10025
10027
10029
10031
10033
10035
10037
10039
10041
10043
10045
10047
10049
10051
10053
10055
10057
10059
10061
10063
10065
10067
10069
10071
10073
10075
10077
10079
10081
10083
10085
10087
10089
10091
10093
10095
10097
10099
10101
10103
10105
10107
10109
10111
10113
10115
10117
10119
10121
10123
10125
10127
10129
10131
10133
10135
10137
10139
10141
10143
10145
10147
10149
10151
10153
10155
10157
10159
10161
10163
10165
10167
10169
10171
10173
10175
10177
10179
10181
10183
10185
10187
10189
10191
10193
10195
10197
10199
10201
10203
10205
10207
10209
10211
10213
10215
10217
10219
10221
10223
10225
10227
10229
10231
10233
10235
10237
10239
10241
10243
10245
10247
10249
10251
10253
10255
10257
10259
10261
10263
10265
10267
10269
10271
10273
10275
10277
10279
10281
10283
10285
10287
10289
10291
10293
10295
10297
10299
10301
10303
10305
10307
10309
10311
10313
10315
10317
10319
10321
10323
10325
10327
10329
10331
10333
10335
10337
10339
10341
10343
10345
10347
10349
10351
10353
10355
10357
10359
10361
10363
10365
10367
10369
10371
10373
10375
10377
10379
10381
10383
10385
10387
10389
10391
10393
10395
10397
10399
10401
10403
10405
10407
10409
10411
10413
10415
10417
10419
10421
10423
10425
10427
10429
10431
10433
10435
10437
10439
10441
10443
10445
10447
10449
10451
10453
10455
10457
10459
10461
10463
10465
10467
10469
10471
10473
10475
10477
10479
10481
10483
10485
10487
10489
10491
10493
10495
10497
10499
10501
10503
10505
10507
10509
10511
10513
10515
10517
10519
10521
10523
10525
10527
10529
10531
10533
10535
10537
10539
10541
10543
10545
10547
10549
10551
10553
10555
10557
10559
10561
10563
10565
10567
10569
10571
10573
10575
10577
10579
10581
10583
10585
10587
10589
10591
10593
10595
10597
10599
10601
10603
10605
10607
10609
10611
10613
10615
10617
10619
10621
10623
10625
10627
10629
10631
10633
10635
10637
10639
10641
10643
10645
10647
10649
10651
10653
10655
10657
10659
10661
10663
10665
10667
10669
10671
10673
10675
10677
10679
10681
10683
10685
10687
10689
10691
10693
10695
10697
10699
10701
10703
10705
10707
10709
10711
10713
10715
10717
10719
10721
10723
10725
10727
10729
10731
10733
10735
10737
10739
10741
10743
10745
10747
10749
10751
10753
10755
10757
10759
10761
10763
10765
10767
10769
10771
10773
10775
10777
10779
10781
10783
10785
10787
10789
10791
10793
10795
10797
10799
10801
10803
10805
10807
10809
10811
10813
10815
10817
10819
10821
10823
10825
10827
10829
10831
10833
10835
10837
10839
10841
10843
10845
10847
10849
10851
10853
10855
10857
10859
10861
10863
10865
10867
10869
10871
10873
10875
10877
10879
10881
10883
10885
10887
10889
10891
10893
10895
10897
10899
10901
10903
10905
10907
10909
10911
10913
10915
10917
10919
10921
10923
10925
10927
10929
10931
10933
10935
10937
10939
10941
10943
10945
10947
10949
10951
10953
10955
10957
10959
10961
10963
10965
10967
10969
10971
10973
10975
10977
10979
10981
10983
10985
10987
10989
10991
10993
10995
10997
10999
11001
11003
11005
11007
11009
11011
11013
11015
11017
11019
11021
11023
11025
11027
11029
11031
11033
11035
11037
11039
11041
11043
11045
11047
11049
11051
11053
11055
11057
11059
11061
11063
11065
11067
11069
11071
11073
11075
11077
11079
11081
11083
11085
11087
11089
11091
11093
11095
11097
11099
11101
11103
11105
11107
11109
11111
11113
11115
11117
11119
11121
11123
11125
11127
11129
11131
11133
11135
11137
11139
11141
11143
11145
11147
11149
11151
11153
11155
11157
11159
11161
11163
11165
11167
11169
11171
11173
11175
11177
11179
11181
11183
11185
11187
11189
11191
11193
11195
11197
11199
11201
11203
11205
11207
11209
11211
11213
11215
11217
11219
11221
11223
11225
11227
11229
11231
11233
11235
11237
11239
11241
11243
11245
11247
11249
11251
11253
11255
11257
11259
11261
11263
11265
11267
11269
11271
11273
11275
11277
11279
11281
11283
11285
11287
11289
11291
11293
11295
11297
11299
11301
11303
11305
11307
11309
11311
11313
11315
11317
11319
11321
11323
11325
11327
11329
11331
11333
11335
11337
11339
11341
11343
11345
11347
11349
11351
11353
11355
11357
11359
11361
11363
11365
11367
11369
11371
11373
11375
11377
11379
11381
11383
11385
11387
11389
11391
11393
11395
11397
11399
11401
11403
11405
11407
11409
11411
11413
11415
11417
11419
11421
11423
11425
11427
11429
11431
11433
11435
11437
11439
11441
11443
11445
11447
11449
11451
11453
11455
11457
11459
11461
11463
11465
11467
11469
11471
11473
11475
11477
11479
11481
11483
11485
11487
11489
11491
11493
11495
11497
11499
11501
11503
11505
11507
11509
11511
11513
11515
11517
11519
11521
11523
11525
11527
11529
11531
11533
11535
11537
11539
11541
11543
11545
11547
11549
11551
11553
11555
11557
11559
11561
11563
11565
11567
11569
11571
11573
11575
11577
11579
11581
11583
11585
11587
11589
11591
11593
11595
11597
11599
11601
11603
11605
11607
11609
11611
11613
11615
11617
11619
11621
11623
11625
11627
11629
11631
11633
11635
11637
11639
11641
11643
11645
11647
11649
11651
11653
11655
11657
11659
11661
11663
11665
11667
11669
11671
11673
11675
11677
11679
11681
11683
11685
11687
11689
11691
11693
11695
11697
11699
11701
11703
11705
11707
11709
11711
11713
11715
11717
11719
11721
11723
11725
11727
11729
11731
11733
11735
11737
11739
11741
11743
11745
11747
11749
11751
11753
11755
11757
11759
11761
11763
11765
11767
11769
11771
11773
11775
11777
11779
11781
11783
11785
11787
11789
11791
11793
11795
11797
11799
11801
11803
11805
11807
11809
11811
11813
11815
11817
11819
11821
11823
11825
11827
11829
11831
11833
11835
11837
11839
11841
11843
11845
11847
11849
11851
11853
11855
11857
11859
11861
11863
11865
11867
11869
11871
11873
11875
11877
11879
11881
11883
11885
11887
11889
11891
11893
11895
11897
11899
11901
11903
11905
11907
11909
11911
11913
11915
11917
11919
11921
11923
11925
11927
11929
11931
11933
11935
11937
11939
11941
11943
11945
11947
11949
11951
11953
11955
11957
11959
11961
11963
11965
11967
11969
11971
11973
11975
11977
11979
11981
11983
11985
11987
11989
11991
11993
11995
11997
11999
12001
12003
12005
12007
12009
12011
12013
12015
12017
12019
12021
12023
12025
12027
12029
12031
12033
12035
12037
12039
12041
12043
12045
12047
12049
12051
12053
12055
12057
12059
12061
12063
12065
12067
12069
12071
12073
12075
12077
12079
12081
12083
12085
12087
12089
12091
12093
12095
12097
12099
12101
12103
12105
12107
12109
12111
12113
12115
12117
12119
12121
12123
12125
12127
12129
12131
12133
12135
12137
12139
12141
12143
12145
12147
12149
12151
12153
12155
12157
12159
12161
12163
12165
12167
12169
12171
12173
12175
12177
12179
12181
12183
12185
12187
12189
12191
12193
12195
12197
12199
12201
12203
12205
12207
12209
12211
12213
12215
12217
12219
12221
12223
12225
12227
12229
12231
12233
12235
12237
12239
12241
12243
12245
12247
12249
12251
12253
12255
12257
12259
12261
12263
12265
12267
12269
12271
12273
12275
12277
12279
12281
12283
12285
12287
12289
12291
12293
12295
12297
12299
12301
12303
12305
12307
12309
12311
12313
12315
12317
12319
12321
12323
12325
12327
12329
12331
12333
12335
12337
12339
12341
12343
12345
12347
12349
12351
12353
12355
12357
12359
12361
12363
12365
12367
12369
12371
12373
12375
12377
12379
12381
12383
12385
12387
12389
12391
12393
12395
12397
12399
12401
12403
12405
12407
12409
12411
12413
12415
12417
12419
12421
12423
12425
12427
12429
12431
12433
12435
12437
12439
12441
12443
12445
12447
12449
12451
12453
12455
12457
12459
12461
12463
12465
12467
12469
12471
12473
12475
12477
12479
12481
12483
12485
12487
12489
12491
12493
12495
12497
12499
12501
12503
12505
12507
12509
12511
12513
12515
12517
12519
12521
12523
12525
12527
12529
12531
12533
12535
12537
12539
12541
12543
12545
12547
12549
12551
12553
12555
12557
12559
12561
12563
12565
12567
12569
12571
12573
12575
12577
12579
12581
12583
12585
12587
12589
12591
12593
12595
12597
12599
12601
12603
12605
12607
12609
12611
12613
12615
12617
12619
12621
12623
12625
12627
12629
12631
12633
12635
12637
12639
12641
12643
12645
12647
12649
12651
12653
12655
12657
12659
12661
12663
12665
12667
12669
12671
12673
12675
12677
12679
12681
12683
12685
12687
12689
12691
12693
12695
12697
12699
12701
12703
12705
12707
12709
12711
12713
12715
12717
12719
12721
12723
12725
12727
12729
12731
12733
12735
12737
12739
12741
12743
12745
12747
12749
12751
12753
12755
12757
12759
12761
12763
12765
12767
12769
12771
12773
12775
12777
12779
12781
12783
12785
12787
12789
12791
12793
12795
12797
12799
12801
12803
12805
12807
12809
12811
12813
12815
12817
12819
12821
12823
12825
12827
12829
12831
12833
12835
12837
12839
12841
12843
12845
12847
12849
12851
12853
12855
12857
12859
12861
12863
12865
12867
12869
12871
12873
12875
12877
12879
12881
12883
12885
12887
12889
12891
12893
12895
12897
12899
12901
12903
12905
12907
12909
12911
12913
12915
12917
12919
12921
12923
12925
12927
12929
12931
12933
12935
12937
12939
12941
12943
12945
12947
12949
12951
12953
12955
12957
12959
12961
12963
12965
12967
12969
12971
12973
12975
12977
12979
12981
12983
12985
12987
12989
12991
12993
12995
12997
12999
13001
13003
13005
13007
13009
13011
13013
13015
13017
13019
13021
13023
13025
13027
13029
13031
13033
13035
13037
13039
13041
13043
13045
13047
13049
13051
13053
13055
13057
13059
13061
13063
13065
13067
13069
13071
13073
13075
13077
13079
13081
13083
13085
13087
13089
13091
13093
13095
13097
13099
13101
13103
13105
13107
13109
13111
13113
13115
13117
13119
13121
13123
13125
13127
13129
13131
13133
13135
13137
13139
13141
13143
13145
13147
13149
13151
13153
13155
13157
13159
13161
13163
13165
13167
13169
13171
13173
13175
13177
13179
13181
13183
13185
13187
13189
13191
13193
13195
13197
13199
13201
13203
13205
13207
13209
13211
13213
13215
13217
13219
13221
13223
13225
13227
13229
13231
13233
13235
13237
13239
13241
13243
13245
13247
13249
13251
13253
13255
13257
13259
13261
13263
13265
13267
13269
13271
13273
13275
13277
13279
13281
13283
13285
13287
13289
13291
13293
13295
13297
13299
13301
13303
13305
13307
13309
13311
13313
13315
13317
13319
13321
13323
13325
13327
13329
13331
13333
13335
13337
13339
13341
13343
13345
13347
13349
13351
13353
13355
13357
13359
13361
13363
13365
13367
13369
13371
13373
13375
13377
13379
13381
13383
13385
13387
13389
13391
13393
13395
13397
13399
13401
13403
13405
13407
13409
13411
13413
13415
13417
13419
13421
13423
13425
13427
13429
13431
13433
13435
13437
13439
13441
13443
13445
13447
13449
13451
13453
13455
13457
13459
13461
13463
13465
13467
13469
13471
13473
13475
13477
13479
13481
13483
13485
13487
13489
13491
13493
13495
13497
13499
13501
13503
13505
13507
13509
13511
13513
13515
13517
13519
13521
13523
13525
13527
13529
13531
13533
13535
13537
13539
13541
13543
13545
13547
13549
13551
13553
13555
13557
13559
13561
13563
13565
13567
13569
13571
13573
13575
13577
13579
13581
13583
13585
13587
13589
13591
13593
13595
13597
13599
13601
13603
13605
13607
13609
13611
13613
13615
13617
13619
13621
13623
13625
13627
13629
13631
13633
13635
13637
13639
13641
13643
13645
13647
13649
13651
13653
13655
13657
13659
13661
13663
13665
13667
13669
13671
13673
13675
13677
13679
13681
13683
13685
13687
13689
13691
13693
13695
13697
13699
13701
13703
13705
13707
13709
13711
13713
13715
13717
13719
13721
13723
13725
13727
13729
13731
13733
13735
13737
13739
13741
13743
13745
13747
13749
13751
13753
13755
13757
13759
13761
13763
13765
13767
13769
13771
13773
13775
13777
13779
13781
13783
13785
13787
13789
13791
13793
13795
13797
13799
13801
13803
13805
13807
13809
13811
13813
13815
13817
13819
13821
13823
13825
13827
13829
13831
13833
13835
13837
13839
13841
13843
13845
13847
13849
13851
13853
13855
13857
13859
13861
13863
13865
13867
13869
13871
13873
13875
13877
13879
13881
13883
13885
13887
13889
13891
13893
13895
13897
13899
13901
13903
13905
13907
13909
13911
13913
13915
13917
13919
13921
13923
13925
13927
13929
13931
13933
13935
13937
13939
13941
13943
13945
13947
13949
13951
13953
13955
13957
13959
13961
13963
13965
13967
13969
13971
13973
13975
13977
13979
13981
13983
13985
13987
13989
13991
13993
13995
13997
13999
14001
14003
14005
14007
14009
14011
14013
14015
14017
14019
14021
14023
14025
14027
14029
14031
14033
14035
14037
14039
14041
14043
14045
14047
14049
14051
14053
14055
14057
14059
14061
14063
14065
14067
14069
14071
14073
14075
14077
14079
14081
14083
14085
14087
14089
14091
14093
14095
14097
14099
14101
14103
14105
14107
14109
14111
14113
14115
14117
14119
14121
14123
14125
14127
14129
14131
14133
14135
14137
14139
14141
14143
14145
14147
14149
14151
14153
14155
14157
14159
14161
14163
14165
14167
14169
14171
14173
14175
14177
14179
14181
14183
14185
14187
14189
14191
14193
14195
14197
14199
14201
14203
14205
14207
14209
14211
14213
14215
14217
14219
14221
14223
14225
14227
14229
14231
14233
14235
14237
14239
14241
14243
14245
14247
14249
14251
14253
14255
14257
14259
14261
14263
14265
14267
14269
14271
14273
14275
14277
14279
14281
14283
14285
14287
14289
14291
14293
14295
14297
14299
14301
14303
14305
14307
14309
14311
14313
14315
14317
14319
14321
14323
14325
14327
14329
14331
14333
14335
14337
14339
14341
14343
14345
14347
14349
14351
14353
14355
14357
14359
14361
14363
14365
14367
14369
14371
14373
14375
14377
14379
14381
14383
14385
14387
14389
14391
14393
14395
14397
14399
14401
14403
14405
14407
14409
14411
14413
14415
14417
14419
14421
14423
14425
14427
14429
14431
14433
14435
14437
14439
14441
14443
14445
14447
14449
14451
14453
14455
14457
14459
14461
14463
14465
14467
14469
14471
14473
14475
14477
14479
14481
14483
14485
14487
14489
14491
14493
14495
14497
14499
14501
14503
14505
14507
14509
14511
14513
14515
14517
14519
14521
14523
14525
14527
14529
14531
14533
14535
14537
14539
14541
14543
14545
14547
14549
14551
14553
14555
14557
14559
14561
14563
14565
14567
14569
14571
14573
14575
14577
14579
14581
14583
14585
14587
14589
14591
14593
14595
14597
14599
14601
14603
14605
14607
14609
14611
14613
14615
14617
14619
14621
14623
14625
14627
14629
14631
14633
14635
14637
14639
14641
14643
14645
14647
14649
14651
14653
14655
14657
14659
14661
14663
14665
14667
14669
14671
14673
14675
14677
14679
14681
14683
14685
14687
14689
14691
14693
14695
14697
14699
14701
14703
14705
14707
14709
14711
14713
14715
14717
14719
14721
14723
14725
14727
14729
14731
14733
14735
14737
14739
14741
14743
14745
14747
14749
14751
14753
14755
14757
14759
14761
14763
14765
14767
14769
14771
14773
14775
14777
14779
14781
14783
14785
14787
14789
14791
14793
14795
14797
14799
14801
14803
14805
14807
14809
14811
14813
14815
14817
14819
14821
14823
14825
14827
14829
14831
14833
14835
14837
14839
14841
14843
14845
14847
14849
14851
14853
14855
14857
14859
14861
14863
14865
14867
14869
14871
14873
14875
14877
14879
14881
14883
14885
14887
14889
14891
14893
14895
14897
14899
14901
14903
14905
14907
14909
14911
14913
14915
14917
14919
14921
14923
14925
14927
14929
14931
14933
14935
14937
14939
14941
14943
14945
14947
14949
14951
14953
14955
14957
14959
14961
14963
14965
14967
14969
14971
14973
14975
14977
14979
14981
14983
14985
14987
14989
14991
14993
14995
14997
14999
15001
15003
15005
15007
15009
15011
15013
15015
15017
15019
15021
15023
15025
15027
15029
15031
15033
15035
15037
15039
15041
15043
15045
15047
15049
15051
15053
15055
15057
15059
15061
15063
15065
15067
15069
15071
15073
15075
15077
15079
15081
15083
15085
15087
15089
15091
15093
15095
15097
15099
15101
15103
15105
15107
15109
15111
15113
15115
15117
15119
15121
15123
15125
15127
15129
15131
15133
15135
15137
15139
15141
15143
15145
15147
15149
15151
15153
15155
15157
15159
15161
15163
15165
15167
15169
15171
15173
15175
15177
15179
15181
15183
15185
15187
15189
15191
15193
15195
15197
15199
15201
15203
15205
15207
15209
15211
15213
15215
15217
15219
15221
15223
15225
15227
15229
15231
15233
15235
15237
15239
15241
15243
15245
15247
15249
15251
15253
15255
15257
15259
15261
15263
15265
15267
15269
15271
15273
15275
15277
15279
15281
15283
15285
15287
15289
15291
15293
15295
15297
15299
15301
15303
15305
15307
15309
15311
15313
15315
15317
15319
15321
15323
15325
15327
15329
15331
15333
15335
15337
15339
15341
15343
15345
15347
15349
15351
15353
15355
15357
15359
15361
15363
15365
15367
15369
15371
15373
15375
15377
15379
15381
15383
15385
15387
15389
15391
15393
15395
15397
15399
15401
15403
15405
15407
15409
15411
15413
15415
15417
15419
15421
15423
15425
15427
15429
15431
15433
15435
15437
15439
15441
15443
15445
15447
15449
15451
15453
15455
15457
15459
15461
15463
15465
15467
15469
15471
15473
15475
15477
15479
15481
15483
15485
15487
15489
15491
15493
15495
15497
15499
15501
15503
15505
15507
15509
15511
15513
15515
15517
15519
15521
15523
15525
15527
15529
15531
15533
15535
15537
15539
15541
15543
15545
15547
15549
15551
15553
15555
15557
15559
15561
15563
15565
15567
15569
15571
15573
15575
15577
15579
15581
15583
15585
15587
15589
15591
15593
15595
15597
15599
15601
15603
15605
15607
15609
15611
15613
15615
15617
15619
15621
15623
15625
15627
15629
15631
15633
15635
15637
15639
15641
15643
15645
15647
15649
15651
15653
15655
15657
15659
15661
15663
15665
15667
15669
15671
15673
15675
15677
15679
15681
15683
15685
15687
15689
15691
15693
15695
15697
15699
15701
15703
15705
15707
15709
15711
15713
15715
15717
15719
15721
15723
15725
15727
15729
15731
15733
15735
15737
15739
15741
15743
15745
15747
15749
15751
15753
15755
15757
15759
15761
15763
15765
15767
15769
15771
15773
15775
15777
15779
15781
15783
15785
15787
15789
15791
15793
15795
15797
15799
15801
15803
15805
15807
15809
15811
15813
15815
15817
15819
15821
15823
15825
15827
15829
15831
15833
15835
15837
15839
15841
15843
15845
15847
15849
15851
15853
15855
15857
15859
15861
15863
15865
15867
15869
15871
15873
15875
15877
15879
15881
15883
15885
15887
15889
15891
15893
15895
15897
15899
15901
15903
15905
15907
15909
15911
15913
15915
15917
15919
15921
15923
15925
15927
15929
15931
15933
15935
15937
15939
15941
15943
15945
15947
15949
15951
15953
15955
15957
15959
15961
15963
15965
15967
15969
15971
15973
15975
15977
15979
15981
15983
15985
15987
15989
15991
15993
15995
15997
15999
