7436
4816
1
2
3
599
4
3
2
4
5
5
1
2
4
417
2
2
1
2
2
4
2
2
4
370
3
3
2
4
2
2
5
3
5
5
3
3
6
2
2
2
2
5
4
5
3
5
4
4
3
4
9
8
8
2
10
6
2
8
2
2
1
1
2
23
7
3
6
2
3
1
2
2
3
5
9
1
5
6
5
2
5
1
3
4
7
3
3
6
4
4
10
4
1
3
6
2
3
2
4
9
5
4
3
3
2
3
2
1
5
3
3
3
4
3
2
2
2
2
3
2
6
4
2
2
3
10
4
5
8
6
4
8
6
2
3
3
5
6
3
4
9
10
1
3
2
1
3
8
3
7
4
4
6
4
1
1
1
2
2
3
1
2
4
7
2
2
5
4
1
6
3
1
3
2
3
6
3
2
6
3
2
1
9
6
3
3
5
5
5
4
3
2
3
6
3
5
3
7
3
9
55
78
6
3
6
3
3
3
10
3
3
5
9
4
4
3
3
4
1
7
2
5
3
3
1
3
3
6
3
3
3
2
3
3
2
3
2
4
2
2
3
3
2
3
2
5
4
2
2
2
1
2
5
4
7
3
2
4
4
7
10
13
4
1
3
11
2
3
2
2
2
2
2
2
1
4
3
6
3
3
3
7
2
4
5
3
3
5
7
5
3
2
2
3
1
5
2
2
9
2
6
2
6
3
3
3
1
3
7
3
2
2
7
6
2
5
5
2
8
7
1
8
1
4
3
4
4
1
3
2
2
4
2
5
8
4
4
1
6
3
2
3
3
2
2
3
3
4
5
