4
12
6
7
6
3
7
9
9
8
7
5
8
13
7
7
4
9
5
5
7
6
5
7
7
6
5
9
8
7
11
5
4
9
6
6
5
7
6
7
8
10
9
7
10
8
9
7
5
6
8
9
4
11
7
10
12
4
4
9
11
5
10
12
8
10
11
6
4
7
7
7
8
6
4
11
13
6
13
6
7
9
5
5
5
11
4
9
6
7
8
11
6
8
8
9
9
1
5
7
10
8
12
13
10
10
10
8
6
7
6
3
6
9
10
9
9
10
8
5
6
13
8
7
7
6
8
8
6
9
4
5
11
7
7
7
8
5
6
4
5
2
4
3
5
6
10
7
9
7
7
3
2
7
7
10
6
9
10
6
12
8
8
10
6
5
4
9
8
9
5
9
13
6
8
8
6
6
6
8
8
9
7
8
3
5
4
9
3
6
10
7
6
7
10
11
4
11
5
10
7
4
8
10
9
9
14
9
7
7
9
9
7
7
7
8
6
7
4
5
9
7
5
11
7
7
9
9
7
6
10
5
7
2
6
7
8
9
5
9
4
4
4
10
17
6
7
8
10
6
9
8
7
8
7
11
11
