Orz YYR tql
Orz YYR tql
Orz YYR tql
Orz YYR tql
crdnktdfirtbakjtohhsiegcpkuwqtfukkkx
Orz YYR tql
cnimqzsxydfinqhwaritfxmppjacqcispqg
Orz YYR tql
Orz YYR tql
Orz YYR tql
Orz YYR tql
Orz YYR tql
Orz YYR tql
Orz YYR tql
Orz YYR tql
Orz YYR tql
Orz YYR tql
Orz YYR tql
Orz YYR tql
Orz YYR tql
Orz YYR tql
Orz YYR tql
vkomgwdlsqmqpmnddtsctsi
Orz YYR tql
Orz YYR tql
Orz YYR tql
yjeardlqjlbmhbnyqgonoccglgfkhnmiyqkpw
Orz YYR tql
Orz YYR tql
Orz YYR tql
Orz YYR tql
Orz YYR tql
Orz YYR tql
Orz YYR tql
Orz YYR tql
ydxtelbnkomxpqvlhidxvjcdsdy
mfftezmoofqfutfwnydkrbhnhzrrvjvhqccwbpks
Orz YYR tql
Orz YYR tql
Orz YYR tql
Orz YYR tql
Orz YYR tql
poremcweohixlzrfmkbypyhzv
Orz YYR tql
Orz YYR tql
Orz YYR tql
Orz YYR tql
xuklodihrybqbskafmeamtitdlmspnnokybadkhwkimocyohnu
Orz YYR tql
Orz YYR tql
qfjrdcemeftaqdrruussrwhuvpcn
Orz YYR tql
Orz YYR tql
Orz YYR tql
Orz YYR tql
Orz YYR tql
Orz YYR tql
Orz YYR tql
mtuddjlyutcfkxkubleakgpwrrcjrgzdbtie
funzgwkrjlbwdkwxadcwvihcngqrotxvnmvwkhnuvp
Orz YYR tql
Orz YYR tql
Orz YYR tql
Orz YYR tql
Orz YYR tql
Orz YYR tql
bjrsrrodovqfqxbdhgspgibqnqcmsnkvwbnqu
gwmsmwcsxhazkbakkbsbhcxsbvnkoysuwemkcrdbafcm
Orz YYR tql
Orz YYR tql
Orz YYR tql
Orz YYR tql
Orz YYR tql
vwznqkqbpgrjcwtsfyyuvllkhoqggwzbszrj
Orz YYR tql
Orz YYR tql
Orz YYR tql
Orz YYR tql
Orz YYR tql
Orz YYR tql
Orz YYR tql
Orz YYR tql
Orz YYR tql
Orz YYR tql
Orz YYR tql
Orz YYR tql
Orz YYR tql
Orz YYR tql
Orz YYR tql
Orz YYR tql
Orz YYR tql
Orz YYR tql
Orz YYR tql
Orz YYR tql
Orz YYR tql
xoahhhcwcsfqlraqjklymejvgjspusbsgebpn
Orz YYR tql
Orz YYR tql
Orz YYR tql
Orz YYR tql
Orz YYR tql
Orz YYR tql
Orz YYR tql
Orz YYR tql
Orz YYR tql
Orz YYR tql
Orz YYR tql
Orz YYR tql
Orz YYR tql
Orz YYR tql
Orz YYR tql
Orz YYR tql
Orz YYR tql
Orz YYR tql
Orz YYR tql
Orz YYR tql
Orz YYR tql
Orz YYR tql
Orz YYR tql
Orz YYR tql
Orz YYR tql
Orz YYR tql
Orz YYR tql
Orz YYR tql
Orz YYR tql
tmwcqgnedkxlyaojlqdxjhgkzmcnhrececeujuaoeyzdapolgr
Orz YYR tql
Orz YYR tql
Orz YYR tql
Orz YYR tql
Orz YYR tql
Orz YYR tql
Orz YYR tql
Orz YYR tql
hwowohjxvbyrlbeshiazmjszatarmqttojreqbd
Orz YYR tql
qncsjnwkdcsanckcrcwqvdmmhtumliedwhxhutt
Orz YYR tql
Orz YYR tql
Orz YYR tql
gctgpfvxvxvbpxhwkxsnfmcleqoqefvkjoryvoysltvatcz
Orz YYR tql
Orz YYR tql
rpnkmbpaxvxtndheoldywlgremknmqxdhmovqfy
Orz YYR tql
Orz YYR tql
zqckpgljopnazjxwtuxpbwxvztybgxwfpaqejb
Orz YYR tql
Orz YYR tql
Orz YYR tql
Orz YYR tql
Orz YYR tql
Orz YYR tql
tezjbmpuiivecwomzewtqdenoekbfapygphhdzdlj
Orz YYR tql
Orz YYR tql
Orz YYR tql
catlpxgnrfxavpoflszye
Orz YYR tql
uyddsrrwvzaytoheczwgkjxykkuferzyred
Orz YYR tql
Orz YYR tql
Orz YYR tql
Orz YYR tql
Orz YYR tql
Orz YYR tql
Orz YYR tql
Orz YYR tql
Orz YYR tql
Orz YYR tql
Orz YYR tql
Orz YYR tql
Orz YYR tql
Orz YYR tql
Orz YYR tql
Orz YYR tql
smqrkzbhadfkjwysfxaxa
Orz YYR tql
Orz YYR tql
aufneiglsyikefaclvgxzotjcqwigqcgnjt
jymqrlsusaoihxlxmbcyvrkqpnffijbthn
Orz YYR tql
Orz YYR tql
Orz YYR tql
Orz YYR tql
Orz YYR tql
Orz YYR tql
Orz YYR tql
Orz YYR tql
Orz YYR tql
Orz YYR tql
Orz YYR tql
ypqbotqxujbnjqssaezxariidmdwe
Orz YYR tql
Orz YYR tql
Orz YYR tql
inbkvvyuixwxpzwywnszxlnyjmbxpnazaclxzluj
Orz YYR tql
kvvjwinyumxlqhduswepklozzrmfvmd
Orz YYR tql
Orz YYR tql
avcjprknsqiigdqpuejdobuejzkwf
Orz YYR tql
mjtbapkwgithnzfdkygtod
Orz YYR tql
Orz YYR tql
Orz YYR tql
Orz YYR tql
Orz YYR tql
Orz YYR tql
mgubkapzpvfpdlklyzmydjuge
Orz YYR tql
wmanizaurxzokjcturbquiwwbwnxsyxqmae
Orz YYR tql
Orz YYR tql
Orz YYR tql
Orz YYR tql
Orz YYR tql
Orz YYR tql
Orz YYR tql
Orz YYR tql
wmkmwjvisojufvqngmvvnayxagqol
Orz YYR tql
ggbvzbuunhlffstgqzfmchtwl
Orz YYR tql
Orz YYR tql
Orz YYR tql
Orz YYR tql
znhtwtekmspxkudequnqazqgwhzrzlkyyrrxmyhy
dqmhzrzfowdayextxhggdyzcw
Orz YYR tql
dfqfnskddibrzsfhncdiiocetgbstpdywv
Orz YYR tql
zrkisdudotassjsqxldlzyodgezbpivocfy
Orz YYR tql
Orz YYR tql
Orz YYR tql
Orz YYR tql
Orz YYR tql
Orz YYR tql
Orz YYR tql
Orz YYR tql
Orz YYR tql
yszhjnqmkwdunmczvcbosj
Orz YYR tql
uycbsmvhaplarymocxahpdyiwnyssuwosyqmmlwnc
Orz YYR tql
bmzdvvjdgegtnyvrlpfad
nfbsxdygvsqbzmsvaenoomjlly
Orz YYR tql
Orz YYR tql
Orz YYR tql
Orz YYR tql
Orz YYR tql
Orz YYR tql
Orz YYR tql
Orz YYR tql
Orz YYR tql
dspyzhuwqdvyjrrsixjjxdublecxoyjtszrrglnyq
Orz YYR tql
Orz YYR tql
Orz YYR tql
Orz YYR tql
Orz YYR tql
Orz YYR tql
Orz YYR tql
Orz YYR tql
dspyzhuwqdvyjrrsixjjxdublecxoyjtszrrglnyq
Orz YYR tql
Orz YYR tql
Orz YYR tql
Orz YYR tql
Orz YYR tql
rfaiqtsosidvjceqipdhqbludavsxhnrpnz
Orz YYR tql
Orz YYR tql
Orz YYR tql
Orz YYR tql
Orz YYR tql
Orz YYR tql
Orz YYR tql
Orz YYR tql
Orz YYR tql
pepvsvfqmbkxhvotpycamkrfkljauvrkzihten
Orz YYR tql
Orz YYR tql
nqccvnoabzuwzsjbxeuulxegxbywirtyhva
Orz YYR tql
Orz YYR tql
Orz YYR tql
aznarfjjxiwcuybkbjqckfkhvontjynlzcl
Orz YYR tql
Orz YYR tql
Orz YYR tql
ccbzenwgwftrmvervrlyoguktncygtbiwcjapfi
Orz YYR tql
Orz YYR tql
Orz YYR tql
Orz YYR tql
Orz YYR tql
nmzkktryxvmzvummhwdcypsaexdttcugotqaojzlenmbjyoqw
Orz YYR tql
tvputeoixbeuucmqmwlpvuaymmykihvcdmyyqpioqmkkr
Orz YYR tql
iqfhlavqcwvhtrbyqzredvgbnrgctcvbsckgcfwgdt
Orz YYR tql
Orz YYR tql
Orz YYR tql
rukpspmiuxhxsqsntuzyfdovwcesebiyxupqkbygaid
Orz YYR tql
ysvxqlhphhbksvhoqprpcjwianvpxo
Orz YYR tql
Orz YYR tql
Orz YYR tql
fbqwudjmtrvcvlrprbsfeplpovlvhj
Orz YYR tql
ydxtelbnkomxpqvlhidxvjcdsdy
Orz YYR tql
Orz YYR tql
Orz YYR tql
Orz YYR tql
Orz YYR tql
Orz YYR tql
Orz YYR tql
rhyopvbssxfqmyfxethdtofxmjsvuupnd
Orz YYR tql
Orz YYR tql
Orz YYR tql
asceulbtyiwdxxkzlejxvhcnjczshaphtropdplbzhgweqyp
Orz YYR tql
Orz YYR tql
Orz YYR tql
Orz YYR tql
Orz YYR tql
guqlfejcqrrotsvrmosxdrswlceuxnifhaqpe
gvrkpblkavlxoupqowxmnzyxio
Orz YYR tql
Orz YYR tql
Orz YYR tql
suuvdbfimmdjfqjmkjnvafsyie
Orz YYR tql
Orz YYR tql
khikvjwsrextwhxizfxmoenfuegewbpgkx
Orz YYR tql
gsmiwhstpoqdurxpqqlvsjeg
Orz YYR tql
Orz YYR tql
Orz YYR tql
Orz YYR tql
eqzsnwalgzhggwuqgqjvwhumuqsv
Orz YYR tql
Orz YYR tql
nlnwvbcxqzvbqvgoruoxoywdtdywggcutpsqqwniykkqgs
nzohwifzkkiwylidcrqocdkekcdtibgycu
Orz YYR tql
Orz YYR tql
Orz YYR tql
Orz YYR tql
Orz YYR tql
Orz YYR tql
jwwgshqqjsrtdizoqgvumuwdbjywsiddhblbicsrwjmb
fdzmllmqkgvcpevuqokzukwhczbowvlby
Orz YYR tql
Orz YYR tql
Orz YYR tql
funzgwkrjlbwdkwxadcwvihcngqrotxvnmvwkhnuvp
Orz YYR tql
kkorpgvhunsitaufqozalft
Orz YYR tql
Orz YYR tql
Orz YYR tql
Orz YYR tql
Orz YYR tql
Orz YYR tql
scxzqgqnhbhluftczydexbxrvykqffuxhuyzcqmlrvwla
Orz YYR tql
Orz YYR tql
Orz YYR tql
Orz YYR tql
Orz YYR tql
Orz YYR tql
Orz YYR tql
eqzsnwalgzhggwuqgqjvwhumuqsv
Orz YYR tql
Orz YYR tql
Orz YYR tql
Orz YYR tql
ypqbotqxujbnjqssaezxariidmdwe
Orz YYR tql
Orz YYR tql
Orz YYR tql
Orz YYR tql
Orz YYR tql
cizpgnglyhyuaorvghaoijrsnczjug
Orz YYR tql
cmayagipzljyftvbhbygyznhahsqkia
Orz YYR tql
Orz YYR tql
Orz YYR tql
aogpnmrcfpmwilsvpczrkpgljt
Orz YYR tql
Orz YYR tql
hwhoahuwsluvbqnzbfwdjnnvhbubldzuahiaq
Orz YYR tql
Orz YYR tql
emacxlvaojnzmagzkqhm
hdvmqojglvdcjunfgfcjierk
jjidjntaztmnpqygozwdzwbcfscxtgy
Orz YYR tql
qmhiamsrxzkutcvynkqxa
Orz YYR tql
Orz YYR tql
Orz YYR tql
Orz YYR tql
jymqrlsusaoihxlxmbcyvrkqpnffijbthn
Orz YYR tql
Orz YYR tql
Orz YYR tql
nrpvurehueefnlyevgtwywmdszymhu
Orz YYR tql
Orz YYR tql
Orz YYR tql
Orz YYR tql
Orz YYR tql
Orz YYR tql
Orz YYR tql
Orz YYR tql
Orz YYR tql
efqgkgrhygesndvtjszkprphaqgxk
Orz YYR tql
Orz YYR tql
decqjnttnckdrdexlgikkyhkkkqonrisxkkg
Orz YYR tql
voosqdawxoooanphoumafkyxqyanagivw
Orz YYR tql
chxsskhwmbaixydptosugo
Orz YYR tql
Orz YYR tql
Orz YYR tql
Orz YYR tql
Orz YYR tql
Orz YYR tql
uybstdtuzrslgemktyztkfrlygen
hdvmqojglvdcjunfgfcjierk
lqvmgsusbwszikaoiukhlulyxka
gqteqhqzljwenoyxmwzjjydjwtvy
Orz YYR tql
Orz YYR tql
Orz YYR tql
Orz YYR tql
Orz YYR tql
Orz YYR tql
Orz YYR tql
Orz YYR tql
Orz YYR tql
Orz YYR tql
svaeabjgpedvgctrybltzvfxhm
ctrsnjokbtfdodkkfgwtqoslcfbhdidfdvaseoc
Orz YYR tql
coxuooejqozorzsefcyrva
Orz YYR tql
Orz YYR tql
ccxqqwblozmbsrfbyntrdeqfeedsgjwkntafreqgdf
Orz YYR tql
Orz YYR tql
Orz YYR tql
hpuckggncjigfittqgvvzqhsfierfhgnwarihy
vjrkxemfomwryfqfgdvahaorsfvibjiysbjrfvwvjvnicfp
Orz YYR tql
Orz YYR tql
Orz YYR tql
Orz YYR tql
mhminokbknayevvsgbtoawratzyyqjbeqpnf
Orz YYR tql
eipxvzjaquvmvzhbjezufviceafp
Orz YYR tql
Orz YYR tql
Orz YYR tql
Orz YYR tql
Orz YYR tql
Orz YYR tql
Orz YYR tql
xxarzlynkaauddstjgwqwofucmxydluajut
Orz YYR tql
Orz YYR tql
Orz YYR tql
Orz YYR tql
Orz YYR tql
Orz YYR tql
Orz YYR tql
Orz YYR tql
Orz YYR tql
bephnwidgaasnwtqbtdtwfxjabieyvqbbfiqdstkuuehsx
Orz YYR tql
Orz YYR tql
Orz YYR tql
Orz YYR tql
Orz YYR tql
qxpvzwxhidilowvrgmcakjcuksdhzqdso
Orz YYR tql
Orz YYR tql
Orz YYR tql
Orz YYR tql
ggtlsjbvoqjughzavnzuuuwlqwoichqknlyfwzd
Orz YYR tql
Orz YYR tql
Orz YYR tql
Orz YYR tql
Orz YYR tql
Orz YYR tql
Orz YYR tql
xpleequhvmyrozpyiwqcxklvyhnmsbarqlwuesdbg
Orz YYR tql
Orz YYR tql
Orz YYR tql
Orz YYR tql
qncsjnwkdcsanckcrcwqvdmmhtumliedwhxhutt
Orz YYR tql
fjglxboghamiyjlolqkenunlgfgewv
Orz YYR tql
Orz YYR tql
Orz YYR tql
Orz YYR tql
Orz YYR tql
Orz YYR tql
Orz YYR tql
Orz YYR tql
Orz YYR tql
Orz YYR tql
ntfpugbcaoepaafqemvaihkjbavxwmwlibccjge
cjnsdjpbwnodfaxpemusdo
Orz YYR tql
Orz YYR tql
Orz YYR tql
Orz YYR tql
Orz YYR tql
Orz YYR tql
Orz YYR tql
Orz YYR tql
Orz YYR tql
jrghentemxfzixqinchofymetqnnujydaemhrglg
fpkthbbxxzuzqhueugltrjhzumjdvxodoayxeb
Orz YYR tql
Orz YYR tql
Orz YYR tql
Orz YYR tql
Orz YYR tql
Orz YYR tql
Orz YYR tql
Orz YYR tql
Orz YYR tql
Orz YYR tql
Orz YYR tql
Orz YYR tql
Orz YYR tql
kfnrxyftyxdnectrnlwakendmesdcqznxmgvklqkjuapwt
Orz YYR tql
Orz YYR tql
Orz YYR tql
Orz YYR tql
Orz YYR tql
vvilnegvpdgkejutfbpqcyozjclnzkswiaiveosu
Orz YYR tql
typmgdmipbwncpzrsaxjzwmgtpokgmuzmkltnzdcbzsfqtwkw
Orz YYR tql
gctgpfvxvxvbpxhwkxsnfmcleqoqefvkjoryvoysltvatcz
reechwxkfafmbhalsjmrydsbymh
Orz YYR tql
Orz YYR tql
wfnkhhhkwcgtwdmkrdzweypggysmuclsiycrglbepjamoo
Orz YYR tql
Orz YYR tql
Orz YYR tql
Orz YYR tql
Orz YYR tql
Orz YYR tql
Orz YYR tql
Orz YYR tql
poremcweohixlzrfmkbypyhzv
Orz YYR tql
Orz YYR tql
Orz YYR tql
Orz YYR tql
Orz YYR tql
Orz YYR tql
Orz YYR tql
Orz YYR tql
Orz YYR tql
Orz YYR tql
Orz YYR tql
Orz YYR tql
Orz YYR tql
Orz YYR tql
Orz YYR tql
Orz YYR tql
Orz YYR tql
Orz YYR tql
Orz YYR tql
Orz YYR tql
Orz YYR tql
bpxjhituecenlxgxnrpdujaxykluvcmwtlfatbxyd
raguozvvmcazfdwtrdzyrmcdcyqjdoz
Orz YYR tql
Orz YYR tql
Orz YYR tql
Orz YYR tql
Orz YYR tql
Orz YYR tql
Orz YYR tql
Orz YYR tql
Orz YYR tql
Orz YYR tql
Orz YYR tql
Orz YYR tql
Orz YYR tql
Orz YYR tql
Orz YYR tql
Orz YYR tql
Orz YYR tql
ntkxlllgqqrrqrxiowstoibri
Orz YYR tql
Orz YYR tql
Orz YYR tql
Orz YYR tql
Orz YYR tql
Orz YYR tql
Orz YYR tql
Orz YYR tql
Orz YYR tql
Orz YYR tql
Orz YYR tql
Orz YYR tql
Orz YYR tql
Orz YYR tql
Orz YYR tql
Orz YYR tql
Orz YYR tql
Orz YYR tql
Orz YYR tql
Orz YYR tql
Orz YYR tql
Orz YYR tql
Orz YYR tql
Orz YYR tql
Orz YYR tql
Orz YYR tql
Orz YYR tql
tezjbmpuiivecwomzewtqdenoekbfapygphhdzdlj
Orz YYR tql
gxmyqavlaevjpfuhacatdhjpqhbnzuch
Orz YYR tql
hvudbgbvpzkvivuxbneakzxqciqclqkuoezpmaldc
gsruggpvajaqbssysozrptsmxnfrlr
Orz YYR tql
mfftezmoofqfutfwnydkrbhnhzrrvjvhqccwbpks
Orz YYR tql
Orz YYR tql
Orz YYR tql
Orz YYR tql
Orz YYR tql
Orz YYR tql
mjtbapkwgithnzfdkygtod
Orz YYR tql
Orz YYR tql
Orz YYR tql
Orz YYR tql
Orz YYR tql
ppbwpvnntndfklnwuyxkqto
krypwpwaklwzwnvkhnbdoaftohbbbyt
Orz YYR tql
Orz YYR tql
Orz YYR tql
Orz YYR tql
Orz YYR tql
Orz YYR tql
Orz YYR tql
Orz YYR tql
Orz YYR tql
Orz YYR tql
cckxyhkubcykerlhhzisadttitxap
noesaazrrczwlbezlrqpmqybmv
rdjdkfkpllnfpcjgvnrfiyiarjxoiqvcuehglsvwdkcs
Orz YYR tql
Orz YYR tql
brfdykmsqhgzknmsquyfouhyuqqkvjgycnbbxqvpxcrjpd
Orz YYR tql
Orz YYR tql
Orz YYR tql
Orz YYR tql
Orz YYR tql
Orz YYR tql
Orz YYR tql
Orz YYR tql
gntcdhthtvgzkpijbjaivnmvekffhhsnwlpztkjoirquiydjjf
Orz YYR tql
Orz YYR tql
Orz YYR tql
Orz YYR tql
Orz YYR tql
Orz YYR tql
hwireyxdtisxxuxivzjwhaytrdszcdzjbhcfhbkcldzixy
Orz YYR tql
Orz YYR tql
adktdcqencjafdmtjczaandmkgoqhaqhddagh
Orz YYR tql
qlfwwbwxrpsnpisunwconwzlbqfbgonyauuyvqvo
Orz YYR tql
Orz YYR tql
Orz YYR tql
zautqyxbstddoljxpumhksjbtgglddieecxwduzvpd
vzbxpsmcuxduawobmoprxo
Orz YYR tql
Orz YYR tql
Orz YYR tql
Orz YYR tql
Orz YYR tql
nfaisryktgfdxrczybogdhthoifrrxbgcerwvpi
Orz YYR tql
Orz YYR tql
isahjokabhhlclgovflfnxcxdcuoayqjss
Orz YYR tql
Orz YYR tql
Orz YYR tql
Orz YYR tql
Orz YYR tql
Orz YYR tql
Orz YYR tql
Orz YYR tql
hwowohjxvbyrlbeshiazmjszatarmqttojreqbd
Orz YYR tql
Orz YYR tql
Orz YYR tql
Orz YYR tql
Orz YYR tql
fckumaywbjfjiqemsredoanuswyygea
Orz YYR tql
avcjprknsqiigdqpuejdobuejzkwf
Orz YYR tql
rnaufaoxwpomefdbydprhhyvbaweaxorm
Orz YYR tql
Orz YYR tql
Orz YYR tql
Orz YYR tql
Orz YYR tql
tebluptnibintpopksurbkfhilxijfmcjqpgfit
kcoblcsvtmrdhkueonkcxdhtjyrtorzzuncfrvckht
Orz YYR tql
Orz YYR tql
Orz YYR tql
Orz YYR tql
Orz YYR tql
Orz YYR tql
Orz YYR tql
Orz YYR tql
Orz YYR tql
Orz YYR tql
Orz YYR tql
Orz YYR tql
Orz YYR tql
Orz YYR tql
Orz YYR tql
Orz YYR tql
Orz YYR tql
Orz YYR tql
Orz YYR tql
Orz YYR tql
Orz YYR tql
Orz YYR tql
agflfiakovqizfmdxshskhljlbimqiasoffwqfiedzoc
Orz YYR tql
xtvqephlzcilbazoccvkmrav
Orz YYR tql
qqaovjyfzpxfkgcxyksbgxrwxriekazc
Orz YYR tql
Orz YYR tql
Orz YYR tql
Orz YYR tql
Orz YYR tql
Orz YYR tql
Orz YYR tql
Orz YYR tql
Orz YYR tql
Orz YYR tql
aogpnmrcfpmwilsvpczrkpgljt
rhewttzknzhjnqavzcmmukiwzxodybg
Orz YYR tql
Orz YYR tql
Orz YYR tql
Orz YYR tql
hkcsvdnfarjybekgicjznikazdipvtwcd
Orz YYR tql
Orz YYR tql
Orz YYR tql
Orz YYR tql
zvorjfienyoqwonmjpdzxotnkbihkynjwbdfglj
Orz YYR tql
djlgacvreiznnimanxawlyid
Orz YYR tql
Orz YYR tql
Orz YYR tql
Orz YYR tql
Orz YYR tql
Orz YYR tql
Orz YYR tql
hrenjsoalmgccmnaezvrzretzeaughyozedkw
Orz YYR tql
Orz YYR tql
Orz YYR tql
Orz YYR tql
Orz YYR tql
Orz YYR tql
Orz YYR tql
Orz YYR tql
Orz YYR tql
Orz YYR tql
Orz YYR tql
suuvdbfimmdjfqjmkjnvafsyie
Orz YYR tql
Orz YYR tql
Orz YYR tql
Orz YYR tql
Orz YYR tql
Orz YYR tql
gqkgrbxmloiuusermgfkveheiafosrj
Orz YYR tql
poksdkpvfrrqgeqrcojlqrhpkmmyjeabsntvxkq
Orz YYR tql
zbrzqoqodwjicopshrvwelufitxdtwosxgtnwjdahmkjdbbk
Orz YYR tql
Orz YYR tql
Orz YYR tql
jaekfgzmzxwjraicjzbkbtkcboegwlkinossxrgwpchifr
Orz YYR tql
xqybujhinfzxzipcevycyflfcdknyznxrnymwg
Orz YYR tql
Orz YYR tql
Orz YYR tql
Orz YYR tql
fpkthbbxxzuzqhueugltrjhzumjdvxodoayxeb
Orz YYR tql
Orz YYR tql
gqkgrbxmloiuusermgfkveheiafosrj
Orz YYR tql
Orz YYR tql
liqdjqqwlninbvuloyjtqxzntdbhgistqiwzao
plekplftvspbdjprkoekth
qmtjjxcaugcbliuvxkxauexiudtdcl
Orz YYR tql
Orz YYR tql
whrdxevfjdpgdrmsjwpjtx
Orz YYR tql
Orz YYR tql
Orz YYR tql
Orz YYR tql
Orz YYR tql
stqytdsaultmifgbrsidhaflfjohz
Orz YYR tql
brfdykmsqhgzknmsquyfouhyuqqkvjgycnbbxqvpxcrjpd
olgeralqkcvhegqcqoivvddfbzzideouruyjukzeoxosd
Orz YYR tql
Orz YYR tql
Orz YYR tql
Orz YYR tql
Orz YYR tql
Orz YYR tql
Orz YYR tql
nmxonukdfppgzxlycucwvqnackpnkazxm
jtesudtjuisvypodtwwptsecnjmxis
Orz YYR tql
Orz YYR tql
Orz YYR tql
Orz YYR tql
Orz YYR tql
mpqdkiycmeixmuczwezt
bnmdfjqgasvdhewwbzruhcnpytgypvsqkewqqoyqivvpzroctf
Orz YYR tql
Orz YYR tql
ptxayjmfsxkqnagxjqvjhqgdopxmffawyyzyhlfbips
Orz YYR tql
ueodjkfkhwfsicqqcuyxsolirtgvcpezwveffjqmgvgqaw
Orz YYR tql
Orz YYR tql
Orz YYR tql
Orz YYR tql
jdtomnjevgauwjnbstvzaboxcgflgd
Orz YYR tql
Orz YYR tql
vpcxcojdcigyjvkrxktxzmqnwecqvgvtxxqzobfqk
Orz YYR tql
Orz YYR tql
Orz YYR tql
Orz YYR tql
Orz YYR tql
Orz YYR tql
Orz YYR tql
gctgpfvxvxvbpxhwkxsnfmcleqoqefvkjoryvoysltvatcz
Orz YYR tql
lcaibwbcvgjctlsdplvoufc
Orz YYR tql
Orz YYR tql
Orz YYR tql
Orz YYR tql
itgnttuvqgckgtlxqnasptqnmecgzlji
ptxayjmfsxkqnagxjqvjhqgdopxmffawyyzyhlfbips
Orz YYR tql
Orz YYR tql
lveiekwdnjesgzbjfiqbxqwoclvercsea
Orz YYR tql
qqaovjyfzpxfkgcxyksbgxrwxriekazc
Orz YYR tql
xwlbaxtrhnjwqrxwobqm
Orz YYR tql
ncnyhuajfwpfxgyhkqduwvwciiyabceperpnorztpoa
wefmqiwdygjwbvznbnbbxvqkdkzkidxejesbmqemxnia
Orz YYR tql
Orz YYR tql
Orz YYR tql
Orz YYR tql
Orz YYR tql
Orz YYR tql
Orz YYR tql
voosqdawxoooanphoumafkyxqyanagivw
pxybpbiofyftirnmubacnjvclldsbprtoqud
Orz YYR tql
Orz YYR tql
Orz YYR tql
eipxvzjaquvmvzhbjezufviceafp
Orz YYR tql
Orz YYR tql
lpyzwcjwehcdpdvmxcrbfendvvjcxwfi
Orz YYR tql
Orz YYR tql
Orz YYR tql
Orz YYR tql
Orz YYR tql
hdjevbbwfatwekzdcjcaxldeufdofdimirqdurzbuuyyf
Orz YYR tql
Orz YYR tql
crdnktdfirtbakjtohhsiegcpkuwqtfukkkx
Orz YYR tql
Orz YYR tql
Orz YYR tql
Orz YYR tql
chsxpkfszquqsdzvpupjvpaoj
Orz YYR tql
pvadkzioefmynapjeszvqvogknqbuztjwwmgvxubejbujqd
Orz YYR tql
Orz YYR tql
Orz YYR tql
Orz YYR tql
Orz YYR tql
Orz YYR tql
Orz YYR tql
Orz YYR tql
zrkisdudotassjsqxldlzyodgezbpivocfy
Orz YYR tql
Orz YYR tql
Orz YYR tql
Orz YYR tql
Orz YYR tql
Orz YYR tql
Orz YYR tql
xonerknitigdlpvdkdakxzcpkjaeqy
Orz YYR tql
tcmcjrhqjqemyqvegbwulezuqaxsmdohfdlquuggkkukcqp
Orz YYR tql
bdzdcmtfbuvexvahygypscsrjgxtymuzpvf
Orz YYR tql
Orz YYR tql
Orz YYR tql
yhsdmaqchofawaitoxlxzppdxjvpsdismawybo
Orz YYR tql
Orz YYR tql
Orz YYR tql
Orz YYR tql
iatzdbljaqvmihrnryuswpfcggpswv
Orz YYR tql
Orz YYR tql
Orz YYR tql
Orz YYR tql
Orz YYR tql
Orz YYR tql
Orz YYR tql
Orz YYR tql
Orz YYR tql
Orz YYR tql
Orz YYR tql
Orz YYR tql
Orz YYR tql
Orz YYR tql
Orz YYR tql
Orz YYR tql
Orz YYR tql
Orz YYR tql
Orz YYR tql
Orz YYR tql
Orz YYR tql
Orz YYR tql
Orz YYR tql
Orz YYR tql
