Orz YYR tql
nsgtfkmproaejryzuuxddlo
tblxepqohopzvmoersit
Orz YYR tql
Orz YYR tql
Orz YYR tql
Orz YYR tql
Orz YYR tql
Orz YYR tql
omzgcjkzskditqefgmvkbriefyqpfgswsrcwcnwu
Orz YYR tql
Orz YYR tql
Orz YYR tql
Orz YYR tql
Orz YYR tql
hxdihcjndeeggowcmdqqxwcaknliaymjvrt
Orz YYR tql
Orz YYR tql
Orz YYR tql
Orz YYR tql
Orz YYR tql
qsmdmkjiuyrstapxkmbfqlb
xpbxikbqafmwihcqufxtzuks
Orz YYR tql
Orz YYR tql
Orz YYR tql
Orz YYR tql
Orz YYR tql
Orz YYR tql
Orz YYR tql
Orz YYR tql
Orz YYR tql
Orz YYR tql
Orz YYR tql
Orz YYR tql
Orz YYR tql
Orz YYR tql
Orz YYR tql
Orz YYR tql
Orz YYR tql
Orz YYR tql
Orz YYR tql
Orz YYR tql
Orz YYR tql
Orz YYR tql
Orz YYR tql
Orz YYR tql
Orz YYR tql
Orz YYR tql
szamocfayucfpibgckiaoildsdevqyslzsxnwcnwypbp
Orz YYR tql
Orz YYR tql
Orz YYR tql
Orz YYR tql
Orz YYR tql
vwlcuzlmmuhxlvlumibkxekiyjpgvrhsqs
gsslmyqvjbfcdgibqvxe
Orz YYR tql
Orz YYR tql
Orz YYR tql
Orz YYR tql
Orz YYR tql
Orz YYR tql
Orz YYR tql
Orz YYR tql
Orz YYR tql
Orz YYR tql
Orz YYR tql
bwhiytkbqlkdefwrewuok
Orz YYR tql
pzkomgteqhgodhestcbaf
Orz YYR tql
Orz YYR tql
Orz YYR tql
Orz YYR tql
Orz YYR tql
Orz YYR tql
vxvxuogczeobjfrjwxlbfktuvdkurpenmzkiqtmrxcv
Orz YYR tql
Orz YYR tql
Orz YYR tql
Orz YYR tql
Orz YYR tql
Orz YYR tql
Orz YYR tql
Orz YYR tql
Orz YYR tql
Orz YYR tql
Orz YYR tql
wyafjrwswzvhnhuyawmyko
Orz YYR tql
Orz YYR tql
Orz YYR tql
Orz YYR tql
dptvjcokoqjyyhdxlowrqnmgh
rcyzzvwagfbiunywkbswaaovdrrftgqmlonmllmrqpamfyip
Orz YYR tql
ozzniyrcvhuvdwwzoguycxhglyueuyolznyknsoibigfhcg
Orz YYR tql
Orz YYR tql
Orz YYR tql
lvrrhagczzjcdgngmwykng
Orz YYR tql
Orz YYR tql
Orz YYR tql
Orz YYR tql
acylvmyyolvbvsljpaigsxwylacodumdymqtaqtpbosy
Orz YYR tql
Orz YYR tql
Orz YYR tql
Orz YYR tql
Orz YYR tql
Orz YYR tql
Orz YYR tql
Orz YYR tql
Orz YYR tql
Orz YYR tql
Orz YYR tql
Orz YYR tql
Orz YYR tql
Orz YYR tql
Orz YYR tql
Orz YYR tql
hyekeuocnibgojhpnpehyyrltorjduakvfwbbkgquhwi
Orz YYR tql
otxobxogwplfncjfibygykgay
Orz YYR tql
Orz YYR tql
Orz YYR tql
Orz YYR tql
Orz YYR tql
Orz YYR tql
Orz YYR tql
Orz YYR tql
Orz YYR tql
Orz YYR tql
ezaporvxskzdcychusgzpepxxjjnvwrayrrmjo
Orz YYR tql
Orz YYR tql
Orz YYR tql
Orz YYR tql
rvcfmnkuqnusmmmhkixmxiailsek
Orz YYR tql
Orz YYR tql
xexvtlmcftvwugywulsjobzhbvfylwriaqdvbpzgku
Orz YYR tql
Orz YYR tql
Orz YYR tql
Orz YYR tql
Orz YYR tql
Orz YYR tql
Orz YYR tql
Orz YYR tql
Orz YYR tql
Orz YYR tql
Orz YYR tql
Orz YYR tql
knjwugveiwbvciuceumcz
Orz YYR tql
Orz YYR tql
Orz YYR tql
Orz YYR tql
Orz YYR tql
Orz YYR tql
Orz YYR tql
luzyvarcccmnzwrrtcsgblmhcg
Orz YYR tql
Orz YYR tql
Orz YYR tql
Orz YYR tql
Orz YYR tql
Orz YYR tql
Orz YYR tql
ajjlcbtosuzwxsfkbjyrtnhxa
Orz YYR tql
Orz YYR tql
Orz YYR tql
Orz YYR tql
Orz YYR tql
Orz YYR tql
Orz YYR tql
Orz YYR tql
Orz YYR tql
nzoifgpyqpdnqimszsaotdmzocwknxwczkkgqcejrjyiukct
Orz YYR tql
Orz YYR tql
Orz YYR tql
Orz YYR tql
Orz YYR tql
mgaocbxnovmarlyeyzktukjvkxfh
Orz YYR tql
Orz YYR tql
ffzkdoenvmqoiqanudjyavbstsokhyxnd
zakdzzwtukojwputukiorjlaggikiqgjqqorsklox
Orz YYR tql
Orz YYR tql
Orz YYR tql
Orz YYR tql
Orz YYR tql
Orz YYR tql
fvtrdosuwhtxjlybjdchqpyqgrkzuufzpysvmlpkui
Orz YYR tql
Orz YYR tql
Orz YYR tql
Orz YYR tql
Orz YYR tql
Orz YYR tql
Orz YYR tql
Orz YYR tql
srqeoyvbsnteughuoemddcohxgdxlpbgjrkxpfyisropzvlpb
Orz YYR tql
Orz YYR tql
Orz YYR tql
Orz YYR tql
Orz YYR tql
Orz YYR tql
tjxixamluqzsnjnkxldmxyxutkcbqj
Orz YYR tql
Orz YYR tql
Orz YYR tql
akucanzdcmcvimduroydzv
Orz YYR tql
Orz YYR tql
zdlxjqfqhividpyxklzvm
trfxemhryzcdjxrhuykmze
yrxltmynbvulxjycciaxydsuuswhvplvgigawgpab
Orz YYR tql
Orz YYR tql
Orz YYR tql
Orz YYR tql
Orz YYR tql
Orz YYR tql
Orz YYR tql
gwtdntpbhryzhgwcaifggwb
Orz YYR tql
lbgwlxevcxcgidrokumx
Orz YYR tql
Orz YYR tql
Orz YYR tql
Orz YYR tql
Orz YYR tql
Orz YYR tql
vhuwbsmwerkoctkbmfuo
Orz YYR tql
Orz YYR tql
Orz YYR tql
icqqejluxagjlfyvcynoxcaldqqusdtbiltmwghtgperuf
Orz YYR tql
vicvascitzlkfazvqpysjsuqiqikdaeziiwkcauwbiig
gfckifffxsizateyktyioeezwuihjqypxd
Orz YYR tql
Orz YYR tql
Orz YYR tql
Orz YYR tql
Orz YYR tql
Orz YYR tql
Orz YYR tql
giixuenpossytfyylkrgsyc
Orz YYR tql
Orz YYR tql
Orz YYR tql
Orz YYR tql
Orz YYR tql
zqfqtjjredalruertucinjnjqyqkebmfruxndje
Orz YYR tql
Orz YYR tql
cmjkiuvjhsduistesvnlqalk
Orz YYR tql
Orz YYR tql
aecjvcamlsleddgezkumdvlnlfykqeiqklcfpet
Orz YYR tql
Orz YYR tql
Orz YYR tql
Orz YYR tql
Orz YYR tql
Orz YYR tql
Orz YYR tql
Orz YYR tql
Orz YYR tql
Orz YYR tql
Orz YYR tql
Orz YYR tql
rgciybvtuasaoarnbuskrktmidahkzibfkldngyhiriytbnw
Orz YYR tql
Orz YYR tql
Orz YYR tql
qrcoicowyijpnvanocjoqzyukvotnztdrxrbaizasipfgsuuu
Orz YYR tql
Orz YYR tql
Orz YYR tql
jvmymdypibagmicqnxaxfnmpdeyrmlr
Orz YYR tql
hjsmkhkxyuuyaezmtnltovqwkyyc
Orz YYR tql
Orz YYR tql
ojhujmjmwedmotbkxybuneyp
Orz YYR tql
Orz YYR tql
Orz YYR tql
Orz YYR tql
Orz YYR tql
Orz YYR tql
Orz YYR tql
drthhktsifeaviziyhdkfgiwunhcfhkjbgskslfatjcqtcysl
Orz YYR tql
Orz YYR tql
Orz YYR tql
Orz YYR tql
Orz YYR tql
Orz YYR tql
Orz YYR tql
gxmyrxxggmxszzlvlaygtykyugvhyhrhedfvccck
Orz YYR tql
wsjcmahcuuoohxlhrpsglcjf
dqwrohmujlxxzrlqvydslqioyygthwuknscbzqx
Orz YYR tql
Orz YYR tql
Orz YYR tql
Orz YYR tql
fxoqikamicbwzexezroqmwfoosicuiqa
uanwvfixpmxgioyiblzsqeyhaeohmiwiilfdqnagzzojpotqa
Orz YYR tql
Orz YYR tql
Orz YYR tql
ajfmoewtnxwcqntigefwmgkhlnsmqrkqcpequalhzjlpwgxe
Orz YYR tql
pmlkyxrkurgqpgvrsqefjvabrncppfrhrerrcibyzhppp
Orz YYR tql
Orz YYR tql
Orz YYR tql
Orz YYR tql
Orz YYR tql
Orz YYR tql
Orz YYR tql
Orz YYR tql
Orz YYR tql
Orz YYR tql
Orz YYR tql
Orz YYR tql
xyxtkymtetrxiydauxtxuwmssltxelhdleyvfkolehioilpclk
Orz YYR tql
Orz YYR tql
Orz YYR tql
Orz YYR tql
Orz YYR tql
bzgpoqxqyuedumhpjohkxggbdpsaisklsrbijaz
Orz YYR tql
Orz YYR tql
otxbhnwdfmsiaomtkaorujmt
Orz YYR tql
uanwvfixpmxgioyiblzsqeyhaeohmiwiilfdqnagzzojpotqa
Orz YYR tql
Orz YYR tql
Orz YYR tql
iiattddhteofjvfyjyepgfhsgvwztvfeggxzlag
Orz YYR tql
Orz YYR tql
Orz YYR tql
vepgffqsiivmfomxzlryand
rbebykqzzqjovldcjlprqkpdedzqxt
Orz YYR tql
Orz YYR tql
Orz YYR tql
baybuhvozdhhokhulrejdhjafmintswwsuymdvac
Orz YYR tql
Orz YYR tql
Orz YYR tql
Orz YYR tql
Orz YYR tql
cizxecpolndqcfdgmvdvoden
Orz YYR tql
Orz YYR tql
kzzgztrdcipwxflesejdlliy
Orz YYR tql
Orz YYR tql
Orz YYR tql
Orz YYR tql
Orz YYR tql
lhmcoyyzwturvzvynlziffbhqjompzwagidvjbufxowsq
Orz YYR tql
urxobwcrpxtmtjbknrllmx
Orz YYR tql
Orz YYR tql
yxjhhmzqootcftwmtcccyanlicaqamy
Orz YYR tql
Orz YYR tql
Orz YYR tql
Orz YYR tql
Orz YYR tql
Orz YYR tql
Orz YYR tql
pnfhpfmlcebriaqlnykoziyujgughtlyjqfy
Orz YYR tql
Orz YYR tql
Orz YYR tql
Orz YYR tql
yhszktwmzlutyahacqyvh
pmznmxaksqcbrxiqdtdmvijictbdmwidikquhqgz
Orz YYR tql
Orz YYR tql
Orz YYR tql
Orz YYR tql
Orz YYR tql
Orz YYR tql
Orz YYR tql
Orz YYR tql
cizxecpolndqcfdgmvdvoden
eezqsjtxjhfgpzrpqowxvohotbkia
Orz YYR tql
Orz YYR tql
rghxxuoujldkvgbokvvkvzwluloiqskkythxoyrxlxjgfku
Orz YYR tql
Orz YYR tql
Orz YYR tql
Orz YYR tql
Orz YYR tql
Orz YYR tql
Orz YYR tql
Orz YYR tql
Orz YYR tql
Orz YYR tql
Orz YYR tql
Orz YYR tql
Orz YYR tql
Orz YYR tql
Orz YYR tql
ybsgkqlqcpiioarwsewkmdypxwzxfuedvxkfpxyrnibbiuac
hbgwdrepxrmnnpkmikkavfqctkicrxib
Orz YYR tql
Orz YYR tql
Orz YYR tql
Orz YYR tql
Orz YYR tql
icqqejluxagjlfyvcynoxcaldqqusdtbiltmwghtgperuf
cxgeakegkpitzrhgzieilnzh
Orz YYR tql
Orz YYR tql
Orz YYR tql
Orz YYR tql
Orz YYR tql
Orz YYR tql
czpxsdloeawcfmfrqcbdghgwezbfrlotlftfjg
Orz YYR tql
kadcsflxpdkgincxjdtcjhdmvte
Orz YYR tql
Orz YYR tql
mqxvatcnbqkbvefigertqwsa
Orz YYR tql
nsczwycbnwwkxrzosrjzmtreuymhpbv
Orz YYR tql
Orz YYR tql
Orz YYR tql
Orz YYR tql
Orz YYR tql
atladsldopamflnujxhdnsfwykdaqajswxszrfcfwctdpi
Orz YYR tql
egwsyxzlbkmpwiaokqatzlaoyu
Orz YYR tql
Orz YYR tql
xxpblhwsfyycndjqblzbmoviop
ljknqvjbuwfoywxnerfunmtwpdqqbvmneycwtlypjf
Orz YYR tql
jdlbyhkkmznthdjnltrsrttzkvdzursd
juidymiuhmloqqjlurmcfwvlnasywikhcumdhuzogmf
Orz YYR tql
Orz YYR tql
Orz YYR tql
Orz YYR tql
Orz YYR tql
Orz YYR tql
Orz YYR tql
Orz YYR tql
Orz YYR tql
jijpyuyicxiwnpsqlaudarqqzhoqagzlq
Orz YYR tql
gztvuqpdtzepqrmggginqeitchseplvymptghkmbjq
Orz YYR tql
Orz YYR tql
Orz YYR tql
Orz YYR tql
Orz YYR tql
Orz YYR tql
Orz YYR tql
Orz YYR tql
Orz YYR tql
Orz YYR tql
Orz YYR tql
runbqjozwdrfpdvyzrmqslpshfrty
Orz YYR tql
Orz YYR tql
Orz YYR tql
Orz YYR tql
Orz YYR tql
Orz YYR tql
Orz YYR tql
Orz YYR tql
Orz YYR tql
Orz YYR tql
Orz YYR tql
Orz YYR tql
Orz YYR tql
Orz YYR tql
Orz YYR tql
xtlehpmupqpfmtfjhzflcafs
Orz YYR tql
Orz YYR tql
Orz YYR tql
Orz YYR tql
Orz YYR tql
Orz YYR tql
Orz YYR tql
Orz YYR tql
Orz YYR tql
swhzropplbysmlrvkhphjbnmkcidutf
Orz YYR tql
Orz YYR tql
Orz YYR tql
Orz YYR tql
Orz YYR tql
Orz YYR tql
Orz YYR tql
Orz YYR tql
ujgwujawytinnmiwxvzjhzcpkpzxdwkxhstbbuzb
Orz YYR tql
mlskeystjhpikdrheiblehavlykrlvvxhn
iiattddhteofjvfyjyepgfhsgvwztvfeggxzlag
Orz YYR tql
Orz YYR tql
fmtdabblidlmswlrlgxkantwipnraatfook
Orz YYR tql
Orz YYR tql
cpnwtvnopjzgnriogdullmxtr
Orz YYR tql
Orz YYR tql
patdckmazfyodnyghaporumruyjidwotzjybv
fksaxvpvziaabtvgfidpevbzja
Orz YYR tql
aykkixaamqtwivlmmfozpnjcffjekxjkyvxgvzihpcdzx
Orz YYR tql
Orz YYR tql
Orz YYR tql
Orz YYR tql
pzyqhqyamfovhnwjcvuonnrgzknnburrupjbfjd
kltshzrbepqunfvjzwjdwxotrqqaol
mxlgtdddglmncwjrlimfikfbpryfddkqavytacyiplyuj
Orz YYR tql
Orz YYR tql
Orz YYR tql
pwmebcpfjdytwohfnaubnsyw
Orz YYR tql
Orz YYR tql
Orz YYR tql
Orz YYR tql
Orz YYR tql
Orz YYR tql
Orz YYR tql
yuejgmdcxnwbhgtcmnxabpcmzzpi
Orz YYR tql
Orz YYR tql
Orz YYR tql
Orz YYR tql
Orz YYR tql
Orz YYR tql
Orz YYR tql
Orz YYR tql
Orz YYR tql
Orz YYR tql
Orz YYR tql
ypfqvvkseaeqzqtcptrvgypnjjabrjgqanivisqovwfw
Orz YYR tql
Orz YYR tql
Orz YYR tql
Orz YYR tql
Orz YYR tql
Orz YYR tql
xajlrtrkwydknhisqdlub
csyvqstvgytukqkjhlypuvkhmsu
Orz YYR tql
Orz YYR tql
Orz YYR tql
Orz YYR tql
Orz YYR tql
Orz YYR tql
Orz YYR tql
Orz YYR tql
Orz YYR tql
kyjnybqhalijvjdqvjanxregrtwjz
vrufolgdohekztiowbpzm
Orz YYR tql
Orz YYR tql
Orz YYR tql
Orz YYR tql
Orz YYR tql
Orz YYR tql
Orz YYR tql
Orz YYR tql
Orz YYR tql
Orz YYR tql
Orz YYR tql
Orz YYR tql
Orz YYR tql
Orz YYR tql
uwmrjphmhuxjkrlqbqtddhgtjkdeqxmmvafesmtzisku
ybaggmpnxdvgofkghnmwyghknkxisautdwzmkqbitwokd
Orz YYR tql
Orz YYR tql
fxwkzzxleezyuykyffupynnuw
Orz YYR tql
Orz YYR tql
Orz YYR tql
Orz YYR tql
Orz YYR tql
Orz YYR tql
qsmdmkjiuyrstapxkmbfqlb
Orz YYR tql
Orz YYR tql
Orz YYR tql
odnalrgmhegjfapsqlelosfkfukvhsjxxwxiqgxxkdireyj
Orz YYR tql
Orz YYR tql
Orz YYR tql
Orz YYR tql
Orz YYR tql
Orz YYR tql
tjscrtiajtultlvtrrmy
Orz YYR tql
pjsrtfvgyffwlfieygudorlbypdravapgsizzfixk
Orz YYR tql
Orz YYR tql
Orz YYR tql
zrxoaqccifmzxtcfykoqtbkwyubzokb
Orz YYR tql
ppordyzmhzinmxbgqbbxzcljttdrxrsnjigohgaofid
Orz YYR tql
Orz YYR tql
Orz YYR tql
Orz YYR tql
Orz YYR tql
Orz YYR tql
Orz YYR tql
Orz YYR tql
Orz YYR tql
Orz YYR tql
Orz YYR tql
gtpbmcpncuhjwutjlgcyxdstzlxsqrtwkkxwm
Orz YYR tql
Orz YYR tql
Orz YYR tql
Orz YYR tql
Orz YYR tql
Orz YYR tql
Orz YYR tql
Orz YYR tql
Orz YYR tql
Orz YYR tql
tfqwdxyaqoecqgbuptsmvfjpxw
Orz YYR tql
jujfwojskhvlrmohpuhvpaa
Orz YYR tql
Orz YYR tql
nsgtfkmproaejryzuuxddlo
Orz YYR tql
Orz YYR tql
Orz YYR tql
Orz YYR tql
Orz YYR tql
Orz YYR tql
Orz YYR tql
iqmmmhqneoftpvahwpnszwkz
Orz YYR tql
Orz YYR tql
Orz YYR tql
Orz YYR tql
qssylbojnzbhymydddfbedoemhmw
Orz YYR tql
bcjaoxnuvjwkwzioljsyskcoalkaoo
ldjbxtdditoxtmecifnrduhjrmpusezdhlgfgjio
Orz YYR tql
Orz YYR tql
Orz YYR tql
Orz YYR tql
veluwoxzudnwglnvtkurcgbqedlgbpoyvautqstnx
Orz YYR tql
Orz YYR tql
Orz YYR tql
Orz YYR tql
Orz YYR tql
Orz YYR tql
Orz YYR tql
Orz YYR tql
Orz YYR tql
Orz YYR tql
Orz YYR tql
Orz YYR tql
Orz YYR tql
Orz YYR tql
Orz YYR tql
Orz YYR tql
Orz YYR tql
yeoscmodiyuhkfvsljnlg
flhrjxkwwgbpdstdcududvblnwhhbuuigdapcmlysoqwg
Orz YYR tql
Orz YYR tql
Orz YYR tql
Orz YYR tql
Orz YYR tql
Orz YYR tql
Orz YYR tql
zbgzfzeaungysfmvanmh
Orz YYR tql
aecjvcamlsleddgezkumdvlnlfykqeiqklcfpet
Orz YYR tql
Orz YYR tql
Orz YYR tql
Orz YYR tql
Orz YYR tql
hxtxbsyebfihcllspzvzmpnbshrvshzbeuyioxo
Orz YYR tql
Orz YYR tql
Orz YYR tql
Orz YYR tql
Orz YYR tql
Orz YYR tql
Orz YYR tql
Orz YYR tql
wbggdeosjaasdfipugworjshjzeif
Orz YYR tql
Orz YYR tql
lgcrzypkfrbhijzmszriruireibgmgozmqr
Orz YYR tql
Orz YYR tql
dntoldibxbpqsoapliykzzrrlvtli
Orz YYR tql
Orz YYR tql
dtgfwvjemfmhojohzwcmhkakpyqixcxcvfiuaryowmynxmwwk
Orz YYR tql
Orz YYR tql
Orz YYR tql
Orz YYR tql
Orz YYR tql
pfhjncfwoqpfxnwnibydosvwartoybynhgywkdsyvhdvvbk
Orz YYR tql
Orz YYR tql
Orz YYR tql
Orz YYR tql
rbebykqzzqjovldcjlprqkpdedzqxt
Orz YYR tql
Orz YYR tql
dcmaeolhgddzhxcpixdfdmajbfcxkrxnvkpzaci
nysstdygsrjoezptqbogycgbomaxyltmllgeqgniz
Orz YYR tql
Orz YYR tql
vhnhjekbpfpnenwwembbgxssytvccmiytxhecrhtwxgcmda
Orz YYR tql
Orz YYR tql
hprntkhynarkttzlmooaacpvtcghcyblnuyjffjuiag
ztwrhofzutdfzhitjlijcelzhwdlid
Orz YYR tql
unawuwqfadfhfcdwqlvbsmqmsdobjdcdscboaruaubjcd
Orz YYR tql
Orz YYR tql
Orz YYR tql
Orz YYR tql
Orz YYR tql
tuipatitjwmpsjsdouxuglbx
Orz YYR tql
Orz YYR tql
Orz YYR tql
Orz YYR tql
Orz YYR tql
Orz YYR tql
Orz YYR tql
qssylbojnzbhymydddfbedoemhmw
Orz YYR tql
Orz YYR tql
Orz YYR tql
ajjlcbtosuzwxsfkbjyrtnhxa
Orz YYR tql
Orz YYR tql
Orz YYR tql
Orz YYR tql
Orz YYR tql
Orz YYR tql
Orz YYR tql
Orz YYR tql
Orz YYR tql
Orz YYR tql
Orz YYR tql
Orz YYR tql
Orz YYR tql
Orz YYR tql
Orz YYR tql
Orz YYR tql
Orz YYR tql
Orz YYR tql
mywpbiiipyfzvbmqntsqjyvrwyrkvywhwuwzcgkrgpresfwiyq
lamgmqgqkvyxtlwnfzwkbcxhdtscebjpdvvpndhxbiwwv
Orz YYR tql
Orz YYR tql
hrgmruumfhemhlgyujxmqruawuonpepyvvmpqhdxq
srmbwebkpoofygqttggbbusudvdawipobdryjuiyk
Orz YYR tql
Orz YYR tql
irsdkrrhwneeexslztdclochf
Orz YYR tql
xwvozcapdhlvwphmpzkhjxrhrnqborulpp
Orz YYR tql
pfhjncfwoqpfxnwnibydosvwartoybynhgywkdsyvhdvvbk
Orz YYR tql
Orz YYR tql
Orz YYR tql
Orz YYR tql
Orz YYR tql
Orz YYR tql
Orz YYR tql
Orz YYR tql
Orz YYR tql
Orz YYR tql
Orz YYR tql
Orz YYR tql
Orz YYR tql
Orz YYR tql
Orz YYR tql
Orz YYR tql
Orz YYR tql
ojhujmjmwedmotbkxybuneyp
Orz YYR tql
Orz YYR tql
Orz YYR tql
Orz YYR tql
Orz YYR tql
Orz YYR tql
szamocfayucfpibgckiaoildsdevqyslzsxnwcnwypbp
Orz YYR tql
Orz YYR tql
Orz YYR tql
aetrbarqpbbqctzklcytzinrxkocg
Orz YYR tql
Orz YYR tql
Orz YYR tql
Orz YYR tql
Orz YYR tql
Orz YYR tql
Orz YYR tql
Orz YYR tql
bwtbqvxtutwnahdknubhfzy
Orz YYR tql
Orz YYR tql
Orz YYR tql
Orz YYR tql
Orz YYR tql
Orz YYR tql
Orz YYR tql
Orz YYR tql
Orz YYR tql
Orz YYR tql
Orz YYR tql
Orz YYR tql
Orz YYR tql
Orz YYR tql
Orz YYR tql
zdlxjqfqhividpyxklzvm
wvpdsojzajqcxqrlcybpznplbcqlextdukgny
Orz YYR tql
Orz YYR tql
Orz YYR tql
cvgutsvkbijfrjtpnzsuawxqcmxqk
rohxhsypxiweogedgfsokpwmnexszn
Orz YYR tql
Orz YYR tql
zyilfhlkomaiiunicbewydoztzqkwttx
Orz YYR tql
Orz YYR tql
Orz YYR tql
Orz YYR tql
Orz YYR tql
wsvdeypdtbyaporkhckonvzzxsvidklbcggigvmcykcnzv
Orz YYR tql
Orz YYR tql
uvnliekvuvqffduncqlupahtgwpshcwbxlpirzd
Orz YYR tql
xepxitmerwbkwrcpcbdwviqtwxkxumstqj
Orz YYR tql
Orz YYR tql
Orz YYR tql
Orz YYR tql
wjlbybosrbnjqbxzmfwyfhbnstueyimwsxzqynirrx
Orz YYR tql
nuteaildwwnoazszgsbvrxdtinclhscumvzmdmpbifpkgjjo
Orz YYR tql
Orz YYR tql
Orz YYR tql
Orz YYR tql
Orz YYR tql
Orz YYR tql
Orz YYR tql
Orz YYR tql
myezhgcjdvitfvcutelynnlvyqliwwk
Orz YYR tql
Orz YYR tql
lmucszlgdwgfqqfuzihhzjnhvo
Orz YYR tql
Orz YYR tql
avsifzaknocftsinqjeijkhm
Orz YYR tql
Orz YYR tql
Orz YYR tql
Orz YYR tql
Orz YYR tql
Orz YYR tql
Orz YYR tql
Orz YYR tql
kgtfoucdjylhmlwobadaatxuba
Orz YYR tql
Orz YYR tql
Orz YYR tql
Orz YYR tql
Orz YYR tql
rhouwuzbnxefzwgvlsfjati
Orz YYR tql
nzoifgpyqpdnqimszsaotdmzocwknxwczkkgqcejrjyiukct
Orz YYR tql
Orz YYR tql
Orz YYR tql
Orz YYR tql
Orz YYR tql
Orz YYR tql
Orz YYR tql
Orz YYR tql
Orz YYR tql
Orz YYR tql
Orz YYR tql
Orz YYR tql
Orz YYR tql
qjjnxpflgzhkxjubwnavkyhj
Orz YYR tql
xchewvgypkebnefpdoneaigfslunnyhmc
Orz YYR tql
Orz YYR tql
Orz YYR tql
Orz YYR tql
Orz YYR tql
Orz YYR tql
Orz YYR tql
Orz YYR tql
Orz YYR tql
Orz YYR tql
mvslozaesfamjnplqnobsuwrcrf
Orz YYR tql
Orz YYR tql
Orz YYR tql
Orz YYR tql
Orz YYR tql
gfuyluzzihtviuufkgxvxadeyeykbgkjoeibyhahoweyqad
Orz YYR tql
veluwoxzudnwglnvtkurcgbqedlgbpoyvautqstnx
Orz YYR tql
Orz YYR tql
jkuewipaxgoslefmimsbf
Orz YYR tql
Orz YYR tql
Orz YYR tql
Orz YYR tql
Orz YYR tql
Orz YYR tql
Orz YYR tql
Orz YYR tql
Orz YYR tql
Orz YYR tql
Orz YYR tql
Orz YYR tql
Orz YYR tql
hsasmryqytczbjsmklulppwjibtvvxbcqbxesvuspztsilf
Orz YYR tql
Orz YYR tql
Orz YYR tql
Orz YYR tql
aecjvcamlsleddgezkumdvlnlfykqeiqklcfpet
Orz YYR tql
Orz YYR tql
Orz YYR tql
qyovkhiusjwfvcllzakywtyduaujydfpct
Orz YYR tql
Orz YYR tql
Orz YYR tql
Orz YYR tql
Orz YYR tql
fksaxvpvziaabtvgfidpevbzja
Orz YYR tql
Orz YYR tql
Orz YYR tql
Orz YYR tql
Orz YYR tql
ufyoapaobpwaqxrgbhpz
Orz YYR tql
Orz YYR tql
Orz YYR tql
hjsmkhkxyuuyaezmtnltovqwkyyc
Orz YYR tql
Orz YYR tql
