44123383
44123383
80306635
80306635
46020718
92243041
92243041
92243041
75493542
75493542
92243041
75493542
92243041
68415229
75493542
92243041
80560899
92243041
75493542
88869742
88869742
92243041
92243041
88869742
88869742
88869742
88869742
92243041
69777111
88869742
92243041
88869742
78162530
72429132
88869742
92243041
88869742
78162530
78162530
92243041
91434999
91434999
91434999
91434999
92243041
91434999
74610974
96192210
96192210
96192210
96192210
96192210
96192210
96192210
96192210
96192210
96394318
96394318
90781314
96394318
90781314
96394318
96394318
96394318
96394318
58167068
96394318
96394318
96394318
98558540
98558540
98558540
98558540
98558540
98558540
80107443
98558540
80107443
98558540
98558540
98558540
98558540
98558540
98558540
98558540
98783123
98783123
98783123
98783123
98783123
98783123
98783123
98783123
98783123
98783123
98783123
87673368
98783123
98783123
98783123
98783123
98783123
98783123
97193943
98783123
98783123
97193943
98783123
98783123
98783123
98783123
97193943
98783123
98783123
98783123
98783123
97193943
97193943
98783123
98783123
96308547
98783123
93592764
98783123
96308547
98783123
97193943
97193943
95358183
98783123
97193943
98783123
95358183
98825141
98825141
98825141
98825141
98825141
98825141
98825141
98825141
98825141
98825141
98825141
98825141
98825141
98825141
98825141
98825141
98825141
98825141
98825141
99697156
99697156
99697156
99697156
99697156
99697156
99697156
99697156
99697156
99697156
99697156
99697156
99697156
84021728
99697156
99697156
99697156
941261
99697156
99697156
99697156
99697156
99697156
99697156
99697156
99697156
99697156
58438759
99697156
99697156
58438759
99697156
99697156
99697156
99697156
99697156
99697156
93599085
99697156
99697156
99697156
93599085
99697156
99697156
99697156
99697156
99697156
93599085
99697156
99697156
99697156
99697156
99697156
98826393
97566698
99697156
99697156
99697156
99697156
99697156
89789429
99697156
99697156
99697156
99697156
98826393
99697156
99697156
99697156
97566698
84878614
99697156
99697156
99697156
99697156
99697156
99697156
99697156
97566698
99697156
99697156
99344604
99697156
99344604
99697156
99344604
99697156
99697156
99344604
99697156
99697156
99697156
99697156
91414512
99697156
99697156
99697156
99697156
99344604
99344604
51042887
99697156
99697156
99344604
99697156
99697156
51042887
92860643
99697156
40492987
99697156
99344604
99344604
89476156
99697156
99344604
99697156
99344604
99697156
99344604
99697156
99697156
99697156
99344604
99344604
99697156
99697156
95343544
99697156
99697156
99697156
95343544
74882014
95343544
95343544
99697156
99344604
99697156
99697156
99344604
99697156
99697156
95343544
99344604
99697156
99344604
99344604
99344604
99344604
99697156
99697156
96628583
96628583
99697156
99486162
99697156
99486162
99486162
99486162
99697156
99486162
99697156
99697156
99486162
99486162
99697156
99697156
99697156
99486162
99486162
99486162
99486162
99486162
99697156
99697156
99486162
99486162
99697156
93035894
99486162
99486162
99486162
93035894
99486162
99697156
99486162
99697156
99486162
86862583
99486162
93035894
99486162
99697156
99486162
99697156
99697156
99486162
99697156
99697156
99486162
99697156
99486162
99486162
99697156
99486162
99486162
99697156
99697156
86862583
99486162
99486162
93035894
99697156
99697156
99486162
99697156
94159564
99697156
99697156
99697156
99697156
99697156
97317091
99486162
99697156
99486162
99697156
99486162
99697156
99486162
99697156
99697156
99486162
99697156
99486162
98676721
99486162
99486162
99697156
98676721
99486162
86190027
98676721
99697156
98676721
99486162
99697156
99697156
99486162
99697156
99697156
99486162
99697156
99486162
99697156
99697156
98676721
80141733
99486162
99697156
99697156
99486162
99697156
99697156
99697156
99697156
99486162
98676721
99486162
94225595
98676721
99697156
99486162
99486162
99486162
99486162
99697156
99486162
94225595
99486162
94225595
98676721
98676721
99486162
99697156
99486162
99697156
99486162
99486162
98676721
99697156
99697156
99486162
99697156
98676721
99697156
98676721
98676721
99697156
99697156
98676721
99486162
99697156
99697156
99697156
99486162
99697156
98676721
98452351
99697156
98452351
99697156
99697156
99486162
99486162
98452351
98452351
98676721
99697156
99697156
99486162
