89
38591752
152
0
91469636
331500549
98139320
14771155
90
13920385
84061319
0
241895144
0
0
153
88661399
4770850
0
10364452
359367780
0
18838028
73538888
0
22
0
95864161
141151922
8
182
0
181775599
34730617
299316438
11663675
7769853
71
133064099
141
18876042
34072297
396656331
228865350
381006912
17476245
104726670
0
36822146
0
652836
20648562
0
463924319
0
0
0
414945826
167480352
0
16
133
168985576
77237150
0
0
1759624
5360384
0
145
8853693
21866906
0
0
21493865
84
108409489
34
42306907
16065758
0
89536974
0
0
86135289
99
5537460
35865088
10486402
382895263
0
0
159814433
38743548
51664400
90
89
0
172285540
413048688
