4996
4991
4991
4924
4996
4970
4982
4996
4996
4996
4976
4982
4838
4862
4996
4995
4991
4982
4991
4981
4985
4977
4985
4981
4996
4944
4991
4983
4985
4996
4991
4982
4985
4944
4991
4982
4991
4978
4966
4952
4894
4982
4870
4996
4914
4956
4982
4996
4985
4982
4976
4991
4982
4857
4991
4970
4985
4980
4983
4996
4985
4990
4982
4996
4991
4991
4991
4975
4985
4996
4996
4944
4971
4978
4996
4996
4996
4976
4971
4991
4981
4982
4991
4970
4982
4914
4930
4991
4944
4991
4981
4996
4982
4944
4985
3715
4996
4989
4988
4994
4991
4985
4991
4982
4996
4995
4975
4996
4991
4991
4983
4943
4988
4944
4767
4991
4976
4983
4982
4991
4922
4996
4985
4958
4982
4991
4989
4978
4922
4991
4990
4982
4985
4996
4985
4996
4944
4944
4978
4996
4590
4991
4970
4943
4977
4897
4985
4985
4995
4976
4996
4954
4991
4978
4991
4996
4889
4731
4991
4991
4920
4996
4959
4982
2611
4922
4991
4970
4985
4982
4982
4959
4587
4982
4922
4995
4996
4980
4914
4996
4996
4985
4996
4958
4989
4769
4996
4982
4922
4996
4995
4996
4893
4985
4991
4944
4943
4996
4985
4996
4688
4990
4996
4991
4922
4982
4985
4991
4982
4995
4975
4996
4646
4996
4982
4981
4983
4980
4985
4900
4996
4981
4991
4593
4985
4970
4985
4989
4991
4805
4996
4789
4978
4893
4922
4944
4922
4888
4985
4982
4991
4985
4996
4996
4989
4996
4971
4982
4996
4991
4988
4996
4985
4985
4991
4970
4966
4996
4983
4996
4996
4996
4991
4982
4970
4991
4996
4985
4909
4922
4995
4982
4944
4991
4985
4982
4996
4996
4982
4943
4996
4991
4922
4996
4929
4980
4440
4970
4996
4991
4808
4922
4996
4982
4982
4996
4982
4991
4985
4982
4924
4989
4985
4989
4978
4996
4996
4982
4985
4641
4991
4957
4995
4958
4985
4886
4919
4983
4975
4958
4966
4980
4996
4955
4971
4148
4996
4991
4996
4996
4991
4967
4971
4996
4982
4996
4991
4982
4996
4985
4996
4996
4995
4982
4971
4279
4991
4991
4970
4996
4991
4996
4971
4991
4996
4989
4996
4982
4991
4985
4278
4955
4982
4996
4943
4976
4965
4983
4982
4891
4982
4982
4996
4924
4996
4989
4935
4980
4989
4991
4982
4988
4958
4991
4982
4733
4980
4923
4996
4909
4991
4975
4991
4996
4971
4982
4924
4982
3124
4983
4989
4983
4985
4981
4985
4996
4975
4988
4937
4996
4978
4996
4958
4985
4972
4785
4922
4996
4996
4996
4982
4991
4985
4991
4991
4991
4982
4980
4980
4983
4991
4103
4982
4982
4982
4983
4982
4970
4990
4995
4991
4988
4982
4967
4971
4982
4996
4937
4982
4922
4959
4958
4995
4862
4922
4922
4975
4996
4982
4996
4983
4981
4922
4996
4845
4991
4966
4974
4978
4996
4996
4988
4985
4985
4925
4982
4996
4991
4982
4982
4982
4991
4852
4966
4966
4985
4996
4982
4773
4995
4985
4958
4991
4985
4996
4982
4985
4996
4922
4989
4985
4991
4991
4914
4996
4991
4996
4975
4989
4983
4982
4958
4982
4982
4971
4389
4985
4995
4970
4985
4838
4985
4985
4944
4983
4935
4982
4991
4922
4944
4980
4928
4922
4996
4988
4970
4991
4985
4914
4982
4991
4826
4982
4985
4975
4972
4914
4944
4962
4985
4958
4996
4982
4991
4982
4995
4985
4914
4996
4982
4991
4985
4982
4989
4971
4991
4996
4996
4970
4982
4996
4983
4970
4977
4924
4996
4971
4982
4988
4983
4973
4994
4954
4958
4936
4944
4988
4975
4980
4976
4966
4995
4982
4982
4996
4985
4988
4991
4965
4980
4922
4996
4985
4982
4985
4744
4971
4996
4970
4980
4996
4943
4996
4991
4924
4909
4982
4982
4982
4995
4970
4996
4958
4980
4985
4982
4991
4896
4988
4982
4981
4996
4958
4970
4982
4991
4995
4914
4991
4981
4982
4875
4985
4974
4983
4686
4988
4996
4976
4985
4196
4991
4980
4996
4996
4942
4955
4982
4941
4996
4971
4924
4990
4944
4996
4991
4943
4955
4958
4975
4982
4982
4976
4958
4991
4996
2336
4991
4363
4978
4985
4996
4958
4995
4996
4991
4991
4922
4988
4995
4996
2964
4991
4982
4958
4686
4978
4922
4983
4985
4985
4924
4996
4985
4988
4943
4980
4970
4440
4943
4980
4982
4985
4924
4968
4970
4928
4970
4982
4996
4996
4991
4996
4989
4991
4983
4988
4982
4975
4996
4985
4978
4941
4924
4988
4857
4991
4983
4981
4958
4991
4971
4985
4982
4988
4982
4982
4944
4983
4975
4878
4996
4980
4996
4816
4995
4982
4875
4886
4982
4958
4982
4976
4975
4996
4944
4991
4982
4980
4985
4983
4982
4985
4959
4976
4971
4991
4982
4991
4982
4842
4996
4996
4982
3907
4982
4985
4982
4943
4996
4996
4985
4982
4996
4982
4991
4914
4996
4991
4996
4996
4985
4995
4996
4991
4995
4943
4619
4982
4892
4989
4996
4982
4451
4982
4982
4991
4991
4980
4991
4996
4970
4982
4980
4995
4970
4955
4985
4968
4989
4991
4980
4996
4971
4965
4996
4985
4982
4982
4982
4996
4991
4982
4878
4944
4995
4970
4996
4981
4991
4982
4996
4991
4985
4914
4985
4981
4996
4982
4996
4971
4991
4971
4985
4982
4988
4991
4975
3866
4982
4985
4943
4991
4991
4996
4991
4985
4985
4981
4982
4996
4985
4971
4744
4976
4996
4996
4943
4893
4996
4958
4996
4976
4991
4982
4982
4914
4996
4982
4991
4990
4996
4985
4985
4978
4996
4976
4996
4991
4996
4909
4966
4995
4922
4996
4976
4532
4983
4991
4633
4991
4991
4988
4988
4982
4991
4996
4991
4944
4988
4985
4970
4924
4939
4994
4893
4996
4970
4996
4982
4989
4924
4987
4970
4996
4985
4958
4985
4958
4744
4982
4985
4922
4996
4989
4985
4991
4970
4982
4958
4899
4991
4991
4968
4996
4996
4980
4982
4633
4985
4991
4982
4982
4392
4994
4991
4838
4970
4991
4991
4983
4970
4996
4798
4996
4982
4982
4990
4909
4982
4852
4994
4982
4996
4996
4985
4996
4985
0
4982
4980
4996
4955
4944
4982
4996
4996
4996
4845
4958
4936
4982
4995
4982
4989
4991
4985
4989
4977
4970
4996
4922
0
4977
4971
4991
4944
4971
4769
4980
4982
4966
3817
4915
4906
4996
4996
4985
4837
4985
4996
4826
4989
4982
4991
4983
4970
4971
4975
4996
4985
4922
4995
4982
4985
4982
4991
4991
4991
4996
4798
4988
4991
4965
4888
4985
4996
4914
4943
4982
4982
4982
4991
4982
4983
4985
4996
4956
4996
4922
4785
4991
4944
4996
4990
4985
4996
4985
4966
4991
4976
4996
4991
4990
4834
4977
4975
4982
4996
4983
4991
4985
4985
4976
4828
4996
4970
4965
4944
4982
4990
4959
4991
4983
4970
4943
4985
4980
2798
4943
4991
4995
4983
4937
4958
4899
4965
4985
4982
4724
4996
4958
4976
4930
4996
4958
4996
4996
4982
4955
4996
4976
4996
4940
4982
4982
4991
4958
4991
4977
4944
4996
4996
4970
4982
4852
4985
4982
4924
4944
4922
4985
4971
4922
4995
4982
4985
4971
4996
4991
4996
4976
4991
4996
4975
4996
4991
4991
4981
4982
4995
4909
4982
4957
4982
4996
4996
4985
4982
4982
4978
4996
4985
4965
4982
4996
4991
4991
4988
4996
4954
4705
4996
4980
4985
4922
3707
4978
4975
4970
4982
4996
4991
4996
4662
4991
4982
4989
4944
4985
4982
4996
4970
4996
4996
4922
4985
4996
4982
4966
4958
4994
4980
4991
4991
4958
4983
4991
4995
4991
4989
4680
4994
4955
4991
4944
4989
4991
4991
4982
4991
4980
4995
4976
4922
4983
4982
4985
4914
4996
4944
4965
4970
4893
4982
4985
4996
4688
4985
4958
4966
4996
4838
4970
4996
4958
4985
4996
4922
4970
4982
4991
4982
4982
4975
4982
4977
4982
4991
4996
4996
4996
4983
4982
4975
4922
4996
4983
4959
4985
4985
4922
4944
0
4991
4995
4996
4975
4996
4954
4982
4996
4970
4996
4944
4996
4838
4995
4801
4936
4982
4991
4985
4991
4996
4996
3701
4955
4931
4980
4983
4991
4980
4985
4985
4996
4996
4996
4977
4982
4921
4991
4982
4971
4980
0
4991
4995
4991
4996
4985
4991
4983
4989
4983
4870
4983
4991
4996
4958
4991
4996
4130
4985
4744
4991
4971
4944
4985
4996
4991
4982
4973
4847
4991
4985
4922
4937
4991
4983
4982
4982
4970
4959
4996
4838
4991
4996
4922
4996
4922
4985
4994
4958
4980
4982
4982
4975
4995
4985
4996
4991
4983
4982
4731
4996
4995
4958
4980
4105
4985
4995
4996
4712
4982
4996
4944
4971
4944
4985
4959
4996
4691
4996
4882
4996
4985
4852
4985
4985
4982
4996
4991
4299
3705
4991
4959
4983
4996
4991
4972
4982
4975
4985
4996
4976
4981
4983
4972
4995
4985
4996
4994
4915
4914
4982
4970
4991
4978
4922
4996
4982
4985
4985
4981
4688
4985
4980
4995
4996
4996
4996
4971
4985
4996
4982
4991
4958
4895
4980
4985
4971
4018
4996
4996
4989
4985
4976
4852
4909
4996
3024
4989
4982
4985
4941
4983
4959
4980
4985
4982
4988
4996
4970
4996
4985
4982
4958
4980
4996
4996
4980
4922
4944
4982
4996
4985
4996
4996
4991
4977
4983
4845
4996
4996
4988
4970
4989
4944
4991
4991
4982
4991
4971
4996
4958
4991
4975
4982
4982
4989
4996
4991
4996
4985
4944
4958
4995
4996
4996
4970
4991
4996
4922
4983
4991
4978
4988
4991
4995
1440
4909
4982
4991
4982
4982
4980
4970
4996
4970
4922
4996
4996
4930
4848
4900
4988
4691
4923
4942
4922
4922
4928
4996
4989
4982
4991
4845
4985
4893
4607
4988
4922
4991
4983
4996
4985
4991
4911
4985
4944
4985
4996
4957
4985
4971
4982
4985
4878
4982
4982
4985
4996
4985
4691
4996
4996
4985
4773
4942
4996
4996
4970
4983
4958
4981
4985
4983
4970
4985
4991
4991
4996
4944
4985
4980
4975
4989
4958
4652
4991
4759
4996
4991
4922
4982
4849
4982
4996
4922
4988
4922
4995
4982
4861
4985
4982
4996
4982
4985
4922
4982
4996
4978
4996
4849
1755
4980
4996
4996
4991
4985
4909
4975
4982
4985
4996
4962
4991
4845
4991
4975
4944
4914
4978
4996
4996
4958
4982
4971
4982
4996
4773
4985
4996
4982
4976
4944
4978
4982
4983
4962
4957
4982
4996
4975
4991
4991
4996
4991
4996
4991
4991
4991
4971
4980
4971
4922
4985
4959
4996
4923
4996
4996
4982
4989
4991
4996
4982
4983
4978
4980
4991
4944
4996
4985
4983
4943
4958
4983
4922
4985
4996
4996
4958
4996
4935
4981
4896
4363
4991
4996
4971
4991
4991
4991
4858
4996
4971
4982
4996
4982
4972
4982
4809
4996
4982
4852
4996
4983
4893
4958
4981
4966
4996
4996
4982
4996
4980
4921
4746
4971
4985
4996
4981
4848
4996
4996
4909
4937
4991
4975
4985
4656
4985
4977
4983
4981
4982
4935
4955
4996
4991
4753
4928
4970
4985
4982
4983
4995
4991
4982
4985
4981
4982
4970
4996
4982
4996
4955
4996
4982
4970
4975
4976
4991
4991
4971
4995
4996
4972
4985
4988
4988
4996
4978
4924
4891
4985
4744
4982
4996
4991
4988
4958
4991
4995
4989
4996
4970
4982
4991
4983
4994
4980
4971
4983
4924
4985
4982
4989
4954
4982
4906
4922
4937
4989
4991
4982
4995
4996
4991
4980
4995
4981
4955
4985
4982
4971
4852
4975
4979
4958
4971
4985
4982
4982
4991
4991
4985
4996
4996
4944
4878
4982
4982
4971
4988
4996
4995
4971
4980
4848
4995
4985
4996
4991
4982
4985
4991
4944
4991
4996
4988
4982
4982
4985
4996
4982
4995
4980
4988
4970
4983
4982
4996
4970
4996
4989
4982
4982
4982
4996
4922
4849
4991
4989
4981
4954
4981
4931
4980
4982
4587
4996
4904
4982
4982
4937
4970
4970
4886
4991
4991
4982
4988
4982
4811
4982
4996
4982
4996
4991
4996
4838
4991
4985
4983
4982
4990
4996
4989
4985
4587
4943
4995
4941
4989
4988
4991
4980
4985
4982
4985
4983
4996
4991
4996
4996
4982
4996
4976
4996
4996
4985
4967
4988
4982
4958
4744
4991
4975
4985
4996
4975
4991
4996
4991
4982
4977
4978
4982
4980
4991
4943
4991
4975
4996
4982
4996
4982
4982
4928
4996
4985
4914
4985
4996
4985
4996
4991
4985
4922
4989
4985
4921
4922
4991
4985
4996
4990
4983
4991
4982
4991
4901
4980
4996
4941
4982
4985
4982
4991
4970
4983
4996
4996
4971
4996
4981
4991
4996
4922
4996
4983
4996
4985
4991
4838
4982
4991
4996
4970
4982
4985
4962
4985
4970
4982
4988
4924
4976
4914
4838
4862
4996
4995
4982
4991
4982
4991
4944
4991
4994
4647
4989
4977
4922
4985
4983
4826
4996
4996
4975
4248
4982
4870
4988
4996
4982
4852
4944
4988
4985
4983
4982
4989
4996
4989
4980
4989
4985
4982
4996
4983
4975
4989
4991
4985
4893
4587
4996
4980
4985
4958
2943
4982
4982
4996
4847
4943
4991
4988
4996
4633
4975
4982
4991
4982
4991
4982
4958
4985
4906
4996
4941
4981
4996
4851
4941
4996
4991
4996
4996
4996
4985
4996
4958
4985
4971
4991
4991
4980
4985
4980
4985
4982
4995
4983
4991
4944
4988
4924
4924
4988
4982
4944
4980
4996
4996
4985
4982
4982
4971
4989
4980
4996
4980
4995
4996
4944
4996
4985
4982
4985
4991
4995
4991
4278
4982
4996
4933
4434
4996
4914
4944
4944
4991
4982
233
4996
4982
4982
4982
4107
4975
4958
4958
4976
4995
4989
4982
4991
4996
4985
4991
4988
4995
4981
4958
4985
4985
4976
4996
4922
4744
4982
4848
4985
4982
4996
3602
4989
4995
4985
4943
4983
4991
4996
4981
4966
4975
4970
4996
4996
4944
4985
4985
4944
4982
4991
4991
4991
4975
4982
4579
4982
4996
4991
4985
4954
4944
4996
4167
4862
4996
4991
4982
4991
4985
4996
4985
4996
4982
4989
4985
4952
4985
4981
4838
4982
4862
4958
4962
4988
4990
4985
4982
4982
4991
4982
4991
4996
4996
4955
4977
4982
4989
4985
4996
4782
4970
4996
4943
4429
4995
4982
4944
4922
4970
4996
4991
4996
4991
4982
4982
4975
4982
4991
4991
4982
4924
4982
4985
4125
4991
4975
4985
4989
4995
4985
4991
4985
4970
4996
4985
4958
4991
4991
4955
4996
4962
4641
4980
4976
4996
4980
4996
4922
4936
4958
4980
4995
4973
4988
4937
4914
4983
4982
4982
4922
4982
4985
4991
4978
4971
4991
4996
4979
4922
4996
4985
4967
4970
4985
4996
4996
4996
4996
4991
4982
4989
4955
4991
4981
4996
4979
4982
4970
4994
4996
4988
4996
4971
4996
4943
4891
4982
4966
4937
4980
4982
4996
4991
4971
4991
4845
4937
4975
4996
4996
4991
4985
0
4744
4985
4988
4988
4982
4985
4980
4991
4958
4924
4971
4980
4991
4982
4985
4996
4944
4944
3822
4996
4988
4991
4996
4930
4971
4957
4877
4906
4924
4922
4852
3855
4985
4995
4996
4996
4982
4988
4985
4985
4977
4988
4996
4991
4989
4996
4922
4991
4982
4991
4988
4985
4857
4989
4991
4982
4838
4980
4996
4991
4985
4982
4991
4996
4988
4991
4677
4848
4990
4991
4985
4826
4996
4996
4983
4991
4922
4985
4995
4982
4996
4991
4982
4848
4996
4994
4982
4982
4982
4996
4985
4975
4970
4981
4982
4991
4207
4982
4985
4985
4971
4995
4991
4982
4978
4996
4971
4996
4983
4991
4991
4996
4983
4982
4982
4970
4996
4985
4982
4996
4996
4983
4991
4994
4966
4982
4982
4996
4922
4985
4985
4996
4943
4996
4991
4982
4996
4838
4988
4996
4966
4943
4988
4891
4996
4966
4991
4996
4943
4971
4985
4882
4991
4996
4991
4107
4958
4996
4982
3701
4848
4982
4996
4922
4940
4991
4962
4982
4991
4982
4985
4982
4991
4985
4996
4982
4991
4982
4970
4985
4985
4980
4909
4988
4982
4646
4995
4982
4922
4971
4922
4976
4996
4982
3324
4970
4982
4943
4980
4982
4996
4983
4773
4886
4975
4982
4996
4991
4982
4982
4991
4982
4859
4930
4991
4826
4971
4982
4981
4980
4996
4989
4970
4995
4773
4996
4991
4944
4988
4982
4970
4980
4983
4996
4989
4995
4985
4861
4954
4991
4893
4996
4982
4985
4944
4985
4958
2265
4985
4983
4991
4982
4983
4922
4985
4976
3306
4944
4991
4982
4989
4925
4996
4982
4977
4988
4996
4983
4970
4976
4991
4991
4982
4995
4985
4943
4985
4996
4975
4989
4958
4982
4982
4272
4958
4900
4982
4996
4991
4944
4996
4980
4991
4982
4991
4982
4996
4957
4983
4971
4962
4902
4955
4909
4976
4991
4046
4975
4996
4944
4991
4995
4996
4991
4848
4838
4985
4982
4996
4995
4991
4943
4924
4878
4980
4980
4996
4995
4958
4955
4991
4869
4995
4982
4970
4982
4983
4971
4982
4991
4982
4989
4996
4996
1074
4996
4995
4996
4981
4975
4991
4941
4985
4996
4970
4996
4982
4944
4985
1383
4996
4995
4996
4970
4996
4985
4996
4934
4744
4996
4996
4944
4996
4983
4991
4991
4971
4982
4995
4996
4962
4983
4996
4991
4970
4985
4988
4962
4982
4996
4944
4893
4955
4991
4944
4985
4691
4982
4971
4996
4982
4985
4996
4996
4985
4982
4944
4985
4991
4980
4897
4976
4985
4996
4996
4982
4982
4957
4976
4996
4955
4987
4985
4991
4980
4996
4972
4852
4978
4996
4982
4982
4962
4996
4893
4996
4957
4943
4996
4834
4996
4983
4996
4982
4989
4971
4996
4970
4985
4996
4996
4996
4996
4647
4980
4982
4985
4878
4930
4982
4996
4991
4978
4914
4982
4982
4991
4996
4989
4996
4982
4962
4996
4991
4996
4613
4975
4983
4996
4996
4985
4995
4996
4956
4996
4975
4991
4985
4958
4958
4991
4966
4985
4962
4996
4982
4985
4991
4996
4980
4982
4105
4922
4996
4996
4975
4971
4996
4935
4970
4989
4991
4995
4995
2771
4985
4978
4996
4996
4991
4970
4922
4996
4980
4985
4982
4991
4976
4633
4981
4991
4914
4991
4982
4980
4996
4970
4985
4982
4959
4996
4982
4981
4976
4982
4902
4970
4914
4980
4969
4982
4985
4996
4991
4922
4947
4980
4982
4922
4909
4991
4982
4970
4991
4991
4991
4991
4985
4838
4985
4982
4982
2299
4975
4991
4991
4996
4996
4958
4996
4988
4980
4943
4971
4852
4922
4982
4845
4983
4956
4958
4980
4991
4982
4988
4996
4996
4991
4996
4985
4995
4852
4966
4983
4976
4956
4991
4944
4882
4971
4991
4991
4944
4978
4976
4996
4991
4982
4989
4958
4989
4995
4996
4996
4983
4996
4996
4996
4958
4996
4985
4982
4996
4982
4983
4982
4925
4549
4975
4925
4983
4991
4991
4985
4995
4982
4996
4995
4982
4985
4996
4996
4944
4981
4996
4985
4899
4944
4440
4816
4981
4991
4633
4937
4982
4982
4989
4958
4983
4995
4996
4724
4985
4655
4744
4982
4955
4944
4991
4989
4996
4980
4985
4196
4996
4989
4991
4982
4996
4966
4982
4996
4995
4988
4991
4985
4991
4925
4985
4975
4996
4976
4991
4985
4985
4989
4980
4996
4922
4985
4996
4996
4996
4982
4991
0
4996
4985
4944
4978
4971
4980
4985
4970
4996
4982
4996
4991
4983
4996
4922
4985
4982
4990
4893
4990
4838
4996
4985
4985
4935
4943
4991
4982
4965
4538
155
4985
4996
4971
4852
4893
4996
4971
4773
4996
4985
4965
4982
4922
4991
120
4982
4944
4987
4991
4982
4991
4985
4975
4980
4982
4985
4970
4991
4996
4982
4991
4982
4995
4914
4996
4982
4975
4996
4982
4982
4944
4958
4995
4991
4982
4982
4988
4991
4991
4985
4991
4982
4975
4996
4980
4991
4363
4922
4962
4982
4991
4991
4996
4996
4958
4848
4996
4811
4996
4996
4996
4996
4991
4922
4996
4985
4996
4985
4982
4985
4991
4996
4966
4922
4979
4347
4958
4985
4996
4799
4914
4982
4991
4970
4954
4996
4996
4980
4107
4941
4914
4982
4991
4975
4985
4982
4983
4991
4991
4982
4982
4985
4982
4985
4982
4970
4982
4982
4975
4982
4982
4971
4985
4857
4957
4982
4995
4985
4976
4744
4996
4996
4955
4991
4982
4991
4982
4935
4996
4957
4978
4902
4909
4922
4985
4991
4773
4977
4845
4996
4988
4944
4982
4990
4996
4991
4991
4988
4922
2030
4991
4991
4971
4996
4982
4944
4996
4982
4260
4971
4935
4848
4991
4985
4943
4975
4944
4996
4996
4958
4996
4982
4982
4996
4996
4896
4996
4982
4995
4996
4996
4982
4507
4923
4982
4980
4925
3345
4996
4975
4981
4882
4957
4826
4985
4996
4996
4958
4996
4939
4838
4982
4996
4988
4985
4995
4980
4970
4991
4982
4995
4852
4996
4996
4981
4996
4985
4989
4985
4985
4996
4980
4985
4814
4996
4996
4982
4988
4996
4996
4980
4970
4970
4982
4838
4922
4982
4996
4944
4996
4996
4975
4996
4995
4862
4958
4996
4996
4982
4991
4971
4893
4982
4965
4967
4982
4991
4983
4971
4982
4978
4996
4996
4982
4976
4996
4985
4985
4985
4985
4970
4991
4988
4393
4944
4878
4971
4982
4970
4996
4996
4996
4996
4991
4958
4989
4996
4990
4985
4994
4991
4994
4982
4923
4985
4983
4848
4996
4983
4991
4985
4982
4996
4985
4991
4996
4996
4944
4996
4985
4983
4996
4985
4995
4970
4970
4982
4985
4944
4996
4941
4991
4928
4991
4985
4982
4996
4996
4991
4994
4982
4893
4982
4989
4975
4983
4985
4278
4982
4991
4982
4991
4980
4989
4882
4970
4983
4996
4991
4975
4982
4996
4985
4985
4991
2568
4944
4982
4971
4966
4982
4941
4985
4991
4982
4944
4971
4982
4991
4504
4991
4996
4976
4982
4978
4991
4991
4989
4982
4996
0
4769
4995
0
4991
4980
4996
4995
4982
4982
4982
4888
4983
4991
4996
4982
4991
4922
4982
4985
4996
4976
4994
4996
4995
4995
4987
4991
4991
4958
4982
4982
4978
4893
4982
4983
4996
4989
4982
4977
4952
4996
4789
4996
4991
4922
4991
4991
4985
4996
4995
4982
4977
4980
4971
4956
4985
4731
3331
4996
4994
4983
4944
4991
4882
4943
4985
4943
4983
4996
4985
4996
4996
4991
4994
4996
4983
4982
4985
4988
4982
4991
4985
4995
4988
1339
4914
4970
4862
4991
4962
4982
4985
4996
4773
4976
4985
4996
4982
4985
4996
4975
4991
4980
4878
4996
4982
4929
4971
4922
4928
4989
4991
4985
4966
4996
4982
4996
4996
4991
4985
4991
4991
4970
4996
4983
4976
4996
4980
4981
4928
4985
4976
4978
4982
4944
4991
4991
4996
4982
4995
4985
4982
4966
4985
4978
4985
4976
4991
4982
4982
4982
4996
4982
4958
4995
4996
4691
4995
4991
4789
4991
4935
4922
4018
4976
4991
4982
4996
4991
4988
4996
4985
4985
4866
4996
4995
4848
4957
4991
4996
4922
4982
4995
4982
4966
4978
4985
4982
4996
4941
4980
4996
4991
4959
4981
4976
4985
4991
4995
4639
4988
4996
4955
4996
4996
4996
4985
4994
4991
4628
4982
4851
0
0
4985
4184
4982
4996
4991
4996
4971
4980
4991
4982
4955
4954
4991
4982
4991
4991
4976
4985
4996
4966
4935
4944
4996
4773
4982
4922
4958
4970
4996
4985
4980
4988
4988
4982
4982
4980
4970
4982
4980
4989
4996
4924
4996
4970
4970
4983
4996
4996
4996
4996
4996
4995
4982
4991
4922
4958
4985
4988
4982
4971
4805
4985
4959
4982
4966
4985
4976
4996
419
4983
4991
4985
4922
4991
4996
4976
4991
4985
4989
4924
4976
4922
4975
4991
4954
4959
4969
4985
4982
4845
4996
4983
4996
4859
4922
4991
4995
4994
4996
4982
4985
4975
4943
4988
4982
4982
4733
4982
4957
4988
4955
4988
4985
4996
4972
4985
4982
4991
4991
4982
4975
4996
4983
4970
4991
4914
4991
4863
4985
4991
4971
4985
4845
4982
4996
4989
4991
4991
4975
4982
4996
4922
4991
4991
4996
4888
4989
4991
4982
4982
4996
4996
4991
4996
4982
4829
4985
4996
4991
4970
4991
4719
4982
4982
4826
4996
4990
4893
4985
4975
4970
4996
4981
4980
4996
4957
4744
4996
4996
4996
4991
4982
4996
4985
4861
4980
4909
4982
4982
4982
4753
4985
4976
4996
4959
4990
4600
4991
4996
4980
4970
4983
4924
4955
4914
4924
4985
4982
4989
4859
4996
4996
4958
4982
4862
4985
4991
4706
4983
4985
4971
4996
4996
4982
4859
4985
4980
4980
4985
4975
4955
4996
4982
4975
4996
4996
4851
4982
4989
4982
4985
4955
4966
4957
4996
4970
4996
4996
4852
4982
4769
4991
4991
4890
4922
4885
4976
4996
4975
4991
4982
4852
4996
4985
4995
4996
4976
4991
4985
3356
4996
3486
4978
4980
4922
4909
4991
4985
4996
4272
4996
4983
3124
4991
4965
4982
4996
4996
4991
4943
4982
4983
4923
4982
4958
4982
4975
4989
4996
4991
4983
4996
4996
4914
4811
4848
4958
4991
4981
4982
4928
4991
4982
4991
4991
4988
4989
4859
4996
4985
4995
4985
4989
4985
4996
4996
4996
4996
4996
4985
4991
4991
4981
4996
4996
4982
4982
4991
4991
4991
4970
4991
4985
4982
4985
4474
4991
4996
4988
4996
4982
4970
4975
4985
4982
4970
4991
4932
4996
4995
4978
4980
4996
4985
4859
4988
4996
4985
4985
4991
4985
4982
4996
4958
4991
4996
4936
3705
4996
4996
4987
4982
4839
4996
4995
4981
4982
4991
4852
4985
4983
4996
4982
4971
4975
4991
4985
4985
4989
4958
4982
4995
4920
4982
4991
4982
4985
4991
4996
4976
4985
3539
4996
4785
4996
4991
4982
4958
4985
4785
4393
4996
4988
4996
4971
4982
4985
4982
4935
4996
4982
4985
4944
4834
4893
4985
4996
4982
4846
4994
4991
4744
4985
4976
4976
4991
4982
4991
4982
4988
4991
4923
4982
4991
4996
3863
4982
4985
4996
4982
4975
4991
4976
4451
3143
4587
4771
4970
4958
4782
4978
4985
4996
4954
4996
4991
4983
4773
4922
4990
4996
4744
4996
4985
4982
4985
4982
4982
4922
4996
4944
4996
4996
4982
4922
4996
4982
4980
4996
4996
4980
4991
4996
4991
4991
4983
4991
4982
4985
4655
4985
4941
4981
4996
4976
4983
4991
4996
4996
4430
4893
4975
4982
4983
4977
4996
4985
4991
4663
4991
4991
4944
4996
4944
4962
4976
4996
4995
4852
4991
4970
4996
4996
4982
4958
4985
4982
4980
4983
4982
4982
4914
4991
4107
4985
4982
4989
4978
4995
4983
4922
4958
4922
3147
4981
4922
4996
4991
4700
4996
4980
4914
4985
4996
4958
4996
4982
4970
4991
4982
4647
4989
4988
4995
4996
4982
4989
4996
4885
4985
4985
4243
4985
4996
4996
4996
4970
4922
4991
4996
4996
4996
4922
4996
4996
4995
4937
4996
4971
4686
4982
4985
4988
4826
4991
4988
4983
4991
4995
4982
4985
4985
4991
4996
4996
4991
4982
4985
4955
4996
4985
4985
4970
4991
4982
4985
4996
4996
4985
4982
4922
4970
4976
4996
4975
4975
4970
4985
4978
4991
4991
4982
4988
4989
4996
4922
4996
4966
4982
4893
4107
4996
4991
4971
4996
4985
4965
4985
4996
4989
4996
4995
4976
4991
4982
4944
4941
4996
4985
4970
4985
4970
4982
4988
4996
4985
4996
4982
4996
4798
4991
4853
4982
4991
4937
4996
4985
3602
4922
4991
4996
4970
4985
4980
4996
4982
4991
4991
4976
4985
4991
4991
4928
4985
4996
4975
4982
4991
4988
4982
4996
4991
4018
4948
4962
4018
4954
4991
4996
4859
4985
2964
4985
4451
4991
4985
4985
4958
4954
4922
4970
4996
4944
4976
4982
4996
4996
4954
4982
4976
4989
4985
4989
4941
4976
4991
4991
4982
4983
4985
4977
4985
4955
4985
4981
4955
4982
4996
4955
4982
4991
4985
4982
4991
4978
4991
4985
4991
4989
4980
4982
4985
4944
4991
4995
4996
4996
4982
4991
4982
4991
4996
4996
4991
4982
4848
4996
4985
4996
4988
4976
4991
4995
3047
4980
4977
4976
4991
4996
4982
4980
4982
4956
4991
4988
4996
4983
4996
4944
4943
4988
4971
4985
4982
4982
4987
4538
4990
4991
4985
4944
4991
4991
4982
4983
4982
4924
4985
4954
4991
4982
4982
4922
4852
4991
4991
4996
4977
4996
4985
4996
4985
4985
4985
4978
4991
4982
4991
4988
4980
4982
4902
4914
4985
4944
4970
4985
4996
4922
4982
4923
4943
4991
4985
4985
4982
4944
4944
4985
4985
4957
4995
4996
4982
4980
4982
4991
4985
4995
3705
4985
4982
4985
4996
4996
4995
4848
4996
4996
4982
4996
4970
3147
4980
4985
4989
4985
4980
4983
4991
4991
4996
4982
4991
4958
4944
4958
4996
4954
4996
4991
4922
4944
4922
4988
4988
4983
4991
4980
4922
4970
4985
4980
4995
4991
4989
4995
4982
4985
4996
4996
4852
4982
2979
4982
4985
4943
4991
4944
4985
4982
4991
4970
4982
4996
4996
4989
4975
4982
4991
4968
4996
4944
4991
4647
4976
4985
4991
4985
4996
4970
4982
4996
4985
4956
4979
4974
4991
4996
4981
4983
4996
4985
4991
4982
4971
4991
4991
4983
4973
4922
4996
4816
4989
4982
4982
4991
4982
4922
4982
4995
4982
4939
4978
4983
4985
4996
4985
4983
4958
4721
4978
4991
4985
4970
4996
4991
4982
4985
4983
4996
4922
4848
4985
4975
4922
4975
4985
4958
4971
4980
4985
4985
4989
4983
4996
4983
4983
4989
4985
4982
4982
4977
4896
4989
4996
4982
4996
4982
4991
4985
4982
4970
4991
4937
4990
4970
4981
4922
4996
4996
4985
4987
4969
4996
4982
4991
4982
4991
4982
4962
4991
4996
4970
4971
4991
4991
4981
4996
4977
4914
4893
4896
4966
4982
4985
4982
4996
4980
4922
4976
4988
4991
4991
4988
4985
4982
4995
4852
4978
4991
4985
4944
4948
4982
4988
4862
4981
4996
4978
4996
4991
4884
4996
4982
4991
4931
4991
4944
4975
4996
4943
4985
4982
4989
4996
4983
4922
4991
4985
4975
4996
4959
4976
4982
4991
4985
4991
4991
4982
4943
4985
4991
4970
4989
4982
4988
4996
4996
4922
4991
4944
4922
4988
4996
4944
4996
4975
4995
4985
4914
4996
4922
4957
4914
4982
4971
4996
4996
4982
4996
4988
4982
3798
4978
4985
4996
4996
4996
4996
4982
4996
4975
4985
4985
4985
4941
4914
4184
4975
4982
4944
4996
4991
4985
4771
4980
4991
4957
4983
4996
4996
4985
4982
4983
4957
4976
4982
4982
4966
4995
4990
4985
4996
4985
4941
4985
4996
4988
4958
4982
4991
4909
4982
4988
4982
4933
4996
4982
4991
4996
4982
4985
4982
4996
4922
4971
4996
4983
4996
4922
4996
4982
4983
4991
4970
4980
4985
4991
4995
4991
4985
4985
4845
4995
4996
4991
4996
4996
4996
4955
4991
4957
4982
4982
4730
4982
4982
4996
4893
4982
4982
4991
4989
4985
4985
4991
4985
4980
4985
4996
4909
4981
4996
4983
4989
4980
4991
4981
4966
4976
4990
4988
4991
4985
4978
4996
4982
4976
4982
4930
4985
4975
4996
4991
4917
4994
4982
4996
4883
4980
4980
4996
4988
4995
4991
4996
4971
4989
4988
4996
4981
4985
4985
4988
4996
4982
4978
3203
4996
4996
4922
4922
4989
4996
4996
4996
4275
4980
4975
4996
4854
4982
4982
4996
4922
4991
4922
4989
4988
4996
4931
4981
4996
4980
4996
4982
4985
4991
4996
4991
4991
4991
4971
4967
4914
4995
4988
4869
4996
4985
4985
4922
4959
4838
4996
4944
4991
4991
4982
4982
4996
4996
4996
4983
4982
4922
4996
4996
4978
4989
4983
4991
4909
4983
4996
4983
4985
4996
4983
4991
4975
4995
4982
4944
4985
4995
4991
4995
4982
4982
4989
4996
4744
4957
4995
4985
4991
4985
4983
4924
4985
4976
4996
4982
4976
4944
4985
4958
4861
4991
4989
4885
4996
4991
4989
4985
4877
4991
4995
4975
4996
4995
4496
4996
4943
4970
4982
4989
4991
4957
4996
4991
4958
4944
4995
4954
4990
4982
4996
4982
4982
4944
4982
4982
4914
4987
4982
4996
4980
4988
4991
4975
4991
4985
4985
4982
4970
4996
4982
4985
4982
4862
4996
4996
4996
4985
4996
4988
4982
4985
4983
4991
4982
4995
4659
4982
4982
4991
4991
4962
4995
4991
4991
4991
4985
4991
4985
4982
4996
4985
4996
4982
4996
4985
4985
4944
4985
4922
4982
4982
4985
4970
4970
4966
4941
4440
4995
4958
4958
4902
4996
4985
4982
4994
4985
4985
4983
4983
4982
4995
4976
4989
4944
4976
4914
4991
4996
4996
4955
4996
4996
4980
4982
4995
4983
4996
4996
4955
4982
4878
4991
4925
4996
4982
4985
4976
4976
4943
4991
4985
4996
4107
4975
4971
4996
4944
4991
4991
4985
4996
4922
4982
4970
4982
4681
4975
4996
4982
4991
4991
4985
4982
4971
4991
4988
4944
4982
4985
4980
4982
4958
4982
4991
4982
4980
4991
4982
4982
4996
4991
4991
4996
4991
4985
4991
4996
4982
4971
4985
4982
4982
4985
4980
4975
4996
4983
4985
4848
4996
4996
4944
4940
4978
4995
4985
4922
4996
4922
4996
4983
4970
4996
4922
4923
4989
4996
4980
4991
4991
4982
4996
4985
4991
4886
4996
4451
4982
4989
4990
4852
4816
4996
4955
4909
4988
4996
4982
4976
4982
4982
4991
4996
4978
0
4970
4996
4991
4972
4544
4995
4982
4620
4987
725
4996
4995
4985
4982
4985
4920
4826
4991
4991
4991
4976
4996
4933
3147
4980
4982
4943
4982
4922
4982
4982
4982
4995
4970
4996
4982
4982
4991
4991
2798
4944
4958
4985
4996
4852
4996
4987
4996
4955
4985
4991
4982
4985
4991
4985
4985
4996
4982
4982
4944
4991
4982
3715
4991
4991
4944
4976
4985
4985
4970
4982
4991
4971
4978
4985
4988
4991
4983
4991
4985
4996
4845
4991
4980
4982
4991
4581
4996
4616
4978
4982
4988
4996
4845
4957
4988
4985
4985
4996
4970
4991
4996
4922
4982
4966
4980
4985
4996
4991
4982
4944
4980
4982
4996
4922
4958
4991
4996
4870
4991
4994
4991
4985
4991
4996
4954
4988
4985
4991
4958
4982
4996
4958
4982
4996
4996
4995
4971
4976
4970
4982
4971
4980
4982
4922
4967
4989
4991
4985
4982
4982
4996
4996
4966
4991
4944
4996
4835
4983
4991
4928
4996
4980
4985
4988
4982
4989
4985
4996
4991
4922
4985
4970
4941
4922
4971
4966
4982
4958
4995
4982
4991
4731
4985
4991
4991
4978
4985
4982
4991
4988
4982
4996
4991
4978
4991
4849
4978
4982
4978
4826
4982
4996
4982
4980
4936
4982
4985
4959
4852
4976
4988
4996
4996
4971
4928
4930
4982
4982
4976
4978
4980
4996
4985
4991
4985
4991
4982
4985
4985
4915
4989
4958
4991
4982
4996
4991
4982
4978
4989
4914
4896
4982
4852
4996
4994
4982
4966
4996
4988
4980
4996
4847
4991
4991
4985
4982
4944
4837
4976
4996
4982
4991
4977
4982
4991
4941
4996
4975
4958
2646
4982
4980
4971
4980
4985
4981
4996
4982
4996
4989
4958
4985
4991
4983
4995
4996
4902
4868
4655
4914
4968
4988
4982
4991
4985
4440
4991
4983
4985
4982
4982
4982
4982
4982
4980
4995
4996
4991
4991
4989
4981
4991
4971
4985
4996
4975
4982
4985
4991
4893
4958
4982
4991
4982
4996
4996
4773
4991
4970
4943
4991
4982
4996
4530
4982
4838
4971
4996
4970
4975
4988
4985
4991
4996
4985
4982
4885
4991
4971
4996
4988
4996
4982
4996
4980
4982
4996
4985
4943
4985
4985
4971
4922
4855
4996
4996
4995
4975
4958
4982
4932
4978
4991
4996
4996
4958
4957
4922
2667
4996
4957
4996
4985
4980
4985
4996
4848
4996
4985
4991
4982
4996
4991
4982
4991
4957
4980
4996
4782
4991
4991
4996
4996
4982
4985
4854
4996
4982
4991
4983
4957
4922
4981
4985
4988
4988
4991
4852
4996
4996
4995
4996
3110
4994
4989
4982
4982
4985
4466
4958
4991
4893
4996
4996
4985
4991
4989
4996
4970
4991
4996
4922
4991
4982
4962
4996
4983
4996
4958
4996
4991
4971
4982
4928
4262
4838
4982
4954
4944
4985
4982
4791
4991
4982
4944
4925
4971
4985
4778
4991
4983
4966
4962
0
4983
4981
4991
4995
4982
4799
4996
4983
4985
4982
4896
4922
4985
4980
4922
4207
4985
4924
4996
4996
4996
4981
4985
4982
4982
4862
4982
4980
4991
4991
4991
4958
4990
4989
4838
4982
4983
4647
4924
4852
4996
4976
4996
4982
4982
4985
4982
4991
4955
4924
4647
4940
4991
4943
4991
4785
4966
4922
4985
4922
4958
4996
4985
4944
4991
4996
4982
4982
4996
4957
4105
4989
4982
4996
4980
4991
4153
4985
4982
4985
4982
4991
4978
4983
4991
4996
3862
4996
4996
4985
4982
4971
4982
4978
4989
4991
4944
4943
4909
4982
4982
4935
4996
4893
4996
4991
4985
4982
4982
4957
4996
4985
4985
4985
4996
4991
4996
4944
4957
4991
4982
4965
4838
4971
4995
4982
4982
4991
4957
4922
4996
4996
4988
4996
4980
691
4989
4991
4977
4994
4981
4982
4996
4996
4981
4996
4982
4982
4990
4991
4985
4995
4989
4977
4996
4996
4983
4996
4971
4996
4978
4985
4996
4991
4990
4976
4944
4955
4995
4980
4970
4924
4982
4980
4982
4766
4954
4980
4980
4995
4996
4896
4971
4988
4991
4914
4971
4991
4982
4991
4925
4996
4996
4990
4991
4985
4982
4991
4991
4970
4995
4981
4982
4247
4982
4982
4959
4958
4996
4991
4962
4982
4922
4996
4996
4996
4982
4922
4980
4982
4996
4970
4863
4981
4988
4988
4991
4958
4958
4959
4852
4985
4985
4991
4991
4996
4944
4922
4995
4958
4944
4691
4996
4943
4985
4659
4996
4988
4996
4982
4936
4996
4996
4991
4996
4971
4991
4767
4983
4958
4976
4996
4982
4991
4982
4991
4988
4991
4995
4922
4989
4996
4985
4959
4971
4988
4985
4922
4973
4893
4982
4948
4996
4899
4982
4970
4996
4980
4988
4991
4940
4966
4982
4928
4985
4982
4982
4982
4982
4995
4985
4991
4991
4959
4980
4982
4982
4996
4970
4996
4980
4980
4970
4982
4991
4878
4982
4975
4982
4985
4991
4988
4985
4982
4975
4980
4985
4996
4988
4996
4958
4991
4995
4988
4996
4991
4989
4914
4982
4991
4991
4982
4983
4970
4982
4958
4996
4980
4976
4991
4991
4996
4782
4996
4982
4983
4996
4975
4996
4982
4991
4991
4985
4991
4975
4980
4981
4982
4922
4909
4982
4991
4991
4990
4982
4982
4985
4991
4959
4980
4985
4849
4996
4943
4985
4922
4922
4970
4988
4996
4991
4991
4985
4982
4744
4973
4922
4985
4909
4922
4971
4985
4971
4982
4988
4922
4996
4996
4975
4996
4981
4982
4976
4982
4971
4985
4944
4965
4944
4996
4985
4971
4991
4991
4996
4976
4954
4991
4922
4991
4978
4995
4996
4976
4991
4985
4944
4985
4982
4985
4914
4988
4996
4966
4996
4935
4957
4955
4996
4982
4782
4982
4769
4982
4852
4975
4996
4978
4991
4987
4981
4985
4982
4980
4982
4980
4982
4983
4983
4991
4944
4958
4983
4982
4985
4985
4982
4955
4985
4982
4970
4018
4970
4975
4996
4922
4994
4991
4971
4922
4991
4996
4978
4991
4996
4744
4982
4985
4985
4987
4893
4995
4978
4970
4991
4996
4975
4989
4996
4995
4989
4982
4991
4721
4975
4971
4982
4950
4982
4991
4995
4922
4996
4985
4996
4989
4969
4982
4996
4909
4995
4985
4985
4922
4862
4996
4863
4862
4942
4982
4981
4985
4852
4996
4996
4982
4965
4965
0
4970
4991
4970
4983
4971
4991
4991
4985
4996
4970
4982
4976
4996
4996
4996
4996
4982
4977
4951
4971
4996
4937
4838
4848
4971
4958
4991
4996
4870
4982
4975
4978
4922
4970
4982
4996
4995
4823
4996
4988
4976
4985
4996
4991
4859
4996
4996
4995
4982
4976
4996
4996
4937
4991
4975
4996
4996
4970
4988
4971
4976
4996
4982
4982
4924
4982
4996
4902
4959
4996
4982
4983
4966
4980
4982
4991
4996
4922
4976
4767
4982
4996
4982
4978
4988
4948
4972
4982
4744
4970
4996
4996
4989
4982
4996
4922
4963
4991
4996
4971
4977
4982
4975
4985
4882
4982
4996
4996
4107
4957
4991
4958
4688
4958
4975
4799
4985
4996
3124
4991
4985
4982
4930
4939
4991
4893
4985
4980
4834
4996
4996
4980
4958
4982
4991
4996
4996
4981
4958
4991
4978
4878
4989
4970
4982
4980
4985
4925
4996
4996
4985
4996
4991
4691
4996
4985
4996
4991
4970
4996
4982
4988
4981
4862
4982
4980
4944
4996
4924
4838
4744
4975
4985
4971
4991
4995
4862
4982
4988
4982
4914
4996
4960
3707
4977
4981
4980
4994
4985
4985
4975
4991
4982
4991
4914
4985
4991
4982
4982
4958
4982
4971
4922
4982
4924
4996
4985
4924
4996
4982
4980
4944
4996
4744
4922
4933
4826
4878
4995
4958
4944
4958
4985
4982
4996
4991
0
4941
4838
4981
4958
4982
4981
4982
4991
4982
4991
4886
4852
4982
4985
4966
4996
4982
4982
4996
4991
4972
4970
4995
4466
4731
4996
4996
4935
4991
4982
4982
4996
4996
4991
4955
4996
4985
4996
4982
4996
4982
4985
4991
4980
4982
4991
4988
4924
4944
4996
4982
4991
4991
4991
4994
4958
4988
4991
4906
4944
4991
4982
4988
4985
4976
4996
4930
4996
4996
4957
4982
4996
4996
4980
4928
4744
4944
