14992
14992
14999
14999
14999
14999
14999
14992
14999
14992
14999
14999
14982
14997
14924
14999
14985
14977
14999
14992
14995
14997
14928
14998
14987
14999
14969
14952
14910
14780
14705
14979
14992
14992
14973
14984
14982
14984
14999
14999
14992
14933
14952
14893
14982
14816
14999
14999
14997
14985
14979
14987
14984
14992
14906
14985
14992
14997
14999
14945
14882
14991
14923
14997
14999
14903
14979
12263
14961
14995
14976
14987
14999
14999
14997
14971
14979
14999
14973
14925
14999
14982
14867
14999
14979
14990
14979
14895
14999
14973
14995
14999
14973
14999
14999
14903
14997
14950
14795
14995
14990
14992
14971
14997
14971
14979
14999
14998
14987
14999
14909
14999
14999
14941
14999
14976
14985
14933
14971
14999
14637
14979
14762
14999
14997
14941
14948
14987
14990
14999
14997
14998
14997
14995
14903
14996
14999
14640
14995
14998
14963
14995
14998
14999
14952
14997
14680
14992
14997
14972
14979
14995
14999
14995
14987
14945
14481
14997
14999
14999
14967
14992
14982
14999
14992
14999
14898
14965
14990
14999
14552
14987
14999
14996
14990
14933
14999
14999
14909
14903
14999
14999
14999
14999
14979
14971
14992
14995
14999
14999
14770
14968
14976
14982
14997
14999
14999
14999
14997
14722
14995
14963
14999
14999
14997
14990
14992
14722
14971
14999
14995
14999
14996
14750
14997
14999
14979
14996
14902
14999
14867
14999
14992
14997
14997
14969
14995
14999
14997
14999
14976
14992
14905
14965
14982
14952
14999
14995
14996
14987
14999
14979
14999
14994
14999
14997
14999
14999
14999
14481
14995
14979
14972
14984
14999
14995
14995
14979
14999
14963
14586
14991
14999
14999
14933
14997
14992
14999
14999
14976
14999
14979
14999
14996
14733
14999
14999
14997
14999
14984
14998
14987
14769
14979
14999
14987
14999
14999
14984
14400
14997
14995
14999
14999
14941
14992
14979
14941
14995
14987
14990
14939
14999
14999
14785
14994
14999
14999
14985
14999
14992
14786
14971
14992
14973
14997
14999
14933
14933
14999
14969
14933
14999
14997
14867
14950
14999
14999
14999
14999
14999
14992
14999
14275
14999
14999
14988
14996
14997
14999
14999
14999
14812
14987
14973
14999
14982
14999
14997
14973
14999
14987
14999
14996
14879
14972
14999
14999
14962
14898
14999
14997
14990
14999
14994
14941
14991
14979
14992
14465
14999
14999
14992
14992
14971
14973
14979
14992
14898
14999
14997
14862
14999
14982
14227
14963
14994
14999
14997
14999
14993
14985
14965
14999
14971
14992
14903
14991
14997
14995
14933
14979
14982
14999
14995
14999
14970
14485
14995
14999
14979
14995
14992
14997
14999
14997
14992
14910
14999
14906
14995
14995
14999
14990
14904
14999
14971
14999
14995
14193
14999
14995
14995
14941
14979
14997
14999
14999
14999
14999
14948
14997
14971
14987
14970
14999
14999
14994
14999
14944
14816
14925
14999
14979
14997
14999
14999
14999
14999
14985
14917
14999
14992
14946
14999
14972
14854
14996
14995
14999
14992
14963
14965
14999
14638
14999
14867
14995
14637
14985
14995
14991
14939
14992
14997
14999
14997
14992
14994
14994
14999
14999
14933
14999
14992
14997
14995
14973
14999
14997
14999
14999
14999
14982
14999
14999
14992
13618
14999
14999
14995
14991
14985
14999
14999
14999
14987
14728
14991
14997
14982
14997
14917
14995
14995
14998
14923
14903
14924
14999
14997
14971
14979
14979
14990
14992
14999
14999
14992
14979
14999
14995
14906
14992
14971
14999
14999
14999
14999
14999
14965
14999
14979
14990
14972
14997
14999
14999
14992
14997
14979
14999
14999
14999
14992
14988
14996
14992
14992
14994
14867
14999
14992
14941
14999
14982
14994
14999
14969
14999
14965
14727
14997
14992
14994
14997
14996
14992
14999
14982
14982
14979
14970
14999
14954
14985
14997
14992
14992
14917
14999
14380
14992
14999
14967
14999
14999
14035
14947
14997
14995
14999
14999
14998
14999
14995
14544
14999
14999
14999
14999
14982
14999
14999
14999
14950
14997
14995
14990
14999
14997
14994
14738
14992
14844
14999
14999
14995
14979
14999
14995
14971
14999
14997
14995
14992
14999
14795
14997
14999
14973
14999
14999
14992
14999
14891
14979
14997
14909
14952
14984
14995
14999
14997
14985
14999
14982
14997
14644
14903
14969
14944
14979
14997
14999
14903
14997
14992
14992
14984
14970
14999
14777
14994
14666
14795
14999
14999
14999
14999
14941
14877
14979
14992
14997
14995
14999
14999
14999
14997
14997
14904
14979
14999
14972
14974
14995
14999
14946
14997
14586
14933
14997
14999
14999
14999
14967
14933
14999
14999
14933
14997
14992
14999
14933
14991
14985
14999
14999
14999
14992
14995
14999
14999
14999
14999
14994
14965
14997
14933
14979
14992
14903
14997
14999
14963
14997
14999
14999
14903
14999
14979
14997
14963
14999
14999
14979
14995
14995
14802
14971
14999
14997
14999
14999
14999
14995
14999
14992
14999
14999
14867
14992
14992
14997
14999
14992
14990
14995
14990
14999
14999
14999
14999
14999
14963
14997
14999
14999
14716
14999
14997
14999
14999
14999
14933
14987
14965
14992
14999
14985
14999
14976
14772
14999
14979
14925
14997
14992
14999
14999
14946
14997
14947
14997
14999
14999
14992
14941
14999
14990
14999
14999
14933
14999
14999
14999
14999
14999
14999
14718
14999
14985
14992
14997
14997
14992
14988
14965
14999
14999
14992
14728
14985
14999
14973
14999
14999
14999
14999
14997
14999
14999
14873
14975
14992
7300
14999
14867
14999
14339
14969
14999
14987
14979
14999
14992
14999
14999
14992
14997
14999
14961
14999
14999
14990
14971
14999
14999
14997
14992
14999
14999
14997
14982
14997
14996
14973
14999
14924
14873
14979
14999
14987
14992
14971
14985
14999
14967
14992
14999
14999
14992
14997
14973
14999
14995
14997
14971
14999
14997
14903
14999
13402
14999
14972
14997
14999
14992
14997
14987
14995
14979
14969
14903
14992
14963
14997
14987
14924
14999
14987
14999
14999
14990
14952
14795
14982
14995
14999
14999
14795
14849
14995
14973
14975
14999
14995
14999
14992
14997
14992
14941
14999
14999
14997
14999
14987
14979
14999
14996
14988
14913
14923
10675
14999
14987
14999
14996
14999
14999
14992
14999
14855
14933
14979
14979
14997
14979
14999
14844
14992
14822
14999
14997
14999
14997
14460
14999
14990
14997
14976
14979
14999
14999
14933
14999
14795
14982
14997
14995
14999
14998
14999
14946
14944
14999
14995
14981
14995
14637
14995
14979
14999
14987
14992
14991
14985
14995
14982
14999
14990
14979
14714
14979
14997
14696
14885
14999
14997
14996
14999
14999
14999
14963
14992
14987
14955
14976
14997
14999
14999
13808
14999
14971
14999
14971
14999
14999
14995
14997
14816
14783
14995
14992
14995
14997
14999
14999
14998
14909
14979
14997
14999
14997
14999
14666
14991
14971
14924
14992
14973
14862
14979
14946
14997
14987
14552
14939
14999
14979
14982
14996
14933
14995
14880
14885
14985
14987
14770
14997
14972
14992
14988
14999
14965
14999
14782
14999
14999
14999
14999
14995
14992
14804
14979
14982
14992
14979
14994
14999
14999
14999
14971
14999
14994
14977
14999
14979
14795
14967
14994
14970
14999
14979
14995
14999
14997
14992
14987
14999
14997
14995
14997
14999
14885
14997
14992
14945
14991
14681
14979
14997
14915
14999
14999
14995
14984
14995
14997
14997
14998
14999
14992
14958
14903
14311
14992
14941
14999
14999
14982
14995
14999
14973
14997
14933
14997
14992
14992
14129
14997
14999
14992
14999
14999
14997
14982
14992
14999
14992
14961
14999
14944
14999
14995
14990
14999
14995
14999
14979
14992
14979
14960
14999
14979
14626
14999
14923
14971
14967
14872
14999
14988
14999
14999
11213
14999
14970
14999
14999
14927
14992
14976
14999
14987
14999
14661
14997
14995
14999
14995
14995
14990
14999
14999
14999
14987
14898
14999
14995
14996
14979
14999
14997
14992
14970
14928
14999
14855
14971
14985
14996
14999
14990
14991
14999
14979
14680
14988
14984
14990
14995
14997
14997
14997
14997
14971
14999
14985
14999
14971
14999
14971
14982
14999
14903
14999
14971
14999
14997
14999
14812
14948
14999
14971
14998
14995
14963
14997
14997
14994
14970
14795
14995
14999
14999
14941
14035
14979
14997
14982
14990
14979
14997
14999
14997
14999
14992
14999
14962
14992
14995
14971
14933
14996
14999
14987
14995
14998
14997
14999
14971
14997
14955
14933
14999
14994
14975
14997
14994
14979
14999
14999
14997
14867
14992
14992
14781
14781
14999
14997
14999
14999
14999
14999
14898
14999
14999
14999
14975
14997
14992
14965
14778
14979
14997
14985
14995
14982
14999
14995
12687
14990
14999
14730
14998
14999
14971
14997
14867
14987
14992
14999
14999
14999
14999
14999
14999
14996
14999
14999
14834
14991
14666
14994
14995
14999
14997
14999
14999
14990
14992
14973
14999
14997
14898
14994
14984
14970
14984
14999
14992
14995
14952
14885
14995
14995
14872
14999
14979
14999
14982
14999
14979
14997
14999
14933
14997
14987
14999
14992
14948
14523
14999
14997
14995
14997
14982
14997
14996
14999
14832
14971
14971
14987
14903
14992
14997
14973
14979
14999
14992
14999
14999
14999
14997
14880
14982
14996
14903
14999
14999
14999
14946
14999
14985
14718
14997
14999
14999
14976
14999
14999
14973
14999
14999
14999
14933
14904
14971
14992
14991
14999
14984
14978
14992
14999
14992
14972
14992
14780
14996
14997
14999
14999
14954
14996
14999
14992
14979
14999
14999
14997
14999
14903
14997
14999
14999
14999
14999
14997
14999
14999
14992
14944
14999
14999
14992
14985
14992
14976
14998
14999
14932
14992
14999
14999
14996
14974
14795
14999
14994
14990
14997
14999
14973
14999
14999
14941
14988
14992
14994
14999
14997
14998
14995
14999
14996
14738
14997
14992
14999
14992
14999
14992
14999
14999
14997
14999
14999
14925
14979
14999
14987
14686
14992
14999
14987
14987
14903
14997
14982
14999
14821
14249
14999
14973
14997
14999
14999
14999
14987
14979
14999
14999
14999
14999
14992
14999
14969
9307
14999
14999
14997
14999
14971
14992
14999
14995
14999
14971
14997
14999
14941
14999
14999
14997
14995
14971
14999
14998
14952
14999
14997
14999
14999
14999
14999
14971
14994
14992
14969
14997
14995
14982
14976
14979
14952
14906
14880
14992
14976
14954
14999
14999
14997
14995
14999
14850
14586
14992
14795
14999
14952
14992
14995
14971
14999
14867
14997
14969
14999
14979
14995
14990
14999
14997
14999
14923
14992
14965
14985
14892
14999
14997
14999
14995
14994
14994
14997
14999
14999
14999
14999
14997
14781
14992
14999
14979
14999
14976
14581
14963
14995
14898
14991
14999
14979
14877
14994
14933
14999
14990
14997
11016
14999
14999
14995
14997
14997
14997
14999
14992
14976
14997
14999
14979
14999
14999
14941
14997
14999
14990
14999
14992
14999
14877
14999
14999
14963
14998
14996
14992
14941
14933
14995
14992
14999
14997
14995
14997
14979
14997
14999
14629
14994
14999
14971
14997
14973
14923
14997
14903
14941
14997
14999
14999
14992
14997
14992
14997
14999
14903
14979
14999
14997
14995
14977
14919
14999
14996
14979
13742
14997
14999
14985
14999
14999
14999
14995
14997
14992
14999
14999
14997
14987
14997
14999
14904
14999
14988
14999
14992
14999
14992
14967
14999
14999
14950
0
14999
14999
14999
14986
7748
14979
14982
14999
14999
14995
14999
14987
14992
14992
14996
14955
14995
14994
14944
14995
14941
14999
14999
14999
14996
14971
14867
14933
14965
14999
14999
14571
14999
14999
14971
14982
14999
14967
14999
14999
14999
14997
14997
14999
14995
14987
14941
14999
14891
14992
14997
14982
14987
14992
14987
14691
14998
14967
14999
14999
14970
14992
14961
14999
14979
14923
14933
14995
14996
14999
14999
14992
14999
14999
14999
14999
14997
14880
14987
14999
14999
14982
14985
14995
14999
14999
14999
14999
14992
14996
14987
14999
14994
14999
14997
14995
14952
14971
14997
14999
14933
14999
14999
14965
14997
14948
14997
14995
14997
14837
14999
14999
14999
14999
14999
14979
14992
14999
14995
14984
14987
14999
14971
14979
14992
14965
14999
14999
14979
14999
14997
14997
14999
14971
14999
14999
14984
14552
14999
14979
14997
14997
14990
14984
14999
14292
13981
14995
14999
14933
14990
14568
14987
14979
14979
14999
14999
14985
14971
14992
14903
14992
14979
14979
14992
14992
14973
14984
14999
14963
14999
14999
14995
14992
14999
14999
14933
14987
14971
14999
14999
14985
14997
14999
14999
14995
14999
14999
14997
14979
14999
14985
14997
14992
14999
14999
14971
14899
14967
14979
14738
14973
14909
14886
14897
14941
14933
14969
14982
14961
14999
14994
14996
14982
14995
14923
14999
14969
14973
14972
14898
14987
14991
14903
14973
14999
14999
14971
14999
14999
14999
14620
14997
14999
14769
14995
14997
14999
14998
14844
14979
14991
14995
14992
14984
14999
14999
14626
14996
14913
14995
14997
14996
14997
14996
14992
14987
14999
14572
14933
14999
14997
14992
14996
14999
14987
14979
14837
14979
14997
14999
14999
14999
14992
14999
13733
14997
14835
14992
14999
14995
14947
14280
14969
14990
14997
14985
14999
14982
14919
14997
14979
14999
14963
14999
14903
14999
14984
14997
14982
14999
14999
14990
14999
14933
14999
14976
14999
14995
14999
14259
14999
14999
14979
14962
14999
14919
14997
14997
14844
14999
14933
14995
14999
14991
14985
14979
14999
14999
14999
14950
14999
14999
14944
14997
14999
14941
14999
14992
14996
14933
14941
14973
14979
14996
14944
14971
14999
14994
14996
14999
0
14970
14999
14995
14987
14997
14999
14995
14999
14995
14999
14985
14999
14999
14999
14999
14995
14979
14999
14970
14999
14999
14999
14999
14992
14971
14979
14999
14992
14992
14971
14976
14999
14999
14992
14999
14999
14992
14999
14903
14999
14999
14999
14932
14999
14999
14997
14999
14999
14476
14802
14991
14996
14997
14979
14999
14999
14999
14999
14999
14941
14999
14999
14999
14992
14996
14991
14992
14990
14999
14999
14994
14997
14999
14997
14999
14999
14998
14999
14999
4544
14999
14997
14999
14990
14999
14999
14999
14941
14995
11510
14992
14969
14990
14999
14629
14969
14997
14979
14997
14995
14918
14999
14999
14629
14999
14995
14997
14873
13520
14999
14903
14997
14992
14999
14995
14927
14996
14986
14987
14999
14999
14997
14587
14722
12838
14997
14999
14970
14987
14999
14999
14810
14973
14999
14999
14604
14992
14979
14965
14941
14941
14997
14906
14972
14997
14979
14997
14924
14999
14997
14923
14961
14992
14982
14898
14979
14961
14999
14997
14941
14995
14999
14999
14999
14944
14985
11915
14999
14903
14944
14999
14999
14994
14982
14420
14999
14997
14999
14992
14999
14999
14994
14999
14771
14999
14997
14979
14823
14903
14997
14992
14988
14999
14999
14999
14963
14999
14997
14948
14992
14999
14979
14991
14997
14999
14933
14982
14466
14982
14992
14999
14999
14851
14927
14992
14999
14999
14910
14950
14173
14996
13271
14991
14995
14992
14999
14999
14999
14999
14987
14999
14999
14952
14996
14999
14979
14984
14997
14999
14945
14999
14999
14999
14984
14971
14996
14997
14994
14971
14995
14999
14933
14979
14992
14995
14994
14997
14996
14999
14997
14995
14990
14999
14997
14997
14992
14999
14996
14982
12098
14987
14795
14999
14999
14997
14750
14999
14979
14990
14991
14999
14997
14997
14795
14999
14999
14971
14992
14999
14987
14992
14999
14999
14955
14999
14785
14972
14999
14992
14939
14994
14910
14997
14999
14997
14999
14999
14973
14999
14979
14999
14979
14925
14997
14985
14967
14995
14975
14933
14994
14979
14992
14999
14999
14992
14992
14997
14992
14997
14999
14987
14999
14999
14946
14999
14985
14995
14999
14992
14999
14952
14997
14637
13067
14999
14999
14958
14885
14999
14990
14997
14979
14774
14999
14933
14941
14972
14973
14985
14979
14933
14999
14801
14963
14984
14990
14996
14999
14999
14933
14999
14972
14997
14992
14933
14942
14995
14999
14999
14896
14979
14973
14995
14976
14997
14979
14801
14997
14995
14999
14933
14984
14996
14378
14990
14999
14995
14992
14997
14992
14815
14999
14872
14999
14990
14971
14997
14992
14903
14914
14979
14998
14997
14994
14999
14979
14997
14991
14998
14963
14999
14999
14999
14997
14999
14994
14990
14997
14990
14995
14999
14979
14999
14795
14998
14997
14999
14984
14999
14998
14992
14997
14996
14992
14999
14803
14999
14999
14950
14997
14971
14995
14860
14912
14999
14992
14992
14999
14994
14982
14999
14938
14998
14999
14979
14992
14996
14992
14997
14987
14982
14995
14997
14999
14999
14992
14976
14999
14999
14992
14776
14991
14869
14806
14999
14963
14999
14999
14945
14999
14997
14933
14999
14955
14999
14987
14999
14999
14979
14979
14999
14969
14992
14988
14997
14999
14999
14987
14984
14992
14933
14999
14999
14898
14979
14995
14999
14999
14999
14999
14972
14930
14994
14999
14932
14982
14992
14999
14990
14979
14971
14999
14999
14995
14971
14179
14898
14999
14999
14999
14999
14996
14998
14999
14961
14999
14979
14999
14995
14999
14999
14763
14973
14999
14998
14994
14997
14987
14992
14999
14999
14999
14413
14999
14837
14990
14950
14969
14999
14995
14974
14999
14999
14999
14997
14999
14992
14982
14999
14999
14985
14832
14999
14945
14999
14992
14903
14941
14999
14997
14952
14997
14997
14997
14997
14997
14988
14992
14979
14999
14999
14988
14999
14961
14999
14997
14999
14997
14999
14999
14988
14992
14999
14970
14979
14999
14979
14981
14967
14999
14999
14995
14999
14979
14995
14979
14997
14999
14985
14981
14999
14979
14997
14995
14999
14995
14999
14999
14999
14998
14999
14558
14995
14999
14990
14979
14997
14999
14984
14973
14996
14992
14944
14992
14985
14995
14976
14999
14999
14982
14985
14999
14987
14987
14997
14933
13746
14999
14999
12828
14999
14999
14987
14999
14999
14987
14988
14999
14971
14990
14999
14982
14999
14933
14979
14971
14999
14999
13484
11050
14999
14880
14997
14995
14999
14999
14999
14995
14997
14979
14982
14985
14971
14022
14933
14992
14910
14918
14999
14992
14971
14999
14992
14979
14999
14666
14997
14999
14933
14999
14969
14999
14877
14999
14988
14995
14994
14946
14999
14999
14999
14999
14992
14992
14996
14933
14972
14999
14999
14934
14999
14997
14965
14999
14888
14974
14999
14999
14999
14999
14999
14996
14963
14999
14903
14999
14999
14996
14969
14997
14999
14995
14999
14987
14999
14979
14999
14992
14961
14999
14994
14203
14976
14999
14873
14944
14999
14903
14997
14997
14999
14967
14997
14901
14850
14880
14973
14991
14932
14999
14981
14991
14999
14999
14999
14995
12913
14992
14999
14938
14985
14997
14971
14999
14888
14999
14979
14999
14976
14691
14722
14812
14987
14991
14999
14979
14999
14999
14970
14995
14999
14969
14982
14985
14999
14939
14974
14984
14997
14997
14997
14992
14996
14933
14999
14995
14979
14999
14992
14870
14771
14997
14992
14999
14992
14996
14933
14985
12127
14795
14999
14999
14999
14979
14992
14999
14965
14997
14933
14997
14987
14999
14903
14933
14987
14968
14999
14999
14995
14982
14997
14903
14997
14992
14985
14985
12913
14992
14970
14999
14999
14990
14992
14999
14556
14795
14999
14971
14933
14948
14939
14999
14999
14995
14999
14999
14999
14999
14973
14996
14999
14999
14999
14997
14999
14873
14996
14933
14999
14999
14994
14999
14987
14971
14997
14992
14995
14903
14997
14994
14992
14999
14999
14997
14930
14999
14985
14722
14992
14979
12740
14979
14996
14999
14971
14999
14992
14972
14999
14999
14995
14996
14999
14997
14999
14987
14963
14999
14995
14997
14999
14999
14999
14999
14987
14952
14999
14999
14992
14992
14941
14992
14994
14995
14997
14754
14969
14992
14946
14999
14909
14986
14945
14997
14992
14973
14979
14999
14999
14441
14997
14992
14999
14992
14995
14982
14999
14941
14995
14999
14999
14997
14997
14985
14999
14979
14987
14984
14971
14991
14997
14999
14995
14970
14999
14999
14999
14979
14999
14997
14979
14999
14776
14999
14997
14795
14997
14999
14997
14998
14593
14999
14999
14999
14999
14700
14999
14844
14997
14999
14997
14979
14999
14999
14995
14837
14915
14999
14995
14816
14933
14995
14992
14995
14999
14997
14996
14979
14999
14972
14971
14997
14182
14999
14999
14995
14999
12122
14960
14997
14998
14979
14988
14999
14933
14996
14995
14877
14933
14997
14999
14999
14992
14997
14997
14995
14952
14999
14987
14089
14979
14771
14932
14987
14992
14999
14967
14982
14979
14999
14903
14987
14997
14999
14999
14999
14999
14988
14999
14995
14997
14933
14941
14997
14992
14992
14979
14999
14942
14996
14987
14997
14972
14999
14996
14999
14941
14999
14995
14999
14999
14997
14999
14979
14999
14999
14999
14999
14999
14999
14999
14994
14979
14903
14967
14997
14999
14872
14941
14909
14982
14995
14939
14979
14992
14898
14999
14882
14988
14997
14928
14944
14941
14997
14952
14999
14979
14999
14999
14979
14999
14999
14933
14999
14992
14793
14985
14999
14997
14812
14941
14932
14997
14979
14999
14946
14999
14995
14992
14988
14982
14987
14973
14972
14933
14997
14999
7341
14999
14995
14924
0
14967
14971
14999
14979
14999
14999
14991
14973
14999
14999
14999
14923
14997
14933
14999
14987
14999
14999
14997
14997
14999
14973
14999
14999
9990
14955
14999
14999
14970
14945
14999
14979
14997
14999
14999
14999
14999
14999
14999
14944
14997
14998
14992
14997
14990
14995
14941
14987
14910
14999
14995
14933
14984
14999
14999
14990
14965
14995
14999
14999
14970
14923
14991
14999
14999
14992
14999
14971
14879
14994
14999
14984
14952
14995
14999
14941
14999
14982
14979
14999
14999
14999
14910
14975
14620
14987
14995
14990
14997
13960
14971
14999
14963
14999
14982
14987
14985
14995
14999
6770
14992
14984
14999
14999
14997
14999
14982
14997
14924
14991
14992
14999
14999
14999
14999
14356
14941
14996
14992
14995
14999
14994
14999
14999
14992
14903
14999
14992
14982
14997
14997
14919
14991
14991
14999
14997
14898
14992
14999
14987
14974
14999
14971
14999
14999
14992
14991
14999
14992
14997
14990
14996
14774
14999
14999
14718
14999
14999
14999
14999
12776
14997
14999
14999
14996
14834
14998
14992
14995
14992
14999
14979
14999
14997
14976
14997
14933
14979
14999
14997
14999
14999
14933
14987
14999
14999
14979
14923
14992
14961
14997
14999
14999
14976
14992
14999
14849
14999
14973
14965
14997
14995
14969
14997
14904
14991
14965
14999
14919
14984
14998
14867
14999
14999
14999
14780
14999
14999
14999
14801
14999
14999
14933
14979
14999
14903
14995
14997
14996
14997
14997
14950
14925
14999
14738
14992
14999
14994
14995
14979
14999
14992
14992
14992
14999
14999
14903
14906
14997
14999
14984
14999
14999
14997
14995
14992
14982
14997
14995
14999
14999
14987
14999
14933
12957
14992
14992
14992
14987
14997
14992
14999
14992
14999
14718
14965
14988
14990
14999
14952
14999
14992
14995
14985
14990
14925
14999
14999
14997
14995
14999
14999
14999
14982
14933
14997
14997
14972
14939
14999
14995
14997
14996
14869
14999
14999
14396
14944
14972
14999
14999
14979
14877
14984
14997
14984
14997
14999
14985
14999
14999
14994
14823
14955
14999
14979
14999
14999
14991
14812
14985
14995
14999
14923
14999
14963
14997
14999
0
14999
14999
14892
14988
14767
14853
14992
14997
14999
14999
14982
14994
14999
14995
14996
14834
14999
14999
14999
14985
14992
14870
14995
14992
14999
14999
14999
14999
14984
14965
14999
14995
14961
14985
14999
14971
14982
14992
14995
14992
14997
14976
14992
14997
13851
14971
14999
14979
14996
14979
14999
14999
14903
14992
14967
14971
14999
14999
14982
14992
14898
14999
14997
14999
14999
14977
14999
14999
14762
14998
14995
14992
14999
14903
14997
14992
14933
14997
14990
14997
14999
14999
14999
14924
14995
14999
14933
14979
14681
14999
14999
14970
14999
14997
14996
14960
14979
14995
14982
14992
14985
14990
14976
14917
14997
14999
14999
14997
14979
14880
14999
14839
14979
14866
14973
14995
14997
14975
14979
14979
14999
14999
14961
14990
14994
14979
14999
14999
14999
14899
14999
14970
14992
14992
14996
14984
14999
13875
14997
14990
14991
14979
14999
14999
14999
14807
14999
14987
14999
14979
14961
14999
14987
14987
11627
14985
14995
14999
14991
14999
14939
14990
14948
14722
14999
14999
14995
14997
14967
14997
14997
14898
14998
14939
14995
14992
14995
14999
14941
14997
14987
14994
14997
14999
14999
14995
14999
14997
14961
14999
14952
14955
14990
14933
14999
14999
14999
14987
14649
14999
14999
14997
13663
14903
14997
14999
14994
14992
14999
14999
14973
14997
14999
14873
14999
14997
14999
14979
14995
14982
14996
14992
14944
14995
14996
14999
14995
14973
14999
14958
14976
14928
14965
14985
14999
14999
14995
14992
14979
14970
14903
14992
14987
14992
14979
14997
14992
14999
14995
14979
14971
14992
14987
14997
14962
14722
14952
14626
14982
14999
14987
14923
14952
14896
14999
14948
14995
14997
14999
14991
14997
14987
14177
14877
14996
14987
14293
14997
14996
14997
14992
14999
14938
14992
14992
14994
14997
14997
14919
14995
14999
14997
14997
14999
14990
14999
14999
14930
14999
14999
14992
14997
14547
14941
14892
14873
14867
14997
14715
14995
14996
14969
14999
14999
14905
14999
14999
14999
14992
14999
14999
14995
14999
14997
14995
14999
14999
14987
14999
14999
14971
14992
14979
14990
14712
14999
14762
14995
14971
14999
14999
14997
14999
13110
14979
14941
14958
14992
14999
14999
14919
14999
14971
14999
14995
14994
14979
14933
14870
14997
14979
14999
14997
14999
14952
14781
14967
14997
14995
14999
14866
14999
14987
14995
14997
14999
14917
14944
14992
14999
14995
14968
13339
14913
14999
14997
14975
14992
14999
14952
14985
14999
14997
14999
14992
14999
14999
14999
14995
14997
14933
14973
14979
14950
14950
14933
14992
14994
14999
14994
14999
14952
14996
14933
14924
14961
14933
14999
14992
14987
14990
14999
14947
14992
14928
14999
14995
14997
14987
14999
14919
14979
14997
14999
14762
14999
14994
14987
14999
14992
14992
14992
14999
14762
14972
14967
14961
14979
14999
14967
14933
14971
14999
14991
14999
14979
14985
14999
14990
14965
14999
14997
14995
14996
14999
14626
14999
14992
14999
14997
14999
14999
14571
14999
14998
14999
14990
14999
14898
14999
14992
14997
14997
14970
14987
13418
14999
14987
14999
14998
14994
14992
14997
14999
14999
14987
14970
14998
14992
14944
14972
14987
14973
14995
14999
14971
14999
14963
14923
14999
14985
14999
14928
14985
14992
14999
14999
14969
14999
13852
14995
14982
14995
14999
14923
14997
14999
14999
14987
14995
14995
14984
14979
14903
14995
14995
14999
14967
14979
14997
14999
14973
14987
14971
14985
4689
14999
14995
14950
14999
14997
14999
14996
14994
14987
14997
14999
14999
14969
14941
14992
14903
14999
14999
14996
14999
14999
14100
14999
14958
14932
14992
14999
14933
14999
14945
14999
14973
14997
14999
14996
14999
14992
14909
14970
14999
14979
14996
14984
14982
14976
14995
14997
14999
14979
14781
14999
14982
14999
14999
14999
14995
14999
14999
14971
14999
14952
14985
14982
14995
14973
14997
14979
14992
14999
14997
14992
14999
14999
14992
14999
14994
14999
14985
14973
14997
14867
14982
14999
14999
14997
14999
14996
14997
14996
14994
14999
14992
14999
14971
14999
14999
14992
14992
14995
14999
14844
14992
14997
14999
14992
14948
14997
14987
14941
14952
14995
14992
14992
14999
14928
14997
14987
14999
14999
14802
14997
14992
14999
14999
14997
14984
14933
14979
14965
14870
14992
14999
14999
14999
14982
14963
14903
14997
14985
14933
14992
14999
14997
14991
14999
14903
14999
14969
14999
14082
14992
14781
14999
14992
14999
14999
14994
14988
14999
14999
14999
14999
14995
14999
14903
14867
14999
14999
14903
14999
14991
14997
14997
14995
14990
14999
14999
14996
14837
14998
14984
14984
14992
14999
14666
14999
14996
14969
14227
14995
14999
14999
14998
14999
14994
14979
14995
14992
14999
14996
14991
14927
14979
14992
14999
14979
14903
14999
14999
14999
14999
14355
14999
14999
14999
14963
14995
14880
14999
14716
14992
14992
14985
14996
14992
14992
14898
14997
14947
14999
14999
14992
14999
14999
14999
14999
14992
14992
14928
14903
14999
14950
14999
14994
14987
14996
14987
14997
14999
14987
14952
14774
14985
14997
14999
14982
14999
14987
14982
14933
14999
14999
14999
14999
14941
14997
14985
14965
14998
14999
14906
14999
14995
14999
14941
14979
14999
14975
13861
14952
14988
14999
14999
14795
14999
14999
14930
14999
14997
14995
14975
14992
14996
14997
14952
14971
14997
14999
14852
14998
14995
14280
14999
7760
14992
14996
14997
14882
14963
14997
14987
14987
14992
14973
14997
14992
14971
14997
14985
14999
14984
14933
14979
14995
14999
14976
14999
14339
14999
14888
14992
14999
14999
14987
14999
14982
14997
14996
14999
14958
14997
14999
14979
14999
14999
14997
14992
14997
14952
14979
14985
14999
14999
14995
14965
14971
14994
14995
14994
14941
14984
14990
14992
14997
14810
14982
14999
14992
14999
14999
14991
14979
14971
14999
14998
14999
14997
14974
14963
14979
14992
14997
14963
14999
14979
14999
14990
14980
14999
14999
14999
14999
14999
14979
14999
14816
14982
14971
14961
14991
14977
14971
14992
14997
14997
14992
14999
14999
14994
14995
14999
14994
14992
14979
14952
14998
14997
14992
14999
14992
14969
14987
14999
14999
13815
14999
14999
14999
14832
14997
14985
14615
14999
14920
14979
14999
14987
14979
14999
14992
14992
14999
14985
14994
14972
14626
14997
14997
14992
14999
14992
14999
14979
14997
14933
14999
14985
14997
14999
14999
14997
14998
14994
14923
14991
14999
14992
14999
14999
14997
14999
14979
14992
14997
14999
14997
14992
14997
14995
14999
14999
13631
14999
14999
14999
14999
14982
14997
14925
14999
14992
14982
14999
14992
14999
14999
14963
14762
14999
14979
14992
14997
14941
14992
14995
14979
14999
14945
14999
14999
14972
14998
14995
14995
14999
14998
14999
14999
14999
14997
14995
14777
14945
14952
14933
14995
14941
14994
14999
14987
14999
14999
14909
14992
14997
14933
14999
14997
14997
14872
14996
14944
14999
14999
14997
14999
14999
14933
14999
14995
14987
14997
14979
14994
14999
14997
14844
14999
14997
14997
14999
14982
14999
14999
14999
14999
14999
14873
14999
14669
14999
14999
14851
14999
14999
14999
14997
14992
14995
14999
14996
14969
14997
14999
14984
14999
14999
14992
14999
14997
14984
14998
14999
14967
14970
14999
14971
14999
14979
14999
14979
14979
14995
14990
14992
14979
13542
14995
14995
14552
14997
14990
14992
14963
14999
14813
14898
14999
14976
14997
14997
14995
14973
14992
14999
14992
14992
14976
14999
14715
14999
14985
14997
14999
14944
14973
14882
14992
14976
14997
14999
14999
10789
14992
14995
14992
14992
14933
14999
14999
14992
14999
14877
14999
14961
14996
14944
14999
14999
14996
14999
14999
14999
14987
14996
14999
14933
14979
14999
14994
14999
14997
14971
14877
14999
14999
14903
14985
14992
14997
14999
14923
14997
14994
14999
14999
14997
14992
14996
14999
14990
14999
14997
14991
14999
14995
14961
14995
14971
14946
14999
14999
14971
14999
14999
14996
14979
14999
9883
14997
14581
14997
14982
14996
14992
14998
14999
14992
14909
14999
14979
14992
14999
14999
14999
14995
14999
14979
14990
14971
14923
14765
14982
14990
14552
14928
14999
14999
14979
14992
14995
14976
14976
14910
14999
14995
14933
14903
14995
14992
14965
14976
14999
14979
14902
14974
14999
14925
14995
14999
14992
14970
14985
14979
14997
14994
14903
14992
14996
14982
14992
14987
14996
14911
14999
14925
11440
14992
14986
14999
14973
14971
14997
14992
13997
14997
14992
14999
14992
14999
14987
14971
14995
14992
14984
14999
14995
14999
14903
14999
14999
14999
14999
14999
14999
14997
14999
14944
14795
14999
14992
14987
14979
14999
14992
14971
14996
14729
14999
14995
14996
14933
14994
14999
14971
14999
14990
14997
14997
14987
14999
14984
14941
14979
14052
14999
14999
14938
14999
14987
14992
14933
14994
14997
14992
14992
14979
14999
14999
14992
14795
14999
14999
14999
14992
14999
14995
14999
14997
14999
14997
14984
14999
14999
14999
14999
14999
14999
14971
14992
14999
14995
14995
14999
14997
14933
14999
14970
14716
14997
14999
14995
14999
14990
14999
14979
14997
14999
14999
14987
14979
14973
14997
14997
14994
14924
14999
14906
14997
14999
14992
14999
14994
14992
14997
14996
14988
14996
14903
14997
14999
14999
14970
14999
14995
14999
14999
14923
14999
14997
14996
14971
14999
14984
14999
14987
14982
14992
14987
14999
14999
14999
14997
14999
14997
14995
14999
14906
14992
14976
14999
14979
14997
14999
14979
14967
14999
14995
14995
14999
14999
14999
14999
14995
14915
14999
14971
14997
14998
14988
14999
14971
14998
14995
14973
14997
14995
14997
14979
14999
14992
14995
14997
14990
14999
14996
14892
14971
14997
14999
14992
14997
14999
14999
14994
14999
14997
14406
14987
14795
14997
14997
14961
14990
14999
14992
14999
14999
12532
14999
14997
14963
14979
14999
14982
14973
14997
14997
14999
14700
14996
14952
14999
14952
14802
14990
14995
14997
14999
14995
14923
14976
14866
14880
14999
14998
14997
14997
14933
14998
14952
14992
14984
14997
14933
14933
14992
14995
14998
14973
14999
14997
14939
14996
14987
14999
14965
14973
14996
14976
14992
14996
14844
14999
14995
14992
14999
14933
14998
14933
14952
14982
14999
14984
14275
14933
14995
14963
14997
14903
14995
14999
14999
14999
14999
14999
14996
14999
14962
14997
14987
14992
14995
14944
14999
14995
14984
14917
14987
14999
14997
14995
14996
14995
14987
14979
14999
14999
14999
14990
14999
14995
14999
14979
14999
14889
14927
14984
14995
14970
14997
14738
14979
14999
14995
14997
14999
14979
14979
14941
14465
14975
14996
14885
14999
14987
14816
14969
14990
14997
14999
14999
14999
14995
14995
14891
14933
14995
14973
14997
14979
14997
14999
14979
14987
14963
14952
14999
14999
14999
14979
14999
14998
14999
14970
14997
14992
14999
14973
14979
14991
14626
14716
14999
14999
14979
14802
14995
14992
14999
14999
14999
14999
14992
14979
14992
14998
14999
14999
14967
14999
14997
14938
14982
14637
14944
14999
14999
14999
14992
14976
14984
14999
14999
14999
14999
14987
14999
14906
14995
14733
14582
14995
14995
14984
14999
14987
14999
14939
14971
14999
14987
14999
14999
14990
14999
14997
14629
14984
14999
14992
14981
14987
14999
14971
14997
14969
14996
14719
14999
14999
14987
14999
14984
14985
14971
14992
14990
14873
14861
14933
14999
14991
14997
14783
14999
14997
14971
14999
14795
14541
14999
14999
14999
14996
14955
14976
14987
14967
14995
14973
14996
14992
14973
14999
14999
14903
14992
14979
14999
14999
14979
14999
14999
14999
14976
14997
14997
14945
14995
14992
14995
14992
14832
14903
14999
14999
14985
14999
14995
14999
14995
14999
14999
14995
14984
14999
14999
14997
14992
14988
14999
14991
14997
14999
14999
14923
14999
14999
14997
14999
14995
14999
14999
14999
14637
14999
14971
14992
14979
14999
14452
14973
14992
14812
14950
14933
14785
14999
14995
14999
14999
14987
14975
14954
13547
14999
14995
14997
14997
14999
14999
14997
14987
14999
14999
14999
14999
14999
13623
14947
14941
14999
14999
14952
14973
14997
14994
14999
14999
14999
14999
14999
14997
14089
13110
14681
14999
14995
14984
14941
14995
14992
12956
14997
14995
14994
14987
14991
14955
14992
14992
14999
14992
14991
14999
14999
14952
14906
14972
14999
14997
14982
14997
14985
14941
14997
14999
14802
14933
14999
14971
14999
0
14999
14999
14999
14939
14961
14770
14999
14999
14948
14987
14995
14999
13939
14999
14994
14933
14979
14979
14971
14844
14987
14995
14924
14992
14984
14982
14999
14992
14990
14992
14994
14999
14995
14999
14963
14997
14990
14997
14999
14987
14999
14979
14785
14982
14999
14963
14982
14982
14990
14999
14659
14994
14979
14999
14985
14996
14995
14999
14992
14985
14997
14992
14999
14961
14999
14994
14999
14999
14992
14999
14999
14988
14971
14990
14999
14982
14992
14999
14992
14930
14933
14999
14987
14991
14990
14997
14990
14997
14999
14999
14954
14999
14903
14999
14999
14999
14996
14999
14999
14987
14999
14967
14928
14958
14991
14999
14999
14999
14979
14902
14999
14999
14997
14999
14997
14999
14997
14898
14999
14997
14997
14973
14995
14999
14870
14941
14999
14844
14997
14997
14999
14997
14992
14971
14999
14879
14999
14769
14999
14992
14999
14999
14992
14941
14952
14992
14979
14991
14995
14999
14941
14994
14906
14992
14995
14999
14999
14999
14996
14997
14941
14999
14997
14925
14982
14996
14984
14999
14992
14979
14982
14971
14992
14999
14906
14999
14311
14999
14979
14963
14999
14999
14999
14992
14997
14999
14979
14999
14992
14999
14971
14638
14999
14942
14971
14992
14930
14979
14990
14997
14995
14999
14867
14995
14992
14999
14985
14923
14999
14999
14965
14971
14999
14636
14973
14999
14999
14999
14997
14523
14999
14999
14997
14941
14933
14844
14999
14999
14924
14995
14999
14898
14987
14987
6717
14866
14994
14984
14997
14999
14994
14999
14997
14999
14990
14999
14999
14997
13517
14999
14982
14997
14967
14782
14992
14999
14997
14941
14999
14992
14996
14999
14997
14999
14999
14979
14982
14982
14992
14998
14933
14933
14997
14992
14979
14999
14999
14987
14716
14999
14992
14897
14785
14999
14999
14995
14976
14999
14990
14941
14982
14997
14985
14999
14995
14941
14987
14923
14999
14976
14999
14999
14985
14979
14400
14999
14999
14997
14999
14971
14854
14979
14723
14971
14997
14999
14999
14992
14999
14999
14999
14925
14999
14990
14999
14999
14990
14995
14999
14992
13906
14973
14997
14987
14995
14992
14999
14996
14960
14985
14999
14973
14970
14997
14984
14903
14999
14963
14999
14992
14982
14997
14999
14997
14999
14999
14971
13955
14999
14997
14973
14999
14999
14997
14999
14999
14999
14999
14987
14985
14967
14999
14979
14973
14999
14999
14870
14975
14985
14903
14992
14941
14999
14979
14992
14961
14999
14992
14994
14995
14982
14992
14999
14965
14933
14995
14944
14985
14997
14961
14999
14987
14999
14999
14999
14971
14941
14992
14293
14996
14997
14998
14984
14903
14979
14992
14979
14997
14997
14812
14745
14933
14995
14998
14997
14999
14997
14997
14985
14999
14999
14999
14995
14787
14961
14998
14999
14976
14946
14992
14999
14999
14999
14979
14984
14950
14999
14997
14963
14997
14944
14992
14976
14777
14984
14979
14982
14992
14999
14971
14973
14994
14938
14990
14997
13960
14961
14941
14999
14873
14973
14903
14999
14999
14971
14992
14979
14999
14992
14997
14992
14997
14999
14930
14999
14995
14996
14999
14990
14999
14999
14995
14979
14999
14997
14999
14999
14999
14992
14979
14971
14999
14727
14997
14992
14992
14995
14903
14873
14999
14999
14997
14861
14995
14997
14999
14722
14999
14996
14795
14979
14998
14999
14997
14985
14994
14992
14999
14999
14999
14992
14999
14918
70
14898
14991
14946
14999
14995
14999
14987
14985
14997
14971
13782
14996
14979
14275
14999
14979
14995
14933
14997
14970
14985
14999
14997
14999
14797
14997
14987
14950
14999
14992
14979
14992
14941
14982
14996
14999
14992
14999
14465
14769
14999
14903
14992
14982
14999
14982
14997
14997
14996
14999
14999
14999
14999
14952
14997
1904
14992
14999
14992
14973
14944
14997
14999
14995
14999
14990
14999
14995
14999
14999
14997
14999
14996
14997
14999
14999
14999
14903
14985
14999
14987
14970
14948
11770
14999
14997
14973
14995
14992
14999
14933
14923
14972
14950
14965
14996
14999
14997
14997
14991
14992
14992
14999
14999
14999
14985
14992
14999
14999
14997
14924
14999
14997
14997
14999
14997
14880
14996
14999
14999
14999
14999
14997
14990
14666
14999
14985
14999
14997
14465
14992
14867
14992
14999
13742
14947
14999
14999
14998
14999
14995
14987
14992
14903
14996
14995
14979
14999
14952
14917
14999
14999
14979
14997
14952
14990
14995
14984
14999
14992
14992
14795
14979
14998
14996
14999
13608
14992
14999
14987
14996
14999
14960
14999
14997
14771
14996
14997
14992
14995
14999
14971
14996
14995
14995
14990
14995
14933
14999
14927
14997
14460
14996
14880
14979
14999
14999
14992
14903
14795
14775
14948
14985
14992
14979
14999
14732
14982
14997
14999
14997
14994
14999
14995
14995
14941
14999
14997
14997
14999
14997
14999
14984
14999
14999
14999
14973
14999
14999
14999
14997
13733
14999
14999
14979
14995
14992
14999
14999
14999
14984
14971
14999
14997
14999
14952
14999
14971
14979
14999
14997
14999
14999
14999
14996
14992
14999
14994
14991
14992
14999
14997
14999
14997
14999
14992
14997
14979
14999
14995
14999
14982
14999
14844
14972
14999
14999
14997
14939
14991
14999
14999
14999
14997
14996
14999
14992
14963
14999
14985
14999
14564
14999
14996
14992
14999
14995
14982
14999
14909
14997
14999
14992
14995
14463
14999
14999
14992
14985
14992
14999
14971
14985
14992
14941
14770
14995
14992
14933
14917
14985
14999
14999
14992
14987
14997
14999
14999
14997
14999
14995
14999
14985
14999
14999
14992
14999
14996
14795
14999
14676
14960
14997
14992
14999
14979
14999
14909
14999
14738
14984
14999
14999
14944
14979
14998
14999
14999
14999
14925
14999
14999
14177
14999
14769
14923
14999
14999
14847
14832
14990
14976
14999
14999
14994
14979
14992
14944
14997
14982
14999
14979
14999
14903
14999
14997
14992
14979
14997
14909
14999
14995
14832
14997
14997
14990
14999
14995
14722
14995
14999
14990
14996
14995
14991
14995
14971
14992
14984
14997
14999
14722
14997
14999
14999
14999
14982
14999
14999
14961
14909
14995
14997
14996
14995
14992
14997
14995
14928
14938
14971
14997
14982
14903
14999
14952
14999
14992
14996
14999
14997
14997
14999
14995
14999
14999
14997
14970
14952
14999
14973
14990
14999
14958
14992
14992
14995
14961
14999
14960
14982
14982
14999
14906
14999
14992
14999
14963
14997
14952
14933
14999
14987
14961
14523
14999
14999
14999
14941
14997
14999
14999
14999
14898
14997
14982
14999
14999
14999
14963
14971
14995
13906
14995
14997
14991
14997
14795
14987
14999
14992
14925
14999
14961
14992
14971
14885
14992
14999
14990
14995
14999
14990
14999
14963
14999
14997
14967
14999
14999
14999
14973
14997
14995
14997
14998
14992
14979
14987
14999
14992
14998
14985
14999
14987
14999
14938
14999
14997
14999
14999
14998
14004
14999
14999
14999
14987
14971
14995
14995
14979
13139
14965
14994
14997
14950
14976
14999
14995
14999
14933
14997
14996
14992
14999
14999
14999
14982
14997
14997
14999
14947
14999
14903
14997
14999
14999
14987
14999
14997
14984
14997
14984
14945
14999
14999
14999
14000
14997
14979
14924
14996
14991
14992
14941
14997
14523
14990
14750
14992
14999
14997
14982
14999
14944
14795
14997
14992
14970
14999
14999
14999
14992
14997
14680
14999
14995
14994
12518
14923
14992
14999
14979
14971
14971
14999
14992
14997
14995
14999
14999
14997
14971
14985
14997
14999
14945
14999
14999
14995
14933
14898
14992
14603
14179
14948
14621
14999
14995
14971
14999
14958
14999
14979
14995
14985
14987
14997
14965
14985
14992
14899
14996
14999
14999
14970
14992
14994
14999
14999
14999
14995
14999
14999
14965
14999
14992
14999
14997
14997
14999
14999
14979
14933
14999
14999
14973
14971
14999
14903
14896
14997
14999
14999
14992
14996
14990
14999
14999
14992
14999
14999
14999
14999
14999
14971
14999
14999
14999
14621
14999
14990
14987
14999
14999
14992
14917
14997
14992
14999
14979
14737
14992
14992
14999
14696
14973
14997
14999
14999
14997
14982
14999
14997
14898
14999
14992
14995
14999
14999
14976
14944
14999
14999
14967
14984
14999
14997
14995
14999
14999
14994
14924
14995
14997
14994
14999
14793
14996
14995
14979
14976
14999
14995
14898
14999
14999
0
14999
14979
14999
14999
14979
14981
14999
14999
14999
14999
14999
14992
14997
14942
14996
11512
14999
14992
14971
14995
14999
14995
14821
14997
14999
14999
14999
14985
14999
14999
14999
14994
14999
14999
14999
14999
14963
14997
14997
14990
14991
14992
14997
14930
14955
14999
14873
14969
14997
14997
14979
14997
14990
14997
14999
14996
14999
14999
14971
14979
14999
14999
13139
14984
14999
14961
14995
14999
14992
14987
14873
14999
14999
14933
14999
14979
14999
14999
14973
14999
14996
14999
14965
14333
14932
14948
14965
14999
14992
14995
14997
14999
14999
14998
14973
14999
14987
14944
14995
14999
14985
14999
14999
14992
14881
14992
14941
14999
14992
14992
14997
14992
14999
14925
14997
14987
14992
14992
14979
14979
14992
14999
14991
14999
14782
13110
14944
14999
14995
14996
14946
14995
14997
14999
14984
14999
14984
14992
14999
14994
14997
14997
13682
14999
14610
13106
14998
14994
14944
14999
14987
14995
14967
14992
14762
14999
14992
14999
14972
14933
14992
14995
14918
14999
14999
14999
14465
14999
14999
14985
14987
14997
14998
14999
14999
14944
14999
14982
14995
14999
14999
14923
14999
14992
14999
14995
14999
14999
14999
14999
14933
14805
14999
14992
14999
14802
14941
14997
14938
14999
14997
14991
14995
14992
14972
14999
14997
14992
14998
14999
14882
14999
14999
14992
14999
14999
14999
14903
14999
14903
14997
14995
14903
14999
14996
14995
13376
14992
14999
14994
14997
14997
14997
14999
14997
14999
14992
14970
14815
14994
14999
14997
14999
14999
14998
14969
14995
14979
14754
14952
14999
14997
14997
14999
14987
14805
14999
14969
14999
14972
14992
14988
14965
14990
14933
14999
14999
14999
14923
14996
14999
14999
14979
14999
14987
14909
14984
14999
14999
14939
14952
14997
14941
14995
14982
14995
14999
14999
14995
14999
14999
14999
14999
14996
14802
14984
14995
14997
14995
14992
14996
14999
14999
14979
14987
14999
14999
14999
14990
14997
14973
14995
14999
14997
14774
14999
14965
14999
14992
14999
14992
14903
14994
14762
14933
14997
14999
14999
14999
14991
14999
14999
14999
14997
14992
11928
14995
14997
14987
14997
14997
14999
14999
14999
14933
14999
14999
14999
14981
14997
14999
14979
14903
14999
14979
14997
14967
14996
14996
14927
14991
14952
14963
14997
14995
14971
14995
14999
14999
14748
14718
14990
14995
14973
14971
14999
14999
14999
14999
14992
14897
14999
14997
14997
14988
14979
14999
14988
14982
14999
14992
14999
14979
14999
14999
14971
14988
14997
14999
14992
14985
14999
14997
14999
14999
14999
14950
14999
14998
14990
14182
14965
14999
14999
14973
14999
14971
14999
14976
14999
14969
14985
14960
14999
14999
14997
14997
14998
14954
14982
14997
14992
14995
14973
14988
14999
14995
14938
14999
14987
14994
14997
14999
14870
14999
14815
14999
14995
14999
14906
14999
14999
14999
14979
14984
14998
14909
14536
14952
14969
14999
14992
14999
14996
14903
14771
14999
14999
14999
14997
14995
14997
14992
14960
14999
14700
14944
14944
14945
14999
14996
14996
14795
14996
14996
14992
14987
14991
14979
14999
14999
14999
14974
14999
14965
14999
14795
14903
14867
14961
14991
14999
14979
14999
14999
14997
14999
14992
14999
14999
14982
14999
14999
14987
14992
14979
14997
14999
14996
14995
14999
14992
14963
14999
14386
14992
14909
14952
14971
14999
14999
14999
14999
14999
14906
14997
14997
14982
14997
14987
14941
14992
14992
14996
14999
14933
14999
14992
14999
14967
14997
14992
14971
14971
14967
14963
14992
14979
14771
14954
14906
14997
14948
14979
14988
14997
14994
14999
14999
14982
14999
14999
14995
14979
14992
14987
14999
14999
14944
14997
14985
14994
14999
14999
14999
14999
14967
14999
14979
14873
14999
14975
14982
14979
14738
14995
14933
14999
14999
14992
14999
14999
14995
14999
14970
14997
14997
14997
14803
14903
14997
14967
14999
14995
14967
14999
14460
14985
14971
14999
14933
14999
14999
14944
14999
14995
14997
14995
14906
14903
14992
14992
14999
14999
14996
14992
14992
14844
14999
14999
14901
14999
14999
14999
14997
14999
14996
14971
14731
14992
14999
14999
14996
14984
14999
14449
14960
14997
14995
14994
14999
14999
14973
14992
14988
14997
14933
14997
14997
14999
14961
14903
14979
14999
14999
14969
14999
11077
14976
14979
14992
14997
14928
14996
14969
14997
14999
14999
14979
14976
14999
14999
14999
14996
14999
14924
14999
14999
14997
14987
14994
14997
14999
13195
14998
14999
14979
14979
14999
14999
14924
14992
14999
14995
14997
14925
14995
14992
14979
14992
14991
14995
5314
14965
14979
14999
11345
14999
14999
14976
14990
14536
14997
14997
14999
14999
14998
14999
14999
14999
14979
14666
14996
14999
14903
14996
14999
14995
14927
14999
14997
14999
14990
14955
14979
0
14995
14992
14933
14999
14944
14736
14738
14925
14987
14999
14908
14997
14933
14999
14979
14995
14995
14992
14995
14997
14999
14999
14995
14877
14999
14999
14979
14997
13986
14969
14906
14992
14999
14992
14999
14999
14999
14985
14997
14990
14903
14999
14997
14992
14997
14990
14995
14997
14999
14798
14997
14952
14995
14995
14997
14961
14999
14997
14999
14992
14997
14985
14999
14997
14979
14995
14999
14997
14999
14996
14971
14984
14992
14995
14898
14444
14999
14995
14979
14996
14998
14999
14987
14999
14987
14967
14869
14992
14999
14999
14837
14999
14942
14987
14928
14999
14999
14994
14996
14950
14816
14780
14999
14992
13467
14641
14999
14997
14999
14938
14795
14985
14999
14992
14952
14997
14976
14999
14979
14997
14999
14999
14995
14999
14988
14996
14992
14999
14880
14999
14999
14994
14999
14999
14967
14999
14999
14992
14998
14987
14992
14997
14999
14999
14999
14999
14999
14999
14999
14785
14992
14996
14996
14984
14999
14985
14992
14944
14998
14999
14999
14999
14969
14970
14965
14999
14999
14999
14984
14987
14681
14903
14971
13545
14999
14994
14999
14997
14932
14990
14999
14924
14999
14999
14999
14990
14992
14999
14999
14999
14933
14999
14553
14971
14992
14422
14991
14982
14999
14279
14995
14919
14905
14933
14465
14984
14999
14992
14997
14995
14997
14992
14979
14994
14994
14944
14997
14999
14999
14994
14999
14997
14981
14967
14873
14999
14991
14995
14976
14961
14992
14763
14985
14999
14971
14715
14999
14982
14996
14992
14904
14867
14999
14999
14762
14971
14971
14997
14995
14998
14998
14909
14961
14999
14997
14994
14979
14999
14999
14997
14999
14999
14992
14933
14999
14823
14999
14997
14997
14952
14933
14999
14999
14881
14999
14837
14997
14997
14933
14994
14997
14903
14948
14999
14997
14982
14537
14906
14995
14939
14997
14786
14979
14999
14994
14961
14995
14999
14999
14906
14987
14941
14999
14933
14999
14995
14987
14999
14997
14722
14985
14999
14984
14976
14996
14995
14999
14999
14999
14999
14987
14985
14919
14930
14999
14999
14997
14997
14992
14998
14999
14995
14925
14999
14960
14999
14999
14933
14999
14976
14999
14970
14941
14867
14903
14997
14987
14999
14805
14984
14987
14992
14997
14984
14999
14999
14838
14999
14999
14999
14999
14999
14999
14932
14999
14941
14992
14992
14992
14997
14963
14999
14835
14982
14987
14984
14999
14997
14997
14992
14999
14995
14946
14961
14997
14999
14994
14976
14999
14979
13283
14997
14982
14995
14992
14795
14997
14997
14979
14999
14952
14880
14996
14985
14997
14999
14952
14999
14867
14979
14999
14979
14999
14958
14979
14941
14999
14999
14997
14795
14994
14999
14991
14994
14990
14999
14999
14504
14999
14586
14992
14987
14998
14999
14924
14979
14999
14991
14999
14994
14903
14951
14999
14999
14999
14995
14987
14999
14969
14997
14999
14923
14972
14992
14999
14952
14991
14999
14933
14979
14533
14763
14995
14999
14999
14997
14867
14985
14996
14999
14675
14903
14952
14867
14999
14933
14994
14991
14992
14997
14999
14988
14991
14976
14992
14995
14999
14999
14999
14992
14994
14975
14999
14999
14999
14933
14897
14999
14996
14999
14997
14994
14999
14999
14995
14999
14996
14999
14999
14992
14997
14984
14997
14997
14999
14995
14941
14992
14999
14976
14979
14998
14774
14998
14944
14999
14999
14973
14997
14999
14982
14885
14987
14995
14004
14795
14999
14941
14626
14995
14995
14979
14999
14995
14990
14999
14999
14999
14950
14992
14991
14999
14979
14997
14662
14977
14998
14997
14999
14979
14999
14972
14997
14999
14004
14999
14999
14982
14999
14999
14971
14979
14999
14999
14979
14999
14950
14990
14786
14971
14988
14924
14999
14995
14987
14976
14984
6770
14941
14996
14990
14979
14992
14995
14999
14955
14999
14985
14982
14995
14997
14985
14999
14999
14985
14997
14997
14997
14992
14996
14998
14988
14999
4689
14999
14999
14999
14999
14945
14999
14985
14979
14999
14997
14987
14992
14999
14987
14999
14971
14999
14999
14999
14941
14987
14867
14805
14999
14999
14996
14992
14992
14987
14999
14999
14984
14995
14997
14987
14987
14999
14999
14995
14999
14999
14971
14992
14223
14999
14992
14999
14927
14985
14999
14992
14982
14987
14999
14999
14991
14999
14973
14997
14994
14999
14999
14982
14992
14915
14999
14992
14994
14795
14999
14992
14985
14997
14997
14982
14995
14552
14987
14999
14997
14995
14877
14952
14992
14999
14987
14999
14996
14999
14999
14903
14913
13891
14995
14979
14999
14963
14903
14997
14969
14995
14906
14995
14970
14944
14909
14941
14944
14965
14972
14979
14999
14999
14995
14999
14999
14999
14987
14999
14992
14999
14984
14995
14985
14933
14999
14928
14979
14997
14992
14999
14997
14933
14994
14795
14997
14974
14995
14899
14997
13885
14802
14991
14930
14999
14995
14999
14999
14987
14979
14979
14999
14997
14999
14967
14987
14961
14985
14866
14997
14987
14998
14999
14963
14952
14999
14997
14987
14979
14867
14999
14999
14999
14991
14987
14997
14992
14969
14991
14971
14795
14997
14999
14999
14979
14999
14976
14351
14987
14999
14999
14999
14913
14999
14997
14877
14992
14984
14947
14995
14930
14987
14999
14999
14992
14992
14999
14988
14985
14992
14999
14997
14992
14990
14984
14971
14952
14995
14982
14987
14971
14992
14999
14997
14995
14995
14939
14999
14979
14992
14996
14999
14994
14999
14995
14987
14997
14982
14999
14997
14987
14985
14992
14999
14998
14999
14992
14999
14999
14999
14987
14995
14995
14999
14998
14961
14999
14971
14997
14970
14997
14995
14973
14999
14994
14999
14999
14999
14999
14979
14999
14987
14903
14999
14906
14982
14971
14963
14992
14994
14999
14987
14999
14999
14970
14999
14988
14998
14999
14997
14999
14939
14999
14999
14969
14965
14992
14987
14992
14995
14970
14990
14979
14997
14997
14985
14965
14992
14999
14997
14999
14992
14992
14997
14999
14882
14984
14979
14979
14999
14997
14995
14780
14979
14795
14999
14979
14904
14997
14987
14997
14999
14999
14999
14903
14717
14992
14999
14933
14999
14997
14933
14992
14999
14999
14910
14979
14999
14979
14465
14992
14984
14977
14999
12423
14999
14997
14979
14992
14992
14999
14973
14984
14999
14998
14995
14999
14985
14996
14999
14952
14945
14844
14999
14992
14999
14997
14992
14988
14997
14999
14999
14996
14999
14992
14999
14905
14944
14996
14999
14995
14902
14999
14996
14992
14997
14999
14987
14938
14999
14999
14984
14961
14971
14995
14999
14985
14984
14982
14946
14873
14999
14976
14896
14971
14950
14999
14999
14992
14997
14999
14941
14979
14997
14898
14999
14999
14990
14997
14999
14999
14995
14973
14999
14997
14999
14310
14923
14969
14995
14994
14985
13418
14999
14995
14933
14997
14979
14963
14925
14997
14999
14933
14999
14990
14999
14815
14988
14999
14933
14979
14973
14999
14995
14979
14997
14822
14999
14903
14999
0
14950
14994
14995
14985
14997
14571
14999
14979
14997
14982
14979
14999
14999
14842
14999
14999
14999
14997
14999
14999
14965
14984
14999
14999
14992
14965
14933
14995
10789
14941
14944
14903
14979
14999
14999
14972
14985
14971
14992
14997
14867
14999
14979
14994
13418
14996
14999
14997
14985
14991
14954
14985
14965
14941
14924
14979
14984
14898
14999
14961
14987
14963
14999
13820
14780
14999
14963
14999
14971
14999
14995
14903
14969
14999
14999
14999
14995
14944
14992
14999
14999
14999
14997
14979
14971
14992
14992
14995
14974
14995
14997
14999
14987
14996
14992
14985
14979
14997
14999
14997
14990
14999
14982
14999
14997
14924
14999
14994
14984
14962
14975
14995
14992
14982
14999
14999
14999
14992
14999
14999
14997
14999
14976
14985
14998
14999
14999
14999
14999
14999
14999
14999
14933
14941
14997
14995
14971
14999
14995
13742
14995
14988
14903
14982
14999
14997
14999
14998
14987
14997
14995
14999
14997
14990
14999
14997
14992
14995
14979
14999
14999
14985
14976
14976
14994
14999
14997
2031
14991
14804
14992
14999
14999
14999
14999
14996
14995
14997
14992
14992
14999
14982
14985
14999
14999
14998
14979
14971
14992
14971
14997
14990
14999
14992
14778
14982
14992
14999
14873
14979
14997
14995
14997
14996
14997
14992
14919
14952
14999
14999
14992
14999
14987
14992
14795
14952
14987
14999
14994
14933
14987
14999
14998
14971
14999
14971
14992
14994
14992
14995
14994
14999
14999
14952
14950
14979
14996
14999
14961
14997
14832
14994
14997
14995
14999
14992
14999
14965
14999
14979
14999
14992
14999
14999
14945
14999
14832
14982
14999
14992
14992
14997
14485
14715
14999
14999
14999
14982
14999
14995
14999
14999
14995
14999
14998
14999
14999
14999
14999
14988
14996
14999
14995
14967
14995
14997
14997
14999
14999
14999
14979
14997
14903
14933
14999
14999
14999
14999
14998
14996
14979
14997
14979
14999
14999
14999
14999
14999
14999
14998
14992
14973
14999
14923
14999
14997
14982
14999
14995
14999
14676
14965
14995
14999
14997
14997
14992
13469
14999
14999
14999
14999
14982
14992
14999
14992
14995
14987
14918
14999
14999
14984
14999
14762
14999
14998
14903
14970
14999
14971
14999
14992
14999
14999
14965
14995
14992
14992
14999
14999
14999
14915
14987
14985
14994
14941
14999
14944
14987
14997
14999
14999
14961
14999
14987
14982
14999
14999
14941
14972
14906
14896
14995
14999
14990
14999
14970
14999
14997
14999
14992
14999
14999
14998
14997
14999
14973
14999
14948
14992
14992
14999
14996
14997
14979
14999
14997
14997
14999
14985
14999
14995
14999
14987
14941
14997
14971
14999
14995
14992
14979
14982
14971
14999
14994
14992
14999
14979
14997
14969
14917
14991
14999
14997
14999
14990
14999
14992
14933
14895
14626
14701
14950
14987
14997
14996
14979
14995
14994
14999
14999
14996
14997
14999
14999
14999
14999
14997
14976
14999
14999
14999
14997
14972
14992
14924
14998
14994
14933
14275
14999
14838
14997
14997
14999
14996
14960
14999
14995
14999
14988
14999
14995
14992
14992
14715
14997
14971
14999
14997
14995
14994
14999
14997
14999
14999
14982
14992
14999
14999
14996
14997
14985
14999
14997
14999
14950
14988
14952
14976
14999
14999
14903
14999
14999
14999
14999
14999
14970
14999
14995
14997
14880
14999
14999
14987
14999
14992
14999
14999
14924
14971
14999
14898
14995
14552
14997
14987
14992
14996
14999
14997
14997
14992
14999
14999
14985
14999
14999
14992
14985
14996
14992
14997
14979
14909
14996
14963
14997
14996
14999
14995
14941
14992
14987
14973
14997
14941
14973
14999
14999
14997
14403
14999
14999
14044
14999
14867
14997
14997
14992
14999
14999
14995
14992
14992
14990
14999
14722
14995
14999
14979
14987
14969
14999
14955
14985
14955
14999
14999
14999
14999
14771
14923
14996
14990
14995
14992
14997
14999
14999
14999
14995
14999
14999
14985
14992
14963
14999
14950
14992
14999
14963
14958
14982
14988
14999
14999
14999
14992
14999
14987
14997
14987
14888
14987
14995
14999
14999
14851
14996
14769
14992
14984
14903
14995
14999
14657
14995
14999
14999
14995
14992
14994
14992
14997
14933
14979
14996
14999
14995
14997
14992
14987
14999
14988
14992
14999
14999
14892
14995
14999
14984
14923
14997
14997
14979
14925
14996
14990
14992
14994
14998
14992
14996
14995
14999
14997
14998
14999
14995
14722
14999
14995
14982
14999
14967
14958
14999
14970
14999
14999
14933
14985
14979
14984
14999
14994
14996
14999
14997
14982
14999
14999
14999
14997
14999
14997
14979
14979
14998
14987
14999
14999
14999
14997
14841
14837
14999
14999
14998
14997
14982
14997
14877
14973
14999
14999
14990
14999
14999
14999
14997
14996
14877
14999
14999
14941
14987
14999
14999
14997
14997
14990
14999
14999
14979
14933
14997
14999
14992
14973
14999
14917
14987
14928
14999
14999
14963
14990
14992
14995
14985
14997
14992
14997
14996
14999
14999
14987
14999
14995
12706
14999
14999
14999
14968
14997
14985
14955
14971
14999
14991
14999
14999
14995
14979
14999
14999
14976
14997
14999
14997
14971
14910
14997
14999
14982
14984
14992
14973
14995
14984
14965
14997
14997
14987
14997
14999
14637
14995
14963
14903
14952
14999
14992
14992
14992
14979
14999
14999
14961
14976
14999
14992
14999
14996
14973
14982
14899
14992
14941
14996
14999
14967
14999
14999
14961
14999
14948
14985
14992
14822
14992
14967
14917
14994
14984
14999
14945
14999
14999
14998
14995
14997
14999
14997
14997
14996
14995
14903
14999
14999
14999
14915
14984
14997
14997
14898
14999
14971
14995
14923
14979
14903
14999
14999
14999
14944
14999
14999
14999
14988
14995
14999
14970
14924
14994
14999
14997
14999
14593
14906
14919
14963
14997
14995
14994
14997
14999
14999
14946
14995
14971
14923
14999
14933
14999
14999
14485
14637
14999
14997
14925
14952
14988
14997
14997
14997
14984
14985
14999
14971
14999
14999
14999
14999
14987
14991
14995
14995
14991
14999
14999
14928
14919
14996
14749
14997
14311
14999
14992
14987
14979
14997
14999
14933
14999
14996
14999
14999
14999
14997
14999
14990
14996
14998
14995
14925
14999
14999
14971
14944
12435
14967
14985
14997
14992
14999
14999
14933
14988
14603
14941
14999
14999
14971
14971
14947
14998
14987
14952
14997
14999
14999
14903
14995
14992
14999
14999
14994
14999
11253
14999
14999
14991
14961
14997
14999
14999
14982
14994
14979
14997
14999
14999
14999
14924
14995
14997
14999
14996
14999
14999
14996
14979
14919
14984
14999
14999
14999
14992
14970
14987
14999
14997
14997
14992
14994
14999
14992
14999
14995
14999
14999
14999
14873
14999
14999
14999
14999
14999
14999
14999
14994
14987
14992
14976
14999
14999
14999
14999
14985
14637
14738
14999
14999
14999
14997
14991
13214
14987
14965
14906
14999
14999
14999
14996
14971
14987
14992
14996
14973
14979
14984
14992
14979
14999
14997
14999
14999
14973
14997
14910
14999
14979
14999
14999
14997
14999
14965
14997
14995
14979
14997
14969
14992
14999
14973
14683
14971
14997
14992
14979
14999
14971
14999
14999
14992
14822
14903
14992
14997
14999
14999
14999
14999
14996
14996
