32759
32767
32757
32759
32767
32738
32689
32767
32734
32766
32763
32766
32766
32759
32765
32707
32767
32766
32767
32755
32767
32767
32757
32767
32764
32766
32744
32765
32767
32767
32765
32765
32762
32765
32750
32734
32766
32719
32767
32766
32647
32766
32755
32739
32767
32757
32767
32762
32767
32766
32734
32759
32729
32755
32757
32689
32664
32766
32731
32766
32766
32762
32767
32759
32767
32767
32765
32767
32757
32764
32763
32766
32766
32764
32757
32766
32739
32767
32765
32756
32764
32767
32767
32766
32763
32763
32766
32764
32764
32755
32767
32767
32756
32757
32739
32763
32760
32713
32765
32765
32757
32746
32765
32766
32678
32765
32753
32764
32766
32766
32767
32765
32763
32767
32766
32750
32767
32767
30060
32757
32767
32749
32766
32757
32766
32766
32767
32766
32767
32754
32767
32765
32766
32755
32724
32763
32765
32720
32757
32767
32767
32765
32765
32765
32760
32767
32766
32734
32767
32759
32765
32760
32707
32767
32766
32757
32757
32766
32767
32763
32757
32767
32765
32767
32707
32764
32765
32738
32746
32754
32764
32665
32767
32766
32748
32759
32767
32706
32764
32746
32738
32759
32767
32765
32767
32765
32767
32765
32767
32767
32766
32767
32765
32765
32764
32767
32750
32755
32766
32767
32761
32765
32754
32766
32758
32671
32765
32757
32765
32696
32757
32664
32767
32767
32764
32765
32764
32767
32765
32764
32765
32765
32766
32765
32765
32766
32765
32766
32764
32767
32763
32763
32734
32764
32765
32767
32665
32764
32757
32754
32753
32757
32765
32763
32762
32757
32767
32749
32767
32763
