189
210
196
259
250
250
257
260
217
233
241
259
260
254
215
197
239
260
259
0
254
250
259
259
259
257
241
91
250
250
246
262
81
260
256
259
0
256
253
250
230
209
253
256
250
223
208
250
259
241
241
260
250
259
257
241
246
241
250
250
250
257
210
248
259
205
260
250
251
253
212
260
254
250
243
223
259
227
257
259
215
62
256
238
240
235
0
247
255
230
256
241
254
240
250
259
253
237
259
251
244
230
174
240
0
256
255
210
256
250
260
241
255
190
244
257
235
123
257
230
259
259
259
253
198
255
235
256
230
189
259
223
201
260
18
259
259
246
241
260
260
250
225
210
198
233
59
250
209
208
255
259
241
260
0
230
259
0
247
235
245
250
93
243
56
259
256
241
253
259
246
256
221
250
250
257
250
260
254
248
255
246
255
241
241
257
256
259
260
260
223
241
178
250
0
250
259
251
259
250
256
0
259
223
253
0
250
254
247
259
143
260
259
243
240
153
254
256
250
245
227
259
250
259
260
212
250
257
210
243
233
254
241
210
241
250
212
241
230
29
208
260
233
259
250
260
253
241
255
259
256
259
243
241
244
260
250
250
0
254
248
243
218
210
230
257
230
151
259
197
257
250
260
250
256
77
133
241
260
260
250
260
254
250
223
253
251
241
233
246
259
259
260
244
243
131
240
253
260
256
241
250
250
246
250
260
250
235
256
256
250
212
250
170
259
251
246
241
246
131
259
241
241
259
235
223
250
199
132
235
260
215
250
210
259
143
260
244
250
260
255
223
260
210
241
250
240
237
240
212
227
259
259
244
253
227
170
260
235
37
247
250
241
259
131
255
235
260
259
250
235
247
259
259
250
241
248
223
221
241
260
241
254
223
