990
986
997
997
997
981
996
850
975
994
984
991
997
963
959
989
988
997
991
997
995
986
988
986
997
929
990
468
997
975
997
990
997
997
997
975
997
895
997
982
997
975
997
734
997
986
988
981
0
977
988
997
962
975
997
997
995
986
975
991
942
986
995
997
986
997
990
0
0
997
988
959
997
988
988
997
988
995
986
872
986
997
995
997
982
328
964
997
997
991
981
991
988
986
995
997
997
990
994
986
997
997
983
988
989
997
959
975
982
997
997
986
997
870
801
730
988
975
997
995
995
997
986
967
990
997
986
997
997
985
942
997
997
947
986
997
979
997
995
989
990
986
981
997
986
975
989
997
988
995
975
962
988
983
986
953
981
953
997
991
990
959
996
345
990
721
981
986
947
997
994
997
997
997
997
666
997
917
988
947
975
994
721
991
997
990
986
950
987
986
981
991
990
981
995
990
997
981
947
997
990
950
997
988
997
997
977
995
962
982
986
981
989
986
997
988
986
976
986
997
988
761
991
995
992
997
988
950
959
991
981
995
993
997
997
975
986
997
990
930
950
994
986
981
997
991
990
991
955
988
928
997
991
981
308
975
119
997
997
973
988
997
997
989
858
975
981
995
926
986
997
986
995
997
993
992
976
997
990
997
997
990
997
988
981
997
900
997
997
989
981
988
975
832
997
995
991
989
923
989
995
975
997
991
872
985
981
996
623
975
981
984
986
801
990
871
989
956
979
968
997
989
988
991
997
997
988
997
997
997
939
997
997
988
986
997
989
994
989
991
989
989
829
956
986
577
986
885
947
975
997
985
997
997
997
993
926
997
897
975
856
997
997
995
75
986
995
997
992
997
995
997
995
986
984
981
997
982
986
997
934
950
986
923
991
950
990
995
930
997
982
988
989
0
990
981
971
746
997
981
997
994
997
997
947
987
950
997
988
923
930
984
953
990
997
997
985
995
989
975
942
926
989
997
990
973
941
955
950
997
986
990
997
988
997
997
997
989
0
979
981
989
991
956
997
968
985
987
650
997
710
997
997
973
997
995
995
995
995
981
986
997
995
997
997
981
995
684
995
942
947
989
988
989
997
985
997
975
975
997
989
944
997
988
997
993
943
993
986
997
990
986
975
997
995
947
988
997
997
990
982
995
997
952
959
997
997
997
995
988
997
982
997
993
986
997
856
986
995
988
975
995
993
978
996
559
988
997
997
632
989
817
994
982
989
988
956
995
989
997
995
986
981
986
995
997
989
997
981
986
997
997
988
989
997
986
990
942
997
995
988
991
981
997
995
997
991
0
997
984
997
959
988
997
997
995
997
780
997
997
988
988
997
997
721
856
986
912
703
997
986
997
997
930
975
988
988
997
985
811
995
923
997
989
984
990
947
975
989
986
997
997
933
997
991
902
995
991
934
975
831
997
989
911
926
721
975
568
989
997
990
997
995
997
997
994
942
929
997
942
930
975
820
997
981
885
950
977
986
971
997
997
875
995
986
997
997
997
989
981
988
947
975
988
988
990
984
997
997
975
986
992
954
986
942
986
990
907
995
995
991
997
984
997
989
861
988
997
988
997
991
990
997
988
935
984
997
995
997
997
997
986
989
746
896
986
986
717
957
645
982
986
989
995
997
986
997
997
941
997
997
989
911
988
988
997
872
994
997
986
988
988
982
975
990
990
885
956
916
995
815
946
900
989
957
995
997
997
981
997
993
986
990
986
988
995
993
884
997
995
997
997
997
995
886
968
997
997
982
993
997
923
975
926
991
994
687
989
981
986
991
468
992
950
997
997
995
997
679
996
950
997
986
794
997
988
994
975
997
986
975
986
991
993
975
990
997
988
997
839
975
968
996
994
995
997
978
993
997
926
990
996
986
931
993
997
977
997
997
981
997
989
997
997
986
990
950
997
986
991
975
995
997
995
573
997
997
975
997
980
989
997
994
171
997
976
959
989
997
989
967
997
997
986
929
997
986
985
995
997
995
997
995
986
956
785
989
995
997
997
942
995
997
997
956
929
997
991
997
992
997
991
989
997
995
997
981
997
997
997
995
997
997
975
986
995
965
997
772
997
975
956
997
986
997
975
990
986
989
959
986
951
990
0
950
997
975
986
986
986
981
989
988
990
986
975
950
986
941
997
967
988
986
893
975
993
997
997
988
990
983
997
666
0
651
997
916
753
989
995
950
997
988
997
995
0
989
981
947
997
991
997
986
988
989
988
911
986
997
988
942
989
997
995
997
826
997
989
931
986
976
871
997
986
995
989
997
988
989
990
993
959
947
990
995
911
942
990
947
997
995
988
997
826
989
989
706
997
997
996
990
942
997
986
990
995
997
986
981
988
997
984
997
0
956
988
991
950
997
997
988
997
997
986
986
994
885
988
997
997
975
997
942
997
997
997
989
781
997
991
997
829
988
929
926
990
995
986
995
986
988
504
985
991
989
997
986
997
990
923
997
997
988
997
997
988
118
986
997
997
856
982
997
997
997
900
997
872
906
997
988
976
985
925
988
997
986
995
991
988
997
986
991
991
978
986
997
997
990
995
997
942
885
990
955
855
975
988
995
997
992
997
826
997
989
997
885
988
942
986
995
997
997
989
957
968
997
988
992
988
986
988
989
980
988
997
988
990
968
994
947
995
950
997
995
991
997
986
988
997
907
986
985
975
993
992
950
986
989
936
997
896
986
997
997
959
983
997
988
988
955
993
997
997
955
997
986
991
988
968
990
989
997
956
991
997
989
997
989
997
645
988
997
950
955
926
997
984
988
959
988
879
997
991
989
885
981
997
997
981
975
986
466
997
994
996
997
997
975
990
995
997
986
997
997
997
997
986
995
942
988
989
919
997
989
997
997
986
993
986
991
990
991
938
997
988
997
975
994
995
997
994
995
997
988
990
997
641
817
996
991
991
923
989
991
994
995
989
997
975
986
989
994
930
988
988
988
997
997
997
997
991
994
995
997
991
933
328
981
997
986
997
988
957
997
982
990
975
995
985
991
986
997
995
997
997
967
983
997
997
997
990
997
989
981
978
988
548
994
982
753
986
981
468
997
989
975
990
975
991
