0
0
0
0
0
0
0
0
0
0
0
0
0
0
0
1
5857
0
3
6326 8801 9491
0
0
0
0
0
3
3014 4135 4967
0
0
0
4
1584 2000 2475 2745
0
0
0
1
1658
0
0
0
0
0
0
0
0
0
0
1
3797
0
0
0
0
0
0
0
0
0
0
0
2
16 25
0
0
1
5582
0
0
0
0
0
3
1452 1924 3589
0
1
3754
0
0
2
1587 2041
1
8713
0
0
0
0
0
0
1
7771
0
0
0
0
0
0
0
0
0
12
1640 1768 1780 1888 1972 2008 2314 2378 2518 3497 3649 3779
17
3930 4386 4730 5786 6026 6106 6334 6501 6681 6837 6895 7205 7915 8041 8309 9259 9301
0
9
4515 5523 6063 6333 6665 6923 8153 8213 8447
1
1263
1
6217
0
0
1
4637
0
0
0
0
0
