6777
11542
12339
14872
6151
1571
11728
13985
17526
12653
6848
464
10242
3856
19558
16284
1044
7693
1495
17648
3324
3237
11249
17857
19961
7410
2124
12349
19458
8666
16904
14738
1729
18460
19161
7048
18710
3540
9699
16958
19599
2059
12071
2204
7256
9786
10231
10606
10923
16453
812
9361
16985
19801
3957
18313
951
14345
15585
20391
4410
6704
770
16143
886
5217
7857
18182
13771
17027
19177
18342
5381
12958
19019
4186
11550
10976
19093
12638
14936
18361
16244
16521
13349
8987
11291
3723
16674
15496
5606
5500
17870
2168
7648
11529
3923
17499
6717
20050
10366
1829
7421
11181
14238
9704
302
1929
2808
12664
15702
15051
10908
16942
15468
11657
11252
13557
3477
8121
4604
14706
2636
3235
16916
561
5474
14342
8364
18166
3679
6794
8267
6529
5244
10245
4846
16577
1622
8670
20209
18771
8355
11153
19880
14991
7158
9492
8702
18205
8700
5233
3903
15092
16019
6887
561
4627
4269
18484
15195
11687
9431
13941
6844
13055
20756
10256
17733
16916
14065
18566
1265
11616
6043
16561
19387
19340
2522
3835
7000
6726
16139
10572
13621
783
13801
10607
10817
19376
12972
18303
1825
1094
11466
14417
3900
4831
2525
2764
9998
15620
5261
4321
7389
17508
17411
4129
8703
11746
8935
8439
3246
3077
15284
15994
14363
17965
5515
9206
2931
7380
20490
7814
9496
12638
20387
1625
20631
7625
286
5434
1685
15707
4018
2307
16433
19668
12429
9644
7177
17426
16728
19143
18443
12842
14587
17213
2961
7278
20677
15834
17966
14148
14711
834
15039
8790
2862
12638
13188
4181
3485
8807
13153
466
1124
5888
6775
1280
19506
5195
14358
20481
13404
7554
9758
18246
4365
7700
19621
15203
6615
3530
14104
1938
6319
12361
18033
14243
11216
18957
2401
