15021
6878
5852
8656
19785
18900
6943
12619
1933
3452
9586
11355
12931
17535
10953
16087
13159
14899
17869
10530
11832
17329
17664
5147
15162
10049
14145
6009
2447
13018
1084
13690
18184
11624
8921
7800
18825
10216
1589
7459
12354
7714
9255
18387
8379
4920
17761
4626
9165
1581
2024
7026
3430
4758
5069
11172
19375
5368
19764
19141
15396
7153
6389
4084
15156
1286
8201
5424
17706
19598
230
13424
10633
3292
1112
10078
2265
1141
8294
16785
17695
16699
7510
7087
3525
1300
11220
2421
9781
13349
308
2059
15908
147
10020
14151
3311
20651
11434
10698
13099
8856
8903
19993
12711
13740
13731
18463
12394
7382
11045
984
14154
19348
20300
679
8452
7812
20100
11692
3023
15584
5627
7605
19209
14763
19610
13079
18601
8005
4312
15273
1097
18991
15205
18762
16428
18351
12059
13629
13821
4279
12792
12348
16799
13173
5165
172
14451
7057
18934
9153
17113
12697
19392
6452
2903
11259
20370
13636
17193
8145
13040
12381
19539
11909
4125
1649
18348
19513
2861
8151
3286
15640
19499
20328
50
18907
8761
17467
18307
19454
13904
5967
5556
7340
9376
10737
3684
10848
19143
6842
15862
20018
4166
12265
2560
7527
2171
515
14281
18965
14007
15247
19828
19081
17894
17218
2608
17849
20210
3376
16962
6303
13226
14706
7644
1717
2922
12065
18226
16264
2640
4804
11803
6417
5413
6776
9878
10839
18481
7383
808
17735
11866
3184
17437
1010
13541
14322
997
11821
2482
9767
5514
9355
1079
6882
19052
16249
4973
1295
2381
8340
17905
19022
217
9080
2786
7736
15144
157
16596
12809
15632
18097
605
6636
12436
20466
13749
2097
10534
2447
5426
7831
1782
10901
6449
13545
16350
12774
3235
10755
13684
8831
10976
0
20539
7958
2178
6185
16933
19378
4248
8168
14425
605
9958
15118
2584
18114
6071
15560
8754
11495
14111
9349
2481
12366
14000
6623
15409
12723
4028
11708
7622
19387
8770
862
5398
7068
11591
14798
11216
7684
9086
6319
13438
8410
3903
1142
4448
16744
16554
2256
10910
20126
14938
6737
3639
15130
11504
17669
13463
17940
13868
15430
720
1813
17755
12786
14716
6079
15795
2764
13634
9127
15611
18636
9251
1260
10655
16292
15333
18128
10878
16010
14695
10491
13831
10976
1914
19308
5133
18129
6919
9989
19764
14631
11963
17580
3028
6319
1959
7571
1861
4569
1473
3339
12001
15048
20265
1545
16419
11536
9163
3185
15318
7344
17535
2569
19771
12766
14470
8861
299
19487
12839
9429
7167
19025
15400
7599
14565
14104
7086
12499
17333
10204
12132
13399
4266
8984
20487
12152
7601
18808
4910
13913
18436
8952
13305
221
17258
4241
16440
4902
5385
13175
7033
20217
2898
1235
6856
14359
15474
7445
3804
2571
7994
11599
209
20431
18855
10514
7004
12708
10389
8887
18957
11638
4638
12142
0
3352
12430
18707
5500
7409
6163
10760
6484
834
15467
13354
5825
18557
14798
17655
11400
19825
286
20652
3867
4134
1935
12684
18798
5454
12291
15357
6311
17737
2317
7545
15887
15186
13684
4693
18703
19589
8741
4919
7814
15137
8402
5550
7065
1843
17102
16389
2804
4412
1568
7123
20415
9279
713
5719
9403
11540
19271
7154
4692
14343
17025
7476
14739
15213
5987
15036
10887
1447
652
5142
7306
3651
9786
10825
7297
6484
9906
14935
18345
20059
18086
5100
3922
15204
2088
1990
17497
13433
17441
18704
10835
2239
15257
3000
14300
5696
17371
2142
20662
15961
7977
4664
1696
9335
6704
19348
2465
13327
19441
5266
12043
6498
15513
3555
12441
3444
11915
13172
17407
11664
14243
18505
649
3169
3323
6195
11040
8170
13483
16805
2461
3772
17290
14835
7680
12136
5268
4037
11160
4761
13622
19375
1135
6283
1267
17501
1857
16515
17686
9730
7604
8882
15468
20542
11966
20647
9236
8650
1331
4942
349
10432
14048
7777
15105
6435
1278
13504
11128
16119
8363
1687
18081
7354
2224
292
1164
15006
10130
16246
3854
4344
4300
5347
8413
14323
19203
13086
18370
1164
3197
17526
6069
15801
12574
8083
7270
12386
20301
16434
12190
6532
10246
5800
18957
2888
13319
10882
4090
9344
13008
1827
19204
8866
3623
3544
19288
14010
