20494
20309
2582
2166
15913
12334
8365
17880
9921
15147
7284
13167
1671
1010
10318
1220
19671
841
4473
9526
3634
15672
15336
8700
6182
6334
10855
12981
1695
13399
18200
2331
18200
622
14601
5768
9749
14944
20093
4495
12588
14364
12694
11293
12247
1264
16536
18564
18914
18302
15055
12638
636
13397
8853
6835
15888
1386
937
13521
2136
11934
15646
15351
14212
19419
1349
18719
11011
20565
19419
7203
13992
2189
18141
13399
13659
1
17220
9252
6355
4191
18974
3347
5615
17143
16558
8107
14470
20008
7618
15368
16193
12596
13278
9108
8810
1596
19073
16870
0
12931
17137
1120
15129
6048
13744
15389
8372
3847
5149
11634
4192
8455
6185
18752
20243
11391
7123
9376
2606
5720
1829
16027
3742
1324
3001
3131
5803
14956
15956
18231
20230
1563
3835
3674
17295
12105
12712
13684
19610
20327
10517
838
14755
16930
10429
14319
5201
4360
14897
6722
3688
7856
14727
12082
7558
5149
18077
12552
3776
4657
3205
