17371
19358
5679
11630
10833
18616
14771
4958
6888
16487
5844
494
13702
2777
39
17763
5089
1177
7027
14335
11283
17715
19573
19019
8696
16098
4701
4906
20441
11123
19061
636
19024
19149
18569
3889
6031
9934
12361
10987
2662
2573
15595
15159
20208
16478
19463
11974
13431
18707
6527
19181
16798
5259
3112
1924
9937
8881
10313
12351
16953
12260
16693
16304
15264
17271
9251
7176
8749
2444
12839
2524
600
16078
12842
10816
4942
2257
15057
8041
391
20548
14806
6875
3308
10982
10104
13001
18140
16177
14116
14074
8734
2647
9852
14228
16664
5542
18875
6165
9123
9512
14938
3664
10737
9555
18163
13873
19907
18109
6808
9097
18216
116
9441
2472
2948
8511
16951
15000
1730
9328
16231
13213
3117
20541
19741
20360
11275
480
4035
4547
14174
5558
16842
18396
1358
17295
9505
6613
13133
15159
13886
440
13050
13869
10809
9025
2240
11343
3599
13413
11420
4067
13029
16383
11444
16799
4083
17561
8838
15363
6173
5730
14975
4131
19048
10490
1388
12638
6742
14704
13212
7728
15765
5399
15162
13289
18106
11865
11815
14060
10973
10988
15040
14313
5258
4505
196
5715
2300
11150
17603
4526
2480
15025
19894
20545
19661
4816
1462
10198
10003
124
9252
12140
11399
8181
13077
14686
9069
14161
19032
11018
14775
12824
2457
13058
12456
3845
617
1569
14432
3608
7055
475
14305
15984
17774
6319
17585
5093
9235
4535
16494
8773
10949
105
18603
13400
16363
10667
4123
19149
14065
15811
17343
1526
2254
16397
12658
18721
1575
399
17922
1052
6258
19597
18353
12658
17036
18340
12506
15482
13521
9985
5301
5048
6919
7190
17456
3800
14077
15477
2160
13151
5170
2675
15134
4044
3088
17113
4865
11111
10794
14451
12225
6307
4053
14253
14701
8427
7385
8240
3367
19397
3342
19917
16553
10812
6560
6580
6750
4065
15101
2887
1534
18509
2962
5164
8155
1175
16069
8615
8933
6869
18307
18127
16820
2978
10216
18905
1446
9075
18957
12401
9126
959
9836
7696
7421
11993
19093
12768
6115
19660
8132
8050
1939
19581
15642
18751
