9180
2926
7773
8257
920
7069
2071
8406
3133
2045
1475
8001
308
1271
5953
7582
2154
1323
2117
5431
348
5192
9981
2598
88
5664
2965
2326
7684
6216
2438
6079
9529
4077
4425
0
2545
0
0
4573
4045
0
5608
0
0
0
5094
0
9754
0
3125
6914
1189
8353
0
0
3125
0
0
3090
718
0
9851
4142
0
512
1319
160
7058
4352
6795
9149
4580
5178
9220
3724
9255
668
632
5167
393
9240
441
5555
9159
171
2949
3510
6277
8308
6838
73
2670
4287
7755
6834
295
6008
1765
6598
7648
5895
1178
8295
8865
2746
7188
8859
7003
9674
453
6634
9983
243
5573
7161
6886
8698
1851
7485
3581
7338
2380
1476
1356
1998
3975
1338
223
1864
5081
722
4111
3478
8349
9259
7643
195
5092
7906
9384
9950
3419
8552
5738
488
2465
2976
5266
1469
9242
8330
1079
3981
156
7922
4262
3377
3312
8283
5817
9223
1923
8271
1930
4420
5315
1262
5025
958
2037
9341
4227
2821
6378
545
2703
5076
9907
486
3998
3817
4399
