25
22
18
11
18
9
14
15
11
11
17
17
11
14
7
16
17
14
17
15
16
12
12
14
14
15
15
14
9
11
22
14
14
20
17
9
15
15
17
15
11
16
18
17
14
11
11
10
10
14
17
13
9
11
15
10
16
13
17
17
11
15
15
12
15
21
11
10
18
14
16
15
17
11
17
15
14
18
16
14
12
13
16
15
12
10
11
12
10
17
13
13
17
6
13
15
19
16
11
9
16
15
23
16
17
18
16
9
15
16
16
14
10
19
15
18
15
15
12
10
17
6
14
15
16
10
12
13
8
12
9
16
16
13
14
13
12
20
14
19
8
15
15
13
7
8
12
15
20
7
10
11
13
13
15
5
11
16
12
9
9
11
14
14
12
11
12
16
12
10
14
12
12
10
16
12
17
15
8
16
12
6
17
17
14
14
8
14
11
12
11
12
14
16
16
16
15
12
13
12
10
13
18
7
14
9
6
13
13
13
14
9
18
14
13
16
12
16
10
12
13
12
16
16
11
17
18
12
14
12
14
12
10
11
14
8
11
10
19
13
18
10
10
16
11
10
6
13
9
11
11
12
16
9
11
14
15
18
12
12
7
11
15
11
13
16
11
14
11
16
14
16
13
15
18
17
16
13
15
13
13
11
15
12
13
15
10
17
12
11
14
10
14
14
10
17
12
12
11
9
18
15
8
12
7
10
14
16
14
13
6
12
12
9
12
16
12
10
12
14
14
12
18
14
14
12
14
12
10
13
13
8
13
13
17
17
17
10
9
14
11
9
7
8
12
14
13
8
14
12
10
8
7
10
10
13
8
11
8
12
16
11
12
12
17
7
11
11
16
12
16
11
9
10
13
14
11
15
13
13
7
13
9
18
10
14
13
10
16
17
14
13
13
11
13
12
14
16
8
13
11
5
13
12
14
15
19
12
9
15
12
14
11
9
14
12
14
15
14
13
14
10
8
15
14
12
14
13
14
12
15
10
16
11
12
10
12
11
14
13
12
12
7
18
14
12
17
10
16
17
10
15
8
9
12
11
10
13
9
13
14
10
10
10
