2
34
49
65
115
121
203
209
233
266
268
305
315
334
372
403
454
483
499
629
656
670
685
702
723
751
789
803
804
847
898
939
1015
1097
1122
1144
1147
1162
1165
1201
1264
1300
1301
1348
1354
1356
1363
1445
1454
1468
1495
1524
1548
1679
1683
1695
1716
1739
1744
1779
1780
1804
1809
1851
1862
1865
1901
1915
1931
1966
1995
2037
2056
2121
2331
2349
2352
2509
2537
2770
2849
2869
2886
2889
2937
2957
2960
2994
3092
3095
3103
3132
3137
3252
3287
3324
3387
3396
3412
3416
3461
3469
3488
3503
3529
3548
3587
3607
3655
3663
3679
3682
3896
3902
3946
4004
4048
4088
4091
4094
4115
4156
4161
4195
4244
4348
4416
4488
4544
4564
4570
4669
4670
4713
4754
4755
4828
4836
4846
4854
4861
4878
4895
4978
5019
5185
5214
5222
5228
5246
5257
5291
5328
5399
5444
5445
5504
5520
5576
5612
5636
5699
5726
5771
5781
5812
5857
5893
5899
5916
5948
5970
5989
5997
6011
6093
6163
6229
6266
6326
6339
6341
6364
6390
6412
6424
6467
6492
6542
6554
6605
6623
6652
6711
6724
6781
6804
6816
6851
6856
6859
6992
7041
7064
7122
7137
7164
7220
7229
7250
7342
7344
7566
7569
7612
7620
7634
7691
7696
7698
7719
7742
7750
7757
7759
7796
7803
7845
7850
7859
7933
7952
8037
8048
8063
8137
8195
8212
8222
8239
8262
8309
8378
8453
8520
8533
8551
8593
8614
8648
8656
8661
8673
8738
8811
8875
8922
8923
8981
9030
9129
9176
9202
9205
9207
9233
9386
9391
9477
9490
9525
9620
9643
9650
9751
9789
9884
9892
9903
9924
9985
10007
10028
10046
10057
10106
10220
10239
10240
10252
10268
10330
10359
10380
10382
10392
10402
10484
10486
10517
10531
10546
10564
10589
10635
10666
10678
10772
10798
10904
10905
10911
10958
11024
11087
11183
11190
11204
11213
11231
11251
11252
11253
11318
11358
11400
11406
11434
11445
11448
11471
11502
11509
11545
11588
11638
11641
11651
11665
11687
11702
11721
11794
11800
11815
11832
11875
11967
11997
12003
12109
12135
12240
12285
12290
12303
12408
12409
12457
12495
12525
12566
12601
12775
12795
12824
12843
12887
12902
12930
12972
12978
12988
13009
13045
13136
13243
13307
13338
13363
13433
13438
13441
13515
13551
13583
13585
13678
13697
13701
13720
13730
13739
13755
13772
13778
13818
13853
13894
13928
13932
13941
13947
13995
14095
14098
14101
14146
14174
14224
14238
14282
14316
14337
14355
14358
14390
14471
14475
14518
14520
14565
14609
14638
14679
14690
14698
14720
14746
14764
14768
14792
14808
14838
14865
14910
15053
15060
15087
15112
15152
15230
15260
15306
15313
15364
15382
15462
15501
15591
15593
15677
15738
15741
15838
15883
15894
15911
15935
15947
16026
16034
16101
16105
16169
16214
16220
16269
16295
16399
16437
16515
16519
16523
16541
16548
16604
16623
16625
16662
16731
16737
16859
16897
16945
17045
17080
17100
17118
17159
17183
17215
17223
17240
17267
17411
17424
17453
17505
17571
17598
17599
17602
17619
17624
17690
17706
17730
17752
17761
17803
17901
17917
17928
17981
18042
18074
18101
18108
18113
18164
18183
18228
18245
18346
18363
18368
18374
18406
18409
18418
18450
18457
18460
18465
18505
18506
18524
18617
18647
18674
18682
18741
18841
18846
18850
18866
18981
18992
19045
19052
19062
19089
19090
19110
19146
19177
19213
19229
19233
19267
19301
19313
19314
19357
19379
19421
19443
19480
19500
19501
19572
19598
19608
19673
19750
19771
19775
19824
19897
19944
19998
20053
20054
20233
20265
20277
20289
20363
20364
20366
20402
20485
20579
20588
20591
20597
20611
20614
20623
20640
20646
20699
20710
20724
20751
20760
20774
20818
20861
20863
20896
20907
20955
21002
21024
21056
21082
21095
21104
21106
21113
21215
21249
21317
21486
21524
21600
21814
21831
21870
21896
21934
21936
21951
21954
21973
22025
22026
22100
22109
22386
22435
22488
22531
22579
22594
22837
22848
22866
22915
22969
22975
22984
23019
23037
23038
23066
23082
23083
23136
23169
23203
23387
23432
23443
23639
23675
23706
23710
23731
23737
23777
23784
23881
23903
23913
23936
23962
23964
23965
24026
24055
24222
24241
24307
24321
24334
24356
24411
24413
24427
24489
24529
24555
24564
24573
24638
24640
24656
24657
24659
24751
24763
24788
24889
24895
24931
24948
24979
25071
25079
25164
25189
25190
25288
25313
25359
25363
25409
25435
25450
25468
25492
25513
25520
25527
25576
25638
25650
25719
25767
25802
25830
25862
25872
25876
25897
25906
25914
25919
25923
25951
25956
25966
25992
26013
26015
26083
26090
26110
26112
26145
26237
26242
26250
26364
26470
26511
26572
26580
26591
26622
26649
26684
26751
26780
26821
26875
26880
26906
26921
26927
26978
26983
26986
26992
27019
27054
27057
27104
27155
27160
27165
27183
27248
27249
27250
27259
27278
27281
27303
27334
27336
27376
27386
27428
27440
27602
27613
27623
27633
27787
27811
27858
27871
27887
27945
27964
27965
27968
28039
28056
28072
28080
28120
28176
28187
28192
28236
28307
28319
28392
28401
28411
28434
28477
28509
28547
28579
28588
28618
28619
28660
28697
28700
28756
28779
28792
28803
28866
28876
28893
28906
28919
29045
29061
29084
29113
29152
29222
29266
29379
29405
29431
29476
29489
29495
29676
29694
29753
29759
29774
29790
29810
29862
29931
29940
29963
29990
30015
30064
30076
30085
30122
30234
30275
30276
30294
30332
30377
30385
30446
30490
30542
30724
30763
30800
30858
30869
30983
30985
30998
31020
31046
31086
31102
31155
31180
31231
31247
31252
31292
31296
31325
31384
31411
31442
31486
31511
31591
31599
31610
31611
31628
31650
31775
31807
31879
31909
31912
31941
32054
32100
32103
32148
32152
32160
32219
32236
32254
32258
32279
32297
32357
32362
32372
32461
32467
32474
32545
32676
32686
32725
32773
32790
32806
32814
33026
33066
33079
33116
33122
33232
33235
33263
33464
33507
33700
33720
33725
33790
33876
33902
33953
34138
34145
34296
34303
34381
34388
34454
34507
34512
34581
34700
34708
34769
34881
34887
34919
35040
35171
35184
35212
35304
35368
35383
35455
35467
35484
35571
35664
35683
35684
35757
35926
36004
36053
36056
36058
36163
36246
36285
36308
36441
36445
36474
36521
36564
36585
36625
36628
36652
36700
36724
36748
36783
36874
36877
36888
36944
36980
37012
37018
37094
37124
37158
37174
37188
37251
37290
37440
37446
37452
37480
37497
37509
37527
37608
37779
37786
37962
38050
38143
38151
38153
38166
38272
38360
38366
38379
38527
38595
38599
38641
38655
38685
38727
38764
38767
38846
38881
38912
38925
38989
39108
39132
39135
39169
39184
39200
39214
39222
39287
39333
39348
39436
39492
39501
39584
39714
39723
39767
39900
39953
40021
40036
40067
40095
40207
40248
40279
40336
40369
40381
40411
40422
40524
40695
40756
40901
40946
40976
41026
41088
41109
41112
41125
41231
41329
41341
41372
41418
41431
41502
41709
41778
41829
41919
41969
41989
42085
42096
42126
42158
42163
42199
42313
42380
42497
42575
42680
42820
42825
42829
42867
42902
42968
42981
43105
43190
43272
43320
43437
43518
43533
43596
43654
43655
43670
43815
43844
43847
43889
43917
43941
43950
44010
44060
44100
44276
44291
44401
44427
44435
44500
44527
44556
44557
44651
44652
44761
44771
44908
44915
44919
44975
45030
45049
45051
45295
45389
45394
45701
45785
45907
46150
46185
46194
46210
46301
46314
46315
46339
46344
46379
46412
46413
46582
46710
46711
46771
46853
46864
46948
47241
47258
47311
47316
47320
47321
47336
47396
47400
47423
47467
47471
47551
47596
47678
47687
47741
47742
47821
47838
48058
48063
48199
48224
48309
48372
48421
48438
48564
48581
48612
48661
48664
48684
48738
48758
48759
48766
48787
48875
48962
49004
49103
49179
49198
49239
49372
49446
49450
49541
49548
49572
49613
49665
49777
49925
49931
49935
50050
50065
50206
50278
50341
50359
50382
50401
50430
50482
50486
50550
50645
50695
50700
50838
51150
51202
51208
51254
51269
51420
51477
51619
51795
51857
51874
51875
51877
51911
51942
51997
52037
52053
52089
52140
52195
52326
52327
52335
52347
52368
52408
52439
52480
52585
52604
52723
52757
52795
52847
52863
52937
52966
52978
53029
53030
53034
53062
53095
53198
53260
53270
53346
53347
53374
53451
53669
53717
53745
53769
53854
53899
53928
53959
53966
53991
54011
54026
54092
54183
54236
54542
54548
54628
54656
54691
54718
54754
54755
54849
54883
54890
54894
54920
55026
55180
55278
55328
55446
55462
55561
55595
55733
55884
55887
55935
56061
56150
56177
56239
56313
56323
56361
56363
56427
56455
56557
56600
56617
56669
56726
56742
56797
56812
56878
57096
57110
57144
57164
57198
57210
57228
57232
57313
57354
57487
57523
57581
57705
57963
57972
58091
58251
58264
58280
58375
58703
58757
58800
58817
58856
59003
59005
59079
59104
59135
59137
59147
59236
59336
59371
59400
59459
59474
59646
59690
59721
59750
59793
60122
60142
60170
60191
60265
60340
60342
60359
60390
60434
60593
60757
60802
60810
61079
61117
61125
61329
61356
61402
61480
61516
61626
61656
61682
61767
62038
62098
62346
62357
62441
62482
62578
62592
62757
62881
62914
63052
63305
63517
63564
63642
63731
63766
63823
63900
64187
64305
64342
64631
64679
64793
64811
64844
65012
65217
65242
65325
65473
65541
65607
65637
65640
65840
65848
65904
65919
65983
66064
66126
66311
66342
66346
66402
66524
66541
66626
66646
66736
66746
66767
66814
66836
66847
66911
67054
67307
67365
67393
67420
67490
67513
67595
67606
67711
67768
67773
67812
67971
68397
68475
68528
68583
68942
69024
69134
69315
69394
69400
69414
69416
69606
69749
69788
69955
70169
70171
70206
70208
70323
70329
70341
70464
70877
71008
71151
71184
71251
71310
71577
71602
71616
71761
71896
72055
72071
72259
72276
72306
72448
72609
72614
72668
72694
72789
72815
72898
72908
73006
73103
73316
73387
73390
73391
73428
73549
73554
73618
73706
74052
74086
74187
74209
74302
74317
74354
74454
74464
74530
74567
74655
74795
74804
74821
74859
74871
74881
75018
75107
75125
75194
75266
75346
75610
75611
76001
76110
76138
76191
76192
76284
76382
76426
76587
76610
76739
76742
76816
76823
76892
76985
77014
77022
77055
77116
77246
77323
77347
77379
77476
77594
77759
78001
78034
78229
78259
78427
79041
79058
79138
79158
79239
79275
79291
79292
79395
79434
79665
79707
79856
79957
79960
80306
80351
80468
80490
80704
80719
80860
80914
80985
80993
81053
81144
81175
81474
81515
81681
81836
81846
81974
82056
82082
82119
82154
82632
82677
82687
82986
83245
83260
83390
83652
83717
83782
83864
83886
83927
83976
84005
84006
84070
84087
84127
84232
84468
84469
84507
84518
84656
84788
84834
84916
85015
85038
85163
85274
85279
85286
85354
85656
85668
85811
85819
85823
85848
86056
86097
86290
86567
86775
86811
86891
86947
86954
86976
87146
87446
87553
88040
88046
88137
88152
88374
88483
88521
88710
88889
88928
88989
89049
89282
89284
89374
89403
89442
89453
89560
89691
89725
89744
89842
89984
89989
90041
90197
90382
90424
90438
90443
90577
90585
90652
90706
90935
90962
91029
91051
91092
91169
91494
91585
91653
91689
91721
92038
92039
92065
92131
92163
92168
92189
92283
92407
92747
92849
92978
93149
93211
93429
93456
93688
93754
93839
93947
94014
94099
94309
94479
94545
94554
94574
94592
94618
95019
95020
95045
95064
95098
95147
95213
95371
95566
95594
95676
95829
96073
96237
96243
96390
96690
96707
96786
96936
96979
97012
97432
97472
97476
97585
97694
97707
97802
98067
98118
98286
98358
98373
98498
98600
98993
99296
99386
99439
99529
99782
99947
