10
372
517
631
671
734
995
1041
1056
1116
1161
1258
1470
1924
2063
2218
2224
2537
2621
2669
2787
3461
3713
3865
3975
4016
4123
4231
4273
4425
4462
4488
4704
4953
5034
5053
5081
5152
5232
5258
5417
5514
5534
5602
5711
5796
5811
5826
6110
6226
6390
6551
6558
6635
6722
6810
7001
7051
7252
7281
7336
7385
7389
7398
7721
7956
8053
8256
8281
8353
8359
8391
8477
8514
8535
8901
8950
8957
9055
9077
9094
9172
9197
9343
9435
9465
9490
9521
9579
9602
9610
9644
9700
9967
10068
10256
10320
10374
10407
10609
10779
10972
11089
11467
11608
11662
11705
11945
12097
12179
12401
12424
12749
12889
13032
13333
13372
13418
13666
14249
14402
14483
14580
14731
14752
14756
14760
14778
14962
15035
15114
15243
15442
15468
15568
15575
15619
15840
16198
16553
16724
17199
17288
17392
17643
17725
17731
17753
17931
17982
17999
18078
18423
18544
18554
18781
18858
18884
19118
19123
19188
19195
19307
19313
19440
19744
19749
19932
20037
20251
20342
20901
21265
21297
21433
21441
21538
21597
21774
21827
21853
21991
22058
22658
22681
22729
23024
23162
23544
23839
24365
24500
24666
24802
25064
25092
25118
25124
25178
25221
25249
25496
25650
25828
26140
26427
26602
26645
26700
26805
27000
27042
27090
27227
27266
27333
27592
27603
27631
27670
27707
27785
27857
27902
27983
28065
28458
28557
29025
29080
29147
29178
29396
29473
29574
29717
29744
29874
29991
30118
30289
30386
30420
30558
30685
30789
30825
30894
31078
31268
31517
31632
31648
31931
32108
32203
32220
32265
32271
32291
32429
32557
33322
33349
33432
33624
33780
33781
34010
34059
34310
34392
34500
34523
34616
34636
35177
35814
36214
36958
37415
37490
38096
38213
38778
39316
39469
39678
39958
39998
40006
40074
40257
40871
41134
41534
41853
41914
42063
42174
42505
43113
43146
43152
43196
43714
44845
45233
45294
45299
45673
46024
46490
46501
47627
48006
48345
48665
48668
49080
49184
49324
49587
49608
49625
50634
50687
50830
50944
51007
51291
52496
52769
52820
52862
53067
53268
53842
54010
54373
54444
54868
55202
55470
55875
56570
56707
57214
57439
57853
58011
58100
58406
58457
59053
59134
59512
59903
59999
60098
60358
60810
61284
61598
61619
61691
61732
61952
62118
62389
62493
62793
63322
63442
64990
65175
65538
65554
65910
66086
66732
66950
69041
69582
69895
70212
71032
71499
71628
72431
72895
72980
73170
73236
73313
73603
74024
74678
75103
75498
75571
75871
75909
76247
76518
76707
76754
76808
76886
77577
78254
78448
78729
78746
78957
78993
79874
80408
80451
80721
82364
82631
83178
83407
83532
84146
84598
85498
85960
86030
86899
86915
87062
87726
87743
88235
89076
89152
89422
89752
90063
90171
90851
91683
92785
92944
92987
93432
93473
94116
94281
94673
95188
95771
96013
96024
96588
97376
98343
98374
99190
99443
99476
99836
101166
102326
102484
102518
103189
103474
103818
105238
105302
105479
106161
106344
107006
108098
108102
108857
108906
109144
109768
109881
109991
111000
111151
111983
112007
112492
113170
114121
114365
114729
115186
115603
116696
116718
116764
116794
116928
117238
117363
117980
117988
118896
119205
119430
119465
119543
119563
120209
120858
121008
121150
121426
121654
121884
122015
122030
122345
122637
122837
122942
123138
123320
123462
123560
123572
123720
123764
123780
123790
123803
123920
123980
123989
123997
124110
124152
124181
124228
124234
124344
124357
124429
124430
124490
124529
124531
124561
124564
124571
124661
124716
124839
124865
124934
124945
125041
125042
125233
125329
125411
125458
125561
125700
125962
125971
126066
126078
126133
126154
126276
126344
126370
126517
126520
126547
126626
126745
126827
126869
127030
127270
127314
127320
127469
127534
127540
127551
127640
127670
127746
127821
127852
127904
128058
128168
128185
128350
128447
128688
128705
128713
128787
128926
129126
129137
129152
129171
129265
129335
129694
129757
129848
130053
130073
130145
130309
130543
130599
130647
130658
130668
130806
130883
130898
130923
130934
131241
131505
131528
131537
131619
131637
131667
131704
131893
131928
132232
132351
132459
132472
132534
133067
133223
133278
133950
134027
134109
134343
134432
134664
134859
135120
135229
135801
135951
136068
136087
136181
136442
136819
136942
136949
137094
137193
137203
137235
137398
137635
137939
138042
138169
138225
138267
139038
139110
139143
139658
140196
140207
140215
140417
140839
141316
141912
142452
142621
142726
142792
143233
143461
144325
144599
144721
144784
145026
145399
145611
146100
146231
146432
147083
147532
147650
148038
148236
148273
148321
148331
148817
148997
149374
149467
149508
149825
150136
150476
150721
151081
151108
151501
151602
151862
152019
152096
152160
152453
152764
152843
152871
153616
153825
154248
154264
154371
154409
155925
156637
156764
156933
156974
158248
158712
158724
158933
159009
159187
159680
159706
159734
160592
160868
161589
162079
163296
163526
163954
163991
164423
164519
164960
165455
166721
166808
167523
168219
168727
169245
170078
170953
170981
171202
171205
171262
171292
171824
171929
172138
172338
172495
172814
173686
174042
174233
174487
174613
174678
175168
175411
175660
175822
176959
177165
177342
178468
180192
180211
181100
181739
182493
184192
184251
184715
184783
185447
185541
185584
186812
187141
187207
187853
188379
188989
189230
189796
190273
190502
190883
191446
191961
193194
193310
193685
193911
194296
195035
195037
195982
196147
196398
196509
196821
196829
197100
197602
197900
198207
198724
199376
