103
164
311
486
530
534
677
685
702
1009
1134
1171
1199
1263
1307
1323
1409
1533
1649
1752
1860
2017
2184
2211
2312
2419
2660
2688
2795
2836
2850
2939
3117
3434
3664
3705
3991
4095
4110
4161
4194
4319
4373
4521
4538
4568
5084
5136
5169
5194
5278
5506
5599
5861
6041
6099
6107
6150
6241
6318
6392
6481
6571
6608
6744
6757
6888
7024
7124
7256
7332
7399
7727
7731
7942
7955
7966
8049
8206
8309
8386
8425
8507
8763
8833
8937
9038
9078
9097
9159
9211
9539
9671
9749
10207
10223
10442
10479
10519
10556
11028
11032
11064
11067
11178
11387
11447
11485
11753
11925
12025
12147
12247
12316
12363
12535
12632
12770
12894
12961
13087
13185
13218
13297
13348
13470
13690
13693
13731
13773
13823
13969
14051
14502
14591
14649
14910
14929
15261
15393
15432
15528
15646
15669
15726
15925
16009
16027
16195
16548
16708
16871
17034
17106
17174
17196
17610
17644
17706
17773
18082
18193
18209
18318
18421
18537
18643
18813
18839
19128
19153
19259
19296
19317
19329
19402
19775
19915
19936
20110
20195
20209
20250
20420
20714
20773
20846
21004
21117
21125
21681
21827
21986
22076
22259
22319
22704
22878
23058
23107
23346
23366
23493
23651
23662
24067
24073
24226
24484
24677
24717
24796
24827
24857
24901
25006
25111
25179
25360
25399
25461
25510
25782
25971
26143
26200
26248
26283
26741
27139
27473
27479
27496
27523
27632
27633
27852
27886
28117
28131
28239
28261
28267
28416
28569
28611
28702
28825
29018
29122
29278
29570
29683
29714
29732
29929
30080
30150
30188
30517
30587
30671
30673
30780
30966
30994
31127
31263
31323
31381
31486
31653
31755
31895
32066
32075
32191
32481
32866
33225
33405
33586
33815
34236
34796
34882
34983
34998
35025
35784
35838
35933
36022
36463
37423
37506
37670
37709
37742
38377
38525
38811
39338
39471
39548
39576
39641
39667
39677
39819
39967
40007
40046
40119
40125
40265
40456
40523
40728
40804
40805
40846
40847
41155
41164
41206
41274
41417
41433
41446
41622
41709
41753
41757
41778
41786
41811
41832
41843
41867
41915
41929
42001
42036
42072
42133
42176
42261
42283
42294
42329
42338
42353
42373
42442
42443
42446
42494
42552
42571
42623
42753
42772
42774
42881
42926
43002
43012
43046
43051
43053
43079
43111
43117
43190
43196
43197
43235
43368
43406
43415
43574
43598
43607
43621
43630
43760
43805
43931
44077
44088
44091
44101
44122
44134
44354
44410
44416
44429
44469
44508
44573
44621
44756
44974
44999
45058
45134
45218
45235
45316
45330
45377
45390
45408
45457
45496
45561
45620
45867
45927
45944
46018
46147
46269
46373
46391
46401
46511
46548
46555
46563
46695
46745
46746
46797
46929
47066
47178
47203
47240
47411
47533
47542
47587
47646
47697
47790
47802
47831
47847
48015
48030
48046
48092
48138
48186
48437
48563
48633
48740
48843
48861
48879
48920
48924
48955
49309
49331
49463
49714
49800
49822
49891
49937
49943
49957
50011
50033
50139
50157
50227
50333
50442
50456
50486
50589
50596
50600
50643
50798
50859
50867
50870
50917
50980
51059
51082
51154
51283
51352
51489
51644
51646
51697
51710
51765
51779
51809
51941
52022
52147
52286
52400
52406
52651
52690
52846
52861
52984
53093
53208
53320
53347
53403
53417
53442
53477
53739
53743
53893
53915
53930
54034
54071
54104
54188
54245
54278
54731
54762
54790
54843
54852
54916
54965
54993
55077
55098
55155
55227
55372
55434
55444
55527
55679
55687
55725
55748
55786
55898
55904
55916
56012
56110
56230
56268
56380
56474
56486
56515
56520
56563
56691
56739
56862
57130
57234
57287
57292
57299
57531
57559
57615
57639
57670
57693
57767
57768
57772
57793
57797
57913
58002
58115
58320
58595
58647
58681
58693
58726
58735
58740
58772
58841
58885
58912
58987
58988
59203
59311
59313
59335
59402
59434
59476
59530
59591
59734
59745
59766
59780
59800
59923
60004
60031
60211
60212
60256
60324
60401
60421
60474
60603
60667
60975
61077
61079
61165
61300
61549
61617
61759
62013
62047
62201
62220
62251
62293
62824
62908
63038
63081
63128
63201
63290
63599
63625
63638
63890
63898
64037
64550
64563
64610
64628
64669
64797
64938
65052
65074
65084
65179
65213
65417
65453
65483
65504
65606
65753
65815
65852
65976
65980
66008
66115
66157
66517
67004
67026
67192
67378
67437
67517
67522
67617
67619
67670
67728
67762
67846
68037
68142
68308
68429
68557
68601
68853
68886
68898
68937
68941
68950
68998
69012
69042
69233
69305
69506
69573
69747
69912
69922
69959
70171
70340
70363
70373
70605
70707
70852
71016
71029
71088
71104
71225
71255
71455
71556
71890
71936
71952
71996
72203
72240
72407
72453
72582
72661
72663
73016
73193
73236
73248
73275
73292
73663
73827
73853
73878
73887
73956
73989
74498
74504
74531
74586
74989
75033
75480
75490
75563
75590
75702
75784
75895
76034
76035
76213
76240
76404
76452
76580
76678
76805
76825
76925
76942
77003
77056
77569
77588
77614
77824
77879
77934
78056
78361
78406
78646
78703
78726
78782
78798
78936
79042
79106
79459
79526
79566
79570
79616
79745
79865
79877
80107
80186
80364
80391
80449
80613
80714
80921
81032
81039
81187
81202
81294
81301
81476
81513
81677
81960
82183
82311
82340
82366
82410
82423
82578
83199
83647
83656
83688
83692
83901
83986
84050
84332
84371
84393
84882
84902
85312
85390
85419
85640
85669
85772
85846
85869
86105
86154
86168
86307
86389
86659
86721
86892
87096
87157
87275
87543
87600
87657
88090
88202
88247
88646
88709
88743
88758
88793
88896
88948
89128
89452
89513
89540
90143
90253
90291
90352
90354
90548
90639
90741
90799
90872
90958
90982
91103
91144
91305
91332
91381
91590
91676
92007
92266
92574
92691
92718
92746
92751
92933
93073
93124
93401
93835
93855
93937
93963
94118
94222
94321
94364
94692
94943
95032
95133
95182
95231
95311
95429
95487
95620
95630
96079
96103
96210
96361
96513
96530
96571
96797
96893
97002
97110
97285
97309
97372
97404
97435
97489
97493
97534
97580
97663
97941
97946
98125
98196
98290
98458
98464
98539
98664
98792
98847
99319
99434
99458
99465
99551
99711
100205
100333
100597
100675
101200
101606
101905
101967
102094
102311
102409
102592
102735
102855
103005
103126
103242
103251
103666
103765
103898
104127
104253
104288
104657
104719
104738
104829
104938
104955
105295
105296
105477
105663
105912
105938
106174
106357
106711
106976
107694
107799
108197
108269
109200
109774
109801
110135
110212
110336
110352
110422
110665
110709
110886
110928
111599
111776
111805
111864
112351
112368
112373
112608
112661
112697
112776
113820
113842
114076
114087
114198
114501
114575
114680
114711
114856
114857
114986
115184
115369
115402
115408
115594
115787
115809
115837
116058
116496
116560
116608
116798
117067
117073
117230
117304
117390
117844
118133
118187
118214
118227
118386
118662
118692
118816
119057
119165
119612
119856
119876
119944
119965
120021
120301
120490
120730
121051
121298
121372
121416
121515
121522
121792
122079
122173
122442
122448
122607
122902
123085
123234
123236
123429
123840
124124
124228
124260
124609
124680
124944
125050
125094
125124
125130
125153
125155
125247
125250
125440
125454
125459
125461
125911
126006
126245
126292
126359
126633
127020
127086
127184
127256
127691
127934
128083
128783
128885
129000
129015
129295
129453
129668
129964
130061
130228
130247
130435
130467
130617
131132
131181
131326
131515
132132
132559
132983
133146
133255
133293
133737
133749
133940
133975
134523
135023
135461
135599
135600
135645
135763
136265
136267
136615
137157
137237
137351
137403
137855
138020
138211
139118
139428
139515
139603
139713
139781
139839
139842
139998
140094
140422
140979
141405
141627
142029
142100
142876
142900
142909
142922
143095
143255
143288
143400
143454
143865
143993
144106
144492
144988
145504
145787
146260
146440
146550
146564
146705
147006
147054
147097
147120
147398
147632
147796
147875
147926
148001
148169
148206
148298
148687
148910
149159
150190
150521
150596
150626
150695
150778
150854
150953
151253
151331
151379
151577
151684
151906
151914
151986
152229
152279
152491
152857
153075
153557
153704
153847
153989
154095
154394
154460
154540
154892
154993
155386
155653
155854
156101
156574
156731
156760
157013
157157
157190
157406
157492
157654
157699
157778
158035
158632
158831
158876
159310
159360
159416
159783
159803
159947
160043
160096
160398
161271
161312
161663
161855
161952
162043
162047
162163
162178
162322
162483
162910
163497
163757
163852
164113
164291
164589
164804
164919
165167
165201
165572
165718
166188
166717
166987
167083
167114
167340
167476
167909
168061
168172
168517
168975
169049
169491
170003
170304
170393
170694
170747
171654
172671
172704
172766
173102
173584
173887
173912
173935
175208
175274
175293
175583
175731
176061
176317
176740
177010
177108
177665
177819
177838
178141
178920
179222
179589
180031
180046
180540
180607
180641
181573
181575
181661
181956
182179
182526
182633
182736
183769
184118
184454
184597
184648
184759
184806
184920
185605
186208
186254
186257
186290
186393
186523
186863
187020
187766
187853
187997
188074
188087
188176
188200
188230
188309
188399
188505
188608
188736
189355
189678
189699
190400
190541
190684
190692
190873
191535
191662
191980
192013
192121
192905
192995
193079
193091
193129
193282
193396
193488
193830
194086
194399
194451
194862
195037
195225
195326
195484
195595
196183
196228
196288
196319
196803
196905
197438
197739
197869
197995
198495
198651
198683
199063
199204
199382
199748
