0
30
44
64
72
107
135
139
168
180
183
193
227
265
275
302
389
394
406
408
411
432
498
537
577
584
588
619
627
640
651
692
712
725
732
736
743
750
777
789
803
839
843
858
871
899
908
911
920
933
972
991
998
1027
1125
1127
1155
1182
1194
1259
1265
1272
1280
1325
1347
1362
1480
1494
1520
1522
1524
1539
1552
1576
1600
1609
1611
1628
1642
1655
1669
1693
1700
1704
1733
1735
1778
1782
1785
1796
1840
1843
1856
1870
1935
1955
1962
2015
2033
2039
2046
2064
2067
2172
2187
2202
2226
2235
2271
2281
2311
2365
2391
2396
2413
2435
2441
2480
2500
2525
2561
2563
2585
2614
2618
2652
2654
2655
2657
2728
2744
2784
2789
2803
2805
2812
2818
2821
2825
2846
2858
2873
2890
2900
2909
2938
2939
2983
2986
3068
3073
3119
3134
3164
3178
3194
3202
3278
3367
3387
3392
3405
3427
3444
3471
3477
3499
3523
3528
3529
3532
3535
3584
3597
3619
3658
3666
3694
3717
3736
3756
3769
3801
3830
3845
3863
3865
3873
3907
3909
3915
3920
3950
3993
4002
4094
4144
4156
4240
4247
4271
4300
4317
4330
4381
4516
4555
4583
4589
4590
4593
4653
4662
4697
4701
4724
4762
4799
4800
4839
4853
4862
4864
4894
4896
4909
4952
4959
4968
4983
4999
5003
5025
5045
5089
5133
5141
5224
5256
5266
5270
5283
5303
5324
5335
5356
5359
5363
5379
5381
5397
5459
5469
5471
5497
5581
5657
5673
5686
5697
5726
5731
5750
5783
5791
5802
5835
5836
5865
5868
5878
5946
5953
5960
5987
6009
6025
6036
6068
6110
6113
6139
6162
6193
6233
6261
6271
6369
6379
6396
6398
6405
6528
6562
6596
6603
6609
6647
6661
6721
6800
6861
6911
6931
6939
6950
6987
7056
7068
7069
7094
7103
7211
7220
7226
7242
7271
7278
7360
7362
7382
7404
7452
7462
7503
7518
7617
7644
7727
7734
7737
7739
7756
7778
7795
7807
7812
7833
7860
7879
7917
7922
7993
7999
8012
8027
8054
8083
8098
8104
8163
8235
8252
8259
8275
8285
8328
8403
8423
8430
8473
8477
8479
8488
8509
8524
8542
8592
8601
8613
8626
8632
8656
8660
8719
8742
8753
8759
8772
8797
8868
8871
8895
8897
8905
8907
8910
8937
8960
8961
8971
8973
8996
9020
9041
9057
9064
9106
9116
9127
9146
9163
9226
9257
9266
9307
9315
9317
9337
9362
9394
9418
9487
9490
9522
9527
9545
9571
9575
9599
9603
9659
9663
9683
9686
9744
9788
9792
9809
9817
9831
9834
9842
9940
9953
9981
