107
113
163
209
345
521
542
649
663
802
1037
1054
1163
1345
1446
1514
1627
1661
1663
1685
1709
1734
1842
1924
1941
1991
1996
2183
2319
2436
2599
2691
2707
2929
2999
3024
3036
3131
3149
3174
3273
3293
3307
3516
3530
3613
3727
3902
3923
3982
4101
4246
4271
4469
4881
5153
5170
5221
5346
5453
5462
5493
5500
5535
5545
5617
5760
5777
6038
6068
6275
6547
6564
6648
7158
7172
7174
7226
7241
7474
7579
7597
7669
7734
7868
7976
8150
8262
8350
8565
8663
8720
8764
8836
9274
9300
9301
9494
9599
9795
9805
9966
10203
10518
10878
11044
11093
11231
11291
11319
11451
11564
11573
11974
12006
12117
12618
12668
12835
12840
12841
12876
13284
13528
13648
13651
13822
13828
13844
14035
14183
14242
14247
14415
14489
14624
14785
14853
15062
15134
15264
15385
15394
15451
15483
15739
16239
16308
16413
17008
17533
17716
17872
17900
18147
18239
18355
18423
18478
18700
18723
18940
18963
19091
19199
19317
19374
19394
19413
19658
19810
20116
20145
20324
20388
20558
20862
20905
20923
20973
20974
20998
21148
21178
21338
21537
21802
21990
22023
22042
22124
22201
22334
22372
22384
22461
22479
22598
22613
22702
22727
22901
22908
22927
22930
23138
23202
23400
23559
23575
23591
23615
23682
23717
23871
23873
24133
24289
24305
24314
24564
24910
25025
25094
25354
25603
25659
25685
25752
25842
25848
26013
26015
26267
26621
26671
26857
26937
26990
27026
27201
27254
27345
27792
27868
27914
27937
27979
28072
28146
28161
28179
28278
28361
28362
28397
28539
28699
28784
28819
28823
28850
28869
28995
29080
29197
29246
29501
29523
29535
29601
29662
29827
29841
30006
30228
30380
30392
30413
30444
30538
30693
30738
30793
30865
30986
31012
31185
31252
31272
31599
31852
32188
32276
32542
32672
32694
32827
33183
34097
34377
34787
35566
35655
35875
35900
36380
36588
36648
36841
37051
37280
37313
37822
37866
38722
38844
39058
39077
39362
39618
39789
39853
39960
40211
40541
40598
40697
40838
40889
41206
41514
42081
42114
42497
42798
43441
43693
43830
43999
44067
44243
44277
44297
44553
44609
46403
46515
46771
47219
47292
48422
48430
48621
48869
49255
49499
49815
50393
50533
50616
50676
51146
52039
52278
52406
52712
53324
53488
54149
54557
55077
55212
55301
55376
55521
55551
55664
56221
56983
57035
57203
57731
57910
58073
58234
58446
58779
59446
59952
60093
60485
60655
60889
60951
61770
61916
62126
62325
62433
62754
62815
62858
63072
63092
63104
63651
64181
64198
64417
64675
64894
65710
66186
66591
66789
66907
66989
67594
67716
68118
68591
69230
69454
69984
70117
70328
70347
71457
73303
73717
74112
74613
74640
74645
74782
74789
75113
75310
75516
76024
76474
77030
77391
77831
78207
78212
78740
78817
78830
78857
78948
78973
79000
79321
79324
79363
79401
79431
79461
79483
79506
79543
79606
79687
79817
79863
79899
79915
79986
80005
80246
80342
80545
80639
80690
80770
80875
81068
81118
81174
81179
81256
81266
81287
81370
81474
81620
81657
81676
81773
81811
81878
81963
82105
82208
82211
82242
82256
82331
82358
82428
82575
82601
82720
82782
82860
82938
82968
83252
83260
83263
83268
83291
83301
83305
83327
83350
83491
83496
83560
83600
83633
83712
83793
83865
83984
84165
84287
84322
84359
84362
84480
84498
84586
84597
84611
84718
84723
84840
84845
84849
84993
85050
85087
85102
85153
85274
85435
85447
85568
85636
85687
85743
85882
85995
86015
86076
86112
86129
86199
86268
86308
86371
86395
86525
86534
86575
86584
86760
86831
87024
87050
87066
87309
87335
87337
87435
87542
87651
87839
87849
87859
87898
87900
88116
88154
88160
88254
88325
88391
88437
88560
88563
88822
88848
88888
89188
89228
89271
89299
89316
89334
89358
89685
89768
89936
90227
90242
90329
90504
90506
90674
90819
90841
91111
91124
91147
91303
91406
91423
91532
91551
91639
91641
91672
92001
92024
92052
92133
92153
92567
92639
92643
92673
92814
92988
93049
93175
93254
93289
93421
93460
93550
93693
93725
93759
93850
94053
94127
94160
94209
94220
94429
94452
94471
94524
94633
94668
94757
95055
95167
95266
95390
95412
95417
95518
95600
95675
95708
95744
95815
96366
96376
96509
96511
96688
96694
96716
96757
96798
97070
97122
97136
97189
97204
97212
97518
97634
97707
97741
97796
97933
97967
98181
98324
98388
98681
98834
98968
99011
99311
99398
99454
99464
99554
99604
99826
99858
99889
99975
100010
100022
100038
100121
100207
100226
100317
100600
100717
100728
100840
100932
101216
101297
101321
101396
101416
101561
101608
101687
101797
102163
102448
102498
102543
102614
102642
102897
103088
103233
103354
103363
103364
103390
103467
103548
103575
103601
103767
103801
103887
104055
104069
104114
104272
104498
104537
104738
104819
104857
104879
105013
105391
105518
105689
105941
106073
106181
106255
106336
106340
106754
106857
106979
107007
107093
107303
107371
107656
107928
108266
108621
108811
108837
108851
108869
109154
109160
109225
109371
109444
109673
109862
109923
110001
110252
110388
110564
110800
110850
111145
111244
111335
112048
112132
112398
112481
112774
113248
113413
113416
113425
113831
114189
114267
114281
114298
114520
114605
114640
114650
114893
115665
115775
116078
116139
116366
116393
116450
116546
116967
117080
118092
118750
118824
118987
119147
119263
119297
119467
119509
119627
119925
120053
120404
120468
120638
120815
120833
120883
121343
121696
121707
121732
121784
121989
122133
122198
122911
122915
123105
123230
123372
123527
123551
123768
123857
124265
124360
124376
124579
124583
124751
124863
124887
125076
125097
125566
126057
126073
126125
126142
126168
126323
126369
126624
126675
126807
127191
127403
127685
127698
127724
127787
127895
128056
128197
128317
128513
128519
128522
128705
128900
128970
129014
129081
130360
130678
130761
130776
131047
131223
131278
131793
131885
131926
132160
132236
132347
132475
132634
133845
134146
134462
134616
134859
134940
135162
135509
135689
135828
136013
136055
136289
136371
136638
136726
137029
137614
137701
137805
137917
138519
138657
138753
138847
139023
139617
139620
139854
140019
140144
140320
140915
141103
141127
141398
141516
142143
142441
142834
142918
143007
143096
143451
143597
143668
143682
144772
145102
145213
145706
146228
146289
146461
146499
146503
146517
146700
146746
146805
146938
147042
147154
147203
147894
148164
148428
148817
148851
148893
149755
151082
151213
151222
151971
152008
152015
152090
152114
152148
152229
152372
153106
153263
153566
153645
153881
154147
154275
154345
154365
154444
154527
154582
154637
154764
154851
155280
155701
156380
156863
157089
157257
158246
158442
158529
158547
158829
158933
159373
160115
160301
160577
161142
161949
162208
162663
163030
163072
163079
163148
163503
164469
164668
164719
164959
165171
165363
165424
165741
165775
165787
166731
166766
167301
167304
167680
168959
169382
169665
169793
170445
170680
171376
171578
172054
172305
172497
172588
172937
172999
173071
173416
173895
174064
174130
174133
175369
176182
176352
176824
176833
176835
177297
177533
177978
178654
179319
179757
180094
181953
182365
182991
183241
183368
183396
184802
184973
185067
185676
186061
186177
186769
187187
187520
187798
188149
189258
190598
190720
191152
191238
191976
192006
192190
192461
193502
193522
193639
194225
194695
194736
195404
195767
196052
196270
196300
196729
197075
197375
197621
197777
197982
198195
198196
198665
198705
198879
198920
199024
199072
199132
199365
199446
199642
199866
199875
