10011101000010100010001100000001110110000010011100100110111001
8237684583163122360
5218247641310225645
1110101001110010100001111001110000000101010111101011100110
47650763606323151254
222427573376724124131
852309289267313841
403721217463212562437
516CBEAC40E0A842
276542564244674762170
11110101101101110110100110101001111110110101110011111101010101
8027444205997197452
70EF3E2B4C42E630
4849951214816264792
5972388008213536842
1000111000001000111100010010001000010101001100101000011111011
2672246438687177257
110100101101011101111100010100010001000111001011101010111110011
8A2993061BB65D
6848961125717832167
101100101011111101000001111111100111101110110000110111110101001
6227370348063461513
7220462220591600764
713503172410762612275
267633657721240645652
176360725426474127213
10101111110100001010010111100001001010000110111111001010101111
7265016163367650055
410672766301254563045
1177072704327789568
5E9CA89E97F7FA9A
244C87DC5412AC6F
8547832579338620160
10100000001000001100100011001111101000001110010111101010110111
18400EEED11B8526
741B91D9A057900A
3CC7361137229488
7401490236385887818
111101110001111101000010101010001110100100011110001010101111001
100000111001000001001011100001000111011001001100100101010110111
5CD7D2BF16E5DA83
760715702217257252273
610435551373275646264
101110011111100100011111111000110100011110010110010001010010110
4CB52C4BEE0AC177
624277474516733416747
111010010000100000010000000101110001011000011111100101100100
4822784817090180033
101111110111110000011100010010110000110111001111001101111011001
110101110000100101011000111111100110100100100011000100010101010
2222A5BC9C2BED45
110111001011111101110111011100000101010101011010100010010011000
644B94BBEEBBE12F
5910084517727267998
7C0FFF4B06E1FACB
456C6E36AE4E7D6F
71F1EC7B0232DAC2
1111101101101101110001101000000111101001011100110010100000111
51A22A5584890A32
261762355727463525652
29AD569900DBFDAF
14D48FF8EA431278
4089527569393117266
5331512DD759C32E
1010101010100111011001100000000111110000001010011001001110011
1649864001959344979
1144390649261565860
9192087159931355057
2993393416571090978
49C01691293161C2
27D05B946148E2B0
100001000101011010111000111010011000101011010011010001001111110
5198966250359699541
131021063211330727145
2922461194219308977
84FFD65F1E0FFDC
613423127241022247126
77A754E95781FE03
235334217740377223367
4711422625009355956
4560215244911970257
2636785339081286460
244404156117670102560
100001110100001111111001000101101001111100000111111110101110
100111010100111110011111110000000110011101100110011011110000100
100010011100111001111101011110100011010111001100110000100100110
6141909216043419379
10100111101100111001011000001011101111100000101111100100000000
5F9C4F81725192BF
1010111010000100101110110110011011000010111110010101101
110100111100101111110111110101110100001010011111011101000000010
