1034578515290630334
1269592344786358121
172908411353767534
1471284043612574617
4614051820941606413
524237150421545401755
5146663167085114228
46234517677246753007
6076E3323644FD93
806086668137362227
623475417745516614662
4CE64C8D49191D26
111010001001011000100001101010100100101110001011111101001000010
4375862664776132454
100111111101110000011011011111010001011111110110011000011001011
517407614655503351024
9079845661218785701
11001101100110110100111000100010111011011111100111000011110000
3746647181142771170
6A96861F4AA06DA8
111101011100010100111100001000101011110000110111011000011100110
715333647361361115643
666002573763415043442
4745753278926149196
537415754640647103725
101001001111110010011011110100001100001000110011001001000011010
404345656743631446370
3059058824179975300
512015704611600637752
467660535226622766424
811C65444FD1CB9
8099429531851811080
5558974092095705107
58AD7F7C972E766B
101100110011100000100001001000000010000001001010111110100111100
2127341818067985424
162475724135645150441
303472505456451372724
7DCD7D1191C7FDA0
100111010000001110000110011001010101000101001101011101100101101
8482164730026632476
133065107430127557771
5F597AEFF399BE52
30CDDB4266E9564D
1265376795490349384
365031137610017761641
101111111101100101111110000100001001001110011111011110110110
7362391085957843379
3739432015776912497
5571CB9D62A2F60B
104CA764A1074CDF
100101110011101110001000100111101001101001001111100011011101
7586846558060797223
3E95723765DC874C
432557667532243004173
556110573256223043244
27A0BD8B15FD14A3
1001101011101111101001010011100010010100100110110000100100001
2D8100D89370FB4F
111010001010100110010010101110011110000011000011000111011101000
