678DAC51A39B029D
63F8517A1B087E0F
742D6911D5830433
3253243003040644052
667703520603771620650
2805529924928586892
111110011000110110110110001110101001110111110100110000110110100
8106607945293810732
100110111100000110001001001000001010001111110000001000000111101
9202770160835043434
10100110100110011000001001111001010010110010110011011011010
653330226525231167337
624544560451354520252
10011011010101100010010000000110011010110101001101110111110011
101111001100100100111010010100101010010110101100110101001010010
110111000101101010110101001101010001010000110111000001000011101
7236130367749669445
432053707747201620525
11100101000101001111111001010111010011111101110100000011110101
110101010111001010111110101000101101110110111011001011010011111
5231819941670441883
765412566733575127755
31AE2A45195BCC75
775652530350122741525
2113913441413946652
D94C2D378E18F25
BE8ACB514FA1775
656627437544414330263
446244631211512501110
533046425254261327241
3598556012447498731
50E6702264FB506B
4869623625333398161
793235744B974F3
9165781140907889313
111111101011010100110101010000111011100001010011001101010001111
336324715614675637624
5447319517440083862
1111001110111101111100001101110011001000011000111101100001111
6113270667661241237
100001101100010110001101011000111001001000111110100101000001
10001010001011011000100000100001001011000110111010101010011011
6636DC91C22C34AB
169CAD465052AD8A
2DE8EE39100C3F6
5B245BBF7522F249
411362107311016320226
10110111110110100000000110001011001101110100100001001100001101
11111000010101111100000001011101010111110100101111001011111001
76CEB7E8A3D41032
74773851083CEFC6
670450614631733741500
101110010101000011001000001011111110110100011101011110010010100
776225737542123413077
1541195331819676759
1101010001100111101000011010101101101100011010010101010000001
31136690C736EC24
58ADDD8B2F65F83B
7967598234079067505
247014027277750323364
7450700399901660773
36F75582F4ABFD88
79C7D7DE8BBF0BC8
6BCAC6E8DB019C16
