688531489 97627005
715891240 185689233
715891240 89766355
715891240 89766355
715891240 -152690406
715891240 -152690406
694503475 -152690406
694503475 -231236584
291788230 -231236584
291788230 -404930790
783546004 -404930790
783546004 -886574049
927325529 -886574049
927325529 -886574049
927325529 -886574049
927325529 -886574049
927325529 -454687411
624337453 -454687411
624337453 -233116957
624337453 -44669777
624337453 -40045657
624337453 -214430414
851193267 -214430414
851193267 -214430414
851193267 -857927883
851193267 -857927883
851193267 -857927883
672157538 -857927883
296343753 -959563202
296343753 -959563202
665239686 -959563202
914310309 -959563202
914310309 -959563202
914310309 -719298446
914310309 -719298446
914310309 -719298446
957236686 -719298446
957236686 -719298446
957236686 -52783920
957236686 -52783920
957236686 -77041274
601821505 -77041274
601821505 -77041274
601821505 -77041274
561058352 -763451153
561058352 -763451153
561058352 -763451153
441265303 -763451153
441265303 -763451153
441265303 -713293429
889337838 -713293429
889337838 -713293429
889337838 -713293429
889337838 -788184788
889337838 -788184788
517231241 -788184788
43696656 -788184788
-52799155 -788184788
548467373 -627335311
548467373 -627335311
548467373 -627335311
548467373 -627335311
548467373 -566899287
473836356 -729563654
136867897 -962420404
136867897 -962420404
235271002 -962420404
235271002 -962420404
235271002 -962420404
235271002 -700650273
235271002 -700650273
233867997 -700650273
887496151 -555357229
887496151 -555357229
887496151 -227022044
887496151 -227022044
887496151 -280984196
805196943 -280984196
363640596 -280984196
804697157 -280984196
804697157 -280984196
804697157 -801439297
804697157 -879549067
939618138 -879549067
939618138 -879549067
939618138 -879549067
939618138 -879549067
939618138 -658180828
341275748 -658180828
341275748 -658180828
341275748 -742147404
501372278 -742147404
501372278 -742147404
501372278 -742147404
501372278 -742147404
501372278 -369143301
215661334 -369143301
215661334 -923149149
140393552 -923149149
268548106 -923149149
976747664 -923149149
976747664 -923149149
976747664 -795910387
976747664 -795910387
976747664 -795910387
917898539 -795910387
305580638 -795910387
990599132 -677380978
990599132 -677380978
990599132 -677380978
990599132 -677380978
990599132 -493416798
306216644 -493416798
163700664 -493416798
-50604990 -511148824
247020212 -511148824
247020212 -682060827
247020212 -682060827
247020212 -779249722
349504645 -779249722
349504645 -779249722
349504645 -779249722
349504645 -779249722
556690964 -723634101
556690964 -723634101
899142103 -723634101
899142103 -723634101
899142103 -606835287
899142103 -606835287
899142103 -972856717
641986462 -972856717
641986462 -972856717
675889814 -972856717
675889814 -972856717
675889814 -807803198
943889998 -807803198
952918931 -807803198
952918931 -807803198
952918931 -807803198
952918931 -62697603
953522182 -62697603
953522182 -888570615
953522182 -888570615
953522182 -888570615
953522182 -888570615
478527163 -960024656
478527163 -960024656
478527163 -960024656
478527163 -960024656
959173461 -960024656
959173461 -921624423
959173461 -759606871
959173461 -759606871
959173461 -759606871
-38212928 -762544572
377322373 -762544572
377322373 -762544572
760951787 -762544572
760951787 -762544572
836470946 -364033654
836470946 -871704998
836470946 -871704998
836470946 -871704998
836470946 -871704998
384944239 -871704998
730205128 -566355734
730205128 -469221018
730205128 -469221018
730205128 -469221018
833445914 -469221018
833445914 -812118988
842315224 -812118988
842315224 -812118988
842315224 -833775027
858592396 -833775027
858592396 -833775027
858592396 -833775027
858592396 -981286597
858592396 -981286597
684684159 -981286597
684684159 -981286597
684684159 -981286597
684684159 -736404276
684684159 -736404276
682772245 -736404276
682772245 -470539672
682772245 -633617273
682772245 -633617273
173025866 -633617273
173025866 -633617273
173025866 -959784899
173025866 -959784899
657880057 -959784899
657880057 -959784899
657880057 -990609036
657880057 -990609036
657880057 -990609036
355633079 -990609036
355633079 -990609036
407474562 -707116474
470388041 -459984063
470388041 -459984063
924377090 -459984063
924377090 -423047135
924377090 -502493721
924377090 -502493721
924377090 -502493721
512213383 -502493721
512213383 -502493721
792076779 -207803444
792076779 -207803444
792076779 -207803444
792076779 -553836739
792076779 -553836739
905498019 -553836739
905498019 -553836739
905498019 -553836739
905498019 -105749243
905498019 -105749243
957141848 -105749243
957141848 -105749243
957141848 -767596180
957141848 -767596180
957141848 -767596180
627595640 -767596180
627595640 -767596180
627595640 -405126097
627595640 -206988522
762206402 -206988522
762206402 -500407450
762206402 -500407450
762206402 -500407450
763470719 -500407450
930832438 -500407450
930832438 -373563336
930832438 -373563336
930832438 176930167
930832438 176930167
450508563 2648766
450508563 2648766
912167280 2648766
912167280 -538933954
912167280 -538933954
912167280 -538933954
912167280 -538933954
287980393 -538933954
287980393 -210261416
237617122 -210261416
237617122 -961613599
237617122 -961613599
212786434 -961613599
432149067 -961613599
432149067 -961613599
432149067 -424017993
432149067 -424017993
432149067 -424017993
320347077 -424017993
498339672 -424017993
498339672 -419844780
756904383 -233075548
756904383 -729051863
756904383 -794273280
756904383 -794273280
756904383 -815252227
139929823 -815252227
139929823 -815252227
181745526 -815252227
181745526 -815252227
181745526 -291906671
181745526 -932749813
306401631 -932749813
937923532 -932749813
937923532 -932749813
937923532 -932749813
937923532 -358005513
937923532 -557474635
793093197 -557474635
793093197 -717472195
793093197 -717472195
793093197 -805480147
793093197 -805480147
968084471 -805480147
968084471 -805480147
968084471 -805480147
968084471 -479318143
968084471 -479318143
783846717 -479318143
612387984 -479318143
612387984 -799546227
407777171 -800861831
838965226 -800861831
838965226 -800861831
838965226 -800861831
838965226 -800861831
997694006 -295376679
997694006 -295376679
997694006 -701103391
997694006 -701103391
997694006 -701103391
809295489 -924881232
809295489 -924881232
809295489 -924881232
736252122 -924881232
231119135 -924881232
231119135 -752360036
558102037 -752360036
696016455 -752360036
729866586 -752360036
729866586 -752360036
729866586 -177206551
729866586 -177206551
729866586 -720054834
614637921 -720054834
138201489 -933555228
138201489 -933555228
965149914 -933555228
965149914 -933555228
965149914 -933555228
965149914 -861666020
965149914 -253418495
444111211 -253418495
444111211 -898823775
732764652 -898823775
732764652 -898823775
951043025 -898823775
951043025 -966744062
951043025 -966744062
951043025 -966744062
951043025 -976571837
711606686 -976571837
711606686 -976571837
888247042 -976571837
888247042 -976571837
888247042 -280043882
888247042 -656740645
888247042 -656740645
499998496 -656740645
499998496 -656740645
42073206 -891324028
42073206 -891324028
42073206 -891324028
-20902116 -891324028
-322029767 -962956412
-322029767 -962956412
587395405 -962956412
587395405 -962956412
587395405 -962956412
749145924 -658026815
749145924 -552150635
888239502 -552150635
888239502 -552150635
888239502 -309296643
888239502 -309296643
888239502 193310826
856162586 -936322153
567288496 -936322153
567288496 -936322153
567288496 -936322153
567288496 -936322153
567288496 -899259883
242956814 -899259883
398196155 -899259883
398196155 -899259883
984792792 -899259883
984792792 -524214370
984792792 -524214370
984792792 -524214370
984792792 -465474932
868428004 -465474932
728562885 -465474932
728562885 71265595
728562885 71265595
728562885 71265595
928979532 179819956
928979532 -376110009
928979532 -376110009
928979532 -376110009
928979532 -575218996
108484872 -580312492
108484872 -580312492
-203557865 -627613989
-555113553 -627613989
888744778 -627613989
888744778 -627613989
888744778 -627613989
888744778 -562501265
888744778 -95781924
940473370 -95781924
940473370 -545170742
940473370 -545170742
940473370 -545170742
940473370 -829408866
361089389 -883941676
361089389 -887163331
-131166742 -887163331
-24324588 -887163331
-24324588 -887163331
762009118 -887163331
762009118 -376408247
952808781 -376408247
952808781 -376408247
952808781 -244496326
952808781 -640792645
952808781 -640792645
235315838 -950642543
709227166 -950642543
709227166 -950642543
709227166 -950642543
709227166 -950642543
709227166 -865500739
487669085 -865500739
487669085 -92606321
358785552 -92606321
354163153 -92606321
793342581 -92606321
793342581 73158417
980677892 73158417
980677892 -61005625
980677892 -566206038
980677892 -566206038
980677892 -566206038
812836178 -566206038
812836178 -566206038
812836178 -725559159
812836178 -958697991
812836178 -958697991
516757304 -958697991
763170808 -958697991
763170808 -958697991
808849955 -541561354
808849955 -359965711
808849955 -359965711
808849955 -359965711
808849955 -350634055
662096916 -350634055
662096916 -350634055
662096916 -350634055
662096916 -999889300
745301315 -999889300
745301315 -999889300
745301315 -999889300
745301315 -999889300
745301315 -452915934
770675329 -452915934
770675329 -628728114
770675329 -628728114
905583317 -628728114
905583317 -628728114
905583317 -628728114
905583317 -87740455
905583317 -568984645
577478843 -568984645
894741190 -568984645
894741190 -568984645
894741190 -568984645
894741190 -541116342
894741190 -541116342
760595209 -541116342
760595209 -573376051
914901712 -573376051
914901712 -573376051
914901712 -573376051
914901712 -948674574
914901712 -948674574
423167643 -948674574
423167643 -948674574
423167643 -948674574
460884361 -692611393
460884361 -692611393
460884361 -692611393
460884361 -251660043
460884361 -570238527
292528870 -570238527
292528870 -627083563
173568691 -627083563
615160530 -627083563
727711203 -627083563
727711203 -627083563
727711203 -764936285
727711203 -764936285
727711203 -764936285
494158942 -764936285
349694690 -764936285
349694690 -735863781
433719360 -735863781
433719360 -735863781
433719360 -735863781
433719360 -650182256
433719360 -207880593
680857071 -207880593
680857071 -633440321
680857071 -633440321
680857071 -710304475
680857071 -710304475
-23887431 -710304475
-23887431 -750333879
-23887431 -750333879
444161322 -750333879
880863904 -750333879
880863904 -939094069
880863904 -939094069
880863904 -939094069
880863904 -939094069
530650505 -939094069
807439479 -814807683
807439479 -814807683
807439479 -833155131
807439479 -833155131
807439479 -833155131
498508834 -833155131
498508834 -833155131
498508834 -908770728
923872767 -908770728
923872767 -908770728
923872767 -908770728
923872767 -908770728
923872767 -581685944
354526614 -581685944
354526614 -799412111
354526614 -873923415
354526614 -967140738
354526614 -967140738
859058637 -967140738
859058637 -981519860
859058637 -981519860
859058637 -981519860
859058637 -981519860
968658868 -981519860
968658868 -436539792
968658868 -436539792
968658868 -436539792
968658868 -636737589
406989571 -872089469
406989571 -872089469
172820340 -872089469
160894261 -872089469
954990271 -872089469
954990271 -28744813
954990271 -28744813
954990271 160894261
954990271 -323682088
753010485 -563194304
923140316 -563194304
923140316 -563194304
923140316 -563194304
923140316 -563194304
923140316 -536596749
898637644 -536596749
898637644 -536596749
898637644 -15463520
898637644 -15463520
882755410 -27680883
882755410 -27680883
598405170 -27680883
748575940 -27680883
748575940 -27680883
748575940 -413959432
748575940 -413959432
748575940 -413959432
697887109 -611315561
697887109 -611315561
697887109 -611315561
697887109 -973526287
948517337 -973526287
948517337 -973526287
948517337 -973526287
948517337 -973526287
948517337 -703718280
963658774 -703718280
970064561 -703718280
970064561 -703718280
970064561 -43259387
970064561 -43259387
970064561 -991903789
507139209 -991903789
507139209 -991903789
278945033 -991903789
278945033 -991903789
278945033 -726199452
-143552346 -726199452
644235470 -726199452
644235470 -726199452
644235470 -726199452
644235470 -620304173
644235470 -620304173
22637965 -758686007
22637965 -758686007
961399348 -758686007
961399348 -804311028
961399348 -804311028
961399348 -804311028
961399348 -804311028
945838981 -804311028
945838981 -312789001
945838981 -312789001
945838981 -312789001
945838981 -312789001
921669309 -312789001
921669309 -177255170
813110996 -281457166
813110996 -333709688
548094673 -333709688
548094673 -837797216
-201002166 -837797216
-185517665 -837797216
550439565 -837797216
550439565 -837797216
852425866 -535531717
852425866 -735024734
852425866 -735024734
852425866 -893145645
905741343 -893145645
905741343 -893145645
905741343 -972103204
905741343 -977145090
905741343 -977145090
541161498 -977145090
541161498 -977145090
541161498 -977145090
765719997 -706106717
765719997 -840955827
765719997 -840955827
765719997 -840955827
765719997 -840955827
354823649 -840955827
620848190 -820793934
620848190 -820793934
620848190 -509265575
620848190 -509265575
620848190 -509265575
504269036 -509265575
659204485 -158921077
721102343 -158921077
721102343 -241932455
721102343 -241932455
721102343 -806900772
721102343 -806900772
454088528 -806900772
454088528 -806900772
183870328 -806900772
183870328 -889251367
183870328 -889251367
183870328 -889251367
183870328 -889251367
-24130857 -889251367
-24130857 -475763704
-24130857 -475763704
49185232 -475763704
366562668 -475763704
366562668 -115969361
391250893 -115969361
705269847 -115969361
705269847 -432962303
705269847 -432962303
705269847 -432962303
705269847 -432962303
653740736 -637698075
653740736 -637698075
653740736 -637698075
653740736 -827246039
577091029 -886303855
577091029 -886303855
577091029 -886303855
393994484 -886303855
557390794 -886303855
694550634 -586810789
694550634 -586810789
694550634 -586810789
694550634 -481154869
694550634 -643265293
554815116 -643265293
362718267 -860281966
175199274 -860281966
175199274 -980623653
175199274 -980623653
784099324 -980623653
784099324 -980623653
784099324 -980623653
784099324 -733069579
784099324 -733069579
558383942 -733069579
850326860 -733069579
850326860 -910775406
850326860 -910775406
850326860 -910775406
850326860 -910775406
599591767 -910775406
599591767 -846087113
599591767 -846087113
765418575 -846087113
765418575 -846087113
765418575 -386379800
765418575 -386379800
765418575 -386379800
918866688 -386379800
918866688 -651776103
918866688 -651776103
918866688 -651776103
918866688 -929275128
567295936 -929275128
567295936 -929275128
567295936 -929275128
567295936 -929275128
567295936 -680265842
112858853 -680265842
112858853 -712341266
362785024 -712341266
362785024 -712341266
362785024 -712341266
362785024 -712341266
362785024 -742278865
298926063 -742278865
78447194 -742278865
78447194 -742278865
912811454 -742278865
912811454 -705972218
912811454 -705972218
912811454 -741175325
912811454 -741175325
807967903 -741175325
807967903 -741175325
807967903 -815479660
807967903 -815479660
821089438 -815479660
821089438 -815479660
821089438 -834056511
821089438 -834056511
821089438 -834056511
764082830 -834056511
754261937 -834056511
754261937 -201949346
754261937 -813081091
808088790 -813081091
808088790 -813081091
808088790 -813081091
808088790 -813081091
808088790 -147388244
399244112 -147388244
399244112 -344559205
432488344 -344559205
513557293 -344559205
513557293 -945862027
513557293 -945862027
513557293 -945862027
513557293 -945862027
533927013 -945862027
533927013 -678922356
533927013 -980467137
592782950 -980467137
592782950 -980467137
918333206 -980467137
918333206 -980467137
918333206 -534269051
918333206 -534269051
918333206 -534269051
907442763 -534269051
907442763 -83722350
907442763 6854853
907442763 -85553092
907442763 -805062627
903748950 -805062627
903748950 -805062627
903748950 -805062627
903748950 -805062627
903748950 151502315
726045234 -684735458
817687423 -684735458
984859043 -684735458
984859043 -684735458
984859043 -829997861
984859043 -829997861
984859043 -829997861
631047650 -829997861
267215775 -829997861
267215775 -811084169
898594960 -811084169
898594960 -874574102
898594960 -874574102
898594960 -874574102
898594960 -874574102
873492955 -874574102
873492955 -482631869
698076612 -482631869
698076612 -482631869
698076612 -933390748
698076612 -933390748
917965443 -933390748
917965443 -933390748
917965443 -933390748
917965443 -760457304
917965443 -760457304
-112242641 -760457304
-112242641 -967342991
63698364 -967342991
63698364 -967342991
690715369 -967342991
690715369 -967342991
690715369 -629535351
858582827 -629535351
858582827 -197481006
858582827 -800770148
858582827 -800770148
890603067 -800770148
890603067 -803043994
890603067 -803043994
890603067 -815944834
890603067 -815944834
738977067 -888068340
738977067 -888068340
-91675202 -888068340
-91675202 -888068340
-346598227 -888068340
228929414 -826935021
679025942 -826935021
679025942 -933850823
679025942 -933850823
679025942 -968787866
679025942 -968787866
44741065 -968787866
299663949 -968787866
299663949 -968787866
299663949 -863851848
299663949 -863851848
299663949 -935069408
89181753 -935069408
160303439 -935069408
160303439 -935069408
542178104 -935069408
542178104 -737889531
542178104 -737889531
542178104 -975927554
542178104 -975927554
-17950519 -975927554
963279361 -975927554
963279361 -975927554
963279361 -769031415
963279361 -769031415
963279361 -510697183
980690013 -510697183
980690013 -908680717
980690013 -908680717
980690013 -908680717
980690013 -908680717
663038802 -908680717
663038802 -674091153
663038802 -674091153
663038802 -674091153
663038802 -19389314
978819550 -19389314
978819550 -263795195
978819550 -869391588
978819550 -869391588
978819550 -869391588
603672301 -869391588
603672301 -869391588
603672301 -859105622
603672301 -859105622
603672301 -859105622
367145925 -859105622
367145925 -859105622
367145925 -517162764
367145925 -507873634
331718228 -507873634
853758184 -507873634
853758184 -507873634
853758184 34617026
853758184 -151822026
853758184 -151822026
707880231 -151822026
707880231 -151822026
109375623 -425896961
645118894 -425896961
645118894 -425896961
645118894 -425896961
645118894 -425896961
645118894 -170286260
476453162 -278908881
937806072 -278908881
937806072 -278908881
937806072 -278908881
937806072 -278908881
937806072 -273677496
849933833 -907985379
849933833 -907985379
849933833 -907985379
477365317 -907985379
477365317 -907985379
874568728 -534746019
874568728 -534746019
874568728 -485533033
970982861 -485533033
970982861 -485533033
970982861 -485533033
970982861 -485533033
970982861 -236480400
937943408 -236480400
937943408 -406887469
809896685 -757880246
984022489 -757880246
984022489 -757880246
984022489 -757880246
984022489 -757880246
984022489 -788187683
-20981356 -788187683
901905217 -788187683
901905217 -788187683
901905217 -788187683
901905217 -533159489
901905217 -533159489
783045365 -533159489
379536531 -883287296
833454029 -883287296
833454029 -883287296
833454029 -883287296
833454029 -883287296
833454029 -772366722
763440429 -772366722
763440429 -772366722
763440429 -734370000
262251091 -734370000
-241886208 -734370000
-241886208 -734370000
497576505 -351190278
497576505 -351190278
497576505 -524385517
591069494 -524385517
591069494 -656293801
591069494 -656293801
591069494 -656293801
591069494 -656293801
7867219 -656293801
771924531 -407515227
771924531 -407515227
771924531 -407515227
771924531 -524516353
771924531 -524516353
678378242 -524516353
476780676 -524516353
885167206 -524516353
885167206 -596964575
885167206 -596964575
885167206 -596964575
885167206 -596964575
734578811 -596964575
880419387 39285651
880419387 -302434682
880419387 -302434682
880419387 -950760087
880419387 -950760087
501529728 -950760087
935931142 -950760087
935931142 -950760087
988801577 -736295930
988801577 -736295930
988801577 -736295930
988801577 -736295930
988801577 -858260441
418144239 -858260441
418144239 -858260441
418144239 -858260441
343814038 -858260441
343814038 -695290595
343814038 -695290595
392154337 -695290595
392154337 -737421340
392154337 -737421340
392154337 -737421340
392154337 -799935896
208235611 -799935896
920513566 -799935896
920513566 -799935896
920513566 -855131108
935589346 -855131108
935589346 -961398792
935589346 -961398792
959146506 -961398792
959146506 -961398792
959146506 -961398792
959146506 -703043833
959146506 -703043833
793522314 -703043833
793522314 -703043833
793522314 -568942371
793522314 -568942371
793522314 -568942371
951503378 -568942371
951503378 -456694461
951503378 -456694461
951503378 -456694461
951503378 -456694461
940150151 -456694461
940150151 -949005293
940150151 -949005293
940150151 -949005293
776087412 -949005293
776087412 -949005293
