715891240 -152690406
715891240 -152690406
715891240 -231236584
715891240 -231236584
715891240 -404930790
783546004 -404930790
783546004 -886574049
927325529 -886574049
927325529 -886574049
927325529 -886574049
927325529 -886574049
927325529 -886574049
927325529 -886574049
927325529 -886574049
927325529 -886574049
927325529 -886574049
927325529 -454687411
851193267 -454687411
851193267 -233116957
851193267 -857927883
851193267 -857927883
851193267 -857927883
851193267 -857927883
851193267 -959563202
851193267 -959563202
851193267 -959563202
914310309 -959563202
914310309 -959563202
914310309 -959563202
914310309 -959563202
914310309 -959563202
957236686 -959563202
957236686 -959563202
957236686 -719298446
957236686 -719298446
957236686 -719298446
957236686 -719298446
957236686 -719298446
957236686 -77041274
957236686 -763451153
957236686 -763451153
601821505 -763451153
601821505 -763451153
601821505 -763451153
561058352 -763451153
889337838 -763451153
889337838 -763451153
889337838 -763451153
889337838 -788184788
889337838 -788184788
889337838 -788184788
889337838 -788184788
889337838 -788184788
889337838 -788184788
889337838 -788184788
548467373 -788184788
548467373 -788184788
548467373 -788184788
548467373 -729563654
548467373 -962420404
548467373 -962420404
548467373 -962420404
548467373 -962420404
473836356 -962420404
235271002 -962420404
235271002 -962420404
235271002 -962420404
887496151 -962420404
887496151 -962420404
887496151 -700650273
887496151 -700650273
887496151 -700650273
887496151 -555357229
887496151 -555357229
887496151 -280984196
887496151 -280984196
887496151 -801439297
805196943 -879549067
939618138 -879549067
939618138 -879549067
939618138 -879549067
939618138 -879549067
939618138 -879549067
939618138 -879549067
939618138 -879549067
939618138 -879549067
939618138 -879549067
939618138 -742147404
501372278 -742147404
501372278 -742147404
501372278 -742147404
