Arguments: 
  /usr/bin/node /sbin/yarn add bootstrap @popperjs/corevite -S

PATH: 
  /home/rainboy/.local/share/pnpm:/sbin:/bin:/usr/local/sbin:/usr/local/bin:/usr/bin:/usr/sbin:/usr/bin/site_perl:/usr/bin/vendor_perl:/usr/bin/core_perl:/home/rainboy/.yarn/bin:/home/rainboy/mycode/RainboyDefault/dotfiles/zsh/../bin:/home/rainboy/mycode/RainboyDefault/dotfiles/zsh/../bin/rbook:/home/rainboy/mycode/dotfiles/bin/rbook:/home/rainboy/mycode/RainboyNoip/algorithms/bin:/home/rainboy/mycode/rbookr/pcs/bin:/home/rainboy/mycode/RainboyNoip/cyaroncpp/bin:/home/rainboy/mycode/RainboyOJ/problems/bin

Yarn version: 
  1.22.19

Node version: 
  21.1.0

Platform: 
  linux x64

Trace: 
  Error: https://registry.yarnpkg.com/@popperjs%2fcorevite: Not found
      at params.callback [as _callback] (/usr/lib/node_modules/yarn/lib/cli.js:66145:18)
      at self.callback (/usr/lib/node_modules/yarn/lib/cli.js:140890:22)
      at Request.emit (node:events:515:28)
      at Request.<anonymous> (/usr/lib/node_modules/yarn/lib/cli.js:141862:10)
      at Request.emit (node:events:515:28)
      at IncomingMessage.<anonymous> (/usr/lib/node_modules/yarn/lib/cli.js:141784:12)
      at Object.onceWrapper (node:events:629:28)
      at IncomingMessage.emit (node:events:527:35)
      at endReadableNT (node:internal/streams/readable:1589:12)
      at process.processTicksAndRejections (node:internal/process/task_queues:82:21)

npm manifest: 
  {
    "name": "ROJ_problems",
    "version": "1.0.0",
    "main": "index.js",
    "author": "rainboy",
    "license": "MIT",
    "devDependencies": {
      "vite": "^5.0.0"
    }
  }

yarn manifest: 
  No manifest

Lockfile: 
  # THIS IS AN AUTOGENERATED FILE. DO NOT EDIT THIS FILE DIRECTLY.
  # yarn lockfile v1
  
  
  "@esbuild/android-arm64@0.19.6":
    version "0.19.6"
    resolved "https://registry.yarnpkg.com/@esbuild/android-arm64/-/android-arm64-0.19.6.tgz#13d98a34bbbde4237867cc232307a20ded139b6f"
    integrity sha512-KQ/hbe9SJvIJ4sR+2PcZ41IBV+LPJyYp6V1K1P1xcMRup9iYsBoQn4MzE3mhMLOld27Au2eDcLlIREeKGUXpHQ==
  
  "@esbuild/android-arm@0.19.6":
    version "0.19.6"
    resolved "https://registry.yarnpkg.com/@esbuild/android-arm/-/android-arm-0.19.6.tgz#68898d949672c56f10451f540fd92301dc713fb3"
    integrity sha512-muPzBqXJKCbMYoNbb1JpZh/ynl0xS6/+pLjrofcR3Nad82SbsCogYzUE6Aq9QT3cLP0jR/IVK/NHC9b90mSHtg==
  
  "@esbuild/android-x64@0.19.6":
    version "0.19.6"
    resolved "https://registry.yarnpkg.com/@esbuild/android-x64/-/android-x64-0.19.6.tgz#51a0ab83680dedc6dd1ae26133def26b178ed3a1"
    integrity sha512-VVJVZQ7p5BBOKoNxd0Ly3xUM78Y4DyOoFKdkdAe2m11jbh0LEU4bPles4e/72EMl4tapko8o915UalN/5zhspg==
  
  "@esbuild/darwin-arm64@0.19.6":
    version "0.19.6"
    resolved "https://registry.yarnpkg.com/@esbuild/darwin-arm64/-/darwin-arm64-0.19.6.tgz#2883f14197111febb118c0463c080930a30883e5"
    integrity sha512-91LoRp/uZAKx6ESNspL3I46ypwzdqyDLXZH7x2QYCLgtnaU08+AXEbabY2yExIz03/am0DivsTtbdxzGejfXpA==
  
  "@esbuild/darwin-x64@0.19.6":
    version "0.19.6"
    resolved "https://registry.yarnpkg.com/@esbuild/darwin-x64/-/darwin-x64-0.19.6.tgz#400bf20f9a35a7d68a17f5898c0f9ecb099f062b"
    integrity sha512-QCGHw770ubjBU1J3ZkFJh671MFajGTYMZumPs9E/rqU52md6lIil97BR0CbPq6U+vTh3xnTNDHKRdR8ggHnmxQ==
  
  "@esbuild/freebsd-arm64@0.19.6":
    version "0.19.6"
    resolved "https://registry.yarnpkg.com/@esbuild/freebsd-arm64/-/freebsd-arm64-0.19.6.tgz#8af07bd848afa2470b8a2339b203ce29a721152b"
    integrity sha512-J53d0jGsDcLzWk9d9SPmlyF+wzVxjXpOH7jVW5ae7PvrDst4kiAz6sX+E8btz0GB6oH12zC+aHRD945jdjF2Vg==
  
  "@esbuild/freebsd-x64@0.19.6":
    version "0.19.6"
    resolved "https://registry.yarnpkg.com/@esbuild/freebsd-x64/-/freebsd-x64-0.19.6.tgz#ae0230860e27df204a616671e028ff8fdffa009a"
    integrity sha512-hn9qvkjHSIB5Z9JgCCjED6YYVGCNpqB7dEGavBdG6EjBD8S/UcNUIlGcB35NCkMETkdYwfZSvD9VoDJX6VeUVA==
  
  "@esbuild/linux-arm64@0.19.6":
    version "0.19.6"
    resolved "https://registry.yarnpkg.com/@esbuild/linux-arm64/-/linux-arm64-0.19.6.tgz#3042bc423a978deab44a72244b863f743fd9fda1"
    integrity sha512-HQCOrk9XlH3KngASLaBfHpcoYEGUt829A9MyxaI8RMkfRA8SakG6YQEITAuwmtzFdEu5GU4eyhKcpv27dFaOBg==
  
  "@esbuild/linux-arm@0.19.6":
    version "0.19.6"
    resolved "https://registry.yarnpkg.com/@esbuild/linux-arm/-/linux-arm-0.19.6.tgz#50a537de609315979509120b0181882978294db1"
    integrity sha512-G8IR5zFgpXad/Zp7gr7ZyTKyqZuThU6z1JjmRyN1vSF8j0bOlGzUwFSMTbctLAdd7QHpeyu0cRiuKrqK1ZTwvQ==
  
  "@esbuild/linux-ia32@0.19.6":
    version "0.19.6"
    resolved "https://registry.yarnpkg.com/@esbuild/linux-ia32/-/linux-ia32-0.19.6.tgz#f99c48b597facf9cbf8e1a2522ce379b2ad7b0c4"
    integrity sha512-22eOR08zL/OXkmEhxOfshfOGo8P69k8oKHkwkDrUlcB12S/sw/+COM4PhAPT0cAYW/gpqY2uXp3TpjQVJitz7w==
  
  "@esbuild/linux-loong64@0.19.6":
    version "0.19.6"
    resolved "https://registry.yarnpkg.com/@esbuild/linux-loong64/-/linux-loong64-0.19.6.tgz#9fe79be31ce305564aa62da190f38e199d6d26b7"
    integrity sha512-82RvaYAh/SUJyjWA8jDpyZCHQjmEggL//sC7F3VKYcBMumQjUL3C5WDl/tJpEiKtt7XrWmgjaLkrk205zfvwTA==
  
  "@esbuild/linux-mips64el@0.19.6":
    version "0.19.6"
    resolved "https://registry.yarnpkg.com/@esbuild/linux-mips64el/-/linux-mips64el-0.19.6.tgz#5a922dad90fc8a83fd0631c136b46128153ffb6f"
    integrity sha512-8tvnwyYJpR618vboIv2l8tK2SuK/RqUIGMfMENkeDGo3hsEIrpGldMGYFcWxWeEILe5Fi72zoXLmhZ7PR23oQA==
  
  "@esbuild/linux-ppc64@0.19.6":
    version "0.19.6"
    resolved "https://registry.yarnpkg.com/@esbuild/linux-ppc64/-/linux-ppc64-0.19.6.tgz#a7fccf924824999b301546843adb4f51051965e8"
    integrity sha512-Qt+D7xiPajxVNk5tQiEJwhmarNnLPdjXAoA5uWMpbfStZB0+YU6a3CtbWYSy+sgAsnyx4IGZjWsTzBzrvg/fMA==
  
  "@esbuild/linux-riscv64@0.19.6":
    version "0.19.6"
    resolved "https://registry.yarnpkg.com/@esbuild/linux-riscv64/-/linux-riscv64-0.19.6.tgz#41d2db11550662d6c03902d9d8d26b0ed5bb8d55"
    integrity sha512-lxRdk0iJ9CWYDH1Wpnnnc640ajF4RmQ+w6oHFZmAIYu577meE9Ka/DCtpOrwr9McMY11ocbp4jirgGgCi7Ls/g==
  
  "@esbuild/linux-s390x@0.19.6":
    version "0.19.6"
    resolved "https://registry.yarnpkg.com/@esbuild/linux-s390x/-/linux-s390x-0.19.6.tgz#d7a843a2620e73c5c9d65c482e2fbddc7e0f7753"
    integrity sha512-MopyYV39vnfuykHanRWHGRcRC3AwU7b0QY4TI8ISLfAGfK+tMkXyFuyT1epw/lM0pflQlS53JoD22yN83DHZgA==
  
  "@esbuild/linux-x64@0.19.6":
    version "0.19.6"
    resolved "https://registry.yarnpkg.com/@esbuild/linux-x64/-/linux-x64-0.19.6.tgz#d3f20f0c2bdaa1b9ed1c0df7db034771e7aa5234"
    integrity sha512-UWcieaBzsN8WYbzFF5Jq7QULETPcQvlX7KL4xWGIB54OknXJjBO37sPqk7N82WU13JGWvmDzFBi1weVBajPovg==
  
  "@esbuild/netbsd-x64@0.19.6":
    version "0.19.6"
    resolved "https://registry.yarnpkg.com/@esbuild/netbsd-x64/-/netbsd-x64-0.19.6.tgz#6108d7270599ee37cd57bb14e4516a83541885d5"
    integrity sha512-EpWiLX0fzvZn1wxtLxZrEW+oQED9Pwpnh+w4Ffv8ZLuMhUoqR9q9rL4+qHW8F4Mg5oQEKxAoT0G+8JYNqCiR6g==
  
  "@esbuild/openbsd-x64@0.19.6":
    version "0.19.6"
    resolved "https://registry.yarnpkg.com/@esbuild/openbsd-x64/-/openbsd-x64-0.19.6.tgz#b1b5aaa2c9028e90a2bef6774a9c67451f53f164"
    integrity sha512-fFqTVEktM1PGs2sLKH4M5mhAVEzGpeZJuasAMRnvDZNCV0Cjvm1Hu35moL2vC0DOrAQjNTvj4zWrol/lwQ8Deg==
  
  "@esbuild/sunos-x64@0.19.6":
    version "0.19.6"
    resolved "https://registry.yarnpkg.com/@esbuild/sunos-x64/-/sunos-x64-0.19.6.tgz#b51b648cea77c62b1934a4fdcfee7aaa9de174cb"
    integrity sha512-M+XIAnBpaNvaVAhbe3uBXtgWyWynSdlww/JNZws0FlMPSBy+EpatPXNIlKAdtbFVII9OpX91ZfMb17TU3JKTBA==
  
  "@esbuild/win32-arm64@0.19.6":
    version "0.19.6"
    resolved "https://registry.yarnpkg.com/@esbuild/win32-arm64/-/win32-arm64-0.19.6.tgz#34e5665f239047c302c8d153406c87db22afd58a"
    integrity sha512-2DchFXn7vp/B6Tc2eKdTsLzE0ygqKkNUhUBCNtMx2Llk4POIVMUq5rUYjdcedFlGLeRe1uLCpVvCmE+G8XYybA==
  
  "@esbuild/win32-ia32@0.19.6":
    version "0.19.6"
    resolved "https://registry.yarnpkg.com/@esbuild/win32-ia32/-/win32-ia32-0.19.6.tgz#f7aaebe325e67f44c0a738e80a98221504677b4a"
    integrity sha512-PBo/HPDQllyWdjwAVX+Gl2hH0dfBydL97BAH/grHKC8fubqp02aL4S63otZ25q3sBdINtOBbz1qTZQfXbP4VBg==
  
  "@esbuild/win32-x64@0.19.6":
    version "0.19.6"
    resolved "https://registry.yarnpkg.com/@esbuild/win32-x64/-/win32-x64-0.19.6.tgz#7134e5dea1f5943b013e96fc34f9638a5f3d7e3e"
    integrity sha512-OE7yIdbDif2kKfrGa+V0vx/B3FJv2L4KnIiLlvtibPyO9UkgO3rzYE0HhpREo2vmJ1Ixq1zwm9/0er+3VOSZJA==
  
  "@rollup/rollup-android-arm-eabi@4.5.0":
    version "4.5.0"
    resolved "https://registry.yarnpkg.com/@rollup/rollup-android-arm-eabi/-/rollup-android-arm-eabi-4.5.0.tgz#5984f98288150a2c34928de023bbd122d61ce754"
    integrity sha512-OINaBGY+Wc++U0rdr7BLuFClxcoWaVW3vQYqmQq6B3bqQ/2olkaoz+K8+af/Mmka/C2yN5j+L9scBkv4BtKsDA==
  
  "@rollup/rollup-android-arm64@4.5.0":
    version "4.5.0"
    resolved "https://registry.yarnpkg.com/@rollup/rollup-android-arm64/-/rollup-android-arm64-4.5.0.tgz#8456a8c623cca4042ae4bf2ce03d875a02433191"
    integrity sha512-UdMf1pOQc4ZmUA/NTmKhgJTBimbSKnhPS2zJqucqFyBRFPnPDtwA8MzrGNTjDeQbIAWfpJVAlxejw+/lQyBK/w==
  
  "@rollup/rollup-darwin-arm64@4.5.0":
    version "4.5.0"
    resolved "https://registry.yarnpkg.com/@rollup/rollup-darwin-arm64/-/rollup-darwin-arm64-4.5.0.tgz#76be6832eee21dabc28f84f9f54fbfcc66615992"
    integrity sha512-L0/CA5p/idVKI+c9PcAPGorH6CwXn6+J0Ys7Gg1axCbTPgI8MeMlhA6fLM9fK+ssFhqogMHFC8HDvZuetOii7w==
  
  "@rollup/rollup-darwin-x64@4.5.0":
    version "4.5.0"
    resolved "https://registry.yarnpkg.com/@rollup/rollup-darwin-x64/-/rollup-darwin-x64-4.5.0.tgz#66bd162a3fea48cb1cef50cedccfbeee5685b444"
    integrity sha512-QZCbVqU26mNlLn8zi/XDDquNmvcr4ON5FYAHQQsyhrHx8q+sQi/6xduoznYXwk/KmKIXG5dLfR0CvY+NAWpFYQ==
  
  "@rollup/rollup-linux-arm-gnueabihf@4.5.0":
    version "4.5.0"
    resolved "https://registry.yarnpkg.com/@rollup/rollup-linux-arm-gnueabihf/-/rollup-linux-arm-gnueabihf-4.5.0.tgz#a0e6b2a1d67a4ba0c2a61985175f65c05abc5f73"
    integrity sha512-VpSQ+xm93AeV33QbYslgf44wc5eJGYfYitlQzAi3OObu9iwrGXEnmu5S3ilkqE3Pr/FkgOiJKV/2p0ewf4Hrtg==
  
  "@rollup/rollup-linux-arm64-gnu@4.5.0":
    version "4.5.0"
    resolved "https://registry.yarnpkg.com/@rollup/rollup-linux-arm64-gnu/-/rollup-linux-arm64-gnu-4.5.0.tgz#5434b844a47ba4e35602ee312de9f39b38b1777b"
    integrity sha512-OrEyIfpxSsMal44JpEVx9AEcGpdBQG1ZuWISAanaQTSMeStBW+oHWwOkoqR54bw3x8heP8gBOyoJiGg+fLY8qQ==
  
  "@rollup/rollup-linux-arm64-musl@4.5.0":
    version "4.5.0"
    resolved "https://registry.yarnpkg.com/@rollup/rollup-linux-arm64-musl/-/rollup-linux-arm64-musl-4.5.0.tgz#149cab95107821fe4ae46d5f2c0658c5b0e56b9c"
    integrity sha512-1H7wBbQuE6igQdxMSTjtFfD+DGAudcYWhp106z/9zBA8OQhsJRnemO4XGavdzHpGhRtRxbgmUGdO3YQgrWf2RA==
  
  "@rollup/rollup-linux-x64-gnu@4.5.0":
    version "4.5.0"
    resolved "https://registry.yarnpkg.com/@rollup/rollup-linux-x64-gnu/-/rollup-linux-x64-gnu-4.5.0.tgz#6929bf3013e9d599605953ea1bc51f35376bfff7"
    integrity sha512-FVyFI13tXw5aE65sZdBpNjPVIi4Q5mARnL/39UIkxvSgRAIqCo5sCpCELk0JtXHGee2owZz5aNLbWNfBHzr71Q==
  
  "@rollup/rollup-linux-x64-musl@4.5.0":
    version "4.5.0"
    resolved "https://registry.yarnpkg.com/@rollup/rollup-linux-x64-musl/-/rollup-linux-x64-musl-4.5.0.tgz#a17f5decabf05b74aad684de56cf43a72a289a0b"
    integrity sha512-eBPYl2sLpH/o8qbSz6vPwWlDyThnQjJfcDOGFbNjmjb44XKC1F5dQfakOsADRVrXCNzM6ZsSIPDG5dc6HHLNFg==
  
  "@rollup/rollup-win32-arm64-msvc@4.5.0":
    version "4.5.0"
    resolved "https://registry.yarnpkg.com/@rollup/rollup-win32-arm64-msvc/-/rollup-win32-arm64-msvc-4.5.0.tgz#f145f10c33aa187a11fd60933465be46667e6e42"
    integrity sha512-xaOHIfLOZypoQ5U2I6rEaugS4IYtTgP030xzvrBf5js7p9WI9wik07iHmsKaej8Z83ZDxN5GyypfoyKV5O5TJA==
  
  "@rollup/rollup-win32-ia32-msvc@4.5.0":
    version "4.5.0"
    resolved "https://registry.yarnpkg.com/@rollup/rollup-win32-ia32-msvc/-/rollup-win32-ia32-msvc-4.5.0.tgz#798614b191f9ce1dc58079d1dfbc234c71df9e0e"
    integrity sha512-Al6quztQUrHwcOoU2TuFblUQ5L+/AmPBXFR6dUvyo4nRj2yQRK0WIUaGMF/uwKulvRcXkpHe3k9A8Vf93VDktA==
  
  "@rollup/rollup-win32-x64-msvc@4.5.0":
    version "4.5.0"
    resolved "https://registry.yarnpkg.com/@rollup/rollup-win32-x64-msvc/-/rollup-win32-x64-msvc-4.5.0.tgz#748970e066839e33ed8c935061e370c4ab050517"
    integrity sha512-8kdW+brNhI/NzJ4fxDufuJUjepzINqJKLGHuxyAtpPG9bMbn8P5mtaCcbOm0EzLJ+atg+kF9dwg8jpclkVqx5w==
  
  esbuild@^0.19.3:
    version "0.19.6"
    resolved "https://registry.yarnpkg.com/esbuild/-/esbuild-0.19.6.tgz#baa0e8b6b9e655c54ffd57f1772e44677a7931cc"
    integrity sha512-Xl7dntjA2OEIvpr9j0DVxxnog2fyTGnyVoQXAMQI6eR3mf9zCQds7VIKUDCotDgE/p4ncTgeRqgX8t5d6oP4Gw==
    optionalDependencies:
      "@esbuild/android-arm" "0.19.6"
      "@esbuild/android-arm64" "0.19.6"
      "@esbuild/android-x64" "0.19.6"
      "@esbuild/darwin-arm64" "0.19.6"
      "@esbuild/darwin-x64" "0.19.6"
      "@esbuild/freebsd-arm64" "0.19.6"
      "@esbuild/freebsd-x64" "0.19.6"
      "@esbuild/linux-arm" "0.19.6"
      "@esbuild/linux-arm64" "0.19.6"
      "@esbuild/linux-ia32" "0.19.6"
      "@esbuild/linux-loong64" "0.19.6"
      "@esbuild/linux-mips64el" "0.19.6"
      "@esbuild/linux-ppc64" "0.19.6"
      "@esbuild/linux-riscv64" "0.19.6"
      "@esbuild/linux-s390x" "0.19.6"
      "@esbuild/linux-x64" "0.19.6"
      "@esbuild/netbsd-x64" "0.19.6"
      "@esbuild/openbsd-x64" "0.19.6"
      "@esbuild/sunos-x64" "0.19.6"
      "@esbuild/win32-arm64" "0.19.6"
      "@esbuild/win32-ia32" "0.19.6"
      "@esbuild/win32-x64" "0.19.6"
  
  fsevents@~2.3.2, fsevents@~2.3.3:
    version "2.3.3"
    resolved "https://registry.yarnpkg.com/fsevents/-/fsevents-2.3.3.tgz#cac6407785d03675a2a5e1a5305c697b347d90d6"
    integrity sha512-5xoDfX+fL7faATnagmWPpbFtwh/R77WmMMqqHGS65C3vvB0YHrgF+B1YmZ3441tMj5n63k0212XNoJwzlhffQw==
  
  nanoid@^3.3.6:
    version "3.3.7"
    resolved "https://registry.yarnpkg.com/nanoid/-/nanoid-3.3.7.tgz#d0c301a691bc8d54efa0a2226ccf3fe2fd656bd8"
    integrity sha512-eSRppjcPIatRIMC1U6UngP8XFcz8MQWGQdt1MTBQ7NaAmvXDfvNxbvWV3x2y6CdEUciCSsDHDQZbhYaB8QEo2g==
  
  picocolors@^1.0.0:
    version "1.0.0"
    resolved "https://registry.yarnpkg.com/picocolors/-/picocolors-1.0.0.tgz#cb5bdc74ff3f51892236eaf79d68bc44564ab81c"
    integrity sha512-1fygroTLlHu66zi26VoTDv8yRgm0Fccecssto+MhsZ0D/DGW2sm8E8AjW7NU5VVTRt5GxbeZ5qBuJr+HyLYkjQ==
  
  postcss@^8.4.31:
    version "8.4.31"
    resolved "https://registry.yarnpkg.com/postcss/-/postcss-8.4.31.tgz#92b451050a9f914da6755af352bdc0192508656d"
    integrity sha512-PS08Iboia9mts/2ygV3eLpY5ghnUcfLV/EXTOW1E2qYxJKGGBUtNjN76FYHnMs36RmARn41bC0AZmn+rR0OVpQ==
    dependencies:
      nanoid "^3.3.6"
      picocolors "^1.0.0"
      source-map-js "^1.0.2"
  
  rollup@^4.2.0:
    version "4.5.0"
    resolved "https://registry.yarnpkg.com/rollup/-/rollup-4.5.0.tgz#358ee6947fe0e4c8bacdae6896539cade3107655"
    integrity sha512-41xsWhzxqjMDASCxH5ibw1mXk+3c4TNI2UjKbLxe6iEzrSQnqOzmmK8/3mufCPbzHNJ2e04Fc1ddI35hHy+8zg==
    optionalDependencies:
      "@rollup/rollup-android-arm-eabi" "4.5.0"
      "@rollup/rollup-android-arm64" "4.5.0"
      "@rollup/rollup-darwin-arm64" "4.5.0"
      "@rollup/rollup-darwin-x64" "4.5.0"
      "@rollup/rollup-linux-arm-gnueabihf" "4.5.0"
      "@rollup/rollup-linux-arm64-gnu" "4.5.0"
      "@rollup/rollup-linux-arm64-musl" "4.5.0"
      "@rollup/rollup-linux-x64-gnu" "4.5.0"
      "@rollup/rollup-linux-x64-musl" "4.5.0"
      "@rollup/rollup-win32-arm64-msvc" "4.5.0"
      "@rollup/rollup-win32-ia32-msvc" "4.5.0"
      "@rollup/rollup-win32-x64-msvc" "4.5.0"
      fsevents "~2.3.2"
  
  source-map-js@^1.0.2:
    version "1.0.2"
    resolved "https://registry.yarnpkg.com/source-map-js/-/source-map-js-1.0.2.tgz#adbc361d9c62df380125e7f161f71c826f1e490c"
    integrity sha512-R0XvVJ9WusLiqTCEiGCmICCMplcCkIwwR11mOSD9CR5u+IXYdiseeEuXCVAjS54zqwkLcPNnmU4OeJ6tUrWhDw==
  
  vite@^5.0.0:
    version "5.0.0"
    resolved "https://registry.yarnpkg.com/vite/-/vite-5.0.0.tgz#3bfb65acda2a97127e4fa240156664a1f234ce08"
    integrity sha512-ESJVM59mdyGpsiNAeHQOR/0fqNoOyWPYesFto8FFZugfmhdHx8Fzd8sF3Q/xkVhZsyOxHfdM7ieiVAorI9RjFw==
    dependencies:
      esbuild "^0.19.3"
      postcss "^8.4.31"
      rollup "^4.2.0"
    optionalDependencies:
      fsevents "~2.3.3"
